DBG_INIT: meal_mutex init for philo 1
DBG_INIT: meal_mutex init for philo 2
DBG_INIT: meal_mutex init for philo 3
DBG_INIT: meal_mutex init for philo 4
DBG_INIT: meal_mutex init for philo 5
DBG: init philo[1].time_last_meal=0
DBG: init philo[2].time_last_meal=0
DBG: init philo[3].time_last_meal=0
DBG: init philo[4].time_last_meal=0
DBG: init philo[5].time_last_meal=0
1 1 has taken the right fork
1 1 has taken the left fork
1 1 is eating
DBG_EAT: id=1 time_last_meal=1
1 2 has taken the left fork
1 5 has taken the right fork
DBG: start_time=1758387628507
DBG_EAT2: id=1 meals=1
101 1 has put down the left fork
101 1 has put down the right fork
101 1 is sleeping
101 2 has taken the right fork
101 2 is eating
DBG_EAT: id=2 time_last_meal=101
101 5 has taken the left fork
101 5 is eating
DBG_EAT: id=5 time_last_meal=101
DBG_EAT2: id=5 meals=1
201 5 has put down the left fork
201 1 is thinking
201 5 has put down the right fork
201 5 is sleeping
201 1 has taken the right fork
201 4 has taken the left fork
201 4 has taken the right fork
201 4 is eating
DBG_EAT: id=4 time_last_meal=201
DBG_EAT2: id=2 meals=1
201 2 has put down the right fork
202 2 has put down the left fork
202 1 has taken the left fork
202 1 is eating
DBG_EAT: id=1 time_last_meal=202
202 2 is sleeping
202 3 has taken the right fork
301 5 is thinking
DBG_EAT2: id=4 meals=1
302 4 has put down the right fork
302 4 has put down the left fork
DBG_EAT2: id=1 meals=2
302 3 has taken the left fork
302 3 is eating
DBG_EAT: id=3 time_last_meal=302
302 1 has put down the left fork
302 1 has put down the right fork
302 1 is sleeping
302 4 is sleeping
302 5 has taken the right fork
302 5 has taken the left fork
302 5 is eating
DBG_EAT: id=5 time_last_meal=302
302 2 is thinking
2287 1 is thinking
DBG_EAT2: id=3 meals=1
2287 3 has put down the left fork
2287 3 has put down the right fork
2287 3 is sleeping
2287 4 is thinking
DBG_EAT2: id=5 meals=2
2287 5 has put down the left fork
2287 5 has put down the right fork
2287 2 has taken the left fork
2287 2 has taken the right fork
2287 2 is eating
DBG_EAT: id=2 time_last_meal=2287
2287 5 is sleeping
2287 5 has died (last meal at 302)
DBG_EAT2: id=2 meals=2
