DBG_INIT: meal_mutex init for philo 1
DBG_INIT: meal_mutex init for philo 2
DBG_INIT: meal_mutex init for philo 3
DBG_INIT: meal_mutex init for philo 4
DBG: init philo[1].time_last_meal=0
DBG: init philo[2].time_last_meal=0
DBG: init philo[3].time_last_meal=0
DBG: init philo[4].time_last_meal=0
1 1 has taken the right fork
1 1 has taken the left fork
1 1 is eating
DBG_EAT: id=1 time_last_meal=1
1 2 has taken the left fork
DBG: start_time=1758387220903
DBG_EAT2: id=1 meals=1
201 1 has put down the left fork
201 1 has put down the right fork
202 1 is sleeping
202 2 has taken the right fork
202 2 is eating
DBG_EAT: id=2 time_last_meal=202
202 4 has taken the left fork
202 4 has taken the right fork
202 4 is eating
DBG_EAT: id=4 time_last_meal=202
302 1 is thinking
DBG_EAT2: id=4 meals=1
402 4 has put down the right fork
DBG_EAT2: id=2 meals=1
402 2 has put down the right fork
402 4 has put down the left fork
402 4 is sleeping
402 2 has put down the left fork
402 2 is sleeping
403 1 has taken the right fork
403 1 has taken the left fork
403 1 is eating
DBG_EAT: id=1 time_last_meal=403
403 3 has taken the right fork
403 3 has taken the left fork
403 3 is eating
DBG_EAT: id=3 time_last_meal=403
503 2 is thinking
503 4 is thinking
DBG_EAT2: id=1 meals=2
603 1 has put down the left fork
DBG_EAT2: id=3 meals=1
603 3 has put down the left fork
603 1 has put down the right fork
603 3 has put down the right fork
603 3 is sleeping
603 1 is sleeping
603 4 has taken the left fork
603 2 has taken the left fork
603 2 has taken the right fork
603 2 is eating
DBG_EAT: id=2 time_last_meal=603
603 4 has taken the right fork
603 4 is eating
DBG_EAT: id=4 time_last_meal=603
704 3 is thinking
704 1 is thinking
DBG_EAT2: id=4 meals=2
804 4 has put down the right fork
DBG_EAT2: id=2 meals=2
804 2 has put down the right fork
804 4 has put down the left fork
804 4 is sleeping
804 2 has put down the left fork
804 2 is sleeping
804 1 has taken the right fork
804 1 has taken the left fork
804 1 is eating
DBG_EAT: id=1 time_last_meal=804
804 3 has taken the right fork
804 3 has taken the left fork
804 3 is eating
DBG_EAT: id=3 time_last_meal=804
905 2 is thinking
905 4 is thinking
DBG_EAT2: id=1 meals=3
1005 1 has put down the left fork
DBG_EAT2: id=3 meals=2
1005 3 has put down the left fork
1005 1 has put down the right fork
1005 3 has put down the right fork
1005 3 is sleeping
1005 1 is sleeping
1005 4 has taken the left fork
1005 4 has taken the right fork
1005 4 is eating
DBG_EAT: id=4 time_last_meal=1005
1005 2 has taken the left fork
1005 2 has taken the right fork
1005 2 is eating
DBG_EAT: id=2 time_last_meal=1005
1105 3 is thinking
1105 1 is thinking
DBG_EAT2: id=4 meals=3
1205 4 has put down the right fork
DBG_EAT2: id=2 meals=3
1206 2 has put down the right fork
1206 4 has put down the left fork
1206 2 has put down the left fork
1206 2 is sleeping
1206 4 is sleeping
1206 1 has taken the right fork
1206 1 has taken the left fork
1206 1 is eating
DBG_EAT: id=1 time_last_meal=1206
1206 All philosophers ate enough
DBG_EAT2: id=1 meals=4
