DBG_INIT: meal_mutex init for philo 1
DBG_INIT: meal_mutex init for philo 2
DBG_INIT: meal_mutex init for philo 3
DBG_INIT: meal_mutex init for philo 4
DBG_INIT: meal_mutex init for philo 5
DBG: init philo[1].time_last_meal=0
DBG: init philo[2].time_last_meal=0
DBG: init philo[3].time_last_meal=0
DBG: init philo[4].time_last_meal=0
DBG: init philo[5].time_last_meal=0
0 1 has taken the right fork
0 1 has taken the left fork
0 1 is eating
DBG_EAT: id=1 time_last_meal=0
0 3 has taken the right fork
0 3 has taken the left fork
0 3 is eating
DBG_EAT: id=3 time_last_meal=0
1 5 has taken the right fork
DBG: start_time=1758387864516
DBG_EAT2: id=1 meals=1
60 1 has put down the left fork
60 1 has put down the right fork
60 1 is sleeping
60 5 has taken the left fork
60 5 is eating
DBG_EAT: id=5 time_last_meal=60
DBG_EAT2: id=3 meals=1
61 3 has put down the left fork
61 3 has put down the right fork
61 3 is sleeping
61 2 has taken the left fork
61 2 has taken the right fork
61 2 is eating
DBG_EAT: id=2 time_last_meal=61
DBG_EAT2: id=5 meals=1
121 5 has put down the left fork
DBG_EAT2: id=2 meals=1
121 2 has put down the right fork
121 2 has put down the left fork
121 2 is sleeping
121 1 is thinking
121 1 has taken the right fork
121 1 has taken the left fork
121 1 is eating
DBG_EAT: id=1 time_last_meal=121
121 5 has put down the right fork
121 3 is thinking
121 4 has taken the left fork
121 4 has taken the right fork
121 4 is eating
DBG_EAT: id=4 time_last_meal=121
121 3 has taken the right fork
121 5 is sleeping
DBG_EAT2: id=1 meals=2
DBG_EAT2: id=4 meals=1
181 1 has put down the left fork
181 1 has put down the right fork
181 2 is thinking
181 5 is thinking
181 4 has put down the right fork
181 1 is sleeping
181 4 has put down the left fork
181 4 is sleeping
181 3 has taken the left fork
181 3 is eating
DBG_EAT: id=3 time_last_meal=181
181 5 has taken the right fork
181 5 has taken the left fork
181 5 is eating
DBG_EAT: id=5 time_last_meal=181
DBG_EAT2: id=3 meals=2
241 1 is thinking
242 3 has put down the left fork
DBG_EAT2: id=5 meals=2
242 4 is thinking
242 3 has put down the right fork
242 5 has put down the left fork
242 5 has put down the right fork
242 5 is sleeping
242 3 is sleeping
242 1 has taken the right fork
242 1 has taken the left fork
242 1 is eating
DBG_EAT: id=1 time_last_meal=242
242 2 has taken the left fork
242 4 has taken the left fork
242 4 has taken the right fork
242 4 is eating
DBG_EAT: id=4 time_last_meal=242
DBG_EAT2: id=1 meals=3
302 5 is thinking
DBG_EAT2: id=4 meals=2
302 4 has put down the right fork
302 3 is thinking
302 1 has put down the left fork
302 1 has put down the right fork
302 4 has put down the left fork
302 4 is sleeping
302 1 is sleeping
302 2 has taken the right fork
302 2 is eating
DBG_EAT: id=2 time_last_meal=302
302 5 has taken the right fork
302 5 has taken the left fork
302 5 is eating
DBG_EAT: id=5 time_last_meal=302
DBG_EAT2: id=5 meals=3
362 4 is thinking
362 5 has put down the left fork
362 5 has put down the right fork
362 5 is sleeping
DBG_EAT2: id=2 meals=2
362 2 has put down the right fork
362 1 is thinking
362 1 has taken the right fork
362 1 has taken the left fork
362 1 is eating
DBG_EAT: id=1 time_last_meal=362
363 2 has put down the left fork
363 2 is sleeping
363 3 has taken the right fork
363 3 has taken the left fork
363 3 is eating
DBG_EAT: id=3 time_last_meal=363
363 4 has taken the left fork
DBG_EAT2: id=1 meals=4
423 5 is thinking
423 1 has put down the left fork
423 1 has put down the right fork
423 1 is sleeping
423 2 is thinking
DBG_EAT2: id=3 meals=3
423 3 has put down the left fork
423 3 has put down the right fork
423 3 is sleeping
423 4 has taken the right fork
423 4 is eating
DBG_EAT: id=4 time_last_meal=423
423 2 has taken the left fork
423 2 has taken the right fork
423 2 is eating
DBG_EAT: id=2 time_last_meal=423
DBG_EAT2: id=2 meals=3
483 3 is thinking
483 2 has put down the right fork
483 2 has put down the left fork
483 2 is sleeping
483 3 has taken the right fork
DBG_EAT2: id=4 meals=3
483 1 is thinking
483 1 has taken the right fork
483 1 has taken the left fork
483 1 is eating
DBG_EAT: id=1 time_last_meal=483
483 4 has put down the right fork
483 4 has put down the left fork
484 4 is sleeping
484 3 has taken the left fork
484 3 is eating
DBG_EAT: id=3 time_last_meal=484
484 5 has taken the right fork
543 2 is thinking
DBG_EAT2: id=1 meals=5
543 1 has put down the left fork
543 1 has put down the right fork
543 1 is sleeping
544 5 has taken the left fork
544 5 is eating
DBG_EAT: id=5 time_last_meal=544
544 4 is thinking
DBG_EAT2: id=3 meals=4
544 3 has put down the left fork
544 3 has put down the right fork
544 2 has taken the left fork
544 2 has taken the right fork
544 2 is eating
DBG_EAT: id=2 time_last_meal=544
544 3 is sleeping
DBG_EAT2: id=5 meals=4
604 5 has put down the left fork
604 1 is thinking
604 1 has taken the right fork
604 5 has put down the right fork
604 5 is sleeping
604 4 has taken the left fork
604 4 has taken the right fork
604 4 is eating
DBG_EAT: id=4 time_last_meal=604
DBG_EAT2: id=2 meals=4
604 All philosophers ate enough
DBG_EAT2: id=4 meals=4
