DBG_INIT: meal_mutex init for philo 1
DBG_INIT: meal_mutex init for philo 2
DBG: init philo[1].time_last_meal=0
DBG: init philo[2].time_last_meal=0
0 1 has taken the right fork
0 1 has taken the left fork
0 1 is eating
DBG_EAT: id=1 time_last_meal=0
DBG: start_time=1758403133152
DBG_EAT2: id=1 meals=1
101 1 has put down the left fork
101 1 has put down the right fork
101 1 is sleeping
101 2 has taken the left fork
101 2 has taken the right fork
101 2 is eating
DBG_EAT: id=2 time_last_meal=101
DBG_EAT2: id=2 meals=1
202 2 has put down the right fork
202 2 has put down the left fork
202 2 is sleeping
302 1 is thinking
302 1 has taken the right fork
302 1 has taken the left fork
302 1 is eating
DBG_EAT: id=1 time_last_meal=302
DBG_EAT2: id=1 meals=2
405 1 has put down the left fork
405 1 has put down the right fork
405 1 is sleeping
406 2 is thinking
406 2 has taken the left fork
406 2 has taken the right fork
406 2 is eating
DBG_EAT: id=2 time_last_meal=406
DBG_EAT2: id=2 meals=2
506 2 has put down the right fork
506 2 has put down the left fork
506 2 is sleeping
609 1 is thinking
609 1 has taken the right fork
609 1 has taken the left fork
609 1 is eating
DBG_EAT: id=1 time_last_meal=609
710 2 is thinking
DBG_EAT2: id=1 meals=3
711 1 has put down the left fork
711 1 has put down the right fork
711 1 is sleeping
711 2 has taken the left fork
711 2 has taken the right fork
711 2 is eating
DBG_EAT: id=2 time_last_meal=711
DBG_EAT2: id=2 meals=3
813 2 has put down the right fork
813 2 has put down the left fork
813 2 is sleeping
914 1 is thinking
914 1 has taken the right fork
914 1 has taken the left fork
914 1 is eating
DBG_EAT: id=1 time_last_meal=914
DBG_EAT2: id=1 meals=4
1017 1 has put down the left fork
1017 1 has put down the right fork
1017 2 is thinking
1017 1 is sleeping
1017 2 has taken the left fork
1017 2 has taken the right fork
1017 2 is eating
DBG_EAT: id=2 time_last_meal=1017
DBG_EAT2: id=2 meals=4
1119 2 has put down the right fork
1119 2 has put down the left fork
1119 2 is sleeping
2115 1 has died (last meal at 914)
