DBG_INIT: meal_mutex init for philo 1
DBG_INIT: meal_mutex init for philo 2
DBG: init philo[1].time_last_meal=0
DBG: init philo[2].time_last_meal=0
0 1 has taken the right fork
0 1 has taken the left fork
0 1 is eating
DBG_EAT: id=1 time_last_meal=0
DBG: start_time=1758402998986
DBG_EAT2: id=1 meals=1
101 1 has put down the left fork
101 1 has put down the right fork
101 1 is sleeping
101 2 has taken the left fork
101 2 has taken the right fork
101 2 is eating
DBG_EAT: id=2 time_last_meal=101
DBG_EAT2: id=2 meals=1
201 2 has put down the right fork
201 2 has put down the left fork
201 2 is sleeping
301 1 is thinking
301 1 has taken the right fork
301 1 has taken the left fork
301 1 is eating
DBG_EAT: id=1 time_last_meal=301
DBG_EAT2: id=1 meals=2
401 1 has put down the left fork
401 1 has put down the right fork
401 1 is sleeping
402 2 is thinking
402 2 has taken the left fork
402 2 has taken the right fork
402 2 is eating
DBG_EAT: id=2 time_last_meal=402
DBG_EAT2: id=2 meals=2
502 2 has put down the right fork
502 2 has put down the left fork
502 2 is sleeping
601 1 is thinking
601 1 has taken the right fork
601 1 has taken the left fork
601 1 is eating
DBG_EAT: id=1 time_last_meal=601
DBG_EAT2: id=1 meals=3
701 1 has put down the left fork
701 1 has put down the right fork
701 1 is sleeping
702 2 is thinking
702 2 has taken the left fork
702 2 has taken the right fork
702 2 is eating
DBG_EAT: id=2 time_last_meal=702
DBG_EAT2: id=2 meals=3
803 2 has put down the right fork
803 2 has put down the left fork
803 2 is sleeping
902 1 is thinking
902 1 has taken the right fork
902 1 has taken the left fork
902 1 is eating
DBG_EAT: id=1 time_last_meal=902
DBG_EAT2: id=1 meals=4
1002 1 has put down the left fork
1002 1 has put down the right fork
1002 1 is sleeping
1003 2 is thinking
1003 2 has taken the left fork
1003 2 has taken the right fork
1003 2 is eating
DBG_EAT: id=2 time_last_meal=1003
DBG_EAT2: id=2 meals=4
1103 2 has put down the right fork
1103 2 has put down the left fork
1103 2 is sleeping
1203 1 is thinking
1203 1 has taken the right fork
1203 1 has taken the left fork
1203 1 is eating
DBG_EAT: id=1 time_last_meal=1203
DBG_EAT2: id=1 meals=5
1304 1 has put down the left fork
1304 1 has put down the right fork
1304 1 is sleeping
1306 2 is thinking
1306 2 has taken the left fork
1306 2 has taken the right fork
1306 2 is eating
DBG_EAT: id=2 time_last_meal=1306
DBG_EAT2: id=2 meals=5
1407 2 has put down the right fork
1407 2 has put down the left fork
1407 2 is sleeping
1505 1 is thinking
1505 1 has taken the right fork
1505 1 has taken the left fork
1505 1 is eating
DBG_EAT: id=1 time_last_meal=1505
DBG_EAT2: id=1 meals=6
1606 1 has put down the left fork
1606 1 has put down the right fork
1606 1 is sleeping
1610 2 is thinking
1610 2 has taken the left fork
1610 2 has taken the right fork
1610 2 is eating
DBG_EAT: id=2 time_last_meal=1610
DBG_EAT2: id=2 meals=6
1712 2 has put down the right fork
1712 2 has put down the left fork
1712 2 is sleeping
1809 1 is thinking
1809 1 has taken the right fork
1809 1 has taken the left fork
1809 1 is eating
DBG_EAT: id=1 time_last_meal=1809
DBG_EAT2: id=1 meals=7
1911 1 has put down the left fork
1911 1 has put down the right fork
1911 1 is sleeping
1914 2 is thinking
1915 2 has taken the left fork
1915 2 has taken the right fork
1915 2 is eating
DBG_EAT: id=2 time_last_meal=1915
DBG_EAT2: id=2 meals=7
2016 2 has put down the right fork
2016 2 has put down the left fork
2016 2 is sleeping
2113 1 is thinking
2113 1 has taken the right fork
2113 1 has taken the left fork
2113 1 is eating
DBG_EAT: id=1 time_last_meal=2113
DBG_EAT2: id=1 meals=8
2215 1 has put down the left fork
2215 1 has put down the right fork
2215 1 is sleeping
2219 2 is thinking
2219 2 has taken the left fork
2219 2 has taken the right fork
2219 2 is eating
DBG_EAT: id=2 time_last_meal=2219
DBG_EAT2: id=2 meals=8
2321 2 has put down the right fork
2321 2 has put down the left fork
2321 2 is sleeping
2417 1 is thinking
2418 1 has taken the right fork
2418 1 has taken the left fork
2418 1 is eating
DBG_EAT: id=1 time_last_meal=2418
DBG_EAT2: id=1 meals=9
2519 1 has put down the left fork
2519 1 has put down the right fork
2519 1 is sleeping
2523 2 is thinking
2523 2 has taken the left fork
2523 2 has taken the right fork
2523 2 is eating
DBG_EAT: id=2 time_last_meal=2523
DBG_EAT2: id=2 meals=9
2625 2 has put down the right fork
2625 2 has put down the left fork
2625 2 is sleeping
3632 1 has died (last meal at 2418)
