DBG_INIT: meal_mutex init for philo 1
DBG_INIT: meal_mutex init for philo 2
DBG_INIT: meal_mutex init for philo 3
DBG: init philo[1].time_last_meal=0
DBG: init philo[2].time_last_meal=0
DBG: init philo[3].time_last_meal=0
0 1 has taken the right fork
0 1 has taken the left fork
0 1 is eating
DBG_EAT: id=1 time_last_meal=0
DBG: start_time=1758386420371
0 3 has taken the right fork
DBG_EAT2: id=1 meals=1
100 1 has put down the left fork
100 1 has put down the right fork
100 1 is sleeping
100 3 has taken the left fork
100 3 is eating
DBG_EAT: id=3 time_last_meal=100
200 1 is thinking
DBG_EAT2: id=3 meals=1
200 3 has put down the left fork
200 1 has taken the right fork
200 1 has taken the left fork
200 1 is eating
DBG_EAT: id=1 time_last_meal=200
200 3 has put down the right fork
200 3 is sleeping
200 2 has taken the left fork
DBG_EAT2: id=1 meals=2
300 1 has put down the left fork
300 1 has put down the right fork
300 3 is thinking
300 2 has taken the right fork
300 1 is sleeping
300 2 is eating
DBG_EAT: id=2 time_last_meal=300
DBG_EAT2: id=2 meals=1
400 2 has put down the right fork
400 1 is thinking
400 1 has taken the right fork
400 1 has taken the left fork
400 1 is eating
DBG_EAT: id=1 time_last_meal=400
400 2 has put down the left fork
400 2 is sleeping
400 3 has taken the right fork
500 2 is thinking
DBG_EAT2: id=1 meals=3
500 1 has put down the left fork
500 1 has put down the right fork
500 3 has taken the left fork
500 3 is eating
DBG_EAT: id=3 time_last_meal=500
500 1 is sleeping
DBG_EAT2: id=3 meals=2
601 3 has put down the left fork
601 1 is thinking
601 1 has taken the right fork
601 1 has taken the left fork
601 1 is eating
DBG_EAT: id=1 time_last_meal=601
601 3 has put down the right fork
601 3 is sleeping
601 2 has taken the left fork
DBG_EAT2: id=1 meals=4
701 3 is thinking
701 1 has put down the left fork
701 1 has put down the right fork
701 1 is sleeping
701 2 has taken the right fork
701 2 is eating
DBG_EAT: id=2 time_last_meal=701
DBG_EAT2: id=2 meals=2
801 2 has put down the right fork
801 1 is thinking
801 1 has taken the right fork
801 1 has taken the left fork
801 1 is eating
DBG_EAT: id=1 time_last_meal=801
801 2 has put down the left fork
801 2 is sleeping
801 3 has taken the right fork
DBG_EAT2: id=1 meals=5
901 1 has put down the left fork
901 2 is thinking
901 1 has put down the right fork
901 1 is sleeping
901 3 has taken the left fork
901 3 is eating
DBG_EAT: id=3 time_last_meal=901
DBG_EAT2: id=3 meals=3
1001 3 has put down the left fork
1001 1 is thinking
1001 1 has taken the right fork
1001 1 has taken the left fork
1001 1 is eating
DBG_EAT: id=1 time_last_meal=1001
1001 3 has put down the right fork
1001 3 is sleeping
1001 2 has taken the left fork
DBG_EAT2: id=1 meals=6
1101 3 is thinking
1101 1 has put down the left fork
1101 1 has put down the right fork
1101 1 is sleeping
1101 2 has taken the right fork
1101 2 is eating
DBG_EAT: id=2 time_last_meal=1101
1201 1 is thinking
1201 1 has taken the right fork
DBG_EAT2: id=2 meals=3
1202 2 has put down the right fork
1202 2 has put down the left fork
1202 2 is sleeping
1202 3 has taken the right fork
1202 1 has taken the left fork
1202 1 is eating
DBG_EAT: id=1 time_last_meal=1202
1202 All philosophers ate enough
DBG_EAT2: id=1 meals=7
