DBG_INIT: meal_mutex init for philo 1
DBG_INIT: meal_mutex init for philo 2
DBG_INIT: meal_mutex init for philo 3
DBG_INIT: meal_mutex init for philo 4
DBG: init philo[1].time_last_meal=0
DBG: init philo[2].time_last_meal=0
DBG: init philo[3].time_last_meal=0
DBG: init philo[4].time_last_meal=0
1 1 has taken the right fork
1 1 has taken the left fork
1 1 is eating
DBG_EAT: id=1 time_last_meal=1
1 3 has taken the right fork
1 3 has taken the left fork
1 3 is eating
DBG_EAT: id=3 time_last_meal=1
DBG: start_time=1758387016919
DBG_EAT2: id=1 meals=1
61 1 has put down the left fork
61 1 has put down the right fork
61 1 is sleeping
DBG_EAT2: id=3 meals=1
61 3 has put down the left fork
61 4 has taken the left fork
61 4 has taken the right fork
61 4 is eating
DBG_EAT: id=4 time_last_meal=61
61 3 has put down the right fork
61 3 is sleeping
61 2 has taken the left fork
61 2 has taken the right fork
61 2 is eating
DBG_EAT: id=2 time_last_meal=61
121 1 is thinking
121 3 is thinking
DBG_EAT2: id=4 meals=1
121 4 has put down the right fork
DBG_EAT2: id=2 meals=1
121 2 has put down the right fork
121 4 has put down the left fork
121 2 has put down the left fork
121 2 is sleeping
121 1 has taken the right fork
122 3 has taken the right fork
122 3 has taken the left fork
122 3 is eating
DBG_EAT: id=3 time_last_meal=122
122 1 has taken the left fork
122 1 is eating
DBG_EAT: id=1 time_last_meal=122
122 4 is sleeping
DBG_EAT2: id=1 meals=2
182 1 has put down the left fork
182 1 has put down the right fork
DBG_EAT2: id=3 meals=2
182 4 is thinking
182 1 is sleeping
182 3 has put down the left fork
182 3 has put down the right fork
182 3 is sleeping
182 2 is thinking
182 4 has taken the left fork
182 4 has taken the right fork
182 4 is eating
DBG_EAT: id=4 time_last_meal=182
182 2 has taken the left fork
182 2 has taken the right fork
182 2 is eating
DBG_EAT: id=2 time_last_meal=182
242 1 is thinking
242 3 is thinking
DBG_EAT2: id=4 meals=2
242 4 has put down the right fork
242 4 has put down the left fork
242 4 is sleeping
DBG_EAT2: id=2 meals=2
242 2 has put down the right fork
242 1 has taken the right fork
242 1 has taken the left fork
242 1 is eating
DBG_EAT: id=1 time_last_meal=242
242 2 has put down the left fork
242 2 is sleeping
242 3 has taken the right fork
242 3 has taken the left fork
242 3 is eating
DBG_EAT: id=3 time_last_meal=242
DBG_EAT2: id=1 meals=3
303 2 is thinking
303 1 has put down the left fork
303 1 has put down the right fork
303 1 is sleeping
DBG_EAT2: id=3 meals=3
303 3 has put down the left fork
303 3 has put down the right fork
303 4 is thinking
303 3 is sleeping
303 2 has taken the left fork
303 4 has taken the left fork
303 4 has taken the right fork
303 4 is eating
DBG_EAT: id=4 time_last_meal=303
303 2 has taken the right fork
303 2 is eating
DBG_EAT: id=2 time_last_meal=303
DBG_EAT2: id=4 meals=3
363 4 has put down the right fork
363 4 has put down the left fork
363 4 is sleeping
363 1 is thinking
363 3 is thinking
363 1 has taken the right fork
DBG_EAT2: id=2 meals=3
363 2 has put down the right fork
363 2 has put down the left fork
363 1 has taken the left fork
363 1 is eating
DBG_EAT: id=1 time_last_meal=363
363 2 is sleeping
363 3 has taken the right fork
363 3 has taken the left fork
363 3 is eating
DBG_EAT: id=3 time_last_meal=363
423 4 is thinking
423 2 is thinking
DBG_EAT2: id=1 meals=4
423 1 has put down the left fork
423 1 has put down the right fork
423 1 is sleeping
DBG_EAT2: id=3 meals=4
423 3 has put down the left fork
423 3 has put down the right fork
423 3 is sleeping
423 4 has taken the left fork
423 4 has taken the right fork
423 4 is eating
DBG_EAT: id=4 time_last_meal=423
423 2 has taken the left fork
423 2 has taken the right fork
423 2 is eating
DBG_EAT: id=2 time_last_meal=423
484 3 is thinking
DBG_EAT2: id=4 meals=4
484 1 is thinking
484 4 has put down the right fork
DBG_EAT2: id=2 meals=4
484 2 has put down the right fork
484 4 has put down the left fork
484 4 is sleeping
484 2 has put down the left fork
484 2 is sleeping
484 1 has taken the right fork
484 1 has taken the left fork
484 1 is eating
DBG_EAT: id=1 time_last_meal=484
484 3 has taken the right fork
484 3 has taken the left fork
484 3 is eating
DBG_EAT: id=3 time_last_meal=484
544 4 is thinking
544 2 is thinking
DBG_EAT2: id=3 meals=5
544 3 has put down the left fork
DBG_EAT2: id=1 meals=5
544 1 has put down the left fork
544 3 has put down the right fork
544 3 is sleeping
544 1 has put down the right fork
544 4 has taken the left fork
544 4 has taken the right fork
544 4 is eating
DBG_EAT: id=4 time_last_meal=544
544 1 is sleeping
544 2 has taken the left fork
544 2 has taken the right fork
544 2 is eating
DBG_EAT: id=2 time_last_meal=544
604 3 is thinking
604 1 is thinking
DBG_EAT2: id=2 meals=5
604 2 has put down the right fork
DBG_EAT2: id=4 meals=5
604 4 has put down the right fork
604 2 has put down the left fork
604 4 has put down the left fork
604 4 is sleeping
604 3 has taken the right fork
604 3 has taken the left fork
604 3 is eating
DBG_EAT: id=3 time_last_meal=604
604 2 is sleeping
604 1 has taken the right fork
604 1 has taken the left fork
604 1 is eating
DBG_EAT: id=1 time_last_meal=604
DBG_EAT2: id=1 meals=6
665 2 is thinking
665 1 has put down the left fork
665 1 has put down the right fork
665 1 is sleeping
DBG_EAT2: id=3 meals=6
665 3 has put down the left fork
665 3 has put down the right fork
665 4 is thinking
665 3 is sleeping
665 All philosophers ate enough
