DBG_INIT: meal_mutex init for philo 1
DBG_INIT: meal_mutex init for philo 2
DBG_INIT: meal_mutex init for philo 3
DBG: init philo[1].time_last_meal=0
DBG: init philo[2].time_last_meal=0
DBG: init philo[3].time_last_meal=0
0 1 has taken the right fork
0 1 has taken the left fork
0 1 is eating
DBG_EAT: id=1 time_last_meal=0
0 3 has taken the right fork
DBG: start_time=1758386569186
DBG_EAT2: id=1 meals=1
100 1 has put down the left fork
100 1 has put down the right fork
100 1 is sleeping
100 3 has taken the left fork
100 3 is eating
DBG_EAT: id=3 time_last_meal=100
160 1 is thinking
DBG_EAT2: id=3 meals=1
200 3 has put down the left fork
200 3 has put down the right fork
200 1 has taken the right fork
200 1 has taken the left fork
200 1 is eating
DBG_EAT: id=1 time_last_meal=200
200 3 is sleeping
200 2 has taken the left fork
260 3 is thinking
DBG_EAT2: id=1 meals=2
300 1 has put down the left fork
300 1 has put down the right fork
301 1 is sleeping
301 2 has taken the right fork
301 2 is eating
DBG_EAT: id=2 time_last_meal=301
361 1 is thinking
361 1 has taken the right fork
DBG_EAT2: id=2 meals=1
401 2 has put down the right fork
401 2 has put down the left fork
401 1 has taken the left fork
401 1 is eating
DBG_EAT: id=1 time_last_meal=401
401 2 is sleeping
401 3 has taken the right fork
461 2 is thinking
DBG_EAT2: id=1 meals=3
501 1 has put down the left fork
501 1 has put down the right fork
501 1 is sleeping
501 3 has taken the left fork
501 3 is eating
DBG_EAT: id=3 time_last_meal=501
561 1 is thinking
DBG_EAT2: id=3 meals=2
601 3 has put down the left fork
601 3 has put down the right fork
601 3 is sleeping
601 2 has taken the left fork
601 2 has taken the right fork
601 2 is eating
DBG_EAT: id=2 time_last_meal=601
601 1 has taken the right fork
661 3 is thinking
DBG_EAT2: id=2 meals=2
701 2 has put down the right fork
701 2 has put down the left fork
701 1 has taken the left fork
701 2 is sleeping
701 1 is eating
DBG_EAT: id=1 time_last_meal=701
701 3 has taken the right fork
761 2 is thinking
DBG_EAT2: id=1 meals=4
801 1 has put down the left fork
801 1 has put down the right fork
801 1 is sleeping
801 3 has taken the left fork
801 3 is eating
DBG_EAT: id=3 time_last_meal=801
861 1 is thinking
DBG_EAT2: id=3 meals=3
902 3 has put down the left fork
902 3 has put down the right fork
902 1 has taken the right fork
902 1 has taken the left fork
902 1 is eating
DBG_EAT: id=1 time_last_meal=902
902 3 is sleeping
902 2 has taken the left fork
962 3 is thinking
DBG_EAT2: id=1 meals=5
1002 1 has put down the left fork
1002 1 has put down the right fork
1002 1 is sleeping
1002 2 has taken the right fork
1002 2 is eating
DBG_EAT: id=2 time_last_meal=1002
1062 1 is thinking
1062 1 has taken the right fork
DBG_EAT2: id=2 meals=3
1102 2 has put down the right fork
1102 2 has put down the left fork
1102 1 has taken the left fork
1102 1 is eating
DBG_EAT: id=1 time_last_meal=1102
1102 2 is sleeping
1102 3 has taken the right fork
1162 2 is thinking
DBG_EAT2: id=1 meals=6
1202 1 has put down the left fork
1202 1 has put down the right fork
1202 1 is sleeping
1202 3 has taken the left fork
1202 3 is eating
DBG_EAT: id=3 time_last_meal=1202
1262 1 is thinking
DBG_EAT2: id=3 meals=4
1302 3 has put down the left fork
1302 3 has put down the right fork
1302 1 has taken the right fork
1302 1 has taken the left fork
1302 1 is eating
DBG_EAT: id=1 time_last_meal=1302
1302 3 is sleeping
1302 2 has taken the left fork
3255 3 is thinking
DBG_EAT2: id=1 meals=7
3296 1 has put down the left fork
3296 1 has put down the right fork
3296 1 is sleeping
3296 2 has taken the right fork
3296 2 is eating
DBG_EAT: id=2 time_last_meal=3296
3296 1 has died (last meal at 1302)
DBG_EAT2: id=2 meals=4
