DBG_INIT: meal_mutex init for philo 1
DBG_INIT: meal_mutex init for philo 2
DBG: init philo[1].time_last_meal=0
DBG: init philo[2].time_last_meal=0
1 1 has taken the right fork
1 1 has taken the left fork
1 1 is eating
DBG_EAT: id=1 time_last_meal=1
DBG: start_time=1758403098138
DBG_EAT2: id=1 meals=1
61 1 has put down the left fork
61 1 has put down the right fork
61 1 is sleeping
61 2 has taken the left fork
61 2 has taken the right fork
61 2 is eating
DBG_EAT: id=2 time_last_meal=61
121 1 is thinking
DBG_EAT2: id=2 meals=1
122 2 has put down the right fork
122 2 has put down the left fork
122 1 has taken the right fork
122 1 has taken the left fork
122 1 is eating
DBG_EAT: id=1 time_last_meal=122
122 2 is sleeping
182 2 is thinking
DBG_EAT2: id=1 meals=2
182 1 has put down the left fork
182 1 has put down the right fork
182 2 has taken the left fork
182 2 has taken the right fork
182 2 is eating
DBG_EAT: id=2 time_last_meal=182
182 1 is sleeping
DBG_EAT2: id=2 meals=2
243 2 has put down the right fork
243 2 has put down the left fork
243 1 is thinking
243 1 has taken the right fork
243 1 has taken the left fork
243 1 is eating
DBG_EAT: id=1 time_last_meal=243
243 2 is sleeping
303 2 is thinking
DBG_EAT2: id=1 meals=3
303 1 has put down the left fork
303 1 has put down the right fork
303 1 is sleeping
303 2 has taken the left fork
303 2 has taken the right fork
303 2 is eating
DBG_EAT: id=2 time_last_meal=303
363 1 is thinking
DBG_EAT2: id=2 meals=3
363 2 has put down the right fork
363 2 has put down the left fork
363 2 is sleeping
363 1 has taken the right fork
363 1 has taken the left fork
363 1 is eating
DBG_EAT: id=1 time_last_meal=363
DBG_EAT2: id=1 meals=4
424 1 has put down the left fork
424 1 has put down the right fork
424 2 is thinking
424 1 is sleeping
424 2 has taken the left fork
424 2 has taken the right fork
424 2 is eating
DBG_EAT: id=2 time_last_meal=424
484 1 is thinking
DBG_EAT2: id=2 meals=4
484 2 has put down the right fork
484 2 has put down the left fork
484 2 is sleeping
485 1 has taken the right fork
485 1 has taken the left fork
485 1 is eating
DBG_EAT: id=1 time_last_meal=485
DBG_EAT2: id=1 meals=5
545 1 has put down the left fork
545 1 has put down the right fork
545 2 is thinking
545 1 is sleeping
545 2 has taken the left fork
545 2 has taken the right fork
545 2 is eating
DBG_EAT: id=2 time_last_meal=545
605 1 is thinking
DBG_EAT2: id=2 meals=5
605 2 has put down the right fork
606 2 has put down the left fork
606 1 has taken the right fork
606 1 has taken the left fork
606 1 is eating
DBG_EAT: id=1 time_last_meal=606
606 2 is sleeping
DBG_EAT2: id=1 meals=6
666 1 has put down the left fork
666 1 has put down the right fork
666 2 is thinking
666 1 is sleeping
666 2 has taken the left fork
666 2 has taken the right fork
666 2 is eating
DBG_EAT: id=2 time_last_meal=666
DBG_EAT2: id=2 meals=6
727 2 has put down the right fork
727 2 has put down the left fork
727 1 is thinking
727 1 has taken the right fork
727 1 has taken the left fork
727 1 is eating
DBG_EAT: id=1 time_last_meal=727
727 2 is sleeping
DBG_EAT2: id=1 meals=7
787 1 has put down the left fork
787 1 has put down the right fork
787 2 is thinking
787 1 is sleeping
787 2 has taken the left fork
787 2 has taken the right fork
787 2 is eating
DBG_EAT: id=2 time_last_meal=787
847 1 is thinking
DBG_EAT2: id=2 meals=7
847 2 has put down the right fork
847 2 has put down the left fork
847 1 has taken the right fork
847 1 has taken the left fork
847 1 is eating
DBG_EAT: id=1 time_last_meal=847
847 2 is sleeping
908 2 is thinking
DBG_EAT2: id=1 meals=8
908 1 has put down the left fork
908 1 has put down the right fork
908 1 is sleeping
908 2 has taken the left fork
908 2 has taken the right fork
908 2 is eating
DBG_EAT: id=2 time_last_meal=908
969 1 is thinking
DBG_EAT2: id=2 meals=8
969 2 has put down the right fork
969 2 has put down the left fork
969 2 is sleeping
969 1 has taken the right fork
969 1 has taken the left fork
969 1 is eating
DBG_EAT: id=1 time_last_meal=969
DBG_EAT2: id=1 meals=9
1031 1 has put down the left fork
1031 1 has put down the right fork
1031 1 is sleeping
1031 2 is thinking
1031 2 has taken the left fork
1031 2 has taken the right fork
1031 2 is eating
DBG_EAT: id=2 time_last_meal=1031
DBG_EAT2: id=2 meals=9
1092 2 has put down the right fork
1092 2 has put down the left fork
1092 1 is thinking
1092 1 has taken the right fork
1092 1 has taken the left fork
1092 1 is eating
DBG_EAT: id=1 time_last_meal=1092
1093 2 is sleeping
DBG_EAT2: id=1 meals=10
1154 1 has put down the left fork
1154 1 has put down the right fork
1154 2 is thinking
1154 1 is sleeping
1154 2 has taken the left fork
1154 2 has taken the right fork
1154 2 is eating
DBG_EAT: id=2 time_last_meal=1154
DBG_EAT2: id=2 meals=10
1216 2 has put down the right fork
1216 2 has put down the left fork
1216 1 is thinking
1216 1 has taken the right fork
1216 1 has taken the left fork
1216 1 is eating
DBG_EAT: id=1 time_last_meal=1216
1216 2 is sleeping
DBG_EAT2: id=1 meals=11
1277 1 has put down the left fork
1277 1 has put down the right fork
1277 2 is thinking
1277 1 is sleeping
1277 2 has taken the left fork
1277 2 has taken the right fork
1277 2 is eating
DBG_EAT: id=2 time_last_meal=1277
DBG_EAT2: id=2 meals=11
1338 2 has put down the right fork
1338 2 has put down the left fork
1338 1 is thinking
1338 1 has taken the right fork
1338 1 has taken the left fork
1338 1 is eating
DBG_EAT: id=1 time_last_meal=1338
1339 2 is sleeping
DBG_EAT2: id=1 meals=12
1400 1 has put down the left fork
1400 1 has put down the right fork
1400 2 is thinking
1400 1 is sleeping
1400 2 has taken the left fork
1400 2 has taken the right fork
1400 2 is eating
DBG_EAT: id=2 time_last_meal=1400
1461 1 is thinking
DBG_EAT2: id=2 meals=12
1461 2 has put down the right fork
1461 2 has put down the left fork
1461 1 has taken the right fork
1461 1 has taken the left fork
1461 1 is eating
DBG_EAT: id=1 time_last_meal=1461
1461 2 is sleeping
DBG_EAT2: id=1 meals=13
1522 1 has put down the left fork
1522 1 has put down the right fork
1523 1 is sleeping
1523 2 is thinking
1523 2 has taken the left fork
1523 2 has taken the right fork
1523 2 is eating
DBG_EAT: id=2 time_last_meal=1523
1584 1 is thinking
DBG_EAT2: id=2 meals=13
1584 2 has put down the right fork
1584 2 has put down the left fork
1584 2 is sleeping
1584 1 has taken the right fork
1584 1 has taken the left fork
1584 1 is eating
DBG_EAT: id=1 time_last_meal=1584
1646 2 is thinking
DBG_EAT2: id=1 meals=14
1646 1 has put down the left fork
1646 1 has put down the right fork
1646 1 is sleeping
1646 2 has taken the left fork
1646 2 has taken the right fork
1646 2 is eating
DBG_EAT: id=2 time_last_meal=1646
DBG_EAT2: id=2 meals=14
1707 2 has put down the right fork
1707 2 has put down the left fork
1707 1 is thinking
1707 1 has taken the right fork
1707 1 has taken the left fork
1707 1 is eating
DBG_EAT: id=1 time_last_meal=1707
1707 2 is sleeping
DBG_EAT2: id=1 meals=15
1769 1 has put down the left fork
1769 1 has put down the right fork
1769 2 is thinking
1769 1 is sleeping
1769 2 has taken the left fork
1769 2 has taken the right fork
1769 2 is eating
DBG_EAT: id=2 time_last_meal=1769
1830 1 is thinking
DBG_EAT2: id=2 meals=15
1830 2 has put down the right fork
1830 2 has put down the left fork
1830 1 has taken the right fork
1830 1 has taken the left fork
1830 1 is eating
DBG_EAT: id=1 time_last_meal=1830
1830 2 is sleeping
DBG_EAT2: id=1 meals=16
1892 1 has put down the left fork
1892 1 has put down the right fork
1892 2 is thinking
1892 1 is sleeping
1892 2 has taken the left fork
1892 2 has taken the right fork
1892 2 is eating
DBG_EAT: id=2 time_last_meal=1892
DBG_EAT2: id=2 meals=16
1953 2 has put down the right fork
1953 2 has put down the left fork
1953 1 is thinking
1953 1 has taken the right fork
1953 1 has taken the left fork
1953 1 is eating
DBG_EAT: id=1 time_last_meal=1953
1953 2 is sleeping
DBG_EAT2: id=1 meals=17
2014 1 has put down the left fork
2014 1 has put down the right fork
2014 1 is sleeping
2015 2 is thinking
2015 2 has taken the left fork
2015 2 has taken the right fork
2015 2 is eating
DBG_EAT: id=2 time_last_meal=2015
2075 1 is thinking
DBG_EAT2: id=2 meals=17
2076 2 has put down the right fork
2076 2 has put down the left fork
2076 2 is sleeping
2076 1 has taken the right fork
2076 1 has taken the left fork
2076 1 is eating
DBG_EAT: id=1 time_last_meal=2076
2137 2 is thinking
DBG_EAT2: id=1 meals=18
2137 1 has put down the left fork
2137 1 has put down the right fork
2137 1 is sleeping
2137 2 has taken the left fork
2137 2 has taken the right fork
2137 2 is eating
DBG_EAT: id=2 time_last_meal=2137
DBG_EAT2: id=2 meals=18
2198 2 has put down the right fork
2198 2 has put down the left fork
2198 1 is thinking
2198 1 has taken the right fork
2198 1 has taken the left fork
2198 1 is eating
DBG_EAT: id=1 time_last_meal=2198
2198 2 is sleeping
DBG_EAT2: id=1 meals=19
2260 1 has put down the left fork
2260 1 has put down the right fork
2260 2 is thinking
2260 1 is sleeping
2260 2 has taken the left fork
2260 2 has taken the right fork
2260 2 is eating
DBG_EAT: id=2 time_last_meal=2260
DBG_EAT2: id=2 meals=19
2320 2 has put down the right fork
2320 2 has put down the left fork
2321 2 is sleeping
2321 1 is thinking
2321 1 has taken the right fork
2321 1 has taken the left fork
2321 1 is eating
DBG_EAT: id=1 time_last_meal=2321
2382 2 is thinking
DBG_EAT2: id=1 meals=20
2382 1 has put down the left fork
2382 1 has put down the right fork
2382 2 has taken the left fork
2382 2 has taken the right fork
2382 2 is eating
DBG_EAT: id=2 time_last_meal=2382
2382 1 is sleeping
DBG_EAT2: id=2 meals=20
2444 2 has put down the right fork
2444 2 has put down the left fork
2444 1 is thinking
2444 1 has taken the right fork
2444 1 has taken the left fork
2444 1 is eating
DBG_EAT: id=1 time_last_meal=2444
2444 2 is sleeping
DBG_EAT2: id=1 meals=21
2505 1 has put down the left fork
2505 1 has put down the right fork
2505 2 is thinking
2505 1 is sleeping
2505 2 has taken the left fork
2505 2 has taken the right fork
2505 2 is eating
DBG_EAT: id=2 time_last_meal=2505
2566 1 is thinking
DBG_EAT2: id=2 meals=21
2566 2 has put down the right fork
2567 2 has put down the left fork
2567 2 is sleeping
2567 1 has taken the right fork
2567 1 has taken the left fork
2567 1 is eating
DBG_EAT: id=1 time_last_meal=2567
DBG_EAT2: id=1 meals=22
2628 1 has put down the left fork
2628 1 has put down the right fork
2628 2 is thinking
2628 1 is sleeping
2628 2 has taken the left fork
2628 2 has taken the right fork
2628 2 is eating
DBG_EAT: id=2 time_last_meal=2628
DBG_EAT2: id=2 meals=22
2690 2 has put down the right fork
2690 2 has put down the left fork
2690 1 is thinking
2690 1 has taken the right fork
2690 1 has taken the left fork
2690 1 is eating
DBG_EAT: id=1 time_last_meal=2690
2690 2 is sleeping
DBG_EAT2: id=1 meals=23
2751 1 has put down the left fork
2751 1 has put down the right fork
2751 2 is thinking
2751 1 is sleeping
2751 2 has taken the left fork
2751 2 has taken the right fork
2751 2 is eating
DBG_EAT: id=2 time_last_meal=2751
2812 1 is thinking
DBG_EAT2: id=2 meals=23
2812 2 has put down the right fork
2812 2 has put down the left fork
2812 2 is sleeping
2813 1 has taken the right fork
2813 1 has taken the left fork
2813 1 is eating
DBG_EAT: id=1 time_last_meal=2813
DBG_EAT2: id=1 meals=24
2874 1 has put down the left fork
2874 1 has put down the right fork
2874 2 is thinking
2874 1 is sleeping
2874 2 has taken the left fork
2874 2 has taken the right fork
2874 2 is eating
DBG_EAT: id=2 time_last_meal=2874
DBG_EAT2: id=2 meals=24
2936 2 has put down the right fork
2936 2 has put down the left fork
2936 1 is thinking
2936 1 has taken the right fork
2936 1 has taken the left fork
2936 1 is eating
DBG_EAT: id=1 time_last_meal=2936
2936 2 is sleeping
DBG_EAT2: id=1 meals=25
2997 1 has put down the left fork
2997 1 has put down the right fork
2997 2 is thinking
2997 1 is sleeping
2997 2 has taken the left fork
2997 2 has taken the right fork
2997 2 is eating
DBG_EAT: id=2 time_last_meal=2997
3058 1 is thinking
DBG_EAT2: id=2 meals=25
3059 2 has put down the right fork
3059 2 has put down the left fork
3059 2 is sleeping
3059 1 has taken the right fork
3059 1 has taken the left fork
3059 1 is eating
DBG_EAT: id=1 time_last_meal=3059
DBG_EAT2: id=1 meals=26
4030 1 has put down the left fork
4030 1 has put down the right fork
4030 2 is thinking
4030 1 is sleeping
4030 2 has taken the left fork
4030 2 has taken the right fork
4030 2 is eating
DBG_EAT: id=2 time_last_meal=4030
4030 1 has died (last meal at 3059)
DBG_EAT2: id=2 meals=26
