DBG_INIT: meal_mutex init for philo 1
DBG_INIT: meal_mutex init for philo 2
DBG_INIT: meal_mutex init for philo 3
DBG_INIT: meal_mutex init for philo 4
DBG: init philo[1].time_last_meal=0
DBG: init philo[2].time_last_meal=0
DBG: init philo[3].time_last_meal=0
DBG: init philo[4].time_last_meal=0
1 1 has taken the right fork
1 1 has taken the left fork
1 1 is eating
DBG_EAT: id=1 time_last_meal=1
1 3 has taken the right fork
1 3 has taken the left fork
1 3 is eating
DBG_EAT: id=3 time_last_meal=1
DBG: start_time=1758387005741
DBG_EAT2: id=1 meals=1
201 1 has put down the left fork
201 1 has put down the right fork
201 4 has taken the left fork
201 1 is sleeping
DBG_EAT2: id=3 meals=1
202 3 has put down the left fork
202 3 has put down the right fork
202 3 is sleeping
202 4 has taken the right fork
202 4 is eating
DBG_EAT: id=4 time_last_meal=202
202 2 has taken the left fork
202 2 has taken the right fork
202 2 is eating
DBG_EAT: id=2 time_last_meal=202
302 1 is thinking
302 3 is thinking
DBG_EAT2: id=4 meals=1
402 4 has put down the right fork
402 4 has put down the left fork
402 4 is sleeping
402 1 has taken the right fork
DBG_EAT2: id=2 meals=1
402 2 has put down the right fork
402 2 has put down the left fork
402 2 is sleeping
402 1 has taken the left fork
402 1 is eating
DBG_EAT: id=1 time_last_meal=402
402 3 has taken the right fork
402 3 has taken the left fork
402 3 is eating
DBG_EAT: id=3 time_last_meal=402
502 4 is thinking
502 2 is thinking
DBG_EAT2: id=3 meals=2
603 3 has put down the left fork
DBG_EAT2: id=1 meals=2
603 1 has put down the left fork
603 3 has put down the right fork
603 3 is sleeping
603 1 has put down the right fork
603 1 is sleeping
603 2 has taken the left fork
603 2 has taken the right fork
603 2 is eating
DBG_EAT: id=2 time_last_meal=603
603 4 has taken the left fork
603 4 has taken the right fork
603 4 is eating
DBG_EAT: id=4 time_last_meal=603
703 1 is thinking
703 3 is thinking
DBG_EAT2: id=4 meals=2
803 4 has put down the right fork
DBG_EAT2: id=2 meals=2
803 2 has put down the right fork
803 4 has put down the left fork
803 4 is sleeping
803 2 has put down the left fork
803 2 is sleeping
803 3 has died (last meal at 402)
