DBG_INIT: meal_mutex init for philo 1
DBG_INIT: meal_mutex init for philo 2
DBG_INIT: meal_mutex init for philo 3
DBG_INIT: meal_mutex init for philo 4
DBG: init philo[1].time_last_meal=0
DBG: init philo[2].time_last_meal=0
DBG: init philo[3].time_last_meal=0
DBG: init philo[4].time_last_meal=0
0 1 has taken the right fork
0 1 has taken the left fork
0 1 is eating
DBG_EAT: id=1 time_last_meal=0
0 3 has taken the right fork
0 3 has taken the left fork
0 3 is eating
DBG_EAT: id=3 time_last_meal=0
DBG: start_time=1758387081646
DBG_EAT2: id=1 meals=1
200 1 has put down the left fork
200 1 has put down the right fork
200 1 is sleeping
200 4 has taken the left fork
DBG_EAT2: id=3 meals=1
201 3 has put down the left fork
201 3 has put down the right fork
201 4 has taken the right fork
201 4 is eating
DBG_EAT: id=4 time_last_meal=201
201 3 is sleeping
201 2 has taken the left fork
201 2 has taken the right fork
201 2 is eating
DBG_EAT: id=2 time_last_meal=201
401 1 is thinking
401 3 is thinking
DBG_EAT2: id=4 meals=1
401 4 has put down the right fork
401 4 has put down the left fork
DBG_EAT2: id=2 meals=1
401 2 has put down the right fork
401 1 has taken the right fork
401 1 has taken the left fork
401 1 is eating
DBG_EAT: id=1 time_last_meal=401
401 4 is sleeping
401 2 has put down the left fork
401 2 is sleeping
401 3 has taken the right fork
401 3 has taken the left fork
401 3 is eating
DBG_EAT: id=3 time_last_meal=401
601 2 is thinking
DBG_EAT2: id=1 meals=2
601 1 has put down the left fork
601 1 has put down the right fork
601 4 is thinking
DBG_EAT2: id=3 meals=2
601 3 has put down the left fork
601 3 has put down the right fork
601 3 is sleeping
601 1 is sleeping
601 2 has taken the left fork
601 2 has taken the right fork
601 2 is eating
DBG_EAT: id=2 time_last_meal=601
602 4 has taken the left fork
602 4 has taken the right fork
602 4 is eating
DBG_EAT: id=4 time_last_meal=602
2687 3 is thinking
2687 1 is thinking
DBG_EAT2: id=2 meals=2
2687 2 has put down the right fork
2687 2 has put down the left fork
DBG_EAT2: id=4 meals=2
2687 4 has put down the right fork
2687 3 has taken the right fork
2687 3 has taken the left fork
2687 3 is eating
DBG_EAT: id=3 time_last_meal=2687
2687 4 has put down the left fork
2687 4 is sleeping
2687 2 is sleeping
2687 2 has died (last meal at 601)
DBG_EAT2: id=3 meals=3
