DBG_INIT: meal_mutex init for philo 1
DBG_INIT: meal_mutex init for philo 2
DBG_INIT: meal_mutex init for philo 3
DBG_INIT: meal_mutex init for philo 4
DBG: init philo[1].time_last_meal=0
DBG: init philo[2].time_last_meal=0
DBG: init philo[3].time_last_meal=0
DBG: init philo[4].time_last_meal=0
0 1 has taken the right fork
0 1 has taken the left fork
0 1 is eating
DBG_EAT: id=1 time_last_meal=0
1 3 has taken the right fork
1 3 has taken the left fork
1 3 is eating
DBG_EAT: id=3 time_last_meal=1
DBG: start_time=1758386978822
DBG_EAT2: id=1 meals=1
101 1 has put down the left fork
101 1 has put down the right fork
101 1 is sleeping
101 4 has taken the left fork
DBG_EAT2: id=3 meals=1
101 3 has put down the left fork
101 3 has put down the right fork
101 2 has taken the left fork
101 4 has taken the right fork
101 4 is eating
DBG_EAT: id=4 time_last_meal=101
101 2 has taken the right fork
101 2 is eating
DBG_EAT: id=2 time_last_meal=101
101 3 is sleeping
161 1 is thinking
161 3 is thinking
DBG_EAT2: id=2 meals=1
201 2 has put down the right fork
DBG_EAT2: id=4 meals=1
201 4 has put down the right fork
201 2 has put down the left fork
201 2 is sleeping
201 4 has put down the left fork
201 4 is sleeping
201 3 has taken the right fork
201 3 has taken the left fork
201 3 is eating
DBG_EAT: id=3 time_last_meal=201
202 1 has taken the right fork
202 1 has taken the left fork
202 1 is eating
DBG_EAT: id=1 time_last_meal=202
262 2 is thinking
262 4 is thinking
DBG_EAT2: id=3 meals=2
302 3 has put down the left fork
DBG_EAT2: id=1 meals=2
302 1 has put down the left fork
302 3 has put down the right fork
302 3 is sleeping
302 1 has put down the right fork
302 1 is sleeping
302 2 has taken the left fork
302 2 has taken the right fork
302 2 is eating
DBG_EAT: id=2 time_last_meal=302
302 4 has taken the left fork
302 4 has taken the right fork
302 4 is eating
DBG_EAT: id=4 time_last_meal=302
362 1 is thinking
362 3 is thinking
DBG_EAT2: id=2 meals=2
402 2 has put down the right fork
DBG_EAT2: id=4 meals=2
402 4 has put down the right fork
402 2 has put down the left fork
402 4 has put down the left fork
402 4 is sleeping
402 2 is sleeping
402 3 has taken the right fork
402 All philosophers ate enough
