DBG_INIT: meal_mutex init for philo 1
DBG_INIT: meal_mutex init for philo 2
DBG_INIT: meal_mutex init for philo 3
DBG_INIT: meal_mutex init for philo 4
DBG: init philo[1].time_last_meal=0
DBG: init philo[2].time_last_meal=0
DBG: init philo[3].time_last_meal=0
DBG: init philo[4].time_last_meal=0
0 1 has taken the right fork
0 1 has taken the left fork
0 1 is eating
DBG_EAT: id=1 time_last_meal=0
0 3 has taken the right fork
0 3 has taken the left fork
0 3 is eating
DBG_EAT: id=3 time_last_meal=0
DBG: start_time=1758386784391
DBG_EAT2: id=1 meals=1
60 1 has put down the left fork
60 1 has put down the right fork
60 1 is sleeping
60 4 has taken the left fork
DBG_EAT2: id=3 meals=1
60 3 has put down the left fork
60 3 has put down the right fork
60 3 is sleeping
60 4 has taken the right fork
60 4 is eating
DBG_EAT: id=4 time_last_meal=60
60 2 has taken the left fork
60 2 has taken the right fork
60 2 is eating
DBG_EAT: id=2 time_last_meal=60
120 1 is thinking
120 3 is thinking
DBG_EAT2: id=4 meals=1
120 4 has put down the right fork
DBG_EAT2: id=2 meals=1
120 2 has put down the right fork
120 4 has put down the left fork
120 2 has put down the left fork
120 2 is sleeping
120 4 is sleeping
120 3 has taken the right fork
120 3 has taken the left fork
120 3 is eating
DBG_EAT: id=3 time_last_meal=120
120 1 has taken the right fork
120 1 has taken the left fork
120 1 is eating
DBG_EAT: id=1 time_last_meal=120
180 2 is thinking
180 4 is thinking
DBG_EAT2: id=3 meals=2
180 3 has put down the left fork
180 3 has put down the right fork
180 3 is sleeping
DBG_EAT2: id=1 meals=2
180 1 has put down the left fork
180 1 has put down the right fork
180 1 is sleeping
181 2 has taken the left fork
181 2 has taken the right fork
181 2 is eating
DBG_EAT: id=2 time_last_meal=181
181 4 has taken the left fork
181 4 has taken the right fork
181 4 is eating
DBG_EAT: id=4 time_last_meal=181
240 3 is thinking
241 1 is thinking
DBG_EAT2: id=2 meals=2
241 2 has put down the right fork
241 2 has put down the left fork
241 2 is sleeping
DBG_EAT2: id=4 meals=2
241 4 has put down the right fork
241 4 has put down the left fork
241 4 is sleeping
241 3 has taken the right fork
241 3 has taken the left fork
241 3 is eating
DBG_EAT: id=3 time_last_meal=241
241 1 has taken the right fork
241 1 has taken the left fork
241 1 is eating
DBG_EAT: id=1 time_last_meal=241
301 2 is thinking
301 4 is thinking
DBG_EAT2: id=3 meals=3
301 3 has put down the left fork
301 3 has put down the right fork
301 3 is sleeping
DBG_EAT2: id=1 meals=3
301 1 has put down the left fork
301 1 has put down the right fork
301 1 is sleeping
301 4 has taken the left fork
301 4 has taken the right fork
301 4 is eating
DBG_EAT: id=4 time_last_meal=301
301 2 has taken the left fork
301 2 has taken the right fork
301 2 is eating
DBG_EAT: id=2 time_last_meal=301
361 3 is thinking
DBG_EAT2: id=4 meals=3
361 1 is thinking
DBG_EAT2: id=2 meals=3
361 4 has put down the right fork
361 2 has put down the right fork
361 4 has put down the left fork
361 4 is sleeping
361 2 has put down the left fork
361 2 is sleeping
361 3 has taken the right fork
361 3 has taken the left fork
361 3 is eating
DBG_EAT: id=3 time_last_meal=361
361 1 has taken the right fork
361 1 has taken the left fork
361 1 is eating
DBG_EAT: id=1 time_last_meal=361
421 2 is thinking
421 4 is thinking
DBG_EAT2: id=3 meals=4
421 3 has put down the left fork
421 3 has put down the right fork
421 3 is sleeping
DBG_EAT2: id=1 meals=4
421 1 has put down the left fork
421 1 has put down the right fork
421 1 is sleeping
421 2 has taken the left fork
421 2 has taken the right fork
421 2 is eating
DBG_EAT: id=2 time_last_meal=421
421 4 has taken the left fork
421 4 has taken the right fork
421 4 is eating
DBG_EAT: id=4 time_last_meal=421
481 3 is thinking
481 1 is thinking
DBG_EAT2: id=4 meals=4
481 4 has put down the right fork
481 4 has put down the left fork
481 4 is sleeping
DBG_EAT2: id=2 meals=4
481 2 has put down the right fork
481 2 has put down the left fork
481 2 is sleeping
481 1 has taken the right fork
481 1 has taken the left fork
481 1 is eating
DBG_EAT: id=1 time_last_meal=481
482 3 has taken the right fork
482 3 has taken the left fork
482 3 is eating
DBG_EAT: id=3 time_last_meal=482
541 2 is thinking
541 4 is thinking
DBG_EAT2: id=1 meals=5
542 1 has put down the left fork
542 1 has put down the right fork
542 1 is sleeping
542 4 has taken the left fork
DBG_EAT2: id=3 meals=5
542 3 has put down the left fork
542 3 has put down the right fork
542 4 has taken the right fork
542 4 is eating
DBG_EAT: id=4 time_last_meal=542
542 3 is sleeping
542 2 has taken the left fork
542 2 has taken the right fork
542 2 is eating
DBG_EAT: id=2 time_last_meal=542
602 1 is thinking
DBG_EAT2: id=4 meals=5
602 4 has put down the right fork
602 3 is thinking
602 4 has put down the left fork
602 4 is sleeping
602 1 has taken the right fork
DBG_EAT2: id=2 meals=5
602 2 has put down the right fork
602 2 has put down the left fork
602 2 is sleeping
602 1 has taken the left fork
602 1 is eating
DBG_EAT: id=1 time_last_meal=602
602 3 has taken the right fork
602 3 has taken the left fork
602 3 is eating
DBG_EAT: id=3 time_last_meal=602
662 4 is thinking
DBG_EAT2: id=1 meals=6
662 1 has put down the left fork
662 1 has put down the right fork
662 2 is thinking
662 4 has taken the left fork
662 1 is sleeping
DBG_EAT2: id=3 meals=6
662 3 has put down the left fork
662 3 has put down the right fork
662 3 is sleeping
662 4 has taken the right fork
662 4 is eating
DBG_EAT: id=4 time_last_meal=662
662 2 has taken the left fork
662 2 has taken the right fork
662 2 is eating
DBG_EAT: id=2 time_last_meal=662
722 1 is thinking
722 3 is thinking
DBG_EAT2: id=4 meals=6
722 4 has put down the right fork
722 4 has put down the left fork
722 4 is sleeping
DBG_EAT2: id=2 meals=6
722 2 has put down the right fork
722 1 has taken the right fork
722 1 has taken the left fork
722 1 is eating
DBG_EAT: id=1 time_last_meal=722
722 2 has put down the left fork
722 2 is sleeping
722 3 has taken the right fork
722 3 has taken the left fork
722 3 is eating
DBG_EAT: id=3 time_last_meal=722
782 4 is thinking
DBG_EAT2: id=1 meals=7
782 1 has put down the left fork
782 1 has put down the right fork
782 1 is sleeping
782 2 is thinking
782 4 has taken the left fork
DBG_EAT2: id=3 meals=7
782 3 has put down the left fork
782 3 has put down the right fork
783 3 is sleeping
783 4 has taken the right fork
783 4 is eating
DBG_EAT: id=4 time_last_meal=783
783 2 has taken the left fork
783 2 has taken the right fork
783 2 is eating
DBG_EAT: id=2 time_last_meal=783
842 1 is thinking
843 3 is thinking
DBG_EAT2: id=4 meals=7
843 4 has put down the right fork
843 4 has put down the left fork
843 4 is sleeping
DBG_EAT2: id=2 meals=7
843 2 has put down the right fork
843 2 has put down the left fork
843 3 has taken the right fork
843 2 is sleeping
843 3 has taken the left fork
843 3 is eating
DBG_EAT: id=3 time_last_meal=843
843 1 has taken the right fork
843 1 has taken the left fork
843 1 is eating
DBG_EAT: id=1 time_last_meal=843
903 4 is thinking
903 2 is thinking
DBG_EAT2: id=3 meals=8
903 3 has put down the left fork
903 3 has put down the right fork
DBG_EAT2: id=1 meals=8
903 1 has put down the left fork
903 1 has put down the right fork
903 1 is sleeping
903 3 is sleeping
903 4 has taken the left fork
903 4 has taken the right fork
903 4 is eating
DBG_EAT: id=4 time_last_meal=903
903 2 has taken the left fork
903 2 has taken the right fork
903 2 is eating
DBG_EAT: id=2 time_last_meal=903
DBG_EAT2: id=4 meals=8
963 4 has put down the right fork
963 4 has put down the left fork
963 4 is sleeping
963 1 is thinking
963 1 has taken the right fork
963 3 is thinking
DBG_EAT2: id=2 meals=8
963 2 has put down the right fork
963 2 has put down the left fork
963 1 has taken the left fork
963 1 is eating
DBG_EAT: id=1 time_last_meal=963
963 2 is sleeping
963 3 has taken the right fork
963 3 has taken the left fork
963 3 is eating
DBG_EAT: id=3 time_last_meal=963
1023 4 is thinking
DBG_EAT2: id=1 meals=9
1023 1 has put down the left fork
1023 1 has put down the right fork
1023 1 is sleeping
1023 2 is thinking
1023 4 has taken the left fork
DBG_EAT2: id=3 meals=9
1023 3 has put down the left fork
1023 3 has put down the right fork
1023 3 is sleeping
1023 2 has taken the left fork
1023 2 has taken the right fork
1023 2 is eating
DBG_EAT: id=2 time_last_meal=1023
1023 4 has taken the right fork
1023 4 is eating
DBG_EAT: id=4 time_last_meal=1023
1083 1 is thinking
1083 3 is thinking
DBG_EAT2: id=2 meals=9
1083 2 has put down the right fork
DBG_EAT2: id=4 meals=9
1083 2 has put down the left fork
1083 4 has put down the right fork
1083 2 is sleeping
1083 4 has put down the left fork
1083 4 is sleeping
1083 1 has taken the right fork
1083 1 has taken the left fork
1083 1 is eating
DBG_EAT: id=1 time_last_meal=1083
1083 3 has taken the right fork
1083 3 has taken the left fork
1083 3 is eating
DBG_EAT: id=3 time_last_meal=1083
1143 2 is thinking
DBG_EAT2: id=3 meals=10
1143 3 has put down the left fork
1143 3 has put down the right fork
1143 3 is sleeping
DBG_EAT2: id=1 meals=10
1144 1 has put down the left fork
1144 1 has put down the right fork
1144 1 is sleeping
1144 4 is thinking
1144 2 has taken the left fork
1144 2 has taken the right fork
1144 2 is eating
DBG_EAT: id=2 time_last_meal=1144
1144 4 has taken the left fork
1144 4 has taken the right fork
1144 4 is eating
DBG_EAT: id=4 time_last_meal=1144
1204 3 is thinking
1204 1 is thinking
DBG_EAT2: id=2 meals=10
1204 2 has put down the right fork
1204 2 has put down the left fork
1204 2 is sleeping
1204 3 has taken the right fork
DBG_EAT2: id=4 meals=10
1204 4 has put down the right fork
1204 4 has put down the left fork
1204 1 has taken the right fork
1204 1 has taken the left fork
1204 1 is eating
DBG_EAT: id=1 time_last_meal=1204
1204 4 is sleeping
1204 3 has taken the left fork
1204 3 is eating
DBG_EAT: id=3 time_last_meal=1204
1264 2 is thinking
1264 4 is thinking
DBG_EAT2: id=3 meals=11
1264 3 has put down the left fork
1264 3 has put down the right fork
1264 3 is sleeping
DBG_EAT2: id=1 meals=11
1264 1 has put down the left fork
1264 1 has put down the right fork
1264 1 is sleeping
1264 2 has taken the left fork
1264 2 has taken the right fork
1264 2 is eating
DBG_EAT: id=2 time_last_meal=1264
1264 4 has taken the left fork
1264 4 has taken the right fork
1264 4 is eating
DBG_EAT: id=4 time_last_meal=1264
1324 3 is thinking
1324 1 is thinking
DBG_EAT2: id=2 meals=11
1324 2 has put down the right fork
DBG_EAT2: id=4 meals=11
1324 4 has put down the right fork
1324 2 has put down the left fork
1324 4 has put down the left fork
1324 4 is sleeping
1324 2 is sleeping
1324 1 has taken the right fork
1324 1 has taken the left fork
1324 1 is eating
DBG_EAT: id=1 time_last_meal=1324
1324 3 has taken the right fork
1324 3 has taken the left fork
1324 3 is eating
DBG_EAT: id=3 time_last_meal=1324
1384 4 is thinking
1384 2 is thinking
DBG_EAT2: id=1 meals=12
1384 1 has put down the left fork
1384 1 has put down the right fork
DBG_EAT2: id=3 meals=12
1384 3 has put down the left fork
1384 3 has put down the right fork
1384 3 is sleeping
1384 1 is sleeping
1384 4 has taken the left fork
1384 4 has taken the right fork
1384 4 is eating
DBG_EAT: id=4 time_last_meal=1384
1384 2 has taken the left fork
1384 2 has taken the right fork
1384 2 is eating
DBG_EAT: id=2 time_last_meal=1384
1444 3 is thinking
1444 1 is thinking
DBG_EAT2: id=2 meals=12
1445 2 has put down the right fork
DBG_EAT2: id=4 meals=12
1445 4 has put down the right fork
1445 2 has put down the left fork
1445 4 has put down the left fork
1445 4 is sleeping
1445 2 is sleeping
1445 1 has taken the right fork
1445 1 has taken the left fork
1445 1 is eating
DBG_EAT: id=1 time_last_meal=1445
1445 3 has taken the right fork
1445 3 has taken the left fork
1445 3 is eating
DBG_EAT: id=3 time_last_meal=1445
1505 4 is thinking
1505 2 is thinking
DBG_EAT2: id=1 meals=13
1505 1 has put down the left fork
1505 1 has put down the right fork
DBG_EAT2: id=3 meals=13
1505 3 has put down the left fork
1505 3 has put down the right fork
1505 3 is sleeping
1505 1 is sleeping
1505 4 has taken the left fork
1505 4 has taken the right fork
1505 4 is eating
DBG_EAT: id=4 time_last_meal=1505
1505 2 has taken the left fork
1505 2 has taken the right fork
1505 2 is eating
DBG_EAT: id=2 time_last_meal=1505
1565 3 is thinking
1565 1 is thinking
DBG_EAT2: id=4 meals=13
1565 4 has put down the right fork
1565 4 has put down the left fork
1565 4 is sleeping
DBG_EAT2: id=2 meals=13
1565 2 has put down the right fork
1565 2 has put down the left fork
1565 1 has taken the right fork
1565 1 has taken the left fork
1565 1 is eating
DBG_EAT: id=1 time_last_meal=1565
1565 2 is sleeping
1565 3 has taken the right fork
1565 3 has taken the left fork
1565 3 is eating
DBG_EAT: id=3 time_last_meal=1565
1625 4 is thinking
DBG_EAT2: id=1 meals=14
1625 1 has put down the left fork
1625 1 has put down the right fork
1625 2 is thinking
1625 1 is sleeping
DBG_EAT2: id=3 meals=14
1625 3 has put down the left fork
1625 3 has put down the right fork
1625 3 is sleeping
1625 4 has taken the left fork
1625 4 has taken the right fork
1625 4 is eating
DBG_EAT: id=4 time_last_meal=1625
1625 2 has taken the left fork
1625 2 has taken the right fork
1625 2 is eating
DBG_EAT: id=2 time_last_meal=1625
1685 1 is thinking
1685 3 is thinking
DBG_EAT2: id=4 meals=14
1685 4 has put down the right fork
1685 4 has put down the left fork
1685 4 is sleeping
1685 1 has taken the right fork
DBG_EAT2: id=2 meals=14
1685 2 has put down the right fork
1685 2 has put down the left fork
1685 1 has taken the left fork
1685 1 is eating
DBG_EAT: id=1 time_last_meal=1685
1685 2 is sleeping
1685 3 has taken the right fork
1685 3 has taken the left fork
1685 3 is eating
DBG_EAT: id=3 time_last_meal=1685
1745 4 is thinking
DBG_EAT2: id=1 meals=15
1745 1 has put down the left fork
1745 1 has put down the right fork
DBG_EAT2: id=3 meals=15
1745 4 has taken the left fork
1745 3 has put down the left fork
1745 3 has put down the right fork
1745 3 is sleeping
1745 1 is sleeping
1745 4 has taken the right fork
1745 4 is eating
DBG_EAT: id=4 time_last_meal=1745
1745 2 is thinking
1746 2 has taken the left fork
1746 2 has taken the right fork
1746 2 is eating
DBG_EAT: id=2 time_last_meal=1746
DBG_EAT2: id=4 meals=15
1806 4 has put down the right fork
1806 4 has put down the left fork
1806 3 is thinking
1806 1 is thinking
1806 1 has taken the right fork
1806 4 is sleeping
DBG_EAT2: id=2 meals=15
1806 2 has put down the right fork
1806 2 has put down the left fork
1806 2 is sleeping
1806 3 has taken the right fork
1806 3 has taken the left fork
1806 3 is eating
DBG_EAT: id=3 time_last_meal=1806
1806 1 has taken the left fork
1806 1 is eating
DBG_EAT: id=1 time_last_meal=1806
1866 4 is thinking
1866 2 is thinking
DBG_EAT2: id=1 meals=16
1866 1 has put down the left fork
1866 1 has put down the right fork
DBG_EAT2: id=3 meals=16
1866 4 has taken the left fork
1866 4 has taken the right fork
1866 4 is eating
DBG_EAT: id=4 time_last_meal=1866
1866 1 is sleeping
1866 3 has put down the left fork
1866 3 has put down the right fork
1866 3 is sleeping
1866 2 has taken the left fork
1866 2 has taken the right fork
1866 2 is eating
DBG_EAT: id=2 time_last_meal=1866
1926 3 is thinking
DBG_EAT2: id=4 meals=16
1926 4 has put down the right fork
1926 4 has put down the left fork
1926 1 is thinking
1926 1 has taken the right fork
1926 4 is sleeping
DBG_EAT2: id=2 meals=16
1926 2 has put down the right fork
1926 1 has taken the left fork
1926 1 is eating
DBG_EAT: id=1 time_last_meal=1926
1926 2 has put down the left fork
1926 2 is sleeping
1926 3 has taken the right fork
1926 3 has taken the left fork
1926 3 is eating
DBG_EAT: id=3 time_last_meal=1926
1986 4 is thinking
1986 2 is thinking
DBG_EAT2: id=1 meals=17
1986 1 has put down the left fork
1986 1 has put down the right fork
DBG_EAT2: id=3 meals=17
1986 3 has put down the left fork
1986 3 has put down the right fork
1986 3 is sleeping
1986 4 has taken the left fork
1986 4 has taken the right fork
1986 4 is eating
DBG_EAT: id=4 time_last_meal=1986
1986 1 is sleeping
1986 2 has taken the left fork
1986 2 has taken the right fork
1986 2 is eating
DBG_EAT: id=2 time_last_meal=1986
2046 3 is thinking
DBG_EAT2: id=4 meals=17
2046 4 has put down the right fork
2046 4 has put down the left fork
2046 1 is thinking
2046 1 has taken the right fork
2046 4 is sleeping
DBG_EAT2: id=2 meals=17
2047 2 has put down the right fork
2047 2 has put down the left fork
2047 2 is sleeping
2047 1 has taken the left fork
2047 1 is eating
DBG_EAT: id=1 time_last_meal=2047
2047 3 has taken the right fork
2047 3 has taken the left fork
2047 3 is eating
DBG_EAT: id=3 time_last_meal=2047
2107 4 is thinking
2107 2 is thinking
DBG_EAT2: id=1 meals=18
2107 1 has put down the left fork
2107 1 has put down the right fork
2107 1 is sleeping
2107 4 has taken the left fork
DBG_EAT2: id=3 meals=18
2107 3 has put down the left fork
2107 3 has put down the right fork
2107 3 is sleeping
2107 4 has taken the right fork
2107 4 is eating
DBG_EAT: id=4 time_last_meal=2107
2107 2 has taken the left fork
2107 2 has taken the right fork
2107 2 is eating
DBG_EAT: id=2 time_last_meal=2107
2167 1 is thinking
2167 3 is thinking
DBG_EAT2: id=4 meals=18
2167 4 has put down the right fork
DBG_EAT2: id=2 meals=18
2167 2 has put down the right fork
2167 4 has put down the left fork
2167 2 has put down the left fork
2167 2 is sleeping
2167 1 has taken the right fork
2167 1 has taken the left fork
2167 1 is eating
DBG_EAT: id=1 time_last_meal=2167
2167 4 is sleeping
2167 3 has taken the right fork
2167 3 has taken the left fork
2167 3 is eating
DBG_EAT: id=3 time_last_meal=2167
DBG_EAT2: id=1 meals=19
2227 1 has put down the left fork
2227 1 has put down the right fork
2227 2 is thinking
2227 4 is thinking
DBG_EAT2: id=3 meals=19
2227 1 is sleeping
2227 3 has put down the left fork
2227 3 has put down the right fork
2227 3 is sleeping
2227 4 has taken the left fork
2227 4 has taken the right fork
2227 4 is eating
DBG_EAT: id=4 time_last_meal=2227
2227 2 has taken the left fork
2227 2 has taken the right fork
2227 2 is eating
DBG_EAT: id=2 time_last_meal=2227
2287 3 is thinking
2287 1 is thinking
DBG_EAT2: id=4 meals=19
2287 4 has put down the right fork
2287 4 has put down the left fork
2287 4 is sleeping
DBG_EAT2: id=2 meals=19
2287 2 has put down the right fork
2287 1 has taken the right fork
2287 1 has taken the left fork
2287 1 is eating
DBG_EAT: id=1 time_last_meal=2287
2287 2 has put down the left fork
2287 2 is sleeping
2287 3 has taken the right fork
2287 3 has taken the left fork
2287 3 is eating
DBG_EAT: id=3 time_last_meal=2287
2347 4 is thinking
DBG_EAT2: id=1 meals=20
2347 1 has put down the left fork
2347 1 has put down the right fork
2347 1 is sleeping
2347 2 is thinking
DBG_EAT2: id=3 meals=20
2347 3 has put down the left fork
2347 3 has put down the right fork
2347 3 is sleeping
2348 4 has taken the left fork
2348 4 has taken the right fork
2348 4 is eating
DBG_EAT: id=4 time_last_meal=2348
2348 2 has taken the left fork
2348 2 has taken the right fork
2348 2 is eating
DBG_EAT: id=2 time_last_meal=2348
2407 1 is thinking
2408 3 is thinking
DBG_EAT2: id=4 meals=20
2408 4 has put down the right fork
2408 4 has put down the left fork
2408 4 is sleeping
DBG_EAT2: id=2 meals=20
2408 2 has put down the right fork
2408 2 has put down the left fork
2408 1 has taken the right fork
2408 1 has taken the left fork
2408 1 is eating
DBG_EAT: id=1 time_last_meal=2408
2408 2 is sleeping
2408 3 has taken the right fork
2408 3 has taken the left fork
2408 3 is eating
DBG_EAT: id=3 time_last_meal=2408
2468 4 is thinking
DBG_EAT2: id=1 meals=21
2468 2 is thinking
DBG_EAT2: id=3 meals=21
2468 3 has put down the left fork
2468 3 has put down the right fork
2468 3 is sleeping
2468 1 has put down the left fork
2468 1 has put down the right fork
2468 1 is sleeping
2468 4 has taken the left fork
2468 4 has taken the right fork
2468 4 is eating
DBG_EAT: id=4 time_last_meal=2468
2468 2 has taken the left fork
2468 2 has taken the right fork
2468 2 is eating
DBG_EAT: id=2 time_last_meal=2468
2528 3 is thinking
2528 1 is thinking
DBG_EAT2: id=4 meals=21
2528 4 has put down the right fork
2528 4 has put down the left fork
2528 4 is sleeping
2528 1 has taken the right fork
DBG_EAT2: id=2 meals=21
2528 2 has put down the right fork
2528 2 has put down the left fork
2528 1 has taken the left fork
2528 1 is eating
DBG_EAT: id=1 time_last_meal=2528
2528 2 is sleeping
2528 3 has taken the right fork
2528 3 has taken the left fork
2528 3 is eating
DBG_EAT: id=3 time_last_meal=2528
2588 4 is thinking
2588 2 is thinking
DBG_EAT2: id=1 meals=22
2588 1 has put down the left fork
DBG_EAT2: id=3 meals=22
2588 3 has put down the left fork
2588 3 has put down the right fork
2588 3 is sleeping
2588 1 has put down the right fork
2588 4 has taken the left fork
2588 4 has taken the right fork
2588 4 is eating
DBG_EAT: id=4 time_last_meal=2588
2588 1 is sleeping
2588 2 has taken the left fork
2588 2 has taken the right fork
2588 2 is eating
DBG_EAT: id=2 time_last_meal=2588
DBG_EAT2: id=4 meals=22
2648 4 has put down the right fork
2648 4 has put down the left fork
2648 3 is thinking
2648 1 is thinking
2648 1 has taken the right fork
2648 4 is sleeping
DBG_EAT2: id=2 meals=22
2648 2 has put down the right fork
2649 2 has put down the left fork
2649 2 is sleeping
2649 1 has taken the left fork
2649 1 is eating
DBG_EAT: id=1 time_last_meal=2649
2649 3 has taken the right fork
2649 3 has taken the left fork
2649 3 is eating
DBG_EAT: id=3 time_last_meal=2649
2708 4 is thinking
2709 2 is thinking
DBG_EAT2: id=1 meals=23
DBG_EAT2: id=3 meals=23
2709 3 has put down the left fork
2709 3 has put down the right fork
2709 3 is sleeping
2709 1 has put down the left fork
2709 1 has put down the right fork
2709 4 has taken the left fork
2709 4 has taken the right fork
2709 4 is eating
DBG_EAT: id=4 time_last_meal=2709
2709 1 is sleeping
2709 2 has taken the left fork
2709 2 has taken the right fork
2709 2 is eating
DBG_EAT: id=2 time_last_meal=2709
2769 3 is thinking
DBG_EAT2: id=4 meals=23
2769 4 has put down the right fork
2769 4 has put down the left fork
2769 1 is thinking
2769 1 has taken the right fork
2769 4 is sleeping
DBG_EAT2: id=2 meals=23
2769 2 has put down the right fork
2769 1 has taken the left fork
2769 1 is eating
DBG_EAT: id=1 time_last_meal=2769
2769 2 has put down the left fork
2769 2 is sleeping
2769 3 has taken the right fork
2769 3 has taken the left fork
2769 3 is eating
DBG_EAT: id=3 time_last_meal=2769
2829 4 is thinking
DBG_EAT2: id=1 meals=24
2829 2 is thinking
2829 1 has put down the left fork
2829 1 has put down the right fork
2829 1 is sleeping
DBG_EAT2: id=3 meals=24
2829 3 has put down the left fork
2829 3 has put down the right fork
2829 3 is sleeping
2829 4 has taken the left fork
2829 4 has taken the right fork
2829 4 is eating
DBG_EAT: id=4 time_last_meal=2829
2829 2 has taken the left fork
2829 2 has taken the right fork
2829 2 is eating
DBG_EAT: id=2 time_last_meal=2829
2889 1 is thinking
2889 3 is thinking
DBG_EAT2: id=4 meals=24
2889 4 has put down the right fork
2889 4 has put down the left fork
2889 4 is sleeping
DBG_EAT2: id=2 meals=24
2889 2 has put down the right fork
2889 2 has put down the left fork
2889 3 has taken the right fork
2889 3 has taken the left fork
2889 3 is eating
DBG_EAT: id=3 time_last_meal=2889
2889 1 has taken the right fork
2889 1 has taken the left fork
2889 1 is eating
DBG_EAT: id=1 time_last_meal=2889
2889 2 is sleeping
2949 4 is thinking
DBG_EAT2: id=3 meals=25
2949 3 has put down the left fork
2949 3 has put down the right fork
DBG_EAT2: id=1 meals=25
2949 1 has put down the left fork
2949 1 has put down the right fork
2949 1 is sleeping
2949 2 is thinking
2949 3 is sleeping
2949 4 has taken the left fork
2949 4 has taken the right fork
2949 4 is eating
DBG_EAT: id=4 time_last_meal=2949
2949 2 has taken the left fork
2949 2 has taken the right fork
2949 2 is eating
DBG_EAT: id=2 time_last_meal=2949
3009 1 is thinking
3009 3 is thinking
DBG_EAT2: id=4 meals=25
3009 4 has put down the right fork
3009 4 has put down the left fork
3009 4 is sleeping
3009 1 has taken the right fork
DBG_EAT2: id=2 meals=25
3010 2 has put down the right fork
3010 2 has put down the left fork
3010 1 has taken the left fork
3010 1 is eating
DBG_EAT: id=1 time_last_meal=3010
3010 2 is sleeping
3010 3 has taken the right fork
3010 3 has taken the left fork
3010 3 is eating
DBG_EAT: id=3 time_last_meal=3010
3070 4 is thinking
3070 2 is thinking
DBG_EAT2: id=1 meals=26
3070 1 has put down the left fork
3070 1 has put down the right fork
3070 1 is sleeping
3070 4 has taken the left fork
DBG_EAT2: id=3 meals=26
3070 3 has put down the left fork
3070 3 has put down the right fork
3070 4 has taken the right fork
3070 4 is eating
DBG_EAT: id=4 time_last_meal=3070
3070 3 is sleeping
3070 2 has taken the left fork
3070 2 has taken the right fork
3070 2 is eating
DBG_EAT: id=2 time_last_meal=3070
3130 1 is thinking
DBG_EAT2: id=4 meals=26
3130 4 has put down the right fork
3130 3 is thinking
3130 4 has put down the left fork
DBG_EAT2: id=2 meals=26
3130 2 has put down the right fork
3130 4 is sleeping
3130 2 has put down the left fork
3130 2 is sleeping
3130 1 has taken the right fork
3130 1 has taken the left fork
3130 1 is eating
DBG_EAT: id=1 time_last_meal=3130
3130 3 has taken the right fork
3130 3 has taken the left fork
3130 3 is eating
DBG_EAT: id=3 time_last_meal=3130
3190 4 is thinking
3190 2 is thinking
DBG_EAT2: id=1 meals=27
3190 1 has put down the left fork
3190 1 has put down the right fork
DBG_EAT2: id=3 meals=27
3190 3 has put down the left fork
3190 3 has put down the right fork
3190 3 is sleeping
3190 1 is sleeping
3190 4 has taken the left fork
3190 2 has taken the left fork
3190 2 has taken the right fork
3190 2 is eating
DBG_EAT: id=2 time_last_meal=3190
3190 4 has taken the right fork
3190 4 is eating
DBG_EAT: id=4 time_last_meal=3190
3250 3 is thinking
3250 1 is thinking
DBG_EAT2: id=4 meals=27
3250 4 has put down the right fork
3250 4 has put down the left fork
3250 4 is sleeping
3250 1 has taken the right fork
DBG_EAT2: id=2 meals=27
3250 2 has put down the right fork
3250 2 has put down the left fork
3250 1 has taken the left fork
3250 1 is eating
DBG_EAT: id=1 time_last_meal=3250
3250 2 is sleeping
3250 3 has taken the right fork
3250 3 has taken the left fork
3250 3 is eating
DBG_EAT: id=3 time_last_meal=3250
3310 4 is thinking
DBG_EAT2: id=1 meals=28
3310 1 has put down the left fork
3310 1 has put down the right fork
3310 1 is sleeping
3310 4 has taken the left fork
3310 2 is thinking
DBG_EAT2: id=3 meals=28
3310 3 has put down the left fork
3310 3 has put down the right fork
3311 3 is sleeping
3311 4 has taken the right fork
3311 4 is eating
DBG_EAT: id=4 time_last_meal=3311
3311 2 has taken the left fork
3311 2 has taken the right fork
3311 2 is eating
DBG_EAT: id=2 time_last_meal=3311
3371 1 is thinking
3371 3 is thinking
DBG_EAT2: id=4 meals=28
3371 4 has put down the right fork
3371 4 has put down the left fork
3371 1 has taken the right fork
3371 4 is sleeping
DBG_EAT2: id=2 meals=28
3371 2 has put down the right fork
3371 1 has taken the left fork
3371 1 is eating
DBG_EAT: id=1 time_last_meal=3371
3371 2 has put down the left fork
3371 2 is sleeping
3371 3 has taken the right fork
3371 3 has taken the left fork
3371 3 is eating
DBG_EAT: id=3 time_last_meal=3371
3431 4 is thinking
DBG_EAT2: id=1 meals=29
3431 1 has put down the left fork
3431 1 has put down the right fork
3431 2 is thinking
3431 1 is sleeping
DBG_EAT2: id=3 meals=29
3431 3 has put down the left fork
3431 3 has put down the right fork
3431 3 is sleeping
3431 2 has taken the left fork
3431 2 has taken the right fork
3431 2 is eating
DBG_EAT: id=2 time_last_meal=3431
3431 4 has taken the left fork
3431 4 has taken the right fork
3431 4 is eating
DBG_EAT: id=4 time_last_meal=3431
3491 1 is thinking
3491 3 is thinking
DBG_EAT2: id=2 meals=29
3491 2 has put down the right fork
DBG_EAT2: id=4 meals=29
3491 4 has put down the right fork
3491 2 has put down the left fork
3491 4 has put down the left fork
3491 4 is sleeping
3491 2 is sleeping
3491 3 has taken the right fork
3491 3 has taken the left fork
3491 3 is eating
DBG_EAT: id=3 time_last_meal=3491
3491 1 has taken the right fork
3491 1 has taken the left fork
3491 1 is eating
DBG_EAT: id=1 time_last_meal=3491
3551 4 is thinking
3551 2 is thinking
DBG_EAT2: id=1 meals=30
3551 1 has put down the left fork
3551 1 has put down the right fork
DBG_EAT2: id=3 meals=30
3551 3 has put down the left fork
3551 3 has put down the right fork
3551 3 is sleeping
3551 1 is sleeping
3551 4 has taken the left fork
3551 2 has taken the left fork
3551 2 has taken the right fork
3551 2 is eating
DBG_EAT: id=2 time_last_meal=3551
3551 4 has taken the right fork
3551 4 is eating
DBG_EAT: id=4 time_last_meal=3551
3611 1 is thinking
3611 3 is thinking
DBG_EAT2: id=4 meals=30
3611 4 has put down the right fork
DBG_EAT2: id=2 meals=30
3611 2 has put down the right fork
3611 4 has put down the left fork
3611 4 is sleeping
3611 2 has put down the left fork
3611 3 has taken the right fork
3611 3 has taken the left fork
3611 3 is eating
DBG_EAT: id=3 time_last_meal=3611
3611 2 is sleeping
3611 1 has taken the right fork
3611 1 has taken the left fork
3611 1 is eating
DBG_EAT: id=1 time_last_meal=3611
3671 4 is thinking
DBG_EAT2: id=1 meals=31
3671 1 has put down the left fork
3671 1 has put down the right fork
3671 1 is sleeping
DBG_EAT2: id=3 meals=31
3671 3 has put down the left fork
3671 3 has put down the right fork
3671 2 is thinking
3671 3 is sleeping
3672 4 has taken the left fork
3672 4 has taken the right fork
3672 4 is eating
DBG_EAT: id=4 time_last_meal=3672
3672 2 has taken the left fork
3672 2 has taken the right fork
3672 2 is eating
DBG_EAT: id=2 time_last_meal=3672
3732 1 is thinking
3732 3 is thinking
DBG_EAT2: id=4 meals=31
3732 4 has put down the right fork
3732 4 has put down the left fork
3732 4 is sleeping
DBG_EAT2: id=2 meals=31
3732 2 has put down the right fork
3732 2 has put down the left fork
3732 2 is sleeping
3732 1 has taken the right fork
3732 1 has taken the left fork
3732 1 is eating
DBG_EAT: id=1 time_last_meal=3732
3732 3 has taken the right fork
3732 3 has taken the left fork
3732 3 is eating
DBG_EAT: id=3 time_last_meal=3732
3792 4 is thinking
3792 2 is thinking
DBG_EAT2: id=1 meals=32
3792 1 has put down the left fork
3792 1 has put down the right fork
3792 1 is sleeping
DBG_EAT2: id=3 meals=32
3792 3 has put down the left fork
3792 3 has put down the right fork
3792 4 has taken the left fork
3792 4 has taken the right fork
3792 4 is eating
DBG_EAT: id=4 time_last_meal=3792
3792 3 is sleeping
3792 2 has taken the left fork
3792 2 has taken the right fork
3792 2 is eating
DBG_EAT: id=2 time_last_meal=3792
3852 1 is thinking
3852 3 is thinking
DBG_EAT2: id=4 meals=32
3852 4 has put down the right fork
3852 4 has put down the left fork
3852 4 is sleeping
3852 1 has taken the right fork
DBG_EAT2: id=2 meals=32
3852 2 has put down the right fork
3852 1 has taken the left fork
3852 1 is eating
DBG_EAT: id=1 time_last_meal=3852
3852 2 has put down the left fork
3852 2 is sleeping
3852 3 has taken the right fork
3852 3 has taken the left fork
3852 3 is eating
DBG_EAT: id=3 time_last_meal=3852
3912 4 is thinking
DBG_EAT2: id=1 meals=33
3912 1 has put down the left fork
3912 1 has put down the right fork
3912 1 is sleeping
3912 2 is thinking
3912 4 has taken the left fork
DBG_EAT2: id=3 meals=33
3912 3 has put down the left fork
3912 3 has put down the right fork
3912 3 is sleeping
3912 4 has taken the right fork
3912 4 is eating
DBG_EAT: id=4 time_last_meal=3912
3912 2 has taken the left fork
3912 2 has taken the right fork
3912 2 is eating
DBG_EAT: id=2 time_last_meal=3912
3972 1 is thinking
3972 3 is thinking
DBG_EAT2: id=4 meals=33
3972 4 has put down the right fork
3972 4 has put down the left fork
3972 4 is sleeping
3972 1 has taken the right fork
DBG_EAT2: id=2 meals=33
3972 2 has put down the right fork
3972 2 has put down the left fork
3972 1 has taken the left fork
3972 1 is eating
DBG_EAT: id=1 time_last_meal=3972
3973 2 is sleeping
3973 3 has taken the right fork
3973 3 has taken the left fork
3973 3 is eating
DBG_EAT: id=3 time_last_meal=3973
4032 4 is thinking
DBG_EAT2: id=1 meals=34
4033 1 has put down the left fork
4033 2 is thinking
4033 1 has put down the right fork
4033 1 is sleeping
DBG_EAT2: id=3 meals=34
4033 3 has put down the left fork
4033 3 has put down the right fork
4033 3 is sleeping
4033 2 has taken the left fork
4033 2 has taken the right fork
4033 2 is eating
DBG_EAT: id=2 time_last_meal=4033
4033 4 has taken the left fork
4033 4 has taken the right fork
4033 4 is eating
DBG_EAT: id=4 time_last_meal=4033
4093 1 is thinking
4093 3 is thinking
DBG_EAT2: id=2 meals=34
4093 2 has put down the right fork
4093 2 has put down the left fork
4093 2 is sleeping
DBG_EAT2: id=4 meals=34
4093 4 has put down the right fork
4093 4 has put down the left fork
4093 3 has taken the right fork
4093 3 has taken the left fork
4093 3 is eating
DBG_EAT: id=3 time_last_meal=4093
4093 4 is sleeping
4093 1 has taken the right fork
4093 1 has taken the left fork
4093 1 is eating
DBG_EAT: id=1 time_last_meal=4093
4153 2 is thinking
DBG_EAT2: id=3 meals=35
4153 3 has put down the left fork
4153 3 has put down the right fork
4153 3 is sleeping
4153 4 is thinking
4153 2 has taken the left fork
DBG_EAT2: id=1 meals=35
4153 1 has put down the left fork
4153 1 has put down the right fork
4153 4 has taken the left fork
4153 4 has taken the right fork
4153 4 is eating
DBG_EAT: id=4 time_last_meal=4153
4153 1 is sleeping
4153 2 has taken the right fork
4153 2 is eating
DBG_EAT: id=2 time_last_meal=4153
4213 3 is thinking
4213 1 is thinking
DBG_EAT2: id=4 meals=35
4213 4 has put down the right fork
DBG_EAT2: id=2 meals=35
4213 2 has put down the right fork
4213 4 has put down the left fork
4213 2 has put down the left fork
4213 2 is sleeping
4213 4 is sleeping
4213 3 has taken the right fork
4213 3 has taken the left fork
4213 3 is eating
DBG_EAT: id=3 time_last_meal=4213
4213 1 has taken the right fork
4213 1 has taken the left fork
4213 1 is eating
DBG_EAT: id=1 time_last_meal=4213
DBG_EAT2: id=3 meals=36
4273 3 has put down the left fork
4273 3 has put down the right fork
4273 3 is sleeping
4273 2 is thinking
DBG_EAT2: id=1 meals=36
4273 1 has put down the left fork
4273 1 has put down the right fork
4273 4 is thinking
4273 1 is sleeping
4273 2 has taken the left fork
4273 2 has taken the right fork
4273 2 is eating
DBG_EAT: id=2 time_last_meal=4273
4274 4 has taken the left fork
4274 4 has taken the right fork
4274 4 is eating
DBG_EAT: id=4 time_last_meal=4274
4333 3 is thinking
4333 1 is thinking
DBG_EAT2: id=2 meals=36
4334 2 has put down the right fork
4334 2 has put down the left fork
4334 2 is sleeping
4334 3 has taken the right fork
DBG_EAT2: id=4 meals=36
4334 4 has put down the right fork
4334 4 has put down the left fork
4334 4 is sleeping
4334 1 has taken the right fork
4334 1 has taken the left fork
4334 1 is eating
DBG_EAT: id=1 time_last_meal=4334
4334 3 has taken the left fork
4334 3 is eating
DBG_EAT: id=3 time_last_meal=4334
4394 2 is thinking
4394 4 is thinking
DBG_EAT2: id=1 meals=37
4394 1 has put down the left fork
4394 1 has put down the right fork
DBG_EAT2: id=3 meals=37
4394 3 has put down the left fork
4394 3 has put down the right fork
4394 3 is sleeping
4394 1 is sleeping
4394 2 has taken the left fork
4394 2 has taken the right fork
4394 2 is eating
DBG_EAT: id=2 time_last_meal=4394
4394 4 has taken the left fork
4394 4 has taken the right fork
4394 4 is eating
DBG_EAT: id=4 time_last_meal=4394
4454 1 is thinking
4454 3 is thinking
DBG_EAT2: id=2 meals=37
4454 2 has put down the right fork
4454 2 has put down the left fork
4454 3 has taken the right fork
4454 2 is sleeping
DBG_EAT2: id=4 meals=37
4454 4 has put down the right fork
4454 4 has put down the left fork
4454 4 is sleeping
4454 1 has taken the right fork
4454 1 has taken the left fork
4454 1 is eating
DBG_EAT: id=1 time_last_meal=4454
4454 3 has taken the left fork
4454 3 is eating
DBG_EAT: id=3 time_last_meal=4454
4514 2 is thinking
4514 4 is thinking
DBG_EAT2: id=1 meals=38
4514 1 has put down the left fork
4514 1 has put down the right fork
4514 1 is sleeping
DBG_EAT2: id=3 meals=38
4514 3 has put down the left fork
4514 3 has put down the right fork
4514 2 has taken the left fork
4514 2 has taken the right fork
4514 2 is eating
DBG_EAT: id=2 time_last_meal=4514
4514 3 is sleeping
4514 4 has taken the left fork
4514 4 ha