DBG_INIT: meal_mutex init for philo 1
DBG_INIT: meal_mutex init for philo 2
DBG: init philo[1].time_last_meal=0
DBG: init philo[2].time_last_meal=0
0 1 has taken the right fork
0 1 has taken the left fork
0 1 is eating
DBG_EAT: id=1 time_last_meal=0
DBG: start_time=1758403004500
DBG_EAT2: id=1 meals=1
101 1 has put down the left fork
102 1 has put down the right fork
102 1 is sleeping
102 2 has taken the left fork
102 2 has taken the right fork
102 2 is eating
DBG_EAT: id=2 time_last_meal=102
DBG_EAT2: id=2 meals=1
202 2 has put down the right fork
202 2 has put down the left fork
202 2 is sleeping
304 1 is thinking
304 1 has taken the right fork
304 1 has taken the left fork
304 1 is eating
DBG_EAT: id=1 time_last_meal=304
403 2 is thinking
DBG_EAT2: id=1 meals=2
404 1 has put down the left fork
404 1 has put down the right fork
404 1 is sleeping
404 2 has taken the left fork
404 2 has taken the right fork
404 2 is eating
DBG_EAT: id=2 time_last_meal=404
DBG_EAT2: id=2 meals=2
504 2 has put down the right fork
504 2 has put down the left fork
504 2 is sleeping
604 1 is thinking
604 1 has taken the right fork
604 1 has taken the left fork
604 1 is eating
DBG_EAT: id=1 time_last_meal=604
705 2 is thinking
DBG_EAT2: id=1 meals=3
705 1 has put down the left fork
705 1 has put down the right fork
705 1 is sleeping
705 2 has taken the left fork
705 2 has taken the right fork
705 2 is eating
DBG_EAT: id=2 time_last_meal=705
DBG_EAT2: id=2 meals=3
805 2 has put down the right fork
805 2 has put down the left fork
805 2 is sleeping
905 1 is thinking
905 1 has taken the right fork
905 1 has taken the left fork
905 1 is eating
DBG_EAT: id=1 time_last_meal=905
DBG_EAT2: id=1 meals=4
1005 1 has put down the left fork
1005 1 has put down the right fork
1005 1 is sleeping
1005 2 is thinking
1006 2 has taken the left fork
1006 2 has taken the right fork
1006 2 is eating
DBG_EAT: id=2 time_last_meal=1006
DBG_EAT2: id=2 meals=4
1106 2 has put down the right fork
1106 2 has put down the left fork
1106 2 is sleeping
1205 1 is thinking
1205 1 has taken the right fork
1205 1 has taken the left fork
1205 1 is eating
DBG_EAT: id=1 time_last_meal=1205
DBG_EAT2: id=1 meals=5
1305 1 has put down the left fork
1305 1 has put down the right fork
1305 1 is sleeping
1306 2 is thinking
1306 2 has taken the left fork
1306 2 has taken the right fork
1306 2 is eating
DBG_EAT: id=2 time_last_meal=1306
DBG_EAT2: id=2 meals=5
1407 2 has put down the right fork
1407 2 has put down the left fork
1407 2 is sleeping
1407 All philosophers ate enough
