DBG_INIT: meal_mutex init for philo 1
DBG_INIT: meal_mutex init for philo 2
DBG_INIT: meal_mutex init for philo 3
DBG_INIT: meal_mutex init for philo 4
DBG_INIT: meal_mutex init for philo 5
DBG: init philo[1].time_last_meal=0
DBG: init philo[2].time_last_meal=0
DBG: init philo[3].time_last_meal=0
DBG: init philo[4].time_last_meal=0
DBG: init philo[5].time_last_meal=0
1 1 has taken the right fork
1 1 has taken the left fork
1 1 is eating
DBG_EAT: id=1 time_last_meal=1
1 3 has taken the right fork
1 3 has taken the left fork
1 3 is eating
DBG_EAT: id=3 time_last_meal=1
1 5 has taken the right fork
DBG: start_time=1758387729142
DBG_EAT2: id=1 meals=1
101 1 has put down the left fork
101 1 has put down the right fork
101 1 is sleeping
101 5 has taken the left fork
101 5 is eating
DBG_EAT: id=5 time_last_meal=101
DBG_EAT2: id=3 meals=1
101 3 has put down the left fork
101 3 has put down the right fork
101 3 is sleeping
101 2 has taken the left fork
101 2 has taken the right fork
101 2 is eating
DBG_EAT: id=2 time_last_meal=101
DBG_EAT2: id=5 meals=1
201 5 has put down the left fork
201 5 has put down the right fork
201 5 is sleeping
201 4 has taken the left fork
201 4 has taken the right fork
201 4 is eating
DBG_EAT: id=4 time_last_meal=201
DBG_EAT2: id=2 meals=1
202 2 has put down the right fork
202 2 has put down the left fork
202 2 is sleeping
301 1 is thinking
301 1 has taken the right fork
301 1 has taken the left fork
301 1 is eating
DBG_EAT: id=1 time_last_meal=301
301 3 is thinking
301 3 has taken the right fork
DBG_EAT2: id=4 meals=1
302 4 has put down the right fork
302 4 has put down the left fork
302 4 is sleeping
302 3 has taken the left fork
302 3 is eating
DBG_EAT: id=3 time_last_meal=302
DBG_EAT2: id=1 meals=2
401 1 has put down the left fork
401 1 has put down the right fork
401 1 is sleeping
402 5 is thinking
402 5 has taken the right fork
402 5 has taken the left fork
402 5 is eating
DBG_EAT: id=5 time_last_meal=402
402 2 is thinking
DBG_EAT2: id=3 meals=2
402 3 has put down the left fork
402 3 has put down the right fork
402 3 is sleeping
402 2 has taken the left fork
402 2 has taken the right fork
402 2 is eating
DBG_EAT: id=2 time_last_meal=402
DBG_EAT2: id=5 meals=2
502 5 has put down the left fork
502 5 has put down the right fork
502 5 is sleeping
502 4 is thinking
502 4 has taken the left fork
502 4 has taken the right fork
502 4 is eating
DBG_EAT: id=4 time_last_meal=502
DBG_EAT2: id=2 meals=2
502 2 has put down the right fork
502 2 has put down the left fork
502 2 is sleeping
602 1 is thinking
602 1 has taken the right fork
602 1 has taken the left fork
602 1 is eating
DBG_EAT: id=1 time_last_meal=602
DBG_EAT2: id=4 meals=2
602 4 has put down the right fork
602 4 has put down the left fork
602 4 is sleeping
602 3 is thinking
602 3 has taken the right fork
602 3 has taken the left fork
602 3 is eating
DBG_EAT: id=3 time_last_meal=602
DBG_EAT2: id=1 meals=3
702 1 has put down the left fork
702 1 has put down the right fork
702 1 is sleeping
702 5 is thinking
702 5 has taken the right fork
702 5 has taken the left fork
702 5 is eating
DBG_EAT: id=5 time_last_meal=702
DBG_EAT2: id=3 meals=3
702 3 has put down the left fork
702 3 has put down the right fork
702 3 is sleeping
702 2 is thinking
703 2 has taken the left fork
703 2 has taken the right fork
703 2 is eating
DBG_EAT: id=2 time_last_meal=703
DBG_EAT2: id=5 meals=3
802 5 has put down the left fork
802 5 has put down the right fork
802 5 is sleeping
802 4 is thinking
803 4 has taken the left fork
803 4 has taken the right fork
803 4 is eating
DBG_EAT: id=4 time_last_meal=803
DBG_EAT2: id=2 meals=3
803 2 has put down the right fork
803 2 has put down the left fork
803 2 is sleeping
902 1 is thinking
902 1 has taken the right fork
902 1 has taken the left fork
902 1 is eating
DBG_EAT: id=1 time_last_meal=902
DBG_EAT2: id=4 meals=3
903 4 has put down the right fork
903 4 has put down the left fork
903 3 is thinking
903 3 has taken the right fork
903 3 has taken the left fork
903 3 is eating
DBG_EAT: id=3 time_last_meal=903
903 4 is sleeping
DBG_EAT2: id=1 meals=4
1002 1 has put down the left fork
1002 1 has put down the right fork
1002 5 is thinking
1002 5 has taken the right fork
1002 5 has taken the left fork
1002 5 is eating
DBG_EAT: id=5 time_last_meal=1002
1002 1 is sleeping
DBG_EAT2: id=3 meals=4
1003 3 has put down the left fork
1003 3 has put down the right fork
1003 2 is thinking
1003 3 is sleeping
1003 2 has taken the left fork
1003 2 has taken the right fork
1003 2 is eating
DBG_EAT: id=2 time_last_meal=1003
DBG_EAT2: id=5 meals=4
1102 5 has put down the left fork
1102 5 has put down the right fork
1102 5 is sleeping
1103 4 is thinking
1103 4 has taken the left fork
1103 4 has taken the right fork
1103 4 is eating
DBG_EAT: id=4 time_last_meal=1103
DBG_EAT2: id=2 meals=4
1103 2 has put down the right fork
1103 2 has put down the left fork
1104 2 is sleeping
1202 1 is thinking
1202 1 has taken the right fork
1202 1 has taken the left fork
1202 1 is eating
DBG_EAT: id=1 time_last_meal=1202
DBG_EAT2: id=4 meals=4
1204 4 has put down the right fork
1204 4 has put down the left fork
1204 3 is thinking
1204 3 has taken the right fork
1204 3 has taken the left fork
1204 3 is eating
DBG_EAT: id=3 time_last_meal=1204
1204 4 is sleeping
1302 5 is thinking
1302 5 has taken the right fork
DBG_EAT2: id=1 meals=5
1303 1 has put down the left fork
1303 1 has put down the right fork
1303 1 is sleeping
1303 5 has taken the left fork
1303 5 is eating
DBG_EAT: id=5 time_last_meal=1303
DBG_EAT2: id=3 meals=5
1304 3 has put down the left fork
1304 3 has put down the right fork
1304 2 is thinking
1304 3 is sleeping
1304 2 has taken the left fork
1304 2 has taken the right fork
1304 2 is eating
DBG_EAT: id=2 time_last_meal=1304
DBG_EAT2: id=5 meals=5
1403 5 has put down the left fork
1403 5 has put down the right fork
1403 5 is sleeping
1404 4 is thinking
1404 4 has taken the left fork
1404 4 has taken the right fork
1404 4 is eating
DBG_EAT: id=4 time_last_meal=1404
DBG_EAT2: id=2 meals=5
1404 2 has put down the right fork
1404 2 has put down the left fork
1404 2 is sleeping
1503 1 is thinking
1503 1 has taken the right fork
1503 1 has taken the left fork
1503 1 is eating
DBG_EAT: id=1 time_last_meal=1503
1504 3 is thinking
1504 3 has taken the right fork
DBG_EAT2: id=4 meals=5
1504 4 has put down the right fork
1504 4 has put down the left fork
1504 4 is sleeping
1504 3 has taken the left fork
1504 3 is eating
DBG_EAT: id=3 time_last_meal=1504
DBG_EAT2: id=1 meals=6
1603 1 has put down the left fork
1603 1 has put down the right fork
1603 5 is thinking
1603 5 has taken the right fork
1603 5 has taken the left fork
1603 5 is eating
DBG_EAT: id=5 time_last_meal=1603
1603 1 is sleeping
1604 2 is thinking
DBG_EAT2: id=3 meals=6
1605 3 has put down the left fork
1605 3 has put down the right fork
1605 2 has taken the left fork
1605 2 has taken the right fork
1605 2 is eating
DBG_EAT: id=2 time_last_meal=1605
1605 3 is sleeping
DBG_EAT2: id=5 meals=6
1703 5 has put down the left fork
1703 5 has put down the right fork
1703 5 is sleeping
DBG_EAT2: id=2 meals=6
1705 2 has put down the right fork
1705 2 has put down the left fork
1705 4 is thinking
1705 2 is sleeping
1705 4 has taken the left fork
1705 4 has taken the right fork
1705 4 is eating
DBG_EAT: id=4 time_last_meal=1705
1803 1 is thinking
1803 1 has taken the right fork
1803 1 has taken the left fork
1803 1 is eating
DBG_EAT: id=1 time_last_meal=1803
1805 3 is thinking
1805 3 has taken the right fork
DBG_EAT2: id=4 meals=6
1805 4 has put down the right fork
1805 4 has put down the left fork
1805 4 is sleeping
1805 3 has taken the left fork
1805 3 is eating
DBG_EAT: id=3 time_last_meal=1805
DBG_EAT2: id=1 meals=7
1903 1 has put down the left fork
1903 1 has put down the right fork
1903 1 is sleeping
1903 5 is thinking
1903 5 has taken the right fork
1903 5 has taken the left fork
1903 5 is eating
DBG_EAT: id=5 time_last_meal=1903
1905 2 is thinking
DBG_EAT2: id=3 meals=7
1906 3 has put down the left fork
1906 3 has put down the right fork
1906 3 is sleeping
1906 2 has taken the left fork
1906 2 has taken the right fork
1906 2 is eating
DBG_EAT: id=2 time_last_meal=1906
DBG_EAT2: id=5 meals=7
2004 5 has put down the left fork
2004 5 has put down the right fork
2004 5 is sleeping
2005 4 is thinking
2006 4 has taken the left fork
2006 4 has taken the right fork
2006 4 is eating
DBG_EAT: id=4 time_last_meal=2006
DBG_EAT2: id=2 meals=7
2006 2 has put down the right fork
2006 2 has put down the left fork
2006 2 is sleeping
2104 1 is thinking
2104 1 has taken the right fork
2104 1 has taken the left fork
2104 1 is eating
DBG_EAT: id=1 time_last_meal=2104
DBG_EAT2: id=4 meals=7
2106 4 has put down the right fork
2106 4 has put down the left fork
2106 4 is sleeping
2106 3 is thinking
2106 3 has taken the right fork
2106 3 has taken the left fork
2106 3 is eating
DBG_EAT: id=3 time_last_meal=2106
4103 5 is thinking
4103 5 has taken the right fork
DBG_EAT2: id=1 meals=8
4103 1 has put down the left fork
4104 1 has put down the right fork
4104 5 has taken the left fork
4104 5 is eating
DBG_EAT: id=5 time_last_meal=4104
4104 1 is sleeping
4104 1 has died (last meal at 2104)
DBG_EAT2: id=3 meals=8
DBG_EAT2: id=5 meals=8
