DBG_INIT: meal_mutex init for philo 1
DBG_INIT: meal_mutex init for philo 2
DBG_INIT: meal_mutex init for philo 3
DBG_INIT: meal_mutex init for philo 4
DBG: init philo[1].time_last_meal=0
DBG: init philo[2].time_last_meal=0
DBG: init philo[3].time_last_meal=0
DBG: init philo[4].time_last_meal=0
0 1 has taken the right fork
0 1 has taken the left fork
0 1 is eating
DBG_EAT: id=1 time_last_meal=0
0 3 has taken the right fork
0 3 has taken the left fork
0 3 is eating
DBG_EAT: id=3 time_last_meal=0
DBG: start_time=1758387072618
DBG_EAT2: id=1 meals=1
200 1 has put down the left fork
200 1 has put down the right fork
200 1 is sleeping
200 4 has taken the left fork
DBG_EAT2: id=3 meals=1
200 3 has put down the left fork
200 3 has put down the right fork
200 3 is sleeping
200 4 has taken the right fork
200 4 is eating
DBG_EAT: id=4 time_last_meal=200
200 2 has taken the left fork
200 2 has taken the right fork
200 2 is eating
DBG_EAT: id=2 time_last_meal=200
300 1 is thinking
300 3 is thinking
DBG_EAT2: id=4 meals=1
400 4 has put down the right fork
DBG_EAT2: id=2 meals=1
400 2 has put down the right fork
400 4 has put down the left fork
400 2 has put down the left fork
400 2 is sleeping
400 4 is sleeping
400 1 has taken the right fork
400 1 has taken the left fork
400 1 is eating
DBG_EAT: id=1 time_last_meal=400
401 3 has taken the right fork
401 3 has taken the left fork
401 3 is eating
DBG_EAT: id=3 time_last_meal=401
501 2 is thinking
501 4 is thinking
DBG_EAT2: id=1 meals=2
601 1 has put down the left fork
DBG_EAT2: id=3 meals=2
601 3 has put down the left fork
601 1 has put down the right fork
601 3 has put down the right fork
601 3 is sleeping
601 1 is sleeping
601 4 has taken the left fork
601 4 has taken the right fork
601 4 is eating
DBG_EAT: id=4 time_last_meal=601
601 2 has taken the left fork
601 2 has taken the right fork
601 2 is eating
DBG_EAT: id=2 time_last_meal=601
701 3 is thinking
701 1 is thinking
DBG_EAT2: id=4 meals=2
801 4 has put down the right fork
801 4 has put down the left fork
DBG_EAT2: id=2 meals=2
801 2 has put down the right fork
801 4 is sleeping
801 2 has put down the left fork
801 2 is sleeping
801 1 has taken the right fork
801 1 has taken the left fork
801 1 is eating
DBG_EAT: id=1 time_last_meal=801
801 3 has taken the right fork
801 3 has taken the left fork
801 3 is eating
DBG_EAT: id=3 time_last_meal=801
901 4 is thinking
901 2 is thinking
DBG_EAT2: id=1 meals=3
1001 1 has put down the left fork
DBG_EAT2: id=3 meals=3
1001 3 has put down the left fork
1001 1 has put down the right fork
1001 3 has put down the right fork
1001 3 is sleeping
1001 1 is sleeping
1002 4 has taken the left fork
1002 4 has taken the right fork
1002 4 is eating
DBG_EAT: id=4 time_last_meal=1002
1002 2 has taken the left fork
1002 2 has taken the right fork
1002 2 is eating
DBG_EAT: id=2 time_last_meal=1002
1102 3 is thinking
1102 1 is thinking
DBG_EAT2: id=4 meals=3
1202 4 has put down the right fork
DBG_EAT2: id=2 meals=3
1202 2 has put down the right fork
1202 4 has put down the left fork
1202 2 has put down the left fork
1202 2 is sleeping
1202 4 is sleeping
1202 1 has taken the right fork
1202 1 has taken the left fork
1202 1 is eating
DBG_EAT: id=1 time_last_meal=1202
1202 3 has taken the right fork
1202 3 has taken the left fork
1202 3 is eating
DBG_EAT: id=3 time_last_meal=1202
1302 4 is thinking
1302 2 is thinking
DBG_EAT2: id=3 meals=4
1402 3 has put down the left fork
DBG_EAT2: id=1 meals=4
1402 1 has put down the left fork
1402 3 has put down the right fork
1402 3 is sleeping
1402 1 has put down the right fork
1402 1 is sleeping
1402 2 has taken the left fork
1402 2 has taken the right fork
1402 2 is eating
DBG_EAT: id=2 time_last_meal=1402
1402 4 has taken the left fork
1402 4 has taken the right fork
1402 4 is eating
DBG_EAT: id=4 time_last_meal=1402
1502 3 is thinking
1502 1 is thinking
DBG_EAT2: id=4 meals=4
1603 4 has put down the right fork
DBG_EAT2: id=2 meals=4
1603 2 has put down the right fork
1603 4 has put down the left fork
1603 4 is sleeping
1603 2 has put down the left fork
1603 2 is sleeping
1603 3 has taken the right fork
1603 3 has taken the left fork
1603 3 is eating
DBG_EAT: id=3 time_last_meal=1603
1603 1 has taken the right fork
1603 1 has taken the left fork
1603 1 is eating
DBG_EAT: id=1 time_last_meal=1603
1703 2 is thinking
1703 4 is thinking
DBG_EAT2: id=3 meals=5
1803 3 has put down the left fork
1803 3 has put down the right fork
1803 3 is sleeping
DBG_EAT2: id=1 meals=5
1803 1 has put down the left fork
1803 1 has put down the right fork
1803 2 has taken the left fork
1803 2 has taken the right fork
1803 2 is eating
DBG_EAT: id=2 time_last_meal=1803
1803 4 has taken the left fork
1803 4 has taken the right fork
1803 4 is eating
DBG_EAT: id=4 time_last_meal=1803
1803 1 is sleeping
1904 1 is thinking
1904 3 is thinking
DBG_EAT2: id=2 meals=5
2004 2 has put down the right fork
DBG_EAT2: id=4 meals=5
2004 4 has put down the right fork
2004 2 has put down the left fork
2004 4 has put down the left fork
2004 4 is sleeping
2004 2 is sleeping
2004 3 has taken the right fork
2004 3 has taken the left fork
2004 3 is eating
DBG_EAT: id=3 time_last_meal=2004
2004 1 has taken the right fork
2004 1 has taken the left fork
2004 1 is eating
DBG_EAT: id=1 time_last_meal=2004
2104 2 is thinking
2104 4 is thinking
DBG_EAT2: id=3 meals=6
2204 3 has put down the left fork
DBG_EAT2: id=1 meals=6
2204 1 has put down the left fork
2204 3 has put down the right fork
2204 1 has put down the right fork
2204 1 is sleeping
2204 4 has taken the left fork
2204 4 has taken the right fork
2204 3 is sleeping
2204 4 is eating
DBG_EAT: id=4 time_last_meal=2204
2204 2 has taken the left fork
2204 2 has taken the right fork
2204 2 is eating
DBG_EAT: id=2 time_last_meal=2204
2304 3 is thinking
2304 1 is thinking
DBG_EAT2: id=4 meals=6
2404 4 has put down the right fork
DBG_EAT2: id=2 meals=6
2404 2 has put down the right fork
2404 4 has put down the left fork
2404 2 has put down the left fork
2404 2 is sleeping
2404 4 is sleeping
2404 3 has taken the right fork
2404 1 has taken the right fork
2404 1 has taken the left fork
2404 1 is eating
DBG_EAT: id=1 time_last_meal=2404
2404 3 has taken the left fork
2404 All philosophers ate enough
DBG_EAT2: id=1 meals=7
