DBG_INIT: meal_mutex init for philo 1
DBG_INIT: meal_mutex init for philo 2
DBG: init philo[1].time_last_meal=0
DBG: init philo[2].time_last_meal=0
0 1 has taken the right fork
0 1 has taken the left fork
0 1 is eating
DBG_EAT: id=1 time_last_meal=0
DBG: start_time=1758403212436
DBG_EAT2: id=1 meals=1
200 1 has put down the left fork
200 1 has put down the right fork
200 1 is sleeping
200 2 has taken the left fork
200 2 has taken the right fork
200 2 is eating
DBG_EAT: id=2 time_last_meal=200
260 1 is thinking
DBG_EAT2: id=2 meals=1
400 2 has put down the right fork
400 2 has put down the left fork
401 2 is sleeping
401 1 has taken the right fork
401 1 has taken the left fork
401 1 is eating
DBG_EAT: id=1 time_last_meal=401
461 2 is thinking
DBG_EAT2: id=1 meals=2
601 1 has put down the left fork
601 1 has put down the right fork
601 1 is sleeping
601 2 has taken the left fork
601 2 has taken the right fork
601 2 is eating
DBG_EAT: id=2 time_last_meal=601
661 1 is thinking
DBG_EAT2: id=2 meals=2
801 2 has put down the right fork
801 2 has put down the left fork
801 2 is sleeping
801 1 has taken the right fork
801 1 has taken the left fork
801 1 is eating
DBG_EAT: id=1 time_last_meal=801
861 2 is thinking
DBG_EAT2: id=1 meals=3
1001 1 has put down the left fork
1001 1 has put down the right fork
1002 1 is sleeping
1002 2 has taken the left fork
1002 2 has taken the right fork
1002 2 is eating
DBG_EAT: id=2 time_last_meal=1002
1062 1 is thinking
DBG_EAT2: id=2 meals=3
1202 2 has put down the right fork
1202 2 has put down the left fork
1202 2 is sleeping
1202 1 has taken the right fork
1202 1 has taken the left fork
1202 1 is eating
DBG_EAT: id=1 time_last_meal=1202
1262 2 is thinking
DBG_EAT2: id=1 meals=4
1402 1 has put down the left fork
1402 1 has put down the right fork
1402 2 has taken the left fork
1402 1 is sleeping
1402 2 has taken the right fork
1402 2 is eating
DBG_EAT: id=2 time_last_meal=1402
1462 1 is thinking
DBG_EAT2: id=2 meals=4
1602 2 has put down the right fork
1602 2 has put down the left fork
1602 2 is sleeping
1602 1 has taken the right fork
1602 1 has taken the left fork
1602 1 is eating
DBG_EAT: id=1 time_last_meal=1602
1663 2 is thinking
DBG_EAT2: id=1 meals=5
1803 1 has put down the left fork
1803 1 has put down the right fork
1803 1 is sleeping
1803 2 has taken the left fork
1803 2 has taken the right fork
1803 2 is eating
DBG_EAT: id=2 time_last_meal=1803
1863 1 is thinking
DBG_EAT2: id=2 meals=5
2003 2 has put down the right fork
2003 2 has put down the left fork
2003 2 is sleeping
2003 1 has taken the right fork
2003 1 has taken the left fork
2003 1 is eating
DBG_EAT: id=1 time_last_meal=2003
2063 2 is thinking
DBG_EAT2: id=1 meals=6
2203 1 has put down the left fork
2203 1 has put down the right fork
2203 1 is sleeping
2203 2 has taken the left fork
2203 2 has taken the right fork
2203 2 is eating
DBG_EAT: id=2 time_last_meal=2203
2264 1 is thinking
DBG_EAT2: id=2 meals=6
2404 2 has put down the right fork
2404 2 has put down the left fork
2404 2 is sleeping
2404 1 has taken the right fork
2404 1 has taken the left fork
2404 1 is eating
DBG_EAT: id=1 time_last_meal=2404
2464 2 is thinking
DBG_EAT2: id=1 meals=7
2604 1 has put down the left fork
2604 1 has put down the right fork
2604 1 is sleeping
2604 2 has taken the left fork
2604 2 has taken the right fork
2604 2 is eating
DBG_EAT: id=2 time_last_meal=2604
2665 1 is thinking
DBG_EAT2: id=2 meals=7
2804 2 has put down the right fork
2805 2 has put down the left fork
2805 2 is sleeping
2805 1 has taken the right fork
2805 1 has taken the left fork
2805 1 is eating
DBG_EAT: id=1 time_last_meal=2805
2865 2 is thinking
DBG_EAT2: id=1 meals=8
3005 1 has put down the left fork
3005 1 has put down the right fork
3005 1 is sleeping
3005 2 has taken the left fork
3005 2 has taken the right fork
3005 2 is eating
DBG_EAT: id=2 time_last_meal=3005
3065 1 is thinking
DBG_EAT2: id=2 meals=8
3205 2 has put down the right fork
3205 2 has put down the left fork
3205 2 is sleeping
3205 1 has taken the right fork
3205 1 has taken the left fork
3205 1 is eati