DBG_INIT: meal_mutex init for philo 1
DBG_INIT: meal_mutex init for philo 2
DBG_INIT: meal_mutex init for philo 3
DBG_INIT: meal_mutex init for philo 4
DBG: init philo[1].time_last_meal=0
DBG: init philo[2].time_last_meal=0
DBG: init philo[3].time_last_meal=0
DBG: init philo[4].time_last_meal=0
0 1 has taken the right fork
0 1 has taken the left fork
0 1 is eating
DBG_EAT: id=1 time_last_meal=0
0 3 has taken the right fork
0 3 has taken the left fork
0 3 is eating
DBG_EAT: id=3 time_last_meal=0
DBG: start_time=1758386764173
DBG_EAT2: id=1 meals=1
60 1 has put down the left fork
60 1 has put down the right fork
60 1 is sleeping
60 4 has taken the left fork
DBG_EAT2: id=3 meals=1
60 3 has put down the left fork
60 4 has taken the right fork
60 4 is eating
DBG_EAT: id=4 time_last_meal=60
60 3 has put down the right fork
60 3 is sleeping
60 2 has taken the left fork
60 2 has taken the right fork
60 2 is eating
DBG_EAT: id=2 time_last_meal=60
DBG_EAT2: id=4 meals=1
120 4 has put down the right fork
120 4 has put down the left fork
121 1 is thinking
121 4 is sleeping
121 1 has taken the right fork
121 3 is thinking
DBG_EAT2: id=2 meals=1
121 2 has put down the right fork
121 2 has put down the left fork
121 2 is sleeping
121 3 has taken the right fork
121 3 has taken the left fork
121 3 is eating
DBG_EAT: id=3 time_last_meal=121
121 1 has taken the left fork
121 1 is eating
DBG_EAT: id=1 time_last_meal=121
181 4 is thinking
DBG_EAT2: id=3 meals=2
181 3 has put down the left fork
181 3 has put down the right fork
181 3 is sleeping
181 2 is thinking
DBG_EAT2: id=1 meals=2
181 1 has put down the left fork
181 1 has put down the right fork
181 1 is sleeping
181 4 has taken the left fork
181 4 has taken the right fork
181 4 is eating
DBG_EAT: id=4 time_last_meal=181
181 2 has taken the left fork
181 2 has taken the right fork
181 2 is eating
DBG_EAT: id=2 time_last_meal=181
241 3 is thinking
241 1 is thinking
DBG_EAT2: id=4 meals=2
241 4 has put down the right fork
241 4 has put down the left fork
241 4 is sleeping
241 1 has taken the right fork
DBG_EAT2: id=2 meals=2
241 2 has put down the right fork
241 2 has put down the left fork
241 1 has taken the left fork
241 1 is eating
DBG_EAT: id=1 time_last_meal=241
241 2 is sleeping
241 3 has taken the right fork
241 3 has taken the left fork
241 3 is eating
DBG_EAT: id=3 time_last_meal=241
301 4 is thinking
DBG_EAT2: id=1 meals=3
301 1 has put down the left fork
301 2 is thinking
301 1 has put down the right fork
301 1 is sleeping
301 4 has taken the left fork
DBG_EAT2: id=3 meals=3
301 3 has put down the left fork
301 3 has put down the right fork
301 2 has taken the left fork
301 2 has taken the right fork
301 2 is eating
DBG_EAT: id=2 time_last_meal=301
301 3 is sleeping
301 4 has taken the right fork
301 4 is eating
DBG_EAT: id=4 time_last_meal=301
361 1 is thinking
DBG_EAT2: id=2 meals=3
361 2 has put down the right fork
361 2 has put down the left fork
361 3 is thinking
361 3 has taken the right fork
DBG_EAT2: id=4 meals=3
361 4 has put down the right fork
361 4 has put down the left fork
361 2 is sleeping
361 1 has taken the right fork
361 1 has taken the left fork
361 1 is eating
DBG_EAT: id=1 time_last_meal=361
362 4 is sleeping
362 3 has taken the left fork
362 3 is eating
DBG_EAT: id=3 time_last_meal=362
362 All philosophers ate enough
DBG_EAT2: id=1 meals=4
DBG_EAT2: id=3 meals=4
