DBG_INIT: meal_mutex init for philo 1
DBG_INIT: meal_mutex init for philo 2
DBG: init philo[1].time_last_meal=0
DBG: init philo[2].time_last_meal=0
0 1 has taken the right fork
0 1 has taken the left fork
0 1 is eating
DBG_EAT: id=1 time_last_meal=0
DBG: start_time=1758403032862
DBG_EAT2: id=1 meals=1
60 1 has put down the left fork
60 1 has put down the right fork
60 1 is sleeping
60 2 has taken the left fork
60 2 has taken the right fork
60 2 is eating
DBG_EAT: id=2 time_last_meal=60
DBG_EAT2: id=2 meals=1
121 2 has put down the right fork
121 2 has put down the left fork
121 2 is sleeping
160 1 is thinking
160 1 has taken the right fork
160 1 has taken the left fork
160 1 is eating
DBG_EAT: id=1 time_last_meal=160
DBG_EAT2: id=1 meals=2
221 1 has put down the left fork
221 1 has put down the right fork
221 2 is thinking
221 1 is sleeping
221 2 has taken the left fork
221 2 has taken the right fork
221 2 is eating
DBG_EAT: id=2 time_last_meal=221
DBG_EAT2: id=2 meals=2
283 2 has put down the right fork
283 2 has put down the left fork
283 2 is sleeping
323 1 is thinking
323 1 has taken the right fork
323 1 has taken the left fork
323 1 is eating
DBG_EAT: id=1 time_last_meal=323
DBG_EAT2: id=1 meals=3
384 1 has put down the left fork
384 1 has put down the right fork
384 1 is sleeping
385 2 is thinking
385 2 has taken the left fork
385 2 has taken the right fork
385 2 is eating
DBG_EAT: id=2 time_last_meal=385
DBG_EAT2: id=2 meals=3
446 2 has put down the right fork
446 2 has put down the left fork
446 2 is sleeping
486 1 is thinking
486 1 has taken the right fork
486 1 has taken the left fork
486 1 is eating
DBG_EAT: id=1 time_last_meal=486
DBG_EAT2: id=1 meals=4
546 1 has put down the left fork
546 1 has put down the right fork
546 1 is sleeping
548 2 is thinking
548 2 has taken the left fork
548 2 has taken the right fork
548 2 is eating
DBG_EAT: id=2 time_last_meal=548
DBG_EAT2: id=2 meals=4
609 2 has put down the right fork
609 2 has put down the left fork
609 2 is sleeping
648 1 is thinking
648 1 has taken the right fork
648 1 has taken the left fork
648 1 is eating
DBG_EAT: id=1 time_last_meal=648
DBG_EAT2: id=1 meals=5
709 1 has put down the left fork
709 1 has put down the right fork
709 1 is sleeping
710 2 is thinking
710 2 has taken the left fork
710 2 has taken the right fork
710 2 is eating
DBG_EAT: id=2 time_last_meal=710
DBG_EAT2: id=2 meals=5
772 2 has put down the right fork
772 2 has put down the left fork
772 2 is sleeping
810 1 is thinking
810 1 has taken the right fork
810 1 has taken the left fork
810 1 is eating
DBG_EAT: id=1 time_last_meal=810
DBG_EAT2: id=1 meals=6
871 1 has put down the left fork
871 1 has put down the right fork
871 1 is sleeping
873 2 is thinking
874 2 has taken the left fork
874 2 has taken the right fork
874 2 is eating
DBG_EAT: id=2 time_last_meal=874
DBG_EAT2: id=2 meals=6
935 2 has put down the right fork
935 2 has put down the left fork
935 2 is sleeping
973 1 is thinking
973 1 has taken the right fork
973 1 has taken the left fork
973 1 is eating
DBG_EAT: id=1 time_last_meal=973
DBG_EAT2: id=1 meals=7
1034 1 has put down the left fork
1034 1 has put down the right fork
1034 1 is sleeping
1037 2 is thinking
1037 2 has taken the left fork
1037 2 has taken the right fork
1037 2 is eating
DBG_EAT: id=2 time_last_meal=1037
DBG_EAT2: id=2 meals=7
1098 2 has put down the right fork
1098 2 has put down the left fork
1098 2 is sleeping
1136 1 is thinking
1136 1 has taken the right fork
1136 1 has taken the left fork
1136 1 is eating
DBG_EAT: id=1 time_last_meal=1136
DBG_EAT2: id=1 meals=8
1197 1 has put down the left fork
1197 1 has put down the right fork
1197 1 is sleeping
1200 2 is thinking
1200 2 has taken the left fork
1200 2 has taken the right fork
1200 2 is eating
DBG_EAT: id=2 time_last_meal=1200
DBG_EAT2: id=2 meals=8
1261 2 has put down the right fork
1261 2 has put down the left fork
1261 2 is sleeping
1299 1 is thinking
1299 1 has taken the right fork
1299 1 has taken the left fork
1299 1 is eating
DBG_EAT: id=1 time_last_meal=1299
DBG_EAT2: id=1 meals=9
1360 1 has put down the left fork
1361 1 has put down the right fork
1361 1 is sleeping
1363 2 is thinking
1363 2 has taken the left fork
1363 2 has taken the right fork
1363 2 is eating
DBG_EAT: id=2 time_last_meal=1363
DBG_EAT2: id=2 meals=9
1425 2 has put down the right fork
1425 2 has put down the left fork
1425 2 is sleeping
1462 1 is thinking
1462 1 has taken the right fork
1462 1 has taken the left fork
1462 1 is eating
DBG_EAT: id=1 time_last_meal=1462
DBG_EAT2: id=1 meals=10
1523 1 has put down the left fork
1523 1 has put down the right fork
1523 1 is sleeping
1525 2 is thinking
1526 2 has taken the left fork
1526 2 has taken the right fork
1526 2 is eating
DBG_EAT: id=2 time_last_meal=1526
DBG_EAT2: id=2 meals=10
1587 2 has put down the right fork
1587 2 has put down the left fork
1587 2 is sleeping
1625 1 is thinking
1625 1 has taken the right fork
1625 1 has taken the left fork
1625 1 is eating
DBG_EAT: id=1 time_last_meal=1625
DBG_EAT2: id=1 meals=11
1686 1 has put down the left fork
1686 1 has put down the right fork
1686 1 is sleeping
1687 2 is thinking
1688 2 has taken the left fork
1688 2 has taken the right fork
1688 2 is eating
DBG_EAT: id=2 time_last_meal=1688
DBG_EAT2: id=2 meals=11
1749 2 has put down the right fork
1749 2 has put down the left fork
1749 2 is sleeping
1787 1 is thinking
1787 1 has taken the right fork
1787 1 has taken the left fork
1787 1 is eating
DBG_EAT: id=1 time_last_meal=1787
DBG_EAT2: id=1 meals=12
1848 1 has put down the left fork
1848 1 has put down the right fork
1849 1 is sleeping
1850 2 is thinking
1850 2 has taken the left fork
1850 2 has taken the right fork
1850 2 is eating
DBG_EAT: id=2 time_last_meal=1850
DBG_EAT2: id=2 meals=12
1911 2 has put down the right fork
1911 2 has put down the left fork
1911 2 is sleeping
1950 1 is thinking
1950 1 has taken the right fork
1950 1 has taken the left fork
1950 1 is eating
DBG_EAT: id=1 time_last_meal=1950
DBG_EAT2: id=1 meals=13
2011 1 has put down the left fork
2011 1 has put down the right fork
2011 1 is sleeping
2013 2 is thinking
2013 2 has taken the left fork
2013 2 has taken the right fork
2013 2 is eating
DBG_EAT: id=2 time_last_meal=2013
DBG_EAT2: id=2 meals=13
2993 2 has put down the right fork
2993 2 has put down the left fork
2993 2 is sleeping
2994 2 has died (last meal at 2013)
