DBG_INIT: meal_mutex init for philo 1
DBG_INIT: meal_mutex init for philo 2
DBG_INIT: meal_mutex init for philo 3
DBG_INIT: meal_mutex init for philo 4
DBG_INIT: meal_mutex init for philo 5
DBG: init philo[1].time_last_meal=0
DBG: init philo[2].time_last_meal=0
DBG: init philo[3].time_last_meal=0
DBG: init philo[4].time_last_meal=0
DBG: init philo[5].time_last_meal=0
0 1 has taken the right fork
0 1 has taken the left fork
0 1 is eating
DBG_EAT: id=1 time_last_meal=0
1 3 has taken the right fork
1 3 has taken the left fork
1 3 is eating
DBG_EAT: id=3 time_last_meal=1
1 5 has taken the right fork
DBG: start_time=1758387759368
DBG_EAT2: id=1 meals=1
61 1 has put down the left fork
61 1 has put down the right fork
61 1 is sleeping
61 5 has taken the left fork
61 5 is eating
DBG_EAT: id=5 time_last_meal=61
DBG_EAT2: id=3 meals=1
61 3 has put down the left fork
61 3 has put down the right fork
61 3 is sleeping
61 2 has taken the left fork
61 2 has taken the right fork
61 2 is eating
DBG_EAT: id=2 time_last_meal=61
121 1 is thinking
DBG_EAT2: id=5 meals=1
121 5 has put down the left fork
121 5 has put down the right fork
121 1 has taken the right fork
121 4 has taken the left fork
121 4 has taken the right fork
121 4 is eating
DBG_EAT: id=4 time_last_meal=121
121 5 is sleeping
121 3 is thinking
DBG_EAT2: id=2 meals=1
121 2 has put down the right fork
121 2 has put down the left fork
121 2 is sleeping
121 1 has taken the left fork
122 1 is eating
DBG_EAT: id=1 time_last_meal=122
122 3 has taken the right fork
182 2 is thinking
DBG_EAT2: id=4 meals=1
182 5 is thinking
182 4 has put down the right fork
182 4 has put down the left fork
182 4 is sleeping
182 5 has taken the right fork
DBG_EAT2: id=1 meals=2
182 1 has put down the left fork
182 1 has put down the right fork
182 5 has taken the left fork
182 3 has taken the left fork
182 3 is eating
182 5 is eating
DBG_EAT: id=3 time_last_meal=182
DBG_EAT: id=5 time_last_meal=182
182 1 is sleeping
DBG_EAT2: id=5 meals=2
242 5 has put down the left fork
242 5 has put down the right fork
242 5 is sleeping
DBG_EAT2: id=3 meals=2
242 4 is thinking
242 3 has put down the left fork
242 1 is thinking
242 1 has taken the right fork
242 1 has taken the left fork
242 1 is eating
DBG_EAT: id=1 time_last_meal=242
242 3 has put down the right fork
242 3 is sleeping
242 2 has taken the left fork
242 4 has taken the left fork
242 4 has taken the right fork
242 4 is eating
DBG_EAT: id=4 time_last_meal=242
302 5 is thinking
DBG_EAT2: id=1 meals=3
302 1 has put down the left fork
302 1 has put down the right fork
303 3 is thinking
303 1 is sleeping
303 2 has taken the right fork
303 2 is eating
DBG_EAT: id=2 time_last_meal=303
DBG_EAT2: id=4 meals=2
303 4 has put down the right fork
303 4 has put down the left fork
303 4 is sleeping
303 5 has taken the right fork
303 5 has taken the left fork
303 5 is eating
DBG_EAT: id=5 time_last_meal=303
DBG_EAT2: id=5 meals=3
363 4 is thinking
363 5 has put down the left fork
363 5 has put down the right fork
363 5 is sleeping
363 1 is thinking
363 1 has taken the right fork
DBG_EAT2: id=2 meals=2
363 2 has put down the right fork
363 2 has put down the left fork
363 2 is sleeping
363 1 has taken the left fork
363 1 is eating
DBG_EAT: id=1 time_last_meal=363
363 4 has taken the left fork
363 4 has taken the right fork
363 4 is eating
DBG_EAT: id=4 time_last_meal=363
363 3 has taken the right fork
DBG_EAT2: id=1 meals=4
423 1 has put down the left fork
423 1 has put down the right fork
423 1 is sleeping
423 5 is thinking
DBG_EAT2: id=4 meals=3
423 2 is thinking
423 4 has put down the right fork
423 4 has put down the left fork
423 3 has taken the left fork
423 4 is sleeping
423 3 is eating
DBG_EAT: id=3 time_last_meal=423
424 5 has taken the right fork
424 5 has taken the left fork
424 5 is eating
DBG_EAT: id=5 time_last_meal=424
484 1 is thinking
DBG_EAT2: id=3 meals=3
484 3 has put down the left fork
484 4 is thinking
DBG_EAT2: id=5 meals=4
484 3 has put down the right fork
484 3 is sleeping
484 5 has put down the left fork
484 5 has put down the right fork
484 2 has taken the left fork
484 4 has taken the left fork
484 4 has taken the right fork
484 4 is eating
DBG_EAT: id=4 time_last_meal=484
484 2 has taken the right fork
484 2 is eating
DBG_EAT: id=2 time_last_meal=484
484 5 is sleeping
484 1 has taken the right fork
544 3 is thinking
DBG_EAT2: id=2 meals=3
DBG_EAT2: id=4 meals=4
544 4 has put down the right fork
544 4 has put down the left fork
544 4 is sleeping
544 2 has put down the right fork
544 5 is thinking
544 5 has taken the right fork
544 2 has put down the left fork
544 3 has taken the right fork
544 1 has taken the left fork
544 2 is sleeping
544 1 is eating
DBG_EAT: id=1 time_last_meal=544
544 3 has taken the left fork
544 3 is eating
DBG_EAT: id=3 time_last_meal=544
DBG_EAT2: id=1 meals=5
604 4 is thinking
604 1 has put down the left fork
DBG_EAT2: id=3 meals=4
604 2 is thinking
604 1 has put down the right fork
604 1 is sleeping
604 5 has taken the left fork
604 5 is eating
DBG_EAT: id=5 time_last_meal=604
605 3 has put down the left fork
605 3 has put down the right fork
605 3 is sleeping
605 2 has taken the left fork
605 2 has taken the right fork
605 2 is eating
DBG_EAT: id=2 time_last_meal=605
DBG_EAT2: id=2 meals=4
665 1 is thinking
665 2 has put down the right fork
665 2 has put down the left fork
665 2 is sleeping
DBG_EAT2: id=5 meals=5
665 5 has put down the left fork
665 3 is thinking
665 3 has taken the right fork
665 3 has taken the left fork
665 3 is eating
DBG_EAT: id=3 time_last_meal=665
665 1 has taken the right fork
665 1 has taken the left fork
665 1 is eating
DBG_EAT: id=1 time_last_meal=665
665 5 has put down the right fork
665 5 is sleeping
665 4 has taken the left fork
DBG_EAT2: id=1 meals=6
725 1 has put down the left fork
725 1 has put down the right fork
725 2 is thinking
725 5 is thinking
725 1 is sleeping
DBG_EAT2: id=3 meals=5
725 3 has put down the left fork
725 3 has put down the right fork
725 3 is sleeping
725 4 has taken the right fork
725 4 is eating
DBG_EAT: id=4 time_last_meal=725
725 2 has taken the left fork
725 2 has taken the right fork
725 2 is eating
DBG_EAT: id=2 time_last_meal=725
785 1 is thinking
786 1 has taken the right fork
DBG_EAT2: id=4 meals=5
786 4 has put down the right fork
DBG_EAT2: id=2 meals=5
786 4 has put down the left fork
786 3 is thinking
786 2 has put down the right fork
786 4 is sleeping
786 1 has taken the left fork
786 1 is eating
DBG_EAT: id=1 time_last_meal=786
786 5 has taken the right fork
786 3 has taken the right fork
786 3 has taken the left fork
786 3 is eating
DBG_EAT: id=3 time_last_meal=786
786 2 has put down the left fork
786 2 is sleeping
DBG_EAT2: id=3 meals=6
846 4 is thinking
846 3 has put down the left fork
846 3 has put down the right fork
846 3 is sleeping
846 2 is thinking
DBG_EAT2: id=1 meals=7
846 1 has put down the left fork
846 1 has put down the right fork
846 5 has taken the left fork
846 5 is eating
DBG_EAT: id=5 time_last_meal=846
846 1 is sleeping
846 2 has taken the left fork
846 2 has taken the right fork
846 2 is eating
DBG_EAT: id=2 time_last_meal=846
DBG_EAT2: id=2 meals=6
906 1 is thinking
906 2 has put down the right fork
906 2 has put down the left fork
DBG_EAT2: id=5 meals=6
906 3 is thinking
906 3 has taken the right fork
906 3 has taken the left fork
906 3 is eating
DBG_EAT: id=3 time_last_meal=906
906 2 is sleeping
906 5 has put down the left fork
906 1 has taken the right fork
906 1 has taken the left fork
906 1 is eating
DBG_EAT: id=1 time_last_meal=906
906 5 has put down the right fork
906 5 is sleeping
906 4 has taken the left fork
DBG_EAT2: id=1 meals=8
967 5 is thinking
967 1 has put down the left fork
967 1 has put down the right fork
967 1 is sleeping
DBG_EAT2: id=3 meals=7
967 2 is thinking
967 3 has put down the left fork
967 3 has put down the right fork
967 4 has taken the right fork
967 4 is eating
DBG_EAT: id=4 time_last_meal=967
967 3 is sleeping
967 2 has taken the left fork
967 2 has taken the right fork
967 2 is eating
DBG_EAT: id=2 time_last_meal=967
1027 1 is thinking
1027 1 has taken the right fork
DBG_EAT2: id=4 meals=6
1027 4 has put down the right fork
1027 3 is thinking
1027 4 has put down the left fork
1027 4 is sleeping
1027 5 has taken the right fork
DBG_EAT2: id=2 meals=7
1027 2 has put down the right fork
1027 2 has put down the left fork
1027 2 is sleeping
1027 1 has taken the left fork
1027 1 is eating
DBG_EAT: id=1 time_last_meal=1027
1027 3 has taken the right fork
1027 3 has taken the left fork
1027 3 is eating
DBG_EAT: id=3 time_last_meal=1027
DBG_EAT2: id=1 meals=9
1087 1 has put down the left fork
1087 4 is thinking
1087 1 has put down the right fork
DBG_EAT2: id=3 meals=8
1087 3 has put down the left fork
1087 3 has put down the right fork
1087 3 is sleeping
1087 1 is sleeping
1087 2 is thinking
1088 5 has taken the left fork
1088 5 is eating
DBG_EAT: id=5 time_last_meal=1088
1088 2 has taken the left fork
1088 2 has taken the right fork
1088 2 is eating
DBG_EAT: id=2 time_last_meal=1088
DBG_EAT2: id=5 meals=7
1148 5 has put down the left fork
1148 3 is thinking
1148 5 has put down the right fork
DBG_EAT2: id=2 meals=8
1148 2 has put down the right fork
1148 2 has put down the left fork
1148 2 is sleeping
1148 3 has taken the right fork
1148 3 has taken the left fork
1148 3 is eating
DBG_EAT: id=3 time_last_meal=1148
1148 5 is sleeping
1148 4 has taken the left fork
1148 1 is thinking
1148 1 has taken the right fork
1148 1 has taken the left fork
1148 1 is eating
DBG_EAT: id=1 time_last_meal=1148
DBG_EAT2: id=1 meals=10
1208 2 is thinking
1208 1 has put down the left fork
1208 1 has put down the right fork
DBG_EAT2: id=3 meals=9
1208 5 is thinking
1208 1 is sleeping
1208 3 has put down the left fork
1208 3 has put down the right fork
1208 3 is sleeping
1208 4 has taken the right fork
1208 4 is eating
DBG_EAT: id=4 time_last_meal=1208
1208 2 has taken the left fork
1208 2 has taken the right fork
1208 2 is eating
DBG_EAT: id=2 time_last_meal=1208
1269 3 is thinking
DBG_EAT2: id=2 meals=9
1269 2 has put down the right fork
1269 2 has put down the left fork
1269 3 has taken the right fork
1269 1 is thinking
1269 2 is sleeping
1269 1 has taken the right fork
1269 1 has taken the left fork
1269 1 is eating
DBG_EAT: id=1 time_last_meal=1269
DBG_EAT2: id=4 meals=7
1269 4 has put down the right fork
1269 4 has put down the left fork
1269 3 has taken the left fork
1269 3 is eating
DBG_EAT: id=3 time_last_meal=1269
1269 4 is sleeping
1269 5 has taken the right fork
DBG_EAT2: id=1 meals=11
1329 1 has put down the left fork
1329 1 has put down the right fork
1329 2 is thinking
1329 1 is sleeping
1329 5 has taken the left fork
1329 5 is eating
DBG_EAT: id=5 time_last_meal=1329
1329 4 is thinking
DBG_EAT2: id=3 meals=10
1329 3 has put down the left fork
1329 3 has put down the right fork
1329 3 is sleeping
1329 2 has taken the left fork
1329 2 has taken the right fork
1329 2 is eating
DBG_EAT: id=2 time_last_meal=1329
1389 1 is thinking
DBG_EAT2: id=5 meals=8
1389 5 has put down the left fork
1389 1 has taken the right fork
1389 5 has put down the right fork
1389 5 is sleeping
1389 4 has taken the left fork
1389 4 has taken the right fork
1389 4 is eating
DBG_EAT: id=4 time_last_meal=1389
1389 3 is thinking
DBG_EAT2: id=2 meals=10
1389 2 has put down the right fork
1389 2 has put down the left fork
1389 2 is sleeping
1389 1 has taken the left fork
1389 1 is eating
DBG_EAT: id=1 time_last_meal=1389
1390 3 has taken the right fork
DBG_EAT2: id=1 meals=12
1450 2 is thinking
1450 1 has put down the left fork
1450 1 has put down the right fork
1450 5 is thinking
DBG_EAT2: id=4 meals=8
1450 1 is sleeping
1450 4 has put down the right fork
1450 3 has taken the left fork
1450 3 is eating
DBG_EAT: id=3 time_last_meal=1450
1450 4 has put down the left fork
1450 4 is sleeping
1450 5 has taken the right fork
1450 5 has taken the left fork
1450 5 is eating
DBG_EAT: id=5 time_last_meal=1450
DBG_EAT2: id=3 meals=11
1510 3 has put down the left fork
DBG_EAT2: id=5 meals=9
1510 1 is thinking
1510 3 has put down the right fork
1510 4 is thinking
1510 5 has put down the left fork
1510 5 has put down the right fork
1510 5 is sleeping
1510 2 has taken the left fork
1510 2 has taken the right fork
1510 2 is eating
DBG_EAT: id=2 time_last_meal=1510
1510 4 has taken the left fork
1510 4 has taken the right fork
1510 4 is eating
DBG_EAT: id=4 time_last_meal=1510
1510 3 is sleeping
1510 1 has taken the right fork
1570 5 is thinking
DBG_EAT2: id=2 meals=11
1570 2 has put down the right fork
1570 2 has put down the left fork
1570 2 is sleeping
DBG_EAT2: id=4 meals=9
1570 4 has put down the right fork
1570 1 has taken the left fork
1570 1 is eating
DBG_EAT: id=1 time_last_meal=1570
1571 4 has put down the left fork
1571 4 is sleeping
1571 3 is thinking
1571 3 has taken the right fork
1571 3 has taken the left fork
1571 3 is eating
DBG_EAT: id=3 time_last_meal=1571
1571 5 has taken the right fork
1631 2 is thinking
DBG_EAT2: id=3 meals=12
1631 3 has put down the left fork
1631 3 has put down the right fork
1631 3 is sleeping
DBG_EAT2: id=1 meals=13
1631 1 has put down the left fork
1631 1 has put down the right fork
1631 4 is thinking
1631 2 has taken the left fork
1631 2 has taken the right fork
1631 2 is eating
DBG_EAT: id=2 time_last_meal=1631
1631 1 is sleeping
1631 5 has taken the left fork
1631 5 is eating
DBG_EAT: id=5 time_last_meal=1631
1691 3 is thinking
DBG_EAT2: id=2 meals=12
1691 2 has put down the right fork
1691 2 has put down the left fork
1691 1 is thinking
1691 2 is sleeping
DBG_EAT2: id=5 meals=10
1691 3 has taken the right fork
1691 3 has taken the left fork
1691 3 is eating
DBG_EAT: id=3 time_last_meal=1691
1691 5 has put down the left fork
1691 1 has taken the right fork
1691 1 has taken the left fork
1691 1 is eating
DBG_EAT: id=1 time_last_meal=1691
1691 5 has put down the right fork
1691 4 has taken the left fork
1691 5 is sleeping
1751 2 is thinking
DBG_EAT2: id=3 meals=13
1751 3 has put down the left fork
1751 5 is thinking
DBG_EAT2: id=1 meals=14
1751 1 has put down the left fork
1751 1 has put down the right fork
1751 4 has taken the right fork
1751 4 is eating
DBG_EAT: id=4 time_last_meal=1751
1752 3 has put down the right fork
1752 3 is sleeping
1752 1 is sleeping
1752 2 has taken the left fork
1752 2 has taken the right fork
1752 2 is eating
DBG_EAT: id=2 time_last_meal=1752
1812 1 is thinking
1812 1 has taken the right fork
DBG_EAT2: id=2 meals=13
1812 2 has put down the right fork
1812 3 is thinking
1812 2 has put down the left fork
1812 1 has taken the left fork
1812 1 is eating
DBG_EAT: id=1 time_last_meal=1812
1812 2 is sleeping
DBG_EAT2: id=4 meals=10
1812 4 has put down the right fork
1812 3 has taken the right fork
1812 3 has taken the left fork
1812 3 is eating
DBG_EAT: id=3 time_last_meal=1812
1812 4 has put down the left fork
1812 4 is sleeping
1812 5 has taken the right fork
DBG_EAT2: id=1 meals=15
1872 1 has put down the left fork
DBG_EAT2: id=3 meals=14
1872 1 has put down the right fork
1872 1 is sleeping
1872 3 has put down the left fork
1872 3 has put down the right fork
1872 5 has taken the left fork
1872 5 is eating
DBG_EAT: id=5 time_last_meal=1872
1873 2 is thinking
1873 3 is sleeping
1873 4 is thinking
1873 2 has taken the left fork
1873 2 has taken the right fork
1873 2 is eating
DBG_EAT: id=2 time_last_meal=1873
DBG_EAT2: id=5 meals=11
1933 5 has put down the left fork
1933 3 is thinking
1933 5 has put down the right fork
1933 4 has taken the left fork
1933 4 has taken the right fork
1933 4 is eating
DBG_EAT: id=4 time_last_meal=1933
1933 5 is sleeping
1933 1 is thinking
1933 1 has taken the right fork
DBG_EAT2: id=2 meals=14
1933 2 has put down the right fork
1933 1 has taken the left fork
1933 1 is eating
DBG_EAT: id=1 time_last_meal=1933
1933 2 has put down the left fork
1933 2 is sleeping
1933 3 has taken the right fork
DBG_EAT2: id=1 meals=16
1993 5 is thinking
1993 1 has put down the left fork
1993 1 has put down the right fork
1993 2 is thinking
DBG_EAT2: id=4 meals=11
1993 1 is sleeping
1993 4 has put down the right fork
1993 4 has put down the left fork
1994 3 has taken the left fork
1994 3 is eating
DBG_EAT: id=3 time_last_meal=1994
1994 4 is sleeping
1994 5 has taken the right fork
1994 5 has taken the left fork
1994 5 is eating
DBG_EAT: id=5 time_last_meal=1994
DBG_EAT2: id=3 meals=15
2054 1 is thinking
2054 3 has put down the left fork
2054 4 is thinking
2054 3 has put down the right fork
2054 3 is sleeping
DBG_EAT2: id=5 meals=12
2054 2 has taken the left fork
2054 2 has taken the right fork
2054 2 is eating
DBG_EAT: id=2 time_last_meal=2054
2054 5 has put down the left fork
2054 5 has put down the right fork
2054 5 is sleeping
2054 1 has taken the right fork
2054 4 has taken the left fork
2054 4 has taken the right fork
2054 4 is eating
DBG_EAT: id=4 time_last_meal=2054
DBG_EAT2: id=4 meals=12
2114 4 has put down the right fork
2114 4 has put down the left fork
2114 4 is sleeping
2114 3 is thinking
DBG_EAT2: id=2 meals=15
2114 5 is thinking
2114 5 has taken the right fork
2114 2 has put down the right fork
2114 2 has put down the left fork
2114 1 has taken the left fork
2114 1 is eating
DBG_EAT: id=1 time_last_meal=2114
2114 3 has taken the right fork
2114 3 has taken the left fork
2114 3 is eating
DBG_EAT: id=3 time_last_meal=2114
2114 2 is sleeping
2174 4 is thinking
DBG_EAT2: id=1 meals=17
2175 1 has put down the left fork
2175 2 is thinking
DBG_EAT2: id=3 meals=16
2175 1 has put down the right fork
2175 1 is sleeping
2175 3 has put down the left fork
2175 3 has put down the right fork
2175 5 has taken the left fork
2175 5 is eating
DBG_EAT: id=5 time_last_meal=2175
2175 3 is sleeping
2175 2 has taken the left fork
2175 2 has taken the right fork
2175 2 is eating
DBG_EAT: id=2 time_last_meal=2175
DBG_EAT2: id=5 meals=13
2235 1 is thinking
2235 5 has put down the left fork
2235 1 has taken the right fork
DBG_EAT2: id=2 meals=16
2235 3 is thinking
2235 5 has put down the right fork
2235 2 has put down the right fork
2235 5 is sleeping
2235 1 has taken the left fork
2235 1 is eating
DBG_EAT: id=1 time_last_meal=2235
2235 4 has taken the left fork
2235 4 has taken the right fork
2235 4 is eating
DBG_EAT: id=4 time_last_meal=2235
2235 2 has put down the left fork
2235 2 is sleeping
2235 3 has taken the right fork
DBG_EAT2: id=1 meals=18
2295 5 is thinking
2295 1 has put down the left fork
2295 1 has put down the right fork
DBG_EAT2: id=4 meals=13
2295 2 is thinking
2295 1 is sleeping
2295 4 has put down the right fork
2295 3 has taken the left fork
2295 3 is eating
DBG_EAT: id=3 time_last_meal=2295
2295 4 has put down the left fork
2295 4 is sleeping
2295 5 has taken the right fork
2296 5 has taken the left fork
2296 5 is eating
DBG_EAT: id=5 time_last_meal=2296
DBG_EAT2: id=5 meals=14
2356 4 is thinking
2356 5 has put down the left fork
2356 5 has put down the right fork
2356 5 is sleeping
DBG_EAT2: id=3 meals=17
2356 3 has put down the left fork
2356 1 is thinking
2356 1 has taken the right fork
2356 1 has taken the left fork
2356 1 is eating
DBG_EAT: id=1 time_last_meal=2356
2356 3 has put down the right fork
2356 3 is sleeping
2356 2 has taken the left fork
2356 4 has taken the left fork
2356 4 has taken the right fork
2356 4 is eating
DBG_EAT: id=4 time_last_meal=2356
DBG_EAT2: id=1 meals=19
2416 3 is thinking
2416 5 is thinking
DBG_EAT2: id=4 meals=14
2416 4 has put down the right fork
2416 1 has put down the left fork
2416 1 has put down the right fork
2416 4 has put down the left fork
2416 4 is sleeping
2416 1 is sleeping
2416 2 has taken the right fork
2416 2 is eating
DBG_EAT: id=2 time_last_meal=2416
2416 5 has taken the right fork
2416 5 has taken the left fork
2416 5 is eating
DBG_EAT: id=5 time_last_meal=2416
DBG_EAT2: id=5 meals=15
2476 4 is thinking
2476 5 has put down the left fork
2476 5 has put down the right fork
2476 5 is sleeping
2476 1 is thinking
2476 1 has taken the right fork
DBG_EAT2: id=2 meals=17
2477 2 has put down the right fork
2477 2 has put down the left fork
2477 1 has taken the left fork
2477 1 is eating
DBG_EAT: id=1 time_last_meal=2477
2477 2 is sleeping
2477 4 has taken the left fork
2477 4 has taken the right fork
2477 4 is eating
DBG_EAT: id=4 time_last_meal=2477
2477 3 has taken the right fork
2537 5 is thinking
DBG_EAT2: id=1 meals=20
2537 1 has put down the left fork
2537 1 has put down the right fork
2537 1 is sleeping
2537 2 is thinking
DBG_EAT2: id=4 meals=15
2537 4 has put down the right fork
2537 4 has put down the left fork
2537 3 has taken the left fork
2537 3 is eating
DBG_EAT: id=3 time_last_meal=2537
2537 4 is sleeping
2537 5 has taken the right fork
2537 5 has taken the left fork
2537 5 is eating
DBG_EAT: id=5 time_last_meal=2537
2597 1 is thinking
2597 4 is thinking
DBG_EAT2: id=3 meals=18
2597 3 has put down the left fork
2597 3 has put down the right fork
2597 3 is sleeping
2597 2 has taken the left fork
2597 2 has taken the right fork
2597 2 is eating
DBG_EAT: id=2 time_last_meal=2597
DBG_EAT2: id=5 meals=16
2597 5 has put down the left fork
2597 5 has put down the right fork
2597 4 has taken the left fork
2597 4 has taken the right fork
2597 4 is eating
DBG_EAT: id=4 time_last_meal=2597
2598 1 has taken the right fork
2598 5 is sleeping
DBG_EAT2: id=4 meals=16
2658 4 has put down the right fork
2658 4 has put down the left fork
2658 4 is sleeping
DBG_EAT2: id=2 meals=18
2658 3 is thinking
2658 5 is thinking
2658 5 has taken the right fork
2658 2 has put down the right fork
2658 1 has taken the left fork
2658 1 is eating
DBG_EAT: id=1 time_last_meal=2658
2658 2 has put down the left fork
2658 2 is sleeping
2658 3 has taken the right fork
2658 3 has taken the left fork
2658 3 is eating
DBG_EAT: id=3 time_last_meal=2658
DBG_EAT2: id=3 meals=19
DBG_EAT2: id=1 meals=21
2718 3 has put down the left fork
2718 3 has put down the right fork
2718 1 has put down the left fork
2718 2 is thinking
2718 4 is thinking
2718 1 has put down the right fork
2718 1 is sleeping
2718 3 is sleeping
2718 5 has taken the left fork
2718 5 is eating
DBG_EAT: id=5 time_last_meal=2718
2718 2 has taken the left fork
2718 2 has taken the right fork
2718 2 is eating
DBG_EAT: id=2 time_last_meal=2718
DBG_EAT2: id=5 meals=17
2778 1 is thinking
2778 5 has put down the left fork
2778 1 has taken the right fork
DBG_EAT2: id=2 meals=19
2778 3 is thinking
2778 2 has put down the right fork
2778 2 has put down the left fork
2778 3 has taken the right fork
2778 3 has taken the left fork
2778 1 has taken the left fork
2778 1 is eating
DBG_EAT: id=1 time_last_meal=2778
2778 3 is eating
2778 5 has put down the right fork
2778 5 is sleeping
DBG_EAT: id=3 time_last_meal=2778
2778 2 is sleeping
2779 4 has taken the left fork
DBG_EAT2: id=3 meals=20
2839 5 is thinking
DBG_EAT2: id=1 meals=22
2839 1 has put down the left fork
2839 1 has put down the right fork
2839 1 is sleeping
2839 2 is thinking
2839 3 has put down the left fork
2839 3 has put down the right fork
2839 3 is sleeping
2839 4 has taken the right fork
2839 4 is eating
DBG_EAT: id=4 time_last_meal=2839
2839 2 has taken the left fork
2839 2 has taken the right fork
2839 2 is eating
DBG_EAT: id=2 time_last_meal=2839
2899 3 is thinking
DBG_EAT2: id=4 meals=17
DBG_EAT2: id=2 meals=20
2899 2 has put down the right fork
2899 4 has put down the right fork
2899 2 has put down the left fork
2899 2 is sleeping
2899 4 has put down the left fork
2899 1 is thinking
2899 1 has taken the right fork
2899 1 has taken the left fork
2899 1 is eating
DBG_EAT: id=1 time_last_meal=2899
2899 5 has taken the right fork
2899 4 is sleeping
2899 3 has taken the right fork
2899 3 has taken the left fork
2899 3 is eating
DBG_EAT: id=3 time_last_meal=2899
DBG_EAT2: id=3 meals=21
2960 2 is thinking
2960 4 is thinking
DBG_EAT2: id=1 meals=23
2960 1 has put down the left fork
2960 1 has put down the right fork
2960 1 is sleeping
2960 5 has taken the left fork
2960 5 is eating
DBG_EAT: id=5 time_last_meal=2960
2960 3 has put down the left fork
2960 3 has put down the right fork
2960 2 has taken the left fork
2960 2 has taken the right fork
2960 2 is eating
DBG_EAT: id=2 time_last_meal=2960
2960 3 is sleeping
DBG_EAT2: id=2 meals=21
3020 3 is thinking
3020 2 has put down the right fork
3020 2 has put down the left fork
3020 2 is sleeping
3020 1 is thinking
DBG_EAT2: id=5 meals=18
3020 3 has taken the right fork
3020 3 has taken the left fork
3020 3 is eating
DBG_EAT: id=3 time_last_meal=3020
3020 5 has put down the left fork
3020 5 has put down the right fork
3020 5 is sleeping
3020 1 has taken the right fork
3020 1 has taken the left fork
3020 1 is eating
DBG_EAT: id=1 time_last_meal=3020
3020 4 has taken the left fork
DBG_EAT2: id=3 meals=22
3080 3 has put down the left fork
3080 3 has put down the right fork
3080 3 is sleeping
3080 2 is thinking
3080 4 has taken the right fork
3080 4 is eating
DBG_EAT: id=4 time_last_meal=3080
3080 5 is thinking
3080 2 has taken the left fork
DBG_EAT2: id=1 meals=24
3081 1 has put down the left fork
3081 1 has put down the right fork
3081 1 is sleeping
3081 2 has taken the right fork
3081 2 is eating
DBG_EAT: id=2 time_last_meal=3081
3140 3 is thinking
DBG_EAT2: id=4 meals=18
3140 4 has put down the right fork
3140 4 has put down the left fork
3140 4 is sleeping
3141 5 has taken the right fork
3141 5 has taken the left fork
3141 5 is eating
DBG_EAT: id=5 time_last_meal=3141
3141 1 is thinking
DBG_EAT2: id=2 meals=22
3141 2 has put down the right fork
3141 2 has put down the left fork
3141 2 is sleeping
3141 3 has taken the right fork
3141 3 has taken the left fork
3141 3 is eating
DBG_EAT: id=3 time_last_meal=3141
3201 4 is thinking
DBG_EAT2: id=5 meals=19
3201 5 has put down the left fork
3201 5 has put down the right fork
3201 5 is sleeping
3201 1 has taken the right fork
3201 1 has taken the left fork
3201 1 is eating
DBG_EAT: id=1 time_last_meal=3201
3201 4 has taken the left fork
3201 2 is thinking
DBG_EAT2: id=3 meals=23
3201 3 has put down the left fork
3201 3 has put down the right fork
3201 3 is sleeping
3201 4 has taken the right fork
3201 4 is eating
DBG_EAT: id=4 time_last_meal=3201
3201 2 has taken the left fork
DBG_EAT2: id=1 meals=25
3261 5 is thinking
3261 1 has put down the left fork
3261 1 has put down the right fork
3261 1 is sleeping
3261 2 has taken the right fork
3261 2 is eating
DBG_EAT: id=2 time_last_meal=3261
DBG_EAT2: id=4 meals=19
3261 3 is thinking
3261 4 has put down the right fork
3261 4 has put down the left fork
3261 4 is sleeping
3261 5 has taken the right fork
3261 5 has taken the left fork
3261 5 is eating
DBG_EAT: id=5 time_last_meal=3261
DBG_EAT2: id=2 meals=23
3321 2 has put down the right fork
3321 1 is thinking
3321 2 has put down the left fork
3321 2 is sleeping
3321 3 has taken the right fork
3321 3 has taken the left fork
3321 3 is eating
DBG_EAT: id=3 time_last_meal=3321
3321 4 is thinking
DBG_EAT2: id=5 meals=20
3321 5 has put down the left fork
3321 5 has put down the right fork
3321 4 has taken the left fork
3321 5 is sleeping
3321 1 has taken the right fork
3321 1 has taken the left fork
3321 1 is eating
DBG_EAT: id=1 time_last_meal=3321
3381 2 is thinking
DBG_EAT2: id=3 meals=24
3381 3 has put down the left fork
3381 3 has put down the right fork
3381 3 is sleeping
3381 4 has taken the right fork
3381 4 is eating
DBG_EAT: id=4 time_last_meal=3381
3381 2 has taken the left fork
3382 5 is thinking
DBG_EAT2: id=1 meals=26
3382 1 has put down the left fork
3382 1 has put down the right fork
3382 1 is sleeping
3382 2 has taken the right fork
3382 2 is eating
DBG_EAT: id=2 time_last_meal=3382
DBG_EAT2: id=4 meals=20
3442 4 has put down the right fork
3442 3 is thinking
3442 4 has put down the left fork
3442 4 is sleeping
3442 5 has taken the right fork
3442 5 has taken the left fork
3442 5 is eating
DBG_EAT: id=5 time_last_meal=3442
3442 1 is thinking
DBG_EAT2: id=2 meals=24
3442 2 has put down the right fork
3442 2 has put down the left fork
3442 2 is sleeping
3442 3 has taken the right fork
3442 3 has taken the left fork
3442 3 is eating
DBG_EAT: id=3 time_last_meal=3442
DBG_EAT2: id=5 meals=21
3502 2 is thinking
3502 5 has put down the left fork
3502 5 has put down the right fork
3502 5 is sleeping
3502 1 has taken the right fork
3502 1 has taken the left fork
3502 1 is eating
DBG_EAT: id=1 time_last_meal=3502
DBG_EAT2: id=3 meals=25
3502 3 has put down the left fork
3502 4 is thinking
3502 3 has put down the right fork
3502 3 is sleeping
3502 2 has taken the left fork
3502 4 has taken the left fork
3502 4 has taken the right fork
3502 4 is eating
DBG_EAT: id=4 time_last_meal=3502
DBG_EAT2: id=1 meals=27
3562 5 is thinking
3562 1 has put down the left fork
3562 1 has put down the right fork
3563 1 is sleeping
3563 3 is thinking
3563 2 has taken the right fork
3563 2 is eating
DBG_EAT: id=2 time_last_meal=3563
DBG_EAT2: id=4 meals=21
3563 4 has put down the right fork
3563 4 has put down the left fork
3563 4 is sleeping
3563 5 has taken the right fork
3563 5 has taken the left fork
3563 5 is eating
DBG_EAT: id=5 time_last_meal=3563
3623 1 is thinking
DBG_EAT2: id=2 meals=25
3623 2 has put down the right fork
3623 4 is thinking
3623 2 has put down the left fork
DBG_EAT2: id=5 meals=22
3623 2 is sleeping
3623 3 has taken the right fork
3623 3 has taken the left fork
3623 5 has put down the left fork
3623 5 has put down the right fork
3623 5 is sleeping
3623 3 is eating
DBG_EAT: id=3 time_last_meal=3623
3623 1 has taken the right fork
3623 1 has taken the left fork
3623 1 is eating
DBG_EAT: id=1 time_last_meal=3623
3623 4 has taken the left fork
DBG_EAT2: id=3 meals=26
DBG_EAT2: id=1 meals=28
3683 1 has put down the left fork
3683 1 has put down the right fork
3683 5 is thinking
3683 2 is thinking
3683 3 has put down the left fork
3683 3 has put down the right fork
3683 1 is sleeping
3683 3 is sleeping
3683 4 has taken the right fork
3683 4 is eating
DBG_EAT: id=4 time_last_meal=3683
3683 2 has taken the left fork
3683 2 has taken the right fork
3683 2 is eating
DBG_EAT: id=2 time_last_meal=3683
DBG_EAT2: id=2 meals=26
3743 2 has put down the right fork
3743 2 has put down the left fork
3743 3 is thinking
3743 2 is sleeping
3743 3 has taken the right fork
3743 1 is thinking
3744 1 has taken the right fork
3744 1 has taken the left fork
3744 1 is eating
DBG_EAT: id=1 time_last_meal=3744
DBG_EAT2: id=4 meals=22
3744 4 has put down the right fork
3744 4 has put down the left fork
3744 4 is sleeping
3744 3 has taken the left fork
3744 3 is eating
DBG_EAT: id=3 time_last_meal=3744
3744 5 has taken the right fork
3803 2 is thinking
DBG_EAT2: id=1 meals=29
3804 1 has put down the left fork
3804 4 is thinking
DBG_EAT2: id=3 meals=27
3804 3 has put down the left fork
3804 1 has put down the right fork
3804 3 has put down the right fork
3804 5 has taken the left fork
3804 1 is sleeping
3804 5 is eating
DBG_EAT: id=5 time_last_meal=3804
3804 3 is sleeping
3804 2 has taken the left fork
3804 2 has taken the right fork
3804 2 is eating
DBG_EAT: id=2 time_last_meal=3804
DBG_EAT2: id=2 meals=27
3864 1 is thinking
3864 2 has put down the right fork
3864 2 has put down the left fork
3864 2 is sleeping
3864 3 is thinking
3864 3 has taken the right fork
3864 3 has taken the left fork
3864 3 is eating
DBG_EAT: id=3 time_last_meal=3864
DBG_EAT2: id=5 meals=23
3864 5 has put down the left fork
3864 1 has taken the right fork
3864 1 has taken the left fork
3864 5 has put down the right fork
3864 1 is eating
DBG_EAT: id=1 time_last_meal=3864
3864 5 is sleeping
3864 4 has taken the left fork
DBG_EAT2: id=1 meals=30
DBG_EAT2: id=3 meals=28
3925 1 has put down the left fork
3925 1 has put down the right fork
3925 5 is thinking
3925 2 is thinking
3925 3 has put down the left fork
3925 3 has put down the right fork
3925 3 is sleeping
3925 1 is sleeping
3925 4 has taken the right fork
3925 4 is eating
DBG_EAT: id=4 time_last_meal=3925
3925 2 has taken the left fork
3925 2 has taken the right fork
3925 2 is eating
DBG_EAT: id=2 time_last_meal=3925
3985 3 is thinking
3985 1 is thinking
3985 1 has taken the right fork
DBG_EAT2: id=4 meals=23
3985 4 has put down the right fork
3985 4 has put down the left fork
3985 4 is sleeping
DBG_EAT2: id=2 meals=28
3985 2 has put down the right fork
3985 5 has taken the right fork
3985 2 has put down the left fork
3985 1 has taken the left fork
3985 1 is eating
DBG_EAT: id=1 time_last_meal=3985
3985 2 is sleeping
3985 3 has taken the right fork
3985 3 has taken the left fork
3985 3 is eating
DBG_EAT: id=3 time_last_meal=3985
DBG_EAT2: id=3 meals=29
DBG_EAT2: id=1 meals=31
4045 3 has put down the left fork
4045 3 has put down the right fork
4045 1 has put down the left fork
4045 1 has put down the right fork
4045 1 is sleeping
4045 2 is thinking
4046 5 has taken the left fork
4046 5 is eating
DBG_EAT: id=5 time_last_meal=4046
4046 4 is thinking
4046 2 has taken the left fork
4046 2 has taken the right fork
4046 2 is eating
DBG_EAT: id=2 time_last_meal=4046
4046 3 is sleeping
DBG_EAT2: id=5 meals=24
4106 5 has put down the left fork
4106 1 is thinking
4106 1 has taken the right fork
4106 5 has put down the right fork
4106 4 has taken the left fork
4106 4 has taken the right fork
4106 4 is eating
DBG_EAT: id=4 time_last_meal=4106
4106 5 is sleeping
DBG_EAT2: id=2 meals=29
4106 3 is thinking
4106 2 has put down the right fork
4106 1 has taken the left fork
4106 1 is eating
DBG_EAT: id=1 time_last_meal=4106
4106 2 has put down the left fork
4106 2 is sleeping
4106 3 has taken the right fork
4166 5 is thinking
DBG_EAT2: id=4 meals=24
DBG_EAT2: id=1 meals=32
4166 1 has put down the left fork
4166 1 has put down the right fork
4166 4 has put down the right fork
4166 2 is thinking
4166 1 is sleeping
4166 4 has put down the left fork
4166 4 is sleeping
4166 3 has taken the left fork
4166 3 is eating
DBG_EAT: id=3 time_last_meal=4166
4166 5 has taken the right fork
4166 5 has taken the left fork
4166 5 is eating
DBG_EAT: id=5 time_last_meal=4166
DBG_EAT2: id=3 meals=30
4227 1 is thinking
4227 3 has put down the left fork
DBG_EAT2: id=5 meals=25
4227 4 is thinking
4227 5 has put down the left fork
4227 5 has put down the right fork
4227 5 is sleeping
4227 3 has put down the right fork
4227 1 has taken the right fork
4227 1 has taken the left fork
4227 1 is eating
DBG_EAT: id=1 time_last_meal=4227
4227 3 is sleeping
4227 2 has taken the left fork
4227 4 has taken the left fork
4227 4 has taken the right fork
4227 4 is eating
DBG_EAT: id=4 time_last_meal=4227
4287 3 is thinking
4287 5 is thinking
DBG_EAT2: id=1 meals=33
4287 1 has put down the left fork
4287 1 has put down the right fork
4287 1 is sleeping
DBG_EAT2: id=4 meals=25
4287 4 has put down the right fork
4287 2 has taken the right fork
4287 2 is eating
DBG_EAT: id=2 time_last_meal=4287
4287 4 has put down the left fork
4287 4 is sleeping
4288 5 has taken the right fork
4288 5 has taken the left fork
4288 5 is eating
DBG_EAT: id=5 time_last_meal=4288
4348 4 is thinking
DBG_EAT2: id=5 meals=26
4348 5 has put down the left fork
DBG_EAT2: id=2 meals=30
4348 2 has put down the right fork
4348 5 has put down the right fork
4348 5 is sleeping
4348 1 is thinking
4348 1 has taken the right fork
4348 1 has taken the left fork
4348 1 is eating
DBG_EAT: id=1 time_last_meal=4348
4348 2 has put down the left fork
4348 2 is sleeping
4348 3 has taken the right fork
4348 3 has taken the left fork
4348 3 is eating
DBG_EAT: id=3 time_last_meal=4348
4348 4 has taken the left fork
DBG_EAT2: id=3 meals=31
4408 2 is thinking
DBG_EAT2: id=1 meals=34
4408 5 is thinking
4408 1 has put down the left fork
4408 1 has put down the right fork
4408 1 is sleeping
4408 3 has put down the left fork
4408 3 has put down the right fork
4408 3 is sleeping
4408 4 has taken the right fork
4408 4 is eating
DBG_EAT: id=4 time_last_meal=4408
4408 2 has taken the left fork
4408 2 has taken the right fork
4408 2 is eating
DBG_EAT: id=2 time_last_meal=4408
DBG_EAT2: id=2 meals=31
4468 1 is thinking
4468 2 has put down the right fork
4468 1 has taken the right fork
4468 1 has taken the left fork
DBG_EAT2: id=4 meals=26
4468 3 is thinking
4468 2 has put down the left fork
4468 4 has put down the right fork
4468 2 is sleeping
4468 3 has taken the right fork
4468 3 has taken the left fork
4468 3 is eating
DBG_EAT: id=3 time_last_meal=4468
4468 1 is eating
DBG_EAT: id=1 time_last_meal=4468
4468 4 has put down the left fork
4469 4 is sleeping
4469 5 has taken the right fork
DBG_EAT2: id=3 meals=32
DBG_EAT2: id=1 meals=35
4529 3 has put down the left fork
4529 1 has put down the left fork
4529 2 is thinking
4529 3 has put down the right fork
4529 3 is sleeping
4529 4 is thinking
4529 1 has put down the right fork
4529 1 is sleeping
4529 5 has taken the left fork
4529 5 is eating
DBG_EAT: i