DBG_INIT: meal_mutex init for philo 1
DBG_INIT: meal_mutex init for philo 2
DBG_INIT: meal_mutex init for philo 3
DBG_INIT: meal_mutex init for philo 4
DBG: init philo[1].time_last_meal=0
DBG: init philo[2].time_last_meal=0
DBG: init philo[3].time_last_meal=0
DBG: init philo[4].time_last_meal=0
0 1 has taken the right fork
0 1 has taken the left fork
0 1 is eating
DBG_EAT: id=1 time_last_meal=0
1 2 has taken the left fork
DBG: start_time=1758387024459
DBG_EAT2: id=1 meals=1
61 1 has put down the left fork
61 1 has put down the right fork
61 1 is sleeping
61 2 has taken the right fork
61 2 is eating
DBG_EAT: id=2 time_last_meal=61
61 4 has taken the left fork
61 4 has taken the right fork
61 4 is eating
DBG_EAT: id=4 time_last_meal=61
DBG_EAT2: id=4 meals=1
121 4 has put down the right fork
121 4 has put down the left fork
121 4 is sleeping
DBG_EAT2: id=2 meals=1
121 2 has put down the right fork
121 2 has put down the left fork
122 2 is sleeping
122 3 has taken the right fork
122 3 has taken the left fork
122 3 is eating
DBG_EAT: id=3 time_last_meal=122
DBG_EAT2: id=3 meals=1
182 3 has put down the left fork
182 3 has put down the right fork
182 3 is sleeping
261 1 is thinking
261 1 has taken the right fork
261 1 has taken the left fork
261 1 is eating
DBG_EAT: id=1 time_last_meal=261
DBG_EAT2: id=1 meals=2
321 1 has put down the left fork
321 1 has put down the right fork
321 1 is sleeping
321 4 is thinking
322 2 is thinking
322 4 has taken the left fork
322 4 has taken the right fork
322 4 is eating
DBG_EAT: id=4 time_last_meal=322
322 2 has taken the left fork
322 2 has taken the right fork
322 2 is eating
DBG_EAT: id=2 time_last_meal=322
382 3 is thinking
DBG_EAT2: id=2 meals=2
382 2 has put down the right fork
DBG_EAT2: id=4 meals=2
382 4 has put down the right fork
382 2 has put down the left fork
382 2 is sleeping
382 4 has put down the left fork
382 4 is sleeping
382 3 has taken the right fork
382 3 has taken the left fork
382 3 is eating
DBG_EAT: id=3 time_last_meal=382
DBG_EAT2: id=3 meals=2
443 3 has put down the left fork
443 3 has put down the right fork
443 3 is sleeping
521 1 is thinking
521 1 has taken the right fork
521 1 has taken the left fork
521 1 is eating
DBG_EAT: id=1 time_last_meal=521
DBG_EAT2: id=1 meals=3
582 1 has put down the left fork
582 1 has put down the right fork
582 1 is sleeping
582 2 is thinking
582 4 is thinking
583 2 has taken the left fork
583 2 has taken the right fork
583 2 is eating
DBG_EAT: id=2 time_last_meal=583
583 4 has taken the left fork
583 4 has taken the right fork
583 4 is eating
DBG_EAT: id=4 time_last_meal=583
643 3 is thinking
DBG_EAT2: id=4 meals=3
643 4 has put down the right fork
643 4 has put down the left fork
643 4 is sleeping
DBG_EAT2: id=2 meals=3
643 2 has put down the right fork
643 2 has put down the left fork
643 2 is sleeping
643 3 has taken the right fork
643 3 has taken the left fork
643 3 is eating
DBG_EAT: id=3 time_last_meal=643
DBG_EAT2: id=3 meals=3
704 3 has put down the left fork
704 3 has put down the right fork
704 3 is sleeping
782 1 is thinking
782 1 has taken the right fork
782 1 has taken the left fork
782 1 is eating
DBG_EAT: id=1 time_last_meal=782
DBG_EAT2: id=1 meals=4
842 1 has put down the left fork
842 1 has put down the right fork
842 1 is sleeping
843 4 is thinking
843 2 is thinking
843 2 has taken the left fork
843 2 has taken the right fork
843 2 is eating
DBG_EAT: id=2 time_last_meal=843
843 4 has taken the left fork
843 4 has taken the right fork
843 4 is eating
DBG_EAT: id=4 time_last_meal=843
DBG_EAT2: id=4 meals=4
904 4 has put down the right fork
904 4 has put down the left fork
904 4 is sleeping
DBG_EAT2: id=2 meals=4
904 2 has put down the right fork
904 2 has put down the left fork
904 2 is sleeping
904 3 is thinking
904 3 has taken the right fork
904 3 has taken the left fork
904 3 is eating
DBG_EAT: id=3 time_last_meal=904
DBG_EAT2: id=3 meals=4
964 3 has put down the left fork
964 3 has put down the right fork
964 3 is sleeping
1042 1 is thinking
1042 1 has taken the right fork
1042 1 has taken the left fork
1042 1 is eating
DBG_EAT: id=1 time_last_meal=1042
DBG_EAT2: id=1 meals=5
1103 1 has put down the left fork
1103 1 has put down the right fork
1103 1 is sleeping
1104 4 is thinking
1104 2 is thinking
1104 4 has taken the left fork
1104 4 has taken the right fork
1104 4 is eating
DBG_EAT: id=4 time_last_meal=1104
1104 2 has taken the left fork
1104 2 has taken the right fork
1104 2 is eating
DBG_EAT: id=2 time_last_meal=1104
DBG_EAT2: id=4 meals=5
1164 4 has put down the right fork
1164 4 has put down the left fork
1164 4 is sleeping
DBG_EAT2: id=2 meals=5
1164 2 has put down the right fork
1164 2 has put down the left fork
1164 2 is sleeping
1164 3 is thinking
1164 3 has taken the right fork
1164 3 has taken the left fork
1164 3 is eating
DBG_EAT: id=3 time_last_meal=1164
DBG_EAT2: id=3 meals=5
1224 3 has put down the left fork
1224 3 has put down the right fork
1224 3 is sleeping
1303 1 is thinking
1303 1 has taken the right fork
1303 1 has taken the left fork
1303 1 is eating
DBG_EAT: id=1 time_last_meal=1303
DBG_EAT2: id=1 meals=6
1363 1 has put down the left fork
1363 1 has put down the right fork
1363 1 is sleeping
1364 4 is thinking
1364 2 is thinking
1364 4 has taken the left fork
1364 4 has taken the right fork
1364 4 is eating
DBG_EAT: id=4 time_last_meal=1364
1364 2 has taken the left fork
1364 2 has taken the right fork
1364 2 is eating
DBG_EAT: id=2 time_last_meal=1364
DBG_EAT2: id=4 meals=6
1424 4 has put down the right fork
1424 4 has put down the left fork
1424 4 is sleeping
1424 3 is thinking
DBG_EAT2: id=2 meals=6
1424 2 has put down the right fork
1424 2 has put down the left fork
1424 2 is sleeping
1424 3 has taken the right fork
1424 3 has taken the left fork
1424 3 is eating
DBG_EAT: id=3 time_last_meal=1424
DBG_EAT2: id=3 meals=6
1485 3 has put down the left fork
1485 3 has put down the right fork
1485 3 is sleeping
1563 1 is thinking
1563 1 has taken the right fork
1563 1 has taken the left fork
1563 1 is eating
DBG_EAT: id=1 time_last_meal=1563
DBG_EAT2: id=1 meals=7
1623 1 has put down the left fork
1623 1 has put down the right fork
1623 1 is sleeping
1624 4 is thinking
1624 4 has taken the left fork
1624 4 has taken the right fork
1624 4 is eating
DBG_EAT: id=4 time_last_meal=1624
1625 2 is thinking
1625 2 has taken the left fork
1625 2 has taken the right fork
1625 2 is eating
DBG_EAT: id=2 time_last_meal=1625
DBG_EAT2: id=4 meals=7
1685 4 has put down the right fork
1685 4 has put down the left fork
1685 4 is sleeping
1685 3 is thinking
DBG_EAT2: id=2 meals=7
1685 2 has put down the right fork
1685 2 has put down the left fork
1685 2 is sleeping
1685 3 has taken the right fork
1685 3 has taken the left fork
1685 3 is eating
DBG_EAT: id=3 time_last_meal=1685
DBG_EAT2: id=3 meals=7
1745 3 has put down the left fork
1745 3 has put down the right fork
1745 3 is sleeping
1823 1 is thinking
1823 1 has taken the right fork
1823 1 has taken the left fork
1823 1 is eating
DBG_EAT: id=1 time_last_meal=1823
DBG_EAT2: id=1 meals=8
1883 1 has put down the left fork
1883 1 has put down the right fork
1883 1 is sleeping
1885 4 is thinking
1885 4 has taken the left fork
1885 4 has taken the right fork
1885 4 is eating
DBG_EAT: id=4 time_last_meal=1885
1885 2 is thinking
1885 2 has taken the left fork
1885 2 has taken the right fork
1885 2 is eating
DBG_EAT: id=2 time_last_meal=1885
DBG_EAT2: id=4 meals=8
1945 4 has put down the right fork
1945 4 has put down the left fork
1945 4 is sleeping
DBG_EAT2: id=2 meals=8
1945 2 has put down the right fork
1945 2 has put down the left fork
1945 3 is thinking
1945 3 has taken the right fork
1945 3 has taken the left fork
1945 3 is eating
DBG_EAT: id=3 time_last_meal=1945
1945 2 is sleeping
DBG_EAT2: id=3 meals=8
2006 3 has put down the left fork
2006 3 has put down the right fork
2006 3 is sleeping
2083 1 is thinking
2083 1 has taken the right fork
2083 1 has taken the left fork
2083 1 is eating
DBG_EAT: id=1 time_last_meal=2083
DBG_EAT2: id=1 meals=9
2144 1 has put down the left fork
2144 1 has put down the right fork
2144 1 is sleeping
2145 4 is thinking
2145 4 has taken the left fork
2145 4 has taken the right fork
2145 4 is eating
DBG_EAT: id=4 time_last_meal=2145
2145 2 is thinking
2146 2 has taken the left fork
2146 2 has taken the right fork
2146 2 is eating
DBG_EAT: id=2 time_last_meal=2146
DBG_EAT2: id=4 meals=9
2205 4 has put down the right fork
2205 4 has put down the left fork
2205 4 is sleeping
DBG_EAT2: id=2 meals=9
2206 2 has put down the right fork
2206 2 has put down the left fork
2206 3 is thinking
2206 3 has taken the right fork
2206 3 has taken the left fork
2206 3 is eating
DBG_EAT: id=3 time_last_meal=2206
2206 2 is sleeping
DBG_EAT2: id=3 meals=9
2266 3 has put down the left fork
2266 3 has put down the right fork
2266 3 is sleeping
2344 1 is thinking
2344 1 has taken the right fork
2344 1 has taken the left fork
2344 1 is eating
DBG_EAT: id=1 time_last_meal=2344
DBG_EAT2: id=1 meals=10
2404 1 has put down the left fork
2404 1 has put down the right fork
2404 1 is sleeping
2405 4 is thinking
2406 4 has taken the left fork
2406 4 has taken the right fork
2406 4 is eating
DBG_EAT: id=4 time_last_meal=2406
2406 2 is thinking
2406 2 has taken the left fork
2406 2 has taken the right fork
2406 2 is eating
DBG_EAT: id=2 time_last_meal=2406
DBG_EAT2: id=4 meals=10
2466 4 has put down the right fork
2466 4 has put down the left fork
2466 4 is sleeping
2466 3 is thinking
DBG_EAT2: id=2 meals=10
2466 2 has put down the right fork
2466 2 has put down the left fork
2466 3 has taken the right fork
2466 3 has taken the left fork
2466 3 is eating
DBG_EAT: id=3 time_last_meal=2466
2466 2 is sleeping
DBG_EAT2: id=3 meals=10
2526 3 has put down the left fork
2526 3 has put down the right fork
2526 3 is sleeping
2604 1 is thinking
2604 1 has taken the right fork
2604 1 has taken the left fork
2604 1 is eating
DBG_EAT: id=1 time_last_meal=2604
DBG_EAT2: id=1 meals=11
2664 1 has put down the left fork
2664 1 has put down the right fork
2664 1 is sleeping
2666 4 is thinking
2666 4 has taken the left fork
2666 4 has taken the right fork
2666 4 is eating
DBG_EAT: id=4 time_last_meal=2666
2666 2 is thinking
2667 2 has taken the left fork
2667 2 has taken the right fork
2667 2 is eating
DBG_EAT: id=2 time_last_meal=2667
DBG_EAT2: id=4 meals=11
2726 4 has put down the right fork
2726 4 has put down the left fork
2726 4 is sleeping
2727 3 is thinking
DBG_EAT2: id=2 meals=11
2727 2 has put down the right fork
2727 2 has put down the left fork
2727 2 is sleeping
2727 3 has taken the right fork
2727 3 has taken the left fork
2727 3 is eating
DBG_EAT: id=3 time_last_meal=2727
DBG_EAT2: id=3 meals=11
2787 3 has put down the left fork
2787 3 has put down the right fork
2787 3 is sleeping
2864 1 is thinking
2864 1 has taken the right fork
2864 1 has taken the left fork
2864 1 is eating
DBG_EAT: id=1 time_last_meal=2864
DBG_EAT2: id=1 meals=12
2924 1 has put down the left fork
2924 1 has put down the right fork
2925 1 is sleeping
2926 4 is thinking
2926 4 has taken the left fork
2926 4 has taken the right fork
2926 4 is eating
DBG_EAT: id=4 time_last_meal=2926
2927 2 is thinking
2927 2 has taken the left fork
2927 2 has taken the right fork
2927 2 is eating
DBG_EAT: id=2 time_last_meal=2927
DBG_EAT2: id=4 meals=12
2986 4 has put down the right fork
2986 4 has put down the left fork
2986 4 is sleeping
2987 3 is thinking
DBG_EAT2: id=2 meals=12
2987 2 has put down the right fork
2987 2 has put down the left fork
2988 2 is sleeping
2988 3 has taken the right fork
2988 3 has taken the left fork
2988 3 is eating
DBG_EAT: id=3 time_last_meal=2988
DBG_EAT2: id=3 meals=12
3048 3 has put down the left fork
3048 3 has put down the right fork
3048 3 is sleeping
3125 1 is thinking
3125 1 has taken the right fork
3125 1 has taken the left fork
3125 1 is eating
DBG_EAT: id=1 time_last_meal=3125
DBG_EAT2: id=1 meals=13
3185 1 has put down the left fork
3185 1 has put down the right fork
3185 1 is sleeping
3187 4 is thinking
3187 4 has taken the left fork
3187 4 has taken the right fork
3187 4 is eating
DBG_EAT: id=4 time_last_meal=3187
3188 2 is thinking
3188 2 has taken the left fork
3188 2 has taken the right fork
3188 2 is eating
DBG_EAT: id=2 time_last_meal=3188
DBG_EAT2: id=4 meals=13
3247 4 has put down the right fork
3247 4 has put down the left fork
3247 4 is sleeping
3248 3 is thinking
DBG_EAT2: id=2 meals=13
3248 2 has put down the right fork
3248 2 has put down the left fork
3248 2 is sleeping
3248 3 has taken the right fork
3248 3 has taken the left fork
3248 3 is eating
DBG_EAT: id=3 time_last_meal=3248
DBG_EAT2: id=3 meals=13
3308 3 has put down the left fork
3308 3 has put down the right fork
3308 3 is sleeping
3385 1 is thinking
3385 1 has taken the right fork
3385 1 has taken the left fork
3385 1 is eating
DBG_EAT: id=1 time_last_meal=3385
DBG_EAT2: id=1 meals=14
3445 1 has put down the left fork
3445 1 has put down the right fork
3445 1 is sleeping
3447 4 is thinking
3447 4 has taken the left fork
3447 4 has taken the right fork
3447 4 is eating
DBG_EAT: id=4 time_last_meal=3447
3448 2 is thinking
3448 2 has taken the left fork
3448 2 has taken the right fork
3448 2 is eating
DBG_EAT: id=2 time_last_meal=3448
DBG_EAT2: id=4 meals=14
3507 4 has put down the right fork
3507 4 has put down the left fork
3507 4 is sleeping
3508 3 is thinking
DBG_EAT2: id=2 meals=14
3509 2 has put down the right fork
3509 2 has put down the left fork
3509 2 is sleeping
3509 3 has taken the right fork
3509 3 has taken the left fork
3509 3 is eating
DBG_EAT: id=3 time_last_meal=3509
DBG_EAT2: id=3 meals=14
3569 3 has put down the left fork
3569 3 has put down the right fork
3569 3 is sleeping
3645 1 is thinking
3645 1 has taken the right fork
3645 1 has taken the left fork
3645 1 is eating
DBG_EAT: id=1 time_last_meal=3645
DBG_EAT2: id=1 meals=15
3705 1 has put down the left fork
3705 1 has put down the right fork
3705 1 is sleeping
3707 4 is thinking
3707 4 has taken the left fork
3707 4 has taken the right fork
3707 4 is eating
DBG_EAT: id=4 time_last_meal=3707
3709 2 is thinking
3709 2 has taken the left fork
3709 2 has taken the right fork
3709 2 is eating
DBG_EAT: id=2 time_last_meal=3709
DBG_EAT2: id=4 meals=15
3767 4 has put down the right fork
3767 4 has put down the left fork
3768 4 is sleeping
3769 3 is thinking
DBG_EAT2: id=2 meals=15
3769 2 has put down the right fork
3769 2 has put down the left fork
3769 2 is sleeping
3769 3 has taken the right fork
3769 3 has taken the left fork
3769 3 is eating
DBG_EAT: id=3 time_last_meal=3769
DBG_EAT2: id=3 meals=15
3829 3 has put down the left fork
3829 3 has put down the right fork
3829 3 is sleeping
3905 1 is thinking
3905 1 has taken the right fork
3905 1 has taken the left fork
3905 1 is eating
DBG_EAT: id=1 time_last_meal=3905
DBG_EAT2: id=1 meals=16
3965 1 has put down the left fork
3965 1 has put down the right fork
3966 1 is sleeping
3968 4 is thinking
3968 4 has taken the left fork
3968 4 has taken the right fork
3968 4 is eating
DBG_EAT: id=4 time_last_meal=3968
3969 2 is thinking
3969 2 has taken the left fork
3969 2 has taken the right fork
3969 2 is eating
DBG_EAT: id=2 time_last_meal=3969
DBG_EAT2: id=4 meals=16
4028 4 has put down the right fork
4028 4 has put down the left fork
4028 4 is sleeping
4030 3 is thinking
DBG_EAT2: id=2 meals=16
4030 2 has put down the right fork
4030 2 has put down the left fork
4030 3 has taken the right fork
4030 3 has taken the left fork
4030 3 is eating
DBG_EAT: id=3 time_last_meal=4030
4030 2 is sleeping
DBG_EAT2: id=3 meals=16
4090 3 has put down the left fork
4090 3 has put down the right fork
4090 3 is sleeping
4166 1 is thinking
4166 1 has taken the right fork
4166 1 has taken the left fork
4166 1 is eating
DBG_EAT: id=1 time_last_meal=4166
DBG_EAT2: id=1 meals=17
4226 1 has put down the left fork
4226 1 has put down the right fork
4226 1 is sleeping
4228 4 is thinking
4228 4 has taken the left fork
4228 4 has taken the right fork
4228 4 is eating
DBG_EAT: id=4 time_last_meal=4228
4230 2 is thinking
4230 2 has taken the left fork
4230 2 has taken the right fork
4230 2 is eating
DBG_EAT: id=2 time_last_meal=4230
DBG_EAT2: id=4 meals=17
4288 4 has put down the right fork
4288 4 has put down the left fork
4288 4 is sleeping
4290 3 is t