DBG_INIT: meal_mutex init for philo 1
DBG_INIT: meal_mutex init for philo 2
DBG_INIT: meal_mutex init for philo 3
DBG_INIT: meal_mutex init for philo 4
DBG: init philo[1].time_last_meal=0
DBG: init philo[2].time_last_meal=0
DBG: init philo[3].time_last_meal=0
DBG: init philo[4].time_last_meal=0
1 1 has taken the right fork
1 1 has taken the left fork
1 1 is eating
DBG_EAT: id=1 time_last_meal=1
1 3 has taken the right fork
1 3 has taken the left fork
1 3 is eating
DBG_EAT: id=3 time_last_meal=1
DBG: start_time=1758387170276
DBG_EAT2: id=1 meals=1
61 1 has put down the left fork
61 1 has put down the right fork
61 1 is sleeping
61 4 has taken the left fork
DBG_EAT2: id=3 meals=1
61 3 has put down the left fork
61 3 has put down the right fork
61 3 is sleeping
61 4 has taken the right fork
61 4 is eating
DBG_EAT: id=4 time_last_meal=61
61 2 has taken the left fork
61 2 has taken the right fork
61 2 is eating
DBG_EAT: id=2 time_last_meal=61
DBG_EAT2: id=4 meals=1
122 4 has put down the right fork
122 4 has put down the left fork
122 4 is sleeping
DBG_EAT2: id=2 meals=1
122 2 has put down the right fork
122 2 has put down the left fork
122 2 is sleeping
161 1 is thinking
161 1 has taken the right fork
161 1 has taken the left fork
161 1 is eating
DBG_EAT: id=1 time_last_meal=161
161 3 is thinking
161 3 has taken the right fork
161 3 has taken the left fork
161 3 is eating
DBG_EAT: id=3 time_last_meal=161
DBG_EAT2: id=1 meals=2
221 1 has put down the left fork
221 1 has put down the right fork
222 1 is sleeping
DBG_EAT2: id=3 meals=2
222 3 has put down the left fork
222 3 has put down the right fork
222 3 is sleeping
222 4 is thinking
222 2 is thinking
222 4 has taken the left fork
222 4 has taken the right fork
222 4 is eating
DBG_EAT: id=4 time_last_meal=222
222 2 has taken the left fork
222 2 has taken the right fork
222 2 is eating
DBG_EAT: id=2 time_last_meal=222
DBG_EAT2: id=4 meals=2
282 4 has put down the right fork
282 4 has put down the left fork
282 4 is sleeping
DBG_EAT2: id=2 meals=2
282 2 has put down the right fork
282 2 has put down the left fork
282 2 is sleeping
322 1 is thinking
322 1 has taken the right fork
322 1 has taken the left fork
322 1 is eating
DBG_EAT: id=1 time_last_meal=322
322 3 is thinking
322 3 has taken the right fork
322 3 has taken the left fork
322 3 is eating
DBG_EAT: id=3 time_last_meal=322
DBG_EAT2: id=1 meals=3
382 1 has put down the left fork
382 1 has put down the right fork
DBG_EAT2: id=3 meals=3
382 3 has put down the left fork
382 3 has put down the right fork
382 3 is sleeping
382 1 is sleeping
382 4 is thinking
382 2 is thinking
382 4 has taken the left fork
382 4 has taken the right fork
382 4 is eating
DBG_EAT: id=4 time_last_meal=382
383 2 has taken the left fork
383 2 has taken the right fork
383 2 is eating
DBG_EAT: id=2 time_last_meal=383
DBG_EAT2: id=2 meals=3
443 2 has put down the right fork
443 2 has put down the left fork
443 2 is sleeping
DBG_EAT2: id=4 meals=3
443 4 has put down the right fork
443 4 has put down the left fork
443 4 is sleeping
482 3 is thinking
482 3 has taken the right fork
482 3 has taken the left fork
482 3 is eating
DBG_EAT: id=3 time_last_meal=482
482 1 is thinking
482 1 has taken the right fork
482 1 has taken the left fork
482 1 is eating
DBG_EAT: id=1 time_last_meal=482
DBG_EAT2: id=3 meals=4
542 3 has put down the left fork
542 3 has put down the right fork
542 3 is sleeping
DBG_EAT2: id=1 meals=4
542 1 has put down the left fork
542 1 has put down the right fork
542 1 is sleeping
543 2 is thinking
543 4 is thinking
543 2 has taken the left fork
543 2 has taken the right fork
543 2 is eating
DBG_EAT: id=2 time_last_meal=543
543 4 has taken the left fork
543 4 has taken the right fork
543 4 is eating
DBG_EAT: id=4 time_last_meal=543
DBG_EAT2: id=2 meals=4
603 2 has put down the right fork
603 2 has put down the left fork
DBG_EAT2: id=4 meals=4
603 4 has put down the right fork
603 4 has put down the left fork
603 4 is sleeping
603 2 is sleeping
642 3 is thinking
642 3 has taken the right fork
642 3 has taken the left fork
642 3 is eating
DBG_EAT: id=3 time_last_meal=642
642 1 is thinking
642 1 has taken the right fork
642 1 has taken the left fork
642 1 is eating
DBG_EAT: id=1 time_last_meal=642
DBG_EAT2: id=1 meals=5
703 1 has put down the left fork
703 1 has put down the right fork
703 1 is sleeping
DBG_EAT2: id=3 meals=5
703 3 has put down the left fork
703 3 has put down the right fork
703 3 is sleeping
704 4 is thinking
704 2 is thinking
704 4 has taken the left fork
704 4 has taken the right fork
704 4 is eating
DBG_EAT: id=4 time_last_meal=704
704 2 has taken the left fork
704 2 has taken the right fork
704 2 is eating
DBG_EAT: id=2 time_last_meal=704
DBG_EAT2: id=2 meals=5
764 2 has put down the right fork
764 2 has put down the left fork
764 2 is sleeping
DBG_EAT2: id=4 meals=5
764 4 has put down the right fork
764 4 has put down the left fork
764 4 is sleeping
764 All philosophers ate enough
