DBG_INIT: meal_mutex init for philo 1
DBG_INIT: meal_mutex init for philo 2
DBG_INIT: meal_mutex init for philo 3
DBG_INIT: meal_mutex init for philo 4
DBG: init philo[1].time_last_meal=0
DBG: init philo[2].time_last_meal=0
DBG: init philo[3].time_last_meal=0
DBG: init philo[4].time_last_meal=0
0 1 has taken the right fork
0 1 has taken the left fork
0 1 is eating
DBG_EAT: id=1 time_last_meal=0
1 3 has taken the right fork
1 3 has taken the left fork
1 3 is eating
DBG_EAT: id=3 time_last_meal=1
DBG: start_time=1758387080236
DBG_EAT2: id=1 meals=1
200 1 has put down the left fork
201 1 has put down the right fork
201 1 is sleeping
201 4 has taken the left fork
DBG_EAT2: id=3 meals=1
201 4 has taken the right fork
201 4 is eating
DBG_EAT: id=4 time_last_meal=201
201 3 has put down the left fork
201 3 has put down the right fork
201 3 is sleeping
201 2 has taken the left fork
201 2 has taken the right fork
201 2 is eating
DBG_EAT: id=2 time_last_meal=201
401 1 is thinking
401 3 is thinking
DBG_EAT2: id=4 meals=1
401 4 has put down the right fork
401 4 has put down the left fork
401 4 is sleeping
DBG_EAT2: id=2 meals=1
401 2 has put down the right fork
401 1 has taken the right fork
401 1 has taken the left fork
401 1 is eating
DBG_EAT: id=1 time_last_meal=401
401 2 has put down the left fork
401 2 is sleeping
401 3 has taken the right fork
401 3 has taken the left fork
401 3 is eating
DBG_EAT: id=3 time_last_meal=401
601 4 is thinking
DBG_EAT2: id=1 meals=2
601 1 has put down the left fork
601 1 has put down the right fork
601 1 is sleeping
601 2 is thinking
DBG_EAT2: id=3 meals=2
601 3 has put down the left fork
601 3 has put down the right fork
601 3 is sleeping
601 4 has taken the left fork
601 4 has taken the right fork
601 4 is eating
DBG_EAT: id=4 time_last_meal=601
601 2 has taken the left fork
601 2 has taken the right fork
601 2 is eating
DBG_EAT: id=2 time_last_meal=601
801 1 is thinking
801 3 is thinking
DBG_EAT2: id=4 meals=2
802 4 has put down the right fork
802 4 has put down the left fork
802 4 is sleeping
DBG_EAT2: id=2 meals=2
802 2 has put down the right fork
802 1 has taken the right fork
802 1 has taken the left fork
802 1 is eating
DBG_EAT: id=1 time_last_meal=802
802 2 has put down the left fork
802 2 is sleeping
802 3 has taken the right fork
802 3 has taken the left fork
802 3 is eating
DBG_EAT: id=3 time_last_meal=802
1002 4 is thinking
DBG_EAT2: id=1 meals=3
1002 1 has put down the left fork
1002 1 has put down the right fork
1002 1 is sleeping
1002 2 is thinking
DBG_EAT2: id=3 meals=3
1002 3 has put down the left fork
1002 3 has put down the right fork
1002 4 has taken the left fork
1002 4 has taken the right fork
1002 4 is eating
1002 3 is sleeping
1002 2 has taken the left fork
1002 2 has taken the right fork
1002 2 is eating
DBG_EAT: id=2 time_last_meal=1002
DBG_EAT: id=4 time_last_meal=1002
1202 1 is thinking
1202 3 is thinking
DBG_EAT2: id=4 meals=3
1202 4 has put down the right fork
1202 4 has put down the left fork
1202 1 has taken the right fork
DBG_EAT2: id=2 meals=3
1202 4 is sleeping
1202 2 has put down the right fork
1202 2 has put down the left fork
1202 2 is sleeping
1202 All philosophers ate enough
