DBG_INIT: meal_mutex init for philo 1
DBG_INIT: meal_mutex init for philo 2
DBG_INIT: meal_mutex init for philo 3
DBG: init philo[1].time_last_meal=0
DBG: init philo[2].time_last_meal=0
DBG: init philo[3].time_last_meal=0
0 1 has taken the right fork
0 1 has taken the left fork
0 1 is eating
DBG_EAT: id=1 time_last_meal=0
0 2 has taken the left fork
DBG: start_time=1758386643870
DBG_EAT2: id=1 meals=1
100 1 has put down the left fork
100 1 has put down the right fork
100 2 has taken the right fork
100 2 is eating
DBG_EAT: id=2 time_last_meal=100
100 1 is sleeping
160 1 is thinking
160 1 has taken the right fork
DBG_EAT2: id=2 meals=1
200 2 has put down the right fork
200 2 has put down the left fork
200 1 has taken the left fork
200 1 is eating
DBG_EAT: id=1 time_last_meal=200
200 2 is sleeping
200 3 has taken the right fork
260 2 is thinking
DBG_EAT2: id=1 meals=2
300 1 has put down the left fork
300 1 has put down the right fork
300 1 is sleeping
300 3 has taken the left fork
300 3 is eating
DBG_EAT: id=3 time_last_meal=300
360 1 is thinking
DBG_EAT2: id=3 meals=1
401 3 has put down the left fork
401 3 has put down the right fork
401 1 has taken the right fork
401 1 has taken the left fork
401 1 is eating
DBG_EAT: id=1 time_last_meal=401
401 3 is sleeping
401 2 has taken the left fork
461 3 is thinking
DBG_EAT2: id=1 meals=3
501 1 has put down the left fork
501 1 has put down the right fork
501 1 is sleeping
501 2 has taken the right fork
501 2 is eating
DBG_EAT: id=2 time_last_meal=501
561 1 is thinking
561 1 has taken the right fork
DBG_EAT2: id=2 meals=2
601 2 has put down the right fork
601 2 has put down the left fork
601 1 has taken the left fork
601 1 is eating
DBG_EAT: id=1 time_last_meal=601
601 2 is sleeping
601 3 has taken the right fork
661 2 is thinking
DBG_EAT2: id=1 meals=4
701 1 has put down the left fork
701 1 has put down the right fork
701 1 is sleeping
701 3 has taken the left fork
701 3 is eating
DBG_EAT: id=3 time_last_meal=701
761 1 is thinking
DBG_EAT2: id=3 meals=2
801 3 has put down the left fork
801 3 has put down the right fork
801 1 has taken the right fork
801 1 has taken the left fork
801 1 is eating
DBG_EAT: id=1 time_last_meal=801
801 3 is sleeping
801 2 has taken the left fork
861 3 is thinking
DBG_EAT2: id=1 meals=5
901 1 has put down the left fork
901 1 has put down the right fork
902 1 is sleeping
902 2 has taken the right fork
902 2 is eating
DBG_EAT: id=2 time_last_meal=902
962 1 is thinking
962 1 has taken the right fork
DBG_EAT2: id=2 meals=3
1002 2 has put down the right fork
1002 2 has put down the left fork
1002 1 has taken the left fork
1002 1 is eating
DBG_EAT: id=1 time_last_meal=1002
1002 2 is sleeping
1002 3 has taken the right fork
1062 2 is thinking
DBG_EAT2: id=1 meals=6
1102 1 has put down the left fork
1102 1 has put down the right fork
1102 1 is sleeping
1102 3 has taken the left fork
1102 3 is eating
DBG_EAT: id=3 time_last_meal=1102
1162 1 is thinking
DBG_EAT2: id=3 meals=3
1202 3 has put down the left fork
1202 3 has put down the right fork
1202 1 has taken the right fork
1202 1 has taken the left fork
1202 1 is eating
DBG_EAT: id=1 time_last_meal=1202
1202 3 is sleeping
1202 2 has taken the left fork
1262 3 is thinking
DBG_EAT2: id=1 meals=7
1302 1 has put down the left fork
1302 1 has put down the right fork
1302 1 is sleeping
1302 2 has taken the right fork
1302 2 is eating
DBG_EAT: id=2 time_last_meal=1302
1362 1 is thinking
1362 1 has taken the right fork
DBG_EAT2: id=2 meals=4
1402 2 has put down the right fork
1402 2 has put down the left fork
1402 1 has taken the left fork
1402 1 is eating
DBG_EAT: id=1 time_last_meal=1402
1402 2 is sleeping
1402 3 has taken the right fork
1462 2 is thinking
DBG_EAT2: id=1 meals=8
1502 1 has put down the left fork
1503 1 has put down the right fork
1503 3 has taken the left fork
1503 3 is eating
DBG_EAT: id=3 time_last_meal=1503
1503 1 is sleeping
1563 1 is thinking
DBG_EAT2: id=3 meals=4
1603 3 has put down the left fork
1603 3 has put down the right fork
1603 1 has taken the right fork
1603 1 has taken the left fork
1603 1 is eating
1603 2 has taken the left fork
DBG_EAT: id=1 time_last_meal=1603
1603 3 is sleeping
1663 3 is thinking
DBG_EAT2: id=1 meals=9
1703 1 has put down the left fork
1703 1 has put down the right fork
1703 1 is sleeping
1703 2 has taken the right fork
1703 2 is eating
DBG_EAT: id=2 time_last_meal=1703
1763 1 is thinking
1763 1 has taken the right fork
DBG_EAT2: id=2 meals=5
1803 2 has put down the right fork
1803 2 has put down the left fork
1803 2 is sleeping
1803 1 has taken the left fork
1803 1 is eating
DBG_EAT: id=1 time_last_meal=1803
1803 3 has taken the right fork
1863 2 is thinking
DBG_EAT2: id=1 meals=10
1903 1 has put down the left fork
1903 1 has put down the right fork
1903 1 is sleeping
1903 3 has taken the left fork
1903 3 is eating
DBG_EAT: id=3 time_last_meal=1903
1963 1 is thinking
DBG_EAT2: id=3 meals=5
2003 3 has put down the left fork
2003 3 has put down the right fork
2003 1 has taken the right fork
2003 1 has taken the left fork
2003 1 is eating
DBG_EAT: id=1 time_last_meal=2003
2003 3 is sleeping
2004 2 has taken the left fork
2064 3 is thinking
DBG_EAT2: id=1 meals=11
2104 1 has put down the left fork
2104 1 has put down the right fork
2104 2 has taken the right fork
2104 1 is sleeping
2104 2 is eating
DBG_EAT: id=2 time_last_meal=2104
2164 1 is thinking
2164 1 has taken the right fork
DBG_EAT2: id=2 meals=6
2204 2 has put down the right fork
2204 2 has put down the left fork
2204 1 has taken the left fork
2204 1 is eating
DBG_EAT: id=1 time_last_meal=2204
2204 2 is sleeping
2204 3 has taken the right fork
2264 2 is thinking
DBG_EAT2: id=1 meals=12
2304 1 has put down the left fork
2304 1 has put down the right fork
2304 1 is sleeping
2304 3 has taken the left fork
2304 3 is eating
DBG_EAT: id=3 time_last_meal=2304
2364 1 is thinking
DBG_EAT2: id=3 meals=6
2404 3 has put down the left fork
2404 3 has put down the right fork
2404 3 is sleeping
2404 1 has taken the right fork
2404 1 has taken the left fork
2404 1 is eating
DBG_EAT: id=1 time_last_meal=2404
2404 2 has taken the left fork
2464 3 is thinking
DBG_EAT2: id=1 meals=13
2504 1 has put down the left fork
2504 1 has put down the right fork
2505 1 is sleeping
2505 2 has taken the right fork
2505 2 is eating
DBG_EAT: id=2 time_last_meal=2505
2565 1 is thinking
2565 1 has taken the right fork
DBG_EAT2: id=2 meals=7
2605 2 has put down the right fork
2605 2 has put down the left fork
2605 1 has taken the left fork
2605 1 is eating
DBG_EAT: id=1 time_last_meal=2605
2605 2 is sleeping
2605 3 has taken the right fork
2665 2 is thinking
DBG_EAT2: id=1 meals=14
2705 1 has put down the left fork
2705 1 has put down the right fork
2705 1 is sleeping
2705 3 has taken the left fork
2705 3 is eating
DBG_EAT: id=3 time_last_meal=2705
2765 1 is thinking
DBG_EAT2: id=3 meals=7
2805 3 has put down the left fork
2805 3 has put down the right fork
2805 1 has taken the right fork
2805 1 has taken the left fork
2805 1 is eating
DBG_EAT: id=1 time_last_meal=2805
2805 3 is sleeping
2805 2 has taken the left fork
2865 3 is thinking
DBG_EAT2: id=1 meals=15
2905 1 has put down the left fork
2905 1 has put down the right fork
2905 1 is sleeping
2905 2 has taken the right fork
2905 2 is eating
DBG_EAT: id=2 time_last_meal=2905
2965 1 is thinking
2965 1 has taken the right fork
DBG_EAT2: id=2 meals=8
3005 2 has put down the right fork
3005 2 has put down the left fork
3005 1 has taken the left fork
3006 1 is eating
DBG_EAT: id=1 time_last_meal=3006
3006 2 is sleeping
3006 3 has taken the right fork
3066 2 is thinking
DBG_EAT2: id=1 meals=16
3106 1 has put down the left fork
3106 1 has put down the right fork
3106 1 is sleeping
3106 3 has taken the left fork
3106 3 is eating
DBG_EAT: id=3 time_last_meal=3106
3166 1 is thinking
DBG_EAT2: id=3 meals=8
3206 3 has put down the left fork
3206 3 has put down the right fork
3206 1 has taken the right fork
3206 1 has taken the left fork
3206 3 is sleeping
3206 1 is eating
DBG_EAT: id=1 time_last_meal=3206
3206 2 has taken the left fork
3266 3 is thinking
DBG_EAT2: id=1 meals=17
3306 1 has put down the left fork
3306 1 has put down the right fork
3306 2 has taken the right fork
3306 2 is eating
DBG_EAT: id=2 time_last_meal=3306
3306 1 is sleeping
3366 1 is thinking
3366 1 has taken the right fork
DBG_EAT2: id=2 meals=9
3406 2 has put down the right fork
3406 2 has put down the left fork
3406 1 has taken the left fork
3406 1 is eating
DBG_EAT: id=1 time_last_meal=3406
3406 2 is sleeping
3406 3 has taken the right fork
3466 2 is thinking
DBG_EAT2: id=1 meals=18
3506 1 has put down the left fork
3506 1 has put down the right fork
3506 1 is sleeping
3506 3 has taken the left fork
3506 3 is eating
DBG_EAT: id=3 time_last_meal=3506
3566 1 is thinking
DBG_EAT2: id=3 meals=9
3606 3 has put down the left fork
3606 3 has put down the right fork
3606 1 has taken the right fork
3606 1 has taken the left fork
3606 1 is eating
DBG_EAT: id=1 time_last_meal=3606
3606 3 is sleeping
3607 2 has taken the left fork
3667 3 is thinking
DBG_EAT2: id=1 meals=19
3707 1 has put down the left fork
3707 1 has put down the right fork
3707 2 has taken the right fork
3707 2 is eating
DBG_EAT: id=2 time_last_meal=3707
3707 1 is sleeping
3767 1 is thinking
3767 1 has taken the right fork
DBG_EAT2: id=2 meals=10
3807 2 has put down the right fork
3807 2 has put down the left fork
3807 1 has taken the left fork
3807 1 is eating
DBG_EAT: id=1 time_last_meal=3807
3807 2 is sleeping
3807 3 has taken the right fork
3867 2 is thinking
DBG_EAT2: id=1 meals=20
3907 1 has put down the left fork
3907 1 has put down the right fork
3907 1 is sleeping
3907 3 has taken the left fork
3907 3 is eating
DBG_EAT: id=3 time_last_meal=3907
3967 1 is thinking
DBG_EAT2: id=3 meals=10
4007 3 has put down the left fork
4007 3 has put down the right fork
4007 1 has taken the right fork
4007 1 has taken the left fork
4007 1 is eating
DBG_EAT: id=1 time_last_meal=4007
4007 3 is sleeping
4007 2 has taken the left fork
4067 3 is thinking
DBG_EAT2: id=1 meals=21
4107 1 has put down the left fork
4107 1 has put down the right fork
4107 1 is sleeping
4107 2 has taken the right fork
4107 2 is eating
DBG_EAT: id=2 time_last_meal=4107
4167 1 is thinking
4167 1 has taken the right fork
DBG_EAT2: id=2 meals=11
4207 2 has put down the right fork
4207 2 has put down the left fork
4208 1 has taken the left fork
4208 1 is eating
DBG_EAT: id=1 time_last_meal=4208
4208 2 is sleeping
4208 3 has taken the right fork
4268 2 is thinking
DBG_EAT2: id=1 meals=22
4308 1 has put down the left fork
4308 1 has put down the right fork
4308 1 is sleeping
4308 3 has taken the left fork
4308 3 is eating
DBG_EAT: id=3 time_last_meal=4308
4368 1 is thinking
DBG_EAT2: id=3 meals=11
4408 3 has put down the left fork
4408 3 has put down the right fork
4408 1 has taken the right fork
4408 1 has taken the left fork
4408 3 is sleeping
4408 1 is eating
DBG_EAT: id=1 time_last_meal=4408
4408 2 has taken the left fork
4468 3 is thinking
DBG_EAT2: id=1 meals=23
4508 1 has put down the left fork
4508 1 has put down the right fork
4508 1 is sleeping
4508 2 has taken the right fork
4508 2 is eating
DBG_EAT: id=2 time_last_meal=4508
4568 1 is thinking
4568 1 has taken the right fork
DBG_EAT2: id=2 meals=12
4608 2 has put down the right fork
4608 2 has put down the left fork
4608 1 has taken the left fork
4608 1 is eating
DBG_EAT: id=1 time_last_meal=4608
4608 2 is sleeping
4608 3 has taken the right fork
4668 2 is thinking
DBG_EAT2: id=1 meals=24
4708 1 has put down the left fork
4708 1 has put down the right fork
4708 1 is sleeping
4708 3 has taken the left fork
4708 3 is eating
DBG_EAT: id=3 time_last_meal=4708
4768 1 is thinking
DBG_EAT2: id=3 meals=12
4809 3 has put down the left fork
4809 3 has put down the right fork
4809 1 has taken the right fork
4809 1 has taken the left fork
4809 1 is eating
DBG_EAT: id=1 time_last_meal=4809
4809 3 is sleeping
4809 2 has taken the left fork
4869 3 is thinking
DBG_EAT2: id=1 meals=25
4909 1 has put down the left fork
4909 1 has put down the right fork
4909 2 has taken the right fork
4909 2 is eating
DBG_EAT: id=2 time_last_meal=4909
4909 1 is sleeping
4969 1 is thinking
4969 1 has taken the right fork