DBG_INIT: meal_mutex init for philo 1
DBG_INIT: meal_mutex init for philo 2
DBG_INIT: meal_mutex init for philo 3
DBG_INIT: meal_mutex init for philo 4
DBG: init philo[1].time_last_meal=0
DBG: init philo[2].time_last_meal=0
DBG: init philo[3].time_last_meal=0
DBG: init philo[4].time_last_meal=0
1 3 has taken the right fork
1 3 has taken the left fork
1 3 is eating
DBG_EAT: id=3 time_last_meal=1
1 1 has taken the right fork
DBG: start_time=1758387203778
1 1 has taken the left fork
1 1 is eating
DBG_EAT: id=1 time_last_meal=1
DBG_EAT2: id=3 meals=1
201 3 has put down the left fork
201 3 has put down the right fork
201 3 is sleeping
201 2 has taken the left fork
DBG_EAT2: id=1 meals=1
202 1 has put down the left fork
202 1 has put down the right fork
202 1 is sleeping
202 2 has taken the right fork
202 2 is eating
DBG_EAT: id=2 time_last_meal=202
202 4 has taken the left fork
202 4 has taken the right fork
202 4 is eating
DBG_EAT: id=4 time_last_meal=202
262 3 is thinking
262 1 is thinking
DBG_EAT2: id=4 meals=1
402 4 has put down the right fork
DBG_EAT2: id=2 meals=1
402 2 has put down the right fork
402 4 has put down the left fork
402 4 is sleeping
402 2 has put down the left fork
402 1 has taken the right fork
402 3 has taken the right fork
402 3 has taken the left fork
402 3 is eating
DBG_EAT: id=3 time_last_meal=402
402 1 has taken the left fork
402 1 is eating
DBG_EAT: id=1 time_last_meal=402
402 2 is sleeping
462 2 is thinking
462 4 is thinking
DBG_EAT2: id=1 meals=2
602 1 has put down the left fork
DBG_EAT2: id=3 meals=2
602 3 has put down the left fork
602 1 has put down the right fork
602 1 is sleeping
602 3 has put down the right fork
602 3 is sleeping
602 4 has taken the left fork
602 4 has taken the right fork
602 4 is eating
DBG_EAT: id=4 time_last_meal=602
602 2 has taken the left fork
602 2 has taken the right fork
602 2 is eating
DBG_EAT: id=2 time_last_meal=602
663 1 is thinking
663 3 is thinking
DBG_EAT2: id=4 meals=2
803 4 has put down the right fork
DBG_EAT2: id=2 meals=2
803 2 has put down the right fork
803 4 has put down the left fork
803 2 has put down the left fork
803 2 is sleeping
803 4 is sleeping
803 1 has taken the right fork
803 1 has taken the left fork
803 1 is eating
DBG_EAT: id=1 time_last_meal=803
803 3 has taken the right fork
803 3 has taken the left fork
803 3 is eating
DBG_EAT: id=3 time_last_meal=803
863 4 is thinking
863 2 is thinking
DBG_EAT2: id=3 meals=3
1003 3 has put down the left fork
DBG_EAT2: id=1 meals=3
1003 1 has put down the left fork
1003 3 has put down the right fork
1003 3 is sleeping
1003 1 has put down the right fork
1003 2 has taken the left fork
1003 1 is sleeping
1003 2 has taken the right fork
1003 2 is eating
DBG_EAT: id=2 time_last_meal=1003
1003 4 has taken the left fork
1003 4 has taken the right fork
1003 4 is eating
DBG_EAT: id=4 time_last_meal=1003
1064 3 is thinking
1064 1 is thinking
DBG_EAT2: id=2 meals=3
1204 2 has put down the right fork
1204 2 has put down the left fork
DBG_EAT2: id=4 meals=3
1204 4 has put down the right fork
1204 2 is sleeping
1204 4 has put down the left fork
1204 4 is sleeping
1204 3 has taken the right fork
1204 3 has taken the left fork
1204 3 is eating
DBG_EAT: id=3 time_last_meal=1204
1204 1 has taken the right fork
1204 1 has taken the left fork
1204 1 is eating
DBG_EAT: id=1 time_last_meal=1204
1264 4 is thinking
1264 2 is thinking
DBG_EAT2: id=1 meals=4
1404 1 has put down the left fork
DBG_EAT2: id=3 meals=4
1404 3 has put down the left fork
1404 1 has put down the right fork
1404 1 is sleeping
1404 3 has put down the right fork
1404 3 is sleeping
1404 4 has taken the left fork
1404 4 has taken the right fork
1404 4 is eating
DBG_EAT: id=4 time_last_meal=1404
1404 2 has taken the left fork
1404 2 has taken the right fork
1404 2 is eating
DBG_EAT: id=2 time_last_meal=1404
1464 1 is thinking
1465 3 is thinking
DBG_EAT2: id=2 meals=4
1605 2 has put down the right fork
DBG_EAT2: id=4 meals=4
1605 4 has put down the right fork
1605 2 has put down the left fork
1605 2 is sleeping
1605 4 has put down the left fork
1605 4 is sleeping
1605 1 has taken the right fork
1605 1 has taken the left fork
1605 1 is eating
DBG_EAT: id=1 time_last_meal=1605
1605 3 has taken the right fork
1605 3 has taken the left fork
1605 3 is eating
DBG_EAT: id=3 time_last_meal=1605
1665 4 is thinking
1665 2 is thinking
DBG_EAT2: id=1 meals=5
1805 1 has put down the left fork
1805 1 has put down the right fork
1806 1 is sleeping
DBG_EAT2: id=3 meals=5
1806 3 has put down the left fork
1806 4 has taken the left fork
1806 4 has taken the right fork
1806 4 is eating
DBG_EAT: id=4 time_last_meal=1806
1806 3 has put down the right fork
1806 3 is sleeping
1806 2 has taken the left fork
1806 2 has taken the right fork
1806 2 is eating
DBG_EAT: id=2 time_last_meal=1806
1866 1 is thinking
1866 3 is thinking
DBG_EAT2: id=2 meals=5
2006 2 has put down the right fork
DBG_EAT2: id=4 meals=5
2006 4 has put down the right fork
2006 2 has put down the left fork
2006 2 is sleeping
2006 4 has put down the left fork
2006 3 has taken the right fork
2006 3 has taken the left fork
2006 3 is eating
DBG_EAT: id=3 time_last_meal=2006
2006 4 is sleeping
2006 1 has taken the right fork
2006 1 has taken the left fork
2006 1 is eating
DBG_EAT: id=1 time_last_meal=2006
2066 2 is thinking
2066 4 is thinking
DBG_EAT2: id=1 meals=6
2206 1 has put down the left fork
DBG_EAT2: id=3 meals=6
2206 3 has put down the left fork
2206 1 has put down the right fork
2206 3 has put down the right fork
2206 3 is sleeping
2206 1 is sleeping
2206 4 has taken the left fork
2206 4 has taken the right fork
2206 4 is eating
DBG_EAT: id=4 time_last_meal=2206
2206 2 has taken the left fork
2206 2 has taken the right fork
2206 2 is eating
DBG_EAT: id=2 time_last_meal=2206
2266 3 is thinking
2267 1 is thinking
DBG_EAT2: id=4 meals=6
2407 4 has put down the right fork
DBG_EAT2: id=2 meals=6
2407 2 has put down the right fork
2407 4 has put down the left fork
2407 2 has put down the left fork
2407 2 is sleeping
2407 4 is sleeping
2407 1 has taken the right fork
2407 1 has taken the left fork
2407 1 is eating
DBG_EAT: id=1 time_last_meal=2407
2407 3 has taken the right fork
2407 3 has taken the left fork
2407 3 is eating
DBG_EAT: id=3 time_last_meal=2407
2467 2 is thinking
2467 4 is thinking
DBG_EAT2: id=1 meals=7
2607 1 has put down the left fork
DBG_EAT2: id=3 meals=7
2607 3 has put down the left fork
2607 1 has put down the right fork
2607 3 has put down the right fork
2607 3 is sleeping
2607 1 is sleeping
2607 4 has taken the left fork
2607 4 has taken the right fork
2607 4 is eating
DBG_EAT: id=4 time_last_meal=2607
2607 2 has taken the left fork
2607 2 has taken the right fork
2607 2 is eating
DBG_EAT: id=2 time_last_meal=2607
2668 1 is thinking
2668 3 is thinking
DBG_EAT2: id=2 meals=7
2808 2 has put down the right fork
DBG_EAT2: id=4 meals=7
2808 4 has put down the right fork
2808 2 has put down the left fork
2808 2 is sleeping
2808 4 has put down the left fork
2808 3 has taken the right fork
2808 3 has taken the left fork
2808 3 is eating
DBG_EAT: id=3 time_last_meal=2808
2808 4 is sleeping
2808 1 has taken the right fork
2808 1 has taken the left fork
2808 1 is eating
DBG_EAT: id=1 time_last_meal=2808
2868 2 is thinking
2868 4 is thinking
DBG_EAT2: id=3 meals=8
3008 3 has put down the left fork
DBG_EAT2: id=1 meals=8
3008 1 has put down the left fork
3008 3 has put down the right fork
3008 3 is sleeping
3008 1 has put down the right fork
3008 1 is sleeping
3008 2 has taken the left fork
3008 2 has taken the right fork
3008 2 is eating
DBG_EAT: id=2 time_last_meal=3008
3008 4 has taken the left fork
3008 4 has taken the right fork
3008 4 is eating
DBG_EAT: id=4 time_last_meal=3008
3068 1 is thinking
3068 3 is thinking
DBG_EAT2: id=4 meals=8
3209 4 has put down the right fork
DBG_EAT2: id=2 meals=8
3209 2 has put down the right fork
3209 4 has put down the left fork
3209 4 is sleeping
3209 2 has put down the left fork
3209 2 is sleeping
3209 3 has taken the right fork
3209 3 has taken the left fork
3209 3 is eating
DBG_EAT: id=3 time_last_meal=3209
3209 1 has taken the right fork
3209 1 has taken the left fork
3209 1 