DBG_INIT: meal_mutex init for philo 1
DBG_INIT: meal_mutex init for philo 2
DBG_INIT: meal_mutex init for philo 3
DBG_INIT: meal_mutex init for philo 4
DBG_INIT: meal_mutex init for philo 5
DBG: init philo[1].time_last_meal=0
DBG: init philo[2].time_last_meal=0
DBG: init philo[3].time_last_meal=0
DBG: init philo[4].time_last_meal=0
DBG: init philo[5].time_last_meal=0
1 1 has taken the right fork
1 1 has taken the left fork
1 1 is eating
DBG_EAT: id=1 time_last_meal=1
1 3 has taken the right fork
1 3 has taken the left fork
1 3 is eating
DBG_EAT: id=3 time_last_meal=1
1 5 has taken the right fork
DBG: start_time=1758387914446
DBG_EAT2: id=1 meals=1
101 1 has put down the left fork
101 1 has put down the right fork
DBG_EAT2: id=3 meals=1
101 3 has put down the left fork
101 1 is sleeping
101 3 has put down the right fork
101 5 has taken the left fork
101 5 is eating
DBG_EAT: id=5 time_last_meal=101
101 3 is sleeping
101 2 has taken the left fork
101 2 has taken the right fork
101 2 is eating
DBG_EAT: id=2 time_last_meal=101
DBG_EAT2: id=2 meals=1
201 2 has put down the right fork
201 2 has put down the left fork
201 2 is sleeping
DBG_EAT2: id=5 meals=1
202 5 has put down the left fork
202 5 has put down the right fork
202 5 is sleeping
202 4 has taken the left fork
202 4 has taken the right fork
202 4 is eating
DBG_EAT: id=4 time_last_meal=202
301 1 is thinking
301 1 has taken the right fork
301 1 has taken the left fork
301 1 is eating
DBG_EAT: id=1 time_last_meal=301
301 3 is thinking
301 3 has taken the right fork
DBG_EAT2: id=4 meals=1
302 4 has put down the right fork
302 4 has put down the left fork
302 4 is sleeping
302 3 has taken the left fork
302 3 is eating
DBG_EAT: id=3 time_last_meal=302
DBG_EAT2: id=1 meals=2
402 1 has put down the left fork
402 1 has put down the right fork
402 2 is thinking
402 1 is sleeping
402 5 is thinking
402 5 has taken the right fork
402 5 has taken the left fork
402 5 is eating
DBG_EAT: id=5 time_last_meal=402
DBG_EAT2: id=3 meals=2
402 3 has put down the left fork
402 3 has put down the right fork
402 3 is sleeping
403 2 has taken the left fork
403 2 has taken the right fork
403 2 is eating
DBG_EAT: id=2 time_last_meal=403
DBG_EAT2: id=5 meals=2
502 5 has put down the left fork
502 5 has put down the right fork
502 5 is sleeping
502 4 is thinking
503 4 has taken the left fork
503 4 has taken the right fork
503 4 is eating
DBG_EAT: id=4 time_last_meal=503
DBG_EAT2: id=2 meals=2
503 2 has put down the right fork
503 2 has put down the left fork
503 2 is sleeping
602 1 is thinking
602 1 has taken the right fork
602 1 has taken the left fork
602 1 is eating
DBG_EAT: id=1 time_last_meal=602
DBG_EAT2: id=4 meals=2
603 4 has put down the right fork
603 4 has put down the left fork
603 3 is thinking
603 3 has taken the right fork
603 3 has taken the left fork
603 3 is eating
DBG_EAT: id=3 time_last_meal=603
603 4 is sleeping
DBG_EAT2: id=1 meals=3
702 1 has put down the left fork
702 1 has put down the right fork
702 5 is thinking
702 5 has taken the right fork
702 5 has taken the left fork
702 5 is eating
DBG_EAT: id=5 time_last_meal=702
702 1 is sleeping
DBG_EAT2: id=3 meals=3
703 3 has put down the left fork
703 3 has put down the right fork
703 2 is thinking
703 3 is sleeping
703 2 has taken the left fork
703 2 has taken the right fork
703 2 is eating
DBG_EAT: id=2 time_last_meal=703
DBG_EAT2: id=5 meals=3
803 5 has put down the left fork
803 5 has put down the right fork
803 5 is sleeping
803 4 is thinking
DBG_EAT2: id=2 meals=3
803 2 has put down the right fork
803 2 has put down the left fork
803 4 has taken the left fork
803 4 has taken the right fork
803 4 is eating
DBG_EAT: id=4 time_last_meal=803
803 2 is sleeping
902 1 is thinking
902 1 has taken the right fork
902 1 has taken the left fork
902 1 is eating
DBG_EAT: id=1 time_last_meal=902
903 3 is thinking
903 3 has taken the right fork
DBG_EAT2: id=4 meals=3
903 4 has put down the right fork
903 4 has put down the left fork
904 4 is sleeping
904 3 has taken the left fork
904 3 is eating
DBG_EAT: id=3 time_last_meal=904
DBG_EAT2: id=1 meals=4
1003 1 has put down the left fork
1003 1 has put down the right fork
1003 5 is thinking
1003 5 has taken the right fork
1003 5 has taken the left fork
1003 5 is eating
DBG_EAT: id=5 time_last_meal=1003
1003 1 is sleeping
1003 2 is thinking
DBG_EAT2: id=3 meals=4
1004 3 has put down the left fork
1004 3 has put down the right fork
1004 3 is sleeping
1004 2 has taken the left fork
1004 2 has taken the right fork
1004 2 is eating
DBG_EAT: id=2 time_last_meal=1004
DBG_EAT2: id=5 meals=4
1103 5 has put down the left fork
1103 5 has put down the right fork
1103 5 is sleeping
1104 4 is thinking
1104 4 has taken the left fork
1104 4 has taken the right fork
1104 4 is eating
DBG_EAT: id=4 time_last_meal=1104
DBG_EAT2: id=2 meals=4
1105 2 has put down the right fork
1105 2 has put down the left fork
1105 2 is sleeping
1203 1 is thinking
1203 1 has taken the right fork
1203 1 has taken the left fork
1203 1 is eating
DBG_EAT: id=1 time_last_meal=1203
DBG_EAT2: id=4 meals=4
1204 4 has put down the right fork
1204 4 has put down the left fork
1204 4 is sleeping
1204 3 is thinking
1204 3 has taken the right fork
1204 3 has taken the left fork
1204 3 is eating
DBG_EAT: id=3 time_last_meal=1204
DBG_EAT2: id=1 meals=5
1303 1 has put down the left fork
1303 1 has put down the right fork
1303 5 is thinking
1303 5 has taken the right fork
1303 5 has taken the left fork
1303 5 is eating
DBG_EAT: id=5 time_last_meal=1303
1303 1 is sleeping
DBG_EAT2: id=3 meals=5
1305 3 has put down the left fork
1305 3 has put down the right fork
1305 3 is sleeping
1305 2 is thinking
1305 2 has taken the left fork
1305 2 has taken the right fork
1305 2 is eating
DBG_EAT: id=2 time_last_meal=1305
DBG_EAT2: id=5 meals=5
1404 5 has put down the left fork
1404 5 has put down the right fork
1404 5 is sleeping
1404 4 is thinking
1405 4 has taken the left fork
1405 4 has taken the right fork
1405 4 is eating
DBG_EAT: id=4 time_last_meal=1405
DBG_EAT2: id=2 meals=5
1405 2 has put down the right fork
1405 2 has put down the left fork
1405 2 is sleeping
1504 1 is thinking
1504 1 has taken the right fork
1504 1 has taken the left fork
1504 1 is eating
DBG_EAT: id=1 time_last_meal=1504
1505 3 is thinking
1505 3 has taken the right fork
DBG_EAT2: id=4 meals=5
1505 4 has put down the right fork
1505 4 has put down the left fork
1505 4 is sleeping
1505 3 has taken the left fork
1505 3 is eating
DBG_EAT: id=3 time_last_meal=1505
DBG_EAT2: id=1 meals=6
1604 1 has put down the left fork
1604 1 has put down the right fork
1604 5 is thinking
1604 5 has taken the right fork
1604 5 has taken the left fork
1604 5 is eating
DBG_EAT: id=5 time_last_meal=1604
1604 1 is sleeping
1605 2 is thinking
DBG_EAT2: id=3 meals=6
1605 3 has put down the left fork
1605 3 has put down the right fork
1605 3 is sleeping
1605 2 has taken the left fork
1605 2 has taken the right fork
1605 2 is eating
DBG_EAT: id=2 time_last_meal=1605
DBG_EAT2: id=5 meals=6
1704 5 has put down the left fork
1704 5 has put down the right fork
1704 5 is sleeping
1705 4 is thinking
DBG_EAT2: id=2 meals=6
1706 2 has put down the right fork
1706 2 has put down the left fork
1706 2 is sleeping
1706 4 has taken the left fork
1706 4 has taken the right fork
1706 4 is eating
DBG_EAT: id=4 time_last_meal=1706
1804 1 is thinking
1804 1 has taken the right fork
1804 1 has taken the left fork
1804 1 is eating
DBG_EAT: id=1 time_last_meal=1804
1805 3 is thinking
1805 3 has taken the right fork
DBG_EAT2: id=4 meals=6
1806 4 has put down the right fork
1806 4 has put down the left fork
1806 4 is sleeping
1806 3 has taken the left fork
1806 3 is eating
DBG_EAT: id=3 time_last_meal=1806
DBG_EAT2: id=1 meals=7
1904 1 has put down the left fork
1904 1 has put down the right fork
1904 5 is thinking
1904 5 has taken the right fork
1904 5 has taken the left fork
1904 5 is eating
DBG_EAT: id=5 time_last_meal=1904
1904 1 is sleeping
1906 2 is thinking
DBG_EAT2: id=3 meals=7
1906 3 has put down the left fork
1906 3 has put down the right fork
1906 3 is sleeping
1906 2 has taken the left fork
1906 2 has taken the right fork
1906 2 is eating
DBG_EAT: id=2 time_last_meal=1906
DBG_EAT2: id=5 meals=7
2005 5 has put down the left fork
2005 5 has put down the right fork
2005 5 is sleeping
2006 4 is thinking
2007 4 has taken the left fork
2007 4 has taken the right fork
2007 4 is eating
DBG_EAT: id=4 time_last_meal=2007
DBG_EAT2: id=2 meals=7
2007 2 has put down the right fork
2007 2 has put down the left fork
2007 2 is sleeping
2105 1 is thinking
2105 1 has taken the right fork
2105 1 has taken the left fork
2105 1 is eating
DBG_EAT: id=1 time_last_meal=2105
2107 3 is thinking
2107 3 has taken the right fork
DBG_EAT2: id=4 meals=7
2107 4 has put down the right fork
2107 4 has put down the left fork
2107 4 is sleeping
2107 3 has taken the left fork
2107 3 is eating
DBG_EAT: id=3 time_last_meal=2107
DBG_EAT2: id=1 meals=8
2205 1 has put down the left fork
2205 1 has put down the right fork
2205 5 is thinking
2205 5 has taken the right fork
2205 5 has taken the left fork
2205 5 is eating
DBG_EAT: id=5 time_last_meal=2205
2205 1 is sleeping
2207 2 is thinking
DBG_EAT2: id=3 meals=8
2207 3 has put down the left fork
2207 3 has put down the right fork
2207 3 is sleeping
2207 2 has taken the left fork
2207 2 has taken the right fork
2207 2 is eating
DBG_EAT: id=2 time_last_meal=2207
DBG_EAT2: id=5 meals=8
2305 5 has put down the left fork
2305 5 has put down the right fork
2305 5 is sleeping
2307 4 is thinking
2307 4 has taken the left fork
2307 4 has taken the right fork
2307 4 is eating
DBG_EAT: id=4 time_last_meal=2307
DBG_EAT2: id=2 meals=8
2307 2 has put down the right fork
2307 2 has put down the left fork
2307 2 is sleeping
2405 1 is thinking
2405 1 has taken the right fork
2405 1 has taken the left fork
2405 1 is eating
DBG_EAT: id=1 time_last_meal=2405
DBG_EAT2: id=4 meals=8
2407 4 has put down the right fork
2407 4 has put down the left fork
2407 3 is thinking
2407 3 has taken the right fork
2407 3 has taken the left fork
2407 3 is eating
DBG_EAT: id=3 time_last_meal=2407
2407 4 is sleeping
2505 5 is thinking
2505 5 has taken the right fork
DBG_EAT2: id=1 meals=9
2506 1 has put down the left fork
2506 1 has put down the right fork
2506 1 is sleeping
2506 5 has taken the left fork
2506 5 is eating
DBG_EAT: id=5 time_last_meal=2506
DBG_EAT2: id=3 meals=9
2507 3 has put down the left fork
2507 3 has put down the right fork
2507 3 is sleeping
2508 2 is thinking
2508 2 has taken the left fork
2508 2 has taken the right fork
2508 2 is eating
DBG_EAT: id=2 time_last_meal=2508
DBG_EAT2: id=5 meals=9
2606 5 has put down the left fork
2606 5 has put down the right fork
2606 5 is sleeping
2607 4 is thinking
2608 4 has taken the left fork
2608 4 has taken the right fork
2608 4 is eating
DBG_EAT: id=4 time_last_meal=2608
DBG_EAT2: id=2 meals=9
2608 2 has put down the right fork
2608 2 has put down the left fork
2608 2 is sleeping
2706 1 is thinking
2706 1 has taken the right fork
2706 1 has taken the left fork
2706 1 is eating
DBG_EAT: id=1 time_last_meal=2706
2708 3 is thinking
2708 3 has taken the right fork
DBG_EAT2: id=4 meals=9
2708 4 has put down the right fork
2708 4 has put down the left fork
2708 4 is sleeping
2708 3 has taken the left fork
2708 3 is eating
DBG_EAT: id=3 time_last_meal=2708
2806 5 is thinking
2806 5 has taken the right fork
DBG_EAT2: id=1 meals=10
2806 1 has put down the left fork
2806 1 has put down the right fork
2806 1 is sleeping
2806 5 has taken the left fork
2806 5 is eating
DBG_EAT: id=5 time_last_meal=2806
DBG_EAT2: id=3 meals=10
2808 3 has put down the left fork
2808 3 has put down the right fork
2808 3 is sleeping
2808 2 is thinking
2808 2 has taken the left fork
2808 2 has taken the right fork
2808 2 is eating
DBG_EAT: id=2 time_last_meal=2808
DBG_EAT2: id=5 meals=10
2906 5 has put down the left fork
2906 5 has put down the right fork
2907 5 is sleeping
2908 4 is thinking
2908 4 has taken the left fork
2908 4 has taken the right fork
2908 4 is eating
DBG_EAT: id=4 time_last_meal=2908
DBG_EAT2: id=2 meals=10
2908 2 has put down the right fork
2908 2 has put down the left fork
2908 2 is sleeping
3006 1 is thinking
3006 1 has taken the right fork
3006 1 has taken the left fork
3006 1 is eating
DBG_EAT: id=1 time_last_meal=3006
DBG_EAT2: id=4 meals=10
3008 4 has put down the right fork
3008 4 has put down the left fork
3008 3 is thinking
3008 3 has taken the right fork
3008 3 has taken the left fork
3008 3 is eating
DBG_EAT: id=3 time_last_meal=3008
3009 4 is sleeping
DBG_EAT2: id=1 meals=11
3107 1 has put down the left fork
3107 1 has put down the right fork
3107 1 is sleeping
3107 5 is thinking
3107 5 has taken the right fork
3107 5 has taken the left fork
3107 5 is eating
DBG_EAT: id=5 time_last_meal=3107
3109 2 is thinking
DBG_EAT2: id=3 meals=11
3109 3 has put down the left fork
3109 3 has put down the right fork
3109 3 is sleeping
3109 2 has taken the left fork
3109 2 has taken the right fork
3109 2 is eating
DBG_EAT: id=2 time_last_meal=3109
DBG_EAT2: id=5 meals=11
3207 5 has put down the left fork
3207 5 has put down the right fork
3207 5 is sleeping
3209 4 is thinking
3209 4 has taken the left fork
3209 4 has taken the right fork
3209 4 is eating
DBG_EAT: id=4 time_last_meal=3209
DBG_EAT2: id=2 meals=11
3209 2 has put down the right fork
3209 2 has put down the left fork
3209 2 is sleeping
3307 1 is thinking
3307 1 has taken the right fork
3307 1 has taken the left fork
3307 1 is eating
DBG_EAT: id=1 time_last_meal=3307
DBG_EAT2: id=4 meals=11
3309 4 has put down the right fork
3309 4 has put down the left fork
3309 3 is thinking
3309 3 has taken the right fork
3309 3 has taken the left fork
3309 3 is eating
DBG_EAT: id=3 time_last_meal=3309
3309 4 is sleeping
DBG_EAT2: id=1 meals=12
3407 1 has put down the left fork
3407 1 has put down the right fork
3407 1 is sleeping
3407 5 is thinking
3407 5 has taken the right fork
3407 5 has taken the left fork
3407 5 is eating
DBG_EAT: id=5 time_last_meal=3407
3409 2 is thinking
DBG_EAT2: id=3 meals=12
3409 3 has put down the left fork
3409 3 has put down the right fork
3409 3 is sleeping
3409 2 has taken the left fork
3409 2 has taken the right fork
3409 2 is eating
DBG_EAT: id=2 time_last_meal=3409
DBG_EAT2: id=5 meals=12
3507 5 has put down the left fork
3507 5 has put down the right fork
3507 5 is sleeping
3509 4 is thinking
3510 4 has taken the left fork
3510 4 has taken the right fork
3510 4 is eating
DBG_EAT: id=4 time_last_meal=3510
DBG_EAT2: id=2 meals=12
3510 2 has put down the right fork
3510 2 has put down the left fork
3510 2 is sleeping
3607 1 is thinking
3607 1 has taken the right fork
3607 1 has taken the left fork
3607 1 is eating
DBG_EAT: id=1 time_last_meal=3607
3609 3 is thinking
3609 3 has taken the right fork
DBG_EAT2: id=4 meals=12
3610 4 has put down the right fork
3610 4 has put down the left fork
3610 4 is sleeping
3610 3 has taken the left fork
3610 3 is eating
DBG_EAT: id=3 time_last_meal=3610
3708 5 is thinking
3708 5 has taken the right fork
DBG_EAT2: id=1 meals=13
3708 1 has put down the left fork
3708 1 has put down the right fork
3708 5 has taken the left fork
3708 5 is eating
DBG_EAT: id=5 time_last_meal=3708
3708 1 is sleeping
3710 2 is thinking
DBG_EAT2: id=3 meals=13
3710 3 has put down the left fork
3710 3 has put down the right fork
3710 3 is sleeping
3710 2 has taken the left fork
3710 2 has taken the right fork
3710 2 is eating
DBG_EAT: id=2 time_last_meal=3710
DBG_EAT2: id=5 meals=13
3808 5 has put down the left fork
3808 5 has put down the right fork
3808 5 is sleeping
3810 4 is thinking
3810 4 has taken the left fork
3810 4 has taken the right fork
3810 4 is eating
DBG_EAT: id=4 time_last_meal=3810
DBG_EAT2: id=2 meals=13
3810 2 has put down the right fork
3810 2 has put down the left fork
3810 2 is sleeping
3908 1 is thinking
3908 1 has taken the right fork
3908 1 has taken the left fork
3908 1 is eating
DBG_EAT: id=1 time_last_meal=3908
DBG_EAT2: id=4 meals=13
3910 4 has put down the right fork
3910 4 has put down the left fork
3910 4 is sleeping
3910 3 is thinking
3910 3 has taken the right fork
3910 3 has taken the left fork
3910 3 is eating
DBG_EAT: id=3 time_last_meal=3910
DBG_EAT2: id=1 meals=14
4008 1 has put down the left fork
4008 1 has put dow