DBG_INIT: meal_mutex init for philo 1
DBG_INIT: meal_mutex init for philo 2
DBG_INIT: meal_mutex init for philo 3
DBG_INIT: meal_mutex init for philo 4
DBG_INIT: meal_mutex init for philo 5
DBG: init philo[1].time_last_meal=0
DBG: init philo[2].time_last_meal=0
DBG: init philo[3].time_last_meal=0
DBG: init philo[4].time_last_meal=0
DBG: init philo[5].time_last_meal=0
0 1 has taken the right fork
0 1 has taken the left fork
0 1 is eating
DBG_EAT: id=1 time_last_meal=0
1 3 has taken the right fork
1 3 has taken the left fork
1 3 is eating
DBG_EAT: id=3 time_last_meal=1
1 4 has taken the left fork
DBG: start_time=1758387330163
DBG_EAT2: id=1 meals=1
61 1 has put down the left fork
61 1 has put down the right fork
61 1 is sleeping
DBG_EAT2: id=3 meals=1
61 3 has put down the left fork
61 3 has put down the right fork
61 4 has taken the right fork
61 3 is sleeping
61 4 is eating
DBG_EAT: id=4 time_last_meal=61
61 2 has taken the left fork
61 2 has taken the right fork
61 2 is eating
DBG_EAT: id=2 time_last_meal=61
DBG_EAT2: id=4 meals=1
121 4 has put down the right fork
DBG_EAT2: id=2 meals=1
121 2 has put down the right fork
121 2 has put down the left fork
121 2 is sleeping
121 4 has put down the left fork
121 4 is sleeping
121 5 has taken the right fork
121 5 has taken the left fork
121 5 is eating
DBG_EAT: id=5 time_last_meal=121
161 1 is thinking
161 3 is thinking
161 3 has taken the right fork
161 3 has taken the left fork
161 3 is eating
DBG_EAT: id=3 time_last_meal=161
DBG_EAT2: id=5 meals=1
182 5 has put down the left fork
182 5 has put down the right fork
182 5 is sleeping
182 1 has taken the right fork
182 1 has taken the left fork
182 1 is eating
DBG_EAT: id=1 time_last_meal=182
DBG_EAT2: id=3 meals=2
221 3 has put down the left fork
221 3 has put down the right fork
221 3 is sleeping
221 4 is thinking
222 2 is thinking
222 4 has taken the left fork
222 4 has taken the right fork
222 4 is eating
DBG_EAT: id=4 time_last_meal=222
222 2 has taken the left fork
DBG_EAT2: id=1 meals=2
242 1 has put down the left fork
242 1 has put down the right fork
242 1 is sleeping
242 2 has taken the right fork
242 2 is eating
DBG_EAT: id=2 time_last_meal=242
DBG_EAT2: id=4 meals=2
282 4 has put down the right fork
282 4 has put down the left fork
282 4 is sleeping
282 5 is thinking
282 5 has taken the right fork
282 5 has taken the left fork
282 5 is eating
DBG_EAT: id=5 time_last_meal=282
DBG_EAT2: id=2 meals=2
303 2 has put down the right fork
303 2 has put down the left fork
303 2 is sleeping
303 3 has died (last meal at 161)
DBG_EAT2: id=5 meals=2
