DBG_INIT: meal_mutex init for philo 1
DBG_INIT: meal_mutex init for philo 2
DBG_INIT: meal_mutex init for philo 3
DBG_INIT: meal_mutex init for philo 4
DBG_INIT: meal_mutex init for philo 5
DBG: init philo[1].time_last_meal=0
DBG: init philo[2].time_last_meal=0
DBG: init philo[3].time_last_meal=0
DBG: init philo[4].time_last_meal=0
DBG: init philo[5].time_last_meal=0
0 1 has taken the right fork
0 1 has taken the left fork
0 1 is eating
DBG_EAT: id=1 time_last_meal=0
0 3 has taken the right fork
0 3 has taken the left fork
0 3 is eating
DBG_EAT: id=3 time_last_meal=0
0 5 has taken the right fork
DBG: start_time=1758387500028
DBG_EAT2: id=1 meals=1
60 1 has put down the left fork
60 1 has put down the right fork
60 1 is sleeping
60 5 has taken the left fork
60 5 is eating
DBG_EAT: id=5 time_last_meal=60
DBG_EAT2: id=3 meals=1
60 3 has put down the left fork
60 3 has put down the right fork
60 3 is sleeping
60 2 has taken the left fork
60 2 has taken the right fork
61 2 is eating
DBG_EAT: id=2 time_last_meal=61
DBG_EAT2: id=5 meals=1
120 5 has put down the left fork
120 1 is thinking
120 1 has taken the right fork
120 5 has put down the right fork
120 5 is sleeping
121 4 has taken the left fork
121 4 has taken the right fork
121 4 is eating
DBG_EAT: id=4 time_last_meal=121
121 3 is thinking
DBG_EAT2: id=2 meals=1
121 2 has put down the right fork
121 2 has put down the left fork
121 2 is sleeping
121 1 has taken the left fork
121 1 is eating
DBG_EAT: id=1 time_last_meal=121
121 3 has taken the right fork
DBG_EAT2: id=4 meals=1
181 5 is thinking
181 4 has put down the right fork
181 4 has put down the left fork
181 4 is sleeping
181 5 has taken the right fork
181 3 has taken the left fork
181 3 is eating
DBG_EAT: id=3 time_last_meal=181
181 2 is thinking
DBG_EAT2: id=1 meals=2
181 1 has put down the left fork
181 1 has put down the right fork
181 1 is sleeping
181 5 has taken the left fork
181 5 is eating
DBG_EAT: id=5 time_last_meal=181
DBG_EAT2: id=5 meals=2
DBG_EAT2: id=3 meals=2
241 3 has put down the left fork
241 5 has put down the left fork
241 5 has put down the right fork
241 5 is sleeping
241 4 is thinking
241 3 has put down the right fork
241 1 is thinking
241 1 has taken the right fork
241 1 has taken the left fork
241 1 is eating
DBG_EAT: id=1 time_last_meal=241
241 3 is sleeping
241 2 has taken the left fork
241 4 has taken the left fork
241 4 has taken the right fork
241 4 is eating
DBG_EAT: id=4 time_last_meal=241
301 5 is thinking
DBG_EAT2: id=1 meals=3
DBG_EAT2: id=4 meals=2
302 4 has put down the right fork
302 1 has put down the left fork
302 1 has put down the right fork
302 1 is sleeping
302 3 is thinking
302 4 has put down the left fork
302 2 has taken the right fork
302 2 is eating
DBG_EAT: id=2 time_last_meal=302
302 5 has taken the right fork
302 5 has taken the left fork
302 5 is eating
DBG_EAT: id=5 time_last_meal=302
302 4 is sleeping
362 1 is thinking
362 4 is thinking
DBG_EAT2: id=5 meals=3
362 5 has put down the left fork
362 5 has put down the right fork
362 5 is sleeping
DBG_EAT2: id=2 meals=2
362 2 has put down the right fork
362 4 has taken the left fork
362 4 has taken the right fork
362 4 is eating
DBG_EAT: id=4 time_last_meal=362
362 2 has put down the left fork
362 1 has taken the right fork
362 1 has taken the left fork
362 1 is eating
DBG_EAT: id=1 time_last_meal=362
362 3 has taken the right fork
362 2 is sleeping
422 5 is thinking
DBG_EAT2: id=4 meals=3
DBG_EAT2: id=1 meals=4
422 1 has put down the left fork
422 1 has put down the right fork
422 1 is sleeping
422 4 has put down the right fork
422 4 has put down the left fork
422 3 has taken the left fork
422 3 is eating
DBG_EAT: id=3 time_last_meal=422
422 4 is sleeping
422 5 has taken the right fork
422 5 has taken the left fork
422 5 is eating
DBG_EAT: id=5 time_last_meal=422
423 2 is thinking
DBG_EAT2: id=3 meals=3
DBG_EAT2: id=5 meals=4
483 5 has put down the left fork
483 5 has put down the right fork
483 4 is thinking
483 1 is thinking
483 1 has taken the right fork
483 1 has taken the left fork
483 1 is eating
DBG_EAT: id=1 time_last_meal=483
483 4 has taken the left fork
483 4 has taken the right fork
483 4 is eating
DBG_EAT: id=4 time_last_meal=483
483 3 has put down the left fork
483 3 has put down the right fork
483 3 is sleeping
483 5 is sleeping
483 2 has taken the left fork
DBG_EAT2: id=4 meals=4
543 4 has put down the right fork
543 4 has put down the left fork
543 4 is sleeping
543 3 is thinking
543 5 is thinking
543 5 has taken the right fork
DBG_EAT2: id=1 meals=5
543 1 has put down the left fork
543 1 has put down the right fork
543 1 is sleeping
543 2 has taken the right fork
543 2 is eating
DBG_EAT: id=2 time_last_meal=543
543 5 has taken the left fork
543 5 is eating
DBG_EAT: id=5 time_last_meal=543
603 4 is thinking
603 1 is thinking
DBG_EAT2: id=2 meals=3
603 2 has put down the right fork
604 2 has put down the left fork
604 3 has taken the right fork
604 3 has taken the left fork
604 3 is eating
DBG_EAT: id=3 time_last_meal=604
604 2 is sleeping
DBG_EAT2: id=5 meals=5
604 5 has put down the left fork
604 1 has taken the right fork
604 1 has taken the left fork
604 1 is eating
DBG_EAT: id=1 time_last_meal=604
604 5 has put down the right fork
604 5 is sleeping
604 4 has taken the left fork
DBG_EAT2: id=3 meals=4
664 2 is thinking
664 3 has put down the left fork
664 3 has put down the right fork
664 4 has taken the right fork
664 4 is eating
DBG_EAT: id=4 time_last_meal=664
664 3 is sleeping
664 2 has taken the left fork
664 5 is thinking
DBG_EAT2: id=1 meals=6
664 1 has put down the left fork
664 1 has put down the right fork
664 1 is sleeping
664 2 has taken the right fork
664 2 is eating
DBG_EAT: id=2 time_last_meal=664
DBG_EAT2: id=4 meals=5
724 4 has put down the right fork
724 3 is thinking
724 4 has put down the left fork
724 1 is thinking
724 1 has taken the right fork
724 4 is sleeping
724 5 has taken the right fork
DBG_EAT2: id=2 meals=4
724 2 has put down the right fork
725 1 has taken the left fork
725 1 is eating
725 3 has taken the right fork
725 3 has taken the left fork
725 3 is eating
DBG_EAT: id=3 time_last_meal=725
DBG_EAT: id=1 time_last_meal=725
725 2 has put down the left fork
725 2 is sleeping
785 4 is thinking
DBG_EAT2: id=3 meals=5
785 3 has put down the left fork
785 3 has put down the right fork
785 3 is sleeping
DBG_EAT2: id=1 meals=7
785 1 has put down the left fork
785 1 has put down the right fork
785 2 is thinking
785 1 is sleeping
785 5 has taken the left fork
785 5 is eating
DBG_EAT: id=5 time_last_meal=785
785 2 has taken the left fork
785 2 has taken the right fork
785 2 is eating
DBG_EAT: id=2 time_last_meal=785
845 3 is thinking
845 1 is thinking
DBG_EAT2: id=5 meals=6
845 5 has put down the left fork
845 5 has put down the right fork
845 1 has taken the right fork
845 5 is sleeping
845 4 has taken the left fork
845 4 has taken the right fork
845 4 is eating
DBG_EAT: id=4 time_last_meal=845
DBG_EAT2: id=2 meals=5
845 2 has put down the right fork
845 2 has put down the left fork
845 2 is sleeping
845 1 has taken the left fork
845 1 is eating
DBG_EAT: id=1 time_last_meal=845
846 3 has taken the right fork
DBG_EAT2: id=4 meals=6
906 2 is thinking
DBG_EAT2: id=1 meals=8
906 1 has put down the left fork
906 1 has put down the right fork
906 5 is thinking
906 4 has put down the right fork
906 1 is sleeping
906 4 has put down the left fork
906 4 is sleeping
906 3 has taken the left fork
906 3 is eating
DBG_EAT: id=3 time_last_meal=906
906 5 has taken the right fork
906 5 has taken the left fork
906 5 is eating
DBG_EAT: id=5 time_last_meal=906
DBG_EAT2: id=3 meals=6
966 3 has put down the left fork
DBG_EAT2: id=5 meals=7
966 5 has put down the left fork
966 5 has put down the right fork
966 5 is sleeping
966 1 is thinking
966 3 has put down the right fork
966 1 has taken the right fork
966 1 has taken the left fork
966 1 is eating
DBG_EAT: id=1 time_last_meal=966
966 2 has taken the left fork
966 3 is sleeping
966 4 is thinking
966 4 has taken the left fork
966 4 has taken the right fork
966 4 is eating
DBG_EAT: id=4 time_last_meal=966
DBG_EAT2: id=1 meals=9
1026 3 is thinking
1026 1 has put down the left fork
1027 2 has taken the right fork
1027 2 is eating
DBG_EAT: id=2 time_last_meal=1027
1027 1 has put down the right fork
1027 1 is sleeping
DBG_EAT2: id=4 meals=7
1027 4 has put down the right fork
1027 4 has put down the left fork
1027 4 is sleeping
1027 5 is thinking
1027 5 has taken the right fork
1027 5 has taken the left fork
1027 5 is eating
DBG_EAT: id=5 time_last_meal=1027
DBG_EAT2: id=5 meals=8
1087 5 has put down the left fork
DBG_EAT2: id=2 meals=6
1087 1 is thinking
1087 1 has taken the right fork
1087 2 has put down the right fork
1087 4 is thinking
1087 5 has put down the right fork
1087 5 is sleeping
1087 1 has taken the left fork
1087 1 is eating
DBG_EAT: id=1 time_last_meal=1087
1087 2 has put down the left fork
1087 2 is sleeping
1087 3 has taken the right fork
1087 3 has taken the left fork
1087 3 is eating
DBG_EAT: id=3 time_last_meal=1087
1087 4 has taken the left fork
1147 5 is thinking
1147 2 is thinking
DBG_EAT2: id=1 meals=10
1147 1 has put down the left fork
1147 1 has put down the right fork
1147 1 is sleeping
DBG_EAT2: id=3 meals=7
1147 3 has put down the left fork
1147 3 has put down the right fork
1147 4 has taken the right fork
1147 4 is eating
DBG_EAT: id=4 time_last_meal=1147
1147 3 is sleeping
1148 2 has taken the left fork
1148 2 has taken the right fork
1148 2 is eating
DBG_EAT: id=2 time_last_meal=1148
1207 1 is thinking
1207 1 has taken the right fork
DBG_EAT2: id=4 meals=8
1208 4 has put down the right fork
1208 4 has put down the left fork
1208 3 is thinking
DBG_EAT2: id=2 meals=7
1208 4 is sleeping
1208 2 has put down the right fork
1208 5 has taken the right fork
1208 2 has put down the left fork
1208 2 is sleeping
1208 1 has taken the left fork
1208 1 is eating
DBG_EAT: id=1 time_last_meal=1208
1208 3 has taken the right fork
1208 3 has taken the left fork
1208 3 is eating
DBG_EAT: id=3 time_last_meal=1208
1268 4 is thinking
1268 2 is thinking
DBG_EAT2: id=1 meals=11
1268 1 has put down the left fork
1268 1 has put down the right fork
DBG_EAT2: id=3 meals=8
1268 5 has taken the left fork
1268 1 is sleeping
1268 5 is eating
DBG_EAT: id=5 time_last_meal=1268
1268 3 has put down the left fork
1268 3 has put down the right fork
1268 3 is sleeping
1268 2 has taken the left fork
1268 2 has taken the right fork
1268 2 is eating
DBG_EAT: id=2 time_last_meal=1268
DBG_EAT2: id=2 meals=8
1328 3 is thinking
1328 2 has put down the right fork
1328 2 has put down the left fork
1328 2 is sleeping
DBG_EAT2: id=5 meals=9
1328 5 has put down the left fork
1328 1 is thinking
1328 1 has taken the right fork
1328 1 has taken the left fork
1328 1 is eating
DBG_EAT: id=1 time_last_meal=1328
1328 3 has taken the right fork
1328 3 has taken the left fork
1328 3 is eating
DBG_EAT: id=3 time_last_meal=1328
1328 5 has put down the right fork
1328 5 is sleeping
1329 4 has taken the left fork
DBG_EAT2: id=1 meals=12
1389 1 has put down the left fork
1389 1 has put down the right fork
DBG_EAT2: id=3 meals=9
1389 1 is sleeping
1389 2 is thinking
1389 3 has put down the left fork
1389 3 has put down the right fork
1389 3 is sleeping
1389 4 has died (last meal at 1147)
