DBG_INIT: meal_mutex init for philo 1
DBG_INIT: meal_mutex init for philo 2
DBG_INIT: meal_mutex init for philo 3
DBG_INIT: meal_mutex init for philo 4
DBG_INIT: meal_mutex init for philo 5
DBG: init philo[1].time_last_meal=0
DBG: init philo[2].time_last_meal=0
DBG: init philo[3].time_last_meal=0
DBG: init philo[4].time_last_meal=0
DBG: init philo[5].time_last_meal=0
1 1 has taken the right fork
1 1 has taken the left fork
1 1 is eating
DBG_EAT: id=1 time_last_meal=1
1 2 has taken the left fork
1 5 has taken the right fork
DBG: start_time=1758387507651
DBG_EAT2: id=1 meals=1
61 1 has put down the left fork
61 1 has put down the right fork
61 1 is sleeping
61 2 has taken the right fork
61 2 is eating
DBG_EAT: id=2 time_last_meal=61
61 5 has taken the left fork
61 5 is eating
DBG_EAT: id=5 time_last_meal=61
DBG_EAT2: id=2 meals=1
121 2 has put down the right fork
DBG_EAT2: id=5 meals=1
121 5 has put down the left fork
121 2 has put down the left fork
121 2 is sleeping
121 5 has put down the right fork
121 5 is sleeping
121 3 has taken the right fork
121 3 has taken the left fork
121 3 is eating
DBG_EAT: id=3 time_last_meal=121
121 4 has taken the left fork
161 1 is thinking
161 1 has taken the right fork
161 1 has taken the left fork
161 1 is eating
DBG_EAT: id=1 time_last_meal=161
DBG_EAT2: id=3 meals=1
182 3 has put down the left fork
182 3 has put down the right fork
182 3 is sleeping
182 4 has taken the right fork
182 4 is eating
DBG_EAT: id=4 time_last_meal=182
DBG_EAT2: id=1 meals=2
221 1 has put down the left fork
221 1 has put down the right fork
221 1 is sleeping
222 5 is thinking
222 2 is thinking
222 2 has taken the left fork
222 2 has taken the right fork
222 2 is eating
DBG_EAT: id=2 time_last_meal=222
DBG_EAT2: id=4 meals=1
242 4 has put down the right fork
242 4 has put down the left fork
242 4 is sleeping
242 5 has taken the right fork
242 5 has taken the left fork
242 5 is eating
DBG_EAT: id=5 time_last_meal=242
282 3 is thinking
DBG_EAT2: id=2 meals=2
282 2 has put down the right fork
282 2 has put down the left fork
282 2 is sleeping
282 3 has taken the right fork
282 3 has taken the left fork
282 3 is eating
DBG_EAT: id=3 time_last_meal=282
DBG_EAT2: id=5 meals=2
302 5 has put down the left fork
302 5 has put down the right fork
302 5 is sleeping
322 1 is thinking
322 1 has taken the right fork
322 1 has taken the left fork
322 1 is eating
DBG_EAT: id=1 time_last_meal=322
342 4 is thinking
DBG_EAT2: id=3 meals=2
342 3 has put down the left fork
342 3 has put down the right fork
342 4 has taken the left fork
342 4 has taken the right fork
342 4 is eating
DBG_EAT: id=4 time_last_meal=342
342 3 is sleeping
DBG_EAT2: id=1 meals=3
382 1 has put down the left fork
382 1 has put down the right fork
382 1 is sleeping
382 2 is thinking
382 2 has taken the left fork
382 2 has taken the right fork
382 2 is eating
DBG_EAT: id=2 time_last_meal=382
DBG_EAT2: id=4 meals=2
402 4 has put down the right fork
402 4 has put down the left fork
402 5 is thinking
402 5 has taken the right fork
402 5 has taken the left fork
402 5 is eating
DBG_EAT: id=5 time_last_meal=402
402 4 is sleeping
DBG_EAT2: id=2 meals=3
442 2 has put down the right fork
442 2 has put down the left fork
442 2 is sleeping
442 3 is thinking
442 3 has taken the right fork
442 3 has taken the left fork
442 3 is eating
DBG_EAT: id=3 time_last_meal=442
DBG_EAT2: id=5 meals=3
462 5 has put down the left fork
462 5 has put down the right fork
462 5 is sleeping
482 1 is thinking
482 1 has taken the right fork
482 1 has taken the left fork
482 1 is eating
DBG_EAT: id=1 time_last_meal=482
502 4 is thinking
DBG_EAT2: id=3 meals=3
503 3 has put down the left fork
503 3 has put down the right fork
503 4 has taken the left fork
503 4 has taken the right fork
503 4 is eating
DBG_EAT: id=4 time_last_meal=503
503 3 is sleeping
DBG_EAT2: id=1 meals=4
543 1 has put down the left fork
543 1 has put down the right fork
543 1 is sleeping
543 2 is thinking
543 2 has taken the left fork
543 2 has taken the right fork
543 2 is eating
DBG_EAT: id=2 time_last_meal=543
563 5 is thinking
DBG_EAT2: id=4 meals=3
563 4 has put down the right fork
563 4 has put down the left fork
563 4 is sleeping
563 5 has taken the right fork
563 5 has taken the left fork
563 5 is eating
DBG_EAT: id=5 time_last_meal=563
DBG_EAT2: id=2 meals=4
603 2 has put down the right fork
603 2 has put down the left fork
603 2 is sleeping
603 3 is thinking
603 3 has taken the right fork
603 3 has taken the left fork
603 3 is eating
DBG_EAT: id=3 time_last_meal=603
DBG_EAT2: id=5 meals=4
623 5 has put down the left fork
623 5 has put down the right fork
623 5 is sleeping
643 1 is thinking
643 1 has taken the right fork
643 1 has taken the left fork
643 1 is eating
DBG_EAT: id=1 time_last_meal=643
DBG_EAT2: id=3 meals=4
663 3 has put down the left fork
663 3 has put down the right fork
663 4 is thinking
663 3 is sleeping
663 4 has taken the left fork
663 4 has taken the right fork
663 4 is eating
DBG_EAT: id=4 time_last_meal=663
DBG_EAT2: id=1 meals=5
703 1 has put down the left fork
703 1 has put down the right fork
703 2 is thinking
703 1 is sleeping
703 2 has taken the left fork
703 2 has taken the right fork
703 2 is eating
DBG_EAT: id=2 time_last_meal=703
723 5 is thinking
DBG_EAT2: id=4 meals=4
724 4 has put down the right fork
724 4 has put down the left fork
724 4 is sleeping
724 5 has taken the right fork
724 5 has taken the left fork
724 5 is eating
DBG_EAT: id=5 time_last_meal=724
DBG_EAT2: id=2 meals=5
764 2 has put down the right fork
764 2 has put down the left fork
764 2 is sleeping
764 3 is thinking
764 3 has taken the right fork
764 3 has taken the left fork
764 3 is eating
DBG_EAT: id=3 time_last_meal=764
DBG_EAT2: id=5 meals=5
784 5 has put down the left fork
784 5 has put down the right fork
784 5 is sleeping
804 1 is thinking
804 1 has taken the right fork
804 1 has taken the left fork
804 1 is eating
DBG_EAT: id=1 time_last_meal=804
DBG_EAT2: id=3 meals=5
824 3 has put down the left fork
824 3 has put down the right fork
824 4 is thinking
824 3 is sleeping
824 4 has taken the left fork
824 4 has taken the right fork
824 4 is eating
DBG_EAT: id=4 time_last_meal=824
DBG_EAT2: id=1 meals=6
864 1 has put down the left fork
864 1 has put down the right fork
864 2 is thinking
864 1 is sleeping
864 2 has taken the left fork
864 2 has taken the right fork
864 2 is eating
DBG_EAT: id=2 time_last_meal=864
DBG_EAT2: id=4 meals=5
884 4 has put down the right fork
884 4 has put down the left fork
884 5 is thinking
884 5 has taken the right fork
884 5 has taken the left fork
884 5 is eating
DBG_EAT: id=5 time_last_meal=884
884 4 is sleeping
924 3 is thinking
DBG_EAT2: id=2 meals=6
924 2 has put down the right fork
924 2 has put down the left fork
924 2 is sleeping
924 3 has taken the right fork
924 3 has taken the left fork
924 3 is eating
DBG_EAT: id=3 time_last_meal=924
DBG_EAT2: id=5 meals=6
945 5 has put down the left fork
945 5 has put down the right fork
945 5 is sleeping
964 1 is thinking
964 1 has taken the right fork
964 1 has taken the left fork
964 1 is eating
DBG_EAT: id=1 time_last_meal=964
985 4 is thinking
DBG_EAT2: id=3 meals=6
985 3 has put down the left fork
985 3 has put down the right fork
985 3 is sleeping
985 4 has taken the left fork
985 4 has taken the right fork
985 4 is eating
DBG_EAT: id=4 time_last_meal=985
1024 2 is thinking
DBG_EAT2: id=1 meals=7
1024 1 has put down the left fork
1024 1 has put down the right fork
1024 1 is sleeping
1025 2 has taken the left fork
1025 2 has taken the right fork
1025 2 is eating
DBG_EAT: id=2 time_last_meal=1025
1045 5 is thinking
DBG_EAT2: id=4 meals=6
1045 4 has put down the right fork
1045 4 has put down the left fork
1045 4 is sleeping
1045 5 has taken the right fork
1045 5 has taken the left fork
1045 5 is eating
DBG_EAT: id=5 time_last_meal=1045
DBG_EAT2: id=2 meals=7
1085 2 has put down the right fork
1085 2 has put down the left fork
1085 2 is sleeping
1085 3 is thinking
1085 3 has taken the right fork
1085 3 has taken the left fork
1085 3 is eating
DBG_EAT: id=3 time_last_meal=1085
DBG_EAT2: id=5 meals=7
1105 5 has put down the left fork
1105 5 has put down the right fork
1106 5 is sleeping
1125 1 is thinking
1125 1 has taken the right fork
1125 1 has taken the left fork
1125 1 is eating
DBG_EAT: id=1 time_last_meal=1125
1145 4 is thinking
DBG_EAT2: id=3 meals=7
1145 3 has put down the left fork
1145 3 has put down the right fork
1145 3 is sleeping
1146 4 has taken the left fork
1146 4 has taken the right fork
1146 4 is eating
DBG_EAT: id=4 time_last_meal=1146
DBG_EAT2: id=1 meals=8
1185 1 has put down the left fork
1185 1 has put down the right fork
1185 2 is thinking
1185 1 is sleeping
1185 2 has taken the left fork
1185 2 has taken the right fork
1185 2 is eating
DBG_EAT: id=2 time_last_meal=1185
DBG_EAT2: id=4 meals=7
1206 4 has put down the right fork
1206 4 has put down the left fork
1206 5 is thinking
1206 5 has taken the right fork
1206 5 has taken the left fork
1206 5 is eating
DBG_EAT: id=5 time_last_meal=1206
1206 4 is sleeping
DBG_EAT2: id=2 meals=8
1246 2 has put down the right fork
1246 2 has put down the left fork
1246 2 is sleeping
1246 3 is thinking
1246 3 has taken the right fork
1246 3 has taken the left fork
1246 3 is eating
DBG_EAT: id=3 time_last_meal=1246
DBG_EAT2: id=5 meals=8
1266 5 has put down the left fork
1266 5 has put down the right fork
1266 5 is sleeping
1286 1 is thinking
1286 1 has taken the right fork
1286 1 has taken the left fork
1286 1 is eating
DBG_EAT: id=1 time_last_meal=1286
DBG_EAT2: id=3 meals=8
1306 3 has put down the left fork
1306 3 has put down the right fork
1306 4 is thinking
1306 3 is sleeping
1306 4 has taken the left fork
1306 4 has taken the right fork
1306 4 is eating
DBG_EAT: id=4 time_last_meal=1306
1346 2 is thinking
DBG_EAT2: id=1 meals=9
1346 1 has put down the left fork
1346 1 has put down the right fork
1346 1 is sleeping
1346 2 has taken the left fork
1346 2 has taken the right fork
1346 2 is eating
DBG_EAT: id=2 time_last_meal=1346
1366 5 is thinking
DBG_EAT2: id=4 meals=8
1366 4 has put down the right fork
1366 4 has put down the left fork
1366 4 is sleeping
1367 5 has taken the right fork
1367 5 has taken the left fork
1367 5 is eating
DBG_EAT: id=5 time_last_meal=1367
DBG_EAT2: id=2 meals=9
1406 2 has put down the right fork
1406 2 has put down the left fork
1406 2 is sleeping
1406 3 is thinking
1406 3 has taken the right fork
1406 3 has taken the left fork
1406 3 is eating
DBG_EAT: id=3 time_last_meal=1406
DBG_EAT2: id=5 meals=9
1427 5 has put down the left fork
1427 5 has put down the right fork
1427 5 is sleeping
1446 1 is thinking
1446 1 has taken the right fork
1446 1 has taken the left fork
1446 1 is eating
DBG_EAT: id=1 time_last_meal=1446
1467 4 is thinking
DBG_EAT2: id=3 meals=9
1467 3 has put down the left fork
1467 3 has put down the right fork
1467 3 is sleeping
1467 4 has taken the left fork
1467 4 has taken the right fork
1467 4 is eating
DBG_EAT: id=4 time_last_meal=1467
DBG_EAT2: id=1 meals=10
1506 1 has put down the left fork
1506 1 has put down the right fork
1506 2 is thinking
1506 1 is sleeping
1507 2 has taken the left fork
1507 2 has taken the right fork
1507 2 is eating
DBG_EAT: id=2 time_last_meal=1507
DBG_EAT2: id=4 meals=9
1527 4 has put down the right fork
1527 4 has put down the left fork
1527 5 is thinking
1527 5 has taken the right fork
1527 5 has taken the left fork
1527 5 is eating
DBG_EAT: id=5 time_last_meal=1527
1527 4 is sleeping
DBG_EAT2: id=2 meals=10
1567 2 has put down the right fork
1567 2 has put down the left fork
1567 2 is sleeping
1567 3 is thinking
1567 3 has taken the right fork
1567 3 has taken the left fork
1567 3 is eating
DBG_EAT: id=3 time_last_meal=1567
DBG_EAT2: id=5 meals=10
1588 5 has put down the left fork
1588 5 has put down the right fork
1588 5 is sleeping
1607 1 is thinking
1607 1 has taken the right fork
1607 1 has taken the left fork
1607 1 is eating
DBG_EAT: id=1 time_last_meal=1607
DBG_EAT2: id=3 meals=10
1627 3 has put down the left fork
1627 3 has put down the right fork
1627 3 is sleeping
1627 4 is thinking
1628 4 has taken the left fork
1628 4 has taken the right fork
1628 4 is eating
DBG_EAT: id=4 time_last_meal=1628
DBG_EAT2: id=1 meals=11
1667 1 has put down the left fork
1667 1 has put down the right fork
1667 1 is sleeping
1667 2 is thinking
1667 2 has taken the left fork
1667 2 has taken the right fork
1667 2 is eating
DBG_EAT: id=2 time_last_meal=1667
1688 5 is thinking
DBG_EAT2: id=4 meals=10
1688 4 has put down the right fork
1688 4 has put down the left fork
1688 4 is sleeping
1688 5 has taken the right fork
1688 5 has taken the left fork
1688 5 is eating
DBG_EAT: id=5 time_last_meal=1688
DBG_EAT2: id=2 meals=11
1727 2 has put down the right fork
1727 2 has put down the left fork
1727 2 is sleeping
1727 3 is thinking
1727 3 has taken the right fork
1727 3 has taken the left fork
1727 3 is eating
DBG_EAT: id=3 time_last_meal=1727
DBG_EAT2: id=5 meals=11
1748 5 has put down the left fork
1748 5 has put down the right fork
1748 5 is sleeping
1767 1 is thinking
1767 1 has taken the right fork
1767 1 has taken the left fork
1767 1 is eating
DBG_EAT: id=1 time_last_meal=1767
DBG_EAT2: id=3 meals=11
1788 3 has put down the left fork
1788 3 has put down the right fork
1788 3 is sleeping
1788 4 is thinking
1788 4 has taken the left fork
1788 4 has taken the right fork
1788 4 is eating
DBG_EAT: id=4 time_last_meal=1788
1828 2 is thinking
DBG_EAT2: id=1 meals=12
1828 1 has put down the left fork
1828 1 has put down the right fork
1828 1 is sleeping
1828 2 has taken the left fork
1828 2 has taken the right fork
1828 2 is eating
DBG_EAT: id=2 time_last_meal=1828
1848 5 is thinking
DBG_EAT2: id=4 meals=11
1849 4 has put down the right fork
1849 4 has put down the left fork
1849 4 is sleeping
1849 5 has taken the right fork
1849 5 has taken the left fork
1849 5 is eating
DBG_EAT: id=5 time_last_meal=1849
1888 3 is thinking
DBG_EAT2: id=2 meals=12
1888 2 has put down the right fork
1888 2 has put down the left fork
1888 2 is sleeping
1889 3 has taken the right fork
1889 3 has taken the left fork
1889 3 is eating
DBG_EAT: id=3 time_last_meal=1889
DBG_EAT2: id=5 meals=12
1909 5 has put down the left fork
1909 5 has put down the right fork
1909 5 is sleeping
1928 1 is thinking
1928 1 has taken the right fork
1928 1 has taken the left fork
1928 1 is eating
DBG_EAT: id=1 time_last_meal=1928
DBG_EAT2: id=3 meals=12
1949 3 has put down the left fork
1949 3 has put down the right fork
1949 4 is thinking
1949 3 is sleeping
1949 4 has taken the left fork
1949 4 has taken the right fork
1949 4 is eating
DBG_EAT: id=4 time_last_meal=1949
DBG_EAT2: id=1 meals=13
1989 1 has put down the left fork
1989 1 has put down the right fork
1989 2 is thinking
1989 1 is sleeping
1989 2 has taken the left fork
1989 2 has taken the right fork
1989 2 is eating
DBG_EAT: id=2 time_last_meal=1989
DBG_EAT2: id=4 meals=12
2009 4 has put down the right fork
2009 4 has put down the left fork
2009 5 is thinking
2009 5 has taken the right fork
2009 5 has taken the left fork
2009 5 is eating
DBG_EAT: id=5 time_last_meal=2009
2009 4 is sleeping
DBG_EAT2: id=2 meals=13
2049 2 has put down the right fork
2049 2 has put down the left fork
2049 2 is sleeping
2049 3 is thinking
2049 3 has taken the right fork
2049 3 has taken the left fork
2049 3 is eating
DBG_EAT: id=3 time_last_meal=2049
DBG_EAT2: id=5 meals=13
2070 5 has put down the left fork
2070 5 has put down the right fork
2070 5 is sleeping
2089 1 is thinking
2089 1 has taken the right fork
2089 1 has taken the left fork
2089 1 is eating
DBG_EAT: id=1 time_last_meal=2089
DBG_EAT2: id=3 meals=13
2109 3 has put down the left fork
2109 3 has put down the right fork
2110 3 is sleeping
2110 4 is thinking
2110 4 has taken the left fork
2110 4 has taken the right fork
2110 4 is eating
DBG_EAT: id=4 time_last_meal=2110
2149 2 is thinking
DBG_EAT2: id=1 meals=14
2149 1 has put down the left fork
2149 1 has put down the right fork
2149 1 is sleeping
2149 2 has taken the left fork
2149 2 has taken the right fork
2149 2 is eating
DBG_EAT: id=2 time_last_meal=2149
2170 5 is thinking
DBG_EAT2: id=4 meals=13
2170 4 has put down the right fork
2170 4 has put down the left fork
2170 4 is sleeping
2170 5 has taken the right fork
2170 5 has taken the left fork
2170 5 is eating
DBG_EAT: id=5 time_last_meal=2170
DBG_EAT2: id=2 meals=14
2209 2 has put down the right fork
2209 2 has put down the left fork
2210 2 is sleeping
2210 3 is thinking
2210 3 has taken the right fork
2210 3 has taken the left fork
2210 3 is eating
DBG_EAT: id=3 time_last_meal=2210
DBG_EAT2: id=5 meals=14
2231 5 has put down the left fork
2231 5 has put down the right fork
2231 5 is sleeping
2250 1 is thinking
2250 1 has taken the right fork
2250 1 has taken the left fork
2250 1 is eating
DBG_EAT: id=1 time_last_meal=2250
DBG_EAT2: id=3 meals=14
2270 3 has put down the left fork
2270 3 has put down the right fork
2270 3 is sleeping
2270 4 is thinking
2271 4 has taken the left fork
2271 4 has taken the right fork
2271 4 is eating
DBG_EAT: id=4 time_last_meal=2271
2310 2 is thinking
DBG_EAT2: id=1 meals=15
2310 1 has put down the left fork
2310 1 has put down the right fork
2310 1 is sleeping
2310 2 has taken the left fork
2310 2 has taken the right fork
2310 2 is eating
DBG_EAT: id=2 time_last_meal=2310
DBG_EAT2: id=4 meals=14
2331 4 has put down the right fork
2331 4 has put down the left fork
2331 4 is sleeping
2331 5 is thinking
2331 5 has taken the right fork
2331 5 has taken the left fork
2331 5 is eating
DBG_EAT: id=5 time_last_meal=2331
DBG_EAT2: id=2 meals=15
2370 2 has put down the right fork
2370 2 has put down the left fork
2370 2 is sleeping
2370 3 is thinking
2370 3 has taken the right fork
2370 3 has taken the left fork
2370 3 is eating
DBG_EAT: id=3 time_last_meal=2370
DBG_EAT2: id=5 meals=15
2391 5 has put down the left fork
2391 5 has put down the right fork
2391 5 is sleeping
2410 1 is thinking
2410 1 has taken the right fork
2410 1 has taken the left fork
2410 1 is eating
DBG_EAT: id=1 time_last_meal=2410
DBG_EAT2: id=3 meals=15
2431 3 has put down the left fork
2431 3 has put down the right fork
2431 3 is sleeping
2431 4 is thinking
2431 4 has taken the left fork
2431 4 has taken the right fork
2431 4 is eating
DBG_EAT: id=4 time_last_meal=2431
DBG_EAT2: id=1 meals=16
2470 1 has put down the left fork
2470 1 has put down the right fork
2470 2 is thinking
2470 1 is sleeping
2470 2 has taken the left fork
2470 2 has taken the right fork
2470 2 is eating
DBG_EAT: id=2 time_last_meal=2470
2491 5 is thinking
DBG_EAT2: id=4 meals=15
2491 4 has put down the right fork
2491 4 has put down the left fork
2491 4 is sleeping
2491 5 has taken the right fork
2491 5 has taken the left fork
2491 5 is eating
DBG_EAT: id=5 time_last_meal=2491
DBG_EAT2: id=2 meals=16
2531 2 has put down the right fork
2531 2 has put down the left fork
2531 2 is sleeping
2531 3 is thinking
2531 3 has taken the right fork
2531 3 has taken the left fork
2531 3 is eating
DBG_EAT: id=3 time_last_meal=2531
DBG_EAT2: id=5 meals=16
2552 5 has put down the left fork
2552 5 has put down the right fork
2552 5 is sleeping
2571 1 is thinking
2571 1 has taken the right fork
2571 1 has taken the left fork
2571 1 is eating
DBG_EAT: id=1 time_last_meal=2571
DBG_EAT2: id=3 meals=16
2591 3 has put down the left fork
2591 3 has put down the right fork
2591 3 is sleeping
2591 4 is thinking
2592 4 has taken the left fork
2592 4 has taken the right fork
2592 4 is eating
DBG_EAT: id=4 time_last_meal=2592
DBG_EAT2: id=1 meals=17
2631 1 has put down the left fork
2631 1 has put down the right fork
2631 2 is thinking
2631 1 is sleeping
2631 2 has taken the left fork
2631 2 has taken the right fork
2631 2 is eating
DBG_EAT: id=2 time_last_meal=2631
DBG_EAT2: id=4 meals=16
2652 4 has put down the right fork
2652 4 has put down the left fork
2652 5 is thinking
2652 5 has taken the right fork
2652 5 has taken the left fork
2652 5 is eating
DBG_EAT: id=5 time_last_meal=2652
2652 4 is sleeping
DBG_EAT2: id=2 meals=17
2691 2 has put down the right fork
2691 2 has put down the left fork
2691 2 is sleeping
2691 3 is thinking
2691 3 has taken the right fork
2691 3 has taken the left fork
2691 3 is eating
DBG_EAT: id=3 time_last_meal=2691
DBG_EAT2: id=5 meals=17
2712 5 has put down the left fork
2712 5 has put down the right fork
2712 5 is sleeping
2731 1 is thinking
2731 1 has taken the right fork
2731 1 has taken the left fork
2731 1 is eating
DBG_EAT: id=1 time_last_meal=2731
DBG_EAT2: id=3 meals=17
2752 3 has put down the left fork
2752 3 has put down the right fork
2752 3 is sleeping
2752 4 is thinking
2752 4 has taken the left fork
2752 4 has taken the right fork
2752 4 is eating
DBG_EAT: id=4 time_last_meal=2752
DBG_EAT2: id=1 meals=18
2791 1 has put down the left fork
2791 1 has put down the right fork
2791 2 is thinking
2792 1 is sleeping
2792 2 has taken the left fork
2792 2 has taken the right fork
2792 2 is eating
DBG_EAT: id=2 time_last_meal=2792
2813 5 is thinking
DBG_EAT2: id=4 meals=17
2813 4 has put down the right fork
2813 4 has put down the left fork
2813 4 is sleeping
2813 5 has taken the right fork
2813 5 has taken the left fork
2813 5 is eating
DBG_EAT: id=5 time_last_meal=2813
DBG_EAT2: id=2 meals=18
2852 2 has put down the right fork
2852 2 has put down the left fork
2852 2 is sleeping
2852 3 is thinking
2852 3 has taken the right fork
2852 3 has taken the left fork
2852 3 is eating
DBG_EAT: id=3 time_last_meal=2852
DBG_EAT2: id=5 meals=18
2873 5 has put down the left fork
2873 5 has put down the right fork
2873 5 is sleeping
2892 1 is thinking
2892 1 has taken the right fork
2892 1 has taken the left fork
2892 1 is eating
DBG_EAT: id=1 time_last_meal=2892
DBG_EAT2: id=3 meals=18
2912 3 has put down the left fork
2912 3 has put down the right fork
2912 3 is sleeping
2913 4 is thinking
2913 4 has taken the left fork
2913 4 has taken the right fork
2913 4 is eating
DBG_EAT: id=4 time_last_meal=2913
DBG_EAT2: id=1 meals=19
2952 1 has put down the left fork
2952 1 has put down the right fork
2952 2 is thinking
2952 1 is sleeping
2952 2 has taken the left fork
2952 2 has taken the right fork
2952 2 is eating
DBG_EAT: id=2 time_last_meal=2952
DBG_EAT2: id=4 meals=18
2974 4 has put down the right fork
2974 4 has put down the left fork
2974 5 is thinking
2974 5 has taken the right fork
2974 5 has taken the left fork
2974 5 is eating
DBG_EAT: id=5 time_last_meal=2974
2974 4 is sleeping
DBG_EAT2: id=2 meals=19
3013 2 has put down the right fork
3013 2 has put down the left fork
3013 2 is sleeping
3013 3 is thinking
3013 3 has taken the right fork
3013 3 has taken the left fork
3013 3 is eating
DBG_EAT: id=3 time_last_meal=3013
DBG_EAT2: id=5 meals=19
3034 5 has put down the left fork
3034 5 has put down the right fork
3034 5 is sleeping
3052 1 is thinking
3052 1 has taken the right fork
3052 1 has taken the left fork
3052 1 is eating
DBG_EAT: id=1 time_last_meal=3052
DBG_EAT2: id=3 meals=19
3073 3 has put down the left fork
3073 3 has put down the right fork
3073 3 is sleeping
3074 4 is thinking
3074 4 has taken the left fork
3074 4 has taken the right fork
3074 4 is eating
DBG_EAT: id=4 time_last_meal=3074
DBG_EAT2: id=1 meals=20
3113 1 has put down the left fork
3113 1 has put down the right fork
3113 1 is sleeping
3113 2 is thinking
3113 2 has taken the left fork
3113 2 has taken the right fork
3113 2 is eating
DBG_EAT: id=2 time_last_meal=3113
3134 5 is thinking
DBG_EAT2: id=4 meals=19
3134 4 has put down the right fork
3134 4 has put down the left fork
3134 4 is sleeping
3134 5 has taken the right fork
3134 5 has taken the left fork
3134 5 is eating
DBG_EAT: id=5 time_last_meal=3134
DBG_EAT2: id=2 meals=20
3173 2 has put down the right fork
3173 2 has put down the left fork
3173 2 is sleeping
3173 3 is thinking
3173 3 has taken the right fork
3173 3 has taken the left fork
3173 3 is eating
DBG_EAT: id=3 time_last_meal=3173
DBG_EAT2: id=5 meals=20
3195 5 has put down the left fork
3195 5 has put down the right fork
3195 5 is sleeping
3213 1 is thinking
3213 1 has taken the right fork
3213 1 has taken the left fork
3213 1 is eating
DBG_EAT: id=1 time_last_meal=3213
DBG_EAT2: id=3 meals=20
3233 3 has put down the left fork
3233 3 has put down the right fork
3233 3 is sleeping
3235 4 is thinking
3235 4 has taken the left fork
3235 4 has taken the right fork
3235 4 is eating
DBG_EAT: id=4 time_last_meal=3235
DBG_EAT2: id=1 meals=21
3273 1 has put down the left fork
3273 1 has put down the right fork
3273 1 is sleeping
3274 2 is thinking
3274 2 has taken the left fork
3274 2 has taken the right fork
3274 2 is eating
DBG_EAT: id=2 time_last_meal=3274
3295 5 is thinking
DBG_EAT2: id=4 meals=20
3295 4 has put down the right fork
3295 4 has put down the left fork
3295 4 is sleeping
3295 5 has taken the right fork
3295 5 has taken the left fork
3295 5 is eating
DBG_EAT: id=5 time_last_meal=3295
3334 3 is thinking
DBG_EAT2: id=2 meals=21
3334 2 has put down the right fork
3334 2 has put down the left fork
3334 2 is sleeping
3334 3 has taken the right fork
3334 3 has taken the left fork
3334 3 is eating
DBG_EAT: id=3 time_last_meal=3334
DBG_EAT2: id=5 meals=21
3355 5 has put down the left fork
3355 5 has put down the right fork
3355 5 is sleeping
3374 1 is thinking
3374 1 has taken the right fork
3374 1 has taken the left fork
3374 1 is eating
DBG_EAT: id=1 time_last_meal=3374
DBG_EAT2: id=3 meals=21
3394 3 has put down the left fork
3394 3 has put down the right fork
3394 3 is sleeping
3395 4 is thinking
3395 4 has taken the left fork
3395 4 has taken the right fork
3395 4 is eating
DBG_EAT: id=4 time_last_meal=3395
DBG_EAT2: id=1 meals=22
3434 1 has put down the left fork
3434 1 has put down the right fork
3434 2 is thinking
3434 1 is sleeping
3434 2 has taken the left fork
3434 2 has taken the right fork
3434 2 is eating
DBG_EAT: id=2 time_last_meal=3434
DBG_EAT2: id=4 meals=21
3455 4 has put down the right fork
3455 4 has put down the left fork
3455 5 is thinking
3455 5 has taken the right fork
3456 5 has taken the left fork
3456 5 is eating
DBG_EAT: id=5 time_last_meal=3456
3456 4 is sleeping
3494 3 is thinking
DBG_EAT2: id=2 meals=22
3494 2 has put down the right fork
3495 2 has put down the left fork
3495 2 is sleeping
3495 3 has taken the right fork
3495 3 has taken the left fork
3495 3 is eating
DBG_EAT: id=3 time_last_meal=3495
DBG_EAT2: id=5 meals=22
3516 5 has put down the left fork
3516 5 has put down the right fork
3516 5 is sleeping
3534 1 is thinking
3534 1 has taken the right fork
3534 1 has taken the left fork
3534 1 is eating
DBG_EAT: id=1 time_last_meal=3534
DBG_EAT2: id=3 meals=22
3555 3 has put down the left fork
3555 3 has put down the right fork
3555 3 is sleeping
3556 4 is thinking
3556 4 has taken the left fork
3556 4 has taken the right fork
3556 4 is eating
DBG_EAT: id=4 time_last_meal=3556
DBG_EAT2: id=1 meals=23
3595 1 has put down the left fork
3595 1 has put down the right fork
3595 2 is thinking
3595 1 is sleeping
3595 2 has taken the left fork
3595 2 has taken the right fork
3595 2 is eating
DBG_EAT: id=2 time_last_meal=3595
DBG_EAT2: id=4 meals=22
3616 4 has put down the right fork
3616 4 has put down the left fork
3616 5 is thinking
3616 5 has taken the right fork
3616 5 has taken the left fork
3616 5 is eating
DBG_EAT: id=5 time_last_meal=3616
3616 4 is sleeping
DBG_EAT2: id=2 meals=23
3655 2 has put down the right fork
3655 2 has put down the left fork
3655 2 is sleeping
3655 3 is thinking
3655 3 has taken the right fork
3655 3 has taken the left fork
3655 3 is eating
DBG_EAT: id=3 time_last_meal=3655
DBG_EAT2: id=5 meals=23
3676 5 has put down the left fork
3676 5 has put down the right fork
3676 5 is sleeping
3695 1 is thinking
3695 1 has taken the right fork
3695 1 has taken the left fork
3695 1 is eating
DBG_EAT: id=1 time_last_meal=3695
DBG_EAT2: id=3 meals=23
3716 3 has put down the left fork
3716 3 has put down the right fork
3716 3 is sleeping
3716 4 is thinking
3716 4 has taken the left fork
3716 4 has taken the right fork
3716 4 is eating
DBG_EAT: id=4 time_last_meal=3716
DBG_EAT2: id=1 meals=24
3755 1 has put down the left fork
3755 1 has put down the right fork
3755 2 is thinking
3755 1 is sleeping
3755 2 has taken the left fork
3755 2 has taken the right fork
3755 2 is eating
DBG_EAT: id=2 time_last_meal=3755
DBG_EAT2: id=4 meals=23
3777 4 has put down the right fork
3777 4 has put down the left fork
3777 5 is thinking
3777 5 has taken the right fork
3777 5 has taken the left fork
3777 5 is eating
DBG_EAT: id=5 time_last_meal=3777
3777 4 is sleeping
3816 3 is thinking
DBG_EAT2: id=2 meals=24
3816 2 has put down the right fork
3816 2 has put down the left fork
3816 2 is sleeping
3816 3 has taken the right fork
3816 3 has taken the left fork
3816 3 is eating
DBG_EAT: id=3 time_last_meal=3816
DBG_EAT2: id=5 meals=24
3837 5 has put down the left fork
3837 5 has put down the right fork
3837 5 is sleeping
3856 1 is thinking
3856 1 has taken the right fork
3856 1 has taken the left fork
3856 1 is eating
DBG_EAT: id=1 time_last_meal=3856
DBG_EAT2: id=3 meals=24
3876 3 has put down the left fork
3876 3 has put down the right fork
3876 3 is sleeping
3877 4 is thinking
3877 4 has taken the left fork
3877 4 has taken the right fork
3877 4 is eating
DBG_EAT: id=4 time_last_meal=3877
DBG_EAT2: id=1 meals=25
3916 1 has put down the left fork
3916 1 has put down the right fork
3916 2 is thinking
3916 1 is sleeping
3916 2 has taken the left fork
3916 2 has taken the right fork
3916 2 is eating
DBG_EAT: id=2 time_last_meal=3916
DBG_EAT2: id=4 meals=24
3937 4 has put down the right fork
3937 4 has put down the left fork
3937 5 is thinking
3938 5 has taken the right fork
3938 5 has taken the left fork
3938 5 is eating
DBG_EAT: id=5 time_last_meal=3938
3938 4 is sleeping
DBG_EAT2: id=2 meals=25
3977 2 has put down the right fork
3977 2 has put down the left fork
3977 2 is sleeping
3977 3 is thinking
3977 3 has taken the right fork
3977 3 has taken the left fork
3977 3 is eating
DBG_EAT: id=3 time_last_meal=3977
DBG_EAT2: id=5 meals=25
3998 5 has put down the left fork
3998 5 has put down the right fork
3998 5 is sleeping
4016 1 is thinking
4016 1 has taken the right fork
4016 1 has taken the left fork
4016 1 is eating
DBG_EAT: id=1 time_last_meal=4016
DBG_EAT2: id=3 meals=25
4037 3 has put down the left fork
4037 3 has put down the right fork
4037 3 is sleeping
4038 4 is thinking
4038 4 has taken the left fork
4038 4 has taken the right fork
4038 4 is eating
DBG_EAT: id=4 time_last_meal=4038
DBG_EAT2: id=1 meals=26
4077 1 has put down the left fork
4077 1 has put down the right fork
4077 2 is thinking
4077 1 is sleeping
4077 2 has taken the left fork
4077 2 has taken the right fork
4077 2 is eating
DBG_EAT: id=2 time_last_meal=4077
DBG_EAT2: id=4 meals=25
4098 4 has put down the right fork
4098 4 has put down the left fork
4098 5 is thinking
4098 5 has taken the right fork
4098 5 has taken the left fork
4098 5 is eating
DBG_EAT: id=5 time_last_meal=4098
4098 4 is sleeping
DBG_EAT2: id=2 meals=26
4137 2 has put down the right fork
4137 2 has put down the left fork
4137 2 is sleeping
4137 3 is thinking
4137 3 has taken the right fork
4137 3 has taken the left fork
4137 3 is eating
DBG_EAT: id=3 time_last_meal=4137
DBG_EAT2: id=5 meals=26
4159 5 has put down the left fork
4159 5 has put down the right fork
4159 5 is sleeping
4177 1 is thinking
4177 1 has taken the right fork
4177 1 has taken the left fork
4177 1 is eating
DBG_EAT: id=1 time_last_meal=4177
DBG_EAT2: id=3 meals=26
4198 3 has put down the left fork
4198 3 has put down the right fork
4198 3 is sleeping
4199 4 is thinking
4199 4 has taken the left fork
4199 4 has taken the right fork
4199 4 is eating
DBG_EAT: id=4 time_last_meal=4199
DBG_EAT2: id=1 meals=27
4238 1 has put down the left fork
4238 1 has put down the right fork
4238 2 is thinking
4238 1 is sleeping
4238 2 has taken the left fork
4238 2 has taken the right fork
4238 2 is eating
DBG_EAT: id=2 time_last_meal=4238
DBG_EAT2: id=4 meals=26
4259 4 has put down the right fork
4259 4 has put down the left fork
4259 5 is thinking
4259 5 has taken the right fork
4259 5 has taken the left fork
4259 5 is eating
DBG_EAT: id=5 time_last_meal=4259
4259 4 is sleeping
DBG_EAT2: id=2 meals=27
4298 2 has put down the right fork
4298 2 has put down the left fork
4298 2 is sleeping
4298 3 is thinking
4298 3 has taken the right fork
4298 3 has taken the left fork
4298 3 is eating
DBG_EAT: id=3 time_last_meal=4298
DBG_EAT2: id=5 meals=27
4319 5 has put down the left fork
4319 5 has put down the right fork
4319 5 is sleeping
4338 1 is thinking
4338 1 has taken the right fork
4338 1 has taken the left fork
4338 1 is eating
DBG_EAT: id=1 time_last_meal=4338
DBG_EAT2: id=3 meals=27
4358 3 has put down the left fork
4358 3 has put down the right fork
4359 3 is sleeping
4359 4 is thinking
4359 4 has taken the left fork
4359 4 has taken the right fork
4359 4 is eating
DBG_EAT: id=4 time_last_meal=4359
DBG_EAT2: id=1 meals=28
4398 1 has put down the left fork
4398 1 has put down the right fork
4398 2 is thinking
4398 1 is sleeping
4399 2 has taken the left fork
4399 2 has taken the right fork
4399 2 is eating
DBG_EAT: id=2 time_last_meal=4399
DBG_EAT2: id=4 meals=27
4420 4 has put down the right fork
4420 4 has put down the left fork
4420 5 is thinking
4420 5 has taken the right fork
4420 5 has taken the left fork
4420 5 is eating
DBG_EAT: id=5 time_last_meal=4420
4420 4 is sleeping
DBG_EAT2: id=2 meals=28
4459 2 has put down the right fork
4459 2 has put down the left fork
4459 2 is sleeping
4459 3 is thinking
4459 3 has taken the right fork
4459 3 has taken the left fork
4459 3 is eating
DBG_EAT: id=3 time_last_meal=4459
DBG_EAT2: id=5 meals=28
4480 5 has put down the left fork
4480 5 has put down the right fork
4480 5 is sleeping
4499 1 is thinking
4499 1 has taken the right fork
4499 1 has taken the left fork
4499 1 is eating
DBG_EAT: id=1 time_last_meal=4499
DBG_EAT2: id=3 meals=28
4519 3 has put down the left fork
4519 3 has put down the right fork
4519 3 is sleeping
4520 4 is thinking
4520 4 has taken the left fork
4520 4 has taken the right fork
4520 4 is eating
DBG_EAT: id=4 time_last_meal=4520
DBG_EAT2: id=1 meals=29
4559 1 has put down the left fork
4559 1 has put down the right fork
4559 2 is thinking
4559 1 is sleeping
4559 2 has taken the left fork
4559 2 has taken the right fork
4559 2 is eating
DBG_EAT: id=2 time_last_meal=4559
4580 5 is thinking
DBG_EAT2: id=4 meals=28
4580 4 has put down the right fork
4580 4 has put down the left fork
4580 5 has taken the right fork
4580 5 has taken the left fork
4580 5 is eating
DBG_EAT: id=5 time_last_meal=4580
4580 4 is sleeping
DBG_EAT2: id=2 meals=29
4620 2 has put down the right fork
4620 2 has put down the left fork
4620 2 is sleeping
4620 3 is thinking
4620 3 has taken the right fork
4620 3 has taken the left fork
4620 3 is eating
DBG_EAT: id=3 time_last_meal=4620
DBG_EAT2: id=5 meals=29
4641 5 has put down the left fork
4641 5 has put down the right fork
4641 5 is sleeping
4659 1 is thinking
4659 1 has taken the right fork
4659 1 has taken the left fork
4659 1 is eating
DBG_EAT: id=1 time_last_meal=4659
DBG_EAT2: id=3 meals=29
4680 3 has put down the left fork
4680 3 has put down the right fork
4680 3 is sleeping
4681 4 is thinking
4681 4 has taken the left fork
4681 4 has taken the right fork
4681 4 is eating
DBG_EAT: id=4 time_last_meal=4681
DBG_EAT2: id=1 meals=30
4720 1 has put down the left fork
4720 1 has put down the right fork
4720 1 is sleeping
4720 2 is thinking
4720 2 has taken the left fork
4720 2 has taken the right fork
4720 2 is eating
DBG_EAT: id=2 time_last_meal=4720
DBG_EAT2: id=4 meals=29
4741 4 has put down the right fork
4741 4 has put down the left fork
4741 5 is thinking
4741 5 has taken the right fork
4741 5 has taken the left fork
4741 5 is eating
DBG_EAT: id=5 time_last_meal=4741
4741 4 is sleeping
DBG_EAT2: id=2 meals=30
4780 2 has put down the right fork
4780 2 has put down the left fork
4780 2 is sleeping
4780 3 is thinking
4780 3 has taken the right fork
4780 3 has taken the left fork
4780 3 is eating
DBG_EAT: id=3 time_last_meal=4780
DBG_EAT2: id=5 meals=30
4802 5 has put down the left fork
4802 5 has put down the right fork
4802 5 is sleeping
4820 1 is thinking
4820 1 has taken the right fork
4820 1 has taken the left fork
4820 1 is eating
DBG_EAT: id=1 time_last_meal=4820
DBG_EAT2: id=3 meals=30
4840 3 has put down the left fork
4840 3 has put down the right fork
4840 3 is sleeping
4841 4 is thinking
4842 4 has taken the left fork
4842 4 has taken the right fork
4842 4 is eating
DBG_EAT: id=4 time_last_meal=4842
DBG_EAT2: id=1 meals=31
4880 1 has put down the left fork
4880 1 has put down the right for