DBG_INIT: meal_mutex init for philo 1
DBG_INIT: meal_mutex init for philo 2
DBG: init philo[1].time_last_meal=0
DBG: init philo[2].time_last_meal=0
0 1 has taken the right fork
0 1 has taken the left fork
0 1 is eating
DBG_EAT: id=1 time_last_meal=0
DBG: start_time=1758403074116
DBG_EAT2: id=1 meals=1
200 1 has put down the left fork
200 1 has put down the right fork
200 1 is sleeping
200 2 has taken the left fork
200 2 has taken the right fork
200 2 is eating
DBG_EAT: id=2 time_last_meal=200
261 1 is thinking
DBG_EAT2: id=2 meals=1
401 2 has put down the right fork
401 2 has put down the left fork
401 2 is sleeping
401 1 has taken the right fork
401 1 has taken the left fork
401 1 is eating
DBG_EAT: id=1 time_last_meal=401
461 2 is thinking
DBG_EAT2: id=1 meals=2
601 1 has put down the left fork
601 1 has put down the right fork
601 1 is sleeping
601 2 has taken the left fork
601 2 has taken the right fork
601 2 is eating
DBG_EAT: id=2 time_last_meal=601
662 1 is thinking
DBG_EAT2: id=2 meals=2
802 2 has put down the right fork
802 2 has put down the left fork
802 2 is sleeping
802 1 has taken the right fork
802 1 has taken the left fork
802 1 is eating
DBG_EAT: id=1 time_last_meal=802
802 All philosophers ate enough
DBG_EAT2: id=1 meals=3
