DBG_INIT: meal_mutex init for philo 1
DBG_INIT: meal_mutex init for philo 2
DBG: init philo[1].time_last_meal=0
DBG: init philo[2].time_last_meal=0
0 1 has taken the right fork
0 1 has taken the left fork
0 1 is eating
DBG_EAT: id=1 time_last_meal=0
DBG: start_time=1758403302688
DBG_EAT2: id=1 meals=1
200 1 has put down the left fork
200 1 has put down the right fork
200 1 is sleeping
200 2 has taken the left fork
200 2 has taken the right fork
200 2 is eating
DBG_EAT: id=2 time_last_meal=200
301 1 is thinking
DBG_EAT2: id=2 meals=1
401 2 has put down the right fork
401 2 has put down the left fork
401 2 is sleeping
401 1 has taken the right fork
401 1 has taken the left fork
401 1 is eating
DBG_EAT: id=1 time_last_meal=401
501 2 is thinking
DBG_EAT2: id=1 meals=2
601 1 has put down the left fork
601 1 has put down the right fork
601 1 is sleeping
602 2 has taken the left fork
602 2 has taken the right fork
602 2 is eating
DBG_EAT: id=2 time_last_meal=602
702 1 is thinking
DBG_EAT2: id=2 meals=2
802 2 has put down the right fork
802 2 has put down the left fork
802 2 is sleeping
802 1 has taken the right fork
802 1 has taken the left fork
802 1 is eating
DBG_EAT: id=1 time_last_meal=802
902 2 is thinking
DBG_EAT2: id=1 meals=3
1002 1 has put down the left fork
1002 1 has put down the right fork
1003 1 is sleeping
1003 2 has taken the left fork
1003 2 has taken the right fork
1003 2 is eating
DBG_EAT: id=2 time_last_meal=1003
1103 1 is thinking
DBG_EAT2: id=2 meals=3
1203 2 has put down the right fork
1203 2 has put down the left fork
1203 2 is sleeping
1203 1 has taken the right fork
1203 1 has taken the left fork
1203 1 is eating
DBG_EAT: id=1 time_last_meal=1203
1303 2 is thinking
DBG_EAT2: id=1 meals=4
1404 1 has put down the left fork
1404 1 has put down the right fork
1404 1 is sleeping
1404 2 has taken the left fork
1404 2 has taken the right fork
1404 2 is eating
DBG_EAT: id=2 time_last_meal=1404
1504 1 is thinking
DBG_EAT2: id=2 meals=4
1604 2 has put down the right fork
1604 2 has put down the left fork
1604 2 is sleeping
1604 1 has taken the right fork
1604 1 has taken the left fork
1604 1 is eating
DBG_EAT: id=1 time_last_meal=1604
1705 2 is thinking
DBG_EAT2: id=1 meals=5
1805 1 has put down the left fork
1805 1 has put down the right fork
1805 1 is sleeping
1805 2 has taken the left fork
1805 2 has taken the right fork
1805 2 is eating
DBG_EAT: id=2 time_last_meal=1805
1905 1 is thinking
DBG_EAT2: id=2 meals=5
2006 2 has put down the right fork
2006 2 has put down the left fork
2006 2 is sleeping
2006 1 has taken the right fork
2006 1 has taken the left fork
2006 1 is eating
DBG_EAT: id=1 time_last_meal=2006
2006 All philosophers ate enough
DBG_EAT2: id=1 meals=6
