DBG_INIT: meal_mutex init for philo 1
DBG_INIT: meal_mutex init for philo 2
DBG_INIT: meal_mutex init for philo 3
DBG_INIT: meal_mutex init for philo 4
DBG: init philo[1].time_last_meal=0
DBG: init philo[2].time_last_meal=0
DBG: init philo[3].time_last_meal=0
DBG: init philo[4].time_last_meal=0
0 1 has taken the right fork
0 1 has taken the left fork
0 1 is eating
DBG_EAT: id=1 time_last_meal=0
0 2 has taken the left fork
DBG: start_time=1758386944255
DBG_EAT2: id=1 meals=1
200 1 has put down the left fork
200 1 has put down the right fork
200 1 is sleeping
200 2 has taken the right fork
200 2 is eating
DBG_EAT: id=2 time_last_meal=200
200 4 has taken the left fork
200 4 has taken the right fork
200 4 is eating
DBG_EAT: id=4 time_last_meal=200
301 1 is thinking
DBG_EAT2: id=2 meals=1
401 2 has put down the right fork
DBG_EAT2: id=4 meals=1
401 4 has put down the right fork
401 2 has put down the left fork
401 4 has put down the left fork
401 4 is sleeping
401 2 is sleeping
401 3 has taken the right fork
401 3 has taken the left fork
401 3 is eating
DBG_EAT: id=3 time_last_meal=401
401 1 has taken the right fork
401 1 has taken the left fork
401 1 is eating
DBG_EAT: id=1 time_last_meal=401
501 4 is thinking
501 2 is thinking
DBG_EAT2: id=1 meals=2
601 1 has put down the left fork
601 1 has put down the right fork
DBG_EAT2: id=3 meals=1
601 3 has put down the left fork
601 1 is sleeping
601 3 has put down the right fork
601 4 has taken the left fork
601 4 has taken the right fork
601 4 is eating
DBG_EAT: id=4 time_last_meal=601
601 3 is sleeping
601 2 has taken the left fork
601 2 has taken the right fork
601 2 is eating
DBG_EAT: id=2 time_last_meal=601
701 1 is thinking
701 3 is thinking
DBG_EAT2: id=4 meals=2
801 4 has put down the right fork
801 4 has put down the left fork
801 4 is sleeping
DBG_EAT2: id=2 meals=2
801 2 has put down the right fork
801 1 has taken the right fork
801 1 has taken the left fork
801 1 is eating
DBG_EAT: id=1 time_last_meal=801
801 2 has put down the left fork
801 2 is sleeping
801 3 has taken the right fork
801 3 has taken the left fork
801 3 is eating
DBG_EAT: id=3 time_last_meal=801
901 4 is thinking
901 2 is thinking
DBG_EAT2: id=1 meals=3
1001 1 has put down the left fork
1001 1 has put down the right fork
1001 1 is sleeping
DBG_EAT2: id=3 meals=2
1001 3 has put down the left fork
1001 4 has taken the left fork
1001 4 has taken the right fork
1001 4 is eating
DBG_EAT: id=4 time_last_meal=1001
1001 3 has put down the right fork
1001 3 is sleeping
1001 2 has died (last meal at 601)
DBG_EAT2: id=4 meals=3
