DBG_INIT: meal_mutex init for philo 1
DBG_INIT: meal_mutex init for philo 2
DBG_INIT: meal_mutex init for philo 3
DBG_INIT: meal_mutex init for philo 4
DBG_INIT: meal_mutex init for philo 5
DBG: init philo[1].time_last_meal=0
DBG: init philo[2].time_last_meal=0
DBG: init philo[3].time_last_meal=0
DBG: init philo[4].time_last_meal=0
DBG: init philo[5].time_last_meal=0
0 1 has taken the right fork
0 1 has taken the left fork
0 1 is eating
DBG_EAT: id=1 time_last_meal=0
0 3 has taken the right fork
0 3 has taken the left fork
0 3 is eating
DBG_EAT: id=3 time_last_meal=0
1 5 has taken the right fork
DBG: start_time=1758387317168
DBG_EAT2: id=1 meals=1
60 1 has put down the left fork
60 1 has put down the right fork
60 1 is sleeping
60 5 has taken the left fork
60 5 is eating
DBG_EAT: id=5 time_last_meal=60
DBG_EAT2: id=3 meals=1
61 3 has put down the left fork
61 3 has put down the right fork
61 2 has taken the left fork
61 2 has taken the right fork
61 2 is eating
DBG_EAT: id=2 time_last_meal=61
61 3 is sleeping
121 1 is thinking
DBG_EAT2: id=5 meals=1
121 5 has put down the left fork
121 1 has taken the right fork
121 5 has put down the right fork
121 4 has taken the left fork
121 5 is sleeping
121 4 has taken the right fork
121 4 is eating
DBG_EAT: id=4 time_last_meal=121
121 3 is thinking
DBG_EAT2: id=2 meals=1
121 2 has put down the right fork
121 2 has put down the left fork
121 1 has taken the left fork
121 1 is eating
DBG_EAT: id=1 time_last_meal=121
121 2 is sleeping
121 3 has taken the right fork
DBG_EAT2: id=4 meals=1
181 2 is thinking
181 4 has put down the right fork
181 4 has put down the left fork
181 4 is sleeping
181 5 is thinking
181 5 has taken the right fork
DBG_EAT2: id=1 meals=2
181 1 has put down the left fork
181 3 has taken the left fork
181 3 is eating
DBG_EAT: id=3 time_last_meal=181
181 1 has put down the right fork
182 1 is sleeping
182 5 has taken the left fork
182 5 is eating
DBG_EAT: id=5 time_last_meal=182
DBG_EAT2: id=5 meals=2
242 1 is thinking
242 5 has put down the left fork
242 5 has put down the right fork
242 5 is sleeping
DBG_EAT2: id=3 meals=2
242 4 is thinking
242 1 has taken the right fork
242 1 has taken the left fork
242 1 is eating
DBG_EAT: id=1 time_last_meal=242
242 3 has put down the left fork
242 3 has put down the right fork
242 3 is sleeping
242 2 has taken the left fork
242 4 has taken the left fork
242 4 has taken the right fork
242 4 is eating
DBG_EAT: id=4 time_last_meal=242
DBG_EAT2: id=1 meals=3
302 5 is thinking
302 1 has put down the left fork
302 1 has put down the right fork
302 1 is sleeping
302 3 is thinking
302 2 has taken the right fork
302 2 is eating
DBG_EAT: id=2 time_last_meal=302
DBG_EAT2: id=4 meals=2
302 4 has put down the right fork
302 4 has put down the left fork
302 4 is sleeping
303 5 has taken the right fork
303 5 has taken the left fork
303 5 is eating
DBG_EAT: id=5 time_last_meal=303
DBG_EAT2: id=2 meals=2
363 2 has put down the right fork
363 1 is thinking
363 4 is thinking
363 2 has put down the left fork
DBG_EAT2: id=5 meals=3
363 2 is sleeping
363 3 has taken the right fork
363 5 has put down the left fork
363 5 has put down the right fork
363 5 is sleeping
363 3 has taken the left fork
363 3 is eating
DBG_EAT: id=3 time_last_meal=363
363 1 has taken the right fork
363 1 has taken the left fork
363 1 is eating
DBG_EAT: id=1 time_last_meal=363
363 4 has taken the left fork
423 2 is thinking
423 5 is thinking
DBG_EAT2: id=1 meals=4
423 1 has put down the left fork
423 1 has put down the right fork
423 1 is sleeping
DBG_EAT2: id=3 meals=3
424 3 has put down the left fork
424 3 has put down the right fork
424 4 has taken the right fork
424 4 is eating
DBG_EAT: id=4 time_last_meal=424
424 3 is sleeping
424 2 has taken the left fork
424 2 has taken the right fork
424 2 is eating
DBG_EAT: id=2 time_last_meal=424
484 1 is thinking
484 1 has taken the right fork
DBG_EAT2: id=4 meals=3
484 3 is thinking
DBG_EAT2: id=2 meals=3
484 4 has put down the right fork
484 2 has put down the right fork
484 4 has put down the left fork
484 2 has put down the le