DBG_INIT: meal_mutex init for philo 1
DBG_INIT: meal_mutex init for philo 2
DBG_INIT: meal_mutex init for philo 3
DBG_INIT: meal_mutex init for philo 4
DBG_INIT: meal_mutex init for philo 5
DBG: init philo[1].time_last_meal=0
DBG: init philo[2].time_last_meal=0
DBG: init philo[3].time_last_meal=0
DBG: init philo[4].time_last_meal=0
DBG: init philo[5].time_last_meal=0
0 1 has taken the right fork
0 1 has taken the left fork
0 1 is eating
DBG_EAT: id=1 time_last_meal=0
0 3 has taken the right fork
0 3 has taken the left fork
0 3 is eating
DBG_EAT: id=3 time_last_meal=0
0 5 has taken the right fork
DBG: start_time=1758387402759
DBG_EAT2: id=1 meals=1
60 1 has put down the left fork
60 1 has put down the right fork
60 1 is sleeping
60 5 has taken the left fork
60 5 is eating
DBG_EAT: id=5 time_last_meal=60
DBG_EAT2: id=3 meals=1
60 3 has put down the left fork
60 3 has put down the right fork
60 3 is sleeping
60 2 has taken the left fork
60 2 has taken the right fork
60 2 is eating
DBG_EAT: id=2 time_last_meal=60
DBG_EAT2: id=5 meals=1
120 5 has put down the left fork
121 5 has put down the right fork
121 5 is sleeping
DBG_EAT2: id=2 meals=1
121 2 has put down the right fork
121 2 has put down the left fork
121 2 is sleeping
121 4 has taken the left fork
121 4 has taken the right fork
121 4 is eating
DBG_EAT: id=4 time_last_meal=121
161 1 is thinking
161 1 has taken the right fork
161 1 has taken the left fork
161 1 is eating
DBG_EAT: id=1 time_last_meal=161
161 3 is thinking
161 3 has taken the right fork
DBG_EAT2: id=4 meals=1
181 4 has put down the right fork
181 4 has put down the left fork
181 4 is sleeping
181 3 has taken the left fork
181 3 is eating
DBG_EAT: id=3 time_last_meal=181
221 5 is thinking
221 5 has taken the right fork
221 2 is thinking
DBG_EAT2: id=1 meals=2
221 1 has put down the left fork
221 1 has put down the right fork
221 1 is sleeping
221 5 has taken the left fork
221 5 is eating
DBG_EAT: id=5 time_last_meal=221
DBG_EAT2: id=3 meals=2
241 3 has put down the left fork
241 3 has put down the right fork
242 3 is sleeping
242 2 has taken the left fork
242 2 has taken the right fork
242 2 is eating
DBG_EAT: id=2 time_last_meal=242
DBG_EAT2: id=5 meals=2
281 5 has put down the left fork
281 5 has put down the right fork
281 4 is thinking
281 5 is sleeping
281 4 has taken the left fork
281 4 has taken the right fork
281 4 is eating
DBG_EAT: id=4 time_last_meal=281
DBG_EAT2: id=2 meals=2
302 2 has put down the right fork
302 2 has put down the left fork
302 2 is sleeping
321 1 is thinking
321 1 has taken the right fork
321 1 has taken the left fork
321 1 is eating
DBG_EAT: id=1 time_last_meal=321
DBG_EAT2: id=4 meals=2
342 4 has put down the right fork
342 4 has put down the left fork
342 4 is sleeping
342 3 is thinking
342 3 has taken the right fork
342 3 has taken the left fork
342 3 is eating
DBG_EAT: id=3 time_last_meal=342
381 5 is thinking
381 5 has taken the right fork
DBG_EAT2: id=1 meals=3
381 1 has put down the left fork
381 1 has put down the right fork
381 5 has taken the left fork
381 5 is eating
DBG_EAT: id=5 time_last_meal=381
382 1 is sleeping
DBG_EAT2: id=3 meals=3
402 3 has put down the left fork
402 3 has put down the right fork
402 2 is thinking
402 3 is sleeping
402 2 has taken the left fork
402 2 has taken the right fork
402 2 is eating
DBG_EAT: id=2 time_last_meal=402
DBG_EAT2: id=5 meals=3
442 5 has put down the left fork
442 5 has put down the right fork
442 4 is thinking
442 5 is sleeping
442 4 has taken the left fork
442 4 has taken the right fork
442 4 is eating
DBG_EAT: id=4 time_last_meal=442
DBG_EAT2: id=2 meals=3
462 2 has put down the right fork
462 2 has put down the left fork
462 2 is sleeping
482 1 is thinking
482 1 has taken the right fork
482 1 has taken the left fork
482 1 is eating
DBG_EAT: id=1 time_last_meal=482
DBG_EAT2: id=4 meals=3
502 4 has put down the right fork
502 4 has put down the left fork
502 3 is thinking
502 3 has taken the right fork
502 3 has taken the left fork
502 3 is eating
DBG_EAT: id=3 time_last_meal=502
502 4 is sleeping
542 5 is thinking
542 5 has taken the right fork
DBG_EAT2: id=1 meals=4
542 1 has put down the left fork
542 1 has put down the right fork
542 1 is sleeping
542 5 has taken the left fork
542 5 is eating
DBG_EAT: id=5 time_last_meal=542
DBG_EAT2: id=3 meals=4
563 3 has put down the left fork
563 3 has put down the right fork
563 2 is thinking
563 3 is sleeping
563 2 has taken the left fork
563 2 has taken the right fork
563 2 is eating
DBG_EAT: id=2 time_last_meal=563
DBG_EAT2: id=5 meals=4
603 5 has put down the left fork
603 5 has put down the right fork
603 4 is thinking
603 5 is sleeping
603 4 has taken the left fork
603 4 has taken the right fork
603 4 is eating
DBG_EAT: id=4 time_last_meal=603
DBG_EAT2: id=2 meals=4
623 2 has put down the right fork
623 2 has put down the left fork
623 2 is sleeping
643 1 is thinking
643 1 has taken the right fork
643 1 has taken the left fork
643 1 is eating
DBG_EAT: id=1 time_last_meal=643
DBG_EAT2: id=4 meals=4
663 4 has put down the right fork
663 4 has put down the left fork
663 3 is thinking
663 3 has taken the right fork
663 3 has taken the left fork
663 3 is eating
DBG_EAT: id=3 time_last_meal=663
663 4 is sleeping
703 5 is thinking
703 5 has taken the right fork
DBG_EAT2: id=1 meals=5
703 1 has put down the left fork
703 1 has put down the right fork
703 1 is sleeping
703 5 has taken the left fork
703 5 is eating
DBG_EAT: id=5 time_last_meal=703
DBG_EAT2: id=3 meals=5
723 3 has put down the left fork
723 3 has put down the right fork
723 2 is thinking
723 3 is sleeping
724 2 has taken the left fork
724 2 has taken the right fork
724 2 is eating
DBG_EAT: id=2 time_last_meal=724
DBG_EAT2: id=5 meals=5
763 5 has put down the left fork
763 5 has put down the right fork
763 4 is thinking
763 5 is sleeping
763 4 has taken the left fork
763 4 has taken the right fork
763 4 is eating
DBG_EAT: id=4 time_last_meal=763
DBG_EAT2: id=2 meals=5
784 2 has put down the right fork
784 2 has put down the left fork
784 2 is sleeping
803 1 is thinking
803 1 has taken the right fork
803 1 has taken the left fork
803 1 is eating
DBG_EAT: id=1 time_last_meal=803
DBG_EAT2: id=4 meals=5
824 4 has put down the right fork
824 4 has put down the left fork
824 3 is thinking
824 3 has taken the right fork
824 3 has taken the left fork
824 3 is eating
DBG_EAT: id=3 time_last_meal=824
824 4 is sleeping
863 5 is thinking
863 5 has taken the right fork
DBG_EAT2: id=1 meals=6
863 1 has put down the left fork
863 1 has put down the right fork
863 5 has taken the left fork
863 5 is eating
DBG_EAT: id=5 time_last_meal=863
863 1 is sleeping
DBG_EAT2: id=3 meals=6
884 3 has put down the left fork
884 3 has put down the right fork
884 2 is thinking
884 3 is sleeping
884 2 has taken the left fork
884 2 has taken the right fork
884 2 is eating
DBG_EAT: id=2 time_last_meal=884
DBG_EAT2: id=5 meals=6
924 5 has put down the left fork
924 5 has put down the right fork
924 4 is thinking
924 5 is sleeping
924 4 has taken the left fork
924 4 has taken the right fork
924 4 is eating
DBG_EAT: id=4 time_last_meal=924
DBG_EAT2: id=2 meals=6
944 2 has put down the right fork
944 2 has put down the left fork
944 2 is sleeping
964 1 is thinking
964 1 has taken the right fork
964 1 has taken the left fork
964 1 is eating
DBG_EAT: id=1 time_last_meal=964
DBG_EAT2: id=4 meals=6
984 4 has put down the right fork
984 4 has put down the left fork
984 4 is sleeping
984 3 is thinking
984 3 has taken the right fork
984 3 has taken the left fork
984 3 is eating
DBG_EAT: id=3 time_last_meal=984
1024 5 is thinking
1024 5 has taken the right fork
DBG_EAT2: id=1 meals=7
1024 1 has put down the left fork
1024 1 has put down the right fork
1024 1 is sleeping
1024 5 has taken the left fork
1024 5 is eating
DBG_EAT: id=5 time_last_meal=1024
DBG_EAT2: id=3 meals=7
1045 3 has put down the left fork
1045 3 has put down the right fork
1045 2 is thinking
1045 3 is sleeping
1045 2 has taken the left fork
1045 2 has taken the right fork
1045 2 is eating
DBG_EAT: id=2 time_last_meal=1045
DBG_EAT2: id=5 meals=7
1084 5 has put down the left fork
1084 5 has put down the right fork
1085 5 is sleeping
1085 4 is thinking
1085 4 has taken the left fork
1085 4 has taken the right fork
1085 4 is eating
DBG_EAT: id=4 time_last_meal=1085
DBG_EAT2: id=2 meals=7
1105 2 has put down the right fork
1105 2 has put down the left fork
1105 2 is sleeping
1124 1 is thinking
1124 1 has taken the right fork
1124 1 has taken the left fork
1124 1 is eating
DBG_EAT: id=1 time_last_meal=1124
DBG_EAT2: id=4 meals=7
1145 4 has put down the right fork
1145 4 has put down the left fork
1145 3 is thinking
1145 3 has taken the right fork
1145 3 has taken the left fork
1145 3 is eating
DBG_EAT: id=3 time_last_meal=1145
1145 4 is sleeping
DBG_EAT2: id=1 meals=8
1185 1 has put down the left fork
1185 1 has put down the right fork
1185 5 is thinking
1185 5 has taken the right fork
1185 5 has taken the left fork
1185 5 is eating
DBG_EAT: id=5 time_last_meal=1185
1185 1 is sleeping
DBG_EAT2: id=3 meals=8
1205 3 has put down the left fork
1205 3 has put down the right fork
1205 3 is sleeping
1205 2 is thinking
1206 2 has taken the left fork
1206 2 has taken the right fork
1206 2 is eating
DBG_EAT: id=2 time_last_meal=1206
DBG_EAT2: id=5 meals=8
1245 5 has put down the left fork
1245 5 has put down the right fork
1245 5 is sleeping
1245 4 is thinking
1246 4 has taken the left fork
1246 4 has taken the right fork
1246 4 is eating
DBG_EAT: id=4 time_last_meal=1246
DBG_EAT2: id=2 meals=8
1266 2 has put down the right fork
1266 2 has put down the left fork
1266 2 is sleeping
1285 1 is thinking
1285 1 has taken the right fork
1285 1 has taken the left fork
1285 1 is eating
DBG_EAT: id=1 time_last_meal=1285
1306 3 is thinking
1306 3 has taken the right fork
DBG_EAT2: id=4 meals=8
1306 4 has put down the right fork
1306 4 has put down the left fork
1306 3 has taken the left fork
1306 3 is eating
DBG_EAT: id=3 time_last_meal=1306
1306 4 is sleeping
DBG_EAT2: id=1 meals=9
1345 1 has put down the left fork
1345 1 has put down the right fork
1345 5 is thinking
1345 5 has taken the right fork
1345 5 has taken the left fork
1345 5 is eating
DBG_EAT: id=5 time_last_meal=1345
1345 1 is sleeping
DBG_EAT2: id=3 meals=9
1366 3 has put down the left fork
1366 3 has put down the right fork
1366 2 is thinking
1366 3 is sleeping
1366 2 has taken the left fork
1366 2 has taken the right fork
1366 2 is eating
DBG_EAT: id=2 time_last_meal=1366
DBG_EAT2: id=5 meals=9
1406 5 has put down the left fork
1406 5 has put down the right fork
1406 5 is sleeping
1406 4 is thinking
1406 4 has taken the left fork
1406 4 has taken the right fork
1406 4 is eating
DBG_EAT: id=4 time_last_meal=1406
DBG_EAT2: id=2 meals=9
1426 2 has put down the right fork
1426 2 has put down the left fork
1426 2 is sleeping
1446 1 is thinking
1446 1 has taken the right fork
1446 1 has taken the left fork
1446 1 is eating
DBG_EAT: id=1 time_last_meal=1446
DBG_EAT2: id=4 meals=9
1466 4 has put down the right fork
1466 4 has put down the left fork
1466 3 is thinking
1466 3 has taken the right fork
1466 3 has taken the left fork
1466 3 is eating
DBG_EAT: id=3 time_last_meal=1466
1466 4 is sleeping
1506 5 is thinking
1506 5 has taken the right fork
DBG_EAT2: id=1 meals=10
1506 1 has put down the left fork
1506 1 has put down the right fork
1506 5 has taken the left fork
1506 5 is eating
DBG_EAT: id=5 time_last_meal=1506
1506 1 is sleeping
1527 2 is thinking
DBG_EAT2: id=3 meals=10
1527 3 has put down the left fork
1527 3 has put down the right fork
1527 3 is sleeping
1527 2 has taken the left fork
1527 2 has taken the right fork
1527 2 is eating
DBG_EAT: id=2 time_last_meal=1527
DBG_EAT2: id=5 meals=10
1567 5 has put down the left fork
1567 5 has put down the right fork
1567 4 is thinking
1567 5 is sleeping
1567 4 has taken the left fork
1567 4 has taken the right fork
1567 4 is eating
DBG_EAT: id=4 time_last_meal=1567
DBG_EAT2: id=2 meals=10
1587 2 has put down the right fork
1587 2 has put down the left fork
1587 2 is sleeping
1606 1 is thinking
1606 1 has taken the right fork
1606 1 has taken the left fork
1606 1 is eating
DBG_EAT: id=1 time_last_meal=1606
DBG_EAT2: id=4 meals=10
1627 4 has put down the right fork
1627 4 has put down the left fork
1627 4 is sleeping
1627 3 is thinking
1627 3 has taken the right fork
1627 3 has taken the left fork
1627 3 is eating
DBG_EAT: id=3 time_last_meal=1627
1667 5 is thinking
1667 5 has taken the right fork
DBG_EAT2: id=1 meals=11
1667 1 has put down the left fork
1667 1 has put down the right fork
1667 5 has taken the left fork
1667 5 is eating
DBG_EAT: id=5 time_last_meal=1667
1667 1 is sleeping
1687 2 is thinking
DBG_EAT2: id=3 meals=11
1687 3 has put down the left fork
1687 3 has put down the right fork
1687 3 is sleeping
1687 2 has taken the left fork
1687 2 has taken the right fork
1687 2 is eating
DBG_EAT: id=2 time_last_meal=1687
DBG_EAT2: id=5 meals=11
1727 5 has put down the left fork
1727 5 has put down the right fork
1727 4 is thinking
1727 5 is sleeping
1727 4 has taken the left fork
1727 4 has taken the right fork
1727 4 is eating
DBG_EAT: id=4 time_last_meal=1727
DBG_EAT2: id=2 meals=11
1748 2 has put down the right fork
1748 2 has put down the left fork
1748 2 is sleeping
1767 1 is thinking
1767 1 has taken the right fork
1767 1 has taken the left fork
1767 1 is eating
DBG_EAT: id=1 time_last_meal=1767
1788 3 is thinking
1788 3 has taken the right fork
DBG_EAT2: id=4 meals=11
1788 4 has put down the right fork
1788 4 has put down the left fork
1788 4 is sleeping
1788 3 has taken the left fork
1788 3 is eating
DBG_EAT: id=3 time_last_meal=1788
1827 5 is thinking
1828 5 has taken the right fork
DBG_EAT2: id=1 meals=12
1828 1 has put down the left fork
1828 1 has put down the right fork
1828 5 has taken the left fork
1828 5 is eating
DBG_EAT: id=5 time_last_meal=1828
1828 1 is sleeping
1848 2 is thinking
DBG_EAT2: id=3 meals=12
1848 3 has put down the left fork
1848 3 has put down the right fork
1848 3 is sleeping
1848 2 has taken the left fork
1848 2 has taken the right fork
1848 2 is eating
DBG_EAT: id=2 time_last_meal=1848
DBG_EAT2: id=5 meals=12
1888 5 has put down the left fork
1888 5 has put down the right fork
1888 5 is sleeping
1888 4 is thinking
1888 4 has taken the left fork
1888 4 has taken the right fork
1888 4 is eating
DBG_EAT: id=4 time_last_meal=1888
DBG_EAT2: id=2 meals=12
1909 2 has put down the right fork
1909 2 has put down the left fork
1909 2 is sleeping
1928 1 is thinking
1928 1 has taken the right fork
1928 1 has taken the left fork
1928 1 is eating
DBG_EAT: id=1 time_last_meal=1928
DBG_EAT2: id=4 meals=12
1949 4 has put down the right fork
1949 4 has put down the left fork
1949 3 is thinking
1949 3 has taken the right fork
1949 3 has taken the left fork
1949 3 is eating
DBG_EAT: id=3 time_last_meal=1949
1949 4 is sleeping
DBG_EAT2: id=1 meals=13
1988 1 has put down the left fork
1988 1 has put down the right fork
1988 5 is thinking
1988 5 has taken the right fork
1988 5 has taken the left fork
1988 5 is eating
DBG_EAT: id=5 time_last_meal=1988
1988 1 is sleeping
2009 2 is thinking
DBG_EAT2: id=3 meals=13
2009 3 has put down the left fork
2009 3 has put down the right fork
2009 2 has taken the left fork
2009 2 has taken the right fork
2009 2 is eating
DBG_EAT: id=2 time_last_meal=2009
2009 3 is sleeping
DBG_EAT2: id=5 meals=13
2049 5 has put down the left fork
2049 5 has put down the right fork
2049 5 is sleeping
2049 4 is thinking
2049 4 has taken the left fork
2049 4 has taken the right fork
2049 4 is eating
DBG_EAT: id=4 time_last_meal=2049
DBG_EAT2: id=2 meals=13
2069 2 has put down the right fork
2069 2 has put down the left fork
2069 2 is sleeping
2088 1 is thinking
2088 1 has taken the right fork
2088 1 has taken the left fork
2088 1 is eating
DBG_EAT: id=1 time_last_meal=2088
2109 3 is thinking
2109 3 has taken the right fork
DBG_EAT2: id=4 meals=13
2109 4 has put down the right fork
2109 4 has put down the left fork
2109 3 has taken the left fork
2109 3 is eating
DBG_EAT: id=3 time_last_meal=2109
2109 4 is sleeping
2149 5 is thinking
2149 5 has taken the right fork
DBG_EAT2: id=1 meals=14
2149 1 has put down the left fork
2149 1 has put down the right fork
2149 5 has taken the left fork
2149 5 is eating
DBG_EAT: id=5 time_last_meal=2149
2149 1 is sleeping
DBG_EAT2: id=3 meals=14
2170 3 has put down the left fork
2170 3 has put down the right fork
2170 2 is thinking
2170 3 is sleeping
2170 2 has taken the left fork
2170 2 has taken the right fork
2170 2 is eating
DBG_EAT: id=2 time_last_meal=2170
DBG_EAT2: id=5 meals=14
2209 5 has put down the left fork
2209 5 has put down the right fork
2209 5 is sleeping
2210 4 is thinking
2210 4 has taken the left fork
2210 4 has taken the right fork
2210 4 is eating
DBG_EAT: id=4 time_last_meal=2210
DBG_EAT2: id=2 meals=14
2230 2 has put down the right fork
2230 2 has put down the left fork
2230 2 is sleeping
2249 1 is thinking
2249 1 has taken the right fork
2249 1 has taken the left fork
2249 1 is eating
DBG_EAT: id=1 time_last_meal=2249
DBG_EAT2: id=4 meals=14
2270 4 has put down the right fork
2270 4 has put down the left fork
2270 3 is thinking
2270 3 has taken the right fork
2270 3 has taken the left fork
2270 3 is eating
DBG_EAT: id=3 time_last_meal=2270
2270 4 is sleeping
2309 5 is thinking
2309 5 has taken the right fork
DBG_EAT2: id=1 meals=15
2310 1 has put down the left fork
2310 1 has put down the right fork
2310 1 is sleeping
2310 5 has taken the left fork
2310 5 is eating
DBG_EAT: id=5 time_last_meal=2310
DBG_EAT2: id=3 meals=15
2330 3 has put down the left fork
2330 3 has put down the right fork
2330 2 is thinking
2330 3 is sleeping
2331 2 has taken the left fork
2331 2 has taken the right fork
2331 2 is eating
DBG_EAT: id=2 time_last_meal=2331
DBG_EAT2: id=5 meals=15
2370 5 has put down the left fork
2370 5 has put down the right fork
2370 5 is sleeping
2370 4 is thinking
2371 4 has taken the left fork
2371 4 has taken the right fork
2371 4 is eating
DBG_EAT: id=4 time_last_meal=2371
DBG_EAT2: id=2 meals=15
2391 2 has put down the right fork
2391 2 has put down the left fork
2391 2 is sleeping
2410 1 is thinking
2410 1 has taken the right fork
2410 1 has taken the left fork
2410 1 is eating
DBG_EAT: id=1 time_last_meal=2410
2431 3 is thinking
2431 3 has taken the right fork
DBG_EAT2: id=4 meals=15
2431 4 has put down the right fork
2431 4 has put down the left fork
2431 4 is sleeping
2431 3 has taken the left fork
2431 3 is eating
DBG_EAT: id=3 time_last_meal=2431
DBG_EAT2: id=1 meals=16
2470 1 has put down the left fork
2470 1 has put down the right fork
2470 5 is thinking
2470 5 has taken the right fork
2470 5 has taken the left fork
2470 5 is eating
DBG_EAT: id=5 time_last_meal=2470
2470 1 is sleeping
2491 2 is thinking
DBG_EAT2: id=3 meals=16
2491 3 has put down the left fork
2491 3 has put down the right fork
2491 2 has taken the left fork
2491 2 has taken the right fork
2491 2 is eating
DBG_EAT: id=2 time_last_meal=2491
2491 3 is sleeping
DBG_EAT2: id=5 meals=16
2531 5 has put down the left fork
2531 5 has put down the right fork
2531 5 is sleeping
2531 4 is thinking
2531 4 has taken the left fork
2531 4 has taken the right fork
2531 4 is eating
DBG_EAT: id=4 time_last_meal=2531
DBG_EAT2: id=2 meals=16
2552 2 has put down the right fork
2552 2 has put down the left fork
2552 2 is sleeping
2571 1 is thinking
2571 1 has taken the right fork
2571 1 has taken the left fork
2571 1 is eating
DBG_EAT: id=1 time_last_meal=2571
DBG_EAT2: id=4 meals=16
2592 4 has put down the right fork
2592 4 has put down the left fork
2592 3 is thinking
2592 3 has taken the right fork
2592 3 has taken the left fork
2592 3 is eating
DBG_EAT: id=3 time_last_meal=2592
2592 4 is sleeping
DBG_EAT2: id=1 meals=17
2631 1 has put down the left fork
2631 1 has put down the right fork
2631 5 is thinking
2631 5 has taken the right fork
2631 5 has taken the left fork
2631 5 is eating
DBG_EAT: id=5 time_last_meal=2631
2631 1 is sleeping
2652 2 is thinking
DBG_EAT2: id=3 meals=17
2652 3 has put down the left fork
2652 3 has put down the right fork
2652 3 is sleeping
2652 2 has taken the left fork
2652 2 has taken the right fork
2652 2 is eating
DBG_EAT: id=2 time_last_meal=2652
DBG_EAT2: id=5 meals=17
2691 5 has put down the left fork
2691 5 has put down the right fork
2691 5 is sleeping
2692 4 is thinking
2692 4 has taken the left fork
2692 4 has taken the right fork
2692 4 is eating
DBG_EAT: id=4 time_last_meal=2692
DBG_EAT2: id=2 meals=17
2712 2 has put down the right fork
2712 2 has put down the left fork
2712 2 is sleeping
2731 1 is thinking
2731 1 has taken the right fork
2731 1 has taken the left fork
2731 1 is eating
DBG_EAT: id=1 time_last_meal=2731
2752 3 is thinking
2752 3 has taken the right fork
DBG_EAT2: id=4 meals=17
2752 4 has put down the right fork
2752 4 has put down the left fork
2752 4 is sleeping
2753 3 has taken the left fork
2753 3 is eating
DBG_EAT: id=3 time_last_meal=2753
DBG_EAT2: id=1 meals=18
2792 1 has put down the left fork
2792 1 has put down the right fork
2792 5 is thinking
2792 5 has taken the right fork
2792 5 has taken the left fork
2792 5 is eating
DBG_EAT: id=5 time_last_meal=2792
2792 1 is sleeping
2813 2 is thinking
DBG_EAT2: id=3 meals=18
2813 3 has put down the left fork
2813 3 has put down the right fork
2813 3 is sleeping
2813 2 has taken the left fork
2813 2 has taken the right fork
2813 2 is eating
DBG_EAT: id=2 time_last_meal=2813
DBG_EAT2: id=5 meals=18
2852 5 has put down the left fork
2852 5 has put down the right fork
2852 5 is sleeping
2853 4 is thinking
2853 4 has taken the left fork
2853 4 has taken the right fork
2853 4 is eating
DBG_EAT: id=4 time_last_meal=2853
DBG_EAT2: id=2 meals=18
2873 2 has put down the right fork
2873 2 has put down the left fork
2873 2 is sleeping
2892 1 is thinking
2892 1 has taken the right fork
2892 1 has taken the left fork
2892 1 is eating
DBG_EAT: id=1 time_last_meal=2892
2913 3 is thinking
2913 3 has taken the right fork
DBG_EAT2: id=4 meals=18
2913 4 has put down the right fork
2913 4 has put down the left fork
2913 4 is sleeping
2913 3 has taken the left fork
2913 3 is eating
DBG_EAT: id=3 time_last_meal=2913
DBG_EAT2: id=1 meals=19
2952 1 has put down the left fork
2952 1 has put down the right fork
2952 5 is thinking
2952 5 has taken the right fork
2952 5 has taken the left fork
2952 5 is eating
DBG_EAT: id=5 time_last_meal=2952
2952 1 is sleeping
2973 2 is thinking
DBG_EAT2: id=3 meals=19
2973 3 has put down the left fork
2973 3 has put down the right fork
2973 3 is sleeping
2974 2 has taken the left fork
2974 2 has taken the right fork
2974 2 is eating
DBG_EAT: id=2 time_last_meal=2974
DBG_EAT2: id=5 meals=19
3012 5 has put down the left fork
3012 5 has put down the right fork
3012 5 is sleeping
3013 4 is thinking
3014 4 has taken the left fork
3014 4 has taken the right fork
3014 4 is eating
DBG_EAT: id=4 time_last_meal=3014
DBG_EAT2: id=2 meals=19
3034 2 has put down the right fork
3034 2 has put down the left fork
3034 2 is sleeping
3052 1 is thinking
3052 1 has taken the right fork
3052 1 has taken the left fork
3052 1 is eating
DBG_EAT: id=1 time_last_meal=3052
DBG_EAT2: id=4 meals=19
3074 4 has put down the right fork
3074 4 has put down the left fork
3074 3 is thinking
3074 3 has taken the right fork
3074 3 has taken the left fork
3074 3 is eating
DBG_EAT: id=3 time_last_meal=3074
3074 4 is sleeping
DBG_EAT2: id=1 meals=20
3113 1 has put down the left fork
3113 1 has put down the right fork
3113 1 is sleeping
3113 5 is thinking
3113 5 has taken the right fork
3113 5 has taken the left fork
3113 5 is eating
DBG_EAT: id=5 time_last_meal=3113
3134 2 is thinking
DBG_EAT2: id=3 meals=20
3134 3 has put down the left fork
3134 3 has put down the right fork
3134 3 is sleeping
3134 2 has taken the left fork
3134 2 has taken the right fork
3134 2 is eating
DBG_EAT: id=2 time_last_meal=3134
DBG_EAT2: id=5 meals=20
3173 5 has put down the left fork
3173 5 has put down the right fork
3173 5 is sleeping
3174 4 is thinking
3174 4 has taken the left fork
3174 4 has taken the right fork
3174 4 is eating
DBG_EAT: id=4 time_last_meal=3174
DBG_EAT2: id=2 meals=20
3195 2 has put down the right fork
3195 2 has put down the left fork
3195 2 is sleeping
3213 1 is thinking
3213 1 has taken the right fork
3213 1 has taken the left fork
3213 1 is eating
DBG_EAT: id=1 time_last_meal=3213
DBG_EAT2: id=4 meals=20
3235 4 has put down the right fork
3235 4 has put down the left fork
3235 4 is sleeping
3235 3 is thinking
3235 3 has taken the right fork
3235 3 has taken the left fork
3235 3 is eating
DBG_EAT: id=3 time_last_meal=3235
3273 5 is thinking
3273 5 has taken the right fork
DBG_EAT2: id=1 meals=21
3273 1 has put down the left fork
3273 1 has put down the right fork
3273 5 has taken the left fork
3273 5 is eating
DBG_EAT: id=5 time_last_meal=3273
3273 1 is sleeping
3295 2 is thinking
DBG_EAT2: id=3 meals=21
3295 3 has put down the left fork
3295 3 has put down the right fork
3295 3 is sleeping
3295 2 has taken the left fork
3295 2 has taken the right fork
3295 2 is eating
DBG_EAT: id=2 time_last_meal=3295
DBG_EAT2: id=5 meals=21
3334 5 has put down the left fork
3334 5 has put down the right fork
3334 5 is sleeping
3335 4 is thinking
3335 4 has taken the left fork
3335 4 has taken the right fork
3335 4 is eating
DBG_EAT: id=4 time_last_meal=3335
DBG_EAT2: id=2 meals=21
3355 2 has put down the right fork
3355 2 has put down the left fork
3355 2 is sleeping
3374 1 is thinking
3374 1 has taken the right fork
3374 1 has taken the left fork
3374 1 is eating
DBG_EAT: id=1 time_last_meal=3374
3395 3 is thinking
3395 3 has taken the right fork
DBG_EAT2: id=4 meals=21
3395 4 has put down the right fork
3395 4 has put down the left fork
3395 4 is sleeping
3395 3 has taken the left fork
3395 3 is eating
DBG_EAT: id=3 time_last_meal=3395
DBG_EAT2: id=1 meals=22
3434 1 has put down the left fork
3434 1 has put down the right fork
3434 5 is thinking
3434 5 has taken the right fork
3434 5 has taken the left fork
3434 5 is eating
DBG_EAT: id=5 time_last_meal=3434
3434 1 is sleeping
DBG_EAT2: id=3 meals=22
3455 2 is thinking
3456 3 has put down the left fork
3456 3 has put down the right fork
3456 3 is sleeping
3456 2 has taken the left fork
3456 2 has taken the right fork
3456 2 is eating
DBG_EAT: id=2 time_last_meal=3456
DBG_EAT2: id=5 meals=22
3494 5 has put down the left fork
3494 5 has put down the right fork
3494 5 is sleeping
3496 4 is thinking
3496 4 has taken the left fork
3496 4 has taken the right fork
3496 4 is eating
DBG_EAT: id=4 time_last_meal=3496
DBG_EAT2: id=2 meals=22
3516 2 has put down the right fork
3516 2 has put down the left fork
3516 2 is sleeping
3534 1 is thinking
3534 1 has taken the right fork
3534 1 has taken the left fork
3534 1 is eating
DBG_EAT: id=1 time_last_meal=3534
DBG_EAT2: id=4 meals=22
3556 4 has put down the right fork
3556 4 has put down the left fork
3556 3 is thinking
3556 3 has taken the right fork
3556 3 has taken the left fork
3556 3 is eating
DBG_EAT: id=3 time_last_meal=3556
3556 4 is sleeping
DBG_EAT2: id=1 meals=23
3594 1 has put down the left fork
3594 1 has put down the right fork
3594 5 is thinking
3594 5 has taken the right fork
3594 5 has taken the left fork
3594 5 is eating
DBG_EAT: id=5 time_last_meal=3594
3594 1 is sleeping
3616 2 is thinking
DBG_EAT2: id=3 meals=23
3616 3 has put down the left fork
3616 3 has put down the right fork
3616 3 is sleeping
3616 2 has taken the left fork
3616 2 has taken the right fork
3616 2 is eating
DBG_EAT: id=2 time_last_meal=3616
DBG_EAT2: id=5 meals=23
3655 5 has put down the left fork
3655 5 has put down the right fork
3655 5 is sleeping
3656 4 is thinking
3656 4 has taken the left fork
3656 4 has taken the right fork
3656 4 is eating
DBG_EAT: id=4 time_last_meal=3656
DBG_EAT2: id=2 meals=23
3677 2 has put down the right fork
3677 2 has put down the left fork
3677 2 is sleeping
3695 1 is thinking
3695 1 has taken the right fork
3695 1 has taken the left fork
3695 1 is eating
DBG_EAT: id=1 time_last_meal=3695
3716 3 is thinking
3716 3 has taken the right fork
DBG_EAT2: id=4 meals=23
3717 4 has put down the right fork
3717 4 has put down the left fork
3717 4 is sleeping
3717 3 has taken the left fork
3717 3 is eating
DBG_EAT: id=3 time_last_meal=3717
DBG_EAT2: id=1 meals=24
3755 1 has put down the left fork
3755 1 has put down the right fork
3755 5 is thinking
3755 5 has taken the right fork
3755 5 has taken the left fork
3755 5 is eating
DBG_EAT: id=5 time_last_meal=3755
3755 1 is sleeping
DBG_EAT2: id=3 meals=24
3777 3 has put down the left fork
3777 3 has put down the right fork
3777 3 is sleeping
3777 2 is thinking
3777 2 has taken the left fork
3777 2 has taken the right fork
3777 2 is eating
DBG_EAT: id=2 time_last_meal=3777
DBG_EAT2: id=5 meals=24
3815 5 has put down the left fork
3815 5 has put down the right fork
3815 5 is sleeping
3817 4 is thinking
3817 4 has taken the left fork
3817 4 has taken the right fork
3817 4 is eating
DBG_EAT: id=4 time_last_meal=3817
DBG_EAT2: id=2 meals=24
3838 2 has put down the right fork
3838 2 has put down the left fork
3838 2 is sleeping
3855 1 is thinking
3855 1 has taken the right fork
3855 1 has taken the left fork
3855 1 is eating
DBG_EAT: id=1 time_last_meal=3855
DBG_EAT2: id=4 meals=24
3877 4 has put down the right fork
3877 4 has put down the left fork
3877 3 is thinking
3878 3 has taken the right fork
3878 3 has taken the left fork
3878 3 is eating
DBG_EAT: id=3 time_last_meal=3878
3878 4 is sleeping
3915 5 is thinking
3915 5 has taken the right fork
DBG_EAT2: id=1 meals=25
3915 1 has put down the left fork
3915 1 has put down the right fork
3915 5 has taken the left fork
3915 5 is eating
DBG_EAT: id=5 time_last_meal=3915
3916 1 is sleeping
DBG_EAT2: id=3 meals=25
3938 3 has put down the left fork
3938 3 has put down the right fork
3938 2 is thinking
3938 3 is sleeping
3938 2 has taken the left fork
3938 2 has taken the right fork
3938 2 is eating
DBG_EAT: id=2 time_last_meal=3938
DBG_EAT2: id=5 meals=25
3976 5 has put down the left fork
3976 5 has put down the right fork
3976 5 is sleeping
3978 4 is thinking
3978 4 has taken the left fork
3978 4 has taken the right fork
3978 4 is eating
DBG_EAT: id=4 time_last_meal=3978
DBG_EAT2: id=2 meals=25
3998 2 has put down the right fork
3998 2 has put down the left fork
3998 2 is sleeping
4016 1 is thinking
4016 1 has taken the right fork
4016 1 has taken the left fork
4016 1 is eating
DBG_EAT: id=1 time_last_meal=4016
DBG_EAT2: id=4 meals=25
4038 4 has put down the right fork
4038 4 has put down the left fork
4038 3 is thinking
4038 3 has taken the right fork
4038 3 has taken the left fork
4038 3 is eating
DBG_EAT: id=3 time_last_meal=4038
4038 4 is sleeping
DBG_EAT2: id=1 meals=26
4076 1 has put down the left fork
4076 1 has put down the right fork
4076 5 is thinking
4076 5 has taken the right fork
4076 5 has taken the left fork
4076 5 is eating
DBG_EAT: id=5 time_last_meal=4076
4076 1 is sleeping
DBG_EAT2: id=3 meals=26
4098 3 has put down the left fork
4098 3 has put down the right fork
4098 3 is sleeping
4098 2 is thinking
4099 2 has taken the left fork
4099 2 has taken the right fork
4099 2 is eating
DBG_EAT: id=2 time_last_meal=4099
DBG_EAT2: id=5 meals=26
4136 5 has put down the left fork
4136 5 has put down the right fork
4136 5 is sleeping
4138 4 is thinking
4138 4 has taken the left fork
4138 4 has taken the right fork
4138 4 is eating
DBG_EAT: id=4 time_last_meal=4138
DBG_EAT2: id=2 meals=26
4159 2 has put down the right fork
4159 2 has put down the left fork
4159 2 is sleeping
4176 1 is thinking
4176 1 has taken the right fork
4176 1 has taken the left fork
4176 1 is eating
DBG_EAT: id=1 time_last_meal=4176
DBG_EAT2: id=4 meals=26
4199 4 has put down the right fork
4199 4 has put down the left fork
4199 3 is thinking
4199 3 has taken the right fork
4199 3 has taken the left fork
4199 3 is eating
DBG_EAT: id=3 time_last_meal=4199
4199 4 is sleeping
4237 5 is thinking
4237 5 has taken the right fork
DBG_EAT2: id=1 meals=27
4237 1 has put down the left fork
4237 1 has put down the right fork
4237 1 is sleeping
4237 5 has taken the left fork
4237 5 is eating
DBG_EAT: id=5 time_last_meal=4237
DBG_EAT2: id=3 meals=27
4259 3 has put down the left fork
4259 3 has put down the right fork
4259 3 is sleeping
4259 2 is thinking
4259 2 has taken the left fork
4259 2 has taken the right fork
4259 2 is eating
DBG_EAT: id=2 time_last_meal=4259
DBG_EAT2: id=5 meals=27
4297 5 has put down the left fork
4297 5 has put down the right fork
4297 5 is sleeping
4299 4 is thinking
4299 4 has taken the left fork
4299 4 has taken the right fork
4299 4 is eating
DBG_EAT: id=4 time_last_meal=4299
DBG_EAT2: id=2 meals=27
4320 2 has put down the right fork
4320 2 has put down the left fork
4320 2 is sleeping
4337 1 is thinking
4337 1 has taken the right fork
4337 1 has taken the left fork
4337 1 is eating
DBG_EAT: id=1 time_last_meal=4337
4359 3 is thinking
4359 3 has taken the right fork
DBG_EAT2: id=4 meals=27
4359 4 has put down the right fork
4359 4 has put down the left fork
4359 4 is sleeping
4360 3 has taken the left fork
4360 3 is eating
DBG_EAT: id=3 time_last_meal=4360
DBG_EAT2: id=1 meals=28
4397 1 has put down the left fork
4397 1 has put down the right fork
4397 1 is sleeping
4397 5 is thinking
4397 5 has taken the right fork
4397 5 has taken the left fork
4397 5 is eating
DBG_EAT: id=5 time_last_meal=4397
DBG_EAT2: id=3 meals=28
4420 3 has put down the left fork
4420 3 has put down the right fork
4420 2 is thinking
4420 3 is sleeping
4420 2 has taken the left fork
4420 2 has taken the right fork
4420 2 is eating
DBG_EAT: id=2 time_last_meal=4420
DBG_EAT2: id=5 meals=28
4458 5 has put down the left fork
4458 5 has put down the right fork
4458 5 is sleeping
4460 4 is thinking
4460 4 has taken the left fork
4460 4 has taken the right fork
4460 4 is eating
DBG_EAT: id=4 time_last_meal=4460
DBG_EAT2: id=2 meals=28
4480 2 has put down the right fork
4480 2 has put down the left fork
4480 2 is sleeping
4498 1 is thinking
4498 1 has taken the right fork
4498 1 has taken the left fork
4498 1 is eating
DBG_EAT: id=1 time_last_meal=4498
DBG_EAT2: id=4 meals=28
4520 4 has put down the right fork
4520 4 has put down the left fork
4520 4 is sleeping
4520 3 is thinking
4520 3 has taken the right fork
4520 3 has taken the left fork
4520 3 is eating
DBG_EAT: id=3 time_last_meal=4520
DBG_EAT2: id=1 meals=29
4558 1 has put down the left fork
4558 1 has put down the right fork
4558 5 is thinking
4558 5 has taken the right fork
4558 5 has taken the left fork
4558 5 is eating
DBG_EAT: id=5 time_last_meal=4558
4558 1 is sleeping
DBG_EAT2: id=3 meals=29
4580 3 has put down the left fork
4580 3 has put down the right fork
4580 3 is sleeping
4581 2 is thinking
4581 2 has taken the left fork
4581 2 has taken the right fork
4581 2 is eating
DBG_EAT: id=2 time_last_meal=4581
DBG_EAT2: id=5 meals=29
4618 5 has put down the left fork
4618 5 has put down the right fork
4618 5 is sleeping
4620 4 is thinking
4621 4 has taken the left fork
4621 4 has taken the right fork
4621 4 is eating
DBG_EAT: id=4 time_last_meal=4621
DBG_EAT2: id=2 meals=29
4641 2 has put down the right fork
4641 2 has put down the left fork
4641 2 is sleeping
4658 1 is thinking
4658 1 has taken the right fork
4658 1 has taken the left fork
4658 1 is eating
DBG_EAT: id=1 time_last_meal=4658
4680 3 is thinking
4680 3 has taken the right fork
DBG_EAT2: id=4 meals=29
4681 4 has put down the right fork
4681 4 has put down the left fork
4681 4 is sleeping
4681 3 has taken the left fork
4681 3 is eating
DBG_EAT: id=3 time_last_meal=4681
DBG_EAT2: id=1 meals=30
4718 1 has put down the left fork
4718 1 has put down the right fork
4718 1 is sleeping
4718 5 is thinking
4718 5 has taken the right fork
4718 5 has taken the left fork
4718 5 is eating
DBG_EAT: id=5 time_last_meal=4718
DBG_EAT2: id=3 meals=30
4741 3 has put down the left fork
4741 3 has put down the right fork
4741 3 is sleeping
4741 2 is thinking
4741 2 has taken the left fork
4741 2 has taken the right fork
4741 2 is eating
DBG_EAT: id=2 time_last_meal=4741
DBG_EAT2: id=5 meals=30
4778 5 has put down the left fork
4778 5 has put down the right fork
4778 5 is sleeping
4781 4 is thinking
4781 4 has taken the left fork
4781 4 has taken the right fork
4781 4 is eating
DBG_EAT: id=4 time_last_meal=4781
DBG_EAT2: id=2 meals=30
4801 2 has put down the right fork
4801 2 has put down the left fork
4801 2 is sleeping
4819 1 is thinking
4819 1 has taken the right fork
4819 1 has taken the left fork
4819 1 is eating
DBG_EAT: id=1 time_last_meal=4819
4841 3 is thinking
4841 3 has taken the right fork
DBG_EAT2: id=4 meals=30
4841 4 has put down the right fork