DBG_INIT: meal_mutex init for philo 1
DBG_INIT: meal_mutex init for philo 2
DBG_INIT: meal_mutex init for philo 3
DBG_INIT: meal_mutex init for philo 4
DBG: init philo[1].time_last_meal=0
DBG: init philo[2].time_last_meal=0
DBG: init philo[3].time_last_meal=0
DBG: init philo[4].time_last_meal=0
1 1 has taken the right fork
1 1 has taken the left fork
1 1 is eating
DBG_EAT: id=1 time_last_meal=1
1 2 has taken the left fork
DBG: start_time=1758387099466
DBG_EAT2: id=1 meals=1
61 1 has put down the left fork
61 2 has taken the right fork
61 1 has put down the right fork
61 2 is eating
DBG_EAT: id=2 time_last_meal=61
61 4 has taken the left fork
61 4 has taken the right fork
61 4 is eating
DBG_EAT: id=4 time_last_meal=61
61 1 is sleeping
DBG_EAT2: id=2 meals=1
121 2 has put down the right fork
DBG_EAT2: id=4 meals=1
121 4 has put down the right fork
121 4 has put down the left fork
121 4 is sleeping
121 2 has put down the left fork
121 3 has taken the right fork
121 3 has taken the left fork
121 3 is eating
121 2 is sleeping
DBG_EAT: id=3 time_last_meal=121
161 1 is thinking
161 1 has taken the right fork
161 1 has taken the left fork
161 1 is eating
DBG_EAT: id=1 time_last_meal=161
DBG_EAT2: id=3 meals=1
181 3 has put down the left fork
181 3 has put down the right fork
181 3 is sleeping
221 4 is thinking
221 2 is thinking
DBG_EAT2: id=1 meals=2
221 1 has put down the left fork
221 1 has put down the right fork
221 1 is sleeping
221 4 has taken the left fork
221 4 has taken the right fork
221 4 is eating
DBG_EAT: id=4 time_last_meal=221
221 2 has taken the left fork
221 2 has taken the right fork
221 2 is eating
DBG_EAT: id=2 time_last_meal=221
DBG_EAT2: id=2 meals=2
282 2 has put down the right fork
282 2 has put down the left fork
282 3 is thinking
282 2 is sleeping
282 3 has taken the right fork
DBG_EAT2: id=4 meals=2
282 4 has put down the right fork
282 4 has put down the left fork
282 4 is sleeping
282 3 has taken the left fork
282 3 is eating
DBG_EAT: id=3 time_last_meal=282
322 1 is thinking
322 1 has taken the right fork
322 1 has taken the left fork
322 1 is eating
DBG_EAT: id=1 time_last_meal=322
DBG_EAT2: id=3 meals=2
342 3 has put down the left fork
342 3 has put down the right fork
342 3 is sleeping
DBG_EAT2: id=1 meals=3
382 1 has put down the left fork
382 1 has put down the right fork
382 2 is thinking
382 1 is sleeping
382 4 is thinking
382 2 has taken the left fork
382 2 has taken the right fork
382 2 is eating
DBG_EAT: id=2 time_last_meal=382
382 4 has taken the left fork
382 4 has taken the right fork
382 4 is eating
DBG_EAT: id=4 time_last_meal=382
DBG_EAT2: id=2 meals=3
442 3 is thinking
442 2 has put down the right fork
DBG_EAT2: id=4 meals=3
442 4 has put down the right fork
442 4 has put down the left fork
442 4 is sleeping
442 2 has put down the left fork
442 3 has taken the right fork
442 3 has taken the left fork
442 3 is eating
DBG_EAT: id=3 time_last_meal=442
443 2 is sleeping
482 1 is thinking
482 1 has taken the right fork
482 1 has taken the left fork
482 1 is eating
DBG_EAT: id=1 time_last_meal=482
DBG_EAT2: id=3 meals=3
503 3 has put down the left fork
503 3 has put down the right fork
503 3 is sleeping
503 All philosophers ate enough
DBG_EAT2: id=1 meals=4
