DBG_INIT: meal_mutex init for philo 1
DBG_INIT: meal_mutex init for philo 2
DBG_INIT: meal_mutex init for philo 3
DBG: init philo[1].time_last_meal=0
DBG: init philo[2].time_last_meal=0
DBG: init philo[3].time_last_meal=0
0 1 has taken the right fork
0 1 has taken the left fork
0 1 is eating
DBG_EAT: id=1 time_last_meal=0
0 2 has taken the left fork
DBG: start_time=1758386300289
DBG_EAT2: id=1 meals=1
60 1 has put down the left fork
60 1 has put down the right fork
61 1 is sleeping
61 2 has taken the right fork
61 2 is eating
DBG_EAT: id=2 time_last_meal=61
121 1 is thinking
121 1 has taken the right fork
DBG_EAT2: id=2 meals=1
121 2 has put down the right fork
121 2 has put down the left fork
121 2 is sleeping
121 1 has taken the left fork
121 1 is eating
DBG_EAT: id=1 time_last_meal=121
121 3 has taken the right fork
DBG_EAT2: id=1 meals=2
181 1 has put down the left fork
181 2 is thinking
181 1 has put down the right fork
181 1 is sleeping
181 3 has taken the left fork
181 3 is eating
DBG_EAT: id=3 time_last_meal=181
241 1 is thinking
DBG_EAT2: id=3 meals=1
241 3 has put down the left fork
241 3 has put down the right fork
241 3 is sleeping
241 1 has taken the right fork
241 1 has taken the left fork
241 1 is eating
DBG_EAT: id=1 time_last_meal=241
241 2 has taken the left fork
DBG_EAT2: id=1 meals=3
301 3 is thinking
301 1 has put down the left fork
301 1 has put down the right fork
301 1 is sleeping
301 2 has taken the right fork
301 2 is eating
DBG_EAT: id=2 time_last_meal=301
361 1 is thinking
361 1 has taken the right fork
DBG_EAT2: id=2 meals=2
361 2 has put down the right fork
361 2 has put down the left fork
361 2 is sleeping
361 1 has taken the left fork
361 1 is eating
DBG_EAT: id=1 time_last_meal=361
361 3 has taken the right fork
DBG_EAT2: id=1 meals=4
421 1 has put down the left fork
421 2 is thinking
421 1 has put down the right fork
421 1 is sleeping
421 3 has taken the left fork
421 3 is eating
DBG_EAT: id=3 time_last_meal=421
482 1 is thinking
DBG_EAT2: id=3 meals=2
482 3 has put down the left fork
482 3 has put down the right fork
482 3 is sleeping
482 1 has taken the right fork
482 1 has taken the left fork
482 1 is eating
DBG_EAT: id=1 time_last_meal=482
482 2 has taken the left fork
542 3 is thinking
DBG_EAT2: id=1 meals=5
542 1 has put down the left fork
542 1 has put down the right fork
542 2 has taken the right fork
542 2 is eating
DBG_EAT: id=2 time_last_meal=542
542 1 is sleeping
602 1 is thinking
DBG_EAT2: id=2 meals=3
602 2 has put down the right fork
602 1 has taken the right fork
602 1 has taken the left fork
602 1 is eating
DBG_EAT: id=1 time_last_meal=602
602 2 has put down the left fork
602 2 is sleeping
602 3 has taken the right fork
DBG_EAT2: id=1 meals=6
662 1 has put down the left fork
662 1 has put down the right fork
662 1 is sleeping
662 3 has taken the left fork
662 3 is eating
DBG_EAT: id=3 time_last_meal=662
662 2 is thinking
DBG_EAT2: id=3 meals=3
722 1 is thinking
722 1 has taken the right fork
722 1 has taken the left fork
722 1 is eating
DBG_EAT: id=1 time_last_meal=722
722 3 has put down the left fork
722 3 has put down the right fork
722 3 is sleeping
722 2 has taken the left fork
722 All philosophers ate enough
DBG_EAT2: id=1 meals=7
