DBG_INIT: meal_mutex init for philo 1
DBG_INIT: meal_mutex init for philo 2
DBG: init philo[1].time_last_meal=0
DBG: init philo[2].time_last_meal=0
0 1 has taken the right fork
0 1 has taken the left fork
0 1 is eating
DBG_EAT: id=1 time_last_meal=0
DBG: start_time=1758403095914
DBG_EAT2: id=1 meals=1
201 1 has put down the left fork
201 1 has put down the right fork
201 1 is sleeping
201 2 has taken the left fork
201 2 has taken the right fork
201 2 is eating
DBG_EAT: id=2 time_last_meal=201
DBG_EAT2: id=2 meals=1
401 2 has put down the right fork
401 2 has put down the left fork
401 1 is thinking
401 1 has taken the right fork
401 1 has taken the left fork
401 1 is eating
DBG_EAT: id=1 time_last_meal=401
401 2 is sleeping
602 2 is thinking
DBG_EAT2: id=1 meals=2
602 1 has put down the left fork
602 1 has put down the right fork
602 1 is sleeping
602 2 has taken the left fork
602 2 has taken the right fork
602 2 is eating
DBG_EAT: id=2 time_last_meal=602
802 1 is thinking
DBG_EAT2: id=2 meals=2
802 2 has put down the right fork
802 2 has put down the left fork
802 1 has taken the right fork
802 1 has taken the left fork
802 1 is eating
DBG_EAT: id=1 time_last_meal=802
802 2 is sleeping
1002 2 is thinking
DBG_EAT2: id=1 meals=3
1003 1 has put down the left fork
1003 1 has put down the right fork
1003 1 is sleeping
1003 2 has taken the left fork
1003 2 has taken the right fork
1003 2 is eating
DBG_EAT: id=2 time_last_meal=1003
1203 1 is thinking
DBG_EAT2: id=2 meals=3
1203 2 has put down the right fork
1203 2 has put down the left fork
1203 1 has taken the right fork
1203 1 has taken the left fork
1203 2 is sleeping
1203 1 is eating
DBG_EAT: id=1 time_last_meal=1203
DBG_EAT2: id=1 meals=4
1404 1 has put down the left fork
1404 1 has put down the right fork
1404 2 is thinking
1404 1 is sleeping
1404 2 has taken the left fork
1404 2 has taken the right fork
1404 2 is eating
DBG_EAT: id=2 time_last_meal=1404
DBG_EAT2: id=2 meals=4
1604 2 has put down the right fork
1604 2 has put down the left fork
1604 1 is thinking
1604 1 has taken the right fork
1604 1 has taken the left fork
1604 1 is eating
DBG_EAT: id=1 time_last_meal=1604
1604 2 is sleeping
DBG_EAT2: id=1 meals=5
1804 1 has put down the left fork
1804 1 has put down the right fork
1804 2 is thinking
1805 1 is sleeping
1805 2 has taken the left fork
1805 2 has taken the right fork
1805 2 is eating
DBG_EAT: id=2 time_last_meal=1805
DBG_EAT2: id=2 meals=5
2005 2 has put down the right fork
2005 2 has put down the left fork
2005 1 is thinking
2005 1 has taken the right fork
2005 1 has taken the left fork
2005 1 is eating
DBG_EAT: id=1 time_last_meal=2005
2005 2 is sleeping
2005 All philosophers ate enough
DBG_EAT2: id=1 meals=6
