DBG_INIT: meal_mutex init for philo 1
DBG_INIT: meal_mutex init for philo 2
DBG_INIT: meal_mutex init for philo 3
DBG: init philo[1].time_last_meal=0
DBG: init philo[2].time_last_meal=0
DBG: init philo[3].time_last_meal=0
0 1 has taken the right fork
0 1 has taken the left fork
0 1 is eating
DBG_EAT: id=1 time_last_meal=0
0 3 has taken the right fork
DBG: start_time=1758403446913
DBG_EAT2: id=1 meals=1
100 1 has put down the left fork
100 1 has put down the right fork
100 1 is sleeping
100 3 has taken the left fork
100 3 is eating
DBG_EAT: id=3 time_last_meal=100
DBG_EAT2: id=3 meals=1
201 3 has put down the left fork
201 3 has put down the right fork
201 3 is sleeping
201 2 has taken the left fork
201 2 has taken the right fork
201 2 is eating
DBG_EAT: id=2 time_last_meal=201
300 1 is thinking
301 1 has taken the right fork
DBG_EAT2: id=2 meals=1
301 2 has put down the right fork
301 2 has put down the left fork
301 2 is sleeping
301 1 has taken the left fork
301 1 is eating
DBG_EAT: id=1 time_last_meal=301
401 3 is thinking
401 3 has taken the right fork
DBG_EAT2: id=1 meals=2
402 1 has put down the left fork
402 1 has put down the right fork
402 1 is sleeping
402 3 has taken the left fork
402 3 is eating
DBG_EAT: id=3 time_last_meal=402
501 2 is thinking
DBG_EAT2: id=3 meals=2
502 3 has put down the left fork
502 3 has put down the right fork
502 3 is sleeping
502 2 has taken the left fork
502 2 has taken the right fork
502 2 is eating
DBG_EAT: id=2 time_last_meal=502
602 1 is thinking
602 1 has taken the right fork
DBG_EAT2: id=2 meals=2
602 2 has put down the right fork
602 2 has put down the left fork
602 2 is sleeping
602 1 has taken the left fork
602 1 is eating
DBG_EAT: id=1 time_last_meal=602
702 3 is thinking
702 3 has taken the right fork
DBG_EAT2: id=1 meals=3
703 1 has put down the left fork
703 1 has put down the right fork
703 1 is sleeping
703 3 has taken the left fork
703 3 is eating
DBG_EAT: id=3 time_last_meal=703
803 2 is thinking
DBG_EAT2: id=3 meals=3
803 3 has put down the left fork
803 3 has put down the right fork
803 3 is sleeping
803 2 has taken the left fork
803 2 has taken the right fork
803 2 is eating
DBG_EAT: id=2 time_last_meal=803
903 1 is thinking
903 1 has taken the right fork
DBG_EAT2: id=2 meals=3
904 2 has put down the right fork
904 2 has put down the left fork
904 2 is sleeping
904 1 has taken the left fork
904 1 is eating
DBG_EAT: id=1 time_last_meal=904
1003 3 is thinking
1003 3 has taken the right fork
DBG_EAT2: id=1 meals=4
1004 1 has put down the left fork
1004 1 has put down the right fork
1004 1 is sleeping
1004 3 has taken the left fork
1004 3 has died (last meal at 703)
