DBG_INIT: meal_mutex init for philo 1
DBG_INIT: meal_mutex init for philo 2
DBG_INIT: meal_mutex init for philo 3
DBG_INIT: meal_mutex init for philo 4
DBG: init philo[1].time_last_meal=0
DBG: init philo[2].time_last_meal=0
DBG: init philo[3].time_last_meal=0
DBG: init philo[4].time_last_meal=0
1 1 has taken the right fork
1 1 has taken the left fork
1 1 is eating
DBG_EAT: id=1 time_last_meal=1
1 3 has taken the right fork
1 3 has taken the left fork
1 3 is eating
DBG_EAT: id=3 time_last_meal=1
DBG: start_time=1758387157680
DBG_EAT2: id=1 meals=1
61 1 has put down the left fork
61 1 has put down the right fork
61 4 has taken the left fork
61 1 is sleeping
DBG_EAT2: id=3 meals=1
61 3 has put down the left fork
61 3 has put down the right fork
61 3 is sleeping
61 4 has taken the right fork
61 4 is eating
DBG_EAT: id=4 time_last_meal=61
61 2 has taken the left fork
61 2 has taken the right fork
61 2 is eating
DBG_EAT: id=2 time_last_meal=61
121 1 is thinking
DBG_EAT2: id=4 meals=1
122 4 has put down the right fork
DBG_EAT2: id=2 meals=1
122 4 has put down the left fork
122 2 has put down the right fork
122 2 has put down the left fork
122 2 is sleeping
122 1 has taken the right fork
122 1 has taken the left fork
122 1 is eating
DBG_EAT: id=1 time_last_meal=122
122 4 is sleeping
122 3 is thinking
122 3 has taken the right fork
122 3 has taken the left fork
122 3 is eating
DBG_EAT: id=3 time_last_meal=122
DBG_EAT2: id=1 meals=2
182 1 has put down the left fork
182 1 has put down the right fork
182 2 is thinking
182 1 is sleeping
182 4 is thinking
DBG_EAT2: id=3 meals=2
182 3 has put down the left fork
182 3 has put down the right fork
182 3 is sleeping
182 4 has taken the left fork
182 2 has taken the left fork
182 2 has taken the right fork
182 2 is eating
DBG_EAT: id=2 time_last_meal=182
182 4 has taken the right fork
182 4 is eating
DBG_EAT: id=4 time_last_meal=182
242 3 is thinking
242 1 is thinking
DBG_EAT2: id=2 meals=2
242 2 has put down the right fork
DBG_EAT2: id=4 meals=2
242 4 has put down the right fork
242 2 has put down the left fork
242 2 is sleeping
242 4 has put down the left fork
242 3 has taken the right fork
242 3 has taken the left fork
242 3 is eating
DBG_EAT: id=3 time_last_meal=242
242 4 is sleeping
243 1 has taken the right fork
243 1 has taken the left fork
243 1 is eating
DBG_EAT: id=1 time_last_meal=243
DBG_EAT2: id=3 meals=3
303 4 is thinking
303 3 has put down the left fork
303 3 has put down the right fork
303 3 is sleeping
DBG_EAT2: id=1 meals=3
303 1 has put down the left fork
303 1 has put down the right fork
303 1 is sleeping
303 2 is thinking
303 4 has taken the left fork
303 4 has taken the right fork
303 4 is eating
DBG_EAT: id=4 time_last_meal=303
303 2 has taken the left fork
303 2 has taken the right fork
303 2 is eating
DBG_EAT: id=2 time_last_meal=303
DBG_EAT2: id=4 meals=3
363 1 is thinking
363 4 has put down the right fork
363 4 has put down the left fork
363 3 is thinking
363 1 has taken the right fork
363 4 is sleeping
DBG_EAT2: id=2 meals=3
363 2 has put down the right fork
363 1 has taken the left fork
363 1 is eating
DBG_EAT: id=1 time_last_meal=363
363 2 has put down the left fork
363 2 is sleeping
364 3 has taken the right fork
364 3 has taken the left fork
364 3 is eating
DBG_EAT: id=3 time_last_meal=364
424 4 is thinking
DBG_EAT2: id=1 meals=4
424 2 is thinking
424 1 has put down the left fork
424 1 has put down the right fork
424 1 is sleeping
DBG_EAT2: id=3 meals=4
424 3 has put down the left fork
424 3 has put down the right fork
424 3 is sleeping
424 4 has taken the left fork
424 4 has taken the right fork
424 4 is eating
DBG_EAT: id=4 time_last_meal=424
424 2 has taken the left fork
424 2 has taken the right fork
424 2 is eating
DBG_EAT: id=2 time_last_meal=424
DBG_EAT2: id=2 meals=4
484 1 is thinking
484 2 has put down the right fork
484 2 has put down the left fork
DBG_EAT2: id=4 meals=4
484 2 is sleeping
484 4 has put down the right fork
484 3 is thinking
484 3 has taken the right fork
484 3 has taken the left fork
484 3 is eating
DBG_EAT: id=3 time_last_meal=484
484 4 has put down the left fork
484 4 is sleeping
484 1 has taken the right fork
484 1 has taken the left fork
484 1 is eating
DBG_EAT: id=1 time_last_meal=484
DBG_EAT2: id=1 meals=5
DBG_EAT2: id=3 meals=5
544 3 has put down the left fork
545 3 has put down the right fork
545 4 is thinking
545 1 has put down the left fork
545 1 has put down the right fork
545 1 is sleeping
545 2 is thinking
545 3 is sleeping
545 2 has taken the left fork
545 4 has taken the left fork
545 4 has taken the right fork
545 4 is eating
DBG_EAT: id=4 time_last_meal=545
545 2 has taken the right fork
545 2 is eating
DBG_EAT: id=2 time_last_meal=545
DBG_EAT2: id=2 meals=5
605 3 is thinking
605 2 has put down the right fork
605 2 has put down the left fork
605 3 has taken the right fork
DBG_EAT2: id=4 meals=5
605 1 is thinking
605 2 is sleeping
605 4 has put down the right fork
605 3 has taken the left fork
605 3 is eating
DBG_EAT: id=3 time_last_meal=605
605 4 has put down the left fork
605 4 is sleeping
605 1 has taken the right fork
605 1 has taken the left fork
605 1 is eating
DBG_EAT: id=1 time_last_meal=605
DBG_EAT2: id=1 meals=6
665 2 is thinking
665 1 has put down the left fork
665 1 has put down the right fork
665 1 is sleeping
665 4 is thinking
DBG_EAT2: id=3 meals=6
665 3 has put down the left fork
665 3 has put down the right fork
665 3 is sleeping
665 2 has taken the left fork
665 2 has taken the right fork
665 2 is eating
DBG_EAT: id=2 time_last_meal=665
665 4 has taken the left fork
665 4 has taken the right fork
665 4 is eating
DBG_EAT: id=4 time_last_meal=665
DBG_EAT2: id=2 meals=6
726 3 is thinking
726 2 has put down the right fork
726 2 has put down the left fork
DBG_EAT2: id=4 meals=6
726 3 has taken the right fork
726 2 is sleeping
726 1 is thinking
726 4 has put down the right fork
726 3 has taken the left fork
726 3 is eating
DBG_EAT: id=3 time_last_meal=726
726 4 has put down the left fork
726 4 is sleeping
726 1 has taken the right fork
726 1 has taken the left fork
726 1 is eating
DBG_EAT: id=1 time_last_meal=726
786 2 is thinking
DBG_EAT2: id=1 meals=7
786 1 has put down the left fork
786 1 has put down the right fork
786 4 is thinking
DBG_EAT2: id=3 meals=7
786 3 has put down the left fork
786 3 has put down the right fork
786 1 is sleeping
786 3 is sleeping
786 2 has taken the left fork
786 2 has taken the right fork
786 2 is eating
DBG_EAT: id=2 time_last_meal=786
786 4 has taken the left fork
786 4 has taken the right fork
786 4 is eating
DBG_EAT: id=4 time_last_meal=786
DBG_EAT2: id=2 meals=7
846 3 is thinking
DBG_EAT2: id=4 meals=7
846 4 has put down the right fork
846 4 has put down the left fork
846 4 is sleeping
846 2 has put down the right fork
846 2 has put down the left fork
846 3 has taken the right fork
846 1 is thinking
846 2 is sleeping
846 1 has taken the right fork
846 1 has taken the left fork
846 1 is eating
DBG_EAT: id=1 time_last_meal=846
846 3 has taken the left fork
846 3 is eating
DBG_EAT: id=3 time_last_meal=846
DBG_EAT2: id=1 meals=8
907 1 has put down the left fork
907 1 has put down the right fork
907 2 is thinking
907 1 is sleeping
DBG_EAT2: id=3 meals=8
907 3 has put down the left fork
907 3 has put down the right fork
907 3 is sleeping
907 4 is thinking
907 2 has taken the left fork
907 2 has taken the right fork
907 2 is eating
DBG_EAT: id=2 time_last_meal=907
907 4 has taken the left fork
907 4 has taken the right fork
907 4 is eating
DBG_EAT: id=4 time_last_meal=907
967 1 is thinking
967 3 is thinking
DBG_EAT2: id=4 meals=8
967 4 has put down the right fork
DBG_EAT2: id=2 meals=8
967 2 has put down the right fork
967 4 has put down the left fork
967 4 is sleeping
967 2 has put down the left fork
967 2 is sleeping
967 3 has taken the right fork
967 3 has taken the left fork
967 3 is eating
DBG_EAT: id=3 time_last_meal=967
967 1 has taken the right fork
967 1 has taken the left fork
967 1 is eating
DBG_EAT: id=1 time_last_meal=967
1027 2 is thinking
DBG_EAT2: id=3 meals=9
1028 3 has put down the left fork
1028 3 has put down the right fork
1028 3 is sleeping
DBG_EAT2: id=1 meals=9
1028 1 has put down the left fork
1028 4 is thinking
1028 1 has put down the right fork
1028 1 is sleeping
1028 2 has taken the left fork
1028 2 has taken the right fork
1028 2 is eating
DBG_EAT: id=2 time_last_meal=1028
1028 4 has taken the left fork
1028 4 has taken the right fork
1028 4 is eating
DBG_EAT: id=4 time_last_meal=1028
1088 1 is thinking
1088 3 is thinking
DBG_EAT2: id=2 meals=9
1088 2 has put down the right fork
1088 2 has put down the left fork
1088 3 has taken the right fork
DBG_EAT2: id=4 meals=9
1088 2 is sleeping
1088 4 has put down the right fork
1088 4 has put down the left fork
1088 4 is sleeping
1088 3 has taken the left fork
1088 3 is eating
DBG_EAT: id=3 time_last_meal=1088
1088 1 has taken the right fork
1088 1 has taken the left fork
1088 1 is eating
DBG_EAT: id=1 time_last_meal=1088
1148 2 is thinking
DBG_EAT2: id=3 meals=10
1148 3 has put down the left fork
1148 3 has put down the right fork
1148 3 is sleeping
1148 4 is thinking
DBG_EAT2: id=1 meals=10
1149 1 has put down the left fork
1149 1 has put down the right fork
1149 2 has taken the left fork
1149 1 is sleeping
1149 2 has taken the right fork
1149 2 is eating
DBG_EAT: id=2 time_last_meal=1149
1149 4 has taken the left fork
1149 4 has taken the right fork
1149 4 is eating
DBG_EAT: id=4 time_last_meal=1149
1208 3 is thinking
DBG_EAT2: id=4 meals=10
1209 4 has put down the right fork
1209 4 has put down the left fork
1209 4 is sleeping
DBG_EAT2: id=2 meals=10
1209 2 has put down the right fork
1209 1 is thinking
1209 1 has taken the right fork
1209 1 has taken the left fork
1209 1 is eating
DBG_EAT: id=1 time_last_meal=1209
1209 2 has put down the left fork
1209 2 is sleeping
1209 3 has taken the right fork
1209 3 has taken the left fork
1209 3 is eating
DBG_EAT: id=3 time_last_meal=1209
1269 2 is thinking
1269 4 is thinking
DBG_EAT2: id=1 meals=11
1269 1 has put down the left fork
1269 1 has put down the right fork
1269 1 is sleeping
DBG_EAT2: id=3 meals=11
1269 3 has put down the left fork
1269 4 has taken the left fork
1269 4 has taken the right fork
1269 4 is eating
DBG_EAT: id=4 time_last_meal=1269
1269 3 has put down the right fork
1269 3 is sleeping
1269 2 has taken the left fork
1269 2 has taken the right fork
1269 2 is eating
DBG_EAT: id=2 time_last_meal=1269
DBG_EAT2: id=2 meals=11
1330 2 has put down the right fork
1330 2 has put down the left fork
1330 2 is sleeping
DBG_EAT2: id=4 meals=11
1330 4 has put down the right fork
1330 4 has put down the left fork
1330 1 is thinking
1330 4 is sleeping
1330 1 has taken the right fork
1330 1 has taken the left fork
1330 1 is eating
DBG_EAT: id=1 time_last_meal=1330
1330 3 is thinking
1330 3 has taken the right fork
1330 3 has taken the left fork
1330 3 is eating
DBG_EAT: id=3 time_last_meal=1330
DBG_EAT2: id=1 meals=12
1390 1 has put down the left fork
1390 1 has put down the right fork
1390 2 is thinking
1390 1 is sleeping
1390 4 is thinking
DBG_EAT2: id=3 meals=12
1390 3 has put down the left fork
1390 3 has put down the right fork
1390 2 has taken the left fork
1390 2 has taken the right fork
1390 2 is eating
DBG_EAT: id=2 time_last_meal=1390
1390 3 is sleeping
1390 4 has taken the left fork
1390 4 has taken the right fork
1390 4 is eating
DBG_EAT: id=4 time_last_meal=1390
DBG_EAT2: id=4 meals=12
1450 4 has put down the right fork
1450 4 has put down the left fork
DBG_EAT2: id=2 meals=12
1450 4 is sleeping
1450 2 has put down the right fork
1450 2 has put down the left fork
1450 2 is sleeping
1451 3 is thinking
1451 3 has taken the right fork
1451 3 has taken the left fork
1451 3 is eating
DBG_EAT: id=3 time_last_meal=1451
1451 1 is thinking
1451 1 has taken the right fork
1451 1 has taken the left fork
1451 1 is eating
DBG_EAT: id=1 time_last_meal=1451
DBG_EAT2: id=1 meals=13
1511 2 is thinking
1511 1 has put down the left fork
1511 1 has put down the right fork
1511 4 is thinking
DBG_EAT2: id=3 meals=13
1511 3 has put down the left fork
1511 3 has put down the right fork
1511 3 is sleeping
1511 1 is sleeping
1511 2 has taken the left fork
1511 2 has taken the right fork
1511 2 is eating
DBG_EAT: id=2 time_last_meal=1511
1511 4 has taken the left fork
1511 4 has taken the right fork
1511 4 is eating
DBG_EAT: id=4 time_last_meal=1511
DBG_EAT2: id=2 meals=13
1571 1 is thinking
1571 2 has put down the right fork
1571 2 has put down the left fork
1571 3 is thinking
1571 3 has taken the right fork
1571 2 is sleeping
DBG_EAT2: id=4 meals=13
1571 4 has put down the right fork
1571 4 has put down the left fork
1571 4 is sleeping
1571 3 has taken the left fork
1571 3 is eating
DBG_EAT: id=3 time_last_meal=1571
1571 1 has taken the right fork
1571 1 has taken the left fork
1571 1 is eating
DBG_EAT: id=1 time_last_meal=1571
DBG_EAT2: id=3 meals=14
1632 4 is thinking
1632 3 has put down the left fork
1632 3 has put down the right fork
1632 3 is sleeping
1632 2 is thinking
DBG_EAT2: id=1 meals=14
1632 1 has put down the left fork
1632 1 has put down the right fork
1632 1 is sleeping
1632 4 has taken the left fork
1632 4 has taken the right fork
1632 4 is eating
DBG_EAT: id=4 time_last_meal=1632
1632 2 has taken the left fork
1632 2 has taken the right fork
1632 2 is eating
DBG_EAT: id=2 time_last_meal=1632
1692 3 is thinking
1692 1 is thinking
DBG_EAT2: id=4 meals=14
1692 4 has put down the right fork
1692 4 has put down the left fork
1692 4 is sleeping
DBG_EAT2: id=2 meals=14
1692 2 has put down the right fork
1692 1 has taken the right fork
1692 1 has taken the left fork
1692 1 is eating
DBG_EAT: id=1 time_last_meal=1692
1692 2 has put down the left fork
1692 2 is sleeping
1692 3 has taken the right fork
1692 3 has taken the left fork
1692 3 is eating
DBG_EAT: id=3 time_last_meal=1692
DBG_EAT2: id=1 meals=15
1752 1 has put down the left fork
1752 1 has put down the right fork
1752 2 is thinking
1752 4 is thinking
1752 1 is sleeping
DBG_EAT2: id=3 meals=15
1752 3 has put down the left fork
1752 3 has put down the right fork
1752 2 has taken the left fork
1752 2 has taken the right fork
1752 2 is eating
DBG_EAT: id=2 time_last_meal=1752
1752 3 is sleeping
1752 4 has taken the left fork
1752 4 has taken the right fork
1752 4 is eating
DBG_EAT: id=4 time_last_meal=1752
DBG_EAT2: id=4 meals=15
1813 3 is thinking
1813 4 has put down the right fork
1813 4 has put down the left fork
DBG_EAT2: id=2 meals=15
1813 4 is sleeping
1813 2 has put down the right fork
1813 1 is thinking
1813 1 has taken the right fork
1813 1 has taken the left fork
1813 1 is eating
DBG_EAT: id=1 time_last_meal=1813
1813 3 has taken the right fork
1813 3 has taken the left fork
1813 3 is eating
DBG_EAT: id=3 time_last_meal=1813
1813 2 has put down the left fork
1813 2 is sleeping
1873 4 is thinking
DBG_EAT2: id=3 meals=16
1873 3 has put down the left fork
1873 3 has put down the right fork
1873 3 is sleeping
DBG_EAT2: id=1 meals=16
1873 1 has put down the left fork
1873 1 has put down the right fork
1873 1 is sleeping
1873 2 is thinking
1873 4 has taken the left fork
1873 4 has taken the right fork
1873 4 is eating
DBG_EAT: id=4 time_last_meal=1873
1873 2 has taken the left fork
1873 2 has taken the right fork
1873 2 is eating
DBG_EAT: id=2 time_last_meal=1873
DBG_EAT2: id=4 meals=16
1933 4 has put down the right fork
1933 4 has put down the left fork
1933 3 is thinking
1933 4 is sleeping
1933 1 is thinking
1933 1 has taken the right fork
DBG_EAT2: id=2 meals=16
1934 2 has put down the right fork
1934 2 has put down the left fork
1934 2 is sleeping
1934 1 has taken the left fork
1934 1 is eating
DBG_EAT: id=1 time_last_meal=1934
1934 3 has taken the right fork
1934 3 has taken the left fork
1934 3 is eating
DBG_EAT: id=3 time_last_meal=1934
1993 4 is thinking
DBG_EAT2: id=1 meals=17
1994 1 has put down the left fork
1994 2 is thinking
1994 1 has put down the right fork
1994 1 is sleeping
DBG_EAT2: id=3 meals=17
1994 3 has put down the left fork
1994 4 has taken the left fork
1994 4 has taken the right fork
1994 4 is eating
DBG_EAT: id=4 time_last_meal=1994
1994 3 has put down the right fork
1994 3 is sleeping
1994 2 has taken the left fork
1994 2 has taken the right fork
1994 2 is eating
DBG_EAT: id=2 time_last_meal=1994
2054 1 is thinking
2054 3 is thinking
DBG_EAT2: id=2 meals=17
2054 2 has put down the right fork
2054 2 has put down the left fork
2054 2 is sleeping
2054 3 has taken the right fork
DBG_EAT2: id=4 meals=17
2054 4 has put down the right fork
2055 4 has put down the left fork
2055 4 is sleeping
2055 3 has taken the left fork
2055 3 is eating
DBG_EAT: id=3 time_last_meal=2055
2055 1 has taken the right fork
2055 1 has taken the left fork
2055 1 is eating
DBG_EAT: id=1 time_last_meal=2055
DBG_EAT2: id=3 meals=18
2115 3 has put down the left fork
2115 3 has put down the right fork
DBG_EAT2: id=1 meals=18
2115 1 has put down the left fork
2115 2 is thinking
2115 1 has put down the right fork
2115 3 is sleeping
2115 4 is thinking
2115 1 is sleeping
2115 2 has taken the left fork
2115 2 has taken the right fork
2115 2 is eating
DBG_EAT: id=2 time_last_meal=2115
2115 4 has taken the left fork
2115 4 has taken the right fork
2115 4 is eating
DBG_EAT: id=4 time_last_meal=2115
DBG_EAT2: id=4 meals=18
2175 1 is thinking
2175 4 has put down the right fork
2175 4 has put down the left fork
2175 4 is sleeping
2175 1 has taken the right fork
DBG_EAT2: id=2 meals=18
2175 2 has put down the right fork
2175 2 has put down the left fork
2175 3 is thinking
2175 3 has taken the right fork
2175 3 has taken the left fork
2175 3 is eating
DBG_EAT: id=3 time_last_meal=2175
2175 1 has taken the left fork
2175 1 is eating
DBG_EAT: id=1 time_last_meal=2175
2175 2 is sleeping
2235 2 is thinking
DBG_EAT2: id=1 meals=19
2235 1 has put down the left fork
2235 1 has put down the right fork
2235 1 is sleeping
DBG_EAT2: id=3 meals=19
2236 3 has put down the left fork
2236 4 is thinking
2236 3 has put down the right fork
2236 3 is sleeping
2236 2 has taken the left fork
2236 2 has taken the right fork
2236 2 is eating
DBG_EAT: id=2 time_last_meal=2236
2236 4 has taken the left fork
2236 4 has taken the right fork
2236 4 is eating
DBG_EAT: id=4 time_last_meal=2236
DBG_EAT2: id=2 meals=19
2296 3 is thinking
2296 2 has put down the right fork
2296 2 has put down the left fork
2296 1 is thinking
2296 3 has taken the right fork
2296 2 is sleeping
DBG_EAT2: id=4 meals=19
2296 4 has put down the right fork
2296 4 has put down the left fork
2296 3 has taken the left fork
2296 4 is sleeping
2296 3 is eating
DBG_EAT: id=3 time_last_meal=2296
2296 1 has taken the right fork
2296 1 has taken the left fork
2296 1 is eating
DBG_EAT: id=1 time_last_meal=2296
DBG_EAT2: id=1 meals=20
2356 4 is thinking
2356 1 has put down the left fork
2356 1 has put down the right fork
2356 2 is thinking
DBG_EAT2: id=3 meals=20
2356 3 has put down the left fork
2356 3 has put down the right fork
2356 3 is sleeping
2356 1 is sleeping
2356 4 has taken the left fork
2356 4 has taken the right fork
2356 4 is eating
DBG_EAT: id=4 time_last_meal=2356
2356 2 has taken the left fork
2356 2 has taken the right fork
2356 2 is eating
DBG_EAT: id=2 time_last_meal=2356
DBG_EAT2: id=2 meals=20
2417 1 is thinking
2417 2 has put down the right fork
2417 2 has put down the left fork
2417 3 is thinking
2417 3 has taken the right fork
DBG_EAT2: id=4 meals=20
2417 4 has put down the right fork
2417 3 has taken the left fork
2417 3 is eating
DBG_EAT: id=3 time_last_meal=2417
2417 2 is sleeping
2417 4 has put down the left fork
2417 4 is sleeping
2417 1 has taken the right fork
2417 1 has taken the left fork
2417 1 is eating
DBG_EAT: id=1 time_last_meal=2417
DBG_EAT2: id=3 meals=21
2477 3 has put down the left fork
2477 3 has put down the right fork
2477 2 is thinking
2477 3 is sleeping
2477 4 is thinking
2477 2 has taken the left fork
DBG_EAT2: id=1 meals=21
2477 1 has put down the left fork
2477 1 has put down the right fork
2477 1 is sleeping
2477 2 has taken the right fork
2477 2 is eating
DBG_EAT: id=2 time_last_meal=2477
2477 4 has taken the left fork
2477 4 has taken the right fork
2477 4 is eating
DBG_EAT: id=4 time_last_meal=2477
2537 3 is thinking
2537 1 is thinking
DBG_EAT2: id=2 meals=21
2537 2 has put down the right fork
DBG_EAT2: id=4 meals=21
2537 4 has put down the right fork
2537 2 has put down the left fork
2538 2 is sleeping
2538 1 has taken the right fork
2538 1 has taken the left fork
2538 1 is eating
DBG_EAT: id=1 time_last_meal=2538
2538 4 has put down the left fork
2538 4 is sleeping
2538 3 has taken the right fork
2538 3 has taken the left fork
2538 3 is eating
DBG_EAT: id=3 time_last_meal=2538
DBG_EAT2: id=1 meals=22
2598 2 is thinking
2598 1 has put down the left fork
2598 1 has put down the right fork
2598 4 is thinking
DBG_EAT2: id=3 meals=22
2598 3 has put down the left fork
2598 3 has put down the right fork
2598 3 is sleeping
2598 1 is sleeping
2598 2 has taken the left fork
2598 2 has taken the right fork
2598 2 is eating
DBG_EAT: id=2 time_last_meal=2598
2598 4 has taken the left fork
2598 4 has taken the right fork
2598 4 is eating
DBG_EAT: id=4 time_last_meal=2598
DBG_EAT2: id=4 meals=22
2658 4 has put down the right fork
2658 4 has put down the left fork
2658 4 is sleeping
DBG_EAT2: id=2 meals=22
2658 2 has put down the right fork
2658 2 has put down the left fork
2658 3 is thinking
2658 2 is sleeping
2659 3 has taken the right fork
2659 3 has taken the left fork
2659 3 is eating
DBG_EAT: id=3 time_last_meal=2659
2659 1 is thinking
2659 1 has taken the right fork
2659 1 has taken the left fork
2659 1 is eating
DBG_EAT: id=1 time_last_meal=2659
2718 4 is thinking
2719 2 is thinking
DBG_EAT2: id=3 meals=23
2719 3 has put down the left fork
2719 3 has put down the right fork
2719 3 is sleeping
DBG_EAT2: id=1 meals=23
2719 1 has put down the left fork
2719 2 has taken the left fork
2719 2 has taken the right fork
2719 2 is eating
DBG_EAT: id=2 time_last_meal=2719
2719 1 has put down the right fork
2719 1 is sleeping
2719 4 has taken the left fork
2719 4 has taken the right fork
2719 4 is eating
DBG_EAT: id=4 time_last_meal=2719
DBG_EAT2: id=4 meals=23
2779 4 has put down the right fork
2779 4 has put down the left fork
2779 4 is sleeping
DBG_EAT2: id=2 meals=23
2779 2 has put down the right fork
2779 3 is thinking
2779 1 is thinking
2779 1 has taken the right fork
2779 1 has taken the left fork
2779 1 is eating
DBG_EAT: id=1 time_last_meal=2779
2779 2 has put down the left fork
2779 3 has taken the right fork
2779 2 is sleeping
2779 3 has taken the left fork
2779 3 is eating
DBG_EAT: id=3 time_last_meal=2779
DBG_EAT2: id=1 meals=24
DBG_EAT2: id=3 meals=24
2839 1 has put down the left fork
2839 2 is thinking
2839 3 has put down the left fork
2839 3 has put down the right fork
2839 4 is thinking
2839 1 has put down the right fork
2839 1 is sleeping
2839 3 is sleeping
2840 2 has taken the left fork
2840 2 has taken the right fork
2840 2 is eating
DBG_EAT: id=2 time_last_meal=2840
2840 4 has taken the left fork
2840 4 has taken the right fork
2840 4 is eating
DBG_EAT: id=4 time_last_meal=2840
DBG_EAT2: id=2 meals=24
2900 1 is thinking
2900 2 has put down the right fork
2900 2 has put down the left fork
DBG_EAT2: id=4 meals=24
2900 4 has put down the right fork
2900 3 is thinking
2900 2 is sleeping
2900 4 has put down the left fork
2900 4 is sleeping
2900 3 has taken the right fork
2900 3 has taken the left fork
2900 3 is eating
DBG_EAT: id=3 time_last_meal=2900
2900 1 has taken the right fork
2900 1 has taken the left fork
2900 1 is eating
DBG_EAT: id=1 time_last_meal=2900
2960 2 is thinking
DBG_EAT2: id=1 meals=25
2960 1 has put down the left fork
2960 1 has put down the right fork
2960 1 is sleeping
DBG_EAT2: id=3 meals=25
2960 3 has put down the left fork
2960 4 is thinking
2960 3 has put down the right fork
2960 3 is sleeping
2960 2 has taken the left fork
2960 2 has taken the right fork
2960 2 is eating
DBG_EAT: id=2 time_last_meal=2960
2961 4 has taken the left fork
2961 4 has taken the right fork
2961 4 is eating
DBG_EAT: id=4 time_last_meal=2961
3020 1 is thinking
3020 3 is thinking
DBG_EAT2: id=2 meals=25
3021 2 has put down the right fork
3021 2 has put down the left fork
DBG_EAT2: id=4 meals=25
3021 4 has put down the right fork
3021 3 has taken the right fork
3021 3 has taken the left fork
3021 3 is eating
DBG_EAT: id=3 time_last_meal=3021
3021 2 is sleeping
3021 4 has put down the left fork
3021 4 is sleeping
3021 1 has taken the right fork
3021 1 has taken the left fork
3021 1 is eating
DBG_EAT: id=1 time_last_meal=3021
3081 4 is thinking
DBG_EAT2: id=3 meals=26
3081 3 has put down the left fork
3081 3 has put down the right fork
3081 2 is thinking
3081 3 is sleeping
DBG_EAT2: id=1 meals=26
3081 1 has put down the left fork
3081 1 has put down the right fork
3081 1 is sleeping
3081 4 has taken the left fork
3081 4 has taken the right fork
3081 4 is eating
DBG_EAT: id=4 time_last_meal=3081
3081 2 has taken the left fork
3081 2 has taken the right fork
3081 2 is eating
DBG_EAT: id=2 time_last_meal=3081
DBG_EAT2: id=2 meals=26
3141 1 is thinking
3141 2 has put down the right fork
3141 2 has put down the left fork
3141 3 is thinking
3141 3 has taken the right fork
DBG_EAT2: id=4 meals=26
3141 4 has put down the right fork
3141 3 has taken the left fork
3141 3 is eating
DBG_EAT: id=3 time_last_meal=3141
3141 2 is sleeping
3142 4 has put down the left fork
3142 4 is sleeping
3142 1 has taken the right fork
3142 1 has taken the left fork
3142 1 is eating
DBG_EAT: id=1 time_last_meal=3142
DBG_EAT2: id=3 meals=27
3202 3 has put down the left fork
3202 3 has put down the right fork
3202 2 is thinking
3202 3 is sleeping
DBG_EAT2: id=1 meals=27
3202 1 has put down the left fork
3202 1 has put down the right fork
3202 1 is sleeping
3202 4 is thinking
3202 2 has taken the left fork
3202 2 has taken the right fork
3202 2 is eating
DBG_EAT: id=2 time_last_meal=3202
3202 4 has taken the left fork
3202 4 has taken the right fork
3202 4 is eating
DBG_EAT: id=4 time_last_meal=3202
3262 1 is thinking
3262 3 is thinking
DBG_EAT2: id=2 meals=27
3262 2 has put down the right fork
3262 2 has put down the left fork
DBG_EAT2: id=4 meals=27
3262 4 has put down the right fork
3262 2 is sleeping
3262 3 has taken the right fork
3262 3 has taken the left fork
3262 3 is eating
DBG_EAT: id=3 time_last_meal=3262
3262 4 has put down the left fork
3262 4 is sleeping
3262 1 has taken the right fork
3262 1 has taken the left fork
3262 1 is eating
DBG_EAT: id=1 time_last_meal=3262
3322 2 is thinking
3322 4 is thinking
DBG_EAT2: id=1 meals=28
3322 1 has put down the left fork
3322 1 has put down the right fork
3322 1 is sleeping
DBG_EAT2: id=3 meals=28
3322 3 has put down the left fork
3322 3 has put down the right fork
3322 3 is sleeping
3323 2 has taken the left fork
3323 2 has taken the right fork
3323 2 is eating
DBG_EAT: id=2 time_last_meal=3323
3323 4 has taken the left fork
3323 4 has taken the right fork
3323 4 is eating
DBG_EAT: id=4 time_last_meal=3323
3383 1 is thinking
3383 3 is thinking
DBG_EAT2: id=2 meals=28
DBG_EAT2: id=4 meals=28
3383 4 has put down the right fork
3383 2 has put down the right fork
3383 4 has put down the left fork
3383 4 is sleeping
3383 2 has put down the left fork
3383 2 is sleeping
3383 1 has taken the right fork
3383 1 has taken the left fork
3383 1 is eating
DBG_EAT: id=1 time_last_meal=3383
3383 3 has taken the right fork
3383 3 has taken the left fork
3383 3 is eating
DBG_EAT: id=3 time_last_meal=3383
DBG_EAT2: id=1 meals=29
3443 1 has put down the left fork
3443 1 has put down the right fork
3443 2 is thinking
3443 1 is sleeping
DBG_EAT2: id=3 meals=29
3443 3 has put down the left fork
3443 3 has put down the right fork
3443 2 has taken the left fork
3443 2 has taken the right fork
3443 2 is eating
DBG_EAT: id=2 time_last_meal=3443
3443 3 is sleeping
3443 4 is thinking
3444 4 has taken the left fork
3444 4 has taken the right fork
3444 4 is eating
DBG_EAT: id=4 time_last_meal=3444
3503 1 is thinking
DBG_EAT2: id=2 meals=29
3503 2 has put down the right fork
3503 2 has put down the left fork
3503 3 is thinking
3503 3 has taken the right fork
3503 2 is sleeping
DBG_EAT2: id=4 meals=29
3504 4 has put down the right fork
3504 4 has put down the left fork
3504 4 is sleeping
3504 3 has taken the left fork
3504 3 is eating
DBG_EAT: id=3 time_last_meal=3504
3504 1 has taken the right fork
3504 1 has taken the left fork
3504 1 is eating
DBG_EAT: id=1 time_last_meal=3504
3564 2 is thinking
DBG_EAT2: id=3 meals=30
3564 3 has put down the left fork
DBG_EAT2: id=1 meals=30
3564 1 has put down the left fork
3564 1 has put down the right fork
3564 3 has put down the right fork
3564 1 is sleeping
3564 3 is sleeping
3564 4 is thinking
3564 2 has taken the left fork
3564 2 has taken the right fork
3564 2 is eating
DBG_EAT: id=2 time_last_meal=3564
3564 4 has taken the left fork
3564 4 has taken the right fork
3564 4 is eating
DBG_EAT: id=4 time_last_meal=3564
DBG_EAT2: id=2 meals=30
3624 1 is thinking
3624 2 has put down the right fork
3624 2 has put down the left fork
3625 3 is thinking
3625 3 has taken the right fork
3625 2 is sleeping
DBG_EAT2: id=4 meals=30
3625 4 has put down the right fork
3625 4 has put down the left fork
3625 4 is sleeping
3625 3 has taken the left fork
3625 3 is eating
DBG_EAT: id=3 time_last_meal=3625
3625 1 has taken the right fork
3625 1 has taken the left fork
3625 1 is eating
DBG_EAT: id=1 time_last_meal=3625
3685 2 is thinking
3685 4 is thinking
DBG_EAT2: id=1 meals=31
3685 1 has put down the left fork
3685 1 has put down the right fork
DBG_EAT2: id=3 meals=31
3685 3 has put down the left fork
3685 3 has put down the right fork
3685 3 is sleeping
3685 1 is sleeping
3685 2 has taken the left fork
3685 2 has taken the right fork
3685 2 is eating
DBG_EAT: id=2 time_last_meal=3685
3685 4 has taken the left fork
3685 4 has taken the right fork
3685 4 is eating
DBG_EAT: id=4 time_last_meal=3685
DBG_EAT2: id=4 meals=31
3745 1 is thinking
3745 4 has put down the right fork
3745 4 has put down the left fork
3745 4 is sleeping
3745 1 has taken the right fork
DBG_EAT2: id=2 meals=31
3745 2 has put down the right fork
3745 2 has put down the left fork
3745 1 has taken the left fork
3745 3 is thinking
3745 3 has taken the right fork
3745 3 has taken the left fork
3745 3 is eating
DBG_EAT: id=3 time_last_meal=3745
3745 1 is eating
DBG_EAT: id=1 time_last_meal=3745
3745 2 is sleeping
3805 4 is thinking
3805 2 is thinking
DBG_EAT2: id=1 meals=32
3805 1 has put down the left fork
3805 1 has put down the right fork
3805 1 is sleeping
DBG_EAT2: id=3 meals=32
3805 3 has put down the left fork
3805 3 has put down the right fork
3805 4 has taken the left fork
3806 4 has taken the right fork
3806 4 is eating
DBG_EAT: id=4 time_last_meal=3806
3806 2 has taken the left fork
3806 3 is sleeping
3806 2 has taken the right fork
3806 2 is eating
DBG_EAT: id=2 time_last_meal=3806
DBG_EAT2: id=2 meals=32
3866 1 is thinking
3866 2 has put down the right fork
3866 2 has put down the left fork
3866 2 is sleeping
DBG_EAT2: id=4 meals=32
3866 4 has put down the right fork
3866 3 is thinking
3866 3 has taken the right fork
3866 3 has taken the left fork
3866 3 is eating
DBG_EAT: id=3 time_last_meal=3866
3866 4 has put down the left fork
3866 4 is sleeping
3866 1 has taken the right fork
3866 1 has taken the left fork
3866 1 is eating
DBG_EAT: id=1 time_last_meal=3866
DBG_EAT2: id=3 meals=33
3926 3 has put down the left fork
3926 3 has put down the right fork
3926 3 is sleeping
3926 2 is thinking
3926 4 is thinking
DBG_EAT2: id=1 meals=33
3926 1 has put down the left fork
3926 1 has put down the right fork
3926 2 has taken the left fork
3926 2 has taken the right fork
3926 2 is eating
DBG_EAT: id=2 time_last_meal=3926
3926 1 is sleeping
3926 4 has taken the left fork
3926 4 has taken the right fork
3926 4 is eating
DBG_EAT: id=4 time_last_meal=3926
3986 3 is thinking
DBG_EAT2: id=2 meals=33
3986 2 has put down the right fork
3986 1 is thinking
3986 2 has put down the left fork
3986 2 is sleeping
3986 3 has taken the right fork
DBG_EAT2: id=4 meals=33
3986 4 has put down the right fork
3986 4 has put down the left fork
3986 3 has taken the left fork
3986 3 is eating
DBG_EAT: id=3 time_last_meal=3986
3987 4 is sleeping
3987 1 has taken the right fork
3987 1 has taken the left fork
3987 1 is eating
DBG_EAT: id=1 time_last_meal=3987
4046 2 is thinking
4047 4 is thinking
DBG_EAT2: id=3 meals=34
4047 3 has put down the left fork
DBG_EAT2: id=1 meals=34
4047 1 has put down the left fork
4047 1 has put down the right fork
4047 3 has put down the right fork
4047 3 is sleeping
4047 1 is sleeping
4047 2 has taken the left fork
4047 2 has taken the right fork
4047 2 is eating
DBG_EAT: id=2 time_last_meal=4047
4047 4 has taken the left fork
4047 4 has taken the right fork
4047 4 is eating
DBG_EAT: id=4 time_last_meal=4047
DBG_EAT2: id=2 meals=34
4107 3 is thinking
4107 2 has put down the right fork
4107 2 has put down the left fork
4107 3 has taken the right fork
4107 1 is thinking
DBG_EAT2: id=4 meals=34
4107 4 has put down the right fork
4107 4 has put down the left fork
4107 4 is sleeping
4107 3 has taken the left fork
4107 3 is eating
DBG_EAT: id=3 time_last_meal=4107
4107 1 has taken the right fork
4107 1 has taken the left fork
4107 1 is eating
DBG_EAT: id=1 time_last_meal=4107
4107 2 is sleeping
DBG_EAT2: id=1 meals=35
4167 1 has put down the left fork
4167 1 has put down the right fork
4167 1 is sleeping
4167 2 is thinking
DBG_EAT2: id=3 meals=35
4167 3 has put down the left fork
4167 3 has put down the right fork
4167 3 is sleeping
4167 4 is thinking
4167 2 has taken the left fork
4167 2 has taken the right fork
4167 2 is eating
DBG_EAT: id=2 time_last_meal=4167
4168 4 has taken the left fork
4168 4 has taken the right fork
4168 4 is eating
DBG_EAT: id=4 time_last_meal=4168
DBG_EAT2: id=2 meals=35
4227 2 has put down the right fork
4227 2 has put down the left fork
4227 1 is thinking
4227 2 is sleeping
4227 3 is thinking
4227 3 has taken the right fork
DBG_EAT2: id=4 meals=35
4228 4 has put down the right fork
4228 4 has put down the left fork
4228 4 is sleeping
4228 3 has taken the left fork
4228 3 is eating
DBG_EAT: id=3 time_last_meal=4228
4228 1 has taken the right fork
4228 1 has taken the left fork
4228 1 is eating
DBG_EAT: id=1 time_last_meal=4228
4288 2 is thinking
4288 4 is thinking
DBG_EAT2: id=3 meals=36
4288 3 has put down the left fork
DBG_EAT2: id=1 meals=36
4288 1 has put down the left fork
4288 3 has put down the right fork
4288 3 is sleeping
4288 1 has put down the right fork
4288 2 has taken the left fork
4288 2 has taken the right fork
4288 2 is eating
DBG_EAT: id=2 time_last_meal=4288
4288 1 is sleeping
4288 4 has taken the left fork
4288 4 has taken the right fork
4288 4 is eating
DBG_EAT: id=4 time_last_meal=4288
DBG_EAT2: id=2 meals=36
4348 2 has put down the right fork
4348 2 has put down the left fork
4348 1 is thinking
4348 2 is sleeping
DBG_EAT2: id=4 meals=36
4348 4 has put down the right fork
4348 3 is thinking
4348 3 has taken the right fork
4348 3 has taken the left fork
4348 3 is eating
DBG_EAT: id=3 time_last_meal=4348
4348 4 has put down the left fork
4348 4 is sleeping
4348 1 has taken the right fork
4348 1 has taken the left fork
4348 1 is eating
DBG_EAT: id=1 time_last_meal=4348
4408 2 is thinking
DBG_EAT2: id=3 meals=37
4408 3 has put down the left fork
4408 3 has put down the right fork
4408 3 is sleeping
DBG_EAT2: id=1 meals=37
4409 1 has put down the left fork
4409 1 has put down the right fork
4409 4 is thinking
4409 1 is sleeping
4409 2 has taken the left fork
4409 2 has taken the right fork
4409 2 is eating
DBG_EAT: id=2 time_last_meal=4409
4409 4 has taken the left fork
4409 4 has taken the right fork
4409 4 is eating
DBG_EAT: id=4 time_last_meal=4409
4469 3 is thinking
DBG_EAT2: id=2 meals=37
4469 2 has put down the right fork
4469 1 is thinking
4469 2 has put down the left fork
4469 3 has taken the right fork
DBG_EAT2: id=4 meals=37
4469 2 is sleeping
4469 4 has put down the right fork
4469 3 has taken the left fork
4469 3 is eating
DBG_EAT: id=3 time_last_meal=4469
4469 4 has put down the left fork
4469 4 is sleeping
4469 1 has taken the right fork
4469 1 has taken the left fork
4469 1 is eating
DBG_EAT: id=1 time_last_meal=4469
DBG_EAT2: id=3 meals=38
4529 3 has put down the left fork
4529 3 has put down the right fork
4529 3 is sleeping
4529 2 is thinking
4529 4 is thinking
4529 2 has taken the left fork
DBG_EAT2: id=1 meals=38
4530 1 has put down the left fork
4530 1 has put down the right fork
4530 4 has taken the left fork
4530 4 has taken the right fork
4530 4 is eating
DBG_EAT: id=4 time_last_meal=4530
4530 1 is sleeping
4530 2 ha