DBG_INIT: meal_mutex init for philo 1
DBG_INIT: meal_mutex init for philo 2
DBG_INIT: meal_mutex init for philo 3
DBG: init philo[1].time_last_meal=0
DBG: init philo[2].time_last_meal=0
DBG: init philo[3].time_last_meal=0
0 1 has taken the right fork
0 1 has taken the left fork
0 1 is eating
DBG_EAT: id=1 time_last_meal=0
0 3 has taken the right fork
DBG: start_time=1758403418947
DBG_EAT2: id=1 meals=1
60 1 has put down the left fork
60 1 has put down the right fork
60 1 is sleeping
60 3 has taken the left fork
60 3 is eating
DBG_EAT: id=3 time_last_meal=60
DBG_EAT2: id=3 meals=1
120 3 has put down the left fork
121 1 is thinking
121 1 has taken the right fork
121 1 has taken the left fork
121 1 is eating
DBG_EAT: id=1 time_last_meal=121
121 3 has put down the right fork
121 3 is sleeping
121 2 has taken the left fork
DBG_EAT2: id=1 meals=2
181 1 has put down the left fork
181 1 has put down the right fork
181 1 is sleeping
181 2 has taken the right fork
181 2 is eating
DBG_EAT: id=2 time_last_meal=181
181 3 is thinking
DBG_EAT2: id=2 meals=1
241 2 has put down the right fork
241 1 is thinking
241 1 has taken the right fork
241 1 has taken the left fork
241 1 is eating
DBG_EAT: id=1 time_last_meal=241
241 2 has put down the left fork
241 2 is sleeping
241 3 has taken the right fork
DBG_EAT2: id=1 meals=3
301 1 has put down the left fork
301 2 is thinking
301 1 has put down the right fork
301 1 is sleeping
301 3 has taken the left fork
301 3 is eating
DBG_EAT: id=3 time_last_meal=301
DBG_EAT2: id=3 meals=2
362 3 has put down the left fork
362 1 is thinking
362 1 has taken the right fork
362 1 has taken the left fork
362 1 is eating
DBG_EAT: id=1 time_last_meal=362
362 3 has put down the right fork
362 3 is sleeping
362 2 has taken the left fork
DBG_EAT2: id=1 meals=4
422 3 is thinking
422 1 has put down the left fork
422 1 has put down the right fork
422 1 is sleeping
422 2 has taken the right fork
422 2 is eating
DBG_EAT: id=2 time_last_meal=422
483 1 is thinking
483 1 has taken the right fork
DBG_EAT2: id=2 meals=2
483 2 has put down the right fork
483 1 has taken the left fork
483 1 is eating
DBG_EAT: id=1 time_last_meal=483
483 2 has put down the left fork
483 3 has taken the right fork
483 2 is sleeping
543 2 is thinking
DBG_EAT2: id=1 meals=5
543 1 has put down the left fork
543 1 has put down the right fork
543 1 is sleeping
543 3 has taken the left fork
543 3 is eating
DBG_EAT: id=3 time_last_meal=543
DBG_EAT2: id=3 meals=3
603 3 has put down the left fork
603 1 is thinking
604 1 has taken the right fork
604 1 has taken the left fork
604 1 is eating
DBG_EAT: id=1 time_last_meal=604
604 3 has put down the right fork
604 3 is sleeping
604 2 has taken the left fork
DBG_EAT2: id=1 meals=6
664 3 is thinking
664 1 has put down the left fork
664 1 has put down the right fork
664 1 is sleeping
664 2 has taken the right fork
664 2 is eating
DBG_EAT: id=2 time_last_meal=664
DBG_EAT2: id=2 meals=3
724 2 has put down the right fork
724 1 is thinking
724 1 has taken the right fork
724 1 has taken the left fork
724 1 is eating
DBG_EAT: id=1 time_last_meal=724
724 2 has put down the left fork
725 2 is sleeping
725 3 has taken the right fork
725 All philosophers ate enough
DBG_EAT2: id=1 meals=7
