DBG_INIT: meal_mutex init for philo 1
DBG_INIT: meal_mutex init for philo 2
DBG_INIT: meal_mutex init for philo 3
DBG: init philo[1].time_last_meal=0
DBG: init philo[2].time_last_meal=0
DBG: init philo[3].time_last_meal=0
1 1 has taken the right fork
1 1 has taken the left fork
1 1 is eating
DBG_EAT: id=1 time_last_meal=1
1 3 has taken the right fork
DBG: start_time=1758403473526
DBG_EAT2: id=1 meals=1
61 1 has put down the left fork
61 1 has put down the right fork
61 1 is sleeping
61 3 has taken the left fork
61 3 is eating
DBG_EAT: id=3 time_last_meal=61
DBG_EAT2: id=3 meals=1
121 3 has put down the left fork
121 1 is thinking
121 1 has taken the right fork
121 1 has taken the left fork
121 1 is eating
DBG_EAT: id=1 time_last_meal=121
121 3 has put down the right fork
121 3 is sleeping
121 2 has taken the left fork
DBG_EAT2: id=1 meals=2
182 3 is thinking
182 1 has put down the left fork
182 1 has put down the right fork
182 1 is sleeping
182 2 has taken the right fork
182 2 is eating
DBG_EAT: id=2 time_last_meal=182
DBG_EAT2: id=2 meals=1
242 2 has put down the right fork
242 1 is thinking
242 1 has taken the right fork
242 1 has taken the left fork
242 1 is eating
DBG_EAT: id=1 time_last_meal=242
242 2 has put down the left fork
242 3 has taken the right fork
242 2 is sleeping
DBG_EAT2: id=1 meals=3
302 1 has put down the left fork
302 2 is thinking
302 1 has put down the right fork
302 1 is sleeping
302 3 has taken the left fork
302 3 is eating
DBG_EAT: id=3 time_last_meal=302
DBG_EAT2: id=3 meals=2
363 3 has put down the left fork
363 1 is thinking
363 1 has taken the right fork
363 1 has taken the left fork
363 1 is eating
DBG_EAT: id=1 time_last_meal=363
363 3 has put down the right fork
363 3 is sleeping
363 2 has taken the left fork
DBG_EAT2: id=1 meals=4
423 3 is thinking
423 1 has put down the left fork
423 1 has put down the right fork
423 1 is sleeping
423 2 has taken the right fork
423 2 is eating
DBG_EAT: id=2 time_last_meal=423
483 1 is thinking
483 1 has taken the right fork
DBG_EAT2: id=2 meals=2
484 2 has put down the right fork
484 2 has put down the left fork
484 1 has taken the left fork
484 1 is eating
DBG_EAT: id=1 time_last_meal=484
484 3 has taken the right fork
484 2 is sleeping
DBG_EAT2: id=1 meals=5
544 1 has put down the left fork
544 1 has put down the right fork
544 1 is sleeping
544 2 is thinking
544 3 has taken the left fork
544 3 is eating
DBG_EAT: id=3 time_last_meal=544
DBG_EAT2: id=3 meals=3
604 3 has put down the left fork
604 1 is thinking
604 1 has taken the right fork
604 1 has taken the left fork
604 1 is eating
DBG_EAT: id=1 time_last_meal=604
604 3 has put down the right fork
605 3 is sleeping
605 2 has taken the left fork
DBG_EAT2: id=1 meals=6
665 3 is thinking
665 1 has put down the left fork
665 1 has put down the right fork
665 1 is sleeping
665 2 has taken the right fork
665 2 is eating
DBG_EAT: id=2 time_last_meal=665
DBG_EAT2: id=2 meals=3
725 2 has put down the right fork
725 1 is thinking
725 1 has taken the right fork
725 1 has taken the left fork
725 1 is eating
DBG_EAT: id=1 time_last_meal=725
726 2 has put down the left fork
726 2 is sleeping
726 3 has taken the right fork
DBG_EAT2: id=1 meals=7
786 1 has put down the left fork
786 2 is thinking
786 1 has put down the right fork
786 1 is sleeping
786 3 has taken the left fork
786 3 is eating
DBG_EAT: id=3 time_last_meal=786
846 1 is thinking
DBG_EAT2: id=3 meals=4
846 3 has put down the left fork
846 3 has put down the right fork
846 1 has taken the right fork
846 3 is sleeping
846 1 has taken the left fork
846 1 is eating
DBG_EAT: id=1 time_last_meal=846
846 2 has taken the left fork
DBG_EAT2: id=1 meals=8
907 3 is thinking
907 1 has put down the left fork
907 1 has put down the right fork
907 1 is sleeping
907 2 has taken the right fork
907 2 is eating
DBG_EAT: id=2 time_last_meal=907
DBG_EAT2: id=2 meals=4
967 2 has put down the right fork
967 1 is thinking
967 1 has taken the right fork
967 1 has taken the left fork
967 1 is eating
DBG_EAT: id=1 time_last_meal=967
967 2 has put down the left fork
967 2 is sleeping
967 3 has taken the right fork
DBG_EAT2: id=1 meals=9
1028 1 has put down the left fork
1028 2 is thinking
1028 1 has put down the right fork
1028 1 is sleeping
1028 3 has taken the left fork
1028 3 is eating
DBG_EAT: id=3 time_last_meal=1028
1088 1 is thinking
DBG_EAT2: id=3 meals=5
1088 3 has put down the left fork
1088 3 has put down the right fork
1088 1 has taken the right fork
1088 1 has taken the left fork
1088 1 is eating
DBG_EAT: id=1 time_last_meal=1088
1088 3 is sleeping
1088 2 has taken the left fork
DBG_EAT2: id=1 meals=10
1149 3 is thinking
1149 1 has put down the left fork
1149 1 has put down the right fork
1149 2 has taken the right fork
1149 2 is eating
DBG_EAT: id=2 time_last_meal=1149
1149 1 is sleeping
DBG_EAT2: id=2 meals=5
1209 2 has put down the right fork
1209 1 is thinking
1209 1 has taken the right fork
1209 1 has taken the left fork
1209 1 is eating
DBG_EAT: id=1 time_last_meal=1209
1209 2 has put down the left fork
1209 2 is sleeping
1209 3 has taken the right fork
1209 All philosophers ate enough
DBG_EAT2: id=1 meals=11
