DBG_INIT: meal_mutex init for philo 1
DBG_INIT: meal_mutex init for philo 2
DBG_INIT: meal_mutex init for philo 3
DBG: init philo[1].time_last_meal=0
DBG: init philo[2].time_last_meal=0
DBG: init philo[3].time_last_meal=0
0 1 has taken the right fork
0 1 has taken the left fork
0 1 is eating
DBG_EAT: id=1 time_last_meal=0
0 3 has taken the right fork
DBG: start_time=1758386476947
DBG_EAT2: id=1 meals=1
60 1 has put down the left fork
60 1 has put down the right fork
60 1 is sleeping
60 3 has taken the left fork
60 3 is eating
DBG_EAT: id=3 time_last_meal=60
DBG_EAT2: id=3 meals=1
120 3 has put down the left fork
120 3 has put down the right fork
120 3 is sleeping
120 2 has taken the left fork
120 2 has taken the right fork
120 2 is eating
DBG_EAT: id=2 time_last_meal=120
160 1 is thinking
160 1 has taken the right fork
DBG_EAT2: id=2 meals=1
180 2 has put down the right fork
180 2 has put down the left fork
180 2 is sleeping
180 1 has taken the left fork
180 1 is eating
DBG_EAT: id=1 time_last_meal=180
220 3 is thinking
220 3 has taken the right fork
DBG_EAT2: id=1 meals=2
240 1 has put down the left fork
240 1 has put down the right fork
240 1 is sleeping
240 3 has taken the left fork
240 3 is eating
DBG_EAT: id=3 time_last_meal=240
280 2 is thinking
DBG_EAT2: id=3 meals=2
301 3 has put down the left fork
301 3 has put down the right fork
301 3 is sleeping
301 2 has taken the left fork
301 2 has taken the right fork
301 2 is eating
DBG_EAT: id=2 time_last_meal=301
341 1 is thinking
341 1 has taken the right fork
DBG_EAT2: id=2 meals=2
361 2 has put down the right fork
361 2 has put down the left fork
361 2 is sleeping
361 1 has taken the left fork
361 1 is eating
DBG_EAT: id=1 time_last_meal=361
401 3 is thinking
401 3 has taken the right fork
DBG_EAT2: id=1 meals=3
421 1 has put down the left fork
421 1 has put down the right fork
421 3 has taken the left fork
421 3 is eating
DBG_EAT: id=3 time_last_meal=421
421 1 is sleeping
461 2 is thinking
DBG_EAT2: id=3 meals=3
481 3 has put down the left fork
481 3 has put down the right fork
481 3 is sleeping
481 2 has taken the left fork
481 2 has taken the right fork
481 2 is eating
DBG_EAT: id=2 time_last_meal=481
521 1 is thinking
521 1 has taken the right fork
DBG_EAT2: id=2 meals=3
541 2 has put down the right fork
541 2 has put down the left fork
541 2 is sleeping
541 1 has taken the left fork
541 1 is eating
DBG_EAT: id=1 time_last_meal=541
541 All philosophers ate enough
DBG_EAT2: id=1 meals=4
