DBG_INIT: meal_mutex init for philo 1
DBG_INIT: meal_mutex init for philo 2
DBG_INIT: meal_mutex init for philo 3
DBG: init philo[1].time_last_meal=0
DBG: init philo[2].time_last_meal=0
DBG: init philo[3].time_last_meal=0
0 1 has taken the right fork
0 1 has taken the left fork
0 1 is eating
DBG_EAT: id=1 time_last_meal=0
1 2 has taken the left fork
DBG: start_time=1758403320997
DBG_EAT2: id=1 meals=1
61 1 has put down the left fork
61 1 has put down the right fork
61 1 is sleeping
61 2 has taken the right fork
61 2 is eating
DBG_EAT: id=2 time_last_meal=61
DBG_EAT2: id=2 meals=1
121 2 has put down the right fork
121 2 has put down the left fork
121 2 is sleeping
121 3 has taken the right fork
121 3 has taken the left fork
121 3 is eating
DBG_EAT: id=3 time_last_meal=121
161 1 is thinking
DBG_EAT2: id=3 meals=1
182 3 has put down the left fork
182 3 has put down the right fork
182 3 is sleeping
182 1 has taken the right fork
182 1 has taken the left fork
182 1 is eating
DBG_EAT: id=1 time_last_meal=182
221 2 is thinking
222 2 has taken the left fork
DBG_EAT2: id=1 meals=2
242 1 has put down the left fork
242 1 has put down the right fork
242 1 is sleeping
242 2 has taken the right fork
242 2 is eating
DBG_EAT: id=2 time_last_meal=242
282 3 is thinking
DBG_EAT2: id=2 meals=2
302 2 has put down the right fork
302 2 has put down the left fork
302 2 is sleeping
302 3 has taken the right fork
302 3 has taken the left fork
302 3 is eating
DBG_EAT: id=3 time_last_meal=302
342 1 is thinking
DBG_EAT2: id=3 meals=2
362 3 has put down the left fork
362 3 has put down the right fork
363 3 is sleeping
363 1 has taken the right fork
363 1 has taken the left fork
363 1 is eating
DBG_EAT: id=1 time_last_meal=363
363 All philosophers ate enough
DBG_EAT2: id=1 meals=3
