DBG_INIT: meal_mutex init for philo 1
DBG_INIT: meal_mutex init for philo 2
DBG: init philo[1].time_last_meal=0
DBG: init philo[2].time_last_meal=0
1 1 has taken the right fork
1 1 has taken the left fork
1 1 is eating
DBG_EAT: id=1 time_last_meal=1
DBG: start_time=1758403231781
DBG_EAT2: id=1 meals=1
202 1 has put down the left fork
202 1 has put down the right fork
202 1 is sleeping
202 2 has taken the left fork
202 2 has taken the right fork
202 2 is eating
DBG_EAT: id=2 time_last_meal=202
405 1 is thinking
DBG_EAT2: id=2 meals=1
405 2 has put down the right fork
405 2 has put down the left fork
405 1 has taken the right fork
405 1 has taken the left fork
405 1 is eating
DBG_EAT: id=1 time_last_meal=405
405 2 is sleeping
DBG_EAT2: id=1 meals=2
607 1 has put down the left fork
607 1 has put down the right fork
607 2 is thinking
607 1 is sleeping
607 2 has taken the left fork
607 2 has taken the right fork
607 2 is eating
DBG_EAT: id=2 time_last_meal=607
809 1 is thinking
DBG_EAT2: id=2 meals=2
809 2 has put down the right fork
809 2 has put down the left fork
809 1 has taken the right fork
809 1 has taken the left fork
809 1 is eating
DBG_EAT: id=1 time_last_meal=809
809 2 is sleeping
DBG_EAT2: id=1 meals=3
1010 1 has put down the left fork
1010 1 has put down the right fork
1010 1 is sleeping
1011 2 is thinking
1011 2 has taken the left fork
1011 2 has taken the right fork
1011 2 is eating
DBG_EAT: id=2 time_last_meal=1011
1211 1 is thinking
DBG_EAT2: id=2 meals=3
1213 2 has put down the right fork
1213 2 has put down the left fork
1213 2 is sleeping
1213 1 has taken the right fork
1213 1 has taken the left fork
1213 1 is eating
DBG_EAT: id=1 time_last_meal=1213
DBG_EAT2: id=1 meals=4
1413 1 has put down the left fork
1413 1 has put down the right fork
1413 1 is sleeping
1415 2 is thinking
1415 2 has taken the left fork
1415 2 has taken the right fork
1415 2 is eating
DBG_EAT: id=2 time_last_meal=1415
1616 1 is thinking
DBG_EAT2: id=2 meals=4
1616 2 has put down the right fork
1616 2 has put down the left fork
1617 2 is sleeping
1617 1 has taken the right fork
1617 1 has taken the left fork
1617 1 is eating
DBG_EAT: id=1 time_last_meal=1617
DBG_EAT2: id=1 meals=5
1819 1 has put down the left fork
1819 1 has put down the right fork
1819 2 is thinking
1819 1 is sleeping
1819 2 has taken the left fork
1819 2 has taken the right fork
1819 2 is eating
DBG_EAT: id=2 time_last_meal=1819
DBG_EAT2: id=2 meals=5
2020 2 has put down the right fork
2020 2 has put down the left fork
2020 1 is thinking
2020 1 has taken the right fork
2020 1 has taken the left fork
2020 1 is eating
DBG_EAT: id=1 time_last_meal=2020
2020 2 is sleeping
3127 2 is thinking
DBG_EAT2: id=1 meals=6
3128 1 has put down the left fork
3128 1 has put down the right fork
3128 1 is sleeping
3128 2 has taken the left fork
3128 2 has taken the right fork
3128 2 is eating
DBG_EAT: id=2 time_last_meal=3128
3128 1 has died (last meal at 2020)
DBG_EAT2: id=2 meals=6
