DBG_INIT: meal_mutex init for philo 1
DBG_INIT: meal_mutex init for philo 2
DBG: init philo[1].time_last_meal=0
DBG: init philo[2].time_last_meal=0
0 1 has taken the right fork
0 1 has taken the left fork
0 1 is eating
DBG_EAT: id=1 time_last_meal=0
DBG: start_time=1758402777408
DBG_EAT2: id=1 meals=1
60 1 has put down the left fork
60 1 has put down the right fork
60 1 is sleeping
60 2 has taken the left fork
60 2 has taken the right fork
60 2 is eating
DBG_EAT: id=2 time_last_meal=60
120 1 is thinking
DBG_EAT2: id=2 meals=1
121 2 has put down the right fork
121 2 has put down the left fork
121 2 is sleeping
121 1 has taken the right fork
121 1 has taken the left fork
121 1 is eating
DBG_EAT: id=1 time_last_meal=121
DBG_EAT2: id=1 meals=2
181 1 has put down the left fork
181 1 has put down the right fork
181 2 is thinking
181 1 is sleeping
181 2 has taken the left fork
181 2 has taken the right fork
181 2 is eating
DBG_EAT: id=2 time_last_meal=181
DBG_EAT2: id=2 meals=2
242 2 has put down the right fork
242 2 has put down the left fork
242 1 is thinking
242 1 has taken the right fork
242 1 has taken the left fork
242 1 is eating
DBG_EAT: id=1 time_last_meal=242
242 2 is sleeping
DBG_EAT2: id=1 meals=3
302 1 has put down the left fork
302 1 has put down the right fork
302 2 is thinking
302 1 is sleeping
302 2 has taken the left fork
302 2 has taken the right fork
302 2 is eating
DBG_EAT: id=2 time_last_meal=302
DBG_EAT2: id=2 meals=3
363 2 has put down the right fork
363 2 has put down the left fork
363 1 is thinking
363 1 has taken the right fork
363 1 has taken the left fork
363 1 is eating
DBG_EAT: id=1 time_last_meal=363
363 2 is sleeping
DBG_EAT2: id=1 meals=4
423 1 has put down the left fork
423 1 has put down the right fork
423 2 is thinking
423 1 is sleeping
423 2 has taken the left fork
423 2 has taken the right fork
423 2 is eating
DBG_EAT: id=2 time_last_meal=423
483 1 is thinking
DBG_EAT2: id=2 meals=4
483 2 has put down the right fork
483 2 has put down the left fork
483 1 has taken the right fork
483 1 has taken the left fork
483 1 is eating
DBG_EAT: id=1 time_last_meal=483
483 2 is sleeping
543 2 is thinking
DBG_EAT2: id=1 meals=5
543 1 has put down the left fork
543 1 has put down the right fork
544 1 is sleeping
544 2 has taken the left fork
544 2 has taken the right fork
544 2 is eating
DBG_EAT: id=2 time_last_meal=544
604 1 is thinking
DBG_EAT2: id=2 meals=5
604 2 has put down the right fork
604 2 has put down the left fork
604 2 is sleeping
604 1 has taken the right fork
604 1 has taken the left fork
604 1 is eating
DBG_EAT: id=1 time_last_meal=604
604 All philosophers ate enough
DBG_EAT2: id=1 meals=6
