DBG_INIT: meal_mutex init for philo 1
DBG_INIT: meal_mutex init for philo 2
DBG_INIT: meal_mutex init for philo 3
DBG_INIT: meal_mutex init for philo 4
DBG: init philo[1].time_last_meal=0
DBG: init philo[2].time_last_meal=0
DBG: init philo[3].time_last_meal=0
DBG: init philo[4].time_last_meal=0
0 1 has taken the right fork
0 1 has taken the left fork
0 1 is eating
DBG_EAT: id=1 time_last_meal=0
0 3 has taken the right fork
0 3 has taken the left fork
0 3 is eating
DBG_EAT: id=3 time_last_meal=0
DBG: start_time=1758387265667
DBG_EAT2: id=1 meals=1
100 1 has put down the left fork
100 1 has put down the right fork
100 1 is sleeping
100 4 has taken the left fork
DBG_EAT2: id=3 meals=1
100 3 has put down the left fork
100 3 has put down the right fork
100 3 is sleeping
100 4 has taken the right fork
100 4 is eating
DBG_EAT: id=4 time_last_meal=100
100 2 has taken the left fork
100 2 has taken the right fork
100 2 is eating
DBG_EAT: id=2 time_last_meal=100
200 1 is thinking
DBG_EAT2: id=4 meals=1
200 4 has put down the right fork
200 4 has put down the left fork
200 3 is thinking
200 4 is sleeping
201 1 has taken the right fork
DBG_EAT2: id=2 meals=1
201 2 has put down the right fork
201 2 has put down the left fork
201 2 is sleeping
201 3 has taken the right fork
201 3 has taken the left fork
201 3 is eating
DBG_EAT: id=3 time_last_meal=201
201 1 has taken the left fork
201 1 is eating
DBG_EAT: id=1 time_last_meal=201
301 4 is thinking
301 2 is thinking
DBG_EAT2: id=3 meals=2
301 3 has put down the left fork
301 3 has put down the right fork
301 3 is sleeping
DBG_EAT2: id=1 meals=2
301 1 has put down the left fork
301 1 has put down the right fork
301 1 is sleeping
301 4 has taken the left fork
301 4 has taken the right fork
301 4 is eating
DBG_EAT: id=4 time_last_meal=301
301 2 has taken the left fork
301 2 has taken the right fork
301 2 is eating
DBG_EAT: id=2 time_last_meal=301
401 3 is thinking
DBG_EAT2: id=4 meals=2
401 4 has put down the right fork
401 4 has put down the left fork
401 4 is sleeping
DBG_EAT2: id=2 meals=2
401 2 has put down the right fork
401 1 is thinking
401 1 has taken the right fork
401 1 has taken the left fork
401 1 is eating
DBG_EAT: id=1 time_last_meal=401
401 2 has put down the left fork
401 2 is sleeping
401 3 has taken the right fork
401 3 has taken the left fork
401 3 is eating
DBG_EAT: id=3 time_last_meal=401
DBG_EAT2: id=1 meals=3
501 1 has put down the left fork
501 1 has put down the right fork
501 1 is sleeping
501 4 is thinking
DBG_EAT2: id=3 meals=3
501 3 has put down the left fork
501 3 has put down the right fork
501 3 is sleeping
501 2 is thinking
502 4 has taken the left fork
502 4 has taken the right fork
502 4 is eating
DBG_EAT: id=4 time_last_meal=502
502 2 has taken the left fork
502 2 has taken the right fork
502 2 is eating
DBG_EAT: id=2 time_last_meal=502
602 3 is thinking
DBG_EAT2: id=4 meals=3
602 1 is thinking
602 4 has put down the right fork
602 4 has put down the left fork
DBG_EAT2: id=2 meals=3
602 2 has put down the right fork
602 1 has taken the right fork
602 1 has taken the left fork
602 4 is sleeping
602 1 is eating
DBG_EAT: id=1 time_last_meal=602
602 2 has put down the left fork
602 2 is sleeping
602 3 has taken the right fork
602 3 has taken the left fork
602 3 is eating
DBG_EAT: id=3 time_last_meal=602
DBG_EAT2: id=1 meals=4
702 2 is thinking
702 1 has put down the left fork
702 1 has put down the right fork
DBG_EAT2: id=3 meals=4
702 3 has put down the left fork
702 3 has put down the right fork
702 3 is sleeping
702 4 is thinking
702 1 is sleeping
702 2 has taken the left fork
702 2 has taken the right fork
702 2 is eating
DBG_EAT: id=2 time_last_meal=702
702 4 has taken the left fork
702 4 has taken the right fork
702 4 is eating
DBG_EAT: id=4 time_last_meal=702
DBG_EAT2: id=2 meals=4
802 2 has put down the right fork
802 2 has put down the left fork
DBG_EAT2: id=4 meals=4
802 1 is thinking
802 2 is sleeping
802 4 has put down the right fork
803 3 is thinking
803 3 has taken the right fork
803 3 has taken the left fork
803 3 is eating
DBG_EAT: id=3 time_last_meal=803
803 1 has taken the right fork
803 1 has taken the left fork
803 1 is eating
DBG_EAT: id=1 time_last_meal=803
803 4 has put down the left fork
803 4 is sleeping
DBG_EAT2: id=1 meals=5
DBG_EAT2: id=3 meals=5
903 3 has put down the left fork
903 3 has put down the right fork
903 1 has put down the left fork
903 1 has put down the right fork
903 1 is sleeping
903 2 is thinking
903 3 is sleeping
903 4 is thinking
903 2 has taken the left fork
903 2 has taken the right fork
903 2 is eating
DBG_EAT: id=2 time_last_meal=903
903 4 has taken the left fork
903 4 has taken the right fork
903 4 is eating
DBG_EAT: id=4 time_last_meal=903
DBG_EAT2: id=2 meals=5
1003 2 has put down the right fork
1003 2 has put down the left fork
1003 3 is thinking
DBG_EAT2: id=4 meals=5
1003 4 has put down the right fork
1003 4 has put down the left fork
1003 4 is sleeping
1003 2 is sleeping
1003 3 has taken the right fork
1003 3 has taken the left fork
1003 3 is eating
DBG_EAT: id=3 time_last_meal=1003
1003 1 is thinking
1003 1 has taken the right fork
1003 1 has taken the left fork
1003 1 is eating
DBG_EAT: id=1 time_last_meal=1003
1104 2 is thinking
1104 4 is thinking
DBG_EAT2: id=1 meals=6
DBG_EAT2: id=3 meals=6
1104 3 has put down the left fork
1104 1 has put down the left fork
1104 3 has put down the right fork
1104 1 has put down the right fork
1104 1 is sleeping
1104 2 has taken the left fork
1104 2 has taken the right fork
1104 2 is eating
DBG_EAT: id=2 time_last_meal=1104
1104 3 is sleeping
1104 4 has taken the left fork
1104 4 has taken the right fork
1104 4 is eating
DBG_EAT: id=4 time_last_meal=1104
DBG_EAT2: id=2 meals=6
1204 1 is thinking
1204 2 has put down the right fork
1204 2 has put down the left fork
1204 2 is sleeping
1204 3 is thinking
1204 3 has taken the right fork
DBG_EAT2: id=4 meals=6
1204 4 has put down the right fork
1204 4 has put down the left fork
1204 4 is sleeping
1204 3 has taken the left fork
1204 3 is eating
DBG_EAT: id=3 time_last_meal=1204
1204 1 has taken the right fork
1204 1 has taken the left fork
1204 1 is eating
DBG_EAT: id=1 time_last_meal=1204
1304 2 is thinking
DBG_EAT2: id=3 meals=7
1304 3 has put down the left fork
1304 3 has put down the right fork
1304 3 is sleeping
DBG_EAT2: id=1 meals=7
1305 1 has put down the left fork
1305 1 has put down the right fork
1305 4 is thinking
1305 1 is sleeping
1305 2 has taken the left fork
1305 2 has taken the right fork
1305 2 is eating
DBG_EAT: id=2 time_last_meal=1305
1305 4 has taken the left fork
1305 4 has taken the right fork
1305 4 is eating
DBG_EAT: id=4 time_last_meal=1305
DBG_EAT2: id=2 meals=7
1405 2 has put down the right fork
1405 2 has put down the left fork
1405 1 is thinking
1405 3 is thinking
1405 3 has taken the right fork
1405 2 is sleeping
DBG_EAT2: id=4 meals=7
1405 4 has put down the right fork
1405 4 has put down the left fork
1405 4 is sleeping
1405 3 has taken the left fork
1405 3 is eating
DBG_EAT: id=3 time_last_meal=1405
1405 1 has taken the right fork
1405 1 has taken the left fork
1405 1 is eating
DBG_EAT: id=1 time_last_meal=1405
1505 2 is thinking
DBG_EAT2: id=3 meals=8
DBG_EAT2: id=1 meals=8
1505 1 has put down the left fork
1505 1 has put down the right fork
1505 3 has put down the left fork
1505 3 has put down the right fork
1505 3 is sleeping
1505 4 is thinking
1505 1 is sleeping
1505 2 has taken the left fork
1505 2 has taken the right fork
1505 2 is eating
DBG_EAT: id=2 time_last_meal=1505
1505 4 has taken the left fork
1505 4 has taken the right fork
1505 4 is eating
DBG_EAT: id=4 time_last_meal=1505
1605 3 is thinking
1605 1 is thinking
DBG_EAT2: id=2 meals=8
1605 2 has put down the right fork
1605 2 has put down the left fork
1605 2 is sleeping
1605 3 has taken the right fork
DBG_EAT2: id=4 meals=8
1606 4 has put down the right fork
1606 4 has put down the left fork
1606 1 has taken the right fork
1606 1 has taken the left fork
1606 1 is eating
DBG_EAT: id=1 time_last_meal=1606
1606 4 is sleeping
1606 3 has taken the left fork
1606 3 is eating
DBG_EAT: id=3 time_last_meal=1606
DBG_EAT2: id=1 meals=9
DBG_EAT2: id=3 meals=9
1706 3 has put down the left fork
1706 3 has put down the right fork
1706 3 is sleeping
1706 2 is thinking
1706 1 has put down the left fork
1706 1 has put down the right fork
1706 2 has taken the left fork
1706 2 has taken the right fork
1706 2 is eating
DBG_EAT: id=2 time_last_meal=1706
1706 1 is sleeping
1706 4 is thinking
1706 4 has taken the left fork
1706 4 has taken the right fork
1706 4 is eating
DBG_EAT: id=4 time_last_meal=1706
1806 1 is thinking
DBG_EAT2: id=2 meals=9
1806 2 has put down the right fork
1806 2 has put down the left fork
1806 3 is thinking
1806 3 has taken the right fork
1806 2 is sleeping
DBG_EAT2: id=4 meals=9
1807 4 has put down the right fork
1807 4 has put down the left fork
1807 3 has taken the left fork
1807 3 is eating
DBG_EAT: id=3 time_last_meal=1807
1807 4 is sleeping
1807 1 has taken the right fork
1807 1 has taken the left fork
1807 1 is eating
DBG_EAT: id=1 time_last_meal=1807
1907 2 is thinking
1907 4 is thinking
DBG_EAT2: id=3 meals=10
1907 3 has put down the left fork
1907 3 has put down the right fork
1907 3 is sleeping
1907 2 has taken the left fork
DBG_EAT2: id=1 meals=10
1907 1 has put down the left fork
1907 1 has put down the right fork
1907 2 has taken the right fork
1907 2 is eating
DBG_EAT: id=2 time_last_meal=1907
1907 1 is sleeping
1907 4 has taken the left fork
1907 4 has taken the right fork
1907 4 is eating
DBG_EAT: id=4 time_last_meal=1907
2007 3 is thinking
DBG_EAT2: id=2 meals=10
2007 2 has put down the right fork
2007 2 has put down the left fork
DBG_EAT2: id=4 meals=10
2007 4 has put down the right fork
2007 3 has taken the right fork
2007 3 has taken the left fork
2007 4 has put down the left fork
2007 3 is eating
2007 4 is sleeping
DBG_EAT: id=3 time_last_meal=2007
2007 2 is sleeping
2007 1 is thinking
2007 1 has taken the right fork
2007 1 has taken the left fork
2007 1 is eating
DBG_EAT: id=1 time_last_meal=2007
DBG_EAT2: id=1 meals=11
DBG_EAT2: id=3 meals=11
2107 1 has put down the left fork
2107 1 has put down the right fork
2107 1 is sleeping
2107 2 is thinking
2107 4 is thinking
2107 3 has put down the left fork
2107 3 has put down the right fork
2108 3 is sleeping
2108 2 has taken the left fork
2108 2 has taken the right fork
2108 2 is eating
DBG_EAT: id=2 time_last_meal=2108
2108 4 has taken the left fork
2108 4 has taken the right fork
2108 4 is eating
DBG_EAT: id=4 time_last_meal=2108
DBG_EAT2: id=2 meals=11
2208 3 is thinking
2208 1 is thinking
DBG_EAT2: id=4 meals=11
2208 4 has put down the right fork
2208 2 has put down the right fork
2208 4 has put down the left fork
2208 4 is sleeping
2208 1 has taken the right fork
2208 1 has taken the left fork
2208 1 is eating
DBG_EAT: id=1 time_last_meal=2208
2208 2 has put down the left fork
2208 2 is sleeping
2208 3 has taken the right fork
2208 3 has taken the left fork
2208 3 is eating
DBG_EAT: id=3 time_last_meal=2208
DBG_EAT2: id=1 meals=12
2308 2 is thinking
2308 1 has put down the left fork
2308 1 has put down the right fork
2308 1 is sleeping
DBG_EAT2: id=3 meals=12
2308 3 has put down the left fork
2308 3 has put down the right fork
2308 3 is sleeping
2308 2 has taken the left fork
2308 2 has taken the right fork
2308 2 is eating
DBG_EAT: id=2 time_last_meal=2308
2308 4 is thinking
2309 4 has taken the left fork
2309 4 has taken the right fork
2309 4 is eating
DBG_EAT: id=4 time_last_meal=2309
2409 1 is thinking
2409 3 is thinking
DBG_EAT2: id=2 meals=12
2409 2 has put down the right fork
2409 2 has put down the left fork
2409 3 has taken the right fork
2409 2 is sleeping
DBG_EAT2: id=4 meals=12
2409 4 has put down the right fork
2409 4 has put down the left fork
2409 3 has taken the left fork
2409 3 is eating
DBG_EAT: id=3 time_last_meal=2409
2409 4 is sleeping
2409 1 has taken the right fork
2409 1 has taken the left fork
2409 1 is eating
DBG_EAT: id=1 time_last_meal=2409
2509 2 is thinking
DBG_EAT2: id=3 meals=13
2509 3 has put down the left fork
2509 3 has put down the right fork
2509 3 is sleeping
DBG_EAT2: id=1 meals=13
2509 1 has put down the left fork
2509 4 is thinking
2509 1 has put down the right fork
2509 2 has taken the left fork
2509 2 has taken the right fork
2509 2 is eating
DBG_EAT: id=2 time_last_meal=2509
2509 1 is sleeping
2509 4 has taken the left fork
2509 4 has taken the right fork
2509 4 is eating
DBG_EAT: id=4 time_last_meal=2509
DBG_EAT2: id=2 meals=13
2610 2 has put down the right fork
2610 2 has put down the left fork
2610 1 is thinking
DBG_EAT2: id=4 meals=13
2610 4 has put down the right fork
2610 4 has put down the left fork
2610 4 is sleeping
2610 2 is sleeping
2610 1 has taken the right fork
2610 1 has taken the left fork
2610 1 is eating
DBG_EAT: id=1 time_last_meal=2610
2610 3 is thinking
2610 3 has taken the right fork
2610 3 has taken the left fork
2610 3 is eating
DBG_EAT: id=3 time_last_meal=2610
DBG_EAT2: id=1 meals=14
2710 2 is thinking
2710 1 has put down the left fork
2710 1 has put down the right fork
DBG_EAT2: id=3 meals=14
2710 3 has put down the left fork
2710 3 has put down the right fork
2710 3 is sleeping
2710 4 is thinking
2710 1 is sleeping
2710 2 has taken the left fork
2710 2 has taken the right fork
2710 2 is eating
DBG_EAT: id=2 time_last_meal=2710
2710 4 has taken the left fork
2710 4 has taken the right fork
2710 4 is eating
DBG_EAT: id=4 time_last_meal=2710
2810 1 is thinking
2810 3 is thinking
DBG_EAT2: id=2 meals=14
2810 2 has put down the right fork
DBG_EAT2: id=4 meals=14
2810 4 has put down the right fork
2810 2 has put down the left fork
2810 4 has put down the left fork
2810 4 is sleeping
2810 2 is sleeping
2810 3 has taken the right fork
2810 3 has taken the left fork
2810 3 is eating
DBG_EAT: id=3 time_last_meal=2810
2810 1 has taken the right fork
2810 1 has taken the left fork
2810 1 is eating
DBG_EAT: id=1 time_last_meal=2810
DBG_EAT2: id=1 meals=15
2911 1 has put down the left fork
2911 1 has put down the right fork
2911 1 is sleeping
2911 2 is thinking
DBG_EAT2: id=3 meals=15
2911 3 has put down the left fork
2911 3 has put down the right fork
2911 3 is sleeping
2911 4 is thinking
2911 2 has taken the left fork
2911 2 has taken the right fork
2911 2 is eating
DBG_EAT: id=2 time_last_meal=2911
2911 4 has taken the left fork
2911 4 has taken the right fork
2911 4 is eating
DBG_EAT: id=4 time_last_meal=2911
DBG_EAT2: id=2 meals=15
3011 3 is thinking
3011 2 has put down the right fork
3011 2 has put down the left fork
3011 3 has taken the right fork
3011 1 is thinking
DBG_EAT2: id=4 meals=15
3011 4 has put down the right fork
3011 3 has taken the left fork
3011 3 is eating
DBG_EAT: id=3 time_last_meal=3011
3011 2 is sleeping
3011 4 has put down the left fork
3011 4 is sleeping
3011 1 has taken the right fork
3011 1 has taken the left fork
3011 1 is eating
DBG_EAT: id=1 time_last_meal=3011
DBG_EAT2: id=1 meals=16
DBG_EAT2: id=3 meals=16
3111 1 has put down the left fork
3111 1 has put down the right fork
3111 3 has put down the left fork
3111 2 is thinking
3111 3 has put down the right fork
3111 1 is sleeping
3111 3 is sleeping
3111 4 is thinking
3111 2 has taken the left fork
3111 2 has taken the right fork
3111 2 is eating
DBG_EAT: id=2 time_last_meal=3111
3112 4 has taken the left fork
3112 4 has taken the right fork
3112 4 is eating
DBG_EAT: id=4 time_last_meal=3112
3211 1 is thinking
3212 3 is thinking
DBG_EAT2: id=2 meals=16
3212 2 has put down the right fork
3212 2 has put down the left fork
3212 3 has taken the right fork
3212 2 is sleeping
DBG_EAT2: id=4 meals=16
3212 4 has put down the right fork
3212 4 has put down the left fork
3212 3 has taken the left fork
3212 3 is eating
DBG_EAT: id=3 time_last_meal=3212
3212 4 is sleeping
3212 1 has taken the right fork
3212 1 has taken the left fork
3212 1 is eating
DBG_EAT: id=1 time_last_meal=3212
3312 2 is thinking
DBG_EAT2: id=3 meals=17
3312 4 is thinking
DBG_EAT2: id=1 meals=17
3312 1 has put down the left fork
3312 1 has put down the right fork
3312 3 has put down the left fork
3312 3 has put down the right fork
3312 3 is sleeping
3312 1 is sleeping
3312 2 has taken the left fork
3312 2 has taken the right fork
3312 2 is eating
DBG_EAT: id=2 time_last_meal=3312
3312 4 has taken the left fork
3312 4 has taken the right fork
3312 4 is eating
DBG_EAT: id=4 time_last_meal=3312
DBG_EAT2: id=2 meals=17
3413 3 is thinking
3413 2 has put down the right fork
3413 2 has put down the left fork
3413 1 is thinking
3413 3 has taken the right fork
DBG_EAT2: id=4 meals=17
3413 2 is sleeping
3413 4 has put down the right fork
3413 4 has put down the left fork
3413 1 has taken the right fork
3413 1 has taken the left fork
3413 3 has taken the left fork
3413 3 is eating
DBG_EAT: id=3 time_last_meal=3413
3413 1 is eating
3413 4 is sleeping
DBG_EAT: id=1 time_last_meal=3413
DBG_EAT2: id=1 meals=18
DBG_EAT2: id=3 meals=18
3513 1 has put down the left fork
3513 3 has put down the left fork
3513 3 has put down the right fork
3513 3 is sleeping
3513 2 is thinking
3513 4 is thinking
3513 1 has put down the right fork
3513 1 is sleeping
3513 2 has taken the left fork
3513 2 has taken the right fork
3513 2 is eating
DBG_EAT: id=2 time_last_meal=3513
3513 4 has taken the left fork
3513 4 has taken the right fork
3513 4 is eating
DBG_EAT: id=4 time_last_meal=3513
DBG_EAT2: id=2 meals=18
3613 1 is thinking
3613 2 has put down the right fork
3613 2 has put down the left fork
3613 3 is thinking
3613 3 has taken the right fork
DBG_EAT2: id=4 meals=18
3613 2 is sleeping
3614 4 has put down the right fork
3614 4 has put down the left fork
3614 3 has taken the left fork
3614 3 is eating
DBG_EAT: id=3 time_last_meal=3614
3614 4 is sleeping
3614 1 has taken the right fork
3614 1 has taken the left fork
3614 1 is eating
DBG_EAT: id=1 time_last_meal=3614
DBG_EAT2: id=1 meals=19
3714 4 is thinking
3714 1 has put down the left fork
3714 1 has put down the right fork
3714 2 is thinking
DBG_EAT2: id=3 meals=19
3714 3 has put down the left fork
3714 3 has put down the right fork
3714 3 is sleeping
3714 1 is sleeping
3714 4 has taken the left fork
3714 4 has taken the right fork
3714 4 is eating
DBG_EAT: id=4 time_last_meal=3714
3714 2 has taken the left fork
3714 2 has taken the right fork
3714 2 is eating
DBG_EAT: id=2 time_last_meal=3714
3814 3 is thinking
3814 1 is thinking
DBG_EAT2: id=4 meals=19
3814 4 has put down the right fork
DBG_EAT2: id=2 meals=19
3814 2 has put down the right fork
3814 4 has put down the left fork
3814 4 is sleeping
3814 2 has put down the left fork
3814 2 is sleeping
3814 1 has taken the right fork
3814 1 has taken the left fork
3814 1 is eating
DBG_EAT: id=1 time_last_meal=3814
3814 3 has taken the right fork
3814 3 has taken the left fork
3814 3 is eating
DBG_EAT: id=3 time_last_meal=3814
3914 2 is thinking
3914 4 is thinking
DBG_EAT2: id=1 meals=20
3914 1 has put down the left fork
3914 1 has put down the right fork
3914 1 is sleeping
DBG_EAT2: id=3 meals=20
3914 3 has put down the left fork
3914 3 has put down the right fork
3914 3 is sleeping
3915 4 has taken the left fork
3915 4 has taken the right fork
3915 4 is eating
DBG_EAT: id=4 time_last_meal=3915
3915 2 has taken the left fork
3915 2 has taken the right fork
3915 2 is eating
DBG_EAT: id=2 time_last_meal=3915
4015 1 is thinking
DBG_EAT2: id=4 meals=20
4015 4 has put down the right fork
4015 4 has put down the left fork
4015 4 is sleeping
4015 3 is thinking
4015 1 has taken the right fork
DBG_EAT2: id=2 meals=20
4015 2 has put down the right fork
4015 2 has put down the left fork
4015 2 is sleeping
4015 1 has taken the left fork
4015 1 is eating
DBG_EAT: id=1 time_last_meal=4015
4015 3 has taken the right fork
4015 3 has taken the left fork
4015 3 is eating
DBG_EAT: id=3 time_last_meal=4015
4115 4 is thinking
DBG_EAT2: id=3 meals=21
4115 3 has put down the left fork
4115 3 has put down the right fork
DBG_EAT2: id=1 meals=21
4115 1 has put down the left fork
4115 1 has put down the right fork
4115 1 is sleeping
4115 2 is thinking
4115 3 is sleeping
4115 4 has taken the left fork
4115 4 has taken the right fork
4115 4 is eating
DBG_EAT: id=4 time_last_meal=4115
4116 2 has taken the left fork
4116 2 has taken the right fork
4116 2 is eating
DBG_EAT: id=2 time_last_meal=4116
4216 1 is thinking
DBG_EAT2: id=2 meals=21
4216 2 has put down the right for