DBG_INIT: meal_mutex init for philo 1
DBG_INIT: meal_mutex init for philo 2
DBG_INIT: meal_mutex init for philo 3
DBG_INIT: meal_mutex init for philo 4
DBG: init philo[1].time_last_meal=0
DBG: init philo[2].time_last_meal=0
DBG: init philo[3].time_last_meal=0
DBG: init philo[4].time_last_meal=0
0 1 has taken the right fork
0 1 has taken the left fork
0 1 is eating
DBG_EAT: id=1 time_last_meal=0
1 3 has taken the right fork
1 3 has taken the left fork
1 3 is eating
DBG_EAT: id=3 time_last_meal=1
DBG: start_time=1758387281938
DBG_EAT2: id=1 meals=1
200 1 has put down the left fork
201 1 has put down the right fork
201 1 is sleeping
201 4 has taken the left fork
DBG_EAT2: id=3 meals=1
201 3 has put down the left fork
201 4 has taken the right fork
201 4 is eating
DBG_EAT: id=4 time_last_meal=201
201 3 has put down the right fork
201 3 is sleeping
201 2 has taken the left fork
201 2 has taken the right fork
201 2 is eating
DBG_EAT: id=2 time_last_meal=201
261 1 is thinking
261 3 is thinking
DBG_EAT2: id=4 meals=1
401 4 has put down the right fork
DBG_EAT2: id=2 meals=1
401 2 has put down the right fork
401 4 has put down the left fork
401 2 has put down the left fork
401 2 is sleeping
401 4 is sleeping
402 1 has taken the right fork
402 3 has taken the right fork
402 3 has taken the left fork
402 3 is eating
DBG_EAT: id=3 time_last_meal=402
402 1 has taken the left fork
402 1 is eating
DBG_EAT: id=1 time_last_meal=402
462 2 is thinking
462 4 is thinking
DBG_EAT2: id=1 meals=2
602 1 has put down the left fork
DBG_EAT2: id=3 meals=2
602 3 has put down the left fork
602 1 has put down the right fork
602 3 has put down the right fork
602 3 is sleeping
602 1 is sleeping
602 4 has taken the left fork
602 4 has taken the right fork
602 4 is eating
DBG_EAT: id=4 time_last_meal=602
602 2 has taken the left fork
602 2 has taken the right fork
602 2 is eating
DBG_EAT: id=2 time_last_meal=602
662 1 is thinking
662 3 is thinking
DBG_EAT2: id=4 meals=2
802 4 has put down the right fork
DBG_EAT2: id=2 meals=2
802 2 has put down the right fork
802 4 has put down the left fork
802 2 has put down the left fork
802 2 is sleeping
802 4 is sleeping
802 1 has taken the right fork
802 1 has taken the left fork
802 1 is eating
DBG_EAT: id=1 time_last_meal=802
802 3 has taken the right fork
803 3 has taken the left fork
803 3 is eating
DBG_EAT: id=3 time_last_meal=803
863 2 is thinking
863 4 is thinking
DBG_EAT2: id=1 meals=3
1003 1 has put down the left fork
DBG_EAT2: id=3 meals=3
1003 3 has put down the left fork
1003 1 has put down the right fork
1003 3 has put down the right fork
1003 3 is sleeping
1003 1 is sleeping
1003 4 has taken the left fork
1003 4 has taken the right fork
1003 4 is eating
DBG_EAT: id=4 time_last_meal=1003
1003 2 has taken the left fork
1003 2 has taken the right fork
1003 2 is eating
DBG_EAT: id=2 time_last_meal=1003
1063 1 is thinking
1063 3 is thinking
DBG_EAT2: id=4 meals=3
1203 4 has put down the right fork
DBG_EAT2: id=2 meals=3
1203 2 has put down the right fork
1203 4 has put down the left fork
1203 2 has put down the left fork
1203 2 is sleeping
1203 4 is sleeping
1203 1 has taken the right fork
1203 1 has taken the left fork
1203 1 is eating
DBG_EAT: id=1 time_last_meal=1203
1203 3 has taken the right fork
1203 3 has taken the left fork
1203 3 is eating
DBG_EAT: id=3 time_last_meal=1203
1264 2 is thinking
1264 4 is thinking
DBG_EAT2: id=3 meals=4
1403 3 has put down the left fork
DBG_EAT2: id=1 meals=4
1403 1 has put down the left fork
1403 3 has put down the right fork
1403 3 is sleeping
1403 1 has put down the right fork
1403 1 is sleeping
1403 2 has taken the left fork
1403 2 has taken the right fork
1403 2 is eating
DBG_EAT: id=2 time_last_meal=1403
1403 4 has taken the left fork
1404 4 has taken the right fork
1404 4 is eating
DBG_EAT: id=4 time_last_meal=1404
1464 3 is thinking
1464 1 is thinking
DBG_EAT2: id=4 meals=4
1604 4 has put down the right fork
DBG_EAT2: id=2 meals=4
1604 2 has put down the right fork
1604 4 has put down the left fork
1604 4 is sleeping
1604 2 has put down the left fork
1604 2 is sleeping
1604 1 has taken the right fork
1604 1 has taken the left fork
1604 1 is eating
DBG_EAT: id=1 time_last_meal=1604
1604 3 has taken the right fork
1604 3 has taken the left fork
1604 3 is eating
DBG_EAT: id=3 time_last_meal=1604
1664 4 is thinking
1664 2 is thinking
DBG_EAT2: id=1 meals=5
1804 1 has put down the left fork
1804 1 has put down the right fork
1804 1 is sleeping
1804 4 has taken the left fork
DBG_EAT2: id=3 meals=5
1804 3 has put down the left fork
1804 4 has taken the right fork
1804 4 is eating
DBG_EAT: id=4 time_last_meal=1804
1804 3 has put down the right fork
1804 3 is sleeping
1804 2 has taken the left fork
1804 2 has taken the right fork
1804 2 is eating
DBG_EAT: id=2 time_last_meal=1804
1864 1 is thinking
1864 3 is thinking
DBG_EAT2: id=4 meals=5
2004 4 has put down the right fork
2004 4 has put down the left fork
2004 4 is sleeping
2004 1 has taken the right fork
DBG_EAT2: id=2 meals=5
2004 2 has put down the right fork
2004 2 has put down the left fork
2004 2 is sleeping
2004 3 has taken the right fork
2004 3 has taken the left fork
2004 3 is eating
DBG_EAT: id=3 time_last_meal=2004
2004 1 has taken the left fork
2004 1 is eating
DBG_EAT: id=1 time_last_meal=2004
2064 4 is thinking
2065 2 is thinking
DBG_EAT2: id=1 meals=6
DBG_EAT2: id=3 meals=6
2205 1 has put down the left fork
2205 3 has put down the left fork
2205 1 has put down the right fork
2205 3 has put down the right fork
2205 3 is sleeping
2205 1 is sleeping
2205 2 has taken the left fork
2205 2 has taken the right fork
2205 2 is eating
DBG_EAT: id=2 time_last_meal=2205
2205 4 has taken the left fork
2205 4 has taken the right fork
2205 4 is eating
DBG_EAT: id=4 time_last_meal=2205
2265 1 is thinking
2265 3 is thinking
DBG_EAT2: id=4 meals=6
2405 4 has put down the right fork
DBG_EAT2: id=2 meals=6
2405 2 has put down the right fork
2405 4 has put down the left fork
2405 4 is sleeping
2405 2 has put down the left fork
2405 2 is sleeping
2405 1 has taken the right fork
2405 1 has taken the left fork
2405 1 is eating
DBG_EAT: id=1 time_last_meal=2405
2405 3 has taken the right fork
2405 3 has taken the left fork
2405 3 is eating
DBG_EAT: id=3 time_last_meal=2405
2465 4 is thinking
2465 2 is thinking
DBG_EAT2: id=3 meals=7
2605 3 has put down the left fork
DBG_EAT2: id=1 meals=7
2605 1 has put down the left fork
2605 3 has put down the right fork
2605 1 has put down the right fork
2605 1 is sleeping
2605 3 is sleeping
2605 2 has taken the left fork
2605 2 has taken the right fork
2605 2 is eating
DBG_EAT: id=2 time_last_meal=2605
2605 4 has taken the left fork
2605 4 has taken the right fork
2605 4 is eating
DBG_EAT: id=4 time_last_meal=2605
2666 1 is thinking
2666 3 is thinking
DBG_EAT2: id=2 meals=7
2806 2 has put down the right fork
DBG_EAT2: id=4 meals=7
2806 4 has put down the right fork
2806 2 has put down the left fork
2806 4 has put down the left fork
2806 4 is sleeping
2806 2 is sleeping
2806 3 has taken the right fork
2806 3 has taken the left fork
2806 3 is eating
DBG_EAT: id=3 time_last_meal=2806
2806 1 has taken the right fork
2806 1 has taken the left fork
2806 1 is eating
DBG_EAT: id=1 time_last_meal=2806
2866 4 is thinking
2866 2 is thinking
DBG_EAT2: id=1 meals=8
3006 1 has put down the left fork
DBG_EAT2: id=3 meals=8
3006 3 has put down the left fork
3006 1 has put down the right fork
3006 1 is sleeping
3006 3 has put down the right fork
3006 3 is sleeping
3006 2 has taken the left fork
3006 4 has taken the left fork
3006 2 has taken the right fork
3006 2 is eating
DBG_EAT: id=2 time_last_meal=3006
3006 4 has taken the right fork
3006 4 is eating
DBG_EAT: id=4 time_last_meal=3006
3066 3 is thinking
3066 1 is thinking
DBG_EAT2: id=4 meals=8
3206 4 has put down the right fork
DBG_EAT2: id=2 meals=8
3206 2 has put down the right fork
3206 4 has put down the left fork
3206 4 is sleeping
3206 2 has put down the left fork
3206 2 is sleeping
3206 1 has taken the right fork
3206 1 has taken the left fork
3206 1 is eating
DBG_EAT: id=1 time_last_meal=3206
3206 3 has taken the right fork
3206 3 has taken the left fork
3206 3 