DBG_INIT: meal_mutex init for philo 1
DBG_INIT: meal_mutex init for philo 2
DBG_INIT: meal_mutex init for philo 3
DBG_INIT: meal_mutex init for philo 4
DBG: init philo[1].time_last_meal=0
DBG: init philo[2].time_last_meal=0
DBG: init philo[3].time_last_meal=0
DBG: init philo[4].time_last_meal=0
1 1 has taken the right fork
1 1 has taken the left fork
1 1 is eating
DBG_EAT: id=1 time_last_meal=1
1 3 has taken the right fork
1 3 has taken the left fork
1 3 is eating
DBG_EAT: id=3 time_last_meal=1
DBG: start_time=1758386796896
DBG_EAT2: id=1 meals=1
61 1 has put down the left fork
61 1 has put down the right fork
61 4 has taken the left fork
61 1 is sleeping
DBG_EAT2: id=3 meals=1
61 3 has put down the left fork
61 3 has put down the right fork
61 3 is sleeping
61 4 has taken the right fork
61 4 is eating
DBG_EAT: id=4 time_last_meal=61
61 2 has taken the left fork
61 2 has taken the right fork
61 2 is eating
DBG_EAT: id=2 time_last_meal=61
DBG_EAT2: id=4 meals=1
121 4 has put down the right fork
121 4 has put down the left fork
121 4 is sleeping
DBG_EAT2: id=2 meals=1
121 2 has put down the right fork
121 2 has put down the left fork
121 2 is sleeping
161 1 is thinking
161 1 has taken the right fork
161 1 has taken the left fork
161 1 is eating
DBG_EAT: id=1 time_last_meal=161
161 3 is thinking
161 3 has taken the right fork
161 3 has taken the left fork
161 3 is eating
DBG_EAT: id=3 time_last_meal=161
DBG_EAT2: id=1 meals=2
221 1 has put down the left fork
221 1 has put down the right fork
221 1 is sleeping
DBG_EAT2: id=3 meals=2
221 3 has put down the left fork
221 3 has put down the right fork
221 3 is sleeping
221 2 is thinking
221 4 is thinking
221 2 has taken the left fork
221 2 has taken the right fork
221 2 is eating
DBG_EAT: id=2 time_last_meal=221
221 4 has taken the left fork
221 4 has taken the right fork
221 4 is eating
DBG_EAT: id=4 time_last_meal=221
DBG_EAT2: id=4 meals=2
281 4 has put down the right fork
281 4 has put down the left fork
281 4 is sleeping
DBG_EAT2: id=2 meals=2
281 2 has put down the right fork
281 2 has put down the left fork
281 2 is sleeping
321 1 is thinking
321 1 has taken the right fork
321 1 has taken the left fork
321 1 is eating
DBG_EAT: id=1 time_last_meal=321
321 3 is thinking
321 3 has taken the right fork
321 3 has taken the left fork
321 3 is eating
DBG_EAT: id=3 time_last_meal=321
DBG_EAT2: id=1 meals=3
381 1 has put down the left fork
381 1 has put down the right fork
381 1 is sleeping
DBG_EAT2: id=3 meals=3
381 3 has put down the left fork
381 3 has put down the right fork
381 3 is sleeping
381 4 is thinking
381 2 is thinking
381 4 has taken the left fork
381 4 has taken the right fork
381 4 is eating
DBG_EAT: id=4 time_last_meal=381
381 2 has taken the left fork
381 2 has taken the right fork
381 2 is eating
DBG_EAT: id=2 time_last_meal=381
DBG_EAT2: id=4 meals=3
442 4 has put down the right fork
442 4 has put down the left fork
442 4 is sleeping
DBG_EAT2: id=2 meals=3
442 2 has put down the right fork
442 2 has put down the left fork
442 2 is sleeping
481 3 is thinking
481 3 has taken the right fork
481 3 has taken the left fork
481 3 is eating
DBG_EAT: id=3 time_last_meal=481
481 1 is thinking
481 1 has taken the right fork
481 1 has taken the left fork
481 1 is eating
DBG_EAT: id=1 time_last_meal=481
DBG_EAT2: id=1 meals=4
541 1 has put down the left fork
541 1 has put down the right fork
541 1 is sleeping
DBG_EAT2: id=3 meals=4
541 3 has put down the left fork
541 3 has put down the right fork
541 3 is sleeping
542 4 is thinking
542 2 is thinking
542 4 has taken the left fork
542 4 has taken the right fork
542 4 is eating
DBG_EAT: id=4 time_last_meal=542
542 2 has taken the left fork
542 2 has taken the right fork
542 2 is eating
DBG_EAT: id=2 time_last_meal=542
DBG_EAT2: id=4 meals=4
602 4 has put down the right fork
602 4 has put down the left fork
602 4 is sleeping
DBG_EAT2: id=2 meals=4
602 2 has put down the right fork
602 2 has put down the left fork
602 2 is sleeping
641 1 is thinking
641 1 has taken the right fork
641 1 has taken the left fork
641 1 is eating
DBG_EAT: id=1 time_last_meal=641
642 3 is thinking
642 3 has taken the right fork
642 3 has taken the left fork
642 3 is eating
DBG_EAT: id=3 time_last_meal=642
DBG_EAT2: id=1 meals=5
702 1 has put down the left fork
702 1 has put down the right fork
702 1 is sleeping
DBG_EAT2: id=3 meals=5
702 3 has put down the left fork
702 3 has put down the right fork
702 3 is sleeping
702 2 is thinking
702 4 is thinking
702 2 has taken the left fork
702 2 has taken the right fork
702 2 is eating
DBG_EAT: id=2 time_last_meal=702
702 4 has taken the left fork
702 4 has taken the right fork
702 4 is eating
DBG_EAT: id=4 time_last_meal=702
DBG_EAT2: id=2 meals=5
762 2 has put down the right fork
762 2 has put down the left fork
762 2 is sleeping
DBG_EAT2: id=4 meals=5
762 4 has put down the right fork
762 4 has put down the left fork
762 4 is sleeping
762 All philosophers ate enough
