DBG_INIT: meal_mutex init for philo 1
DBG_INIT: meal_mutex init for philo 2
DBG: init philo[1].time_last_meal=0
DBG: init philo[2].time_last_meal=0
1 1 has taken the right fork
1 1 has taken the left fork
1 1 is eating
DBG_EAT: id=1 time_last_meal=1
DBG: start_time=1758402829176
DBG_EAT2: id=1 meals=1
201 1 has put down the left fork
201 1 has put down the right fork
201 1 is sleeping
201 2 has taken the left fork
201 2 has taken the right fork
201 2 is eating
DBG_EAT: id=2 time_last_meal=201
261 1 is thinking
DBG_EAT2: id=2 meals=1
402 2 has put down the right fork
402 2 has put down the left fork
402 1 has taken the right fork
402 1 has taken the left fork
402 1 is eating
DBG_EAT: id=1 time_last_meal=402
402 2 is sleeping
462 2 is thinking
DBG_EAT2: id=1 meals=2
602 1 has put down the left fork
602 1 has put down the right fork
602 1 is sleeping
602 2 has taken the left fork
602 2 has taken the right fork
602 2 is eating
DBG_EAT: id=2 time_last_meal=602
662 1 is thinking
DBG_EAT2: id=2 meals=2
802 2 has put down the right fork
802 2 has put down the left fork
802 2 is sleeping
802 1 has taken the right fork
802 1 has taken the left fork
802 1 is eating
DBG_EAT: id=1 time_last_meal=802
863 2 is thinking
DBG_EAT2: id=1 meals=3
1003 1 has put down the left fork
1003 1 has put down the right fork
1003 1 is sleeping
1003 2 has taken the left fork
1003 2 has taken the right fork
1003 2 is eating
DBG_EAT: id=2 time_last_meal=1003
1063 1 is thinking
DBG_EAT2: id=2 meals=3
1203 2 has put down the right fork
1203 2 has put down the left fork
1203 2 is sleeping
1203 1 has taken the right fork
1203 1 has taken the left fork
1203 1 is eating
DBG_EAT: id=1 time_last_meal=1203
1263 2 is thinking
DBG_EAT2: id=1 meals=4
1404 1 has put down the left fork
1404 1 has put down the right fork
1404 1 is sleeping
1404 2 has died (last meal at 1003)
