DBG_INIT: meal_mutex init for philo 1
DBG_INIT: meal_mutex init for philo 2
DBG_INIT: meal_mutex init for philo 3
DBG_INIT: meal_mutex init for philo 4
DBG: init philo[1].time_last_meal=0
DBG: init philo[2].time_last_meal=0
DBG: init philo[3].time_last_meal=0
DBG: init philo[4].time_last_meal=0
1 1 has taken the right fork
1 1 has taken the left fork
1 1 is eating
DBG_EAT: id=1 time_last_meal=1
1 3 has taken the right fork
1 3 has taken the left fork
1 3 is eating
DBG_EAT: id=3 time_last_meal=1
DBG: start_time=1758386906117
DBG_EAT2: id=1 meals=1
61 1 has put down the left fork
DBG_EAT2: id=3 meals=1
61 3 has put down the left fork
61 1 has put down the right fork
61 3 has put down the right fork
61 1 is sleeping
61 3 is sleeping
61 2 has taken the left fork
61 2 has taken the right fork
61 2 is eating
DBG_EAT: id=2 time_last_meal=61
61 4 has taken the left fork
61 4 has taken the right fork
61 4 is eating
DBG_EAT: id=4 time_last_meal=61
DBG_EAT2: id=2 meals=1
121 2 has put down the right fork
121 2 has put down the left fork
DBG_EAT2: id=4 meals=1
121 4 has put down the right fork
121 4 has put down the left fork
121 4 is sleeping
121 2 is sleeping
261 3 is thinking
261 3 has taken the right fork
261 3 has taken the left fork
261 3 is eating
DBG_EAT: id=3 time_last_meal=261
261 1 is thinking
261 1 has taken the right fork
261 1 has taken the left fork
261 1 is eating
DBG_EAT: id=1 time_last_meal=261
DBG_EAT2: id=1 meals=2
321 1 has put down the left fork
321 1 has put down the right fork
321 4 is thinking
321 2 is thinking
321 1 is sleeping
DBG_EAT2: id=3 meals=2
321 3 has put down the left fork
321 3 has put down the right fork
321 3 is sleeping
321 4 has taken the left fork
321 4 has taken the right fork
321 4 is eating
DBG_EAT: id=4 time_last_meal=321
321 2 has taken the left fork
321 2 has taken the right fork
321 2 is eating
DBG_EAT: id=2 time_last_meal=321
DBG_EAT2: id=4 meals=2
381 4 has put down the right fork
381 4 has put down the left fork
381 4 is sleeping
DBG_EAT2: id=2 meals=2
381 2 has put down the right fork
381 2 has put down the left fork
381 2 is sleeping
521 1 is thinking
521 1 has taken the right fork
521 1 has taken the left fork
521 1 is eating
DBG_EAT: id=1 time_last_meal=521
521 3 is thinking
521 3 has taken the right fork
521 3 has taken the left fork
521 3 is eating
DBG_EAT: id=3 time_last_meal=521
DBG_EAT2: id=1 meals=3
581 1 has put down the left fork
581 1 has put down the right fork
DBG_EAT2: id=3 meals=3
581 3 has put down the left fork
581 3 has put down the right fork
581 3 is sleeping
581 1 is sleeping
581 4 is thinking
581 2 is thinking
581 4 has taken the left fork
581 4 has taken the right fork
581 4 is eating
DBG_EAT: id=4 time_last_meal=581
581 2 has taken the left fork
581 2 has taken the right fork
581 2 is eating
DBG_EAT: id=2 time_last_meal=581
DBG_EAT2: id=4 meals=3
641 4 has put down the right fork
641 4 has put down the left fork
641 4 is sleeping
DBG_EAT2: id=2 meals=3
642 2 has put down the right fork
642 2 has put down the left fork
642 2 is sleeping
781 3 is thinking
781 3 has taken the right fork
781 3 has taken the left fork
781 3 is eating
DBG_EAT: id=3 time_last_meal=781
781 1 is thinking
781 1 has taken the right fork
781 1 has taken the left fork
781 1 is eating
DBG_EAT: id=1 time_last_meal=781
DBG_EAT2: id=3 meals=4
841 3 has put down the left fork
841 3 has put down the right fork
841 3 is sleeping
DBG_EAT2: id=1 meals=4
841 1 has put down the left fork
841 1 has put down the right fork
841 1 is sleeping
842 4 is thinking
842 2 is thinking
842 4 has taken the left fork
842 4 has taken the right fork
842 4 is eating
DBG_EAT: id=4 time_last_meal=842
842 2 has taken the left fork
842 2 has taken the right fork
842 2 is eating
DBG_EAT: id=2 time_last_meal=842
DBG_EAT2: id=4 meals=4
902 4 has put down the right fork
902 4 has put down the left fork
902 4 is sleeping
DBG_EAT2: id=2 meals=4
902 2 has put down the right fork
902 2 has put down the left fork
902 2 is sleeping
1041 3 is thinking
1041 3 has taken the right fork
1041 3 has taken the left fork
1041 3 is eating
DBG_EAT: id=3 time_last_meal=1041
1042 1 is thinking
1042 1 has taken the right fork
1042 1 has taken the left fork
1042 1 is eating
DBG_EAT: id=1 time_last_meal=1042
DBG_EAT2: id=3 meals=5
1102 3 has put down the left fork
1102 3 has put down the right fork
DBG_EAT2: id=1 meals=5
1102 1 has put down the left fork
1102 1 has put down the right fork
1102 3 is sleeping
1102 1 is sleeping
1102 4 is thinking
1102 2 is thinking
1102 4 has taken the left fork
1102 4 has taken the right fork
1102 4 is eating
DBG_EAT: id=4 time_last_meal=1102
1102 2 has taken the left fork
1102 2 has taken the right fork
1102 2 is eating
DBG_EAT: id=2 time_last_meal=1102
DBG_EAT2: id=4 meals=5
1162 4 has put down the right fork
1162 4 has put down the left fork
1162 4 is sleeping
DBG_EAT2: id=2 meals=5
1162 2 has put down the right fork
1162 2 has put down the left fork
1162 2 is sleeping
1302 1 is thinking
1302 1 has taken the right fork
1302 1 has taken the left fork
1302 1 is eating
DBG_EAT: id=1 time_last_meal=1302
1302 3 is thinking
1302 3 has taken the right fork
1302 3 has taken the left fork
1302 3 is eating
DBG_EAT: id=3 time_last_meal=1302
DBG_EAT2: id=1 meals=6
1362 1 has put down the left fork
1362 1 has put down the right fork
DBG_EAT2: id=3 meals=6
1362 3 has put down the left fork
1362 3 has put down the right fork
1362 3 is sleeping
1362 1 is sleeping
1362 4 is thinking
1362 2 is thinking
1362 4 has taken the left fork
1362 4 has taken the right fork
1362 4 is eating
DBG_EAT: id=4 time_last_meal=1362
1362 2 has taken the left fork
1362 2 has taken the right fork
1362 2 is eating
DBG_EAT: id=2 time_last_meal=1362
DBG_EAT2: id=4 meals=6
1422 4 has put down the right fork
1422 4 has put down the left fork
1422 4 is sleeping
DBG_EAT2: id=2 meals=6
1423 2 has put down the right fork
1423 2 has put down the left fork
1423 2 is sleeping
1562 1 is thinking
1562 1 has taken the right fork
1562 1 has taken the left fork
1562 1 is eating
DBG_EAT: id=1 time_last_meal=1562
1562 3 is thinking
1562 3 has taken the right fork
1562 3 has taken the left fork
1562 3 is eating
DBG_EAT: id=3 time_last_meal=1562
DBG_EAT2: id=1 meals=7
1622 1 has put down the left fork
1622 1 has put down the right fork
1622 1 is sleeping
DBG_EAT2: id=3 meals=7
1622 3 has put down the left fork
1622 3 has put down the right fork
1622 3 is sleeping
1623 4 is thinking
1623 2 is thinking
1623 4 has taken the left fork
1623 4 has taken the right fork
1623 4 is eating
DBG_EAT: id=4 time_last_meal=1623
1623 2 has taken the left fork
1623 2 has taken the right fork
1623 2 is eating
DBG_EAT: id=2 time_last_meal=1623
DBG_EAT2: id=2 meals=7
1683 2 has put down the right fork
1683 2 has put down the left fork
DBG_EAT2: id=4 meals=7
1683 4 has put down the right fork
1683 4 has put down the left fork
1683 4 is sleeping
1683 2 is sleeping
1822 1 is thinking
1822 1 has taken the right fork
1822 1 has taken the left fork
1822 1 is eating
DBG_EAT: id=1 time_last_meal=1822
1822 3 is thinking
1822 3 has taken the right fork
1822 3 has taken the left fork
1822 3 is eating
DBG_EAT: id=3 time_last_meal=1822
DBG_EAT2: id=1 meals=8
1882 1 has put down the left fork
1882 1 has put down the right fork
1882 1 is sleeping
DBG_EAT2: id=3 meals=8
1882 3 has put down the left fork
1882 3 has put down the right fork
1882 3 is sleeping
1883 2 is thinking
1883 4 is thinking
1883 2 has taken the left fork
1883 2 has taken the right fork
1883 2 is eating
DBG_EAT: id=2 time_last_meal=1883
1883 4 has taken the left fork
1883 4 has taken the right fork
1883 4 is eating
DBG_EAT: id=4 time_last_meal=1883
DBG_EAT2: id=2 meals=8
1943 2 has put down the right fork
1943 2 has put down the left fork
DBG_EAT2: id=4 meals=8
1943 4 has put down the right fork
1943 4 has put down the left fork
1943 4 is sleeping
1943 2 is sleeping
2082 1 is thinking
2082 1 has taken the right fork
2082 1 has taken the left fork
2082 1 is eating
DBG_EAT: id=1 time_last_meal=2082
2082 3 is thinking
2082 3 has taken the right fork
2082 3 has taken the left fork
2082 3 is eating
DBG_EAT: id=3 time_last_meal=2082
DBG_EAT2: id=1 meals=9
2142 1 has put down the left fork
2142 1 has put down the right fork
2142 1 is sleeping
DBG_EAT2: id=3 meals=9
2142 3 has put down the left fork
2142 3 has put down the right fork
2142 3 is sleeping
2143 2 is thinking
2143 4 is thinking
2143 2 has taken the left fork
2143 2 has taken the right fork
2143 2 is eating
DBG_EAT: id=2 time_last_meal=2143
2143 4 has taken the left fork
2143 4 has taken the right fork
2143 4 is eating
DBG_EAT: id=4 time_last_meal=2143
DBG_EAT2: id=2 meals=9
2203 2 has put down the right fork
2203 2 has put down the left fork
2203 2 is sleeping
DBG_EAT2: id=4 meals=9
2203 4 has put down the right fork
2204 4 has put down the left fork
2204 4 is sleeping
2342 1 is thinking
2342 1 has taken the right fork
2342 1 has taken the left fork
2342 1 is eating
DBG_EAT: id=1 time_last_meal=2342
2343 3 is thinking
2343 3 has taken the right fork
2343 3 has taken the left fork
2343 3 is eating
DBG_EAT: id=3 time_last_meal=2343
DBG_EAT2: id=1 meals=10
2403 1 has put down the left fork
2403 1 has put down the right fork
2403 1 is sleeping
DBG_EAT2: id=3 meals=10
2403 3 has put down the left fork
2403 3 has put down the right fork
2403 3 is sleeping
2403 2 is thinking
2404 4 is thinking
2404 2 has taken the left fork
2404 2 has taken the right fork
2404 2 is eating
DBG_EAT: id=2 time_last_meal=2404
2404 4 has taken the left fork
2404 4 has taken the right fork
2404 4 is eating
DBG_EAT: id=4 time_last_meal=2404
DBG_EAT2: id=2 meals=10
2464 2 has put down the right fork
2464 2 has put down the left fork
DBG_EAT2: id=4 meals=10
2464 4 has put down the right fork
2464 4 has put down the left fork
2464 4 is sleeping
2464 2 is sleeping
2603 1 is thinking
2603 1 has taken the right fork
2603 1 has taken the left fork
2603 1 is eating
DBG_EAT: id=1 time_last_meal=2603
2603 3 is thinking
2603 3 has taken the right fork
2603 3 has taken the left fork
2603 3 is eating
DBG_EAT: id=3 time_last_meal=2603
DBG_EAT2: id=1 meals=11
2663 1 has put down the left fork
2663 1 has put down the right fork
2663 1 is sleeping
DBG_EAT2: id=3 meals=11
2663 3 has put down the left fork
2663 3 has put down the right fork
2663 3 is sleeping
2664 4 is thinking
2664 2 is thinking
2664 4 has taken the left fork
2664 4 has taken the right fork
2664 4 is eating
DBG_EAT: id=4 time_last_meal=2664
2664 2 has taken the left fork
2664 2 has taken the right fork
2664 2 is eating
DBG_EAT: id=2 time_last_meal=2664
DBG_EAT2: id=2 meals=11
2724 2 has put down the right fork
2724 2 has put down the left fork
DBG_EAT2: id=4 meals=11
2724 4 has put down the right fork
2724 4 has put down the left fork
2724 4 is sleeping
2724 2 is sleeping
2863 1 is thinking
2863 1 has taken the right fork
2863 1 has taken the left fork
2863 1 is eating
DBG_EAT: id=1 time_last_meal=2863
2863 3 is thinking
2863 3 has taken the right fork
2863 3 has taken the left fork
2863 3 is eating
DBG_EAT: id=3 time_last_meal=2863
DBG_EAT2: id=1 meals=12
2923 1 has put down the left fork
2923 1 has put down the right fork
2923 1 is sleeping
DBG_EAT2: id=3 meals=12
2923 3 has put down the left fork
2923 3 has put down the right fork
2923 3 is sleeping
2924 4 is thinking
2924 2 is thinking
2924 4 has taken the left fork
2924 4 has taken the right fork
2924 4 is eating
DBG_EAT: id=4 time_last_meal=2924
2924 2 has taken the left fork
2924 2 has taken the right fork
2924 2 is eating
DBG_EAT: id=2 time_last_meal=2924
DBG_EAT2: id=2 meals=12
2984 2 has put down the right fork
2984 2 has put down the left fork
2984 2 is sleeping
DBG_EAT2: id=4 meals=12
2984 4 has put down the right fork
2984 4 has put down the left fork
2984 4 is sleeping
3123 1 is thinking
3123 1 has taken the right fork
3123 1 has taken the left fork
3123 1 is eating
DBG_EAT: id=1 time_last_meal=3123
3123 3 is thinking
3123 3 has taken the right fork
3123 3 has taken the left fork
3123 3 is eating
DBG_EAT: id=3 time_last_meal=3123
DBG_EAT2: id=1 meals=13
3183 1 has put down the left fork
3183 1 has put down the right fork
DBG_EAT2: id=3 meals=13
3183 3 has put down the left fork
3183 3 has put down the right fork
3183 3 is sleeping
3183 1 is sleeping
3185 2 is thinking
3185 4 is thinking
3185 2 has taken the left fork
3185 2 has taken the right fork
3185 2 is eating
DBG_EAT: id=2 time_last_meal=3185
3185 4 has taken the left fork
3185 4 has taken the right fork
3185 4 is eating
DBG_EAT: id=4 time_last_meal=3185
DBG_EAT2: id=2 meals=13
3245 2 has put down the right fork
3245 2 has put down the left fork
DBG_EAT2: id=4 meals=13
3245 4 has put down the right fork
3245 4 has put down the left fork
3245 4 is sleeping
3245 2 is sleeping
3383 1 is thinking
3383 1 has taken the right fork
3383 1 has taken the left fork
3383 1 is eating
DBG_EAT: id=1 time_last_meal=3383
3383 3 is thinking
3383 3 has taken the right fork
3383 3 has taken the left fork
3383 3 is eating
DBG_EAT: id=3 time_last_meal=3383
DBG_EAT2: id=1 meals=14
3443 1 has put down the left fork
3443 1 has put down the right fork
3443 1 is sleeping
DBG_EAT2: id=3 meals=14
3443 3 has put down the left fork
3443 3 has put down the right fork
3443 3 is sleeping
3445 4 is thinking
3445 2 is thinking
3445 4 has taken the left fork
3445 4 has taken the right fork
3445 4 is eating
DBG_EAT: id=4 time_last_meal=3445
3445 2 has taken the left fork
3445 2 has taken the right fork
3445 2 is eating
DBG_EAT: id=2 time_last_meal=3445
DBG_EAT2: id=4 meals=14
3505 4 has put down the right fork
3505 4 has put down the left fork
3505 4 is sleeping
DBG_EAT2: id=2 meals=14
3505 2 has put down the right fork
3505 2 has put down the left fork
3505 2 is sleeping
3643 3 is thinking
3643 3 has taken the right fork
3643 3 has taken the left fork
3643 3 is eating
DBG_EAT: id=3 time_last_meal=3643
3644 1 is thinking
3644 1 has taken the right fork
3644 1 has taken the left fork
3644 1 is eating
DBG_EAT: id=1 time_last_meal=3644
DBG_EAT2: id=3 meals=15
3704 3 has put down the left fork
3704 3 has put down the right fork
3704 3 is sleeping
DBG_EAT2: id=1 meals=15
3704 1 has put down the left fork
3704 1 has put down the right fork
3704 1 is sleeping
3705 4 is thinking
3705 2 is thinking
3705 4 has taken the left fork
3705 4 has taken the right fork
3705 4 is eating
DBG_EAT: id=4 time_last_meal=3705
3705 2 has taken the left fork
3705 2 has taken the right fork
3705 2 is eating
DBG_EAT: id=2 time_last_meal=3705
DBG_EAT2: id=4 meals=15
3765 4 has put down the right fork
3765 4 has put down the left fork
3765 4 is sleeping
DBG_EAT2: id=2 meals=15
3765 2 has put down the right fork
3765 2 has put down the left fork
3765 2 is sleeping
3904 3 is thinking
3904 3 has taken the right fork
3904 3 has taken the left fork
3904 3 is eating
DBG_EAT: id=3 time_last_meal=3904
3904 1 is thinking
3904 1 has taken the right fork
3904 1 has taken the left fork
3904 1 is eating
DBG_EAT: id=1 time_last_meal=3904
DBG_EAT2: id=3 meals=16
3964 3 has put down the left fork
3964 3 has put down the right fork
3964 3 is sleeping
DBG_EAT2: id=1 meals=16
3964 1 has put down the left fork
3964 1 has put down the right fork
3964 1 is sleeping
3965 4 is thinking
3966 4 has taken the left fork
3966 4 has taken the right fork
3966 4 is eating
DBG_EAT: id=4 time_last_meal=3966
3966 2 is thinking
3966 2 has taken the left fork
3966 2 has taken the right fork
3966 2 is eating
DBG_EAT: id=2 time_last_meal=3966
DBG_EAT2: id=4 meals=16
4026 4 has put down the right fork
4026 4 has put down the left fork
4026 4 is sleeping
DBG_EAT2: id=2 meals=16
4026 2 has put down the right fork
4026 2 has put down the left fork
4026 2 is sleeping
4164 3 is thinking
4164 3 has taken the right fork
4164 3 has taken the left fork
4164 3 is eating
DBG_EAT: id=3 time_last_meal=4164
4164 1 is thinking
4164 1 has taken the right fork
4164 1 has taken the left fork
4164 1 is eating
DBG_EAT: id=1 time_last_meal=4164
DBG_EAT2: id=1 meals=17
4224 1 has put down the left fork
4224 1 has put down the right fork
DBG_EAT2: id=3 meals=17
4224 3 has put down the left fork
4224 3 has put down the right fork
4224 3 is sleeping
4224 1 is sleeping
4226 4 is thinking
4226 2 is thinking
4226 4 has taken the left fork
4226 4 has taken the right fork
4226 4 is eating
DBG_EAT: id=4 time_last_meal=4226
42