DBG_INIT: meal_mutex init for philo 1
DBG_INIT: meal_mutex init for philo 2
DBG_INIT: meal_mutex init for philo 3
DBG_INIT: meal_mutex init for philo 4
DBG_INIT: meal_mutex init for philo 5
DBG: init philo[1].time_last_meal=0
DBG: init philo[2].time_last_meal=0
DBG: init philo[3].time_last_meal=0
DBG: init philo[4].time_last_meal=0
DBG: init philo[5].time_last_meal=0
1 1 has taken the right fork
1 1 has taken the left fork
1 1 is eating
DBG_EAT: id=1 time_last_meal=1
1 2 has taken the left fork
1 4 has taken the left fork
1 4 has taken the right fork
1 4 is eating
DBG_EAT: id=4 time_last_meal=1
DBG: start_time=1758387473506
DBG_EAT2: id=1 meals=1
101 1 has put down the left fork
101 1 has put down the right fork
101 1 is sleeping
101 2 has taken the right fork
101 2 is eating
DBG_EAT: id=2 time_last_meal=101
DBG_EAT2: id=4 meals=1
102 4 has put down the right fork
102 4 has put down the left fork
102 4 is sleeping
102 5 has taken the right fork
102 5 has taken the left fork
102 5 is eating
DBG_EAT: id=5 time_last_meal=102
DBG_EAT2: id=2 meals=1
201 2 has put down the right fork
202 2 has put down the left fork
202 3 has taken the right fork
202 3 has taken the left fork
202 3 is eating
DBG_EAT: id=3 time_last_meal=202
202 2 is sleeping
DBG_EAT2: id=5 meals=1
202 5 has put down the left fork
202 5 has put down the right fork
202 5 is sleeping
301 1 is thinking
301 1 has taken the right fork
301 1 has taken the left fork
301 1 is eating
DBG_EAT: id=1 time_last_meal=301
DBG_EAT2: id=3 meals=1
302 3 has put down the left fork
302 3 has put down the right fork
302 3 is sleeping
302 4 is thinking
302 4 has died (last meal at 1)
DBG_EAT2: id=1 meals=2
