DBG_INIT: meal_mutex init for philo 1
DBG_INIT: meal_mutex init for philo 2
DBG_INIT: meal_mutex init for philo 3
DBG_INIT: meal_mutex init for philo 4
DBG_INIT: meal_mutex init for philo 5
DBG: init philo[1].time_last_meal=0
DBG: init philo[2].time_last_meal=0
DBG: init philo[3].time_last_meal=0
DBG: init philo[4].time_last_meal=0
DBG: init philo[5].time_last_meal=0
1 1 has taken the right fork
1 1 has taken the left fork
1 1 is eating
DBG_EAT: id=1 time_last_meal=1
1 2 has taken the left fork
1 5 has taken the right fork
DBG: start_time=1758387443559
DBG_EAT2: id=1 meals=1
61 1 has put down the left fork
61 1 has put down the right fork
61 1 is sleeping
61 2 has taken the right fork
61 2 is eating
DBG_EAT: id=2 time_last_meal=61
61 5 has taken the left fork
61 5 is eating
DBG_EAT: id=5 time_last_meal=61
DBG_EAT2: id=5 meals=1
122 5 has put down the left fork
DBG_EAT2: id=2 meals=1
122 5 has put down the right fork
122 5 is sleeping
122 2 has put down the right fork
122 2 has put down the left fork
122 1 is thinking
122 1 has taken the right fork
122 1 has taken the left fork
122 1 is eating
DBG_EAT: id=1 time_last_meal=122
122 2 is sleeping
122 3 has taken the right fork
122 3 has taken the left fork
122 3 is eating
DBG_EAT: id=3 time_last_meal=122
122 4 has taken the left fork
182 2 is thinking
DBG_EAT2: id=1 meals=2
182 1 has put down the left fork
182 1 has put down the right fork
182 1 is sleeping
182 5 is thinking
DBG_EAT2: id=3 meals=1
182 3 has put down the left fork
182 3 has put down the right fork
182 3 is sleeping
182 2 has taken the left fork
182 2 has taken the right fork
182 2 is eating
DBG_EAT: id=2 time_last_meal=182
182 4 has taken the right fork
182 4 is eating
DBG_EAT: id=4 time_last_meal=182
242 1 is thinking
242 1 has taken the right fork
242 3 is thinking
DBG_EAT2: id=2 meals=2
242 2 has put down the right fork
DBG_EAT2: id=4 meals=1
242 4 has put down the right fork
242 2 has put down the left fork
242 2 is sleeping
242 4 has put down the left fork
242 1 has taken the left fork
242 1 is eating
DBG_EAT: id=1 time_last_meal=242
242 4 is sleeping
242 5 has taken the right fork
242 3 has taken the right fork
242 3 has taken the left fork
242 3 is eating
DBG_EAT: id=3 time_last_meal=242
DBG_EAT2: id=3 meals=2
303 2 is thinking
303 3 has put down the left fork
303 3 has put down the right fork
303 3 is sleeping
DBG_EAT2: id=1 meals=3
303 1 has put down the left fork
303 4 is thinking
303 1 has put down the right fork
303 1 is sleeping
303 5 has taken the left fork
303 5 is eating
DBG_EAT: id=5 time_last_meal=303
303 2 has taken the left fork
303 2 has taken the right fork
303 2 is eating
DBG_EAT: id=2 time_last_meal=303
363 3 is thinking
363 1 is thinking
DBG_EAT2: id=5 meals=2
363 5 has put down the left fork
DBG_EAT2: id=2 meals=3
363 2 has put down the right fork
363 5 has put down the right fork
363 1 has taken the right fork
363 1 has taken the left fork
363 5 is sleeping
363 1 is eating
DBG_EAT: id=1 time_last_meal=363
363 2 has put down the left fork
363 2 is sleeping
363 4 has taken the left fork
363 3 has taken the right fork
363 4 has taken the right fork
363 4 is eating
DBG_EAT: id=4 time_last_meal=363
DBG_EAT2: id=1 meals=4
423 5 is thinking
423 1 has put down the left fork
423 1 has put down the right fork
423 2 is thinking
DBG_EAT2: id=4 meals=2
423 1 is sleeping
423 4 has put down the right fork
423 4 has put down the left fork
423 4 is sleeping
423 3 has taken the left fork
423 3 is eating
DBG_EAT: id=3 time_last_meal=423
424 5 has taken the right fork
424 5 has taken the left fork
424 5 is eating
DBG_EAT: id=5 time_last_meal=424
483 4 is thinking
484 1 is thinking
DBG_EAT2: id=3 meals=3
484 3 has put down the left fork
484 3 has put down the right fork
DBG_EAT2: id=5 meals=3
484 3 is sleeping
484 5 has put down the left fork
484 2 has taken the left fork
484 2 has taken the right fork
484 2 is eating
DBG_EAT: id=2 time_last_meal=484
484 1 has taken the right fork
484 5 has put down the right fork
484 5 is sleeping
484 4 has taken the left fork
484 4 has taken the right fork
484 4 is eating
DBG_EAT: id=4 time_last_meal=484
DBG_EAT2: id=2 meals=4
544 5 is thinking
544 3 is thinking
544 2 has put down the right fork
DBG_EAT2: id=4 meals=3
544 4 has put down the right fork
544 2 has put down the left fork
544 4 has put down the left fork
544 4 is sleeping
544 2 is sleeping
544 1 has taken the left fork
544 1 is eating
DBG_EAT: id=1 time_last_meal=544
544 5 has taken the right fork
544 3 has taken the right fork
544 All philosophers ate enough
DBG_EAT2: id=1 meals=5
