DBG_INIT: meal_mutex init for philo 1
DBG_INIT: meal_mutex init for philo 2
DBG_INIT: meal_mutex init for philo 3
DBG: init philo[1].time_last_meal=0
DBG: init philo[2].time_last_meal=0
DBG: init philo[3].time_last_meal=0
0 1 has taken the right fork
0 1 has taken the left fork
0 1 is eating
DBG_EAT: id=1 time_last_meal=0
1 3 has taken the right fork
DBG: start_time=1758386597851
DBG_EAT2: id=1 meals=1
201 1 has put down the left fork
201 1 has put down the right fork
201 1 is sleeping
201 3 has taken the left fork
201 3 is eating
DBG_EAT: id=3 time_last_meal=201
261 1 is thinking
DBG_EAT2: id=3 meals=1
401 3 has put down the left fork
401 3 has put down the right fork
401 3 is sleeping
401 2 has taken the left fork
401 2 has taken the right fork
401 2 is eating
DBG_EAT: id=2 time_last_meal=401
401 1 has taken the right fork
461 3 is thinking
DBG_EAT2: id=2 meals=1
601 2 has put down the right fork
601 2 has put down the left fork
601 2 is sleeping
601 1 has taken the left fork
601 1 is eating
DBG_EAT: id=1 time_last_meal=601
601 3 has taken the right fork
661 2 is thinking
DBG_EAT2: id=1 meals=2
801 1 has put down the left fork
801 1 has put down the right fork
801 1 is sleeping
801 3 has taken the left fork
801 3 is eating
DBG_EAT: id=3 time_last_meal=801
861 1 is thinking
DBG_EAT2: id=3 meals=2
1001 3 has put down the left fork
1001 3 has put down the right fork
1001 1 has taken the right fork
1001 1 has taken the left fork
1001 1 is eating
DBG_EAT: id=1 time_last_meal=1001
1001 3 is sleeping
1001 2 has taken the left fork
1061 3 is thinking
DBG_EAT2: id=1 meals=3
1201 1 has put down the left fork
1201 1 has put down the right fork
1201 1 is sleeping
1201 2 has taken the right fork
1201 2 is eating
DBG_EAT: id=2 time_last_meal=1201
1262 1 is thinking
1262 1 has taken the right fork
DBG_EAT2: id=2 meals=2
1402 2 has put down the right fork
1402 2 has put down the left fork
1402 1 has taken the left fork
1402 1 is eating
DBG_EAT: id=1 time_last_meal=1402
1402 2 is sleeping
1402 3 has taken the right fork
1402 3 has died (last meal at 801)
DBG_EAT2: id=1 meals=4
