DBG_INIT: meal_mutex init for philo 1
DBG_INIT: meal_mutex init for philo 2
DBG_INIT: meal_mutex init for philo 3
DBG_INIT: meal_mutex init for philo 4
DBG: init philo[1].time_last_meal=0
DBG: init philo[2].time_last_meal=0
DBG: init philo[3].time_last_meal=0
DBG: init philo[4].time_last_meal=0
0 1 has taken the right fork
0 1 has taken the left fork
0 1 is eating
DBG_EAT: id=1 time_last_meal=0
0 3 has taken the right fork
0 3 has taken the left fork
0 3 is eating
DBG_EAT: id=3 time_last_meal=0
DBG: start_time=1758387087352
DBG_EAT2: id=1 meals=1
60 1 has put down the left fork
60 1 has put down the right fork
60 1 is sleeping
60 4 has taken the left fork
DBG_EAT2: id=3 meals=1
61 3 has put down the left fork
61 3 has put down the right fork
61 3 is sleeping
61 4 has taken the right fork
61 4 is eating
DBG_EAT: id=4 time_last_meal=61
61 2 has taken the left fork
61 2 has taken the right fork
61 2 is eating
DBG_EAT: id=2 time_last_meal=61
120 1 is thinking
121 3 is thinking
DBG_EAT2: id=2 meals=1
121 2 has put down the right fork
DBG_EAT2: id=4 meals=1
121 4 has put down the right fork
121 2 has put down the left fork
121 2 is sleeping
121 4 has put down the left fork
121 4 is sleeping
121 1 has taken the right fork
121 1 has taken the left fork
121 1 is eating
DBG_EAT: id=1 time_last_meal=121
121 3 has taken the right fork
121 3 has taken the left fork
121 3 is eating
DBG_EAT: id=3 time_last_meal=121
181 2 is thinking
DBG_EAT2: id=3 meals=2
181 3 has put down the left fork
181 3 has put down the right fork
181 3 is sleeping
181 4 is thinking
DBG_EAT2: id=1 meals=2
181 1 has put down the left fork
181 1 has put down the right fork
181 1 is sleeping
181 2 has taken the left fork
181 2 has taken the right fork
181 2 is eating
DBG_EAT: id=2 time_last_meal=181
181 4 has taken the left fork
181 4 has taken the right fork
181 4 is eating
DBG_EAT: id=4 time_last_meal=181
241 3 is thinking
241 1 is thinking
DBG_EAT2: id=4 meals=2
241 4 has put down the right fork
241 4 has put down the left fork
241 4 is sleeping
DBG_EAT2: id=2 meals=2
241 2 has put down the right fork
241 2 has put down the left fork
241 1 has taken the right fork
241 1 has taken the left fork
241 1 is eating
DBG_EAT: id=1 time_last_meal=241
241 3 has taken the right fork
241 3 has taken the left fork
241 3 is eating
DBG_EAT: id=3 time_last_meal=241
241 2 is sleeping
301 4 is thinking
301 2 is thinking
DBG_EAT2: id=1 meals=3
301 1 has put down the left fork
301 1 has put down the right fork
301 1 is sleeping
DBG_EAT2: id=3 meals=3
301 3 has put down the left fork
301 3 has put down the right fork
302 3 is sleeping
302 4 has taken the left fork
302 4 has taken the right fork
302 4 is eating
DBG_EAT: id=4 time_last_meal=302
302 2 has taken the left fork
302 2 has taken the right fork
302 2 is eating
DBG_EAT: id=2 time_last_meal=302
362 1 is thinking
362 3 is thinking
DBG_EAT2: id=2 meals=3
362 2 has put down the right fork
362 2 has put down the left fork
362 2 is sleeping
DBG_EAT2: id=4 meals=3
362 4 has put down the right fork
362 4 has put down the left fork
362 3 has taken the right fork
362 3 has taken the left fork
362 3 is eating
DBG_EAT: id=3 time_last_meal=362
362 1 has taken the right fork
362 1 has taken the left fork
362 1 is eating
DBG_EAT: id=1 time_last_meal=362
362 4 is sleeping
DBG_EAT2: id=3 meals=4
422 3 has put down the left fork
422 3 has put down the right fork
422 3 is sleeping
422 4 is thinking
DBG_EAT2: id=1 meals=4
422 2 is thinking
422 1 has put down the left fork
422 1 has put down the right fork
422 1 is sleeping
422 4 has taken the left fork
422 4 has taken the right fork
422 4 is eating
DBG_EAT: id=4 time_last_meal=422
422 2 has taken the left fork
422 2 has taken the right fork
422 2 is eating
DBG_EAT: id=2 time_last_meal=422
482 3 is thinking
482 1 is thinking
DBG_EAT2: id=2 meals=4
482 2 has put down the right fork
DBG_EAT2: id=4 meals=4
482 4 has put down the right fork
482 2 has put down the left fork
482 4 has put down the left fork
482 4 is sleeping
482 2 is sleeping
482 3 has taken the right fork
482 3 has taken the left fork
482 3 is eating
DBG_EAT: id=3 time_last_meal=482
482 1 has taken the right fork
482 1 has taken the left fork
482 1 is eating
DBG_EAT: id=1 time_last_meal=482
542 4 is thinking
542 2 is thinking
DBG_EAT2: id=3 meals=5
543 3 has put down the left fork
543 3 has put down the right fork
543 3 is sleeping
DBG_EAT2: id=1 meals=5
543 1 has put down the left fork
543 1 has put down the right fork
543 2 has taken the left fork
543 2 has taken the right fork
543 2 is eating
DBG_EAT: id=2 time_last_meal=543
543 4 has taken the left fork
543 4 has taken the right fork
543 4 is eating
DBG_EAT: id=4 time_last_meal=543
543 1 is sleeping
DBG_EAT2: id=4 meals=5
603 4 has put down the right fork
603 4 has put down the left fork
603 4 is sleeping
603 3 is thinking
DBG_EAT2: id=2 meals=5
603 2 has put down the right fork
603 1 is thinking
603 1 has taken the right fork
603 1 has taken the left fork
603 1 is eating
DBG_EAT: id=1 time_last_meal=603
603 2 has put down the left fork
603 2 is sleeping
603 3 has taken the right fork
603 3 has taken the left fork
603 3 is eating
DBG_EAT: id=3 time_last_meal=603
663 4 is thinking
DBG_EAT2: id=1 meals=6
663 1 has put down the left fork
663 1 has put down the right fork
DBG_EAT2: id=3 meals=6
663 3 has put down the left fork
663 1 is sleeping
663 2 is thinking
663 3 has put down the right fork
663 3 is sleeping
663 4 has taken the left fork
663 4 has taken the right fork
663 4 is eating
DBG_EAT: id=4 time_last_meal=663
663 2 has taken the left fork
663 2 has taken the right fork
663 2 is eating
DBG_EAT: id=2 time_last_meal=663
723 1 is thinking
723 3 is thinking
DBG_EAT2: id=4 meals=6
723 4 has put down the right fork
723 4 has put down the left fork
723 4 is sleeping
DBG_EAT2: id=2 meals=6
723 2 has put down the right fork
723 1 has taken the right fork
723 1 has taken the left fork
723 1 is eating
DBG_EAT: id=1 time_last_meal=723
723 2 has put down the left fork
723 2 is sleeping
723 3 has taken the right fork
723 3 has taken the left fork
723 3 is eating
DBG_EAT: id=3 time_last_meal=723
783 4 is thinking
DBG_EAT2: id=3 meals=7
DBG_EAT2: id=1 meals=7
783 1 has put down the left fork
783 1 has put down the right fork
783 2 is thinking
783 1 is sleeping
783 3 has put down the left fork
783 3 has put down the right fork
783 3 is sleeping
783 4 has taken the left fork
783 4 has taken the right fork
783 4 is eating
DBG_EAT: id=4 time_last_meal=783
783 2 has taken the left fork
783 2 has taken the right fork
783 2 is eating
DBG_EAT: id=2 time_last_meal=783
843 1 is thinking
843 3 is thinking
DBG_EAT2: id=4 meals=7
844 4 has put down the right fork
844 4 has put down the left fork
844 4 is sleeping
844 1 has taken the right fork
DBG_EAT2: id=2 meals=7
844 2 has put down the right fork
844 2 has put down the left fork
844 2 is sleeping
844 1 has taken the left fork
844 1 is eating
DBG_EAT: id=1 time_last_meal=844
844 3 has taken the right fork
844 3 has taken the left fork
844 3 is eating
DBG_EAT: id=3 time_last_meal=844
904 4 is thinking
DBG_EAT2: id=3 meals=8
904 3 has put down the left fork
904 3 has put down the right fork
904 2 is thinking
DBG_EAT2: id=1 meals=8
904 1 has put down the left fork
904 3 is sleeping
904 1 has put down the right fork
904 1 is sleeping
904 4 has taken the left fork
904 4 has taken the right fork
904 4 is eating
DBG_EAT: id=4 time_last_meal=904
904 2 has taken the left fork
904 2 has taken the right fork
904 2 is eating
DBG_EAT: id=2 time_last_meal=904
964 1 is thinking
DBG_EAT2: id=4 meals=8
964 4 has put down the right fork
964 4 has put down the left fork
964 3 is thinking
964 1 has taken the right fork
964 4 is sleeping
DBG_EAT2: id=2 meals=8
964 2 has put down the right fork
964 1 has taken the left fork
964 1 is eating
DBG_EAT: id=1 time_last_meal=964
964 2 has put down the left fork
964 2 is sleeping
964 3 has taken the right fork
964 3 has taken the left fork
964 3 is eating
DBG_EAT: id=3 time_last_meal=964
1024 4 is thinking
1024 2 is thinking
DBG_EAT2: id=1 meals=9
1024 1 has put down the left fork
1024 1 has put down the right fork
DBG_EAT2: id=3 meals=9
1024 3 has put down the left fork
1024 3 has put down the right fork
1024 3 is sleeping
1024 4 has taken the left fork
1025 2 has taken the left fork
1025 2 has taken the right fork
1025 2 is eating
DBG_EAT: id=2 time_last_meal=1025
1025 4 has taken the right fork
1025 4 is eating
DBG_EAT: id=4 time_last_meal=1025
1025 1 is sleeping
1085 3 is thinking
DBG_EAT2: id=4 meals=9
1085 4 has put down the right fork
1085 4 has put down the left fork
1085 4 is sleeping
1085 1 is thinking
1085 1 has taken the right fork
DBG_EAT2: id=2 meals=9
1085 2 has put down the right fork
1085 2 has put down the left fork
1085 2 is sleeping
1085 1 has taken the left fork
1085 1 is eating
DBG_EAT: id=1 time_last_meal=1085
1085 3 has taken the right fork
1085 3 has taken the left fork
1085 3 is eating
DBG_EAT: id=3 time_last_meal=1085
1145 4 is thinking
DBG_EAT2: id=1 meals=10
1145 1 has put down the left fork
1145 1 has put down the right fork
1145 2 is thinking
DBG_EAT2: id=3 meals=10
1145 3 has put down the left fork
1145 3 has put down the right fork
1145 3 is sleeping
1145 1 is sleeping
1145 4 has taken the left fork
1145 4 has taken the right fork
1145 4 is eating
DBG_EAT: id=4 time_last_meal=1145
1145 2 has taken the left fork
1145 2 has taken the right fork
1145 2 is eating
DBG_EAT: id=2 time_last_meal=1145
1205 1 is thinking
1205 3 is thinking
DBG_EAT2: id=4 meals=10
1205 4 has put down the right fork
1205 4 has put down the left fork
1205 4 is sleeping
1205 1 has taken the right fork
DBG_EAT2: id=2 meals=10
1205 2 has put down the right fork
1205 1 has taken the left fork
1205 1 is eating
DBG_EAT: id=1 time_last_meal=1205
1205 2 has put down the left fork
1205 2 is sleeping
1205 3 has taken the right fork
1205 3 has taken the left fork
1205 3 is eating
DBG_EAT: id=3 time_last_meal=1205
1265 4 is thinking
DBG_EAT2: id=1 meals=11
1265 1 has put down the left fork
1265 1 has put down the right fork
DBG_EAT2: id=3 meals=11
1265 3 has put down the left fork
1265 3 has put down the right fork
1265 3 is sleeping
1265 1 is sleeping
1265 4 has taken the left fork
1265 4 has taken the right fork
1265 4 is eating
DBG_EAT: id=4 time_last_meal=1265
1265 2 is thinking
1266 2 has taken the left fork
1266 2 has taken the right fork
1266 2 is eating
DBG_EAT: id=2 time_last_meal=1266
1325 3 is thinking
1325 1 is thinking
DBG_EAT2: id=4 meals=11
1325 4 has put down the right fork
1326 4 has put down the left fork
1326 1 has taken the right fork
1326 4 is sleeping
DBG_EAT2: id=2 meals=11
1326 2 has put down the right fork
1326 2 has put down the left fork
1326 2 is sleeping
1326 3 has taken the right fork
1326 3 has taken the left fork
1326 3 is eating
DBG_EAT: id=3 time_last_meal=1326
1326 1 has taken the left fork
1326 1 is eating
DBG_EAT: id=1 time_last_meal=1326
1386 4 is thinking
1386 2 is thinking
DBG_EAT2: id=1 meals=12
1386 1 has put down the left fork
1386 1 has put down the right fork
DBG_EAT2: id=3 meals=12
1386 3 has put down the left fork
1386 3 has put down the right fork
1386 3 is sleeping
1386 1 is sleeping
1386 4 has taken the left fork
1386 4 has taken the right fork
1386 4 is eating
DBG_EAT: id=4 time_last_meal=1386
1386 2 has taken the left fork
1386 2 has taken the right fork
1386 2 is eating
DBG_EAT: id=2 time_last_meal=1386
1446 1 is thinking
1446 3 is thinking
DBG_EAT2: id=4 meals=12
1446 4 has put down the right fork
DBG_EAT2: id=2 meals=12
1446 2 has put down the right fork
1446 4 has put down the left fork
1446 4 is sleeping
1446 2 has put down the left fork
1446 3 has taken the right fork
1446 3 has taken the left fork
1446 3 is eating
DBG_EAT: id=3 time_last_meal=1446
1446 2 is sleeping
1446 1 has taken the right fork
1446 1 has taken the left fork
1446 1 is eating
DBG_EAT: id=1 time_last_meal=1446
DBG_EAT2: id=3 meals=13
1506 3 has put down the left fork
1506 3 has put down the right fork
1506 4 is thinking
1506 2 is thinking
1506 3 is sleeping
DBG_EAT2: id=1 meals=13
1506 1 has put down the left fork
1506 1 has put down the right fork
1506 1 is sleeping
1506 4 has taken the left fork
1506 4 has taken the right fork
1506 4 is eating
DBG_EAT: id=4 time_last_meal=1506
1506 2 has taken the left fork
1506 2 has taken the right fork
1506 2 is eating
DBG_EAT: id=2 time_last_meal=1506
1566 3 is thinking
1566 1 is thinking
DBG_EAT2: id=4 meals=13
1567 4 has put down the right fork
1567 4 has put down the left fork
1567 4 is sleeping
1567 1 has taken the right fork
DBG_EAT2: id=2 meals=13
1567 2 has put down the right fork
1567 2 has put down the left fork
1567 2 is sleeping
1567 3 has taken the right fork
1567 3 has taken the left fork
1567 3 is eating
DBG_EAT: id=3 time_last_meal=1567
1567 1 has taken the left fork
1567 1 is eating
DBG_EAT: id=1 time_last_meal=1567
1627 4 is thinking
DBG_EAT2: id=1 meals=14
1627 1 has put down the left fork
1627 2 is thinking
DBG_EAT2: id=3 meals=14
1627 3 has put down the left fork
1627 3 has put down the right fork
1627 3 is sleeping
1627 1 has put down the right fork
1627 4 has taken the left fork
1627 4 has taken the right fork
1627 4 is eating
DBG_EAT: id=4 time_last_meal=1627
1627 1 is sleeping
1627 2 has taken the left fork
1627 2 has taken the right fork
1627 2 is eating
DBG_EAT: id=2 time_last_meal=1627
1687 3 is thinking
DBG_EAT2: id=4 meals=14
1687 4 has put down the right fork
1687 4 has put down the left fork
1687 1 is thinking
1687 1 has taken the right fork
1687 4 is sleeping
DBG_EAT2: id=2 meals=14
1687 2 has put down the right fork
1687 1 has taken the left fork
1687 1 is eating
DBG_EAT: id=1 time_last_meal=1687
1687 2 has put down the left fork
1687 2 is sleeping
1687 3 has taken the right fork
1687 3 has taken the left fork
1687 3 is eating
DBG_EAT: id=3 time_last_meal=1687
1747 4 is thinking
DBG_EAT2: id=1 meals=15
1747 1 has put down the left fork
1747 1 has put down the right fork
DBG_EAT2: id=3 meals=15
1747 3 has put down the left fork
1747 3 has put down the right fork
1747 3 is sleeping
1747 1 is sleeping
1747 2 is thinking
1747 4 has taken the left fork
1747 4 has taken the right fork
1747 4 is eating
DBG_EAT: id=4 time_last_meal=1747
1747 2 has taken the left fork
1747 2 has taken the right fork
1747 2 is eating
DBG_EAT: id=2 time_last_meal=1747
1807 1 is thinking
1807 3 is thinking
DBG_EAT2: id=4 meals=15
1807 4 has put down the right fork
1807 4 has put down the left fork
1807 1 has taken the right fork
1807 4 is sleeping
DBG_EAT2: id=2 meals=15
1808 2 has put down the right fork
1808 1 has taken the left fork
1808 1 is eating
DBG_EAT: id=1 time_last_meal=1808
1808 2 has put down the left fork
1808 2 is sleeping
1808 3 has taken the right fork
1808 3 has taken the left fork
1808 3 is eating
DBG_EAT: id=3 time_last_meal=1808
1868 4 is thinking
1868 2 is thinking
DBG_EAT2: id=1 meals=16
1868 1 has put down the left fork
1868 1 has put down the right fork
1868 1 is sleeping
DBG_EAT2: id=3 meals=16
1868 3 has put down the left fork
1868 3 has put down the right fork
1868 3 is sleeping
1868 4 has taken the left fork
1868 4 has taken the right fork
1868 4 is eating
DBG_EAT: id=4 time_last_meal=1868
1868 2 has taken the left fork
1868 2 has taken the right fork
1868 2 is eating
DBG_EAT: id=2 time_last_meal=1868
1928 1 is thinking
1928 3 is thinking
DBG_EAT2: id=4 meals=16
1928 4 has put down the right fork
DBG_EAT2: id=2 meals=16
1928 2 has put down the right fork
1928 4 has put down the left fork
1928 2 has put down the left fork
1928 2 is sleeping
1928 4 is sleeping
1928 1 has taken the right fork
1928 1 has taken the left fork
1928 1 is eating
DBG_EAT: id=1 time_last_meal=1928
1928 3 has taken the right fork
1928 3 has taken the left fork
1928 3 is eating
DBG_EAT: id=3 time_last_meal=1928
DBG_EAT2: id=3 meals=17
1988 4 is thinking
1988 3 has put down the left fork
1988 3 has put down the right fork
1988 3 is sleeping
DBG_EAT2: id=1 meals=17
1988 1 has put down the left fork
1988 1 has put down the right fork
1988 2 is thinking
1988 1 is sleeping
1989 4 has taken the left fork
1989 4 has taken the right fork
1989 4 is eating
DBG_EAT: id=4 time_last_meal=1989
1989 2 has taken the left fork
1989 2 has taken the right fork
1989 2 is eating
DBG_EAT: id=2 time_last_meal=1989
2049 3 is thinking
2049 1 is thinking
DBG_EAT2: id=4 meals=17
2049 4 has put down the right fork
2049 4 has put down the left fork
2049 4 is sleeping
DBG_EAT2: id=2 meals=17
2049 2 has put down the right fork
2049 1 has taken the right fork
2049 1 has taken the left fork
2049 1 is eating
DBG_EAT: id=1 time_last_meal=2049
2049 2 has put down the left fork
2049 2 is sleeping
2049 3 has taken the right fork
2049 3 has taken the left fork
2049 3 is eating
DBG_EAT: id=3 time_last_meal=2049
DBG_EAT2: id=1 meals=18
2109 4 is thinking
2109 1 has put down the left fork
2109 1 has put down the right fork
2109 1 is sleeping
DBG_EAT2: id=3 meals=18
2109 3 has put down the left fork
2109 3 has put down the right fork
2109 2 is thinking
2110 3 is sleeping
2110 4 has taken the left fork
2110 4 has taken the right fork
2110 4 is eating
DBG_EAT: id=4 time_last_meal=2110
2110 2 has taken the left fork
2110 2 has taken the right fork
2110 2 is eating
DBG_EAT: id=2 time_last_meal=2110
DBG_EAT2: id=4 meals=18
2170 4 has put down the right fork
2170 4 has put down the left fork
2170 4 is sleeping
DBG_EAT2: id=2 meals=18
2170 2 has put down the right fork
2170 2 has put down the left fork
2170 2 is sleeping
2170 1 is thinking
2170 1 has taken the right fork
2170 1 has taken the left fork
2170 1 is eating
DBG_EAT: id=1 time_last_meal=2170
2170 3 is thinking
2170 3 has taken the right fork
2170 3 has taken the left fork
2170 3 is eating
DBG_EAT: id=3 time_last_meal=2170
2230 4 is thinking
2230 2 is thinking
DBG_EAT2: id=1 meals=19
2230 1 has put down the left fork
2230 1 has put down the right fork
DBG_EAT2: id=3 meals=19
2230 1 is sleeping
2230 3 has put down the left fork
2230 4 has taken the left fork
2230 4 has taken the right fork
2230 4 is eating
DBG_EAT: id=4 time_last_meal=2230
2230 2 has taken the left fork
2230 2 has taken the right fork
2230 2 is eating
DBG_EAT: id=2 time_last_meal=2230
2230 3 has put down the right fork
2230 3 is sleeping
2290 1 is thinking
DBG_EAT2: id=2 meals=19
DBG_EAT2: id=4 meals=19
2291 4 has put down the right fork
2291 2 has put down the right fork
2291 2 has put down the left fork
2291 2 is sleeping
2291 4 has put down the left fork
2291 4 is sleeping
2291 3 is thinking
2291 3 has taken the right fork
2291 3 has taken the left fork
2291 3 is eating
DBG_EAT: id=3 time_last_meal=2291
2291 1 has taken the right fork
2291 1 has taken the left fork
2291 1 is eating
DBG_EAT: id=1 time_last_meal=2291
DBG_EAT2: id=3 meals=20
2351 2 is thinking
2351 3 has put down the left fork
2351 3 has put down the right fork
2351 3 is sleeping
2351 4 is thinking
DBG_EAT2: id=1 meals=20
2351 1 has put down the left fork
2351 1 has put down the right fork
2351 1 is sleeping
2351 2 has taken the left fork
2351 2 has taken the right fork
2351 2 is eating
DBG_EAT: id=2 time_last_meal=2351
2351 4 has taken the left fork
2351 4 has taken the right fork
2351 4 is eating
DBG_EAT: id=4 time_last_meal=2351
DBG_EAT2: id=2 meals=20
2411 1 is thinking
2411 2 has put down the right fork
2411 2 has put down the left fork
2411 3 is thinking
2411 3 has taken the right fork
DBG_EAT2: id=4 meals=20
2411 2 is sleeping
2412 4 has put down the right fork
2412 3 has taken the left fork
2412 3 is eating
DBG_EAT: id=3 time_last_meal=2412
2412 4 has put down the left fork
2412 4 is sleeping
2412 1 has taken the right fork
2412 1 has taken the left fork
2412 1 is eating
DBG_EAT: id=1 time_last_meal=2412
DBG_EAT2: id=1 meals=21
2472 1 has put down the left fork
2472 1 has put down the right fork
2472 1 is sleeping
DBG_EAT2: id=3 meals=21
2472 4 is thinking
2472 3 has put down the left fork
2472 3 has put down the right fork
2472 2 is thinking
2472 3 is sleeping
2472 4 has taken the left fork
2472 4 has taken the right fork
2472 4 is eating
DBG_EAT: id=4 time_last_meal=2472
2472 2 has taken the left fork
2472 2 has taken the right fork
2472 2 is eating
DBG_EAT: id=2 time_last_meal=2472
2532 1 is thinking
2532 3 is thinking
DBG_EAT2: id=4 meals=21
2532 4 has put down the right fork
2532 4 has put down the left fork
2532 4 is sleeping
2532 1 has taken the right fork
DBG_EAT2: id=2 meals=21
2532 2 has put down the right fork
2533 2 has put down the left fork
2533 1 has taken the left fork
2533 1 is eating
DBG_EAT: id=1 time_last_meal=2533
2533 2 is sleeping
2533 3 has taken the right fork
2533 3 has taken the left fork
2533 3 is eating
DBG_EAT: id=3 time_last_meal=2533
2593 4 is thinking
DBG_EAT2: id=1 meals=22
2593 1 has put down the left fork
2593 1 has put down the right fork
2593 1 is sleeping
2593 2 is thinking
2593 4 has taken the left fork
DBG_EAT2: id=3 meals=22
2593 3 has put down the left fork
2593 3 has put down the right fork
2593 4 has taken the right fork
2593 4 is eating
DBG_EAT: id=4 time_last_meal=2593
2593 3 is sleeping
2593 2 has taken the left fork
2593 2 has taken the right fork
2593 2 is eating
DBG_EAT: id=2 time_last_meal=2593
2653 1 is thinking
2653 3 is thinking
DBG_EAT2: id=2 meals=22
2653 2 has put down the right fork
2653 2 has put down the left fork
2653 2 is sleeping
2653 3 has taken the right fork
DBG_EAT2: id=4 meals=22
2653 4 has put down the right fork
2653 3 has taken the left fork
2653 3 is eating
DBG_EAT: id=3 time_last_meal=2653
2653 4 has put down the left fork
2653 4 is sleeping
2653 1 has taken the right fork
2654 1 has taken the left fork
2654 1 is eating
DBG_EAT: id=1 time_last_meal=2654
2714 2 is thinking
DBG_EAT2: id=3 meals=23
2714 3 has put down the left fork
2714 3 has put down the right fork
2714 3 is sleeping
2714 4 is thinking
DBG_EAT2: id=1 meals=23
2714 1 has put down the left fork
2714 1 has put down the right fork
2714 1 is sleeping
2714 2 has taken the left fork
2714 2 has taken the right fork
2714 2 is eating
DBG_EAT: id=2 time_last_meal=2714
2714 4 has taken the left fork
2714 4 has taken the right fork
2714 4 is eating
DBG_EAT: id=4 time_last_meal=2714
DBG_EAT2: id=2 meals=23
2774 2 has put down the right fork
2774 2 has put down the left fork
2774 3 is thinking
DBG_EAT2: id=4 meals=23
2774 4 has put down the right fork
2774 4 has put down the left fork
2774 4 is sleeping
2774 2 is sleeping
2774 3 has taken the right fork
2774 3 has taken the left fork
2774 3 is eating
DBG_EAT: id=3 time_last_meal=2774
2774 1 is thinking
2774 1 has taken the right fork
2774 1 has taken the left fork
2774 1 is eating
DBG_EAT: id=1 time_last_meal=2774
DBG_EAT2: id=1 meals=24
2835 2 is thinking
2835 1 has put down the left fork
2835 1 has put down the right fork
2835 1 is sleeping
DBG_EAT2: id=3 meals=24
2835 3 has put down the left fork
2835 3 has put down the right fork
2835 4 is thinking
2835 3 is sleeping
2835 2 has taken the left fork
2835 2 has taken the right fork
2835 2 is eating
DBG_EAT: id=2 time_last_meal=2835
2835 4 has taken the left fork
2835 4 has taken the right fork
2835 4 is eating
DBG_EAT: id=4 time_last_meal=2835
2895 1 is thinking
2895 3 is thinking
DBG_EAT2: id=4 meals=24
2895 4 has put down the right fork
2895 4 has put down the left fork
2895 4 is sleeping
DBG_EAT2: id=2 meals=24
2895 2 has put down the right fork
2895 1 has taken the right fork
2895 1 has taken the left fork
2895 1 is eating
DBG_EAT: id=1 time_last_meal=2895
2895 2 has put down the left fork
2895 2 is sleeping
2895 3 has taken the right fork
2895 3 has taken the left fork
2895 3 is eating
DBG_EAT: id=3 time_last_meal=2895
2955 4 is thinking
DBG_EAT2: id=3 meals=25
2956 3 has put down the left fork
2956 3 has put down the right fork
2956 3 is sleeping
2956 2 is thinking
DBG_EAT2: id=1 meals=25
2956 1 has put down the left fork
2956 1 has put down the right fork
2956 1 is sleeping
2956 4 has taken the left fork
2956 4 has taken the right fork
2956 4 is eating
DBG_EAT: id=4 time_last_meal=2956
2956 2 has taken the left fork
2956 2 has taken the right fork
2956 2 is eating
DBG_EAT: id=2 time_last_meal=2956
DBG_EAT2: id=2 meals=25
3016 1 is thinking
3016 2 has put down the right fork
3016 2 has put down the left fork
DBG_EAT2: id=4 meals=25
3016 4 has put down the right fork
3016 3 is thinking
3016 3 has taken the right fork
3016 3 has taken the left fork
3016 3 is eating
DBG_EAT: id=3 time_last_meal=3016
3016 2 is sleeping
3016 4 has put down the left fork
3016 4 is sleeping
3016 1 has taken the right fork
3016 1 has taken the left fork
3016 1 is eating
DBG_EAT: id=1 time_last_meal=3016
DBG_EAT2: id=3 meals=26
3076 2 is thinking
3076 3 has put down the left fork
3076 3 has put down the right fork
DBG_EAT2: id=1 meals=26
3076 1 has put down the left fork
3076 1 has put down the right fork
3076 1 is sleeping
3076 4 is thinking
3077 3 is sleeping
3077 2 has taken the left fork
3077 2 has taken the right fork
3077 2 is eating
DBG_EAT: id=2 time_last_meal=3077
3077 4 has taken the left fork
3077 4 has taken the right fork
3077 4 is eating
DBG_EAT: id=4 time_last_meal=3077
DBG_EAT2: id=2 meals=26
3137 1 is thinking
3137 2 has put down the right fork
3137 2 has put down the left fork
3137 3 is thinking
3137 3 has taken the right fork
DBG_EAT2: id=4 meals=26
3137 2 is sleeping
3137 4 has put down the right fork
3137 3 has taken the left fork
3137 3 is eating
DBG_EAT: id=3 time_last_meal=3137
3137 4 has put down the left fork
3137 4 is sleeping
3137 1 has taken the right fork
3137 1 has taken the left fork
3137 1 is eating
DBG_EAT: id=1 time_last_meal=3137
DBG_EAT2: id=1 meals=27
3197 2 is thinking
3197 1 has put down the left fork
3197 1 has put down the right fork
3197 1 is sleeping
DBG_EAT2: id=3 meals=27
3197 3 has put down the left fork
3197 3 has put down the right fork
3197 4 is thinking
3198 3 is sleeping
3198 2 has taken the left fork
3198 2 has taken the right fork
3198 2 is eating
DBG_EAT: id=2 time_last_meal=3198
3198 4 has taken the left fork
3198 4 has taken the right fork
3198 4 is eating
DBG_EAT: id=4 time_last_meal=3198
3258 3 is thinking
3258 1 is thinking
DBG_EAT2: id=4 meals=27
3258 4 has put down the right fork
DBG_EAT2: id=2 meals=27
3258 2 has put down the right fork
3258 4 has put down the left fork
3258 4 is sleeping
3258 2 has put down the left fork
3258 2 is sleeping
3258 3 has taken the right fork
3258 3 has taken the left fork
3258 3 is eating
DBG_EAT: id=3 time_last_meal=3258
3258 1 has taken the right fork
3258 1 has taken the left fork
3258 1 is eating
DBG_EAT: id=1 time_last_meal=3258
DBG_EAT2: id=3 meals=28
3318 3 has put down the left fork
3318 3 has put down the right fork
DBG_EAT2: id=1 meals=28
3318 2 is thinking
3318 1 has put down the left fork
3318 1 has put down the right fork
3318 1 is sleeping
3318 4 is thinking
3318 3 is sleeping
3318 2 has taken the left fork
3318 2 has taken the right fork
3318 2 is eating
DBG_EAT: id=2 time_last_meal=3318
3318 4 has taken the left fork
3318 4 has taken the right fork
3318 4 is eating
DBG_EAT: id=4 time_last_meal=3318
DBG_EAT2: id=2 meals=28
3379 2 has put down the right fork
3379 2 has put down the left fork
3379 1 is thinking
DBG_EAT2: id=4 meals=28
3379 4 has put down the right fork
3379 4 has put down the left fork
3379 4 is sleeping
3379 2 is sleeping
3379 1 has taken the right fork
3379 1 has taken the left fork
3379 1 is eating
DBG_EAT: id=1 time_last_meal=3379
3379 3 is thinking
3379 3 has taken the right fork
3379 3 has taken the left fork
3379 3 is eating
DBG_EAT: id=3 time_last_meal=3379
DBG_EAT2: id=1 meals=29
3439 2 is thinking
3439 1 has put down the left fork
3439 1 has put down the right fork
DBG_EAT2: id=3 meals=29
3439 3 has put down the left fork
3439 3 has put down the right fork
3439 3 is sleeping
3439 4 is thinking
3439 1 is sleeping
3439 2 has taken the left fork
3439 2 has taken the right fork
3439 2 is eating
DBG_EAT: id=2 time_last_meal=3439
3439 4 has taken the left fork
3439 4 has taken the right fork
3439 4 is eating
DBG_EAT: id=4 time_last_meal=3439
3499 1 is thinking
DBG_EAT2: id=4 meals=29
3499 4 has put down the right fork
3499 4 has put down the left fork
3499 4 is sleeping
3499 1 has taken the right fork
3499 3 is thinking
DBG_EAT2: id=2 meals=29
3500 2 has put down the right fork
3500 2 has put down the left fork
3500 1 has taken the left fork
3500 1 is eating
DBG_EAT: id=1 time_last_meal=3500
3500 3 has taken the right fork
3500 3 has taken the left fork
3500 3 is eating
DBG_EAT: id=3 time_last_meal=3500
3500 2 is sleeping
3560 4 is thinking
DBG_EAT2: id=1 meals=30
DBG_EAT2: id=3 meals=30
3560 3 has put down the left fork
3560 3 has put down the right fork
3560 3 is sleeping
3560 1 has put down the left fork
3560 1 has put down the right fork
3560 1 is sleeping
3560 2 is thinking
3560 4 has taken the left fork
3560 4 has taken the right fork
3560 4 is eating
DBG_EAT: id=4 time_last_meal=3560
3561 2 has taken the left fork
3561 2 has taken the right fork
3561 2 is eating
DBG_EAT: id=2 time_last_meal=3561
3620 3 is thinking
3621 1 is thinking
DBG_EAT2: id=4 meals=30
3621 4 has put down the right fork
3621 4 has put down the left fork
3621 1 has taken the right fork
3621 4 is sleeping
DBG_EAT2: id=2 meals=30
3621 2 has put down the right fork
3621 1 has taken the left fork
3621 1 is eating
DBG_EAT: id=1 time_last_meal=3621
3621 2 has put down the left fork
3621 2 is sleeping
3621 3 has taken the right fork
3621 3 has taken the left fork
3621 3 is eating
DBG_EAT: id=3 time_last_meal=3621
3681 4 is thinking
DBG_EAT2: id=1 meals=31
3681 1 has put down the left fork
3681 1 has put down the right fork
3681 2 is thinking
DBG_EAT2: id=3 meals=31
3681 3 has put down the left fork
3681 3 has put down the right fork
3681 3 is sleeping
3681 1 is sleeping
3681 4 has taken the left fork
3681 4 has taken the right fork
3681 4 is eating
DBG_EAT: id=4 time_last_meal=3681
3681 2 has taken the left fork
3681 2 has taken the right fork
3681 2 is eating
DBG_EAT: id=2 time_last_meal=3681
3742 1 is thinking
DBG_EAT2: id=2 meals=31
3742 2 has put down the right fork
3742 2 has put down the left fork
DBG_EAT2: id=4 meals=31
3742 2 is sleeping
3742 4 has put down the right fork
3742 3 is thinking
3742 3 has taken the right fork
3742 3 has taken the left fork
3742 3 is eating
DBG_EAT: id=3 time_last_meal=3742
3742 4 has put down the left fork
3742 1 has taken the right fork
3742 1 has taken the left fork
3742 1 is eating
DBG_EAT: id=1 time_last_meal=3742
3742 4 is sleeping
3802 2 is thinking
DBG_EAT2: id=3 meals=32
3802 3 has put down the left fork
3802 3 has put down the right fork
3802 3 is sleeping
DBG_EAT2: id=1 meals=32
3802 1 has put down the left fork
3802 1 has put down the right fork
3802 4 is thinking
3802 1 is sleeping
3802 2 has taken the left fork
3802 2 has taken the right fork
3802 2 is eating
DBG_EAT: id=2 time_last_meal=3802
3802 4 has taken the left fork
3802 4 has taken the right fork
3802 4 is eating
DBG_EAT: id=4 time_last_meal=3802
DBG_EAT2: id=2 meals=32
3862 3 is thinking
3862 2 has put down the right fork
3862 2 has put down the left fork
3862 3 has taken the right fork
DBG_EAT2: id=4 meals=32
3862 4 has put down the right fork
3862 4 has put down the left fork
3862 4 is sleeping
3862 1 is thinking
3862 2 is sleeping
3862 1 has taken the right fork
3862 1 has taken the left fork
3862 1 is eating
DBG_EAT: id=1 time_last_meal=3862
3862 3 has taken the left fork
3862 3 is eating
DBG_EAT: id=3 time_last_meal=3862
3923 4 is thinking
3923 2 is thinking
DBG_EAT2: id=1 meals=33
3923 1 has put down the left fork
3923 1 has put down the right fork
3923 1 is sleeping
DBG_EAT2: id=3 meals=33
3923 3 has put down the left fork
3923 3 has put down the right fork
3923 3 is sleeping
3923 4 has taken the left fork
3923 4 has taken the right fork
3923 4 is eating
DBG_EAT: id=4 time_last_meal=3923
3923 2 has taken the left fork
3923 2 has taken the right fork
3923 2 is eating
DBG_EAT: id=2 time_last_meal=3923
DBG_EAT2: id=2 meals=33
3983 2 has put down the right fork
3983 2 has put down the left fork
3983 2 is sleeping
3983 1 is thinking
DBG_EAT2: id=4 meals=33
3983 4 has put down the right fork
3983 4 has put down the left fork
3983 3 is thinking
3983 3 has taken the right fork
3983 3 has taken the left fork
3983 3 is eating
DBG_EAT: id=3 time_last_meal=3983
3983 4 is sleeping
3983 1 has taken the right fork
3983 1 has taken the left fork
3983 1 is eating
DBG_EAT: id=1 time_last_meal=3983
4043 2 is thinking
DBG_EAT2: id=3 meals=34
4043 3 has put down the left fork
4043 3 has put down the right fork
4043 3 is sleeping
DBG_EAT2: id=1 meals=34
4043 1 has put down the left fork
4043 1 has put down the right fork
4043 2 has taken the left fork
4043 2 has taken the right fork
4043 2 is eating
DBG_EAT: id=2 time_last_meal=4043
4043 4 is thinking
4044 1 is sleeping
4044 4 has taken the left fork
4044 4 has taken the right fork
4044 4 is eating
DBG_EAT: id=4 time_last_meal=4044
DBG_EAT2: id=2 meals=34
4104 2 has put down the right fork
4104 2 has put down the left fork
4104 3 is thinking
4104 2 is sleeping
DBG_EAT2: id=4 meals=34
4104 4 has put down the right fork
4104 3 has taken the right fork
4104 3 has taken the left fork
4104 3 is eating
DBG_EAT: id=3 time_last_meal=4104
4104 4 has put down the left fork
4104 4 is sleeping
4104 1 is thinking
4104 1 has taken the right fork
4104 1 has taken the left fork
4104 1 is eating
DBG_EAT: id=1 time_last_meal=4104
DBG_EAT2: id=1 meals=35
4164 2 is thinking
4164 1 has put down the left fork
4164 1 has put down the right fork
4164 1 is sleeping
4164 4 is thinking
DBG_EAT2: id=3 meals=35
4164 3 has put down the left fork
4164 3 has put down the right fork
4164 3 is sleeping
4164 2 has taken the left fork
4164 2 has taken the right fork
4164 2 is eating
DBG_EAT: id=2 time_last_meal=4164
4164 4 has taken the left fork
4164 4 has taken the right fork
4164 4 is eating
DBG_EAT: id=4 time_last_meal=4164
DBG_EAT2: id=2 meals=35
4224 1 is thinking
4224 2 has put down the right fork
4224 2 has put down the left fork
DBG_EAT2: id=4 meals=35
4224 4 has put down the right fork
4224 3 is thinking
4224 3 has taken the right fork
4224 3 has taken the left fork
4224 3 is eating
DBG_EAT: id=3 time_last_meal=4224
4224 2 is sleeping
4225 4 has put down the left fork
4225 4 is sleeping
4225 1 has taken the right fork
4225 1 has taken the left fork
4225 1 is eating
DBG_EAT: id=1 time_last_meal=4225
DBG_EAT2: id=3 meals=36
4285 3 has put down the left fork
4285 3 has put down the right fork
4285 2 is thinking
DBG_EAT2: id=1 meals=36
4285 1 has put down the left fork
4285 1 has put down the right fork
4285 1 is sleeping
4285 3 is sleeping
4285 4 is thinking
4285 2 has taken the left fork
4285 2 has taken the right fork
4285 2 is eating
DBG_EAT: id=2 time_last_meal=4285
4285 4 has taken the left fork
4285 4 has taken the right fork
4285 4 is eating
DBG_EAT: id=4 time_last_meal=4285
DBG_EAT2: id=2 meals=36
DBG_EAT2: id=4 meals=36
4345 4 has put down the right fork
4345 4 has put down the left fork
4345 4 is sleeping
4345 2 has put down the right fork
4345 2 has put down the left fork
4345 3 is thinking
4345 2 is sleeping
4345 3 has taken the right fork
4345 3 has taken the left fork
4345 3 is eating
DBG_EAT: id=3 time_last_meal=4345
4345 1 is thinking
4345 1 has taken the right fork
4345 1 has taken the left fork
4345 1 is eating
DBG_EAT: id=1 time_last_meal=4345
4405 4 is thinking
4405 2 is thinking
DBG_EAT2: id=3 meals=37
4405 3 has put down the left fork
4405 3 has put down the right fork
DBG_EAT2: id=1 meals=37
4405 1 has put down the left fork
4405 1 has put down the right fork
4405 1 is sleeping
4405 3 is sleeping
4405 4 has taken the left fork
4405 4 has taken the right fork
4405 4 is eating
DBG_EAT: id=4 time_last_meal=4405
4405 2 has taken the left fork
4405 2 has taken the right fork
4405 2 is eating
DBG_EAT: id=2 time_last_meal=4405
DBG_EAT2: id=2 meals=37
4466 3 is thinking
4466 2 has put down the right fork
4466 2 has put down the left fork
4466 2 is sleeping
4466 3 has taken the right fork
4466 1 is thinking
DBG_EAT2: id=4 meals=37
4466 4 has put down the right fork
4466 4 has put down the left fork
4466 3 has taken the left fork
4466 3 is eating
DBG_EAT: id=3 time_last_meal=4466
4466 4 is sleeping
4466 1 has taken the right fork
4466 1 has taken the left fork
4466 1 is eating
DBG_EAT: id=1 time_last_meal=4466
DBG_EAT2: id=1 meals=38
4526 1 has put down the left fork
4526 1 has put down the right fork
DBG_EAT2: id=3 meals=38
4526 4 is thinking
4526 1 is sleeping
4526 3 has put down the left fork
4526 3 has put down the right fork
4526 3 is sleeping
4526 2 is thinking
4526 4 has taken the left fork
4526 4 has taken the right fork
4526 4 is eating
DBG_EAT: id=4 time_last_meal=4526
4526 2 has taken the left fork
4526 2 ha