DBG_INIT: meal_mutex init for philo 1
DBG_INIT: meal_mutex init for philo 2
DBG_INIT: meal_mutex init for philo 3
DBG_INIT: meal_mutex init for philo 4
DBG: init philo[1].time_last_meal=0
DBG: init philo[2].time_last_meal=0
DBG: init philo[3].time_last_meal=0
DBG: init philo[4].time_last_meal=0
1 1 has taken the right fork
1 1 has taken the left fork
1 1 is eating
DBG_EAT: id=1 time_last_meal=1
1 3 has taken the right fork
1 3 has taken the left fork
1 3 is eating
DBG_EAT: id=3 time_last_meal=1
DBG: start_time=1758387075229
DBG_EAT2: id=1 meals=1
201 1 has put down the left fork
201 1 has put down the right fork
201 1 is sleeping
201 4 has taken the left fork
DBG_EAT2: id=3 meals=1
201 3 has put down the left fork
201 3 has put down the right fork
201 3 is sleeping
201 4 has taken the right fork
201 4 is eating
DBG_EAT: id=4 time_last_meal=201
201 2 has taken the left fork
201 2 has taken the right fork
201 2 is eating
DBG_EAT: id=2 time_last_meal=201
401 1 is thinking
DBG_EAT2: id=4 meals=1
401 4 has put down the right fork
401 4 has put down the left fork
401 4 is sleeping
DBG_EAT2: id=2 meals=1
401 2 has put down the right fork
401 2 has put down the left fork
401 2 is sleeping
401 1 has taken the right fork
401 1 has taken the left fork
401 1 is eating
DBG_EAT: id=1 time_last_meal=401
402 3 is thinking
402 3 has taken the right fork
402 3 has taken the left fork
402 3 is eating
DBG_EAT: id=3 time_last_meal=402
602 4 is thinking
602 2 is thinking
DBG_EAT2: id=1 meals=2
602 1 has put down the left fork
602 1 has put down the right fork
602 1 is sleeping
DBG_EAT2: id=3 meals=2
602 3 has put down the left fork
602 3 has put down the right fork
602 3 is sleeping
602 4 has taken the left fork
602 4 has taken the right fork
602 4 is eating
DBG_EAT: id=4 time_last_meal=602
602 2 has taken the left fork
602 2 has taken the right fork
602 2 is eating
DBG_EAT: id=2 time_last_meal=602
802 1 is thinking
DBG_EAT2: id=4 meals=2
802 4 has put down the right fork
802 4 has put down the left fork
802 3 is thinking
802 4 is sleeping
DBG_EAT2: id=2 meals=2
802 2 has put down the right fork
802 1 has taken the right fork
802 1 has taken the left fork
802 1 is eating
DBG_EAT: id=1 time_last_meal=802
802 2 has put down the left fork
802 2 is sleeping
802 3 has taken the right fork
802 3 has taken the left fork
802 3 is eating
DBG_EAT: id=3 time_last_meal=802
1002 4 is thinking
DBG_EAT2: id=1 meals=3
1002 1 has put down the left fork
1002 1 has put down the right fork
1002 1 is sleeping
1002 4 has taken the left fork
1002 2 is thinking
DBG_EAT2: id=3 meals=3
1002 3 has put down the left fork
1002 3 has put down the right fork
1002 3 is sleeping
1002 4 has taken the right fork
1002 4 is eating
DBG_EAT: id=4 time_last_meal=1002
1003 2 has taken the left fork
1003 2 has taken the right fork
1003 2 is eating
DBG_EAT: id=2 time_last_meal=1003
1202 1 is thinking
DBG_EAT2: id=4 meals=3
1203 4 has put down the right fork
1203 3 is thinking
1203 4 has put down the left fork
1203 4 is sleeping
1203 1 has taken the right fork
DBG_EAT2: id=2 meals=3
1203 2 has put down the right fork
1203 2 has put down the left fork
1203 2 is sleeping
1203 1 has taken the left fork
1203 1 is eating
DBG_EAT: id=1 time_last_meal=1203
1203 3 has taken the right fork
1203 3 has taken the left fork
1203 3 is eating
DBG_EAT: id=3 time_last_meal=1203
1403 4 is thinking
DBG_EAT2: id=3 meals=4
1403 3 has put down the left fork
1403 3 has put down the right fork
1403 2 is thinking
DBG_EAT2: id=1 meals=4
1403 1 has put down the left fork
1403 3 is sleeping
1403 1 has put down the right fork
1403 1 is sleeping
1403 4 has taken the left fork
1403 4 has taken the right fork
1403 4 is eating
DBG_EAT: id=4 time_last_meal=1403
1403 2 has taken the left fork
1403 2 has taken the right fork
1403 2 is eating
DBG_EAT: id=2 time_last_meal=1403
1603 3 is thinking
1603 1 is thinking
DBG_EAT2: id=4 meals=4
1603 4 has put down the right fork
1604 4 has put down the left fork
1604 4 is sleeping
DBG_EAT2: id=2 meals=4
1604 2 has put down the right fork
1604 1 has taken the right fork
1604 1 has taken the left fork
1604 3 has taken the right fork
1604 3 has taken the left fork
1604 3 is eating
DBG_EAT: id=3 time_last_meal=1604
1604 1 is eating
DBG_EAT: id=1 time_last_meal=1604
1604 2 has put down the left fork
1604 2 is sleeping
1804 4 is thinking
DBG_EAT2: id=1 meals=5
1804 1 has put down the left fork
1804 1 has put down the right fork
1804 1 is sleeping
DBG_EAT2: id=3 meals=5
1804 3 has put down the left fork
1804 3 has put down the right fork
1804 4 has taken the left fork
1804 4 has taken the right fork
1804 4 is eating
DBG_EAT: id=4 time_last_meal=1804
1804 3 is sleeping
1804 2 is thinking
1804 2 has taken the left fork
1804 2 has taken the right fork
1804 2 is eating
DBG_EAT: id=2 time_last_meal=1804
DBG_EAT2: id=4 meals=5
2004 1 is thinking
2004 4 has put down the right fork
2004 3 is thinking
2004 4 has put down the left fork
2004 1 has taken the right fork
2004 4 is sleeping
DBG_EAT2: id=2 meals=5
2004 2 has put down the right fork
2005 2 has put down the left fork
2005 2 is sleeping
2005 1 has taken the left fork
2005 1 is eating
DBG_EAT: id=1 time_last_meal=2005
2005 3 has taken the right fork
2005 3 has taken the left fork
2005 3 is eating
DBG_EAT: id=3 time_last_meal=2005
2205 4 is thinking
2205 2 is thinking
DBG_EAT2: id=1 meals=6
2205 1 has put down the left fork
2205 1 has put down the right fork
2205 4 has taken the left fork
2205 1 is sleeping
DBG_EAT2: id=3 meals=6
2205 3 has put down the left fork
2205 4 has taken the right fork
2205 4 is eating
DBG_EAT: id=4 time_last_meal=2205
2205 3 has put down the right fork
2205 3 is sleeping
2205 2 has taken the left fork
2205 2 has taken the right fork
2205 2 is eating
DBG_EAT: id=2 time_last_meal=2205
2405 1 is thinking
DBG_EAT2: id=4 meals=6
2405 4 has put down the right fork
2405 4 has put down the left fork
2405 3 is thinking
2405 4 is sleeping
2405 1 has taken the right fork
DBG_EAT2: id=2 meals=6
2405 2 has put down the right fork
2405 2 has put down the left fork
2405 2 is sleeping
2405 1 has taken the left fork
2405 1 is eating
DBG_EAT: id=1 time_last_meal=2405
2405 3 has taken the right fork
2405 3 has taken the left fork
2405 3 is eating
DBG_EAT: id=3 time_last_meal=2405
2605 4 is thinking
DBG_EAT2: id=1 meals=7
2606 1 has put down the left fork
2606 1 has put down the right fork
2606 2 is thinking
2606 4 has taken the left fork
2606 1 is sleeping
DBG_EAT2: id=3 meals=7
2606 3 has put down the left fork
2606 3 has put down the right fork
2606 3 is sleeping
2606 2 has taken the left fork
2606 2 has taken the right fork
2606 2 is eating
DBG_EAT: id=2 time_last_meal=2606
2606 4 has taken the right fork
2606 4 is eating
DBG_EAT: id=4 time_last_meal=2606
2806 1 is thinking
DBG_EAT2: id=4 meals=7
2806 4 has put down the right fork
2806 4 has put down the left fork
2806 3 is thinking
DBG_EAT2: id=2 meals=7
2806 2 has put down the right fork
2806 4 is sleeping
2806 2 has put down the left fork
2806 2 is sleeping
2806 1 has taken the right fork
2806 1 has taken the left fork
2806 1 is eating
DBG_EAT: id=1 time_last_meal=2806
2806 3 has taken the right fork
2806 3 has taken the left fork
2806 3 is eating
DBG_EAT: id=3 time_last_meal=2806
DBG_EAT2: id=1 meals=8
3006 4 is thinking
3006 1 has put down the left fork
3006 1 has put down the right fork
3006 2 is thinking
DBG_EAT2: id=3 meals=8
3006 3 has put down the left fork
3006 3 has put down the right fork
3006 3 is sleeping
3006 1 is sleeping
3007 4 has taken the left fork
3007 2 has taken the left fork
3007 2 has taken the right fork
3007 2 is eating
DBG_EAT: id=2 time_last_meal=3007
3007 4 has taken the right fork
3007 4 is eating
DBG_EAT: id=4 time_last_meal=3007
3206 3 is thinking
3206 1 is thinking
DBG_EAT2: id=2 meals=8
3207 2 has put down the right fork
3207 2 has put down the left fork
DBG_EAT2: id=4 meals=8
3207 4 has put down the right fork
3207 2 is sleeping
3207 3 has taken the right fork
3207 3 has taken the left fork
3207 3 is eating
DBG_EAT: id=3 time_last_meal=3207
3207 4 has put down the left fork
3207 4 is sleeping
3207 1 has taken the right fork
3207 1 has taken the left fork
3207 