DBG_INIT: meal_mutex init for philo 1
DBG_INIT: meal_mutex init for philo 2
DBG: init philo[1].time_last_meal=0
DBG: init philo[2].time_last_meal=0
1 1 has taken the right fork
1 1 has taken the left fork
1 1 is eating
DBG_EAT: id=1 time_last_meal=1
DBG: start_time=1758403179967
DBG_EAT2: id=1 meals=1
61 1 has put down the left fork
61 1 has put down the right fork
61 1 is sleeping
61 2 has taken the left fork
61 2 has taken the right fork
61 2 is eating
DBG_EAT: id=2 time_last_meal=61
DBG_EAT2: id=2 meals=1
122 2 has put down the right fork
122 2 has put down the left fork
122 2 is sleeping
161 1 is thinking
161 1 has taken the right fork
161 1 has taken the left fork
161 1 is eating
DBG_EAT: id=1 time_last_meal=161
DBG_EAT2: id=1 meals=2
222 1 has put down the left fork
222 1 has put down the right fork
222 1 is sleeping
222 2 is thinking
222 2 has taken the left fork
222 2 has taken the right fork
222 2 is eating
DBG_EAT: id=2 time_last_meal=222
DBG_EAT2: id=2 meals=2
282 2 has put down the right fork
282 2 has put down the left fork
282 2 is sleeping
282 All philosophers ate enough
