DBG_INIT: meal_mutex init for philo 1
DBG_INIT: meal_mutex init for philo 2
DBG_INIT: meal_mutex init for philo 3
DBG: init philo[1].time_last_meal=0
DBG: init philo[2].time_last_meal=0
DBG: init philo[3].time_last_meal=0
1 1 has taken the right fork
1 1 has taken the left fork
1 1 is eating
DBG_EAT: id=1 time_last_meal=1
1 2 has taken the left fork
DBG: start_time=1758386387936
DBG_EAT2: id=1 meals=1
61 1 has put down the left fork
61 1 has put down the right fork
61 1 is sleeping
61 2 has taken the right fork
61 2 is eating
DBG_EAT: id=2 time_last_meal=61
121 1 is thinking
121 1 has taken the right fork
DBG_EAT2: id=2 meals=1
121 2 has put down the right fork
121 2 has put down the left fork
121 2 is sleeping
121 1 has taken the left fork
121 1 is eating
DBG_EAT: id=1 time_last_meal=121
121 3 has taken the right fork
181 2 is thinking
DBG_EAT2: id=1 meals=2
181 1 has put down the left fork
181 1 has put down the right fork
181 3 has taken the left fork
181 3 is eating
DBG_EAT: id=3 time_last_meal=181
181 1 is sleeping
DBG_EAT2: id=3 meals=1
241 3 has put down the left fork
241 3 has put down the right fork
241 3 is sleeping
241 1 is thinking
241 1 has taken the right fork
241 1 has taken the left fork
241 1 is eating
DBG_EAT: id=1 time_last_meal=241
241 2 has taken the left fork
301 3 is thinking
DBG_EAT2: id=1 meals=3
301 1 has put down the left fork
301 1 has put down the right fork
302 1 is sleeping
302 2 has taken the right fork
302 2 is eating
DBG_EAT: id=2 time_last_meal=302
362 1 is thinking
362 1 has taken the right fork
DBG_EAT2: id=2 meals=2
362 2 has put down the right fork
362 2 has put down the left fork
362 1 has taken the left fork
362 1 is eating
DBG_EAT: id=1 time_last_meal=362
362 2 is sleeping
362 3 has taken the right fork
422 2 is thinking
DBG_EAT2: id=1 meals=4
422 1 has put down the left fork
422 1 has put down the right fork
422 3 has taken the left fork
422 3 is eating
DBG_EAT: id=3 time_last_meal=422
422 1 is sleeping
DBG_EAT2: id=3 meals=2
482 3 has put down the left fork
482 1 is thinking
482 1 has taken the right fork
482 1 has taken the left fork
482 1 is eating
DBG_EAT: id=1 time_last_meal=482
482 3 has put down the right fork
482 3 is sleeping
482 2 has taken the left fork
DBG_EAT2: id=1 meals=5
542 1 has put down the left fork
542 1 has put down the right fork
542 3 is thinking
542 1 is sleeping
542 2 has taken the right fork
542 2 is eating
DBG_EAT: id=2 time_last_meal=542
602 1 is thinking
DBG_EAT2: id=2 meals=3
602 2 has put down the right fork
602 1 has taken the right fork
602 1 has taken the left fork
602 1 is eating
DBG_EAT: id=1 time_last_meal=602
602 2 has put down the left fork
602 2 is sleeping
602 3 has taken the right fork
DBG_EAT2: id=1 meals=6
662 1 has put down the left fork
662 1 has put down the right fork
662 2 is thinking
662 1 is sleeping
662 3 has taken the left fork
662 3 is eating
DBG_EAT: id=3 time_last_meal=662
722 1 is thinking
DBG_EAT2: id=3 meals=3
723 3 has put down the left fork
723 3 has put down the right fork
723 3 is sleeping
723 1 has taken the right fork
723 1 has taken the left fork
723 1 is eating
DBG_EAT: id=1 time_last_meal=723
723 2 has taken the left fork
783 3 is thinking
DBG_EAT2: id=1 meals=7
783 1 has put down the left fork
783 1 has put down the right fork
783 1 is sleeping
783 2 has taken the right fork
783 2 is eating
DBG_EAT: id=2 time_last_meal=783
843 1 is thinking
843 1 has taken the right fork
DBG_EAT2: id=2 meals=4
843 2 has put down the right fork
843 2 has put down the left fork
843 2 is sleeping
843 1 has taken the left fork
843 1 is eating
DBG_EAT: id=1 time_last_meal=843
843 3 has taken the right fork
903 2 is thinking
DBG_EAT2: id=1 meals=8
903 1 has put down the left fork
903 1 has put down the right fork
903 3 has taken the left fork
903 3 is eating
DBG_EAT: id=3 time_last_meal=903
903 1 is sleeping
DBG_EAT2: id=3 meals=4
963 3 has put down the left fork
963 1 is thinking
963 1 has taken the right fork
963 1 has taken the left fork
963 1 is eating
DBG_EAT: id=1 time_last_meal=963
963 3 has put down the right fork
963 3 is sleeping
963 2 has taken the left fork
DBG_EAT2: id=1 meals=9
1023 1 has put down the left fork
1023 1 has put down the right fork
1023 3 is thinking
1023 1 is sleeping
1023 2 has taken the right fork
1023 2 is eating
DBG_EAT: id=2 time_last_meal=1023
1083 1 is thinking
1083 1 has taken the right fork
DBG_EAT2: id=2 meals=5
1084 2 has put down the right fork
1084 2 has put down the left fork
1084 2 is sleeping
1084 1 has taken the left fork
1084 1 is eating
DBG_EAT: id=1 time_last_meal=1084
1084 3 has taken the right fork
1144 2 is thinking
DBG_EAT2: id=1 meals=10
1144 1 has put down the left fork
1144 1 has put down the right fork
1144 3 has taken the left fork
1144 3 is eating
DBG_EAT: id=3 time_last_meal=1144
1144 1 is sleeping
DBG_EAT2: id=3 meals=5
1204 3 has put down the left fork
1204 1 is thinking
1204 1 has taken the right fork
1204 1 has taken the left fork
1204 1 is eating
DBG_EAT: id=1 time_last_meal=1204
1204 3 has put down the right fork
1204 3 is sleeping
1204 2 has taken the left fork
1204 All philosophers ate enough
DBG_EAT2: id=1 meals=11
