DBG_INIT: meal_mutex init for philo 1
DBG_INIT: meal_mutex init for philo 2
DBG_INIT: meal_mutex init for philo 3
DBG: init philo[1].time_last_meal=0
DBG: init philo[2].time_last_meal=0
DBG: init philo[3].time_last_meal=0
1 1 has taken the right fork
1 1 has taken the left fork
1 1 is eating
DBG_EAT: id=1 time_last_meal=1
1 3 has taken the right fork
DBG: start_time=1758403458684
DBG_EAT2: id=1 meals=1
201 1 has put down the left fork
201 1 has put down the right fork
201 1 is sleeping
201 3 has taken the left fork
201 3 is eating
DBG_EAT: id=3 time_last_meal=201
401 1 is thinking
DBG_EAT2: id=3 meals=1
401 3 has put down the left fork
401 3 has put down the right fork
401 3 is sleeping
401 1 has taken the right fork
401 1 has taken the left fork
401 1 is eating
DBG_EAT: id=1 time_last_meal=401
401 2 has taken the left fork
DBG_EAT2: id=1 meals=2
602 3 is thinking
602 1 has put down the left fork
602 1 has put down the right fork
602 1 is sleeping
602 2 has taken the right fork
602 2 is eating
DBG_EAT: id=2 time_last_meal=602
802 1 is thinking
802 1 has taken the right fork
DBG_EAT2: id=2 meals=1
802 2 has put down the right fork
802 2 has put down the left fork
803 1 has taken the left fork
803 1 is eating
DBG_EAT: id=1 time_last_meal=803
803 2 is sleeping
803 3 has taken the right fork
803 3 has died (last meal at 201)
DBG_EAT2: id=1 meals=3
