DBG_INIT: meal_mutex init for philo 1
DBG_INIT: meal_mutex init for philo 2
DBG_INIT: meal_mutex init for philo 3
DBG_INIT: meal_mutex init for philo 4
DBG_INIT: meal_mutex init for philo 5
DBG: init philo[1].time_last_meal=0
DBG: init philo[2].time_last_meal=0
DBG: init philo[3].time_last_meal=0
DBG: init philo[4].time_last_meal=0
DBG: init philo[5].time_last_meal=0
1 1 has taken the right fork
1 1 has taken the left fork
1 1 is eating
DBG_EAT: id=1 time_last_meal=1
1 3 has taken the right fork
1 3 has taken the left fork
1 3 is eating
DBG_EAT: id=3 time_last_meal=1
1 5 has taken the right fork
DBG: start_time=1758387872148
DBG_EAT2: id=1 meals=1
61 1 has put down the left fork
61 1 has put down the right fork
61 1 is sleeping
61 5 has taken the left fork
61 5 is eating
DBG_EAT: id=5 time_last_meal=61
DBG_EAT2: id=3 meals=1
61 3 has put down the left fork
61 3 has put down the right fork
61 3 is sleeping
61 2 has taken the left fork
61 2 has taken the right fork
61 2 is eating
DBG_EAT: id=2 time_last_meal=61
DBG_EAT2: id=5 meals=1
121 5 has put down the left fork
121 5 has put down the right fork
121 5 is sleeping
121 4 has taken the left fork
121 4 has taken the right fork
121 4 is eating
DBG_EAT: id=4 time_last_meal=121
DBG_EAT2: id=2 meals=1
121 2 has put down the right fork
121 2 has put down the left fork
121 2 is sleeping
DBG_EAT2: id=4 meals=1
182 4 has put down the right fork
182 4 has put down the left fork
182 4 is sleeping
261 1 is thinking
261 1 has taken the right fork
261 1 has taken the left fork
261 1 is eating
DBG_EAT: id=1 time_last_meal=261
261 3 is thinking
261 3 has taken the right fork
261 3 has taken the left fork
261 3 is eating
DBG_EAT: id=3 time_last_meal=261
DBG_EAT2: id=1 meals=2
321 1 has put down the left fork
321 1 has put down the right fork
321 1 is sleeping
DBG_EAT2: id=3 meals=2
321 3 has put down the left fork
321 3 has put down the right fork
321 5 is thinking
321 5 has taken the right fork
321 5 has taken the left fork
321 5 is eating
DBG_EAT: id=5 time_last_meal=321
321 3 is sleeping
322 2 is thinking
322 2 has taken the left fork
322 2 has taken the right fork
322 2 is eating
DBG_EAT: id=2 time_last_meal=322
DBG_EAT2: id=5 meals=2
382 5 has put down the left fork
382 5 has put down the right fork
DBG_EAT2: id=2 meals=2
382 2 has put down the right fork
382 2 has put down the left fork
382 2 is sleeping
382 5 is sleeping
382 4 is thinking
382 4 has taken the left fork
382 4 has taken the right fork
382 4 is eating
DBG_EAT: id=4 time_last_meal=382
DBG_EAT2: id=4 meals=2
442 4 has put down the right fork
442 4 has put down the left fork
442 4 is sleeping
521 1 is thinking
521 1 has taken the right fork
521 1 has taken the left fork
521 1 is eating
DBG_EAT: id=1 time_last_meal=521
522 3 is thinking
522 3 has taken the right fork
522 3 has taken the left fork
522 3 is eating
DBG_EAT: id=3 time_last_meal=522
DBG_EAT2: id=1 meals=3
582 1 has put down the left fork
582 1 has put down the right fork
DBG_EAT2: id=3 meals=3
582 3 has put down the left fork
582 3 has put down the right fork
582 3 is sleeping
582 1 is sleeping
582 2 is thinking
582 5 is thinking
582 5 has taken the right fork
582 5 has taken the left fork
582 5 is eating
DBG_EAT: id=5 time_last_meal=582
582 2 has taken the left fork
582 2 has taken the right fork
582 2 is eating
DBG_EAT: id=2 time_last_meal=582
DBG_EAT2: id=2 meals=3
642 2 has put down the right fork
642 2 has put down the left fork
642 2 is sleeping
DBG_EAT2: id=5 meals=3
642 5 has put down the left fork
642 5 has put down the right fork
642 5 is sleeping
643 4 is thinking
643 4 has taken the left fork
643 4 has taken the right fork
643 4 is eating
DBG_EAT: id=4 time_last_meal=643
DBG_EAT2: id=4 meals=3
703 4 has put down the right fork
703 4 has put down the left fork
703 4 is sleeping
782 3 is thinking
782 3 has taken the right fork
782 3 has taken the left fork
782 3 is eating
DBG_EAT: id=3 time_last_meal=782
782 1 is thinking
782 1 has taken the right fork
782 1 has taken the left fork
782 1 is eating
DBG_EAT: id=1 time_last_meal=782
DBG_EAT2: id=3 meals=4
842 3 has put down the left fork
842 3 has put down the right fork
842 3 is sleeping
DBG_EAT2: id=1 meals=4
842 1 has put down the left fork
842 1 has put down the right fork
842 1 is sleeping
842 2 is thinking
843 5 is thinking
843 5 has taken the right fork
843 5 has taken the left fork
843 5 is eating
DBG_EAT: id=5 time_last_meal=843
843 2 has taken the left fork
843 2 has taken the right fork
843 2 is eating
DBG_EAT: id=2 time_last_meal=843
DBG_EAT2: id=5 meals=4
903 5 has put down the left fork
903 5 has put down the right fork
903 5 is sleeping
DBG_EAT2: id=2 meals=4
903 2 has put down the right fork
903 2 has put down the left fork
903 2 is sleeping
903 4 is thinking
903 4 has taken the left fork
903 4 has taken the right fork
903 4 is eating
DBG_EAT: id=4 time_last_meal=903
DBG_EAT2: id=4 meals=4
964 4 has put down the right fork
964 4 has put down the left fork
964 4 is sleeping
1042 3 is thinking
1042 3 has taken the right fork
1042 3 has taken the left fork
1042 3 is eating
DBG_EAT: id=3 time_last_meal=1042
1042 1 is thinking
1042 1 has taken the right fork
1042 1 has taken the left fork
1042 1 is eating
DBG_EAT: id=1 time_last_meal=1042
DBG_EAT2: id=3 meals=5
1103 3 has put down the left fork
1103 3 has put down the right fork
1103 3 is sleeping
DBG_EAT2: id=1 meals=5
1103 1 has put down the left fork
1103 1 has put down the right fork
1103 1 is sleeping
1103 5 is thinking
1103 5 has taken the right fork
1103 5 has taken the left fork
1103 5 is eating
DBG_EAT: id=5 time_last_meal=1103
1103 2 is thinking
1103 2 has taken the left fork
1103 2 has taken the right fork
1103 2 is eating
DBG_EAT: id=2 time_last_meal=1103
DBG_EAT2: id=5 meals=5
1163 5 has put down the left fork
1163 5 has put down the right fork
1163 5 is sleeping
DBG_EAT2: id=2 meals=5
1164 2 has put down the right fork
1164 2 has put down the left fork
1164 2 is sleeping
1164 4 is thinking
1164 4 has taken the left fork
1164 4 has taken the right fork
1164 4 is eating
DBG_EAT: id=4 time_last_meal=1164
DBG_EAT2: id=4 meals=5
1224 4 has put down the right fork
1224 4 has put down the left fork
1224 4 is sleeping
1303 3 is thinking
1303 3 has taken the right fork
1303 3 has taken the left fork
1303 3 is eating
DBG_EAT: id=3 time_last_meal=1303
1303 1 is thinking
1303 1 has taken the right fork
1303 1 has taken the left fork
1303 1 is eating
DBG_EAT: id=1 time_last_meal=1303
DBG_EAT2: id=1 meals=6
1363 1 has put down the left fork
1363 1 has put down the right fork
1363 1 is sleeping
DBG_EAT2: id=3 meals=6
1363 3 has put down the left fork
1363 3 has put down the right fork
1363 3 is sleeping
1364 5 is thinking
1364 5 has taken the right fork
1364 5 has taken the left fork
1364 5 is eating
DBG_EAT: id=5 time_last_meal=1364
1364 2 is thinking
1364 2 has taken the left fork
1364 2 has taken the right fork
1364 2 is eating
DBG_EAT: id=2 time_last_meal=1364
DBG_EAT2: id=5 meals=6
1424 5 has put down the left fork
1424 5 has put down the right fork
1424 5 is sleeping
DBG_EAT2: id=2 meals=6
1424 2 has put down the right fork
1424 2 has put down the left fork
1424 2 is sleeping
1424 4 is thinking
1424 4 has taken the left fork
1424 4 has taken the right fork
1424 4 is eating
DBG_EAT: id=4 time_last_meal=1424
DBG_EAT2: id=4 meals=6
1485 4 has put down the right fork
1485 4 has put down the left fork
1485 4 is sleeping
1563 1 is thinking
1563 1 has taken the right fork
1563 1 has taken the left fork
1563 1 is eating
DBG_EAT: id=1 time_last_meal=1563
1563 3 is thinking
1563 3 has taken the right fork
1563 3 has taken the left fork
1563 3 is eating
DBG_EAT: id=3 time_last_meal=1563
DBG_EAT2: id=1 meals=7
1623 1 has put down the left fork
1623 1 has put down the right fork
1623 1 is sleeping
DBG_EAT2: id=3 meals=7
1623 3 has put down the left fork
1623 3 has put down the right fork
1623 3 is sleeping
1624 5 is thinking
1624 5 has taken the right fork
1624 5 has taken the left fork
1624 5 is eating
DBG_EAT: id=5 time_last_meal=1624
1624 2 is thinking
1624 2 has taken the left fork
1624 2 has taken the right fork
1624 2 is eating
DBG_EAT: id=2 time_last_meal=1624
DBG_EAT2: id=2 meals=7
1684 2 has put down the right fork
1684 2 has put down the left fork
1684 2 is sleeping
DBG_EAT2: id=5 meals=7
1684 5 has put down the left fork
1684 5 has put down the right fork
1684 5 is sleeping
1685 4 is thinking
1685 4 has taken the left fork
1685 4 has taken the right fork
1685 4 is eating
DBG_EAT: id=4 time_last_meal=1685
DBG_EAT2: id=4 meals=7
1745 4 has put down the right fork
1745 4 has put down the left fork
1745 4 is sleeping
1823 1 is thinking
1823 1 has taken the right fork
1823 1 has taken the left fork
1823 1 is eating
DBG_EAT: id=1 time_last_meal=1823
1823 3 is thinking
1823 3 has taken the right fork
1823 3 has taken the left fork
1823 3 is eating
DBG_EAT: id=3 time_last_meal=1823
DBG_EAT2: id=1 meals=8
1884 1 has put down the left fork
1884 1 has put down the right fork
DBG_EAT2: id=3 meals=8
1884 3 has put down the left fork
1884 3 has put down the right fork
1884 3 is sleeping
1884 1 is sleeping
1884 2 is thinking
1884 5 is thinking
1884 5 has taken the right fork
1884 5 has taken the left fork
1884 5 is eating
DBG_EAT: id=5 time_last_meal=1884
1885 2 has taken the left fork
1885 2 has taken the right fork
1885 2 is eating
DBG_EAT: id=2 time_last_meal=1885
DBG_EAT2: id=5 meals=8
1945 5 has put down the left fork
1945 5 has put down the right fork
DBG_EAT2: id=2 meals=8
1945 2 has put down the right fork
1945 2 has put down the left fork
1945 2 is sleeping
1945 5 is sleeping
1946 4 is thinking
1946 4 has taken the left fork
1946 4 has taken the right fork
1946 4 is eating
DBG_EAT: id=4 time_last_meal=1946
DBG_EAT2: id=4 meals=8
2006 4 has put down the right fork
2006 4 has put down the left fork
2006 4 is sleeping
2084 3 is thinking
2084 3 has taken the right fork
2084 3 has taken the left fork
2084 3 is eating
DBG_EAT: id=3 time_last_meal=2084
2084 1 is thinking
2084 1 has taken the right fork
2084 1 has taken the left fork
2084 1 is eating
DBG_EAT: id=1 time_last_meal=2084
DBG_EAT2: id=1 meals=9
2144 1 has put down the left fork
2144 1 has put down the right fork
DBG_EAT2: id=3 meals=9
2144 3 has put down the left fork
2144 3 has put down the right fork
2144 3 is sleeping
2144 1 is sleeping
2145 5 is thinking
2145 5 has taken the right fork
2145 5 has taken the left fork
2145 5 is eating
DBG_EAT: id=5 time_last_meal=2145
2145 2 is thinking
2145 2 has taken the left fork
2145 2 has taken the right fork
2145 2 is eating
DBG_EAT: id=2 time_last_meal=2145
DBG_EAT2: id=5 meals=9
2205 5 has put down the left fork
2205 5 has put down the right fork
2205 5 is sleeping
DBG_EAT2: id=2 meals=9
2205 2 has put down the right fork
2205 2 has put down the left fork
2205 2 is sleeping
2206 4 is thinking
2206 4 has taken the left fork
2206 4 has taken the right fork
2206 4 is eating
DBG_EAT: id=4 time_last_meal=2206
DBG_EAT2: id=4 meals=9
2266 4 has put down the right fork
2266 4 has put down the left fork
2266 4 is sleeping
2344 3 is thinking
2344 3 has taken the right fork
2344 3 has taken the left fork
2344 3 is eating
DBG_EAT: id=3 time_last_meal=2344
2344 1 is thinking
2344 1 has taken the right fork
2344 1 has taken the left fork
2344 1 is eating
DBG_EAT: id=1 time_last_meal=2344
DBG_EAT2: id=3 meals=10
2404 3 has put down the left fork
2404 3 has put down the right fork
DBG_EAT2: id=1 meals=10
2404 1 has put down the left fork
2404 1 has put down the right fork
2404 1 is sleeping
2404 3 is sleeping
2405 5 is thinking
2405 5 has taken the right fork
2405 5 has taken the left fork
2405 5 is eating
DBG_EAT: id=5 time_last_meal=2405
2405 2 is thinking
2405 2 has taken the left fork
2405 2 has taken the right fork
2405 2 is eating
DBG_EAT: id=2 time_last_meal=2405
DBG_EAT2: id=5 meals=10
2465 5 has put down the left fork
2465 5 has put down the right fork
2465 5 is sleeping
DBG_EAT2: id=2 meals=10
2465 2 has put down the right fork
2465 2 has put down the left fork
2465 2 is sleeping
2467 4 is thinking
2467 4 has taken the left fork
2467 4 has taken the right fork
2467 4 is eating
DBG_EAT: id=4 time_last_meal=2467
DBG_EAT2: id=4 meals=10
2527 4 has put down the right fork
2527 4 has put down the left fork
2527 4 is sleeping
2604 1 is thinking
2604 1 has taken the right fork
2604 1 has taken the left fork
2604 1 is eating
DBG_EAT: id=1 time_last_meal=2604
2604 3 is thinking
2604 3 has taken the right fork
2604 3 has taken the left fork
2604 3 is eating
DBG_EAT: id=3 time_last_meal=2604
DBG_EAT2: id=1 meals=11
2665 1 has put down the left fork
2665 1 has put down the right fork
DBG_EAT2: id=3 meals=11
2665 3 has put down the left fork
2665 3 has put down the right fork
2665 3 is sleeping
2665 1 is sleeping
2665 5 is thinking
2665 5 has taken the right fork
2665 5 has taken the left fork
2665 5 is eating
DBG_EAT: id=5 time_last_meal=2665
2666 2 is thinking
2666 2 has taken the left fork
2666 2 has taken the right fork
2666 2 is eating
DBG_EAT: id=2 time_last_meal=2666
DBG_EAT2: id=5 meals=11
2726 5 has put down the left fork
2726 5 has put down the right fork
2726 5 is sleeping
DBG_EAT2: id=2 meals=11
2726 2 has put down the right fork
2726 2 has put down the left fork
2726 2 is sleeping
2727 4 is thinking
2728 4 has taken the left fork
2728 4 has taken the right fork
2728 4 is eating
DBG_EAT: id=4 time_last_meal=2728
DBG_EAT2: id=4 meals=11
2788 4 has put down the right fork
2788 4 has put down the left fork
2788 4 is sleeping
2865 3 is thinking
2865 3 has taken the right fork
2865 3 has taken the left fork
2865 3 is eating
DBG_EAT: id=3 time_last_meal=2865
2865 1 is thinking
2865 1 has taken the right fork
2865 1 has taken the left fork
2865 1 is eating
DBG_EAT: id=1 time_last_meal=2865
DBG_EAT2: id=1 meals=12
2925 1 has put down the left fork
2925 1 has put down the right fork
DBG_EAT2: id=3 meals=12
2925 3 has put down the left fork
2925 3 has put down the right fork
2925 3 is sleeping
2925 1 is sleeping
2926 5 is thinking
2926 5 has taken the right fork
2926 5 has taken the left fork
2926 5 is eating
DBG_EAT: id=5 time_last_meal=2926
2926 2 is thinking
2926 2 has taken the left fork
2926 2 has taken the right fork
2926 2 is eating
DBG_EAT: id=2 time_last_meal=2926
DBG_EAT2: id=5 meals=12
2986 5 has put down the left fork
2986 5 has put down the right fork
2986 5 is sleeping
DBG_EAT2: id=2 meals=12
2986 2 has put down the right fork
2986 2 has put down the left fork
2986 2 is sleeping
2988 4 is thinking
2988 4 has taken the left fork
2988 4 has taken the right fork
2988 4 is eating
DBG_EAT: id=4 time_last_meal=2988
DBG_EAT2: id=4 meals=12
3048 4 has put down the right fork
3048 4 has put down the left fork
3048 4 is sleeping
3125 3 is thinking
3125 3 has taken the right fork
3125 3 has taken the left fork
3125 3 is eating
DBG_EAT: id=3 time_last_meal=3125
3125 1 is thinking
3125 1 has taken the right fork
3125 1 has taken the left fork
3125 1 is eating
DBG_EAT: id=1 time_last_meal=3125
DBG_EAT2: id=1 meals=13
3185 1 has put down the left fork
3185 1 has put down the right fork
3185 1 is sleeping
DBG_EAT2: id=3 meals=13
3185 3 has put down the left fork
3185 3 has put down the right fork
3185 3 is sleeping
3186 5 is thinking
3186 5 has taken the right fork
3186 5 has taken the left fork
3186 5 is eating
DBG_EAT: id=5 time_last_meal=3186
3187 2 is thinking
3187 2 has taken the left fork
3187 2 has taken the right fork
3187 2 is eating
DBG_EAT: id=2 time_last_meal=3187
DBG_EAT2: id=5 meals=13
3247 5 has put down the left fork
3247 5 has put down the right fork
3247 5 is sleeping
DBG_EAT2: id=2 meals=13
3247 2 has put down the right fork
3247 2 has put down the left fork
3247 2 is sleeping
3249 4 is thinking
3249 4 has taken the left fork
3249 4 has taken the right fork
3249 4 is eating
DBG_EAT: id=4 time_last_meal=3249
DBG_EAT2: id=4 meals=13
3309 4 has put down the right fork
3309 4 has put down the left fork
3309 4 is sleeping
3385 1 is thinking
3385 1 has taken the right fork
3385 1 has taken the left fork
3385 1 is eating
DBG_EAT: id=1 time_last_meal=3385
3386 3 is thinking
3386 3 has taken the right fork
3386 3 has taken the left fork
3386 3 is eating
DBG_EAT: id=3 time_last_meal=3386
DBG_EAT2: id=3 meals=14
3446 3 has put down the left fork
3446 3 has put down the right fork
3446 3 is sleeping
DBG_EAT2: id=1 meals=14
3446 1 has put down the left fork
3446 1 has put down the right fork
3446 1 is sleeping
3447 5 is thinking
3447 5 has taken the right fork
3447 5 has taken the left fork
3447 5 is eating
DBG_EAT: id=5 time_last_meal=3447
3447 2 is thinking
3447 2 has taken the left fork
3447 2 has taken the right fork
3447 2 is eating
DBG_EAT: id=2 time_last_meal=3447
DBG_EAT2: id=5 meals=14
3507 5 has put down the left fork
3507 5 has put down the right fork
3507 5 is sleeping
DBG_EAT2: id=2 meals=14
3507 2 has put down the right fork
3507 2 has put down the left fork
3507 2 is sleeping
3509 4 is thinking
3509 4 has taken the left fork
3509 4 has taken the right fork
3509 4 is eating
DBG_EAT: id=4 time_last_meal=3509
DBG_EAT2: id=4 meals=14
3570 4 has put down the right fork
3570 4 has put down the left fork
3570 4 is sleeping
3646 3 is thinking
3646 3 has taken the right fork
3646 3 has taken the left fork
3646 3 is eating
DBG_EAT: id=3 time_last_meal=3646
3646 1 is thinking
3646 1 has taken the right fork
3646 1 has taken the left fork
3646 1 is eating
DBG_EAT: id=1 time_last_meal=3646
DBG_EAT2: id=1 meals=15
3706 1 has put down the left fork
3706 1 has put down the right fork
3706 1 is sleeping
DBG_EAT2: id=3 meals=15
3706 3 has put down the left fork
3706 3 has put down the right fork
3706 3 is sleeping
3707 5 is thinking
3707 5 has taken the right fork
3707 5 has taken the left fork
3707 5 is eating
DBG_EAT: id=5 time_last_meal=3707
3708 2 is thinking
3708 2 has taken the left fork
3708 2 has taken the right fork
3708 2 is eating
DBG_EAT: id=2 time_last_meal=3708
DBG_EAT2: id=5 meals=15
3767 5 has put down the left fork
3767 5 has put down the right fork
3767 5 is sleeping
DBG_EAT2: id=2 meals=15
3768 2 has put down the right fork
3768 2 has put down the left fork
3768 2 is sleeping
3770 4 is thinking
3770 4 has taken the left fork
3770 4 has taken the right fork
3770 4 is eating
DBG_EAT: id=4 time_last_meal=3770
DBG_EAT2: id=4 meals=15
3830 4 has put down the right fork
3830 4 has put down the left fork
3830 4 is sleeping
3906 1 is thinking
3906 1 has taken the right fork
3906 1 has taken the left fork
3906 1 is eating
DBG_EAT: id=1 time_last_meal=3906
3906 3 is thinking
3906 3 has taken the right fork
3906 3 has taken the left fork
3906 3 is eating
DBG_EAT: id=3 time_last_meal=3906
DBG_EAT2: id=3 meals=16
3966 3 has put down the left fork
3966 3 has put down the right fork
3966 3 is sleeping
DBG_EAT2: id=1 meals=16
3966 1 has put down the left fork
3966 1 has put down the right fork
3966 1 is sleeping
3967 5 is thinking
3967 5 has taken the right fork
3967 5 has taken the left fork
3967 5 is eating
DBG_EAT: id=5 time_last_meal=3967
3969 2 is thinking
3969 2 has taken the left fork
3969 2 has taken the right fork
3969 2 is eating
DBG_EAT: id=2 time_last_meal=3969
DBG_EAT2: id=5 meals=16
4027 5 has put down the left fork
4027 5 has put down the right fork
4028 5 is sleeping
DBG_EAT2: id=2 meals=16
4029 2 has put down the right fork
4029 2 has put down the left fork
4029 2 is sleeping
4030 4 is thinking
4030 4 has taken the left fork
4030 4 has taken the right fork
4030 4 is eating
DBG_EAT: id=4 time_last_meal=4030
DBG_EAT2: id=4 meals=16
4091 4 has put down the right fork
4091 4 has put down the left fork
4091 4 is sleeping
4166 3 is thinking
4166 3 has taken the right fork
4166 3 has taken the left fork
4166 3 is eating
DBG_EAT: id=3 time_last_meal=4166
4167 1 is thinking
4167 1 has taken the right fork
4167 1 has taken the left fork
4167 1 is eating
DBG_EAT: id=1 time_last_meal=4167
DBG_EAT2: id=1 meals=17
4227 1 has put down the left fork
4227 1 has put down the right fork
DBG_EAT2: id=3 meals=17
4227 3 has put down the left fork
4227 3 has put down the right fork
4227 3 is sleeping
4227 1 is sleeping
4228 5 is thinking
4228 5 has taken the right fork
4228 5 has taken the left fork
4228 5 is eating
DBG_EAT: id=5 time_last_meal=4228
4229 2 is thinking
4229 2 has taken the left fork
4229 2 has taken the right fork
4229 2 is eating
DBG_EAT: id=2 time_last_meal=4229
DBG_EAT2: id=5 meals=17
4288 5 has put down the le