DBG_INIT: meal_mutex init for philo 1
DBG_INIT: meal_mutex init for philo 2
DBG: init philo[1].time_last_meal=0
DBG: init philo[2].time_last_meal=0
0 1 has taken the right fork
0 1 has taken the left fork
0 1 is eating
DBG_EAT: id=1 time_last_meal=0
DBG: start_time=1758402742049
DBG_EAT2: id=1 meals=1
60 1 has put down the left fork
60 1 has put down the right fork
60 1 is sleeping
60 2 has taken the left fork
60 2 has taken the right fork
61 2 is eating
DBG_EAT: id=2 time_last_meal=61
121 1 is thinking
DBG_EAT2: id=2 meals=1
121 2 has put down the right fork
121 2 has put down the left fork
121 1 has taken the right fork
121 1 has taken the left fork
121 1 is eating
DBG_EAT: id=1 time_last_meal=121
121 2 is sleeping
181 2 is thinking
DBG_EAT2: id=1 meals=2
181 1 has put down the left fork
181 1 has put down the right fork
181 1 is sleeping
181 2 has taken the left fork
181 2 has taken the right fork
181 2 is eating
DBG_EAT: id=2 time_last_meal=181
241 1 is thinking
DBG_EAT2: id=2 meals=2
242 2 has put down the right fork
242 2 has put down the left fork
242 1 has taken the right fork
242 1 has taken the left fork
242 2 is sleeping
242 1 is eating
DBG_EAT: id=1 time_last_meal=242
302 2 is thinking
DBG_EAT2: id=1 meals=3
302 1 has put down the left fork
302 1 has put down the right fork
302 1 is sleeping
303 2 has taken the left fork
303 2 has taken the right fork
303 2 is eating
DBG_EAT: id=2 time_last_meal=303
363 1 is thinking
DBG_EAT2: id=2 meals=3
363 2 has put down the right fork
363 2 has put down the left fork
363 2 is sleeping
363 1 has taken the right fork
363 1 has taken the left fork
363 1 is eating
DBG_EAT: id=1 time_last_meal=363
423 2 is thinking
DBG_EAT2: id=1 meals=4
423 1 has put down the left fork
423 1 has put down the right fork
423 1 is sleeping
424 2 has taken the left fork
424 2 has taken the right fork
424 2 is eating
DBG_EAT: id=2 time_last_meal=424
DBG_EAT2: id=2 meals=4
484 2 has put down the right fork
484 2 has put down the left fork
484 1 is thinking
484 1 has taken the right fork
484 1 has taken the left fork
484 1 is eating
DBG_EAT: id=1 time_last_meal=484
484 2 is sleeping
DBG_EAT2: id=1 meals=5
544 1 has put down the left fork
544 1 has put down the right fork
544 2 is thinking
544 1 is sleeping
545 2 has taken the left fork
545 2 has taken the right fork
545 2 is eating
DBG_EAT: id=2 time_last_meal=545
DBG_EAT2: id=2 meals=5
605 2 has put down the right fork
605 2 has put down the left fork
605 1 is thinking
605 1 has taken the right fork
605 1 has taken the left fork
605 1 is eating
DBG_EAT: id=1 time_last_meal=605
605 2 is sleeping
DBG_EAT2: id=1 meals=6
665 1 has put down the left fork
665 1 has put down the right fork
665 2 is thinking
665 1 is sleeping
665 2 has taken the left fork
665 2 has taken the right fork
665 2 is eating
DBG_EAT: id=2 time_last_meal=665
DBG_EAT2: id=2 meals=6
725 2 has put down the right fork
725 2 has put down the left fork
725 1 is thinking
726 1 has taken the right fork
726 1 has taken the left fork
726 1 is eating
DBG_EAT: id=1 time_last_meal=726
726 2 is sleeping
786 2 is thinking
DBG_EAT2: id=1 meals=7
786 1 has put down the left fork
786 1 has put down the right fork
786 1 is sleeping
786 2 has taken the left fork
786 2 has taken the right fork
786 2 is eating
DBG_EAT: id=2 time_last_meal=786
DBG_EAT2: id=2 meals=7
846 2 has put down the right fork
846 2 has put down the left fork
846 1 is thinking
846 1 has taken the right fork
846 1 has taken the left fork
846 1 is eating
DBG_EAT: id=1 time_last_meal=846
846 2 is sleeping
907 2 is thinking
DBG_EAT2: id=1 meals=8
907 1 has put down the left fork
907 1 has put down the right fork
907 1 is sleeping
907 2 has taken the left fork
907 2 has taken the right fork
907 2 is eating
DBG_EAT: id=2 time_last_meal=907
DBG_EAT2: id=2 meals=8
967 2 has put down the right fork
967 2 has put down the left fork
967 1 is thinking
967 1 has taken the right fork
967 1 has taken the left fork
967 1 is eating
DBG_EAT: id=1 time_last_meal=967
967 2 is sleeping
1028 2 is thinking
DBG_EAT2: id=1 meals=9
1028 1 has put down the left fork
1028 1 has put down the right fork
1028 1 is sleeping
1028 2 has taken the left fork
1028 2 has taken the right fork
1028 2 is eating
DBG_EAT: id=2 time_last_meal=1028
DBG_EAT2: id=2 meals=9
1088 2 has put down the right fork
1088 2 has put down the left fork
1088 1 is thinking
1088 1 has taken the right fork
1088 1 has taken the left fork
1088 1 is eating
DBG_EAT: id=1 time_last_meal=1088
1088 2 is sleeping
DBG_EAT2: id=1 meals=10
1149 1 has put down the left fork
1149 1 has put down the right fork
1149 2 is thinking
1149 1 is sleeping
1149 2 has taken the left fork
1149 2 has taken the right fork
1149 2 is eating
DBG_EAT: id=2 time_last_meal=1149
DBG_EAT2: id=2 meals=10
1209 2 has put down the right fork
1209 2 has put down the left fork
1209 1 is thinking
1209 1 has taken the right fork
1209 1 has taken the left fork
1209 1 is eating
DBG_EAT: id=1 time_last_meal=1209
1209 2 is sleeping
DBG_EAT2: id=1 meals=11
1270 1 has put down the left fork
1270 1 has put down the right fork
1270 2 is thinking
1270 1 is sleeping
1270 2 has taken the left fork
1270 2 has taken the right fork
1270 2 is eating
DBG_EAT: id=2 time_last_meal=1270
DBG_EAT2: id=2 meals=11
1330 2 has put down the right fork
1330 2 has put down the left fork
1330 1 is thinking
1330 1 has taken the right fork
1330 1 has taken the left fork
1330 1 is eating
DBG_EAT: id=1 time_last_meal=1330
1330 2 is sleeping
DBG_EAT2: id=1 meals=12
1391 1 has put down the left fork
1391 1 has put down the right fork
1391 2 is thinking
1391 1 is sleeping
1391 2 has taken the left fork
1391 2 has taken the right fork
1391 2 is eating
DBG_EAT: id=2 time_last_meal=1391
DBG_EAT2: id=2 meals=12
1451 2 has put down the right fork
1451 2 has put down the left fork
1451 1 is thinking
1451 1 has taken the right fork
1451 1 has taken the left fork
1451 1 is eating
DBG_EAT: id=1 time_last_meal=1451
1451 2 is sleeping
DBG_EAT2: id=1 meals=13
1511 1 has put down the left fork
1511 1 has put down the right fork
1511 2 is thinking
1511 1 is sleeping
1512 2 has taken the left fork
1512 2 has taken the right fork
1512 2 is eating
DBG_EAT: id=2 time_last_meal=1512
1572 1 is thinking
DBG_EAT2: id=2 meals=13
1572 2 has put down the right fork
1572 2 has put down the left fork
1572 1 has taken the right fork
1572 1 has taken the left fork
1572 1 is eating
DBG_EAT: id=1 time_last_meal=1572
1572 2 is sleeping
DBG_EAT2: id=1 meals=14
1632 1 has put down the left fork
1632 1 has put down the right fork
1632 2 is thinking
1632 1 is sleeping
1632 2 has taken the left fork
1632 2 has taken the right fork
1632 2 is eating
DBG_EAT: id=2 time_last_meal=1632
DBG_EAT2: id=2 meals=14
1693 2 has put down the right fork
1693 2 has put down the left fork
1693 1 is thinking
1693 1 has taken the right fork
1693 1 has taken the left fork
1693 1 is eating
DBG_EAT: id=1 time_last_meal=1693
1693 2 is sleeping
DBG_EAT2: id=1 meals=15
1753 1 has put down the left fork
1753 1 has put down the right fork
1753 2 is thinking
1753 1 is sleeping
1753 2 has taken the left fork
1753 2 has taken the right fork
1753 2 is eating
DBG_EAT: id=2 time_last_meal=1753
1813 1 is thinking
DBG_EAT2: id=2 meals=15
1813 2 has put down the right fork
1813 2 has put down the left fork
1813 1 has taken the right fork
1813 1 has taken the left fork
1813 1 is eating
DBG_EAT: id=1 time_last_meal=1813
1813 2 is sleeping
DBG_EAT2: id=1 meals=16
1874 1 has put down the left fork
1874 1 has put down the right fork
1874 2 is thinking
1874 1 is sleeping
1874 2 has taken the left fork
1874 2 has taken the right fork
1874 2 is eating
DBG_EAT: id=2 time_last_meal=1874
DBG_EAT2: id=2 meals=16
1934 2 has put down the right fork
1934 2 has put down the left fork
1934 1 is thinking
1934 1 has taken the right fork
1934 1 has taken the left fork
1934 1 is eating
DBG_EAT: id=1 time_last_meal=1934
1934 2 is sleeping
DBG_EAT2: id=1 meals=17
1994 1 has put down the left fork
1994 1 has put down the right fork
1994 2 is thinking
1995 1 is sleeping
1995 2 has taken the left fork
1995 2 has taken the right fork
1995 2 is eating
DBG_EAT: id=2 time_last_meal=1995
DBG_EAT2: id=2 meals=17
2055 2 has put down the right fork
2055 2 has put down the left fork
2055 1 is thinking
2055 1 has taken the right fork
2055 1 has taken the left fork
2055 1 is eating
DBG_EAT: id=1 time_last_meal=2055
2055 2 is sleeping
DBG_EAT2: id=1 meals=18
2115 1 has put down the left fork
2115 1 has put down the right fork
2115 2 is thinking
2115 1 is sleeping
2115 2 has taken the left fork
2115 2 has taken the right fork
2115 2 is eating
DBG_EAT: id=2 time_last_meal=2115
2175 1 is thinking
DBG_EAT2: id=2 meals=18
2176 2 has put down the right fork
2176 2 has put down the left fork
2176 1 has taken the right fork
2176 1 has taken the left fork
2176 1 is eating
DBG_EAT: id=1 time_last_meal=2176
2176 2 is sleeping
DBG_EAT2: id=1 meals=19
2236 1 has put down the left fork
2236 1 has put down the right fork
2236 2 is thinking
2236 1 is sleeping
2236 2 has taken the left fork
2236 2 has taken the right fork
2236 2 is eating
DBG_EAT: id=2 time_last_meal=2236
DBG_EAT2: id=2 meals=19
2297 2 has put down the right fork
2297 2 has put down the left fork
2297 1 is thinking
2297 1 has taken the right fork
2297 1 has taken the left fork
2297 1 is eating
DBG_EAT: id=1 time_last_meal=2297
2297 2 is sleeping
DBG_EAT2: id=1 meals=20
2357 1 has put down the left fork
2357 1 has put down the right fork
2357 2 is thinking
2357 1 is sleeping
2357 2 has taken the left fork
2357 2 has taken the right fork
2357 2 is eating
DBG_EAT: id=2 time_last_meal=2357
2417 1 is thinking
DBG_EAT2: id=2 meals=20
2417 2 has put down the right fork
2417 2 has put down the left fork
2417 1 has taken the right fork
2417 1 has taken the left fork
2417 1 is eating
DBG_EAT: id=1 time_last_meal=2417
2417 2 is sleeping
2478 2 is thinking
DBG_EAT2: id=1 meals=21
2478 1 has put down the left fork
2478 1 has put down the right fork
2478 1 is sleeping
2478 2 has taken the left fork
2478 2 has taken the right fork
2478 2 is eating
DBG_EAT: id=2 time_last_meal=2478
DBG_EAT2: id=2 meals=21
2538 2 has put down the right fork
2538 2 has put down the left fork
2538 1 is thinking
2538 1 has taken the right fork
2538 1 has taken the left fork
2538 1 is eating
DBG_EAT: id=1 time_last_meal=2538
2538 2 is sleeping
DBG_EAT2: id=1 meals=22
2599 1 has put down the left fork
2599 1 has put down the right fork
2599 1 is sleeping
2599 2 is thinking
2599 2 has taken the left fork
2599 2 has taken the right fork
2599 2 is eating
DBG_EAT: id=2 time_last_meal=2599
2659 1 is thinking
DBG_EAT2: id=2 meals=22
2659 2 has put down the right fork
2659 2 has put down the left fork
2659 2 is sleeping
2659 1 has taken the right fork
2659 1 has taken the left fork
2659 1 is eating
DBG_EAT: id=1 time_last_meal=2659
2720 2 is thinking
DBG_EAT2: id=1 meals=23
2720 1 has put down the left fork
2720 1 has put down the right fork
2720 1 is sleeping
2720 2 has taken the left fork
2720 2 has taken the right fork
2720 2 is eating
DBG_EAT: id=2 time_last_meal=2720
DBG_EAT2: id=2 meals=23
2780 2 has put down the right fork
2780 2 has put down the left fork
2780 1 is thinking
2780 1 has taken the right fork
2780 1 has taken the left fork
2780 1 is eating
DBG_EAT: id=1 time_last_meal=2780
2780 2 is sleeping
DBG_EAT2: id=1 meals=24
2841 1 has put down the left fork
2841 1 has put down the right fork
2841 2 is thinking
2841 1 is sleeping
2841 2 has taken the left fork
2841 2 has taken the right fork
2841 2 is eating
DBG_EAT: id=2 time_last_meal=2841
2901 1 is thinking
DBG_EAT2: id=2 meals=24
2901 2 has put down the right fork
2901 2 has put down the left fork
2901 2 is sleeping
2901 1 has taken the right fork
2901 1 has taken the left fork
2901 1 is eating
DBG_EAT: id=1 time_last_meal=2901
DBG_EAT2: id=1 meals=25
2962 1 has put down the left fork
2962 1 has put down the right fork
2962 2 is thinking
2962 1 is sleeping
2962 2 has taken the left fork
2962 2 has taken the right fork
2962 2 is eating
DBG_EAT: id=2 time_last_meal=2962
DBG_EAT2: id=2 meals=25
3022 2 has put down the right fork
3022 2 has put down the left fork
3022 1 is thinking
3022 1 has taken the right fork
3022 1 has taken the left fork
3022 1 is eating
DBG_EAT: id=1 time_last_meal=3022
3022 2 is sleeping
3083 2 is thinking
DBG_EAT2: id=1 meals=26
3083 1 has put down the left fork
3083 1 has put down the right fork
3083 1 is sleeping
3083 2 has taken the left fork
3083 2 has taken the right fork
3083 2 is eating
DBG_EAT: id=2 time_last_meal=3083
DBG_EAT2: id=2 meals=26
3143 2 has put down the right fork
3143 2 has put down the left fork
3143 1 is thinking
3143 1 has taken the right fork
3143 1 has taken the left fork
3143 1 is eating
DBG_EAT: id=1 time_last_meal=3143
3143 2 is sleeping
DBG_EAT2: id=1 meals=27
3203 1 has put down the left fork
3203 1 has put down the right fork
3203 2 is thinking
3203 1 is sleeping
3203 2 has taken the left fork
3203 2 has taken the right fork
3203 2 is eating
DBG_EAT: id=2 time_last_meal=3203
3263 1 is thinking
DBG_EAT2: id=2 meals=27
3264 2 has put down the right fork
3264 2 has put down the left fork
3264 2 is sleeping
3264 1 has taken the right fork
3264 1 has taken the left fork
3264 1 is eating
DBG_EAT: id=1 time_last_meal=3264
3324 2 is thinking
DBG_EAT2: id=1 meals=28
3324 1 has put down the left fork
3324 1 has put down the right fork
3324 1 is sleeping
3324 2 has taken the left fork
3324 2 has taken the right fork
3324 2 is eating
DBG_EAT: id=2 time_last_meal=3324
3384 1 is thinking
DBG_EAT2: id=2 meals=28
3384 2 has put down the right fork
3384 2 has put down the left fork
3384 1 has taken the right fork
3384 1 has taken the left fork
3384 1 is eating
DBG_EAT: id=1 time_last_meal=3384
3384 2 is sleeping
3444 2 is thinking
DBG_EAT2: id=1 meals=29
3444 1 has put down the left fork
3444 1 has put down the right fork
3444 1 is sleeping
3445 2 has taken the left fork
3445 2 has taken the right fork
3445 2 is eating
DBG_EAT: id=2 time_last_meal=3445
DBG_EAT2: id=2 meals=29
3505 2 has put down the right fork
3505 2 has put down the left fork
3505 1 is thinking
3505 1 has taken the right fork
3505 1 has taken the left fork
3505 1 is eating
DBG_EAT: id=1 time_last_meal=3505
3505 2 is sleeping
DBG_EAT2: id=1 meals=30
3565 1 has put down the left fork
3565 1 has put down the right fork
3565 2 is thinking
3565 1 is sleeping
3565 2 has taken the left fork
3565 2 has taken the right fork
3565 2 is eating
DBG_EAT: id=2 time_last_meal=3565
DBG_EAT2: id=2 meals=30
3626 2 has put down the right fork
3626 2 has put down the left fork
3626 1 is thinking
3626 1 has taken the right fork
3626 1 has taken the left fork
3626 1 is eating
DBG_EAT: id=1 time_last_meal=3626
3626 2 is sleeping
DBG_EAT2: id=1 meals=31
3686 1 has put down the left fork
3686 1 has put down the right fork
3686 2 is thinking
3686 1 is sleeping
3686 2 has taken the left fork
3686 2 has taken the right fork
3686 2 is eating
DBG_EAT: id=2 time_last_meal=3686
DBG_EAT2: id=2 meals=31
3746 2 has put down the right fork
3746 2 has put down the left fork
3746 1 is thinking
3746 1 has taken the right fork
3746 1 has taken the left fork
3746 1 is eating
DBG_EAT: id=1 time_last_meal=3746
3746 2 is sleeping
DBG_EAT2: id=1 meals=32
3807 1 has put down the left fork
3807 1 has put down the right fork
3807 2 is thinking
3807 1 is sleeping
3807 2 has taken the left fork
3807 2 has taken the right fork
3807 2 is eating
DBG_EAT: id=2 time_last_meal=3807
3867 1 is thinking
DBG_EAT2: id=2 meals=32
3867 2 has put down the right fork
3867 2 has put down the left fork
3867 2 is sleeping
3867 1 has taken the right fork
3867 1 has taken the left fork
3867 1 is eating
DBG_EAT: id=1 time_last_meal=3867
3927 2 is thinking
DBG_EAT2: id=1 meals=33
3927 1 has put down the left fork
3927 1 has put down the right fork
3927 1 is sleeping
3928 2 has taken the left fork
3928 2 has taken the right fork
3928 2 is eating
DBG_EAT: id=2 time_last_meal=3928
DBG_EAT2: id=2 meals=33
3988 2 has put down the right fork
3988 2 has put down the left fork
3988 1 is thinking
3988 1 has taken the right fork
3988 1 has taken the left fork
3988 1 is eating
DBG_EAT: id=1 time_last_meal=3988
3988 2 is sleeping
DBG_EAT2: id=1 meals=34
4048 1 has put down the left fork
4048 1 has put down the right fork
4048 2 is th