DBG_INIT: meal_mutex init for philo 1
DBG_INIT: meal_mutex init for philo 2
DBG_INIT: meal_mutex init for philo 3
DBG_INIT: meal_mutex init for philo 4
DBG: init philo[1].time_last_meal=0
DBG: init philo[2].time_last_meal=0
DBG: init philo[3].time_last_meal=0
DBG: init philo[4].time_last_meal=0
0 1 has taken the right fork
0 1 has taken the left fork
0 1 is eating
DBG_EAT: id=1 time_last_meal=0
0 2 has taken the left fork
DBG: start_time=1758387100077
DBG_EAT2: id=1 meals=1
60 1 has put down the left fork
60 1 has put down the right fork
61 2 has taken the right fork
61 2 is eating
DBG_EAT: id=2 time_last_meal=61
61 1 is sleeping
61 4 has taken the left fork
61 4 has taken the right fork
61 4 is eating
DBG_EAT: id=4 time_last_meal=61
DBG_EAT2: id=2 meals=1
121 2 has put down the right fork
DBG_EAT2: id=4 meals=1
121 4 has put down the right fork
121 4 has put down the left fork
121 4 is sleeping
121 2 has put down the left fork
121 2 is sleeping
121 3 has taken the right fork
121 3 has taken the left fork
121 3 is eating
DBG_EAT: id=3 time_last_meal=121
161 1 is thinking
161 1 has taken the right fork
161 1 has taken the left fork
161 1 is eating
DBG_EAT: id=1 time_last_meal=161
DBG_EAT2: id=3 meals=1
181 3 has put down the left fork
181 3 has put down the right fork
181 3 is sleeping
221 2 is thinking
DBG_EAT2: id=1 meals=2
221 1 has put down the left fork
221 1 has put down the right fork
221 4 is thinking
221 1 is sleeping
221 2 has taken the left fork
221 2 has taken the right fork
221 2 is eating
DBG_EAT: id=2 time_last_meal=221
221 4 has taken the left fork
221 4 has taken the right fork
221 4 is eating
DBG_EAT: id=4 time_last_meal=221
DBG_EAT2: id=2 meals=2
281 3 is thinking
281 2 has put down the right fork
281 2 has put down the left fork
DBG_EAT2: id=4 meals=2
281 3 has taken the right fork
281 4 has put down the right fork
281 4 has put down the left fork
281 4 is sleeping
281 3 has taken the left fork
281 3 is eating
DBG_EAT: id=3 time_last_meal=281
281 2 is sleeping
321 1 is thinking
321 1 has taken the right fork
321 1 has taken the left fork
321 1 is eating
DBG_EAT: id=1 time_last_meal=321
DBG_EAT2: id=3 meals=2
342 3 has put down the left fork
342 3 has put down the right fork
342 3 is sleeping
DBG_EAT2: id=1 meals=3
381 1 has put down the left fork
381 1 has put down the right fork
382 1 is sleeping
382 2 is thinking
382 4 is thinking
382 2 has taken the left fork
382 2 has taken the right fork
382 2 is eating
DBG_EAT: id=2 time_last_meal=382
382 4 has taken the left fork
382 4 has taken the right fork
382 4 is eating
DBG_EAT: id=4 time_last_meal=382
442 3 is thinking
DBG_EAT2: id=2 meals=3
442 2 has put down the right fork
442 2 has put down the left fork
442 3 has taken the right fork
DBG_EAT2: id=4 meals=3
442 2 is sleeping
442 4 has put down the right fork
442 4 has put down the left fork
442 4 is sleeping
442 3 has taken the left fork
442 3 is eating
DBG_EAT: id=3 time_last_meal=442
482 1 is thinking
482 1 has taken the right fork
482 1 has taken the left fork
482 1 is eating
DBG_EAT: id=1 time_last_meal=482
DBG_EAT2: id=3 meals=3
503 3 has put down the left fork
503 3 has put down the right fork
503 3 is sleeping
DBG_EAT2: id=1 meals=4
542 1 has put down the left fork
542 1 has put down the right fork
542 1 is sleeping
542 4 is thinking
542 2 is thinking
542 4 has taken the left fork
542 4 has taken the right fork
542 4 is eating
DBG_EAT: id=4 time_last_meal=542
542 2 has taken the left fork
543 2 has taken the right fork
543 2 is eating
DBG_EAT: id=2 time_last_meal=543
DBG_EAT2: id=2 meals=4
603 3 is thinking
603 2 has put down the right fork
603 2 has put down the left fork
DBG_EAT2: id=4 meals=4
603 4 has put down the right fork
603 4 has put down the left fork
603 4 is sleeping
603 3 has taken the right fork
603 3 has taken the left fork
603 3 is eating
DBG_EAT: id=3 time_last_meal=603
603 2 is sleeping
642 1 is thinking
642 1 has taken the right fork
642 1 has taken the left fork
642 1 is eating
DBG_EAT: id=1 time_last_meal=642
DBG_EAT2: id=3 meals=4
663 3 has put down the left fork
663 3 has put down the right fork
663 3 is sleeping
DBG_EAT2: id=1 meals=5
703 1 has put down the left fork
703 1 has put down the right fork
703 1 is sleeping
703 4 is thinking
703 2 is thinking
703 4 has taken the left fork
703 4 has taken the right fork
703 4 is eating
DBG_EAT: id=4 time_last_meal=703
703 2 has taken the left fork
703 2 has taken the right fork
703 2 is eating
DBG_EAT: id=2 time_last_meal=703
DBG_EAT2: id=2 meals=5
763 2 has put down the right fork
763 2 has put down the left fork
DBG_EAT2: id=4 meals=5
763 4 has put down the right fork
763 4 has put down the left fork
763 4 is sleeping
763 2 is sleeping
764 3 is thinking
764 3 has taken the right fork
764 3 has taken the left fork
764 3 is eating
DBG_EAT: id=3 time_last_meal=764
803 1 is thinking
803 1 has taken the right fork
803 1 has taken the left fork
803 1 is eating
DBG_EAT: id=1 time_last_meal=803
DBG_EAT2: id=3 meals=5
824 3 has put down the left fork
824 3 has put down the right fork
824 3 is sleeping
824 All philosophers ate enough
DBG_EAT2: id=1 meals=6
