DBG_INIT: meal_mutex init for philo 1
DBG_INIT: meal_mutex init for philo 2
DBG_INIT: meal_mutex init for philo 3
DBG_INIT: meal_mutex init for philo 4
DBG_INIT: meal_mutex init for philo 5
DBG: init philo[1].time_last_meal=0
DBG: init philo[2].time_last_meal=0
DBG: init philo[3].time_last_meal=0
DBG: init philo[4].time_last_meal=0
DBG: init philo[5].time_last_meal=0
1 1 has taken the right fork
1 1 has taken the left fork
1 1 is eating
DBG_EAT: id=1 time_last_meal=1
1 3 has taken the right fork
1 3 has taken the left fork
1 3 is eating
DBG_EAT: id=3 time_last_meal=1
1 5 has taken the right fork
DBG: start_time=1758387885816
DBG_EAT2: id=1 meals=1
101 1 has put down the left fork
101 1 has put down the right fork
DBG_EAT2: id=3 meals=1
101 3 has put down the left fork
101 1 is sleeping
101 3 has put down the right fork
101 3 is sleeping
101 5 has taken the left fork
101 5 is eating
DBG_EAT: id=5 time_last_meal=101
101 2 has taken the left fork
101 2 has taken the right fork
101 2 is eating
DBG_EAT: id=2 time_last_meal=101
161 1 is thinking
161 3 is thinking
DBG_EAT2: id=5 meals=1
201 5 has put down the left fork
202 5 has put down the right fork
DBG_EAT2: id=2 meals=1
202 2 has put down the right fork
202 1 has taken the right fork
202 5 is sleeping
202 1 has taken the left fork
202 1 is eating
DBG_EAT: id=1 time_last_meal=202
202 2 has put down the left fork
202 2 is sleeping
202 4 has taken the left fork
202 4 has taken the right fork
202 4 is eating
DBG_EAT: id=4 time_last_meal=202
202 3 has taken the right fork
262 5 is thinking
262 2 is thinking
DBG_EAT2: id=1 meals=2
302 1 has put down the left fork
302 1 has put down the right fork
DBG_EAT2: id=4 meals=1
302 1 is sleeping
302 4 has put down the right fork
302 4 has put down the left fork
302 4 is sleeping
302 3 has taken the left fork
302 3 is eating
DBG_EAT: id=3 time_last_meal=302
302 5 has taken the right fork
302 5 has taken the left fork
302 5 is eating
DBG_EAT: id=5 time_last_meal=302
362 4 is thinking
362 1 is thinking
DBG_EAT2: id=3 meals=2
402 3 has put down the left fork
DBG_EAT2: id=5 meals=2
402 3 has put down the right fork
402 5 has put down the left fork
402 3 is sleeping
402 5 has put down the right fork
402 5 is sleeping
402 2 has taken the left fork
402 2 has taken the right fork
402 2 is eating
DBG_EAT: id=2 time_last_meal=402
402 1 has taken the right fork
402 4 has taken the left fork
402 4 has taken the right fork
402 4 is eating
DBG_EAT: id=4 time_last_meal=402
462 5 is thinking
462 3 is thinking
DBG_EAT2: id=2 meals=2
DBG_EAT2: id=4 meals=2
502 4 has put down the right fork
502 2 has put down the right fork
502 4 has put down the left fork
502 4 is sleeping
502 2 has put down the left fork
502 2 is sleeping
502 1 has taken the left fork
502 5 has taken the right fork
502 1 is eating
DBG_EAT: id=1 time_last_meal=502
502 3 has taken the right fork
502 3 has taken the left fork
502 3 is eating
DBG_EAT: id=3 time_last_meal=502
562 4 is thinking
563 2 is thinking
DBG_EAT2: id=3 meals=3
603 3 has put down the left fork
DBG_EAT2: id=1 meals=3
603 1 has put down the left fork
603 1 has put down the right fork
603 3 has put down the right fork
603 3 is sleeping
603 1 is sleeping
603 2 has taken the left fork
603 2 has taken the right fork
603 2 is eating
DBG_EAT: id=2 time_last_meal=603
603 5 has taken the left fork
603 5 is eating
DBG_EAT: id=5 time_last_meal=603
663 1 is thinking
663 3 is thinking
DBG_EAT2: id=2 meals=3
703 2 has put down the right fork
703 2 has put down the left fork
703 2 is sleeping
703 3 has taken the right fork
703 3 has taken the left fork
703 3 is eating
DBG_EAT: id=3 time_last_meal=703
DBG_EAT2: id=5 meals=3
703 5 has put down the left fork
703 5 has put down the right fork
703 5 is sleeping
703 1 has taken the right fork
703 1 has taken the left fork
703 1 is eating
DBG_EAT: id=1 time_last_meal=703
703 4 has taken the left fork
763 2 is thinking
764 5 is thinking
DBG_EAT2: id=3 meals=4
803 3 has put down the left fork
803 3 has put down the right fork
803 3 is sleeping
803 4 has taken the right fork
803 4 is eating
DBG_E