DBG_INIT: meal_mutex init for philo 1
DBG_INIT: meal_mutex init for philo 2
DBG_INIT: meal_mutex init for philo 3
DBG_INIT: meal_mutex init for philo 4
DBG_INIT: meal_mutex init for philo 5
DBG: init philo[1].time_last_meal=0
DBG: init philo[2].time_last_meal=0
DBG: init philo[3].time_last_meal=0
DBG: init philo[4].time_last_meal=0
DBG: init philo[5].time_last_meal=0
1 1 has taken the right fork
1 1 has taken the left fork
1 1 is eating
DBG_EAT: id=1 time_last_meal=1
1 2 has taken the left fork
2 4 has taken the left fork
2 4 has taken the right fork
2 4 is eating
DBG_EAT: id=4 time_last_meal=2
DBG: start_time=1758387391889
DBG_EAT2: id=1 meals=1
61 1 has put down the left fork
61 1 has put down the right fork
61 1 is sleeping
61 2 has taken the right fork
61 2 is eating
DBG_EAT: id=2 time_last_meal=61
DBG_EAT2: id=4 meals=1
62 4 has put down the right fork
62 4 has put down the left fork
62 4 is sleeping
62 5 has taken the right fork
62 5 has taken the left fork
62 5 is eating
DBG_EAT: id=5 time_last_meal=62
DBG_EAT2: id=2 meals=1
121 2 has put down the right fork
121 1 is thinking
121 2 has put down the left fork
121 2 is sleeping
122 3 has taken the right fork
122 3 has taken the left fork
122 3 is eating
DBG_EAT: id=3 time_last_meal=122
DBG_EAT2: id=5 meals=1
123 4 is thinking
123 5 has put down the left fork
123 5 has put down the right fork
123 5 is sleeping
123 1 has taken the right fork
123 1 has taken the left fork
123 1 is eating
DBG_EAT: id=1 time_last_meal=123
123 4 has taken the left fork
DBG_EAT2: id=3 meals=1
182 2 is thinking
182 3 has put down the left fork
182 3 has put down the right fork
182 3 is sleeping
182 4 has taken the right fork
182 4 is eating
DBG_EAT: id=4 time_last_meal=182
182 2 has taken the left fork
DBG_EAT2: id=1 meals=2
183 5 is thinking
183 1 has put down the left fork
183 1 has put down the right fork
183 1 is sleeping
183 2 has taken the right fork
183 2 is eating
DBG_EAT: id=2 time_last_meal=183
242 3 is thinking
DBG_EAT2: id=4 meals=2
242 4 has put down the right fork
242 4 has put down the left fork
242 4 is sleeping
242 5 has taken the right fork
242 5 has taken the left fork
242 5 is eating
DBG_EAT: id=5 time_last_meal=242
243 1 is thinking
DBG_EAT2: id=2 meals=2
244 2 has put down the right fork
244 2 has put down the left fork
244 2 is sleeping
244 3 has taken the right fork
244 3 has taken the left fork
244 3 is eating
DBG_EAT: id=3 time_last_meal=244
302 4 is thinking
DBG_EAT2: id=5 meals=2
303 5 has put down the left fork
303 5 has put down the right fork
303 5 is sleeping
303 1 has taken the right fork
303 1 has taken the left fork
303 1 is eating
DBG_EAT: id=1 time_last_meal=303
303 4 has taken the left fork
304 2 is thinking
DBG_EAT2: id=3 meals=2
304 3 has put down the left fork
304 3 has put down the right fork
304 3 is sleeping
304 4 has taken the right fork
304 4 is eating
DBG_EAT: id=4 time_last_meal=304
304 2 has taken the left fork
DBG_EAT2: id=1 meals=3
363 5 is thinking
363 1 has put down the left fork
363 1 has put down the right fork
363 1 is sleeping
363 2 has taken the right fork
363 2 is eating
DBG_EAT: id=2 time_last_meal=363
364 3 is thinking
DBG_EAT2: id=4 meals=3
364 4 has put down the right fork
364 4 has put down the left fork
364 4 is sleeping
365 5 has taken the right fork
365 5 has taken the left fork
365 5 is eating
DBG_EAT: id=5 time_last_meal=365
DBG_EAT2: id=2 meals=3
423 2 has put down the right fork
423 1 is thinking
423 2 has put down the left fork
423 2 is sleeping
424 3 has taken the right fork
424 3 has taken the left fork
424 3 is eating
DBG_EAT: id=3 time_last_meal=424
DBG_EAT2: id=5 meals=3
425 4 is thinking
425 5 has put down the left fork
425 5 has put down the right fork
425 5 is sleeping
425 1 has taken the right fork
425 1 has taken the left fork
425 1 is eating
DBG_EAT: id=1 time_last_meal=425
425 4 has taken the left fork
484 2 is thinking
DBG_EAT2: id=3 meals=3
484 3 has put down the left fork
484 3 has put down the right fork
484 3 is sleeping
484 4 has died (last meal at 304)
DBG_EAT2: id=1 meals=4
