DBG_INIT: meal_mutex init for philo 1
DBG_INIT: meal_mutex init for philo 2
DBG_INIT: meal_mutex init for philo 3
DBG: init philo[1].time_last_meal=0
DBG: init philo[2].time_last_meal=0
DBG: init philo[3].time_last_meal=0
0 1 has taken the right fork
0 1 has taken the left fork
0 1 is eating
DBG_EAT: id=1 time_last_meal=0
1 3 has taken the right fork
DBG: start_time=1758403315980
DBG_EAT2: id=1 meals=1
60 1 has put down the left fork
60 1 has put down the right fork
61 1 is sleeping
61 3 has taken the left fork
61 3 is eating
DBG_EAT: id=3 time_last_meal=61
DBG_EAT2: id=3 meals=1
121 3 has put down the left fork
121 3 has put down the right fork
121 3 is sleeping
121 2 has taken the left fork
121 2 has taken the right fork
121 2 is eating
DBG_EAT: id=2 time_last_meal=121
161 1 is thinking
161 1 has taken the right fork
DBG_EAT2: id=2 meals=1
182 2 has put down the right fork
182 2 has put down the left fork
182 2 is sleeping
182 1 has taken the left fork
182 1 is eating
DBG_EAT: id=1 time_last_meal=182
222 3 is thinking
222 3 has taken the right fork
DBG_EAT2: id=1 meals=2
242 1 has put down the left fork
242 1 has put down the right fork
242 1 is sleeping
242 3 has taken the left fork
242 3 is eating
DBG_EAT: id=3 time_last_meal=242
282 2 is thinking
DBG_EAT2: id=3 meals=2
302 3 has put down the left fork
302 3 has put down the right fork
302 3 is sleeping
302 2 has taken the left fork
302 2 has taken the right fork
302 2 is eating
DBG_EAT: id=2 time_last_meal=302
342 1 is thinking
342 1 has taken the right fork
DBG_EAT2: id=2 meals=2
363 2 has put down the right fork
363 2 has put down the left fork
363 2 is sleeping
363 1 has taken the left fork
363 1 is eating
DBG_EAT: id=1 time_last_meal=363
403 3 is thinking
403 3 has taken the right fork
DBG_EAT2: id=1 meals=3
423 1 has put down the left fork
423 1 has put down the right fork
423 1 is sleeping
423 3 has taken the left fork
423 3 is eating
DBG_EAT: id=3 time_last_meal=423
463 2 is thinking
DBG_EAT2: id=3 meals=3
484 3 has put down the left fork
484 3 has put down the right fork
484 3 is sleeping
484 2 has taken the left fork
484 2 has taken the right fork
484 2 is eating
DBG_EAT: id=2 time_last_meal=484
524 1 is thinking
524 1 has taken the right fork
DBG_EAT2: id=2 meals=3
544 2 has put down the right fork
544 2 has put down the left fork
544 2 is sleeping
544 1 has taken the left fork
544 1 is eating
DBG_EAT: id=1 time_last_meal=544
584 3 is thinking
584 3 has taken the right fork
DBG_EAT2: id=1 meals=4
605 1 has put down the left fork
605 1 has put down the right fork
605 1 is sleeping
605 3 has taken the left fork
605 3 is eating
DBG_EAT: id=3 time_last_meal=605
644 2 is thinking
DBG_EAT2: id=3 meals=4
665 3 has put down the left fork
665 3 has put down the right fork
665 3 is sleeping
665 2 has taken the left fork
665 2 has taken the right fork
665 2 is eating
DBG_EAT: id=2 time_last_meal=665
705 1 is thinking
705 1 has taken the right fork
DBG_EAT2: id=2 meals=4
726 2 has put down the right fork
726 2 has put down the left fork
726 2 is sleeping
726 1 has taken the left fork
726 1 is eating
DBG_EAT: id=1 time_last_meal=726
766 3 is thinking
766 3 has taken the right fork
DBG_EAT2: id=1 meals=5
786 1 has put down the left fork
787 1 has put down the right fork
787 1 is sleeping
787 3 has taken the left fork
787 3 is eating
DBG_EAT: id=3 time_last_meal=787
826 2 is thinking
DBG_EAT2: id=3 meals=5
847 3 has put down the left fork
847 3 has put down the right fork
847 3 is sleeping
847 2 has taken the left fork
847 2 has taken the right fork
847 2 is eating
DBG_EAT: id=2 time_last_meal=847
887 1 is thinking
887 1 has taken the right fork
DBG_EAT2: id=2 meals=5
908 2 has put down the right fork
908 2 has put down the left fork
908 2 is sleeping
908 1 has taken the left fork
908 1 is eating
DBG_EAT: id=1 time_last_meal=908
947 3 is thinking
947 3 has taken the right fork
DBG_EAT2: id=1 meals=6
968 1 has put down the left fork
968 1 has put down the right fork
968 1 is sleeping
968 3 has taken the left fork
968 3 is eating
DBG_EAT: id=3 time_last_meal=968
1008 2 is thinking
DBG_EAT2: id=3 meals=6
1029 3 has put down the left fork
1029 3 has put down the right fork
1029 3 is sleeping
1029 2 has taken the left fork
1029 2 has taken the right fork
1029 2 is eating
DBG_EAT: id=2 time_last_meal=1029
1069 1 is thinking
1069 1 has taken the right fork
DBG_EAT2: id=2 meals=6
1089 2 has put down the right fork
1089 2 has put down the left fork
1089 2 is sleeping
1089 1 has taken the left fork
1089 1 is eating
DBG_EAT: id=1 time_last_meal=1089
1129 3 is thinking
1129 3 has taken the right fork
DBG_EAT2: id=1 meals=7
1150 1 has put down the left fork
1150 1 has put down the right fork
1150 1 is sleeping
1150 3 has taken the left fork
1150 3 is eating
DBG_EAT: id=3 time_last_meal=1150
1190 2 is thinking
DBG_EAT2: id=3 meals=7
1210 3 has put down the left fork
1211 3 has put down the right fork
1211 3 is sleeping
1211 2 has taken the left fork
1211 2 has taken the right fork
1211 2 is eating
DBG_EAT: id=2 time_last_meal=1211
1250 1 is thinking
1250 1 has taken the right fork
DBG_EAT2: id=2 meals=7
1271 2 has put down the right fork
1271 2 has put down the left fork
1271 2 is sleeping
1271 1 has taken the left fork
1271 1 is eating
DBG_EAT: id=1 time_last_meal=1271
1311 3 is thinking
1311 3 has taken the right fork
DBG_EAT2: id=1 meals=8
1332 1 has put down the left fork
1332 1 has put down the right fork
1332 1 is sleeping
1332 3 has taken the left fork
1332 3 is eating
DBG_EAT: id=3 time_last_meal=1332
1372 2 is thinking
DBG_EAT2: id=3 meals=8
1392 3 has put down the left fork
1392 3 has put down the right fork
1392 3 is sleeping
1393 2 has taken the left fork
1393 2 has taken the right fork
1393 2 is eating
DBG_EAT: id=2 time_last_meal=1393
1432 1 is thinking
1432 1 has taken the right fork
DBG_EAT2: id=2 meals=8
1453 2 has put down the right fork
1453 2 has put down the left fork
1453 2 is sleeping
1453 1 has taken the left fork
1453 1 is eating
DBG_EAT: id=1 time_last_meal=1453
1493 3 is thinking
1493 3 has taken the right fork
DBG_EAT2: id=1 meals=9
1514 1 has put down the left fork
1514 1 has put down the right fork
1514 1 is sleeping
1514 3 has taken the left fork
1514 3 is eating
DBG_EAT: id=3 time_last_meal=1514
1554 2 is thinking
DBG_EAT2: id=3 meals=9
1574 3 has put down the left fork
1574 3 has put down the right fork
1574 3 is sleeping
1574 2 has taken the left fork
1574 2 has taken the right fork
1574 2 is eating
DBG_EAT: id=2 time_last_meal=1574
1614 1 is thinking
1614 1 has taken the right fork
DBG_EAT2: id=2 meals=9
1635 2 has put down the right fork
1635 2 has put down the left fork
1635 2 is sleeping
1635 1 has taken the left fork
1635 1 is eating
DBG_EAT: id=1 time_last_meal=1635
1675 3 is thinking
1675 3 has taken the right fork
DBG_EAT2: id=1 meals=10
1695 1 has put down the left fork
1695 1 has put down the right fork
1695 1 is sleeping
1695 3 has taken the left fork
1695 3 is eating
DBG_EAT: id=3 time_last_meal=1695
1735 2 is thinking
DBG_EAT2: id=3 meals=10
1756 3 has put down the left fork
1756 3 has put down the right fork
1756 3 is sleeping
1756 2 has taken the left fork
1756 2 has taken the right fork
1756 2 is eating
DBG_EAT: id=2 time_last_meal=1756
1796 1 is thinking
1796 1 has taken the right fork
DBG_EAT2: id=2 meals=10
1817 2 has put down the right fork
1817 2 has put down the left fork
1817 2 is sleeping
1817 1 has taken the left fork
1817 1 is eating
DBG_EAT: id=1 time_last_meal=1817
1856 3 is thinking
1856 3 has taken the right fork
DBG_EAT2: id=1 meals=11
1877 1 has put down the left fork
1877 1 has put down the right fork
1877 1 is sleeping
1877 3 has taken the left fork
1877 3 is eating
DBG_EAT: id=3 time_last_meal=1877
1917 2 is thinking
DBG_EAT2: id=3 meals=11
1938 3 has put down the left fork
1938 3 has put down the right fork
1938 3 is sleeping
1938 2 has taken the left fork
1938 2 has taken the right fork
1938 2 is eating
DBG_EAT: id=2 time_last_meal=1938
1978 1 is thinking
1978 1 has taken the right fork
DBG_EAT2: id=2 meals=11
1999 2 has put down the right fork
1999 2 has put down the left fork
1999 2 is sleeping
1999 1 has taken the left fork
1999 1 is eating
DBG_EAT: id=1 time_last_meal=1999
2038 3 is thinking
2038 3 has taken the right fork
DBG_EAT2: id=1 meals=12
2059 1 has put down the left fork
2059 1 has put down the right fork
2059 1 is sleeping
2059 3 has taken the left fork
2059 3 is eating
DBG_EAT: id=3 time_last_meal=2059
2099 2 is thinking
DBG_EAT2: id=3 meals=12
2120 3 has put down the left fork
2120 3 has put down the right fork
2120 3 is sleeping
2120 2 has taken the left fork
2120 2 has taken the right fork
2120 2 is eating
DBG_EAT: id=2 time_last_meal=2120
2160 1 is thinking
2160 1 has taken the right fork
DBG_EAT2: id=2 meals=12
2180 2 has put down the right fork
2180 2 has put down the left fork
2180 2 is sleeping
2180 1 has taken the left fork
2180 1 is eating
DBG_EAT: id=1 time_last_meal=2180
2220 3 is thinking
2220 3 has taken the right fork
DBG_EAT2: id=1 meals=13
2241 1 has put down the left fork
2241 1 has put down the right fork
2241 1 is sleeping
2241 3 has taken the left fork
2241 3 is eating
DBG_EAT: id=3 time_last_meal=2241
2281 2 is thinking
DBG_EAT2: id=3 meals=13
2302 3 has put down the left fork
2302 3 has put down the right fork
2302 3 is sleeping
2302 2 has taken the left fork
2302 2 has taken the right fork
2302 2 is eating
DBG_EAT: id=2 time_last_meal=2302
2341 1 is thinking
2341 1 has taken the right fork
DBG_EAT2: id=2 meals=13
2362 2 has put down the right fork
2362 2 has put down the left fork
2362 2 is sleeping
2362 1 has taken the left fork
2362 1 is eating
DBG_EAT: id=1 time_last_meal=2362
2402 3 is thinking
2402 3 has taken the right fork
DBG_EAT2: id=1 meals=14
2423 1 has put down the left fork
2423 1 has put down the right fork
2423 1 is sleeping
2423 3 has taken the left fork
2423 3 is eating
DBG_EAT: id=3 time_last_meal=2423
2462 2 is thinking
DBG_EAT2: id=3 meals=14
2483 3 has put down the left fork
2483 3 has put down the right fork
2483 3 is sleeping
2483 2 has taken the left fork
2483 2 has taken the right fork
2483 2 is eating
DBG_EAT: id=2 time_last_meal=2483
2523 1 is thinking
2523 1 has taken the right fork
DBG_EAT2: id=2 meals=14
2544 2 has put down the right fork
2544 2 has put down the left fork
2544 2 is sleeping
2544 1 has taken the left fork
2544 1 is eating
DBG_EAT: id=1 time_last_meal=2544
2584 3 is thinking
2584 3 has taken the right fork
DBG_EAT2: id=1 meals=15
2604 1 has put down the left fork
2604 1 has put down the right fork
2605 1 is sleeping
2605 3 has taken the left fork
2605 3 is eating
DBG_EAT: id=3 time_last_meal=2605
2644 2 is thinking
DBG_EAT2: id=3 meals=15
2665 3 has put down the left fork
2665 3 has put down the right fork
2665 3 is sleeping
2665 2 has taken the left fork
2665 2 has taken the right fork
2665 2 is eating
DBG_EAT: id=2 time_last_meal=2665
2705 1 is thinking
2705 1 has taken the right fork
DBG_EAT2: id=2 meals=15
2725 2 has put down the right fork
2725 2 has put down the left fork
2725 2 is sleeping
2726 1 has taken the left fork
2726 1 is eating
DBG_EAT: id=1 time_last_meal=2726
2765 3 is thinking
2765 3 has taken the right fork
DBG_EAT2: id=1 meals=16
2786 1 has put down the left fork
2786 1 has put down the right fork
2786 1 is sleeping
2786 3 has taken the left fork
2786 3 is eating
DBG_EAT: id=3 time_last_meal=2786
2826 2 is thinking
DBG_EAT2: id=3 meals=16
2847 3 has put down the left fork
2847 3 has put down the right fork
2847 3 is sleeping
2847 2 has taken the left fork
2847 2 has taken the right fork
2847 2 is eating
DBG_EAT: id=2 time_last_meal=2847
2887 1 is thinking
2887 1 has taken the right fork
DBG_EAT2: id=2 meals=16
2907 2 has put down the right fork
2907 2 has put down the left fork
2907 2 is sleeping
2907 1 has taken the left fork
2907 1 is eating
DBG_EAT: id=1 time_last_meal=2907
2947 3 is thinking
2947 3 has taken the right fork
DBG_EAT2: id=1 meals=17
2968 1 has put down the left fork
2968 1 has put down the right fork
2968 1 is sleeping
2968 3 has taken the left fork
2968 3 is eating
DBG_EAT: id=3 time_last_meal=2968
3008 2 is thinking
DBG_EAT2: id=3 meals=17
3029 3 has put down the left fork
3029 3 has put down the right fork
3029 3 is sleeping
3029 2 has taken the left fork
3029 2 has taken the right fork
3029 2 is eating
DBG_EAT: id=2 time_last_meal=3029
3068 1 is thinking
3068 1 has taken the right fork
DBG_EAT2: id=2 meals=17
3089 2 has put down the right fork
3089 2 has put down the left fork
3089 2 is sleeping
3089 1 has taken the left fork
3089 1 is eating
DBG_EAT: id=1 time_last_meal=3089
3129 3 is thinking
3129 3 has taken the right fork
DBG_EAT2: id=1 meals=18
3150 1 has put down the left fork
3150 1 has put down the right fork
3150 1 is sleeping
3150 3 has taken the left fork
3150 3 is eating
DBG_EAT: id=3 time_last_meal=3150
3190 2 is thinking
DBG_EAT2: id=3 meals=18
3210 3 has put down the left fork
3210 3 has put down the right fork
3210 3 is sleeping
3210 2 has taken the left fork
3210 2 has taken the right fork
3210 2 is eating
DBG_EAT: id=2 time_last_meal=3210
3250 1 is thinking
3250 1 has taken the right fork
DBG_EAT2: id=2 meals=18
3271 2 has put down the right fork
3271 2 has put down the left fork
3271 2 is sleeping
3271 1 has taken the left fork
3271 1 is eating
DBG_EAT: id=1 time_last_meal=3271
3311 3 is thinking
3311 3 has taken the right fork
DBG_EAT2: id=1 meals=19
3331 1 has put down the left fork
3331 1 has put down the right fork
3331 1 is sleeping
3331 3 has taken the left fork
3331 3 is eating
DBG_EAT: id=3 time_last_meal=3331
3371 2 is thinking
DBG_EAT2: id=3 meals=19
3392 3 has put down the left fork
3392 3 has put down the right fork
3392 3 is sleeping
3392 2 has taken the left fork
3392 2 has taken the right fork
3392 2 is eating
DBG_EAT: id=2 time_last_meal=3392
3432 1 is thinking
3432 1 has taken the right fork
DBG_EAT2: id=2 meals=19
3452 2 has put down the right fork
3452 2 has put down the left fork
3452 2 is sleeping
3452 1 has taken the left fork
3452 1 is eating
DBG_EAT: id=1 time_last_meal=3452
3492 3 is thinking
3492 3 has taken the right fork
DBG_EAT2: id=1 meals=20
3513 1 has put down the left fork
3513 1 has put down the right fork
3513 1 is sleeping
3513 3 has taken the left fork
3513 3 is eating
DBG_EAT: id=3 time_last_meal=3513
3553 2 is thinking
DBG_EAT2: id=3 meals=20
3574 3 has put down the left fork
3574 3 has put down the right fork
3574 3 is sleeping
3574 2 has taken the left fork
3574 2 has taken the right fork
3574 2 is eating
DBG_EAT: id=2 time_last_meal=3574
3613 1 is thinking
3613 1 has taken the right fork
DBG_EAT2: id=2 meals=20
3634 2 has put down the right fork
3634 2 has put down the left fork
3634 2 is sleeping
3634 1 has taken the left fork
3634 1 is eating
DBG_EAT: id=1 time_last_meal=3634
3674 3 is thinking
3674 3 has taken the right fork
DBG_EAT2: id=1 meals=21
3695 1 has put down the left fork
3695 1 has put down the right fork
3695 1 is sleeping
3695 3 has taken the left fork
3695 3 is eating
DBG_EAT: id=3 time_last_meal=3695
3735 2 is thinking
DBG_EAT2: id=3 meals=21
3755 3 has put down the left fork
3755 3 has put down the right fork
3755 3 is sleeping
3755 2 has taken the left fork
3755 2 has taken the right fork
3755 2 is eating
DBG_EAT: id=2 time_last_meal=3755
3795 1 is thinking
3795 1 has taken the right fork
DBG_EAT2: id=2 meals=21
3815 2 has put down the right fork
3815 2 has put down the left fork
3816 2 is sleeping
3816 1 has taken the left fork
3816 1 is eating
DBG_EAT: id=1 time_last_meal=3816
3856 3 is thinking
3856 3 has taken the right fork
DBG_EAT2: id=1 meals=22
3876 1 has put down the left fork
3876 1 has put down the right fork
3876 1 is sleeping
3876 3 has taken the left fork
3876 3 is eating
DBG_EAT: id=3 time_last_meal=3876
3916 2 is thinking
DBG_EAT2: id=3 meals=22
3937 3 has put down the left fork
3937 3 has put down the right fork
3937 3 is sleeping
3937 2 has taken the left fork
3937 2 has taken the right fork
3937 2 is eating
DBG_EAT: id=2 time_last_meal=3937
3976 1 is thinking
3976 1 has taken the right fork
DBG_EAT2: id=2 meals=22
3997 2 has put down the right fork
3997 2 has put down the left fork
3997 2 is sleeping
3997 1 has taken the left fork
3997 1 is eating
DBG_EAT: id=1 time_last_meal=3997
4037 3 is thinking
4037 3 has taken the right fork
DBG_EAT2