DBG_INIT: meal_mutex init for philo 1
DBG_INIT: meal_mutex init for philo 2
DBG: init philo[1].time_last_meal=0
DBG: init philo[2].time_last_meal=0
0 1 has taken the right fork
0 1 has taken the left fork
0 1 is eating
DBG_EAT: id=1 time_last_meal=0
DBG: start_time=1758402866455
DBG_EAT2: id=1 meals=1
101 1 has put down the left fork
101 1 has put down the right fork
101 1 is sleeping
101 2 has taken the left fork
101 2 has taken the right fork
101 2 is eating
DBG_EAT: id=2 time_last_meal=101
161 1 is thinking
DBG_EAT2: id=2 meals=1
201 2 has put down the right fork
201 2 has put down the left fork
201 2 is sleeping
201 1 has taken the right fork
201 1 has taken the left fork
201 1 is eating
DBG_EAT: id=1 time_last_meal=201
262 2 is thinking
DBG_EAT2: id=1 meals=2
302 1 has put down the left fork
302 1 has put down the right fork
302 1 is sleeping
302 2 has taken the left fork
302 2 has taken the right fork
302 2 is eating
DBG_EAT: id=2 time_last_meal=302
362 1 is thinking
DBG_EAT2: id=2 meals=2
402 2 has put down the right fork
402 2 has put down the left fork
403 2 is sleeping
403 1 has taken the right fork
403 1 has taken the left fork
403 1 is eating
DBG_EAT: id=1 time_last_meal=403
463 2 is thinking
DBG_EAT2: id=1 meals=3
503 1 has put down the left fork
503 1 has put down the right fork
503 1 is sleeping
503 2 has taken the left fork
503 2 has taken the right fork
503 2 is eating
DBG_EAT: id=2 time_last_meal=503
564 1 is thinking
DBG_EAT2: id=2 meals=3
604 2 has put down the right fork
604 2 has put down the left fork
604 2 is sleeping
604 1 has taken the right fork
604 1 has taken the left fork
604 1 is eating
DBG_EAT: id=1 time_last_meal=604
664 2 is thinking
DBG_EAT2: id=1 meals=4
704 1 has put down the left fork
705 1 has put down the right fork
705 2 has taken the left fork
705 2 has taken the right fork
705 2 is eating
DBG_EAT: id=2 time_last_meal=705
705 1 is sleeping
765 1 is thinking
DBG_EAT2: id=2 meals=4
805 2 has put down the right fork
805 2 has put down the left fork
805 2 is sleeping
805 1 has taken the right fork
805 1 has taken the left fork
805 1 is eating
DBG_EAT: id=1 time_last_meal=805
865 2 is thinking
DBG_EAT2: id=1 meals=5
905 1 has put down the left fork
905 1 has put down the right fork
905 1 is sleeping
905 2 has taken the left fork
905 2 has taken the right fork
905 2 is eating
DBG_EAT: id=2 time_last_meal=905
966 1 is thinking
DBG_EAT2: id=2 meals=5
1006 2 has put down the right fork
1006 2 has put down the left fork
1006 2 is sleeping
1006 1 has taken the right fork
1006 1 has taken the left fork
1006 1 is eating
DBG_EAT: id=1 time_last_meal=1006
1066 2 is thinking
DBG_EAT2: id=1 meals=6
1106 1 has put down the left fork
1106 1 has put down the right fork
1106 1 is sleeping
1106 2 has taken the left fork
1106 2 has taken the right fork
1106 2 is eating
DBG_EAT: id=2 time_last_meal=1106
1167 1 is thinking
DBG_EAT2: id=2 meals=6
1206 2 has put down the right fork
1207 2 has put down the left fork
1207 2 is sleeping
1207 1 has taken the right fork
1207 1 has taken the left fork
1207 1 is eating
DBG_EAT: id=1 time_last_meal=1207
1267 2 is thinking
DBG_EAT2: id=1 meals=7
1307 1 has put down the left fork
1307 1 has put down the right fork
1307 1 is sleeping
1307 2 has taken the left fork
1307 2 has taken the right fork
1307 2 is eating
DBG_EAT: id=2 time_last_meal=1307
1367 1 is thinking
DBG_EAT2: id=2 meals=7
1408 2 has put down the right fork
1408 2 has put down the left fork
1408 2 is sleeping
1408 1 has taken the right fork
1408 1 has taken the left fork
1408 1 is eating
DBG_EAT: id=1 time_last_meal=1408
1468 2 is thinking
DBG_EAT2: id=1 meals=8
1508 1 has put down the left fork
1508 1 has put down the right fork
1508 1 is sleeping
1509 2 has taken the left fork
1509 2 has taken the right fork
1509 2 is eating
DBG_EAT: id=2 time_last_meal=1509
1569 1 is thinking
DBG_EAT2: id=2 meals=8
1609 2 has put down the right fork
1610 2 has put down the left fork
1610 1 has taken the right fork
1610 1 has taken the left fork
1610 1 is eating
DBG_EAT: id=1 time_last_meal=1610
1610 2 is sleeping
1670 2 is thinking
DBG_EAT2: id=1 meals=9
1711 1 has put down the left fork
1711 1 has put down the right fork
1711 1 is sleeping
1711 2 has taken the left fork
1711 2 has taken the right fork
1711 2 is eating
DBG_EAT: id=2 time_last_meal=1711
1772 1 is thinking
DBG_EAT2: id=2 meals=9
1812 2 has put down the right fork
1812 2 has put down the left fork
1812 2 is sleeping
1812 1 has taken the right fork
1812 1 has taken the left fork
1812 1 is eating
DBG_EAT: id=1 time_last_meal=1812
1873 2 is thinking
DBG_EAT2: id=1 meals=10
1913 1 has put down the left fork
1913 1 has put down the right fork
1913 1 is sleeping
1913 2 has taken the left fork
1913 2 has taken the right fork
1913 2 is eating
DBG_EAT: id=2 time_last_meal=1913
1974 1 is thinking
DBG_EAT2: id=2 meals=10
2014 2 has put down the right fork
2014 2 has put down the left fork
2014 2 is sleeping
2014 1 has taken the right fork
2014 1 has taken the left fork
2014 1 is eating
DBG_EAT: id=1 time_last_meal=2014
2075 2 is thinking
DBG_EAT2: id=1 meals=11
2116 1 has put down the left fork
2116 1 has put down the right fork
2116 1 is sleeping
2116 2 has taken the left fork
2116 2 has taken the right fork
2116 2 is eating
DBG_EAT: id=2 time_last_meal=2116
2177 1 is thinking
DBG_EAT2: id=2 meals=11
2217 2 has put down the right fork
2217 2 has put down the left fork
2217 2 is sleeping
2217 1 has taken the right fork
2217 1 has taken the left fork
2217 1 is eating
DBG_EAT: id=1 time_last_meal=2217
2278 2 is thinking
DBG_EAT2: id=1 meals=12
2318 1 has put down the left fork
2318 1 has put down the right fork
2318 1 is sleeping
2319 2 has taken the left fork
2319 2 has taken the right fork
2319 2 is eating
DBG_EAT: id=2 time_last_meal=2319
2379 1 is thinking
DBG_EAT2: id=2 meals=12
2419 2 has put down the right fork
2419 2 has put down the left fork
2419 2 is sleeping
2420 1 has taken the right fork
2420 1 has taken the left fork
2420 1 is eating
DBG_EAT: id=1 time_last_meal=2420
3433 2 is thinking
DBG_EAT2: id=1 meals=13
3473 1 has put down the left fork
3473 1 has put down the right fork
3473 1 is sleeping
3473 2 has taken the left fork
3473 2 has taken the right fork
3473 2 is eating
DBG_EAT: id=2 time_last_meal=3473
3473 1 has died (last meal at 2420)
DBG_EAT2: id=2 meals=13
