DBG_INIT: meal_mutex init for philo 1
DBG_INIT: meal_mutex init for philo 2
DBG_INIT: meal_mutex init for philo 3
DBG: init philo[1].time_last_meal=0
DBG: init philo[2].time_last_meal=0
DBG: init philo[3].time_last_meal=0
0 1 has taken the right fork
0 1 has taken the left fork
0 1 is eating
DBG_EAT: id=1 time_last_meal=0
DBG: start_time=1758386572585
0 2 has taken the left fork
DBG_EAT2: id=1 meals=1
100 1 has put down the left fork
100 1 has put down the right fork
100 1 is sleeping
100 2 has taken the right fork
100 2 is eating
DBG_EAT: id=2 time_last_meal=100
160 1 is thinking
160 1 has taken the right fork
DBG_EAT2: id=2 meals=1
200 2 has put down the right fork
200 2 has put down the left fork
200 1 has taken the left fork
200 1 is eating
DBG_EAT: id=1 time_last_meal=200
200 2 is sleeping
200 3 has taken the right fork
260 2 is thinking
DBG_EAT2: id=1 meals=2
300 1 has put down the left fork
300 1 has put down the right fork
300 3 has taken the left fork
300 3 is eating
DBG_EAT: id=3 time_last_meal=300
300 1 is sleeping
360 1 is thinking
DBG_EAT2: id=3 meals=1
401 3 has put down the left fork
401 3 has put down the right fork
401 1 has taken the right fork
401 1 has taken the left fork
401 1 is eating
DBG_EAT: id=1 time_last_meal=401
401 3 is sleeping
401 2 has taken the left fork
461 3 is thinking
DBG_EAT2: id=1 meals=3
501 1 has put down the left fork
501 1 has put down the right fork
501 1 is sleeping
501 2 has taken the right fork
501 2 is eating
DBG_EAT: id=2 time_last_meal=501
561 1 is thinking
561 1 has taken the right fork
DBG_EAT2: id=2 meals=2
601 2 has put down the right fork
601 2 has put down the left fork
601 1 has taken the left fork
601 1 is eating
DBG_EAT: id=1 time_last_meal=601
601 2 is sleeping
601 3 has taken the right fork
661 2 is thinking
DBG_EAT2: id=1 meals=4
701 1 has put down the left fork
701 1 has put down the right fork
701 1 is sleeping
701 3 has taken the left fork
701 3 is eating
DBG_EAT: id=3 time_last_meal=701
761 1 is thinking
DBG_EAT2: id=3 meals=2
801 3 has put down the left fork
801 3 has put down the right fork
801 1 has taken the right fork
801 1 has taken the left fork
801 1 is eating
DBG_EAT: id=1 time_last_meal=801
801 3 is sleeping
801 All philosophers ate enough
DBG_EAT2: id=1 meals=5
