DBG_INIT: meal_mutex init for philo 1
DBG_INIT: meal_mutex init for philo 2
DBG: init philo[1].time_last_meal=0
DBG: init philo[2].time_last_meal=0
0 1 has taken the right fork
0 1 has taken the left fork
0 1 is eating
DBG_EAT: id=1 time_last_meal=0
DBG: start_time=1758402812760
DBG_EAT2: id=1 meals=1
100 1 has put down the left fork
100 1 has put down the right fork
100 1 is sleeping
100 2 has taken the left fork
100 2 has taken the right fork
100 2 is eating
DBG_EAT: id=2 time_last_meal=100
160 1 is thinking
DBG_EAT2: id=2 meals=1
200 2 has put down the right fork
200 2 has put down the left fork
200 2 is sleeping
201 1 has taken the right fork
201 1 has taken the left fork
201 1 is eating
DBG_EAT: id=1 time_last_meal=201
261 2 is thinking
DBG_EAT2: id=1 meals=2
301 1 has put down the left fork
301 1 has put down the right fork
301 1 is sleeping
301 2 has taken the left fork
301 2 has taken the right fork
301 2 is eating
DBG_EAT: id=2 time_last_meal=301
361 1 is thinking
DBG_EAT2: id=2 meals=2
401 2 has put down the right fork
401 2 has put down the left fork
401 2 is sleeping
402 1 has taken the right fork
402 1 has taken the left fork
402 1 is eating
DBG_EAT: id=1 time_last_meal=402
462 2 is thinking
DBG_EAT2: id=1 meals=3
502 1 has put down the left fork
502 1 has put down the right fork
502 1 is sleeping
502 2 has taken the left fork
502 2 has taken the right fork
502 2 is eating
DBG_EAT: id=2 time_last_meal=502
562 1 is thinking
DBG_EAT2: id=2 meals=3
602 2 has put down the right fork
602 2 has put down the left fork
602 2 is sleeping
602 1 has taken the right fork
602 1 has taken the left fork
602 1 is eating
DBG_EAT: id=1 time_last_meal=602
663 2 is thinking
DBG_EAT2: id=1 meals=4
703 1 has put down the left fork
703 1 has put down the right fork
703 1 is sleeping
703 2 has taken the left fork
703 2 has taken the right fork
703 2 is eating
DBG_EAT: id=2 time_last_meal=703
763 1 is thinking
DBG_EAT2: id=2 meals=4
803 2 has put down the right fork
803 2 has put down the left fork
803 2 is sleeping
803 1 has taken the right fork
803 1 has taken the left fork
803 1 is eating
DBG_EAT: id=1 time_last_meal=803
864 2 is thinking
DBG_EAT2: id=1 meals=5
903 1 has put down the left fork
903 1 has put down the right fork
903 1 is sleeping
903 2 has taken the left fork
903 2 has taken the right fork
903 2 is eating
DBG_EAT: id=2 time_last_meal=903
964 1 is thinking
DBG_EAT2: id=2 meals=5
1004 2 has put down the right fork
1004 2 has put down the left fork
1004 2 is sleeping
1004 1 has taken the right fork
1004 1 has taken the left fork
1004 1 is eating
DBG_EAT: id=1 time_last_meal=1004
1064 2 is thinking
DBG_EAT2: id=1 meals=6
1104 1 has put down the left fork
1104 1 has put down the right fork
1104 1 is sleeping
1104 2 has taken the left fork
1104 2 has taken the right fork
1104 2 is eating
DBG_EAT: id=2 time_last_meal=1104
1165 1 is thinking
DBG_EAT2: id=2 meals=6
1205 2 has put down the right fork
1205 2 has put down the left fork
1205 2 is sleeping
1205 1 has taken the right fork
1205 1 has taken the left fork
1205 1 is eating
DBG_EAT: id=1 time_last_meal=1205
1265 2 is thinking
DBG_EAT2: id=1 meals=7
1305 1 has put down the left fork
1305 1 has put down the right fork
1305 1 is sleeping
1305 2 has taken the left fork
1305 2 has taken the right fork
1305 2 is eating
DBG_EAT: id=2 time_last_meal=1305
1365 1 is thinking
DBG_EAT2: id=2 meals=7
1405 2 has put down the right fork
1405 2 has put down the left fork
1406 2 is sleeping
1406 1 has taken the right fork
1406 1 has taken the left fork
1406 1 is eating
DBG_EAT: id=1 time_last_meal=1406
1466 2 is thinking
DBG_EAT2: id=1 meals=8
1506 1 has put down the left fork
1506 1 has put down the right fork
1506 1 is sleeping
1506 2 has taken the left fork
1506 2 has taken the right fork
1506 2 is eating
DBG_EAT: id=2 time_last_meal=1506
1566 1 is thinking
DBG_EAT2: id=2 meals=8
1606 2 has put down the right fork
1606 2 has put down the left fork
1606 2 is sleeping
1606 1 has taken the right fork
1606 1 has taken the left fork
1606 1 is eating
DBG_EAT: id=1 time_last_meal=1606
1667 2 is thinking
DBG_EAT2: id=1 meals=9
1707 1 has put down the left fork
1707 1 has put down the right fork
1707 1 is sleeping
1707 2 has taken the left fork
1707 2 has taken the right fork
1707 2 is eating
DBG_EAT: id=2 time_last_meal=1707
1767 1 is thinking
DBG_EAT2: id=2 meals=9
1807 2 has put down the right fork
1807 2 has put down the left fork
1807 2 is sleeping
1807 1 has taken the right fork
1807 1 has taken the left fork
1807 1 is eating
DBG_EAT: id=1 time_last_meal=1807
1867 2 is thinking
DBG_EAT2: id=1 meals=10
1907 1 has put down the left fork
1907 1 has put down the right fork
1907 1 is sleeping
1907 2 has taken the left fork
1907 2 has taken the right fork
1907 2 is eating
DBG_EAT: id=2 time_last_meal=1907
1967 1 is thinking
DBG_EAT2: id=2 meals=10
2007 2 has put down the right fork
2008 2 has put down the left fork
2008 2 is sleeping
2008 1 has taken the right fork
2008 1 has taken the left fork
2008 1 is eating
DBG_EAT: id=1 time_last_meal=2008
2068 2 is thinking
DBG_EAT2: id=1 meals=11
2108 1 has put down the left fork
2108 1 has put down the right fork
2108 1 is sleeping
2108 2 has taken the left fork
2108 2 has taken the right fork
2108 2 is eating
DBG_EAT: id=2 time_last_meal=2108
2168 1 is thinking
DBG_EAT2: id=2 meals=11
2208 2 has put down the right fork
2208 2 has put down the left fork
2208 2 is sleeping
2208 1 has taken the right fork
2209 1 has taken the left fork
2209 1 is eating
DBG_EAT: id=1 time_last_meal=2209
2269 2 is thinking
DBG_EAT2: id=1 meals=12
2309 1 has put down the left fork
2309 1 has put down the right fork
2309 1 is sleeping
2309 2 has taken the left fork
2309 2 has taken the right fork
2309 2 is eating
DBG_EAT: id=2 time_last_meal=2309
2369 1 is thinking
DBG_EAT2: id=2 meals=12
2409 2 has put down the right fork
2409 2 has put down the left fork
2409 2 is sleeping
2409 1 has taken the right fork
2409 1 has taken the left fork
2409 1 is eating
DBG_EAT: id=1 time_last_meal=2409
2469 2 is thinking
DBG_EAT2: id=1 meals=13
2509 1 has put down the left fork
2509 1 has put down the right fork
2509 1 is sleeping
2509 2 has taken the left fork
2509 2 has taken the right fork
2509 2 is eating
DBG_EAT: id=2 time_last_meal=2509
2570 1 is thinking
DBG_EAT2: id=2 meals=13
2610 2 has put down the right fork
2610 2 has put down the left fork
2610 2 is sleeping
2610 1 has taken the right fork
2610 1 has taken the left fork
2610 1 is eating
DBG_EAT: id=1 time_last_meal=2610
2670 2 is thinking
DBG_EAT2: id=1 meals=14
2710 1 has put down the left fork
2710 1 has put down the right fork
2710 1 is sleeping
2710 2 has taken the left fork
2710 2 has taken the right fork
2710 2 is eating
DBG_EAT: id=2 time_last_meal=2710
2770 1 is thinking
DBG_EAT2: id=2 meals=14
2810 2 has put down the right fork
2810 2 has put down the left fork
2810 2 is sleeping
2811 1 has taken the right fork
2811 1 has taken the left fork
2811 1 is eating
DBG_EAT: id=1 time_last_meal=2811
2871 2 is thinking
DBG_EAT2: id=1 meals=15
2911 1 has put down the left fork
2911 1 has put down the right fork
2911 1 is sleeping
2911 2 has taken the left fork
2911 2 has taken the right fork
2911 2 is eating
DBG_EAT: id=2 time_last_meal=2911
2971 1 is thinking
DBG_EAT2: id=2 meals=15
3011 2 has put down the right fork
3011 2 has put down the left fork
3011 2 is sleeping
3012 1 has taken the right fork
3012 1 has taken the left fork
3012 1 is eating
DBG_EAT: id=1 time_last_meal=3012
3072 2 is thinking
DBG_EAT2: id=1 meals=16
3112 1 has put down the left fork
3112 1 has put down the right fork
3112 1 is sleeping
3112 2 has taken the left fork
3112 2 has taken the right fork
3112 2 is eating
DBG_EAT: id=2 time_last_meal=3112
3172 1 is thinking
DBG_EAT2: id=2 meals=16
3212 2 has put down the right fork
3212 2 has put down the left fork
3212 2 is sleeping
3212 1 has taken the right fork
3212 1 has taken the left fork
3212 1 is eating
DBG_EAT: id=1 time_last_meal=3212
3273 2 is thinking
DBG_EAT2: id=1 meals=17
3313 1 has put down the left fork
3313 1 has put down the right fork
3313 1 is sleeping
3313 2 has taken the left fork
3313 2 has taken th