DBG_INIT: meal_mutex init for philo 1
DBG_INIT: meal_mutex init for philo 2
DBG: init philo[1].time_last_meal=0
DBG: init philo[2].time_last_meal=0
1 1 has taken the right fork
1 1 has taken the left fork
1 1 is eating
DBG_EAT: id=1 time_last_meal=1
DBG: start_time=1758403253065
DBG_EAT2: id=1 meals=1
61 1 has put down the left fork
61 1 has put down the right fork
61 1 is sleeping
61 2 has taken the left fork
61 2 has taken the right fork
61 2 is eating
DBG_EAT: id=2 time_last_meal=61
DBG_EAT2: id=2 meals=1
121 2 has put down the right fork
121 2 has put down the left fork
121 2 is sleeping
261 1 is thinking
261 1 has taken the right fork
261 1 has taken the left fork
261 1 is eating
DBG_EAT: id=1 time_last_meal=261
DBG_EAT2: id=1 meals=2
321 1 has put down the left fork
321 1 has put down the right fork
321 1 is sleeping
321 2 is thinking
321 2 has taken the left fork
321 2 has taken the right fork
321 2 is eating
DBG_EAT: id=2 time_last_meal=321
DBG_EAT2: id=2 meals=2
382 2 has put down the right fork
382 2 has put down the left fork
382 2 is sleeping
521 1 is thinking
521 1 has taken the right fork
521 1 has taken the left fork
521 1 is eating
DBG_EAT: id=1 time_last_meal=521
DBG_EAT2: id=1 meals=3
581 1 has put down the left fork
581 1 has put down the right fork
582 1 is sleeping
582 2 is thinking
582 2 has taken the left fork
582 2 has taken the right fork
582 2 is eating
DBG_EAT: id=2 time_last_meal=582
DBG_EAT2: id=2 meals=3
643 2 has put down the right fork
643 2 has put down the left fork
643 2 is sleeping
782 1 is thinking
782 1 has taken the right fork
782 1 has taken the left fork
782 1 is eating
DBG_EAT: id=1 time_last_meal=782
DBG_EAT2: id=1 meals=4
842 1 has put down the left fork
842 1 has put down the right fork
842 1 is sleeping
843 2 is thinking
843 2 has taken the left fork
843 2 has taken the right fork
843 2 is eating
DBG_EAT: id=2 time_last_meal=843
DBG_EAT2: id=2 meals=4
903 2 has put down the right fork
903 2 has put down the left fork
903 2 is sleeping
1042 1 is thinking
1042 1 has taken the right fork
1042 1 has taken the left fork
1042 1 is eating
DBG_EAT: id=1 time_last_meal=1042
DBG_EAT2: id=1 meals=5
1102 1 has put down the left fork
1102 1 has put down the right fork
1102 1 is sleeping
1103 2 is thinking
1104 2 has taken the left fork
1104 2 has taken the right fork
1104 2 is eating
DBG_EAT: id=2 time_last_meal=1104
DBG_EAT2: id=2 meals=5
1164 2 has put down the right fork
1164 2 has put down the left fork
1164 2 is sleeping
1303 1 is thinking
1303 1 has taken the right fork
1303 1 has taken the left fork
1303 1 is eating
DBG_EAT: id=1 time_last_meal=1303
DBG_EAT2: id=1 meals=6
1363 1 has put down the left fork
1363 1 has put down the right fork
1363 1 is sleeping
1364 2 is thinking
1364 2 has taken the left fork
1364 2 has taken the right fork
1364 2 is eating
DBG_EAT: id=2 time_last_meal=1364
DBG_EAT2: id=2 meals=6
1425 2 has put down the right fork
1425 2 has put down the left fork
1425 2 is sleeping
1563 1 is thinking
1563 1 has taken the right fork
1563 1 has taken the left fork
1563 1 is eating
DBG_EAT: id=1 time_last_meal=1563
DBG_EAT2: id=1 meals=7
1623 1 has put down the left fork
1623 1 has put down the right fork
1623 1 is sleeping
1625 2 is thinking
1625 2 has taken the left fork
1625 2 has taken the right fork
1625 2 is eating
DBG_EAT: id=2 time_last_meal=1625
DBG_EAT2: id=2 meals=7
1685 2 has put down the right fork
1685 2 has put down the left fork
1685 2 is sleeping
1823 1 is thinking
1823 1 has taken the right fork
1823 1 has taken the left fork
1823 1 is eating
DBG_EAT: id=1 time_last_meal=1823
DBG_EAT2: id=1 meals=8
1884 1 has put down the left fork
1884 1 has put down the right fork
1884 1 is sleeping
1886 2 is thinking
1886 2 has taken the left fork
1886 2 has taken the right fork
1886 2 is eating
DBG_EAT: id=2 time_last_meal=1886
DBG_EAT2: id=2 meals=8
1946 2 has put down the right fork
1946 2 has put down the left fork
1946 2 is sleeping
2084 1 is thinking
2084 1 has taken the right fork
2084 1 has taken the left fork
2084 1 is eating
DBG_EAT: id=1 time_last_meal=2084
DBG_EAT2: id=1 meals=9
2144 1 has put down the left fork
2144 1 has put down the right fork
2144 1 is sleeping
2146 2 is thinking
2146 2 has taken the left fork
2146 2 has taken the right fork
2146 2 is eating
DBG_EAT: id=2 time_last_meal=2146
DBG_EAT2: id=2 meals=9
2207 2 has put down the right fork
2207 2 has put down the left fork
2207 2 is sleeping
2344 1 is thinking
2344 1 has taken the right fork
2344 1 has taken the left fork
2344 1 is eating
DBG_EAT: id=1 time_last_meal=2344
DBG_EAT2: id=1 meals=10
2405 1 has put down the left fork
2405 1 has put down the right fork
2405 1 is sleeping
2407 2 is thinking
2407 2 has taken the left fork
2407 2 has taken the right fork
2407 2 is eating
DBG_EAT: id=2 time_last_meal=2407
DBG_EAT2: id=2 meals=10
2468 2 has put down the right fork
2468 2 has put down the left fork
2468 2 is sleeping
2605 1 is thinking
2605 1 has taken the right fork
2605 1 has taken the left fork
2605 1 is eating
DBG_EAT: id=1 time_last_meal=2605
DBG_EAT2: id=1 meals=11
2665 1 has put down the left fork
2665 1 has put down the right fork
2665 1 is sleeping
2668 2 is thinking
2668 2 has taken the left fork
2668 2 has taken the right fork
2668 2 is eating
DBG_EAT: id=2 time_last_meal=2668
DBG_EAT2: id=2 meals=11
2728 2 has put down the right fork
2728 2 has put down the left fork
2728 2 is sleeping
2865 1 is thinking
2865 1 has taken the right fork
2865 1 has taken the left fork
2865 1 is eating
DBG_EAT: id=1 time_last_meal=2865
DBG_EAT2: id=1 meals=12
2926 1 has put down the left fork
2926 1 has put down the right fork
2926 1 is sleeping
2928 2 is thinking
2928 2 has taken the left fork
2928 2 has taken the right fork
2928 2 is eating
DBG_EAT: id=2 time_last_meal=2928
DBG_EAT2: id=2 meals=12
2989 2 has put down the right fork
2989 2 has put down the left fork
2989 2 is sleeping
3126 1 is thinking
3126 1 has taken the right fork
3126 1 has taken the left fork
3126 1 is eating
DBG_EAT: id=1 time_last_meal=3126
DBG_EAT2: id=1 meals=13
3187 1 has put down the left fork
3187 1 has put down the right fork
3187 1 is sleeping
3193 2 is thinking
3193 2 has taken the left fork
3193 2 has taken the right fork
3193 2 is eating
DBG_EAT: id=2 time_last_meal=3193
DBG_EAT2: id=2 meals=13
3255 2 has put down the right fork
3255 2 has put down the left fork
3255 2 is sleeping
3392 1 is thinking
3392 1 has taken the right fork
3392 1 has taken the left fork
3392 1 is eating
DBG_EAT: id=1 time_last_meal=3392
DBG_EAT2: id=1 meals=14
3454 1 has put down the left fork
3454 1 has put down the right fork
3454 1 is sleeping
3460 2 is thinking
3460 2 has taken the left fork
3460 2 has taken the right fork
3460 2 is eating
DBG_EAT: id=2 time_last_meal=3460
DBG_EAT2: id=2 meals=14
3522 2 has put down the right fork
3522 2 has put down the left fork
3522 2 is sleeping
3659 1 is thinking
3659 1 has taken the right fork
3659 1 has taken the left fork
3659 1 is eating
DBG_EAT: id=1 time_last_meal=3659
DBG_EAT2: id=1 meals=15
3720 1 has put down the left fork
3720 1 has put down the right fork
3720 1 is sleeping
3728 2 is thinking
3728 2 has taken the left fork
3728 2 has taken the right fork
3728 2 is eating
DBG_EAT: id=2 time_last_meal=3728
DBG_EAT2: id=2 meals=15
3790 2 has put down the right fork
3790 2 has put down the left fork
3790 2 is sleeping
3925 1 is thinking
3925 1 has taken the right fork
3925 1 has taken the left fork
3925 1 is eating
DBG_EAT: id=1 time_last_meal=3925
DBG_EAT2: id=1 meals=16
3987 1 has put down the left fork
3987 1 has put down the right fork
3987 1 is sleeping
3995 2 is thinking
3995 2 has taken the left fork
3995 2 has taken the right fork
3995 2 is eating
DBG_EAT: id=2 time_last_meal=3995
DBG_EAT2: id=2 meals=16
4057 2 has put down the right fork
4057 2 has put down the left fork
4057 2 is sleeping
4189 1 is thinking
4189 1 has taken the right fork
4189 1 has taken the left fork
4189 1 is eating
DBG_EAT: id=1 time_last_meal=4189
DBG_EAT2: id=1 meals=17
4250 1 has put down the left fork
4250 1 has put down the right fork
4250 1 is sleeping
4262 2 is thinking
4262 2 has taken the left fork
4262 2 has t