DBG_INIT: meal_mutex init for philo 1
DBG_INIT: meal_mutex init for philo 2
DBG: init philo[1].time_last_meal=0
DBG: init philo[2].time_last_meal=0
0 1 has taken the right fork
0 1 has taken the left fork
0 1 is eating
DBG_EAT: id=1 time_last_meal=0
DBG: start_time=1758403189657
DBG_EAT2: id=1 meals=1
101 1 has put down the left fork
101 1 has put down the right fork
101 1 is sleeping
101 2 has taken the left fork
101 2 has taken the right fork
101 2 is eating
DBG_EAT: id=2 time_last_meal=101
161 1 is thinking
DBG_EAT2: id=2 meals=1
202 2 has put down the right fork
202 2 has put down the left fork
202 2 is sleeping
202 1 has taken the right fork
202 1 has taken the left fork
202 1 is eating
DBG_EAT: id=1 time_last_meal=202
262 2 is thinking
DBG_EAT2: id=1 meals=2
302 1 has put down the left fork
302 1 has put down the right fork
302 1 is sleeping
302 2 has taken the left fork
302 2 has taken the right fork
302 2 is eating
DBG_EAT: id=2 time_last_meal=302
363 1 is thinking
DBG_EAT2: id=2 meals=2
403 2 has put down the right fork
403 2 has put down the left fork
403 2 is sleeping
403 1 has taken the right fork
403 1 has taken the left fork
403 1 is eating
DBG_EAT: id=1 time_last_meal=403
464 2 is thinking
DBG_EAT2: id=1 meals=3
503 1 has put down the left fork
503 1 has put down the right fork
504 1 is sleeping
504 2 has taken the left fork
504 2 has taken the right fork
504 2 is eating
DBG_EAT: id=2 time_last_meal=504
564 1 is thinking
DBG_EAT2: id=2 meals=3
604 2 has put down the right fork
604 2 has put down the left fork
604 2 is sleeping
604 1 has taken the right fork
604 1 has taken the left fork
604 1 is eating
DBG_EAT: id=1 time_last_meal=604
664 2 is thinking
DBG_EAT2: id=1 meals=4
704 1 has put down the left fork
704 1 has put down the right fork
704 2 has taken the left fork
704 2 has taken the right fork
704 2 is eating
DBG_EAT: id=2 time_last_meal=704
704 1 is sleeping
765 1 is thinking
DBG_EAT2: id=2 meals=4
805 2 has put down the right fork
805 2 has put down the left fork
805 2 is sleeping
805 1 has taken the right fork
805 1 has taken the left fork
805 1 is eating
DBG_EAT: id=1 time_last_meal=805
865 2 is thinking
DBG_EAT2: id=1 meals=5
905 1 has put down the left fork
905 1 has put down the right fork
905 1 is sleeping
905 2 has taken the left fork
905 2 has taken the right fork
905 2 is eating
DBG_EAT: id=2 time_last_meal=905
965 1 is thinking
DBG_EAT2: id=2 meals=5
1005 2 has put down the right fork
1005 2 has put down the left fork
1005 2 is sleeping
1005 1 has taken the right fork
1005 1 has taken the left fork
1005 1 is eating
DBG_EAT: id=1 time_last_meal=1005
1065 2 is thinking
DBG_EAT2: id=1 meals=6
1105 1 has put down the left fork
1105 1 has put down the right fork
1105 1 is sleeping
1105 2 has taken the left fork
1105 2 has taken the right fork
1105 2 is eating
DBG_EAT: id=2 time_last_meal=1105
1166 1 is thinking
DBG_EAT2: id=2 meals=6
1206 2 has put down the right fork
1206 2 has put down the left fork
1206 2 is sleeping
1206 1 has taken the right fork
1206 1 has taken the left fork
1206 1 is eating
DBG_EAT: id=1 time_last_meal=1206
1266 2 is thinking
DBG_EAT2: id=1 meals=7
1306 1 has put down the left fork
1306 1 has put down the right fork
1307 1 is sleeping
1307 2 has taken the left fork
1307 2 has taken the right fork
1307 2 is eating
DBG_EAT: id=2 time_last_meal=1307
1367 1 is thinking
DBG_EAT2: id=2 meals=7
1407 2 has put down the right fork
1407 2 has put down the left fork
1407 2 is sleeping
1407 1 has taken the right fork
1407 1 has taken the left fork
1407 1 is eating
DBG_EAT: id=1 time_last_meal=1407
1467 2 is thinking
DBG_EAT2: id=1 meals=8
1507 1 has put down the left fork
1507 1 has put down the right fork
1507 1 is sleeping
1507 2 has taken the left fork
1507 2 has taken the right fork
1507 2 is eating
DBG_EAT: id=2 time_last_meal=1507
1568 1 is thinking
DBG_EAT2: id=2 meals=8
1607 2 has put down the right fork
1608 2 has put down the left fork
1608 2 is sleeping
1608 1 has taken the right fork
1608 1 has taken the left fork
1608 1 is eating
DBG_EAT: id=1 time_last_meal=1608
1668 2 is thinking
DBG_EAT2: id=1 meals=9
1708 1 has put down the left fork
1708 1 has put down the right fork
1708 1 is sleeping
1708 2 has taken the left fork
1708 2 has taken the right fork
1708 2 is eating
DBG_EAT: id=2 time_last_meal=1708
1768 1 is thinking
DBG_EAT2: id=2 meals=9
1808 2 has put down the right fork
1808 2 has put down the left fork
1808 2 is sleeping
1808 1 has taken the right fork
1808 1 has taken the left fork
1808 1 is eating
DBG_EAT: id=1 time_last_meal=1808
1869 2 is thinking
DBG_EAT2: id=1 meals=10
1909 1 has put down the left fork
1909 1 has put down the right fork
1909 1 is sleeping
1909 2 has taken the left fork
1909 2 has taken the right fork
1909 2 is eating
DBG_EAT: id=2 time_last_meal=1909
1969 1 is thinking
DBG_EAT2: id=2 meals=10
2009 2 has put down the right fork
2009 2 has put down the left fork
2009 2 is sleeping
2009 1 has taken the right fork
2009 1 has taken the left fork
2009 1 is eating
DBG_EAT: id=1 time_last_meal=2009
2069 2 is thinking
DBG_EAT2: id=1 meals=11
2109 1 has put down the left fork
2109 1 has put down the right fork
2109 1 is sleeping
2109 2 has taken the left fork
2109 2 has taken the right fork
2109 2 is eating
DBG_EAT: id=2 time_last_meal=2109
2170 1 is thinking
DBG_EAT2: id=2 meals=11
2210 2 has put down the right fork
2210 2 has put down the left fork
2210 2 is sleeping
2210 1 has taken the right fork
2210 1 has taken the left fork
2210 1 is eating
DBG_EAT: id=1 time_last_meal=2210
2270 2 is thinking
DBG_EAT2: id=1 meals=12
2310 1 has put down the left fork
2310 1 has put down the right fork
2310 1 is sleeping
2310 2 has taken the left fork
2310 2 has taken the right fork
2310 2 is eating
DBG_EAT: id=2 time_last_meal=2310
2370 1 is thinking
DBG_EAT2: id=2 meals=12
2410 2 has put down the right fork
2410 2 has put down the left fork
2410 2 is sleeping
2411 1 has taken the right fork
2411 1 has taken the left fork
2411 1 is eating
DBG_EAT: id=1 time_last_meal=2411
2471 2 is thinking
DBG_EAT2: id=1 meals=13
2511 1 has put down the left fork
2511 1 has put down the right fork
2511 1 is sleeping
2511 2 has taken the left fork
2511 2 has taken the right fork
2511 2 is eating
DBG_EAT: id=2 time_last_meal=2511
2571 1 is thinking
DBG_EAT2: id=2 meals=13
2611 2 has put down the right fork
2611 2 has put down the left fork
2611 2 is sleeping
2611 1 has taken the right fork
2611 1 has taken the left fork
2611 1 is eating
DBG_EAT: id=1 time_last_meal=2611
2671 2 is thinking
DBG_EAT2: id=1 meals=14
2711 1 has put down the left fork
2712 1 has put down the right fork
2712 1 is sleeping
2712 2 has taken the left fork
2712 2 has taken the right fork
2712 2 is eating
DBG_EAT: id=2 time_last_meal=2712
2772 1 is thinking
DBG_EAT2: id=2 meals=14
2812 2 has put down the right fork
2812 2 has put down the left fork
2812 2 is sleeping
2812 1 has taken the right fork
2812 1 has taken the left fork
2812 1 is eating
DBG_EAT: id=1 time_last_meal=2812
2872 2 is thinking
DBG_EAT2: id=1 meals=15
2912 1 has put down the left fork
2912 1 has put down the right fork
2912 1 is sleeping
2912 2 has taken the left fork
2912 2 has taken the right fork
2912 2 is eating
DBG_EAT: id=2 time_last_meal=2912
2973 1 is thinking
DBG_EAT2: id=2 meals=15
3013 2 has put down the right fork
3013 2 has put down the left fork
3013 2 is sleeping
3013 1 has taken the right fork
3013 1 has taken the left fork
3013 1 is eating
DBG_EAT: id=1 time_last_meal=3013
3073 2 is thinking
DBG_EAT2: id=1 meals=16
3113 1 has put down the left fork
3113 1 has put down the right fork
3113 1 is sleeping
3113 2 has taken the left fork
3113 2 has taken the right fork
3113 2 is eating
DBG_EAT: id=2 time_last_meal=3113
3173 1 is thinking
DBG_EAT2: id=2 meals=16
3213 2 has put down the right fork
3213 2 has put down the left fork
3213 2 is sleeping
3213 1 has taken the right fork
3213 1 has taken the left fork
3213 1 is eating
DBG_EAT: id=1 time_last_meal=3213
3274 2 is thinking
DBG_EAT2: id=1 meals=17
3314 1 has put down the left fork
3314 1 has put down the right fork
3314 1 is sleeping
3314 2 has taken the left fork
3314 2 has taken th