DBG_INIT: meal_mutex init for philo 1
DBG_INIT: meal_mutex init for philo 2
DBG: init philo[1].time_last_meal=0
DBG: init philo[2].time_last_meal=0
0 1 has taken the right fork
0 1 has taken the left fork
0 1 is eating
DBG_EAT: id=1 time_last_meal=0
DBG: start_time=1758403222102
DBG_EAT2: id=1 meals=1
200 1 has put down the left fork
201 1 has put down the right fork
201 1 is sleeping
201 2 has taken the left fork
201 2 has taken the right fork
201 2 is eating
DBG_EAT: id=2 time_last_meal=201
301 1 is thinking
DBG_EAT2: id=2 meals=1
401 2 has put down the right fork
401 2 has put down the left fork
401 2 is sleeping
401 1 has taken the right fork
401 1 has taken the left fork
401 1 is eating
DBG_EAT: id=1 time_last_meal=401
501 2 is thinking
DBG_EAT2: id=1 meals=2
601 1 has put down the left fork
601 1 has put down the right fork
601 1 is sleeping
601 2 has taken the left fork
601 2 has taken the right fork
601 2 is eating
DBG_EAT: id=2 time_last_meal=601
702 1 is thinking
DBG_EAT2: id=2 meals=2
802 2 has put down the right fork
802 2 has put down the left fork
802 2 is sleeping
802 1 has taken the right fork
802 1 has taken the left fork
802 1 is eating
DBG_EAT: id=1 time_last_meal=802
902 2 is thinking
DBG_EAT2: id=1 meals=3
1002 1 has put down the left fork
1002 1 has put down the right fork
1002 1 is sleeping
1002 2 has taken the left fork
1002 2 has taken the right fork
1002 2 is eating
DBG_EAT: id=2 time_last_meal=1002
1103 1 is thinking
DBG_EAT2: id=2 meals=3
1203 2 has put down the right fork
1203 2 has put down the left fork
1203 2 is sleeping
1203 1 has taken the right fork
1203 1 has taken the left fork
1203 1 is eating
DBG_EAT: id=1 time_last_meal=1203
1303 2 is thinking
DBG_EAT2: id=1 meals=4
1403 1 has put down the left fork
1404 1 has put down the right fork
1404 1 is sleeping
1404 2 has taken the left fork
1404 2 has taken the right fork
1404 2 is eating
DBG_EAT: id=2 time_last_meal=1404
1504 1 is thinking
DBG_EAT2: id=2 meals=4
1604 2 has put down the right fork
1604 2 has put down the left fork
1604 2 is sleeping
1604 1 has taken the right fork
1604 1 has taken the left fork
1604 1 is eating
DBG_EAT: id=1 time_last_meal=1604
1704 2 is thinking
DBG_EAT2: id=1 meals=5
1805 1 has put down the left fork
1805 1 has put down the right fork
1805 1 is sleeping
1805 2 has taken the left fork
1805 2 has taken the right fork
1805 2 is eating
DBG_EAT: id=2 time_last_meal=1805
1905 1 is thinking
DBG_EAT2: id=2 meals=5
2005 2 has put down the right fork
2006 2 has put down the left fork
2006 2 is sleeping
2006 1 has taken the right fork
2006 1 has taken the left fork
2006 1 is eating
DBG_EAT: id=1 time_last_meal=2006
2106 2 is thinking
DBG_EAT2: id=1 meals=6
2206 1 has put down the left fork
2206 1 has put down the right fork
2206 1 is sleeping
2206 2 has taken the left fork
2206 2 has taken the right fork
2206 2 is eating
DBG_EAT: id=2 time_last_meal=2206
2306 1 is thinking
DBG_EAT2: id=2 meals=6
2407 2 has put down the right fork
2407 2 has put down the left fork
2407 2 is sleeping
2407 1 has taken the right fork
2407 1 has taken the left fork
2407 1 is eating
DBG_EAT: id=1 time_last_meal=2407
2507 2 is thinking
DBG_EAT2: id=1 meals=7
2608 1 has put down the left fork
2608 1 has put down the right fork
2608 1 is sleeping
2608 2 has taken the left fork
2608 2 has taken the right fork
2608 2 is eating
DBG_EAT: id=2 time_last_meal=2608
2708 1 is thinking
DBG_EAT2: id=2 meals=7
2808 2 has put down the right fork
2808 2 has put down the left fork
2808 2 is sleeping
2808 1 has taken the right fork
2808 1 has taken the left fork
2808 1 is eating
DBG_EAT: id=1 time_last_meal=2808
2908 2 is thinking
DBG_EAT2: id=1 meals=8
3008 1 has put down the left fork
3008 1 has put down the right fork
3009 1 is sleeping
3009 2 has taken the left fork
3009 2 has taken the right fork
3009 2 is eating
DBG_EAT: id=2 time_last_meal=3009
3109 1 is thinking
DBG_EAT2: id=2 meals=8
3209 2 has put down the right fork
3209 2 has put down the left fork
3209 2 is sleeping
3209 1 has taken the right fork
3209 1 has taken the left fork
3209 1 is eati