DBG_INIT: meal_mutex init for philo 1
DBG_INIT: meal_mutex init for philo 2
DBG: init philo[1].time_last_meal=0
DBG: init philo[2].time_last_meal=0
0 1 has taken the right fork
0 1 has taken the left fork
0 1 is eating
DBG_EAT: id=1 time_last_meal=0
DBG: start_time=1758402926676
DBG_EAT2: id=1 meals=1
100 1 has put down the left fork
100 1 has put down the right fork
100 1 is sleeping
101 2 has taken the left fork
101 2 has taken the right fork
101 2 is eating
DBG_EAT: id=2 time_last_meal=101
201 1 is thinking
DBG_EAT2: id=2 meals=1
201 2 has put down the right fork
201 2 has put down the left fork
201 2 is sleeping
201 1 has taken the right fork
201 1 has taken the left fork
201 1 is eating
DBG_EAT: id=1 time_last_meal=201
301 2 is thinking
DBG_EAT2: id=1 meals=2
301 1 has put down the left fork
301 1 has put down the right fork
301 1 is sleeping
301 2 has taken the left fork
301 2 has taken the right fork
301 2 is eating
DBG_EAT: id=2 time_last_meal=301
402 1 is thinking
DBG_EAT2: id=2 meals=2
402 2 has put down the right fork
402 2 has put down the left fork
402 1 has taken the right fork
402 1 has taken the left fork
402 1 is eating
DBG_EAT: id=1 time_last_meal=402
402 2 is sleeping
DBG_EAT2: id=1 meals=3
502 1 has put down the left fork
502 1 has put down the right fork
502 2 is thinking
502 1 is sleeping
502 2 has taken the left fork
502 2 has taken the right fork
502 2 is eating
DBG_EAT: id=2 time_last_meal=502
DBG_EAT2: id=2 meals=3
603 2 has put down the right fork
603 2 has put down the left fork
603 1 is thinking
603 1 has taken the right fork
603 1 has taken the left fork
603 1 is eating
DBG_EAT: id=1 time_last_meal=603
603 2 is sleeping
DBG_EAT2: id=1 meals=4
703 1 has put down the left fork
703 1 has put down the right fork
703 1 is sleeping
703 2 is thinking
703 2 has taken the left fork
703 2 has taken the right fork
703 2 is eating
DBG_EAT: id=2 time_last_meal=703
DBG_EAT2: id=2 meals=4
803 2 has put down the right fork
803 2 has put down the left fork
803 1 is thinking
803 1 has taken the right fork
803 1 has taken the left fork
803 1 is eating
DBG_EAT: id=1 time_last_meal=803
803 2 is sleeping
DBG_EAT2: id=1 meals=5
903 1 has put down the left fork
903 1 has put down the right fork
903 2 is thinking
903 1 is sleeping
904 2 has taken the left fork
904 2 has taken the right fork
904 2 is eating
DBG_EAT: id=2 time_last_meal=904
DBG_EAT2: id=2 meals=5
1004 2 has put down the right fork
1004 2 has put down the left fork
1004 1 is thinking
1004 1 has taken the right fork
1004 1 has taken the left fork
1004 1 is eating
DBG_EAT: id=1 time_last_meal=1004
1004 2 is sleeping
DBG_EAT2: id=1 meals=6
1104 1 has put down the left fork
1104 1 has put down the right fork
1104 2 is thinking
1104 1 is sleeping
1105 2 has taken the left fork
1105 2 has taken the right fork
1105 2 is eating
DBG_EAT: id=2 time_last_meal=1105
1205 1 is thinking
DBG_EAT2: id=2 meals=6
1205 2 has put down the right fork
1205 2 has put down the left fork
1205 1 has taken the right fork
1205 1 has taken the left fork
1205 1 is eating
DBG_EAT: id=1 time_last_meal=1205
1205 2 is sleeping
DBG_EAT2: id=1 meals=7
1305 1 has put down the left fork
1305 1 has put down the right fork
1305 2 is thinking
1305 1 is sleeping
1305 2 has taken the left fork
1305 2 has taken the right fork
1305 2 is eating
DBG_EAT: id=2 time_last_meal=1305
1406 1 is thinking
DBG_EAT2: id=2 meals=7
1406 2 has put down the right fork
1406 2 has put down the left fork
1406 1 has taken the right fork
1406 1 has taken the left fork
1406 1 is eating
DBG_EAT: id=1 time_last_meal=1406
1406 2 is sleeping
DBG_EAT2: id=1 meals=8
1506 1 has put down the left fork
1506 1 has put down the right fork
1506 2 is thinking
1506 1 is sleeping
1507 2 has taken the left fork
1507 2 has taken the right fork
1507 2 is eating
DBG_EAT: id=2 time_last_meal=1507
DBG_EAT2: id=2 meals=8
1607 2 has put down the right fork
1607 2 has put down the left fork
1607 1 is thinking
1607 1 has taken the right fork
1607 1 has taken the left fork
1607 1 is eating
DBG_EAT: id=1 time_last_meal=1607
1607 2 is sleeping
DBG_EAT2: id=1 meals=9
1707 1 has put down the left fork
1707 1 has put down the right fork
1707 1 is sleeping
1707 2 is thinking
1708 2 has taken the left fork
1708 2 has taken the right fork
1708 2 is eating
DBG_EAT: id=2 time_last_meal=1708
DBG_EAT2: id=2 meals=9
1808 2 has put down the right fork
1808 2 has put down the left fork
1808 1 is thinking
1808 1 has taken the right fork
1808 1 has taken the left fork
1808 1 is eating
DBG_EAT: id=1 time_last_meal=1808
1808 2 is sleeping
DBG_EAT2: id=1 meals=10
1908 1 has put down the left fork
1908 1 has put down the right fork
1908 2 is thinking
1908 1 is sleeping
1908 2 has taken the left fork
1908 2 has taken the right fork
1908 2 is eating
DBG_EAT: id=2 time_last_meal=1908
2009 1 is thinking
DBG_EAT2: id=2 meals=10
2009 2 has put down the right fork
2009 2 has put down the left fork
2009 2 is sleeping
2009 1 has taken the right fork
2009 1 has taken the left fork
2009 1 is eating
DBG_EAT: id=1 time_last_meal=2009
DBG_EAT2: id=1 meals=11
2109 1 has put down the left fork
2109 1 has put down the right fork
2109 2 is thinking
2109 1 is sleeping
2109 2 has taken the left fork
2109 2 has taken the right fork
2109 2 is eating
DBG_EAT: id=2 time_last_meal=2109
DBG_EAT2: id=2 meals=11
2210 2 has put down the right fork
2210 2 has put down the left fork
2210 1 is thinking
2210 1 has taken the right fork
2210 1 has taken the left fork
2210 1 is eating
DBG_EAT: id=1 time_last_meal=2210
2210 2 is sleeping
DBG_EAT2: id=1 meals=12
2310 1 has put down the left fork
2310 1 has put down the right fork
2310 2 is thinking
2310 1 is sleeping
2310 2 has taken the left fork
2310 2 has taken the right fork
2310 2 is eating
DBG_EAT: id=2 time_last_meal=2310
DBG_EAT2: id=2 meals=12
2411 2 has put down the right fork
2411 2 has put down the left fork
2411 1 is thinking
2411 1 has taken the right fork
2411 1 has taken the left fork
2411 1 is eating
DBG_EAT: id=1 time_last_meal=2411
2411 2 is sleeping
DBG_EAT2: id=1 meals=13
2511 1 has put down the left fork
2511 1 has put down the right fork
2511 2 is thinking
2511 1 is sleeping
2511 2 has taken the left fork
2511 2 has taken the right fork
2511 2 is eating
DBG_EAT: id=2 time_last_meal=2511
DBG_EAT2: id=2 meals=13
2611 2 has put down the right fork
2611 2 has put down the left fork
2611 1 is thinking
2611 1 has taken the right fork
2611 1 has taken the left fork
2611 1 is eating
DBG_EAT: id=1 time_last_meal=2611
2611 2 is sleeping
2712 2 is thinking
DBG_EAT2: id=1 meals=14
2712 1 has put down the left fork
2712 1 has put down the right fork
2712 1 is sleeping
2712 2 has taken the left fork
2712 2 has taken the right fork
2712 2 is eating
DBG_EAT: id=2 time_last_meal=2712
2812 1 is thinking
DBG_EAT2: id=2 meals=14
2812 2 has put down the right fork
2812 2 has put down the left fork
2812 1 has taken the right fork
2812 1 has taken the left fork
2812 1 is eating
DBG_EAT: id=1 time_last_meal=2812
2812 2 is sleeping
2913 2 is thinking
DBG_EAT2: id=1 meals=15
2913 1 has put down the left fork
2913 1 has put down the right fork
2913 1 is sleeping
2913 2 has taken the left fork
2913 2 has taken the right fork
2913 2 is eating
DBG_EAT: id=2 time_last_meal=2913
3013 1 is thinking
DBG_EAT2: id=2 meals=15
3013 2 has put down the right fork
3013 2 has put down the left fork
3013 2 is sleeping
3013 1 has taken the right fork
3013 1 has taken the left fork
3013 1 is eating
DBG_EAT: id=1 time_last_meal=3013
DBG_EAT2: id=1 meals=16
3114 1 has put down the left fork
3114 1 has put down the right fork
3114 2 is thinking
3114 1 is sleeping
3114 2 has taken the left fork
3114 2 has taken the right fork
3114 2 is eating
DBG_EAT: id=2 time_last_meal=3114
3214 1 is thinking
DBG_EAT2: id=2 meals=16
3214 2 has put down the right fork
3214 2 has put down the left fork
3214 1 has taken the right fork
3214 1 has taken the left fork
3214 1 is eating
DBG_EAT: id=1 time_last_meal=3214
3214 2 is sleeping
DBG_EAT2: id=1 meals=17
3314 1 has put down the left fork
3314 1 has put down the right fork
3314 2 is thinking
3315 1 is sleeping
3315 2 has taken the left fork
3315 2 has taken t