DBG_INIT: meal_mutex init for philo 1
DBG_INIT: meal_mutex init for philo 2
DBG_INIT: meal_mutex init for philo 3
DBG_INIT: meal_mutex init for philo 4
DBG_INIT: meal_mutex init for philo 5
DBG: init philo[1].time_last_meal=0
DBG: init philo[2].time_last_meal=0
DBG: init philo[3].time_last_meal=0
DBG: init philo[4].time_last_meal=0
DBG: init philo[5].time_last_meal=0
1 1 has taken the right fork
1 1 has taken the left fork
1 1 is eating
DBG_EAT: id=1 time_last_meal=1
1 2 has taken the left fork
2 4 has taken the left fork
2 4 has taken the right fork
2 4 is eating
DBG_EAT: id=4 time_last_meal=2
DBG: start_time=1758387604487
DBG_EAT2: id=1 meals=1
61 1 has put down the left fork
61 1 has put down the right fork
61 1 is sleeping
61 2 has taken the right fork
61 2 is eating
DBG_EAT: id=2 time_last_meal=61
DBG_EAT2: id=4 meals=1
62 4 has put down the right fork
62 4 has put down the left fork
62 4 is sleeping
62 5 has taken the right fork
62 5 has taken the left fork
62 5 is eating
DBG_EAT: id=5 time_last_meal=62
DBG_EAT2: id=2 meals=1
121 2 has put down the right fork
121 2 has put down the left fork
121 2 is sleeping
121 3 has taken the right fork
121 3 has taken the left fork
121 3 is eating
DBG_EAT: id=3 time_last_meal=121
DBG_EAT2: id=5 meals=1
122 5 has put down the left fork
122 5 has put down the right fork
122 5 is sleeping
DBG_EAT2: id=3 meals=1
182 3 has put down the left fork
182 3 has put down the right fork
182 3 is sleeping
261 1 is thinking
261 1 has taken the right fork
261 1 has taken the left fork
261 1 is eating
DBG_EAT: id=1 time_last_meal=261
262 4 is thinking
262 4 has taken the left fork
262 4 has taken the right fork
262 4 is eating
DBG_EAT: id=4 time_last_meal=262
DBG_EAT2: id=1 meals=2
322 1 has put down the left fork
322 1 has put down the right fork
322 2 is thinking
322 1 is sleeping
322 2 has taken the left fork
322 2 has taken the right fork
322 2 is eating
DBG_EAT: id=2 time_last_meal=322
323 5 is thinking
DBG_EAT2: id=4 meals=2
323 4 has put down the right fork
323 4 has put down the left fork
323 4 is sleeping
323 5 has taken the right fork
323 5 has taken the left fork
323 5 is eating
DBG_EAT: id=5 time_last_meal=323
DBG_EAT2: id=2 meals=2
382 2 has put down the right fork
382 2 has put down the left fork
382 2 is sleeping
382 3 is thinking
382 3 has taken the right fork
382 3 has taken the left fork
382 3 is eating
DBG_EAT: id=3 time_last_meal=382
DBG_EAT2: id=5 meals=2
383 5 has put down the left fork
383 5 has put down the right fork
383 5 is sleeping
DBG_EAT2: id=3 meals=2
442 3 has put down the left fork
442 3 has put down the right fork
442 3 is sleeping
522 1 is thinking
522 1 has taken the right fork
522 1 has taken the left fork
522 1 is eating
DBG_EAT: id=1 time_last_meal=522
523 4 is thinking
523 4 has taken the left fork
523 4 has taken the right fork
523 4 is eating
DBG_EAT: id=4 time_last_meal=523
DBG_EAT2: id=1 meals=3
582 1 has put down the left fork
582 1 has put down the right fork
582 1 is sleeping
582 2 is thinking
582 2 has taken the left fork
582 2 has taken the right fork
582 2 is eating
DBG_EAT: id=2 time_last_meal=582
584 5 is thinking
DBG_EAT2: id=4 meals=3
584 4 has put down the right fork
584 4 has put down the left fork
584 4 is sleeping
584 5 has taken the right fork
584 5 has taken the left fork
584 5 is eating
DBG_EAT: id=5 time_last_meal=584
DBG_EAT2: id=2 meals=3
643 2 has put down the right fork
643 2 has put down the left fork
643 2 is sleeping
643 3 is thinking
643 3 has taken the right fork
643 3 has taken the left fork
643 3 is eating
DBG_EAT: id=3 time_last_meal=643
DBG_EAT2: id=5 meals=3
644 5 has put down the left fork
644 5 has put down the right fork
644 5 is sleeping
DBG_EAT2: id=3 meals=3
703 3 has put down the left fork
703 3 has put down the right fork
703 3 is sleeping
782 1 is thinking
782 1 has taken the right fork
782 1 has taken the left fork
782 1 is eating
DBG_EAT: id=1 time_last_meal=782
784 4 is thinking
784 4 has taken the left fork
784 4 has taken the right fork
784 4 is eating
DBG_EAT: id=4 time_last_meal=784
DBG_EAT2: id=1 meals=4
843 1 has put down the left fork
843 1 has put down the right fork
843 1 is sleeping
843 2 is thinking
843 2 has taken the left fork
843 2 has taken the right fork
843 2 is eating
DBG_EAT: id=2 time_last_meal=843
DBG_EAT2: id=4 meals=4
844 4 has put down the right fork
844 4 has put down the left fork
844 4 is sleeping
844 5 is thinking
844 5 has taken the right fork
844 5 has taken the left fork
844 5 is eating
DBG_EAT: id=5 time_last_meal=844
DBG_EAT2: id=2 meals=4
903 2 has put down the right fork
903 2 has put down the left fork
903 2 is sleeping
903 3 is thinking
903 3 has taken the right fork
903 3 has taken the left fork
903 3 is eating
DBG_EAT: id=3 time_last_meal=903
DBG_EAT2: id=5 meals=4
905 5 has put down the left fork
905 5 has put down the right fork
905 5 is sleeping
DBG_EAT2: id=3 meals=4
964 3 has put down the left fork
964 3 has put down the right fork
964 3 is sleeping
1043 1 is thinking
1043 1 has taken the right fork
1043 1 has taken the left fork
1043 1 is eating
DBG_EAT: id=1 time_last_meal=1043
1044 4 is thinking
1044 4 has taken the left fork
1044 4 has taken the right fork
1044 4 is eating
DBG_EAT: id=4 time_last_meal=1044
DBG_EAT2: id=1 meals=5
1103 1 has put down the left fork
1103 1 has put down the right fork
1103 1 is sleeping
1103 2 is thinking
1104 2 has taken the left fork
1104 2 has taken the right fork
1104 2 is eating
DBG_EAT: id=2 time_last_meal=1104
DBG_EAT2: id=4 meals=5
1105 5 is thinking
1105 4 has put down the right fork
1105 4 has put down the left fork
1105 4 is sleeping
1105 5 has taken the right fork
1105 5 has taken the left fork
1105 5 is eating
DBG_EAT: id=5 time_last_meal=1105
1164 3 is thinking
DBG_EAT2: id=2 meals=5
1164 2 has put down the right fork
1164 2 has put down the left fork
1164 2 is sleeping
1164 3 has taken the right fork
1164 3 has taken the left fork
1164 3 is eating
DBG_EAT: id=3 time_last_meal=1164
DBG_EAT2: id=5 meals=5
1165 5 has put down the left fork
1165 5 has put down the right fork
1165 5 is sleeping
DBG_EAT2: id=3 meals=5
1224 3 has put down the left fork
1224 3 has put down the right fork
1224 3 is sleeping
1303 1 is thinking
1303 1 has taken the right fork
1303 1 has taken the left fork
1303 1 is eating
DBG_EAT: id=1 time_last_meal=1303
1305 4 is thinking
1305 4 has taken the left fork
1305 4 has taken the right fork
1305 4 is eating
DBG_EAT: id=4 time_last_meal=1305
DBG_EAT2: id=1 meals=6
1363 1 has put down the left fork
1363 1 has put down the right fork
1363 1 is sleeping
1364 2 is thinking
1364 2 has taken the left fork
1364 2 has taken the right fork
1364 2 is eating
DBG_EAT: id=2 time_last_meal=1364
1365 5 is thinking
DBG_EAT2: id=4 meals=6
1365 4 has put down the right fork
1365 4 has put down the left fork
1365 4 is sleeping
1365 5 has taken the right fork
1365 5 has taken the left fork
1365 5 is eating
DBG_EAT: id=5 time_last_meal=1365
DBG_EAT2: id=2 meals=6
1424 2 has put down the right fork
1424 2 has put down the left fork
1424 2 is sleeping
1424 3 is thinking
1424 3 has taken the right fork
1424 3 has taken the left fork
1424 3 is eating
DBG_EAT: id=3 time_last_meal=1424
DBG_EAT2: id=5 meals=6
1426 5 has put down the left fork
1426 5 has put down the right fork
1426 5 is sleeping
DBG_EAT2: id=3 meals=6
1485 3 has put down the left fork
1485 3 has put down the right fork
1485 3 is sleeping
1564 1 is thinking
1564 1 has taken the right fork
1564 1 has taken the left fork
1564 1 is eating
DBG_EAT: id=1 time_last_meal=1564
1566 4 is thinking
1566 4 has taken the left fork
1566 4 has taken the right fork
1566 4 is eating
DBG_EAT: id=4 time_last_meal=1566
DBG_EAT2: id=1 meals=7
1624 1 has put down the left fork
1624 1 has put down the right fork
1624 1 is sleeping
1624 2 is thinking
1624 2 has taken the left fork
1624 2 has taken the right fork
1624 2 is eating
DBG_EAT: id=2 time_last_meal=1624
DBG_EAT2: id=4 meals=7
1626 4 has put down the right fork
1626 4 has put down the left fork
1626 4 is sleeping
1626 5 is thinking
1626 5 has taken the right fork
1626 5 has taken the left fork
1626 5 is eating
DBG_EAT: id=5 time_last_meal=1626
DBG_EAT2: id=2 meals=7
1685 2 has put down the right fork
1685 2 has put down the left fork
1685 2 is sleeping
1685 3 is thinking
1685 3 has taken the right fork
1685 3 has taken the left fork
1685 3 is eating
DBG_EAT: id=3 time_last_meal=1685
DBG_EAT2: id=5 meals=7
1686 5 has put down the left fork
1686 5 has put down the right fork
1686 5 is sleeping
DBG_EAT2: id=3 meals=7
1745 3 has put down the left fork
1745 3 has put down the right fork
1745 3 is sleeping
1824 1 is thinking
1824 1 has taken the right fork
1824 1 has taken the left fork
1824 1 is eating
DBG_EAT: id=1 time_last_meal=1824
1826 4 is thinking
1826 4 has taken the left fork
1826 4 has taken the right fork
1826 4 is eating
DBG_EAT: id=4 time_last_meal=1826
DBG_EAT2: id=1 meals=8
1884 1 has put down the left fork
1884 1 has put down the right fork
1884 1 is sleeping
1885 2 is thinking
1885 2 has taken the left fork
1885 2 has taken the right fork
1885 2 is eating
DBG_EAT: id=2 time_last_meal=1885
1886 5 is thinking
DBG_EAT2: id=4 meals=8
1886 4 has put down the right fork
1886 4 has put down the left fork
1886 4 is sleeping
1886 5 has taken the right fork
1886 5 has taken the left fork
1886 5 is eating
DBG_EAT: id=5 time_last_meal=1886
DBG_EAT2: id=2 meals=8
1945 2 has put down the right fork
1945 2 has put down the left fork
1945 2 is sleeping
1945 3 is thinking
1945 3 has taken the right fork
1945 3 has taken the left fork
1945 3 is eating
DBG_EAT: id=3 time_last_meal=1945
DBG_EAT2: id=5 meals=8
1947 5 has put down the left fork
1947 5 has put down the right fork
1947 5 is sleeping
DBG_EAT2: id=3 meals=8
2005 3 has put down the left fork
2005 3 has put down the right fork
2005 3 is sleeping
2084 1 is thinking
2084 1 has taken the right fork
2084 1 has taken the left fork
2084 1 is eating
DBG_EAT: id=1 time_last_meal=2084
2086 4 is thinking
2087 4 has taken the left fork
2087 4 has taken the right fork
2087 4 is eating
DBG_EAT: id=4 time_last_meal=2087
DBG_EAT2: id=1 meals=9
2144 1 has put down the left fork
2144 1 has put down the right fork
2144 1 is sleeping
2145 2 is thinking
2146 2 has taken the left fork
2146 2 has taken the right fork
2146 2 is eating
DBG_EAT: id=2 time_last_meal=2146
2147 5 is thinking
DBG_EAT2: id=4 meals=9
2147 4 has put down the right fork
2147 4 has put down the left fork
2147 4 is sleeping
2147 5 has taken the right fork
2147 5 has taken the left fork
2147 5 is eating
DBG_EAT: id=5 time_last_meal=2147
DBG_EAT2: id=2 meals=9
2206 2 has put down the right fork
2206 2 has put down the left fork
2206 2 is sleeping
2206 3 is thinking
2206 3 has taken the right fork
2206 3 has taken the left fork
2206 3 is eating
DBG_EAT: id=3 time_last_meal=2206
DBG_EAT2: id=5 meals=9
2207 5 has put down the left fork
2207 5 has put down the right fork
2207 5 is sleeping
DBG_EAT2: id=3 meals=9
2266 3 has put down the left fork
2266 3 has put down the right fork
2266 3 is sleeping
2345 1 is thinking
2345 1 has taken the right fork
2345 1 has taken the left fork
2345 1 is eating
DBG_EAT: id=1 time_last_meal=2345
2347 4 is thinking
2347 4 has taken the left fork
2347 4 has taken the right fork
2347 4 is eating
DBG_EAT: id=4 time_last_meal=2347
DBG_EAT2: id=1 meals=10
2405 1 has put down the left fork
2405 1 has put down the right fork
2405 1 is sleeping
2406 2 is thinking
2406 2 has taken the left fork
2406 2 has taken the right fork
2406 2 is eating
DBG_EAT: id=2 time_last_meal=2406
DBG_EAT2: id=4 meals=10
2407 4 has put down the right fork
2407 4 has put down the left fork
2407 4 is sleeping
2408 5 is thinking
2408 5 has taken the right fork
2408 5 has taken the left fork
2408 5 is eating
DBG_EAT: id=5 time_last_meal=2408
DBG_EAT2: id=2 meals=10
2466 2 has put down the right fork
2466 2 has put down the left fork
2466 3 is thinking
2466 3 has taken the right fork
2466 3 has taken the left fork
2466 3 is eating
DBG_EAT: id=3 time_last_meal=2466
2466 2 is sleeping
DBG_EAT2: id=5 meals=10
2468 5 has put down the left fork
2468 5 has put down the right fork
2468 5 is sleeping
DBG_EAT2: id=3 meals=10
2527 3 has put down the left fork
2527 3 has put down the right fork
2527 3 is sleeping
2605 1 is thinking
2605 1 has taken the right fork
2605 1 has taken the left fork
2605 1 is eating
DBG_EAT: id=1 time_last_meal=2605
2608 4 is thinking
2608 4 has taken the left fork
2608 4 has taken the right fork
2608 4 is eating
DBG_EAT: id=4 time_last_meal=2608
DBG_EAT2: id=1 meals=11
2665 1 has put down the left fork
2665 1 has put down the right fork
2665 1 is sleeping
2667 2 is thinking
2667 2 has taken the left fork
2667 2 has taken the right fork
2667 2 is eating
DBG_EAT: id=2 time_last_meal=2667
DBG_EAT2: id=4 meals=11
2668 4 has put down the right fork
2668 4 has put down the left fork
2668 4 is sleeping
2668 5 is thinking
2668 5 has taken the right fork
2668 5 has taken the left fork
2668 5 is eating
DBG_EAT: id=5 time_last_meal=2668
DBG_EAT2: id=2 meals=11
2727 2 has put down the right fork
2727 2 has put down the left fork
2727 3 is thinking
2727 3 has taken the right fork
2727 3 has taken the left fork
2727 3 is eating
DBG_EAT: id=3 time_last_meal=2727
2727 2 is sleeping
DBG_EAT2: id=5 meals=11
2728 5 has put down the left fork
2728 5 has put down the right fork
2728 5 is sleeping
DBG_EAT2: id=3 meals=11
2787 3 has put down the left fork
2787 3 has put down the right fork
2787 3 is sleeping
2865 1 is thinking
2865 1 has taken the right fork
2865 1 has taken the left fork
2865 1 is eating
DBG_EAT: id=1 time_last_meal=2865
2868 4 is thinking
2868 4 has taken the left fork
2868 4 has taken the right fork
2868 4 is eating
DBG_EAT: id=4 time_last_meal=2868
DBG_EAT2: id=1 meals=12
2926 1 has put down the left fork
2926 1 has put down the right fork
2926 1 is sleeping
2927 2 is thinking
2927 2 has taken the left fork
2927 2 has taken the right fork
2927 2 is eating
DBG_EAT: id=2 time_last_meal=2927
2928 5 is thinking
DBG_EAT2: id=4 meals=12
2929 4 has put down the right fork
2929 4 has put down the left fork
2929 5 has taken the right fork
2929 5 has taken the left fork
2929 5 is eating
DBG_EAT: id=5 time_last_meal=2929
2929 4 is sleeping
2987 3 is thinking
DBG_EAT2: id=2 meals=12
2987 2 has put down the right fork
2988 2 has put down the left fork
2988 2 is sleeping
2988 3 has taken the right fork
2988 3 has taken the left fork
2988 3 is eating
DBG_EAT: id=3 time_last_meal=2988
DBG_EAT2: id=5 meals=12
2989 5 has put down the left fork
2989 5 has put down the right fork
2989 5 is sleeping
DBG_EAT2: id=3 meals=12
3048 3 has put down the left fork
3048 3 has put down the right fork
3048 3 is sleeping
3126 1 is thinking
3126 1 has taken the right fork
3126 1 has taken the left fork
3126 1 is eating
DBG_EAT: id=1 time_last_meal=3126
3129 4 is thinking
3129 4 has taken the left fork
3129 4 has taken the right fork
3129 4 is eating
DBG_EAT: id=4 time_last_meal=3129
DBG_EAT2: id=1 meals=13
3186 1 has put down the left fork
3186 1 has put down the right fork
3186 1 is sleeping
3188 2 is thinking
3188 2 has taken the left fork
3188 2 has taken the right fork
3188 2 is eating
DBG_EAT: id=2 time_last_meal=3188
3189 5 is thinking
DBG_EAT2: id=4 meals=13
3189 4 has put down the right fork
3189 4 has put down the left fork
3189 4 is sleeping
3189 5 has taken the right fork
3189 5 has taken the left fork
3189 5 is eating
DBG_EAT: id=5 time_last_meal=3189
3248 3 is thinking
DBG_EAT2: id=2 meals=13
3248 2 has put down the right fork
3248 2 has put down the left fork
3248 2 is sleeping
3248 3 has taken the right fork
3248 3 has taken the left fork
3248 3 is eating
DBG_EAT: id=3 time_last_meal=3248
DBG_EAT2: id=5 meals=13
3249 5 has put down the left fork
3249 5 has put down the right fork
3249 5 is sleeping
DBG_EAT2: id=3 meals=13
3309 3 has put down the left fork
3309 3 has put down the right fork
3309 3 is sleeping
3386 1 is thinking
3386 1 has taken the right fork
3386 1 has taken the left fork
3386 1 is eating
DBG_EAT: id=1 time_last_meal=3386
3389 4 is thinking
3389 4 has taken the left fork
3389 4 has taken the right fork
3389 4 is eating
DBG_EAT: id=4 time_last_meal=3389
DBG_EAT2: id=1 meals=14
3446 1 has put down the left fork
3446 1 has put down the right fork
3446 1 is sleeping
3448 2 is thinking
3449 2 has taken the left fork
3449 2 has taken the right fork
3449 2 is eating
DBG_EAT: id=2 time_last_meal=3449
DBG_EAT2: id=4 meals=14
3450 4 has put down the right fork
3450 4 has put down the left fork
3450 5 is thinking
3450 5 has taken the right fork
3450 5 has taken the left fork
3450 5 is eating
DBG_EAT: id=5 time_last_meal=3450
3450 4 is sleeping
3509 3 is thinking
DBG_EAT2: id=2 meals=14
3509 2 has put down the right fork
3509 2 has put down the left fork
3509 2 is sleeping
3509 3 has taken the right fork
3509 3 has taken the left fork
3509 3 is eating
DBG_EAT: id=3 time_last_meal=3509
DBG_EAT2: id=5 meals=14
3510 5 has put down the left fork
3510 5 has put down the right fork
3510 5 is sleeping
DBG_EAT2: id=3 meals=14
3569 3 has put down the left fork
3569 3 has put down the right fork
3569 3 is sleeping
3646 1 is thinking
3646 1 has taken the right fork
3646 1 has taken the left fork
3646 1 is eating
DBG_EAT: id=1 time_last_meal=3646
3650 4 is thinking
3650 4 has taken the left fork
3650 4 has taken the right fork
3650 4 is eating
DBG_EAT: id=4 time_last_meal=3650
DBG_EAT2: id=1 meals=15
3706 1 has put down the left fork
3706 1 has put down the right fork
3706 1 is sleeping
3709 2 is thinking
3709 2 has taken the left fork
3709 2 has taken the right fork
3709 2 is eating
DBG_EAT: id=2 time_last_meal=3709
DBG_EAT2: id=4 meals=15
3710 4 has put down the right fork
3710 4 has put down the left fork
3710 4 is sleeping
3710 5 is thinking
3710 5 has taken the right fork
3710 5 has taken the left fork
3710 5 is eating
DBG_EAT: id=5 time_last_meal=3710
3769 3 is thinking
DBG_EAT2: id=2 meals=15
3769 2 has put down the right fork
3769 2 has put down the left fork
3769 3 has taken the right fork
3769 3 has taken the left fork
3769 3 is eating
DBG_EAT: id=3 time_last_meal=3769
3769 2 is sleeping
DBG_EAT2: id=5 meals=15
3770 5 has put down the left fork
3770 5 has put down the right fork
3770 5 is sleeping
DBG_EAT2: id=3 meals=15
3830 3 has put down the left fork
3830 3 has put down the right fork
3830 3 is sleeping
3906 1 is thinking
3906 1 has taken the right fork
3906 1 has taken the left fork
3906 1 is eating
DBG_EAT: id=1 time_last_meal=3906
3910 4 is thinking
3910 4 has taken the left fork
3910 4 has taken the right fork
3910 4 is eating
DBG_EAT: id=4 time_last_meal=3910
DBG_EAT2: id=1 meals=16
3967 1 has put down the left fork
3967 1 has put down the right fork
3967 1 is sleeping
3970 2 is thinking
3970 2 has taken the left fork
3970 2 has taken the right fork
3970 2 is eating
DBG_EAT: id=2 time_last_meal=3970
DBG_EAT2: id=4 meals=16
3970 4 has put down the right fork
3970 4 has put down the left fork
3970 5 is thinking
3970 5 has taken the right fork
3970 5 has taken the left fork
3970 5 is eating
DBG_EAT: id=5 time_last_meal=3970
3971 4 is sleeping
4030 3 is thinking
DBG_EAT2: id=2 meals=16
4030 2 has put down the right fork
4030 2 has put down the left fork
4030 2 is sleeping
4030 3 has taken the right fork
4030 3 has taken the left fork
4030 3 is eating
DBG_EAT: id=3 time_last_meal=4030
DBG_EAT2: id=5 meals=16
4031 5 has put down the left fork
4031 5 has put down the right fork
4031 5 is sleeping
DBG_EAT2: id=3 meals=16
4090 3 has put down the left fork
4090 3 has put down the right fork
4090 3 is sleeping
4167 1 is thinking
4167 1 has taken the right fork
4167 1 has taken the left fork
4167 1 is eating
DBG_EAT: id=1 time_last_meal=4167
4171 4 is thinking
4171 4 has taken the left fork
4171 4 has taken the right fork
4171 4 is eating
DBG_EAT: id=4 time_last_meal=4171
DBG_EAT2: id=1 meals=17
4227 1 has put down the left fork
4227 1 has put down the right fork
4227 1 is sleeping
4230 2 is thinking
4230 2 has taken the left fork
4230 2 has taken the right fork
4230 2 is eating
DBG_EAT: id=2 time_last_meal=4230
DBG_EAT2: id=4 meals=17
4231 4 has put down the right fork
4231 4 has put down the left fork
4231 5 is thinking
4231 5 has taken the right fork
4231 5 has taken the left fork
4231 5 is eating
DBG_EAT: id=5 time_last_meal=4231
4231 4 is sleeping
DBG_EAT2: id=2 meals=17
4291 2 has put down the ri