DBG_INIT: meal_mutex init for philo 1
DBG_INIT: meal_mutex init for philo 2
DBG_INIT: meal_mutex init for philo 3
DBG_INIT: meal_mutex init for philo 4
DBG_INIT: meal_mutex init for philo 5
DBG: init philo[1].time_last_meal=0
DBG: init philo[2].time_last_meal=0
DBG: init philo[3].time_last_meal=0
DBG: init philo[4].time_last_meal=0
DBG: init philo[5].time_last_meal=0
1 1 has taken the right fork
1 1 has taken the left fork
1 1 is eating
DBG_EAT: id=1 time_last_meal=1
1 2 has taken the left fork
2 4 has taken the left fork
2 4 has taken the right fork
2 4 is eating
DBG_EAT: id=4 time_last_meal=2
DBG: start_time=1758387438003
DBG_EAT2: id=1 meals=1
61 2 has taken the right fork
61 2 is eating
DBG_EAT: id=2 time_last_meal=61
61 1 has put down the left fork
61 1 has put down the right fork
61 1 is sleeping
DBG_EAT2: id=4 meals=1
62 4 has put down the right fork
62 4 has put down the left fork
62 4 is sleeping
62 5 has taken the right fork
62 5 has taken the left fork
62 5 is eating
DBG_EAT: id=5 time_last_meal=62
DBG_EAT2: id=2 meals=1
122 2 has put down the right fork
122 1 is thinking
122 2 has put down the left fork
122 2 is sleeping
122 3 has taken the right fork
122 3 has taken the left fork
122 3 is eating
DBG_EAT: id=3 time_last_meal=122
122 4 is thinking
DBG_EAT2: id=5 meals=1
122 5 has put down the left fork
122 5 has put down the right fork
122 5 is sleeping
122 4 has taken the left fork
122 1 has taken the right fork
122 1 has taken the left fork
122 1 is eating
DBG_EAT: id=1 time_last_meal=122
182 2 is thinking
DBG_EAT2: id=3 meals=1
182 3 has put down the left fork
182 3 has put down the right fork
182 4 has taken the right fork
182 4 is eating
DBG_EAT: id=4 time_last_meal=182
182 3 is sleeping
182 2 has taken the left fork
182 5 is thinking
DBG_EAT2: id=1 meals=2
183 1 has put down the left fork
183 1 has put down the right fork
183 1 is sleeping
183 2 has taken the right fork
183 2 is eating
DBG_EAT: id=2 time_last_meal=183
DBG_EAT2: id=4 meals=2
242 4 has put down the right fork
242 3 is thinking
242 4 has put down the left fork
242 4 is sleeping
242 5 has taken the right fork
242 5 has taken the left fork
242 5 is eating
DBG_EAT: id=5 time_last_meal=242
243 1 is thinking
DBG_EAT2: id=2 meals=2
243 2 has put down the right fork
243 2 has put down the left fork
243 2 is sleeping
243 3 has taken the right fork
243 3 has taken the left fork
243 3 is eating
DBG_EAT: id=3 time_last_meal=243
DBG_EAT2: id=5 meals=2
303 4 is thinking
303 5 has put down the left fork
303 5 has put down the right fork
303 5 is sleeping
303 1 has taken the right fork
303 1 has taken the left fork
303 1 is eating
DBG_EAT: id=1 time_last_meal=303
303 4 has taken the left fork
303 2 is thinking
DBG_EAT2: id=3 meals=2
303 3 has put down the left fork
303 3 has put down the right fork
303 3 is sleeping
303 2 has taken the left fork
303 4 has taken the right fork
303 4 is eating
DBG_EAT: id=4 time_last_meal=303
DBG_EAT2: id=1 meals=3
363 5 is thinking
363 1 has put down the left fork
363 1 has put down the right fork
363 1 is sleeping
363 2 has taken the right fork
363 2 is eating
DBG_EAT: id=2 time_last_meal=363
363 3 is thinking
DBG_EAT2: id=4 meals=3
363 4 has put down the right fork
364 4 has put down the left fork
364 4 is sleeping
364 5 has taken the right fork
364 5 has taken the left fork
364 5 is eating
DBG_EAT: id=5 time_last_meal=364
DBG_EAT2: id=2 meals=3
424 2 has put down the right fork
424 1 is thinking
424 2 has put down the left fork
424 3 has taken the right fork
424 3 has taken the left fork
424 3 is eating
DBG_EAT: id=3 time_last_meal=424
424 4 is thinking
424 2 is sleeping
DBG_EAT2: id=5 meals=3
424 5 has put down the left fork
424 5 has put down the right fork
424 5 is sleeping
424 1 has taken the right fork
424 1 has taken the left fork
424 1 is eating
DBG_EAT: id=1 time_last_meal=424
424 4 has taken the left fork
484 2 is thinking
DBG_EAT2: id=3 meals=3
484 5 is thinking
484 3 has put down the left fork
484 3 has put down the right fork
484 3 is sleeping
484 4 has taken the right fork
484 4 is eating
DBG_EAT: id=4 time_last_meal=484
484 2 has taken the left fork
DBG_EAT2: id=1 meals=4
484 1 has put down the left fork
484 1 has put down the right fork
484 1 is sleeping
484 2 has taken the right fork
484 2 is eating
DBG_EAT: id=2 time_last_meal=484
DBG_EAT2: id=4 meals=4
544 4 has put down the right fork
544 4 has put down the left fork
544 3 is thinking
544 4 is sleeping
DBG_EAT2: id=2 meals=4
544 2 has put down the right fork
544 5 has taken the right fork
544 5 has taken the left fork
544 5 is eating
DBG_EAT: id=5 time_last_meal=544
544 1 is thinking
544 2 has put down the left fork
544 2 is sleeping
545 3 has taken the right fork
545 3 has taken the left fork
545 3 is eating
DBG_EAT: id=3 time_last_meal=545
DBG_EAT2: id=5 meals=4
605 2 is thinking
DBG_EAT2: id=3 meals=4
605 3 has put down the left fork
605 3 has put down the right fork
605 3 is sleeping
605 5 has put down the left fork
605 5 has put down the right fork
605 5 is sleeping
605 4 is thinking
605 1 has taken the right fork
605 1 has taken the left fork
605 1 is eating
DBG_EAT: id=1 time_last_meal=605
605 2 has taken the left fork
605 4 has taken the left fork
605 4 has taken the right fork
605 4 is eating
DBG_EAT: id=4 time_last_meal=605
665 3 is thinking
665 5 is thinking
DBG_EAT2: id=1 meals=5
665 2 has taken the right fork
665 2 is eating
DBG_EAT: id=2 time_last_meal=665
665 1 has put down the left fork
665 1 has put down the right fork
665 1 is sleeping
DBG_EAT2: id=4 meals=5
665 4 has put down the right fork
665 4 has put down the left fork
665 4 is sleeping
666 5 has taken the right fork
666 5 has taken the left fork
666 5 is eating
DBG_EAT: id=5 time_last_meal=666
DBG_EAT2: id=2 meals=5
726 4 is thinking
726 2 has put down the right fork
726 1 is thinking
726 2 has put down the left fork
726 2 is sleeping
726 3 has taken the right fork
DBG_EAT2: id=5 meals=5
726 3 has taken the left fork
726 3 is eating
DBG_EAT: id=3 time_last_meal=726
726 5 has put down the left fork
726 1 has taken the right fork
726 5 has put down the right fork
726 5 is sleeping
726 1 has taken the left fork
726 1 is eating
DBG_EAT: id=1 time_last_meal=726
726 4 has taken the left fork
DBG_EAT2: id=3 meals=5
786 2 is thinking
DBG_EAT2: id=1 meals=6
786 1 has put down the left fork
786 1 has put down the right fork
786 1 is sleeping
786 5 is thinking
786 3 has put down the left fork
786 3 has put down the right fork
786 4 has taken the right fork
786 3 is sleeping
786 4 is eating
DBG_EAT: id=4 time_last_meal=786
786 2 has taken the left fork
786 2 has taken the right fork
786 2 is eating
DBG_EAT: id=2 time_last_meal=786
DBG_EAT2: id=2 meals=6
DBG_EAT2: id=4 meals=6
846 2 has put down the right fork
846 2 has put down the left fork
846 2 is sleeping
846 4 has put down the right fork
846 1 is thinking
846 1 has taken the right fork
846 1 has taken the left fork
846 1 is eating
DBG_EAT: id=1 time_last_meal=846
846 3 is thinking
846 3 has taken the right fork
846 3 has taken the left fork
846 3 is eating
846 4 has put down the left fork
DBG_EAT: id=3 time_last_meal=846
846 5 has taken the right fork
846 4 is sleeping
DBG_EAT2: id=3 meals=6
906 3 has put down the left fork
906 3 has put down the right fork
906 3 is sleeping
906 2 is thinking
906 4 is thinking
DBG_EAT2: id=1 meals=7
907 1 has put down the left fork
907 1 has put down the right fork
907 5 has taken the left fork
907 5 is eating
DBG_EAT: id=5 time_last_meal=907
907 1 is sleeping
907 2 has taken the left fork
907 2 has taken the right fork
907 2 is eating
DBG_EAT: id=2 time_last_meal=907
967 3 is thinking
DBG_EAT2: id=5 meals=6
967 5 has put down the left fork
967 1 is thinking
967 1 has taken the right fork
967 5 has put down the right fork
967 5 is sleeping
967 4 has taken the left fork
967 4 has taken the right fork
967 4 is eating
DBG_EAT: id=4 time_last_meal=967
DBG_EAT2: id=2 meals=7
967 2 has put down the right fork
967 2 has put down the left fork
967 2 is sleeping
967 1 has taken the left fork
967 1 is eating
DBG_EAT: id=1 time_last_meal=967
967 3 has taken the right fork
DBG_EAT2: id=4 meals=7
1027 2 is thinking
1027 5 is thinking
1027 3 has taken the left fork
1027 3 is eating
DBG_EAT: id=3 time_last_meal=1027
DBG_EAT2: id=1 meals=8
1027 1 has put down the left fork
1027 1 has put down the right fork
1027 1 is sleeping
1027 4 has put down the right fork
1027 4 has put down the left fork
1027 4 is sleeping
1027 5 has taken the right fork
1027 5 has taken the left fork
1027 5 is eating
DBG_EAT: id=5 time_last_meal=1027
DBG_EAT2: id=3 meals=7
1088 3 has put down the left fork
1088 1 is thinking
1088 3 has put down the right fork
DBG_EAT2: id=5 meals=7
1088 3 is sleeping
1088 4 is thinking
1088 2 has taken the left fork
1088 5 has put down the left fork
1088 5 has put down the right fork
1088 5 is sleeping
1088 2 has taken the right fork
1088 2 is eating
DBG_EAT: id=2 time_last_meal=1088
1088 1 has taken the right fork
1088 4 has taken the left fork
1088 4 has taken the right fork
1088 4 is eating
DBG_EAT: id=4 time_last_meal=1088
DBG_EAT2: id=4 meals=8
1148 5 is thinking
1148 4 has put down the right fork
1148 5 has taken the right fork
1148 4 has put down the left fork
1148 4 is sleeping
DBG_EAT2: id=2 meals=8
1148 3 is thinking
1148 2 has put down the right fork
1148 1 has taken the left fork
1148 1 is eating
DBG_EAT: id=1 time_last_meal=1148
1148 2 has put down the left fork
1148 2 is sleeping
1148 3 has taken the right fork
1148 3 has taken the left fork
1148 3 is eating
DBG_EAT: id=3 time_last_meal=1148
1208 4 is thinking
1208 2 is thinking
DBG_EAT2: id=1 meals=9
1208 1 has put down the left fork
DBG_EAT2: id=3 meals=8
1208 3 has put down the left fork
1208 3 has put down the right fork
1208 1 has put down the right fork
1208 1 is sleeping
1208 3 is sleeping
1208 2 has taken the left fork
1208 2 has taken the right fork
1208 2 is eating
DBG_EAT: id=2 time_last_meal=1208
1208 5 has taken the left fork
1208 5 is eating
DBG_EAT: id=5 time_last_meal=1208
DBG_EAT2: id=2 meals=9
1269 3 is thinking
1269 2 has put down the right fork
1269 2 has put down the left fork
1269 3 has taken the right fork
1269 3 has taken the left fork
1269 3 is eating
DBG_EAT: id=3 time_last_meal=1269
DBG_EAT2: id=5 meals=8
1269 5 has put down the left fork
1269 1 is thinking
1269 1 has taken the right fork
1269 1 has taken the left fork
1269 1 is eating
DBG_EAT: id=1 time_last_meal=1269
1269 2 is sleeping
1269 5 has put down the right fork
1269 5 is sleeping
1269 4 has taken the left fork
DBG_EAT2: id=3 meals=9
1329 2 is thinking
DBG_EAT2: id=1 meals=10
1329 5 is thinking
1329 1 has put down the left fork
1329 1 has put down the right fork
1329 1 is sleeping
1329 3 has put down the left fork
1329 3 has put down the right fork
1329 3 is sleeping
1329 4 has taken the right fork
1329 4 is eating
DBG_EAT: id=4 time_last_meal=1329
1329 2 has taken the left fork
1329 2 has taken the right fork
1329 2 is eating
DBG_EAT: id=2 time_last_meal=1329
DBG_EAT2: id=2 meals=10
1389 3 is thinking
1389 2 has put down the right fork
1389 2 has put down the left fork
1389 2 is sleeping
1389 3 has taken the right fork
1389 1 is thinking
1389 1 has taken the right fork
1389 1 has taken the left fork
1389 1 is eating
DBG_EAT: id=1 time_last_meal=1389
DBG_EAT2: id=4 meals=9
1389 4 has put down the right fork
1389 4 has put down the left fork
1389 4 is sleeping
1389 3 has taken the left fork
1389 3 is eating
DBG_EAT: id=3 time_last_meal=1389
1390 5 has taken the right fork
1449 2 is thinking
DBG_EAT2: id=1 meals=11
1450 1 has put down the left fork
1450 1 has put down the right fork
1450 1 is sleeping
1450 5 has taken the left fork
1450 5 is eating
DBG_EAT: id=5 time_last_meal=1450
1450 4 is thinking
DBG_EAT2: id=3 meals=10
1450 3 has put down the left fork
1450 3 has put down the right fork
1450 3 is sleeping
1450 2 has taken the left fork
1450 2 has taken the right fork
1450 2 is eating
DBG_EAT: id=2 time_last_meal=1450
DBG_EAT2: id=5 meals=9
1510 5 has put down the left fork
1510 1 is thinking
1510 1 has taken the right fork
1510 5 has put down the right fork
1510 5 is sleeping
1510 4 has taken the left fork
1510 4 has taken the right fork
1510 4 is eating
DBG_EAT: id=4 time_last_meal=1510
1510 3 is thinking
DBG_EAT2: id=2 meals=11
1510 2 has put down the right fork
1510 2 has put down the left fork
1510 1 has taken the left fork
1510 1 is eating
DBG_EAT: id=1 time_last_meal=1510
1510 2 is sleeping
1510 3 has taken the right fork
DBG_EAT2: id=4 meals=10
1570 5 is thinking
1570 4 has put down the right fork
1570 4 has put down the left fork
1570 5 has taken the right fork
1570 3 has taken the left fork
1570 3 is eating
DBG_EAT: id=3 time_last_meal=1570
1570 4 is sleeping
DBG_EAT2: id=1 meals=12
1571 1 has put down the left fork
1571 2 is thinking
1571 1 has put down the right fork
1571 1 is sleeping
1571 5 has taken the left fork
1571 5 is eating
DBG_EAT: id=5 time_last_meal=1571
1631 4 is thinking
DBG_EAT2: id=3 meals=11
1631 3 has put down the left fork
1631 3 has put down the right fork
1631 3 is sleeping
1631 2 has taken the left fork
1631 2 has taken the right fork
1631 2 is eating
DBG_EAT: id=2 time_last_meal=1631
1631 1 is thinking
DBG_EAT2: id=5 meals=10
1631 5 has put down the left fork
1631 5 has put down the right fork
1631 1 has taken the right fork
1631 5 is sleeping
1631 4 has taken the left fork
1631 4 has taken the right fork
1631 4 is eating
DBG_EAT: id=4 time_last_meal=1631
DBG_EAT2: id=2 meals=12
1691 2 has put down the right fork
1691 2 has put down the left fork
1691 3 is thinking
1691 3 has taken the right fork
1691 2 is sleeping
1691 1 has taken the left fork
1691 1 is eating
DBG_EAT: id=1 time_last_meal=1691
1691 5 is thinking
DBG_EAT2: id=4 meals=11
1692 4 has put down the right fork
1692 4 has put down the left fork
1692 3 has taken the left fork
1692 3 is eating
DBG_EAT: id=3 time_last_meal=1692
1692 4 is sleeping
1692 5 has taken the right fork
1751 2 is thinking
DBG_EAT2: id=1 meals=13
1751 1 has put down the left fork
1752 1 has put down the right fork
1752 1 is sleeping
1752 5 has taken the left fork
1752 5 is eating
DBG_EAT: id=5 time_last_meal=1752
1752 4 is thinking
DBG_EAT2: id=3 meals=12
1752 3 has put down the left fork
1752 3 has put down the right fork
1752 3 is sleeping
1752 2 has taken the left fork
1752 2 has taken the right fork
1752 2 is eating
DBG_EAT: id=2 time_last_meal=1752
1812 1 is thinking
DBG_EAT2: id=5 meals=11
1812 5 has put down the left fork
1812 3 is thinking
1812 1 has taken the right fork
1812 5 has put down the right fork
DBG_EAT2: id=2 meals=13
1812 4 has taken the left fork
1812 4 has taken the right fork
1812 4 is eating
DBG_EAT: id=4 time_last_meal=1812
1812 5 is sleeping
1812 2 has put down the right fork
1812 1 has taken the left fork
1812 1 is eating
DBG_EAT: id=1 time_last_meal=1812
1812 2 has put down the left fork
1812 2 is sleeping
1812 3 has taken the right fork
DBG_EAT2: id=1 meals=14
DBG_EAT2: id=4 meals=12
1872 1 has put down the left fork
1872 1 has put down the right fork
1872 2 is thinking
1872 5 is thinking
1872 1 is sleeping
1872 4 has put down the right fork
1873 4 has put down the left fork
1873 4 is sleeping
1873 3 has taken the left fork
1873 3 is eating
DBG_EAT: id=3 time_last_meal=1873
1873 5 has taken the right fork
1873 5 has taken the left fork
1873 5 is eating
DBG_EAT: id=5 time_last_meal=1873
DBG_EAT2: id=3 meals=13
1933 1 is thinking
1933 3 has put down the left fork
DBG_EAT2: id=5 meals=12
1933 4 is thinking
1933 3 has put down the right fork
1933 5 has put down the left fork
1933 5 has put down the right fork
1933 5 is sleeping
1933 3 is sleeping
1933 2 has taken the left fork
1933 2 has taken the right fork
1933 2 is eating
DBG_EAT: id=2 time_last_meal=1933
1933 1 has taken the right fork
1933 4 has taken the left fork
1933 4 has taken the right fork
1933 4 is eating
DBG_EAT: id=4 time_last_meal=1933
1993 3 is thinking
DBG_EAT2: id=2 meals=14
DBG_EAT2: id=4 meals=13
1993 2 has put down the right fork
1993 2 has put down the left fork
1993 4 has put down the right fork
1993 4 has put down the left fork
1993 4 is sleeping
1993 2 is sleeping
1993 1 has taken the left fork
1993 1 is eating
DBG_EAT: id=1 time_last_meal=1993
1993 5 is thinking
1993 5 has taken the right fork
1993 3 has taken the right fork
1993 3 has taken the left fork
1994 3 is eating
DBG_EAT: id=3 time_last_meal=1994
2053 4 is thinking
2053 2 is thinking
DBG_EAT2: id=1 meals=15
2054 1 has put down the left fork
2054 1 has put down the right fork
2054 1 is sleeping
2054 5 has taken the left fork
2054 5 is eating
DBG_EAT: id=5 time_last_meal=2054
DBG_EAT2: id=3 meals=14
2054 3 has put down the left fork
2054 3 has put down the right fork
2054 3 is sleeping
2054 2 has taken the left fork
2054 2 has taken the right fork
2054 2 is eating
DBG_EAT: id=2 time_last_meal=2054
DBG_EAT2: id=2 meals=15
DBG_EAT2: id=5 meals=13
2114 2 has put down the right fork
2114 3 is thinking
2114 5 has put down the left fork
2114 1 is thinking
2114 1 has taken the right fork
2114 1 has taken the left fork
2114 1 is eating
DBG_EAT: id=1 time_last_meal=2114
2114 3 has taken the right fork
2114 2 has put down the left fork
2114 2 is sleeping
2114 3 has taken the left fork
2114 3 is eating
DBG_EAT: id=3 time_last_meal=2114
2114 5 has put down the right fork
2114 5 is sleeping
2114 4 has taken the left fork
DBG_EAT2: id=3 meals=15
2174 2 is thinking
DBG_EAT2: id=1 meals=16
2174 1 has put down the left fork
2174 1 has put down the right fork
2174 5 is thinking
2174 3 has put down the left fork
2174 3 has put down the right fork
2174 3 is sleeping
2174 1 is sleeping
2174 4 has taken the right fork
2174 4 is eating
DBG_EAT: id=4 time_last_meal=2174
2175 2 has taken the left fork
2175 2 has taken the right fork
2175 2 is eating
DBG_EAT: id=2 time_last_meal=2175
DBG_EAT2: id=4 meals=14
2235 1 is thinking
2235 1 has taken the right fork
2235 4 has put down the right fork
DBG_EAT2: id=2 meals=16
2235 3 is thinking
2235 4 has put down the left fork
2235 2 has put down the right fork
2235 4 is sleeping
2235 2 has put down the left fork
2235 2 is sleeping
2235 5 has taken the right fork
2235 1 has taken the left fork
2235 1 is eating
DBG_EAT: id=1 time_last_meal=2235
2235 3 has taken the right fork
2235 3 has taken the left fork
2235 3 is eating
DBG_EAT: id=3 time_last_meal=2235
DBG_EAT2: id=3 meals=16
2295 4 is thinking
2295 3 has put down the left fork
2295 3 has put down the right fork
2295 3 is sleeping
DBG_EAT2: id=1 meals=17
2295 1 has put down the left fork
2295 2 is thinking
2295 1 has put down the right fork
2295 1 is sleeping
2295 5 has taken the left fork
2295 5 is eating
DBG_EAT: id=5 time_last_meal=2295
2295 2 has taken the left fork
2295 2 has taken the right fork
2295 2 is eating
DBG_EAT: id=2 time_last_meal=2295
DBG_EAT2: id=5 meals=14
2355 5 has put down the left fork
2355 3 is thinking
2355 5 has put down the right fork
DBG_EAT2: id=2 meals=17
2356 2 has put down the right fork
2356 5 is sleeping
2356 4 has taken the left fork
2356 4 has taken the right fork
2356 4 is eating
DBG_EAT: id=4 time_last_meal=2356
2356 1 is thinking
2356 1 has taken the right fork
2356 1 has taken the left fork
2356 1 is eating
DBG_EAT: id=1 time_last_meal=2356
2356 2 has put down the left fork
2356 2 is sleeping
2356 3 has taken the right fork
2416 5 is thinking
DBG_EAT2: id=4 meals=15
DBG_EAT2: id=1 meals=18
2416 1 has put down the left fork
2416 1 has put down the right fork
2416 4 has put down the right fork
2416 2 is thinking
2416 4 has put down the left fork
2416 4 is sleeping
2416 1 is sleeping
2416 3 has taken the left fork
2416 3 is eating
DBG_EAT: id=3 time_last_meal=2416
2416 5 has taken the right fork
2416 5 has taken the left fork
2416 5 is eating
DBG_EAT: id=5 time_last_meal=2416
DBG_EAT2: id=3 meals=17
2476 1 is thinking
2476 3 has put down the left fork
2476 4 is thinking
DBG_EAT2: id=5 meals=15
2476 3 has put down the right fork
2476 5 has put down the left fork
2476 3 is sleeping
2476 5 has put down the right fork
2476 5 is sleeping
2476 2 has taken the left fork
2476 2 has taken the right fork
2476 2 is eating
DBG_EAT: id=2 time_last_meal=2476
2476 1 has taken the right fork
2476 4 has taken the left fork
2476 4 has taken the right fork
2476 4 is eating
DBG_EAT: id=4 time_last_meal=2476
DBG_EAT2: id=2 meals=18
DBG_EAT2: id=4 meals=16
2536 4 has put down the right fork
2536 4 has put down the left fork
2537 4 is sleeping
2537 5 is thinking
2537 5 has taken the right fork
2537 3 is thinking
2537 2 has put down the right fork
2537 2 has put down the left fork
2537 2 is sleeping
2537 1 has taken the left fork
2537 1 is eating
DBG_EAT: id=1 time_last_meal=2537
2537 3 has taken the right fork
2537 3 has taken the left fork
2537 3 is eating
DBG_EAT: id=3 time_last_meal=2537
2597 4 is thinking
2597 2 is thinking
DBG_EAT2: id=3 meals=18
2598 3 has put down the left fork
2598 3 has put down the right fork
DBG_EAT2: id=1 meals=19
2598 1 has put down the left fork
2598 3 is sleeping
2598 1 has put down the right fork
2598 1 is sleeping
2598 2 has taken the left fork
2598 2 has taken the right fork
2598 2 is eating
DBG_EAT: id=2 time_last_meal=2598
2598 5 has taken the left fork
2598 5 is eating
DBG_EAT: id=5 time_last_meal=2598
DBG_EAT2: id=2 meals=19
2658 1 is thinking
2658 2 has put down the right fork
2658 2 has put down the left fork
DBG_EAT2: id=5 meals=16
2658 3 is thinking
2658 3 has taken the right fork
2658 3 has taken the left fork
2658 3 is eating
DBG_EAT: id=3 time_last_meal=2658
2658 2 is sleeping
2658 5 has put down the left fork
2658 5 has put down the right fork
2658 5 is sleeping
2658 1 has taken the right fork
2658 1 has taken the left fork
2658 1 is eating
DBG_EAT: id=1 time_last_meal=2658
2658 4 has taken the left fork
2718 2 is thinking
DBG_EAT2: id=3 meals=19
DBG_EAT2: id=1 meals=20
2718 1 has put down the left fork
2718 1 has put down the right fork
2718 1 is sleeping
2718 5 is thinking
2718 3 has put down the left fork
2718 3 has put down the right fork
2718 3 is sleeping
2718 4 has taken the right fork
2718 4 is eating
DBG_EAT: id=4 time_last_meal=2718
2718 2 has taken the left fork
2718 2 has taken the right fork
2718 2 is eating
DBG_EAT: id=2 time_last_meal=2718
2778 1 is thinking
2778 1 has taken the right fork
2778 3 is thinking
DBG_EAT2: id=4 meals=17
DBG_EAT2: id=2 meals=20
2778 4 has put down the right fork
2778 2 has put down the right fork
2778 4 has put down the left fork
2778 1 has taken the left fork
2778 1 is eating
DBG_EAT: id=1 time_last_meal=2778
2778 4 is sleeping
2778 2 has put down the left fork
2778 2 is sleeping
2778 5 has taken the right fork
2778 3 has taken the right fork
2778 3 has taken the left fork
2778 3 is eating
DBG_EAT: id=3 time_last_meal=2778
DBG_EAT2: id=1 meals=21
2839 2 is thinking
2839 1 has put down the left fork
DBG_EAT2: id=3 meals=20
2839 4 is thinking
2839 3 has put down the left fork
2839 3 has put down the right fork
2839 3 is sleeping
2839 1 has put down the right fork
2839 1 is sleeping
2839 5 has taken the left fork
2839 5 is eating
DBG_EAT: id=5 time_last_meal=2839
2839 2 has taken the left fork
2839 2 has taken the right fork
2839 2 is eating
DBG_EAT: id=2 time_last_meal=2839
DBG_EAT2: id=2 meals=21
DBG_EAT2: id=5 meals=17
2899 2 has put down the right fork
2899 2 has put down the left fork
2899 2 is sleeping
2899 1 is thinking
2899 1 has taken the right fork
2899 1 has taken the left fork
2899 1 is eating
DBG_EAT: id=1 time_last_meal=2899
2899 3 is thinking
2899 5 has put down the left fork
2899 3 has taken the right fork
2899 3 has taken the left fork
2899 3 is eating
DBG_EAT: id=3 time_last_meal=2899
2899 5 has put down the right fork
2899 5 is sleeping
2899 4 has taken the left fork
DBG_EAT2: id=3 meals=21
DBG_EAT2: id=1 meals=22
2959 1 has put down the left fork
2959 1 has put down the right fork
2959 2 is thinking
2959 3 has put down the left fork
2959 3 has put down the right fork
2959 3 is sleeping
2959 1 is sleeping
2959 5 is thinking
2959 4 has taken the right fork
2959 4 is eating
DBG_EAT: id=4 time_last_meal=2959
2959 2 has taken the left fork
2959 2 has taken the right fork
2959 2 is eating
DBG_EAT: id=2 time_last_meal=2959
DBG_EAT2: id=2 meals=22
3019 3 is thinking
3019 2 has put down the right fork
3019 2 has put down the left fork
3019 2 is sleeping
DBG_EAT2: id=4 meals=18
3019 3 has taken the right fork
3020 4 has put down the right fork
3020 1 is thinking
3020 1 has taken the right fork
3020 1 has taken the left fork
3020 1 is eating
3020 3 has taken the left fork
3020 3 is eating
DBG_EAT: id=3 time_last_meal=3020
DBG_EAT: id=1 time_last_meal=3020
3020 5 has taken the right fork
3020 4 has put down the left fork
3020 4 is sleeping
3080 2 is thinking
DBG_EAT2: id=3 meals=22
3080 3 has put down the left fork
3080 3 has put down the right fork
3080 3 is sleeping
3080 2 has taken the left fork
DBG_EAT2: id=1 meals=23
3080 1 has put down the left fork
3080 2 has taken the right fork
3080 2 is eating
DBG_EAT: id=2 time_last_meal=3080
3080 1 has put down the right fork
3080 1 is sleeping
3080 5 has taken the left fork
3080 5 is eating
DBG_EAT: id=5 time_last_meal=3080
3080 4 is thinking
3140 3 is thinking
DBG_EAT2: id=2 meals=23
3140 2 has put down the right fork
3140 2 has put down the left fork
3140 2 is sleeping
3140 1 is thinking
3140 3 has taken the right fork
3140 3 has taken the left fork
3140 3 is eating
DBG_EAT: id=3 time_last_meal=3140
DBG_EAT2: id=5 meals=18
3140 5 has put down the left fork
3140 5 has put down the right fork
3140 5 is sleeping
3140 1 has taken the right fork
3140 1 has taken the left fork
3140 1 is eating
DBG_EAT: id=1 time_last_meal=3140
3140 4 has taken the left fork
DBG_EAT2: id=3 meals=23
DBG_EAT2: id=1 meals=24
3200 2 is thinking
3200 5 is thinking
3200 1 has put down the left fork
3200 1 has put down the right fork
3200 1 is sleeping
3200 3 has put down the left fork
3200 3 has put down the right fork
3200 3 is sleeping
3200 4 has taken the right fork
3200 4 is eating
DBG_EAT: id=4 time_last_meal=3200
3200 2 has taken the left fork
3200 2 has taken the right fork
3200 2 is eating
DBG_EAT: id=2 time_last_meal=3200
DBG_EAT2: id=2 meals=24
3261 1 is thinking
3261 2 has put down the right fork
3261 2 has put down the left fork
3261 2 is sleeping
3261 1 has taken the right fork
3261 1 has taken the left fork
3261 1 is eating
DBG_EAT: id=1 time_last_meal=3261
DBG_EAT2: id=4 meals=19
3261 4 has put down the right fork
3261 3 is thinking
3261 3 has taken the right fork
3261 3 has taken the left fork
3261 3 is eating
DBG_EAT: id=3 time_last_meal=3261
3261 4 has put down the left fork
3261 4 is sleeping
3261 5 has taken the right fork
DBG_EAT2: id=3 meals=24
DBG_EAT2: id=1 meals=25
3321 3 has put down the left fork
3321 3 has put down the right fork
3321 3 is sleeping
3321 4 is thinking
3321 1 has put down the left fork
3321 2 is thinking
3321 1 has put down the right fork
3321 1 is sleeping
3321 5 has taken the left fork
3321 5 is eating
DBG_EAT: id=5 time_last_meal=3321
3321 2 has taken the left fork
3321 2 has taken the right fork
3321 2 is eating
DBG_EAT: id=2 time_last_meal=3321
DBG_EAT2: id=5 meals=19
3381 5 has put down the left fork
3381 3 is thinking
3381 1 is thinking
3381 1 has taken the right fork
3381 5 has put down the right fork
3381 4 has taken the left fork
3381 4 has taken the right fork
3381 4 is eating
DBG_EAT: id=4 time_last_meal=3381
3381 5 is sleeping
DBG_EAT2: id=2 meals=25
3381 2 has put down the right fork
3381 2 has put down the left fork
3381 2 is sleeping
3381 1 has taken the left fork
3381 1 is eating
DBG_EAT: id=1 time_last_meal=3381
3381 3 has taken the right fork
DBG_EAT2: id=4 meals=20
3441 5 is thinking
3441 4 has put down the right fork
3441 4 has put down the left fork
3441 4 is sleeping
3441 5 has taken the right fork
3441 3 has taken the left fork
3441 3 is eating
DBG_EAT: id=3 time_last_meal=3441
DBG_EAT2: id=1 meals=26
3442 1 has put down the left fork
3442 2 is thinking
3442 1 has put down the right fork
3442 1 is sleeping
3442 5 has taken the left fork
3442 5 is eating
DBG_EAT: id=5 time_last_meal=3442
3502 4 is thinking
DBG_EAT2: id=3 meals=25
3502 3 has put down the left fork
3502 3 has put down the right fork
3502 3 is sleeping
3502 2 has taken the left fork
3502 2 has taken the right fork
3502 2 is eating
DBG_EAT: id=2 time_last_meal=3502
3502 1 is thinking
DBG_EAT2: id=5 meals=20
3502 5 has put down the left fork
3502 5 has put down the right fork
3502 5 is sleeping
3502 1 has taken the right fork
3502 4 has taken the left fork
3502 4 has taken the right fork
3502 4 is eating
DBG_EAT: id=4 time_last_meal=3502
3562 3 is thinking
DBG_EAT2: id=2 meals=26
3562 2 has put down the right fork
3562 2 has put down the left fork
3562 2 is sleeping
3562 1 has taken the left fork
3562 1 is eating
DBG_EAT: id=1 time_last_meal=3562
3562 3 has taken the right fork
3562 5 is thinking
DBG_EAT2: id=4 meals=21
3562 4 has put down the right fork
3562 4 has put down the left fork
3562 4 is sleeping
3562 3 has taken the left fork
3562 3 is eating
DBG_EAT: id=3 time_last_meal=3562
3562 5 has taken the right fork
DBG_EAT2: id=1 meals=27
3622 1 has put down the left fork
3622 2 is thinking
3622 1 has put down the right fork
3622 1 is sleeping
3622 5 has taken the left fork
3622 5 is eating
DBG_EAT: id=5 time_last_meal=3622
3623 4 is thinking
DBG_EAT2: id=3 meals=26
3623 3 has put down the left fork
3623 3 has put down the right fork
3623 3 is sleeping
3623 2 has taken the left fork
3623 2 has taken the right fork
3623 2 is eating
DBG_EAT: id=2 time_last_meal=3623
DBG_EAT2: id=5 meals=21
3683 5 has put down the left fork
3683 1 is thinking
3683 1 has taken the right fork
3683 5 has put down the right fork
3683 5 is sleeping
3683 4 has taken the left fork
3683 4 has taken the right fork
3683 4 is eating
DBG_EAT: id=4 time_last_meal=3683
3683 3 is thinking
DBG_EAT2: id=2 meals=27
3683 2 has put down the right fork
3683 2 has put down the left fork
3683 1 has taken the left fork
3683 1 is eating
DBG_EAT: id=1 time_last_meal=3683
3683 2 is sleeping
3683 3 has taken the right fork
3743 5 is thinking
DBG_EAT2: id=4 meals=22
3743 4 has put down the right fork
3743 4 has put down the left fork
3743 3 has taken the left fork
3743 3 is eating
DBG_EAT: id=3 time_last_meal=3743
3743 4 is sleeping
3743 5 has taken the right fork
DBG_EAT2: id=1 meals=28
3743 1 has put down the left fork
3743 2 is thinking
3743 1 has put down the right fork
3743 1 is sleeping
3743 5 has taken the left fork
3743 5 is eating
DBG_EAT: id=5 time_last_meal=3743
DBG_EAT2: id=3 meals=27
3804 4 is thinking
3804 3 has put down the left fork
3804 1 is thinking
3804 3 has put down the right fork
3804 3 is sleeping
DBG_EAT2: id=5 meals=22
3804 2 has taken the left fork
3804 2 has taken the right fork
3804 2 is eating
DBG_EAT: id=2 time_last_meal=3804
3804 5 has put down the left fork
3804 1 has taken the right fork
3804 5 has put down the right fork
3804 4 has taken the left fork
3804 4 has taken the right fork
3804 4 is eating
DBG_EAT: id=4 time_last_meal=3804
3804 5 is sleeping
DBG_EAT2: id=2 meals=28
3864 5 is thinking
DBG_EAT2: id=4 meals=23
3864 4 has put down the right fork
3864 3 is thinking
3864 2 has put down the right fork
3864 4 has put down the left fork
3864 4 is sleeping
3864 2 has put down the left fork
3864 5 has taken the right fork
3864 3 has taken the right fork
3864 2 is sleeping
3864 3 has taken the left fork
3864 3 is eating
DBG_EAT: id=3 time_last_meal=3864
3864 1 has taken the left fork
3864 1 is eating
DBG_EAT: id=1 time_last_meal=3864
DBG_EAT2: id=1 meals=29
3924 4 is thinking
3924 1 has put down the left fork
3924 2 is thinking
DBG_EAT2: id=3 meals=28
3924 3 has put down the left fork
3924 3 has put down the right fork
3924 1 has put down the right fork
3924 1 is sleeping
3924 3 is sleeping
3924 5 has taken the left fork
3924 5 is eating
DBG_EAT: id=5 time_last_meal=3924
3925 2 has taken the left fork
3925 2 has taken the right fork
3925 2 is eating
DBG_EAT: id=2 time_last_meal=3925
3984 1 is thinking
3985 3 is thinking
DBG_EAT2: id=5 meals=23
3985 5 has put down the left fork
3985 5 has put down the right fork
3985 1 has taken the right fork
DBG_EAT2: id=2 meals=29
3985 5 is sleeping
3985 4 has taken the left fork
3985 4 has taken the right fork
3985 4 is eating
DBG_EAT: id=4 time_last_meal=3985
3985 2 has put down the right fork
3985 1 has taken the left fork
3985 1 is eating
DBG_EAT: id=1 time_last_meal=3985
3985 2 has put down the left fork
3985 2 is sleeping
3985 3 has taken the right fork
4045 2 is thinking
DBG_EAT2: id=1 meals=30
4045 1 has put down the left fork
4045 1 has put down the right fork
4045 1 is sleeping
DBG_EAT2: id=4 meals=24
4045 4 has put down the right fork
4045 4 has put down the left fork
4045 5 is thinking
4045 4 is sleeping
4045 5 has taken the right fork
4045 5 has taken the left fork
4045 5 is eating
DBG_EAT: id=5 time_last_meal=4045
4045 3 has taken the left fork
4045 3 is eating
DBG_EAT: id=3 time_last_meal=4045
4105 1 is thinking
DBG_EAT2: id=5 meals=24
4105 5 has put down the left fork
4105 5 has put down the right fork
4106 5 is sleeping
4106 4 is thinking
DBG_EAT2: id=3 meals=29
4106 3 has put down the left fork
4106 1 has taken the right fork
4106 1 has taken the left fork
4106 1 is eating
DBG_EAT: id=1 time_last_meal=4106
4106 3 has put down the right fork
4106 3 is sleeping
4106 2 has taken the left fork
4106 4 has taken the left fork
4106 4 has taken the right fork
4106 4 is eating
DBG_EAT: id=4 time_last_meal=4106
DBG_EAT2: id=1 meals=31
4166 3 is thinking
DBG_EAT2: id=4 meals=25
4166 4 has put down the right fork
4166 4 has put down the left fork
4166 4 is sleeping
4166 5 is thinking
4166 5 has taken the right fork
4166 1 has put down the left fork
4166 1 has put down the right fork
4166 2 has taken the right fork
4166 2 is eating
DBG_EAT: id=2 time_last_meal=4166
4166 1 is sleeping
4166 5 has taken the left fork
4166 5 is eating
DBG_EAT: id=5 time_last_meal=4166
4226 1 is thinking
4226 4 is thinking
DBG_EAT2: id=2 meals=30
4226 2 has put down the right fork
DBG_EAT2: id=5 meals=25
4226 2 has put down the left fork
4226 5 has put down the left fork
4226 5 has put down the right fork
4226 5 is sleeping
4226 2 is sleeping
4226 3 has taken the right fork
4226 1 has taken the right fork
4226 4 has taken the left fork
4226 1 has taken the left fork
4226 1 is eating
DBG_EAT: id=1 time_last_meal=4226
4226 3 has taken the left fork
4226 3 is eating
DBG_EAT: id=3 time_last_meal=4226
4287 5 is thinking
DBG_EAT2: id=1 meals=32
4287 1 has put down the left fork
4287 1 has put down the right fork
4287 2 is thinking
4287 1 is sleeping
DBG_EAT2: id=3 meals=30
4287 3 has put down the left fork
4287 3 has put down the right fork
4287 2 has taken the left fork
4287 2 has taken the right fork
4287 2 is eating
DBG_EAT: id=2 time_last_meal=4287
4287 3 is sleeping
4287 4 has taken the right fork
4287 4 is eating
DBG_EAT: id=4 time_last_meal=4287
4347 1 is thinking
4347 1 has taken the right fork
DBG_EAT2: id=2 meals=31
4347 2 has put down the right fork
4347 2 has put down the left fork
4347 2 is sleeping
DBG_EAT2: id=4 meals=26
4347 4 has put down the right fork
4347 3 is thinking
4347 3 has taken the right fork
4347 3 has taken the left fork
4347 3 is eating
DBG_EAT: id=3 time_last_meal=4347
4347 1 has taken the left fork
4347 1 is eating
DBG_EAT: id=1 time_last_meal=4347
4347 4 has put down the left fork
4347 5 has taken the right fork
4347 4 is sleeping
4407 2 is thinking
DBG_EAT2: id=3 meals=31
4407 3 has put down the left fork
4407 3 has put down the right fork
4407 3 is sleeping
DBG_EAT2: id=1 meals=33
4407 1 has put down the left fork
4407 1 has put down the right fork
4407 4 is thinking
4407 1 is sleeping
4407 5 has taken the left fork
4407 5 is eating
DBG_EAT: id=5 time_last_meal=4407
4407 2 has taken the left fork
4407 2 has taken the right fork
4407 2 is eating
DBG_EAT: id=2 time_last_meal=4407
4467 3 is thinking
DBG_EAT2: id=5 meals=26
4468 5 has put down the left fork
DBG_EAT2: id=2 meals=32
4468 2 has put down the right fork
4468 5 has put down the right fork
4468 5 is sleeping
4468 1 is thinking
4468 1 has taken the right fork
4468 1 has taken the left fork
4468 1 is eating
DBG_EAT: id=1 time_last_meal=4468
4468 2 has put down the left fork
4468 4 has taken the left fork
4468 4 has taken the right fork
4468 4 is eating
DBG_EAT: id=4 time_last_meal=4468
4468 3 has taken the right fork
4468 2 is sleeping
4528 5 is thinking
DBG_EAT2: id=1 meals=34
4528 1 has put down the left fork
4528 1 has put down the right fork
4528 1 is sleeping
DBG_EAT2: id=4 meals=27
4528 2 is thinking
4528 4 has put down the right fork
4528 4 has put down the left fork
4528 5 has taken the right fork
4528 4 is sleeping
4528 5 has taken the left f