DBG_INIT: meal_mutex init for philo 1
DBG_INIT: meal_mutex init for philo 2
DBG: init philo[1].time_last_meal=0
DBG: init philo[2].time_last_meal=0
1 1 has taken the right fork
1 1 has taken the left fork
1 1 is eating
DBG_EAT: id=1 time_last_meal=1
DBG: start_time=1758403204079
DBG_EAT2: id=1 meals=1
101 1 has put down the left fork
101 1 has put down the right fork
101 1 is sleeping
101 2 has taken the left fork
101 2 has taken the right fork
101 2 is eating
DBG_EAT: id=2 time_last_meal=101
DBG_EAT2: id=2 meals=1
202 2 has put down the right fork
202 2 has put down the left fork
202 2 is sleeping
301 1 is thinking
301 1 has taken the right fork
301 1 has taken the left fork
301 1 is eating
DBG_EAT: id=1 time_last_meal=301
DBG_EAT2: id=1 meals=2
402 1 has put down the left fork
402 1 has put down the right fork
402 1 is sleeping
402 2 is thinking
402 2 has taken the left fork
402 2 has taken the right fork
402 2 is eating
DBG_EAT: id=2 time_last_meal=402
DBG_EAT2: id=2 meals=2
502 2 has put down the right fork
502 2 has put down the left fork
502 2 is sleeping
602 1 is thinking
602 1 has taken the right fork
602 1 has taken the left fork
602 1 is eating
DBG_EAT: id=1 time_last_meal=602
DBG_EAT2: id=1 meals=3
702 1 has put down the left fork
702 1 has put down the right fork
702 1 is sleeping
703 2 is thinking
703 2 has taken the left fork
703 2 has taken the right fork
703 2 is eating
DBG_EAT: id=2 time_last_meal=703
DBG_EAT2: id=2 meals=3
803 2 has put down the right fork
803 2 has put down the left fork
803 2 is sleeping
902 1 is thinking
902 1 has taken the right fork
902 1 has taken the left fork
902 1 is eating
DBG_EAT: id=1 time_last_meal=902
DBG_EAT2: id=1 meals=4
1003 1 has put down the left fork
1003 1 has put down the right fork
1003 1 is sleeping
1003 2 is thinking
1004 2 has taken the left fork
1004 2 has taken the right fork
1004 2 is eating
DBG_EAT: id=2 time_last_meal=1004
DBG_EAT2: id=2 meals=4
1104 2 has put down the right fork
1104 2 has put down the left fork
1104 2 is sleeping
1203 1 is thinking
1203 1 has taken the right fork
1203 1 has taken the left fork
1203 1 is eating
DBG_EAT: id=1 time_last_meal=1203
DBG_EAT2: id=1 meals=5
1303 1 has put down the left fork
1303 1 has put down the right fork
1303 1 is sleeping
1304 2 is thinking
1304 2 has taken the left fork
1304 2 has taken the right fork
1304 2 is eating
DBG_EAT: id=2 time_last_meal=1304
DBG_EAT2: id=2 meals=5
1405 2 has put down the right fork
1405 2 has put down the left fork
1405 2 is sleeping
1503 1 is thinking
1503 1 has taken the right fork
1503 1 has taken the left fork
1503 1 is eating
DBG_EAT: id=1 time_last_meal=1503
DBG_EAT2: id=1 meals=6
1604 1 has put down the left fork
1604 1 has put down the right fork
1604 1 is sleeping
1605 2 is thinking
1605 2 has taken the left fork
1605 2 has taken the right fork
1605 2 is eating
DBG_EAT: id=2 time_last_meal=1605
DBG_EAT2: id=2 meals=6
1705 2 has put down the right fork
1705 2 has put down the left fork
1705 2 is sleeping
1804 1 is thinking
1804 1 has taken the right fork
1804 1 has taken the left fork
1804 1 is eating
DBG_EAT: id=1 time_last_meal=1804
DBG_EAT2: id=1 meals=7
1904 1 has put down the left fork
1904 1 has put down the right fork
1904 1 is sleeping
1905 2 is thinking
1906 2 has taken the left fork
1906 2 has taken the right fork
1906 2 is eating
DBG_EAT: id=2 time_last_meal=1906
DBG_EAT2: id=2 meals=7
2006 2 has put down the right fork
2006 2 has put down the left fork
2006 2 is sleeping
2104 1 is thinking
2104 1 has taken the right fork
2104 1 has taken the left fork
2104 1 is eating
DBG_EAT: id=1 time_last_meal=2104
DBG_EAT2: id=1 meals=8
2204 1 has put down the left fork
2204 1 has put down the right fork
2204 1 is sleeping
2206 2 is thinking
2206 2 has taken the left fork
2206 2 has taken the right fork
2206 2 is eating
DBG_EAT: id=2 time_last_meal=2206
DBG_EAT2: id=2 meals=8
2306 2 has put down the right fork
2306 2 has put down the left fork
2306 2 is sleeping
2404 1 is thinking
2405 1 has taken the right fork
2405 1 has taken the left fork
2405 1 is eating
DBG_EAT: id=1 time_last_meal=2405
DBG_EAT2: id=1 meals=9
2505 1 has put down the left fork
2505 1 has put down the right fork
2505 1 is sleeping
2506 2 is thinking
2507 2 has taken the left fork
2507 2 has taken the right fork
2507 2 is eating
DBG_EAT: id=2 time_last_meal=2507
DBG_EAT2: id=2 meals=9
2607 2 has put down the right fork
2607 2 has put down the left fork
2607 2 is sleeping
2705 1 is thinking
2705 1 has taken the right fork
2705 1 has taken the left fork
2705 1 is eating
DBG_EAT: id=1 time_last_meal=2705
DBG_EAT2: id=1 meals=10
2805 1 has put down the left fork
2805 1 has put down the right fork
2805 1 is sleeping
2807 2 is thinking
2807 2 has taken the left fork
2807 2 has taken the right fork
2807 2 is eating
DBG_EAT: id=2 time_last_meal=2807
DBG_EAT2: id=2 meals=10
2907 2 has put down the right fork
2907 2 has put down the left fork
2907 2 is sleeping
3006 1 is thinking
3006 1 has taken the right fork
3006 1 has taken the left fork
3006 1 is eating
DBG_EAT: id=1 time_last_meal=3006
DBG_EAT2: id=1 meals=11
3106 1 has put down the left fork
3106 1 has put down the right fork
3106 1 is sleeping
3108 2 is thinking
3108 2 has taken the left fork
3108 2 has taken the right fork
3108 2 is eating
DBG_EAT: id=2 time_last_meal=3108
DBG_EAT2: id=2 meals=11
3208 2 has put down the right fork
3208 2 has put down the left fork
3208 2 is sleeping
3306 1 is thinking
3306 1 has taken the right fork
3306 1 has taken the left fork
3306 1 is eating
DBG_EAT: id=1 time_last_meal=3306
DBG_EAT2: id=1 meals=12
3406 1 has put down the left fork
3406 1 has put down the right fork
3406 1 is sleeping
3408 2 is thinking
3408 2 has taken the left fork
3408 2 has taken the right fork
3408 2 is eating
DBG_EAT: id=2 time_last_meal=3408
DBG_EAT2: id=2 meals=12
3508 2 has put down the right fork
3508 2 has put down the left fork
3508 2 is sleeping
3606 1 is thinking
3606 1 has taken the right fork
3606 1 has taken the left fork
3606 1 is eating
DBG_EAT: id=1 time_last_meal=3606
DBG_EAT2: id=1 meals=13
3706 1 has put down the left fork
3706 1 has put down the right fork
3706 1 is sleeping
3708 2 is thinking
3709 2 has taken the left fork
3709 2 has taken the right fork
3709 2 is eating
DBG_EAT: id=2 time_last_meal=3709
DBG_EAT2: id=2 meals=13
3809 2 has put down the right fork
3809 2 has put down the left fork
3809 2 is sleeping
3906 1 is thinking
3906 1 has taken the right fork
3906 1 has taken the left fork
3906 1 is eating
DBG_EAT: id=1 time_last_meal=3906
DBG_EAT2: id=1 meals=14
4007 1 has put down the left fork
4007 1 has put down the right fork
4007 1 is sleeping
4009 2 is thinking
4009 2 has taken the left fork
4009 2 has taken the right fork
4009 2 is eating
DBG_EAT: id=2 time_last_meal=4009
DBG_EAT2: id=2 meals=14
4109 2 has put down the right fork
4109 2 has put down the left fork
4109 2 is sleeping
4207 1 is thinking
4207 1 has taken the right fork
4207 1 has taken the left fork
4207 1 is eating
DBG_EAT: id=1 time_last_meal=4207
DBG_EAT2: id=1 meals=15
4307 1 has put down the left fork
4307 1 has put down the right fork
4307 1 is sleeping
4309 2 is thinking
4310 2 has taken the left fork
4310 2 has taken the right fork
4310 2 is eating
DBG_EAT: id=2 time_last_meal=4310
DBG_EAT2: id=2 meals=15
4410 2 has put down the right fork
4410 2 has put down the left fork
4410 2 is sleeping
4507 1 is thinking
4507 1 has taken the right fork
4507 1 has taken the left fork
4507 1 is eating
DBG_EAT: id=1 time_last_meal=4507
DBG_EAT2: id=1 meals=16
4607 1 has put down the left fork
4607 1 has put down the right fork
4607 1 is sleeping
4610 2 is thinking
4610 2 has taken the left fork
4610 2 has taken the right fork
4610 2 is eating
DBG_EAT: id=2 time_last_meal=4610
DBG_EAT2: id=2 meals=16
4710 2 has put down the right fork
4710 2 has put down the left fork
4710 2 is sleeping
4808 1 is thinking
4808 1 has taken the right fork
4808 1 has taken the left fork
4808 1 is eating
DBG_EAT: id=1 time_last_meal=4808
DBG_EAT2: id=1 meals=17
4908 1 has put down the left fork
4908 1 has put down the right fork
4908 1 is sleeping
4911 2 is thinking
4911 2 has taken the left