DBG_INIT: meal_mutex init for philo 1
DBG_INIT: meal_mutex init for philo 2
DBG: init philo[1].time_last_meal=0
DBG: init philo[2].time_last_meal=0
0 1 has taken the right fork
0 1 has taken the left fork
0 1 is eating
DBG_EAT: id=1 time_last_meal=0
DBG: start_time=1758402984246
DBG_EAT2: id=1 meals=1
101 1 has put down the left fork
101 1 has put down the right fork
101 1 is sleeping
101 2 has taken the left fork
101 2 has taken the right fork
101 2 is eating
DBG_EAT: id=2 time_last_meal=101
161 1 is thinking
DBG_EAT2: id=2 meals=1
201 2 has put down the right fork
201 2 has put down the left fork
201 2 is sleeping
202 1 has taken the right fork
202 1 has taken the left fork
202 1 is eating
DBG_EAT: id=1 time_last_meal=202
262 2 is thinking
DBG_EAT2: id=1 meals=2
302 1 has put down the left fork
302 1 has put down the right fork
302 1 is sleeping
302 2 has taken the left fork
302 2 has taken the right fork
302 2 is eating
DBG_EAT: id=2 time_last_meal=302
362 1 is thinking
DBG_EAT2: id=2 meals=2
403 2 has put down the right fork
403 2 has put down the left fork
403 2 is sleeping
403 1 has taken the right fork
403 1 has taken the left fork
403 1 is eating
DBG_EAT: id=1 time_last_meal=403
463 2 is thinking
DBG_EAT2: id=1 meals=3
503 1 has put down the left fork
503 1 has put down the right fork
503 1 is sleeping
503 2 has taken the left fork
503 2 has taken the right fork
503 2 is eating
DBG_EAT: id=2 time_last_meal=503
563 1 is thinking
DBG_EAT2: id=2 meals=3
603 2 has put down the right fork
603 2 has put down the left fork
603 2 is sleeping
603 1 has taken the right fork
603 1 has taken the left fork
603 1 is eating
DBG_EAT: id=1 time_last_meal=603
663 2 is thinking
DBG_EAT2: id=1 meals=4
704 1 has put down the left fork
704 1 has put down the right fork
704 1 is sleeping
704 2 has taken the left fork
704 2 has taken the right fork
704 2 is eating
DBG_EAT: id=2 time_last_meal=704
764 1 is thinking
DBG_EAT2: id=2 meals=4
804 2 has put down the right fork
804 2 has put down the left fork
804 2 is sleeping
804 1 has taken the right fork
804 1 has taken the left fork
804 1 is eating
DBG_EAT: id=1 time_last_meal=804
864 2 is thinking
DBG_EAT2: id=1 meals=5
904 1 has put down the left fork
904 1 has put down the right fork
904 1 is sleeping
904 2 has taken the left fork
904 2 has taken the right fork
904 2 is eating
DBG_EAT: id=2 time_last_meal=904
964 1 is thinking
DBG_EAT2: id=2 meals=5
1004 2 has put down the right fork
1004 2 has put down the left fork
1004 2 is sleeping
1004 1 has taken the right fork
1004 1 has taken the left fork
1004 1 is eating
DBG_EAT: id=1 time_last_meal=1004
1064 2 is thinking
DBG_EAT2: id=1 meals=6
1104 1 has put down the left fork
1105 1 has put down the right fork
1105 1 is sleeping
1105 2 has taken the left fork
1105 2 has taken the right fork
1105 2 is eating
DBG_EAT: id=2 time_last_meal=1105
1165 1 is thinking
DBG_EAT2: id=2 meals=6
1205 2 has put down the right fork
1205 2 has put down the left fork
1205 2 is sleeping
1205 1 has taken the right fork
1205 1 has taken the left fork
1205 1 is eating
DBG_EAT: id=1 time_last_meal=1205
1265 2 is thinking
DBG_EAT2: id=1 meals=7
1305 1 has put down the left fork
1305 1 has put down the right fork
1305 1 is sleeping
1305 2 has taken the left fork
1305 2 has taken the right fork
1305 2 is eating
DBG_EAT: id=2 time_last_meal=1305
1365 1 is thinking
DBG_EAT2: id=2 meals=7
1405 2 has put down the right fork
1405 2 has put down the left fork
1405 2 is sleeping
1405 1 has taken the right fork
1405 1 has taken the left fork
1405 1 is eating
DBG_EAT: id=1 time_last_meal=1405
1465 2 is thinking
DBG_EAT2: id=1 meals=8
1506 1 has put down the left fork
1506 1 has put down the right fork
1506 1 is sleeping
1506 2 has taken the left fork
1506 2 has taken the right fork
1506 2 is eating
DBG_EAT: id=2 time_last_meal=1506
1566 1 is thinking
DBG_EAT2: id=2 meals=8
1606 2 has put down the right fork
1606 2 has put down the left fork
1606 2 is sleeping
1606 1 has taken the right fork
1606 1 has taken the left fork
1606 1 is eating
DBG_EAT: id=1 time_last_meal=1606
1666 2 is thinking
DBG_EAT2: id=1 meals=9
1707 1 has put down the left fork
1707 1 has put down the right fork
1707 1 is sleeping
1707 2 has taken the left fork
1707 2 has taken the right fork
1707 2 is eating
DBG_EAT: id=2 time_last_meal=1707
1767 1 is thinking
DBG_EAT2: id=2 meals=9
1807 2 has put down the right fork
1807 2 has put down the left fork
1807 2 is sleeping
1807 1 has taken the right fork
1807 1 has taken the left fork
1807 1 is eating
DBG_EAT: id=1 time_last_meal=1807
1868 2 is thinking
DBG_EAT2: id=1 meals=10
1908 1 has put down the left fork
1908 1 has put down the right fork
1908 1 is sleeping
1908 2 has taken the left fork
1908 2 has taken the right fork
1908 2 is eating
DBG_EAT: id=2 time_last_meal=1908
1968 1 is thinking
DBG_EAT2: id=2 meals=10
2008 2 has put down the right fork
2008 2 has put down the left fork
2008 1 has taken the right fork
2008 1 has taken the left fork
2008 1 is eating
DBG_EAT: id=1 time_last_meal=2008
2008 2 is sleeping
2069 2 is thinking
DBG_EAT2: id=1 meals=11
2109 1 has put down the left fork
2109 1 has put down the right fork
2109 1 is sleeping
2109 2 has taken the left fork
2109 2 has taken the right fork
2109 2 is eating
DBG_EAT: id=2 time_last_meal=2109
2169 1 is thinking
DBG_EAT2: id=2 meals=11
2209 2 has put down the right fork
2209 2 has put down the left fork
2210 2 is sleeping
2210 1 has taken the right fork
2210 1 has taken the left fork
2210 1 is eating
DBG_EAT: id=1 time_last_meal=2210
2270 2 is thinking
DBG_EAT2: id=1 meals=12
2310 1 has put down the left fork
2310 1 has put down the right fork
2310 1 is sleeping
2310 2 has taken the left fork
2310 2 has taken the right fork
2310 2 is eating
DBG_EAT: id=2 time_last_meal=2310
2371 1 is thinking
DBG_EAT2: id=2 meals=12
2411 2 has put down the right fork
2411 2 has put down the left fork
2411 2 is sleeping
2411 1 has taken the right fork
2411 1 has taken the left fork
2411 1 is eating
DBG_EAT: id=1 time_last_meal=2411
2471 2 is thinking
DBG_EAT2: id=1 meals=13
2511 1 has put down the left fork
2511 1 has put down the right fork
2511 1 is sleeping
2511 2 has taken the left fork
2511 2 has taken the right fork
2511 2 is eating
DBG_EAT: id=2 time_last_meal=2511
2572 1 is thinking
DBG_EAT2: id=2 meals=13
2611 2 has put down the right fork
2612 2 has put down the left fork
2612 2 is sleeping
2612 1 has taken the right fork
2612 1 has taken the left fork
2612 1 is eating
DBG_EAT: id=1 time_last_meal=2612
2672 2 is thinking
DBG_EAT2: id=1 meals=14
2712 1 has put down the left fork
2712 1 has put down the right fork
2712 1 is sleeping
2712 2 has taken the left fork
2712 2 has taken the right fork
2712 2 is eating
DBG_EAT: id=2 time_last_meal=2712
2772 1 is thinking
DBG_EAT2: id=2 meals=14
2812 2 has put down the right fork
2813 2 has put down the left fork
2813 1 has taken the right fork
2813 1 has taken the left fork
2813 1 is eating
DBG_EAT: id=1 time_last_meal=2813
2813 2 is sleeping
2873 2 is thinking
DBG_EAT2: id=1 meals=15
2913 1 has put down the left fork
2913 1 has put down the right fork
2913 1 is sleeping
2913 2 has taken the left fork
2913 2 has taken the right fork
2913 2 is eating
DBG_EAT: id=2 time_last_meal=2913
2973 1 is thinking
DBG_EAT2: id=2 meals=15
3014 2 has put down the right fork
3014 2 has put down the left fork
3014 2 is sleeping
3014 1 has taken the right fork
3014 1 has taken the left fork
3014 1 is eating
DBG_EAT: id=1 time_last_meal=3014
3074 2 is thinking
DBG_EAT2: id=1 meals=16
3114 1 has put down the left fork
3114 1 has put down the right fork
3114 1 is sleeping
3114 2 has taken the left fork
3114 2 has taken the right fork
3114 2 is eating
DBG_EAT: id=2 time_last_meal=3114
3175 1 is thinking
DBG_EAT2: id=2 meals=16
3215 2 has put down the right fork
3215 2 has put down the left fork
3215 2 is sleeping
3215 1 has taken the right fork
3215 1 has taken the left fork
3215 1 is eating
DBG_EAT: id=1 time_last_meal=3215
3275 2 is thinking
DBG_EAT2: id=1 meals=17
3315 1 has put down the left fork
3315 1 has put down the right fork
3315 1 is sleeping
3316 2 has taken the left fork
3316 2 has taken th