DBG_INIT: meal_mutex init for philo 1
DBG_INIT: meal_mutex init for philo 2
DBG: init philo[1].time_last_meal=0
DBG: init philo[2].time_last_meal=0
0 1 has taken the right fork
0 1 has taken the left fork
0 1 is eating
DBG_EAT: id=1 time_last_meal=0
DBG: start_time=1758403282237
DBG_EAT2: id=1 meals=1
101 1 has put down the left fork
101 1 has put down the right fork
101 1 is sleeping
101 2 has taken the left fork
101 2 has taken the right fork
101 2 is eating
DBG_EAT: id=2 time_last_meal=101
DBG_EAT2: id=2 meals=1
203 2 has put down the right fork
203 2 has put down the left fork
203 2 is sleeping
303 1 is thinking
303 1 has taken the right fork
303 1 has taken the left fork
303 1 is eating
DBG_EAT: id=1 time_last_meal=303
DBG_EAT2: id=1 meals=2
404 1 has put down the left fork
404 1 has put down the right fork
404 1 is sleeping
405 2 is thinking
405 2 has taken the left fork
405 2 has taken the right fork
405 2 is eating
DBG_EAT: id=2 time_last_meal=405
DBG_EAT2: id=2 meals=2
507 2 has put down the right fork
507 2 has put down the left fork
507 2 is sleeping
606 1 is thinking
606 1 has taken the right fork
606 1 has taken the left fork
606 1 is eating
DBG_EAT: id=1 time_last_meal=606
DBG_EAT2: id=1 meals=3
707 1 has put down the left fork
707 1 has put down the right fork
707 1 is sleeping
708 2 is thinking
708 2 has taken the left fork
708 2 has taken the right fork
708 2 is eating
DBG_EAT: id=2 time_last_meal=708
DBG_EAT2: id=2 meals=3
810 2 has put down the right fork
810 2 has put down the left fork
810 2 is sleeping
810 All philosophers ate enough
