DBG_INIT: meal_mutex init for philo 1
DBG_INIT: meal_mutex init for philo 2
DBG: init philo[1].time_last_meal=0
DBG: init philo[2].time_last_meal=0
0 1 has taken the right fork
0 1 has taken the left fork
0 1 is eating
DBG_EAT: id=1 time_last_meal=0
DBG: start_time=1758403078783
DBG_EAT2: id=1 meals=1
200 1 has put down the left fork
200 1 has put down the right fork
200 1 is sleeping
200 2 has taken the left fork
200 2 has taken the right fork
200 2 is eating
DBG_EAT: id=2 time_last_meal=200
301 1 is thinking
DBG_EAT2: id=2 meals=1
401 2 has put down the right fork
401 2 has put down the left fork
401 2 is sleeping
401 1 has taken the right fork
401 1 has taken the left fork
401 1 is eating
DBG_EAT: id=1 time_last_meal=401
501 2 is thinking
DBG_EAT2: id=1 meals=2
601 1 has put down the left fork
601 1 has put down the right fork
601 1 is sleeping
601 2 has taken the left fork
601 2 has taken the right fork
601 2 is eating
DBG_EAT: id=2 time_last_meal=601
702 1 is thinking
DBG_EAT2: id=2 meals=2
802 2 has put down the right fork
802 2 has put down the left fork
802 2 is sleeping
802 1 has taken the right fork
802 1 has taken the left fork
802 1 is eating
DBG_EAT: id=1 time_last_meal=802
902 2 is thinking
DBG_EAT2: id=1 meals=3
1002 1 has put down the left fork
1002 1 has put down the right fork
1002 1 is sleeping
1002 2 has taken the left fork
1002 2 has taken the right fork
1002 2 is eating
DBG_EAT: id=2 time_last_meal=1002
1103 1 is thinking
DBG_EAT2: id=2 meals=3
1202 2 has put down the right fork
1203 2 has put down the left fork
1203 2 is sleeping
1203 1 has taken the right fork
1203 1 has taken the left fork
1203 1 is eating
DBG_EAT: id=1 time_last_meal=1203
1303 2 is thinking
DBG_EAT2: id=1 meals=4
1403 1 has put down the left fork
1403 1 has put down the right fork
1403 2 has taken the left fork
1403 2 has taken the right fork
1403 2 is eating
DBG_EAT: id=2 time_last_meal=1403
1403 1 is sleeping
1503 1 is thinking
DBG_EAT2: id=2 meals=4
1603 2 has put down the right fork
1603 2 has put down the left fork
1603 2 is sleeping
1603 1 has taken the right fork
1603 1 has taken the left fork
1603 1 is eating
DBG_EAT: id=1 time_last_meal=1603
1703 2 is thinking
DBG_EAT2: id=1 meals=5
1804 1 has put down the left fork
1804 1 has put down the right fork
1804 1 is sleeping
1804 2 has taken the left fork
1804 2 has taken the right fork
1804 2 is eating
DBG_EAT: id=2 time_last_meal=1804
1904 1 is thinking
DBG_EAT2: id=2 meals=5
2004 2 has put down the right fork
2004 2 has put down the left fork
2004 2 is sleeping
2004 1 has taken the right fork
2004 1 has taken the left fork
2004 1 is eating
DBG_EAT: id=1 time_last_meal=2004
2104 2 is thinking
DBG_EAT2: id=1 meals=6
2204 1 has put down the left fork
2204 1 has put down the right fork
2204 1 is sleeping
2204 2 has taken the left fork
2204 2 has taken the right fork
2204 2 is eating
DBG_EAT: id=2 time_last_meal=2204
2305 1 is thinking
DBG_EAT2: id=2 meals=6
2404 2 has put down the right fork
2404 2 has put down the left fork
2405 2 is sleeping
2405 1 has taken the right fork
2405 1 has taken the left fork
2405 1 is eating
DBG_EAT: id=1 time_last_meal=2405
2505 2 is thinking
DBG_EAT2: id=1 meals=7
2605 1 has put down the left fork
2605 1 has put down the right fork
2605 2 has taken the left fork
2605 2 has taken the right fork
2605 2 is eating
DBG_EAT: id=2 time_last_meal=2605
2605 1 is sleeping
2705 1 is thinking
DBG_EAT2: id=2 meals=7
2805 2 has put down the right fork
2805 2 has put down the left fork
2805 2 is sleeping
2805 1 has taken the right fork
2805 1 has taken the left fork
2805 1 is eating
DBG_EAT: id=1 time_last_meal=2805
2906 2 is thinking
DBG_EAT2: id=1 meals=8
3006 1 has put down the left fork
3006 1 has put down the right fork
3006 1 is sleeping
3006 2 has taken the left fork
3006 2 has taken the right fork
3006 2 is eating
DBG_EAT: id=2 time_last_meal=3006
3106 1 is thinking
DBG_EAT2: id=2 meals=8
3206 2 has put down the right fork
3206 2 has put down the left fork
3206 2 is sleeping
3206 1 has taken the right fork
3206 1 has taken the left fork
3206 1 is eati