DBG_INIT: meal_mutex init for philo 1
DBG_INIT: meal_mutex init for philo 2
DBG_INIT: meal_mutex init for philo 3
DBG: init philo[1].time_last_meal=0
DBG: init philo[2].time_last_meal=0
DBG: init philo[3].time_last_meal=0
0 1 has taken the right fork
0 1 has taken the left fork
0 1 is eating
DBG_EAT: id=1 time_last_meal=0
0 3 has taken the right fork
DBG: start_time=1758386295889
DBG_EAT2: id=1 meals=1
60 1 has put down the left fork
60 1 has put down the right fork
60 1 is sleeping
60 3 has taken the left fork
60 3 is eating
DBG_EAT: id=3 time_last_meal=60
120 1 is thinking
DBG_EAT2: id=3 meals=1
120 3 has put down the left fork
120 3 has put down the right fork
120 1 has taken the right fork
120 1 has taken the left fork
120 1 is eating
DBG_EAT: id=1 time_last_meal=120
120 3 is sleeping
121 2 has taken the left fork
DBG_EAT2: id=1 meals=2
181 3 is thinking
181 1 has put down the left fork
181 1 has put down the right fork
181 1 is sleeping
181 2 has taken the right fork
181 2 is eating
DBG_EAT: id=2 time_last_meal=181
241 1 is thinking
241 1 has taken the right fork
DBG_EAT2: id=2 meals=1
241 2 has put down the right fork
241 2 has put down the left fork
241 2 is sleeping
241 1 has taken the left fork
241 1 is eating
DBG_EAT: id=1 time_last_meal=241
241 3 has taken the right fork
301 2 is thinking
DBG_EAT2: id=1 meals=3
301 1 has put down the left fork
301 1 has put down the right fork
301 3 has taken the left fork
301 3 is eating
DBG_EAT: id=3 time_last_meal=301
301 1 is sleeping
DBG_EAT2: id=3 meals=2
361 3 has put down the left fork
361 1 is thinking
361 1 has taken the right fork
361 1 has taken the left fork
361 1 is eating
DBG_EAT: id=1 time_last_meal=361
361 3 has put down the right fork
361 3 is sleeping
361 2 has taken the left fork
DBG_EAT2: id=1 meals=4
421 3 is thinking
421 1 has put down the left fork
421 1 has put down the right fork
421 1 is sleeping
421 2 has taken the right fork
421 2 is eating
DBG_EAT: id=2 time_last_meal=421
481 1 is thinking
481 1 has taken the right fork
DBG_EAT2: id=2 meals=2
481 2 has put down the right fork
481 1 has taken the left fork
481 1 is eating
DBG_EAT: id=1 time_last_meal=481
481 2 has put down the left fork
481 2 is sleeping
481 3 has taken the right fork
DBG_EAT2: id=1 meals=5
542 1 has put down the left fork
542 2 is thinking
542 1 has put down the right fork
542 1 is sleeping
542 3 has taken the left fork
542 3 is eating
DBG_EAT: id=3 time_last_meal=542
602 1 is thinking
DBG_EAT2: id=3 meals=3
602 3 has put down the left fork
602 3 has put down the right fork
602 1 has taken the right fork
602 1 has taken the left fork
602 1 is eating
DBG_EAT: id=1 time_last_meal=602
602 3 is sleeping
602 2 has taken the left fork
DBG_EAT2: id=1 meals=6
662 3 is thinking
662 1 has put down the left fork
662 1 has put down the right fork
662 1 is sleeping
662 2 has taken the right fork
662 2 is eating
DBG_EAT: id=2 time_last_meal=662
722 1 is thinking
722 1 has taken the right fork
DBG_EAT2: id=2 meals=3
722 2 has put down the right fork
722 1 has taken the left fork
722 1 is eating
DBG_EAT: id=1 time_last_meal=722
722 2 has put down the left fork
722 2 is sleeping
722 3 has taken the right fork
DBG_EAT2: id=1 meals=7
782 1 has put down the left fork
782 2 is thinking
782 1 has put down the right fork
782 1 is sleeping
782 3 has taken the left fork
782 3 is eating
DBG_EAT: id=3 time_last_meal=782
DBG_EAT2: id=3 meals=4
842 3 has put down the left fork
842 1 is thinking
842 1 has taken the right fork
842 1 has taken the left fork
842 1 is eating
DBG_EAT: id=1 time_last_meal=842
842 3 has put down the right fork
842 3 is sleeping
842 2 has taken the left fork
DBG_EAT2: id=1 meals=8
902 1 has put down the left fork
902 1 has put down the right fork
902 3 is thinking
902 1 is sleeping
903 2 has taken the right fork
903 2 is eating
DBG_EAT: id=2 time_last_meal=903
963 1 is thinking
963 1 has taken the right fork
DBG_EAT2: id=2 meals=4
963 2 has put down the right fork
963 2 has put down the left fork
963 2 is sleeping
963 1 has taken the left fork
963 1 is eating
DBG_EAT: id=1 time_last_meal=963
963 3 has taken the right fork
1023 2 is thinking
DBG_EAT2: id=1 meals=9
1023 1 has put down the left fork
1023 1 has put down the right fork
1023 1 is sleeping
1023 3 has taken the left fork
1023 3 is eating
DBG_EAT: id=3 time_last_meal=1023
1083 1 is thinking
DBG_EAT2: id=3 meals=5
1083 3 has put down the left fork
1083 1 has taken the right fork
1083 1 has taken the left fork
1083 1 is eating
DBG_EAT: id=1 time_last_meal=1083
1083 3 has put down the right fork
1083 2 has taken the left fork
1083 3 is sleeping
DBG_EAT2: id=1 meals=10
1143 1 has put down the left fork
1143 1 has put down the right fork
1143 3 is thinking
1143 1 is sleeping
1143 2 has taken the right fork
1143 2 is eating
DBG_EAT: id=2 time_last_meal=1143
1203 1 is thinking
1203 1 has taken the right fork
DBG_EAT2: id=2 meals=5
1203 2 has put down the right fork
1203 2 has put down the left fork
1203 2 is sleeping
1203 1 has taken the left fork
1203 1 is eating
DBG_EAT: id=1 time_last_meal=1203
1203 3 has taken the right fork
DBG_EAT2: id=1 meals=11
1263 1 has put down the left fork
1263 2 is thinking
1264 1 has put down the right fork
1264 1 is sleeping
1264 3 has taken the left fork
1264 3 is eating
DBG_EAT: id=3 time_last_meal=1264
1324 1 is thinking
DBG_EAT2: id=3 meals=6
1324 3 has put down the left fork
1324 3 has put down the right fork
1324 1 has taken the right fork
1324 1 has taken the left fork
1324 1 is eating
DBG_EAT: id=1 time_last_meal=1324
1324 3 is sleeping
1324 2 has taken the left fork
DBG_EAT2: id=1 meals=12
1384 3 is thinking
1384 1 has put down the left fork
1384 1 has put down the right fork
1384 1 is sleeping
1384 2 has taken the right fork
1384 2 is eating
DBG_EAT: id=2 time_last_meal=1384
1444 1 is thinking
1444 1 has taken the right fork
DBG_EAT2: id=2 meals=6
1444 2 has put down the right fork
1444 2 has put down the left fork
1444 2 is sleeping
1444 1 has taken the left fork
1444 1 is eating
DBG_EAT: id=1 time_last_meal=1444
1444 3 has taken the right fork
DBG_EAT2: id=1 meals=13
1504 1 has put down the left fork
1504 2 is thinking
1504 1 has put down the right fork
1504 1 is sleeping
1504 3 has taken the left fork
1504 3 is eating
DBG_EAT: id=3 time_last_meal=1504
1564 1 is thinking
DBG_EAT2: id=3 meals=7
1564 3 has put down the left fork
1564 3 has put down the right fork
1564 1 has taken the right fork
1564 1 has taken the left fork
1564 1 is eating
DBG_EAT: id=1 time_last_meal=1564
1564 3 is sleeping
1564 2 has taken the left fork
DBG_EAT2: id=1 meals=14
1624 3 is thinking
1625 1 has put down the left fork
1625 1 has put down the right fork
1625 1 is sleeping
1625 2 has taken the right fork
1625 2 is eating
DBG_EAT: id=2 time_last_meal=1625
1685 1 is thinking
1685 1 has taken the right fork
DBG_EAT2: id=2 meals=7
1685 2 has put down the right fork
1685 1 has taken the left fork
1685 1 is eating
DBG_EAT: id=1 time_last_meal=1685
1685 2 has put down the left fork
1685 2 is sleeping
1685 3 has taken the right fork
DBG_EAT2: id=1 meals=15
1745 1 has put down the left fork
1745 2 is thinking
1745 1 has put down the right fork
1745 1 is sleeping
1745 3 has taken the left fork
1745 3 is eating
DBG_EAT: id=3 time_last_meal=1745
1805 1 is thinking
DBG_EAT2: id=3 meals=8
1805 3 has put down the left fork
1805 3 has put down the right fork
1805 3 is sleeping
1805 2 has taken the left fork
1805 2 has taken the right fork
1805 2 is eating
DBG_EAT: id=2 time_last_meal=1805
1805 1 has taken the right fork
DBG_EAT2: id=2 meals=8
1865 3 is thinking
1865 2 has put down the right fork
1865 2 has put down the left fork
1865 2 is sleeping
1865 1 has taken the left fork
1865 1 is eating
DBG_EAT: id=1 time_last_meal=1865
1865 3 has taken the right fork
1925 2 is thinking
DBG_EAT2: id=1 meals=16
1925 1 has put down the left fork
1925 1 has put down the right fork
1925 3 has taken the left fork
1925 3 is eating
DBG_EAT: id=3 time_last_meal=1925
1925 1 is sleeping
3792 1 is thinking
DBG_EAT2: id=3 meals=9
3793 3 has put down the left fork
3793 1 has taken the right fork
3793 1 has taken the left fork
3793 1 is eating
DBG_EAT: id=1 time_last_meal=3793
3793 3 has put down the right fork
3793 3 is sleeping
3793 3 has died (last meal at 1925)
DBG_EAT2: id=1 meals=17
