DBG_INIT: meal_mutex init for philo 1
DBG_INIT: meal_mutex init for philo 2
DBG_INIT: meal_mutex init for philo 3
DBG_INIT: meal_mutex init for philo 4
DBG: init philo[1].time_last_meal=0
DBG: init philo[2].time_last_meal=0
DBG: init philo[3].time_last_meal=0
DBG: init philo[4].time_last_meal=0
1 1 has taken the right fork
1 1 has taken the left fork
1 1 is eating
DBG_EAT: id=1 time_last_meal=1
1 3 has taken the right fork
1 3 has taken the left fork
1 3 is eating
DBG_EAT: id=3 time_last_meal=1
DBG: start_time=1758387257776
DBG_EAT2: id=1 meals=1
101 1 has put down the left fork
101 1 has put down the right fork
DBG_EAT2: id=3 meals=1
101 3 has put down the left fork
101 1 is sleeping
102 3 has put down the right fork
102 3 is sleeping
102 4 has taken the left fork
102 4 has taken the right fork
102 4 is eating
DBG_EAT: id=4 time_last_meal=102
102 2 has taken the left fork
102 2 has taken the right fork
102 2 is eating
DBG_EAT: id=2 time_last_meal=102
162 1 is thinking
162 3 is thinking
DBG_EAT2: id=4 meals=1
202 4 has put down the right fork
202 4 has put down the left fork
202 4 is sleeping
202 1 has taken the right fork
DBG_EAT2: id=2 meals=1
202 2 has put down the right fork
202 1 has taken the left fork
202 1 is eating
DBG_EAT: id=1 time_last_meal=202
202 2 has put down the left fork
202 2 is sleeping
202 3 has taken the right fork
202 3 has taken the left fork
202 3 is eating
DBG_EAT: id=3 time_last_meal=202
262 4 is thinking
262 2 is thinking
DBG_EAT2: id=3 meals=2
302 3 has put down the left fork
DBG_EAT2: id=1 meals=2
302 1 has put down the left fork
302 3 has put down the right fork
302 3 is sleeping
302 1 has put down the right fork
302 1 is sleeping
302 2 has taken the left fork
302 2 has taken the right fork
302 2 is eating
DBG_EAT: id=2 time_last_meal=302
302 4 has taken the left fork
302 4 has taken the right fork
302 4 is eating
DBG_EAT: id=4 time_last_meal=302
362 3 is thinking
362 1 is thinking
DBG_EAT2: id=4 meals=2
402 4 has put down the right fork
DBG_EAT2: id=2 meals=2
402 2 has put down the right fork
402 4 has put down the left fork
402 4 is sleeping
402 2 has put down the left fork
403 2 is sleeping
403 1 has taken the right fork
403 1 has taken the left fork
403 1 is eating
DBG_EAT: id=1 time_last_meal=403
403 3 has taken the right fork
403 3 has taken the left fork
403 3 is eating
DBG_EAT: id=3 time_last_meal=403
463 2 is thinking
463 4 is thinking
DBG_EAT2: id=3 meals=3
503 3 has put down the left fork
DBG_EAT2: id=1 meals=3
503 1 has put down the left fork
503 3 has put down the right fork
503 3 is sleeping
503 1 has put down the right fork
503 1 is sleeping
503 2 has taken the left fork
503 2 has taken the right fork
503 2 is eating
DBG_EAT: id=2 time_last_meal=503
503 4 has taken the left fork
503 4 has taken the right fork
503 4 is eating
DBG_EAT: id=4 time_last_meal=503
563 3 is thinking
564 1 is thinking
DBG_EAT2: id=4 meals=3
604 4 has put down the right fork
DBG_EAT2: id=2 meals=3
604 2 has put down the right fork
604 4 has put down the left fork
604 4 is sleeping
604 2 has put down the left fork
604 2 is sleeping
604 1 has taken the right fork
604 1 has taken the left fork
604 1 is eating
DBG_EAT: id=1 time_last_meal=604
604 3 has taken the right fork
604 3 has taken the left fork
604 3 is eating
DBG_EAT: id=3 time_last_meal=604
664 2 is thinking
664 4 is thinking
DBG_EAT2: id=1 meals=4
704 1 has put down the left fork
DBG_EAT2: id=3 meals=4
704 1 has put down the right fork
704 3 has put down the left fork
704 1 is sleeping
704 3 has put down the right fork
704 3 is sleeping
704 4 has taken the left fork
704 4 has taken the right fork
704 4 is eating
DBG_EAT: id=4 time_last_meal=704
704 2 has taken the left fork
704 2 has taken the right fork
704 2 is eating
DBG_EAT: id=2 time_last_meal=704
764 3 is thinking
765 1 is thinking
DBG_EAT2: id=2 meals=4
805 2 has put down the right fork
DBG_EAT2: id=4 meals=4
805 4 has put down the right fork
805 2 has put down the left fork
805 2 is sleeping
805 4 has put down the left fork
805 4 is sleeping
805 3 has taken the right fork
805 3 has taken the left fork
805 3 is eating
DBG_EAT: id=3 time_last_meal=805
805 1 has taken the right fork
805 1 has taken the left fork
805 1 is eating
DBG_EAT: id=1 time_last_meal=805
865 2 is thinking
865 4 is thinking
DBG_EAT2: id=3 meals=5
DBG_EAT2: id=1 meals=5
905 1 has put down the left fork
905 3 has put down the left fork
905 1 has put down the right fork
905 3 has put down the right fork
905 3 is sleeping
905 1 is sleeping
905 2 has taken the left fork
905 2 has taken the right fork
905 2 is eating
DBG_EAT: id=2 time_last_meal=905
906 4 has taken the left fork
906 4 has taken the right fork
906 4 is eating
DBG_EAT: id=4 time_last_meal=906
966 3 is thinking
966 1 is thinking
DBG_EAT2: id=4 meals=5
1006 4 has put down the right fork
DBG_EAT2: id=2 meals=5
1006 2 has put down the right fork
1006 4 has put down the left fork
1006 4 is sleeping
1006 2 has put down the left fork
1006 2 is sleeping
1006 3 has taken the right fork
1006 3 has taken the left fork
1006 3 is eating
DBG_EAT: id=3 time_last_meal=1006
1006 1 has taken the right fork
1006 1 has taken the left fork
1006 1 is eating
DBG_EAT: id=1 time_last_meal=1006
1066 4 is thinking
1066 2 is thinking
DBG_EAT2: id=3 meals=6
1106 3 has put down the left fork
DBG_EAT2: id=1 meals=6
1106 1 has put down the left fork
1106 3 has put down the right fork
1106 1 has put down the right fork
1106 1 is sleeping
1106 3 is sleeping
1106 2 has taken the left fork
1106 2 has taken the right fork
1106 2 is eating
DBG_EAT: id=2 time_last_meal=1106
1106 4 has taken the left fork
1106 4 has taken the right fork
1106 4 is eating
DBG_EAT: id=4 time_last_meal=1106
1166 3 is thinking
1167 1 is thinking
DBG_EAT2: id=2 meals=6
1207 2 has put down the right fork
DBG_EAT2: id=4 meals=6
1207 4 has put down the right fork
1207 2 has put down the left fork
1207 2 is sleeping
1207 4 has put down the left fork
1207 4 is sleeping
1207 3 has taken the right fork
1207 3 has taken the left fork
1207 3 is eating
DBG_EAT: id=3 time_last_meal=1207
1207 1 has taken the right fork
1207 1 has taken the left fork
1207 1 is eating
DBG_EAT: id=1 time_last_meal=1207
1267 2 is thinking
1267 4 is thinking
DBG_EAT2: id=3 meals=7
1307 3 has put down the left fork
1307 3 has put down the right fork
1307 3 is sleeping
DBG_EAT2: id=1 meals=7
1307 1 has put down the left fork
1307 2 has taken the left fork
1307 2 has taken the right fork
1307 2 is eating
DBG_EAT: id=2 time_last_meal=1307
1308 1 has put down the right fork
1308 4 has taken the left fork
1308 4 has taken the right fork
1308 4 is eating
DBG_EAT: id=4 time_last_meal=1308
1308 1 is sleeping
1368 3 is thinking
1368 1 is thinking
DBG_EAT2: id=2 meals=7
1408 2 has put down the right fork
DBG_EAT2: id=4 meals=7
1408 4 has put down the right fork
1408 2 has put down the left fork
1408 4 has put down the left fork
1408 4 is sleeping
1408 2 is sleeping
1408 3 has taken the right fork
1408 3 has taken the left fork
1408 3 is eating
DBG_EAT: id=3 time_last_meal=1408
1408 1 has taken the right fork
1408 1 has taken the left fork
1408 1 is eating
DBG_EAT: id=1 time_last_meal=1408
1468 2 is thinking
1468 4 is thinking
DBG_EAT2: id=3 meals=8
DBG_EAT2: id=1 meals=8
1508 1 has put down the left fork
1508 3 has put down the left fork
1508 1 has put down the right fork
1508 3 has put down the right fork
1508 3 is sleeping
1508 1 is sleeping
1508 2 has taken the left fork
1508 2 has taken the right fork
1508 2 is eating
DBG_EAT: id=2 time_last_meal=1508
1508 4 has taken the left fork
1508 4 has taken the right fork
1508 4 is eating
DBG_EAT: id=4 time_last_meal=1508
1569 3 is thinking
1569 1 is thinking
DBG_EAT2: id=2 meals=8
1609 2 has put down the right fork
DBG_EAT2: id=4 meals=8
1609 4 has put down the right fork
1609 2 has put down the left fork
1609 4 has put down the left fork
1609 4 is sleeping
1609 2 is sleeping
1609 3 has taken the right fork
1609 3 has taken the left fork
1609 3 is eating
DBG_EAT: id=3 time_last_meal=1609
1609 1 has taken the right fork
1609 1 has taken the left fork
1609 1 is eating
DBG_EAT: id=1 time_last_meal=1609
1669 2 is thinking
1669 4 is thinking
DBG_EAT2: id=3 meals=9
1709 3 has put down the left fork
DBG_EAT2: id=1 meals=9
1709 1 has put down the left fork
1709 3 has put down the right fork
1709 3 is sleeping
1709 1 has put down the right fork
1709 1 is sleeping
1709 2 has taken the left fork
1709 2 has taken the right fork
1709 2 is eating
DBG_EAT: id=2 time_last_meal=1709
1709 4 has taken the left fork
1709 4 has taken the right fork
1709 4 is eating
DBG_EAT: id=4 time_last_meal=1709
1770 3 is thinking
1770 1 is thinking
DBG_EAT2: id=2 meals=9
1810 2 has put down the right fork
DBG_EAT2: id=4 meals=9
1810 4 has put down the right fork
1810 2 has put down the left fork
1810 4 has put down the left fork
1810 4 is sleeping
1810 3 has taken the right fork
1810 3 has taken the left fork
1810 3 is eating
DBG_EAT: id=3 time_last_meal=1810
1810 2 is sleeping
1810 1 has taken the right fork
1810 1 has taken the left fork
1810 1 is eating
DBG_EAT: id=1 time_last_meal=1810
1870 2 is thinking
1870 4 is thinking
DBG_EAT2: id=1 meals=10
1910 1 has put down the left fork
DBG_EAT2: id=3 meals=10
1910 3 has put down the left fork
1910 1 has put down the right fork
1910 1 is sleeping
1910 3 has put down the right fork
1910 3 is sleeping
1910 4 has taken the left fork
1910 4 has taken the right fork
1910 4 is eating
DBG_EAT: id=4 time_last_meal=1910
1910 2 has taken the left fork
1910 2 has taken the right fork
1910 2 is eating
DBG_EAT: id=2 time_last_meal=1910
1971 1 is thinking
1971 3 is thinking
DBG_EAT2: id=2 meals=10
2011 2 has put down the right fork
DBG_EAT2: id=4 meals=10
2011 4 has put down the right fork
2011 4 has put down the left fork
2011 3 has taken the right fork
2011 3 has taken the left fork
2011 3 is eating
2011 4 is sleeping
2011 1 has taken the right fork
2011 1 has taken the left fork
2011 1 is eating
DBG_EAT: id=1 time_last_meal=2011
2011 2 has put down the left fork
2011 2 is sleeping
DBG_EAT: id=3 time_last_meal=2011
2071 2 is thinking
2071 4 is thinking
DBG_EAT2: id=3 meals=11
2111 3 has put down the left fork
DBG_EAT2: id=1 meals=11
2111 1 has put down the left fork
2112 3 has put down the right fork
2112 3 is sleeping
2112 1 has put down the right fork
2112 1 is sleeping
2112 2 has taken the left fork
2112 2 has taken the right fork
2112 2 is eating
DBG_EAT: id=2 time_last_meal=2112
2112 4 has taken the left fork
2112 4 has taken the right fork
2112 4 is eating
DBG_EAT: id=4 time_last_meal=2112
2172 3 is thinking
2172 1 is thinking
DBG_EAT2: id=2 meals=11
2212 2 has put down the right fork
DBG_EAT2: id=4 meals=11
2212 4 has put down the right fork
2212 2 has put down the left fork
2212 4 has put down the left fork
2212 4 is sleeping
2212 2 is sleeping
2212 3 has taken the right fork
2212 3 has taken the left fork
2212 3 is eating
DBG_EAT: id=3 time_last_meal=2212
2212 1 has taken the right fork
2212 1 has taken the left fork
2212 1 is eating
DBG_EAT: id=1 time_last_meal=2212
2273 2 is thinking
2273 4 is thinking
DBG_EAT2: id=3 meals=12
2313 3 has put down the left fork
DBG_EAT2: id=1 meals=12
2313 1 has put down the left fork
2313 3 has put down the right fork
2313 3 is sleeping
2313 1 has put down the right fork
2313 1 is sleeping
2313 2 has taken the left fork
2313 2 has taken the right fork
2313 2 is eating
DBG_EAT: id=2 time_last_meal=2313
2313 4 has taken the left fork
2313 4 has taken the right fork
2313 4 is eating
DBG_EAT: id=4 time_last_meal=2313
2373 3 is thinking
2373 1 is thinking
DBG_EAT2: id=2 meals=12
2413 2 has put down the right fork
DBG_EAT2: id=4 meals=12
2413 4 has put down the right fork
2413 2 has put down the left fork
2413 4 has put down the left fork
2413 4 is sleeping
2413 2 is sleeping
2413 3 has taken the right fork
2413 3 has taken the left fork
2413 3 is eating
DBG_EAT: id=3 time_last_meal=2413
2413 1 has taken the right fork
2413 1 has taken the left fork
2413 1 is eating
DBG_EAT: id=1 time_last_meal=2413
2474 2 is thinking
2474 4 is thinking
DBG_EAT2: id=3 meals=13
2514 3 has put down the left fork
2514 3 has put down the right fork
2514 3 is sleeping
DBG_EAT2: id=1 meals=13
2514 1 has put down the left fork
2514 1 has put down the right fork
2514 1 is sleeping
2514 2 has taken the left fork
2514 2 has taken the right fork
2514 2 is eating
DBG_EAT: id=2 time_last_meal=2514
2514 4 has taken the left fork
2514 4 has taken the right fork
2514 4 is eating
DBG_EAT: id=4 time_last_meal=2514
2574 3 is thinking
2574 1 is thinking
DBG_EAT2: id=2 meals=13
2614 2 has put down the right fork
DBG_EAT2: id=4 meals=13
2615 4 has put down the right fork
2615 2 has put down the left fork
2615 4 has put down the left fork
2615 4 is sleeping
2615 2 is sleeping
2615 3 has taken the right fork
2615 3 has taken the left fork
2615 3 is eating
DBG_EAT: id=3 time_last_meal=2615
2615 1 has taken the right fork
2615 1 has taken the left fork
2615 1 is eating
DBG_EAT: id=1 time_last_meal=2615
2675 4 is thinking
2675 2 is thinking
DBG_EAT2: id=3 meals=14
2715 3 has put down the left fork
DBG_EAT2: id=1 meals=14
2715 1 has put down the left fork
2715 3 has put down the right fork
2715 3 is sleeping
2715 1 has put down the right fork
2715 1 is sleeping
2715 2 has taken the left fork
2715 2 has taken the right fork
2715 2 is eating
DBG_EAT: id=2 time_last_meal=2715
2715 4 has taken the left fork
2715 4 has taken the right fork
2715 4 is eating
DBG_EAT: id=4 time_last_meal=2715
2776 3 is thinking
2776 1 is thinking
DBG_EAT2: id=2 meals=14
2816 2 has put down the right fork
DBG_EAT2: id=4 meals=14
2816 4 has put down the right fork
2816 2 has put down the left fork
2816 4 has put down the left fork
2816 4 is sleeping
2816 2 is sleeping
2816 3 has taken the right fork
2816 3 has taken the left fork
2816 1 has taken the right fork
2816 1 has taken the left fork
2816 1 is eating
DBG_EAT: id=1 time_last_meal=2816
2816 3 is eating
DBG_EAT: id=3 time_last_meal=2816
2876 2 is thinking
2876 4 is thinking
DBG_EAT2: id=1 meals=15
2916 1 has put down the left fork
DBG_EAT2: id=3 meals=15
2916 3 has put down the left fork
2916 1 has put down the right fork
2916 3 has put down the right fork
2916 3 is sleeping
2916 1 is sleeping
2916 4 has taken the left fork
2916 4 has taken the right fork
2916 4 is eating
DBG_EAT: id=4 time_last_meal=2916
2916 2 has taken the left fork
2916 2 has taken the right fork
2916 2 is eating
DBG_EAT: id=2 time_last_meal=2916
2977 1 is thinking
2977 3 is thinking
DBG_EAT2: id=4 meals=15
3017 4 has put down the right fork
DBG_EAT2: id=2 meals=15
3017 2 has put down the right fork
3017 4 has put down the left fork
3017 2 has put down the left fork
3017 2 is sleeping
3017 4 is sleeping
3017 1 has taken the right fork
3017 1 has taken the left fork
3017 1 is eating
DBG_EAT: id=1 time_last_meal=3017
3017 3 has taken the right fork
3017 3 has taken the left fork
3017 3 is eating
DBG_EAT: id=3 time_last_meal=3017
3077 4 is thinking
3077 2 is thinking
DBG_EAT2: id=3 meals=16
3117 3 has put down the left fork
DBG_EAT2: id=1 meals=16
3117 1 has put down the left fork
3117 3 has put down the right fork
3117 3 is sleeping
3117 1 has put down the right fork
3117 1 is sleeping
3117 2 has taken the left fork
3117 2 has taken the right fork
3117 2 is eating
DBG_EAT: id=2 time_last_meal=3117
3117 4 has taken the left fork
3117 4 has taken the right fork
3117 4 is eating
DBG_EAT: id=4 time_last_meal=3117
3178 3 is thinking
3178 1 is thinking
DBG_EAT2: id=2 meals=16
3218 2 has put down the right fork
DBG_EAT2: id=4 meals=16
3218 4 has put down the right fork
3218 2 has put down the left fork
3218 4 has put down the left fork
3218 4 is sleeping
3218 2 is sleeping
3218 3 has taken the right fork
3218 3 has taken the left fork
3218 3 is eating
DBG_EAT: id=3 time_last_meal=3218
3218 1 has taken the right fork
3218 1 has taken the left fork
3218 1 is eating
DBG_EAT: id=1 time_last_meal=3218
3278 2 is thinking
3278 4 is thinking
DBG_EAT2: id=1 meals=17
3319 1 has put down the left fork
DBG_EAT2: id=3 meals=17
3319 3 has put down the left fork
3319 1 has put down the right fork
3319 3 has put down the right fork
3319 3 is sleeping
3319 1 is sleeping
3319 4 has taken the left fork
3319 4 has taken the right fork
3319 4 is eating
DBG_EAT: id=4 time_last_meal=3319
3319 2 has taken the left fork
3319 2 has taken the right fork
3319 2 is eating
DBG_EAT: id=2 time_last_meal=3319
3379 1 is thinking
3379 3 is thinking
DBG_EAT2: id=4 meals=17
3419 4 has put down the right fork
DBG_EAT2: id=2 meals=17
3419 2 has put down the right fork
3419 4 has put down the left fork
3419 2 has put down the left fork
3419 2 is sleeping
3419 4 is sleeping
3419 1 has taken the right fork
3419 1 has taken the left fork
3419 1 is eating
DBG_EAT: id=1 time_last_meal=3419
3419 3 has taken the right fork
3419 3 has taken the left fork
3419 3 is eating
DBG_EAT: id=3 time_last_meal=3419
3480 2 is thinking
3480 4 is thinking
DBG_EAT2: id=1 meals=18
3520 1 has put down the left fork
DBG_EAT2: id=3 meals=18
3520 3 has put down the left fork
3520 1 has put down the right fork
3520 3 has put down the right fork
3520 3 is sleeping
3520 1 is sleeping
3520 4 has taken the left fork
3520 4 has taken the right fork
3520 4 is eating
DBG_EAT: id=4 time_last_meal=3520
3520 2 has taken the left fork
3520 2 has taken the right fork
3520 2 is eating
DBG_EAT: id=2 time_last_meal=3520
3580 1 is thinking
3580 3 is thinking
DBG_EAT2: id=4 meals=18
3620 4 has put down the right fork
3620 4 has put down the left fork
3620 4 is sleeping
DBG_EAT2: id=2 meals=18
3620 2 has put down the right fork
3620 1 has taken the right fork
3620 1 has taken the left fork
3620 1 is eating
DBG_EAT: id=1 time_last_meal=3620
3620 2 has put down the left fork
3620 2 is sleeping
3620 3 has taken the right fork
3620 3 has taken the left fork
3620 3 is eating
DBG_EAT: id=3 time_last_meal=3620
3680 4 is thinking
3680 2 is thinking
DBG_EAT2: id=1 meals=19
3720 1 has put down the left fork
DBG_EAT2: id=3 meals=19
3720 3 has put down the left fork
3720 1 has put down the right fork
3720 3 has put down the right fork
3720 3 is sleeping
3720 1 is sleeping
3720 4 has taken the left fork
3720 4 has taken the right fork
3720 4 is eating
DBG_EAT: id=4 time_last_meal=3720
3720 2 has taken the left fork
3720 2 has taken the right fork
3720 2 is eating
DBG_EAT: id=2 time_last_meal=3720
3781 1 is thinking
3781 3 is thinking
DBG_EAT2: id=2 meals=19
3821 2 has put down the right fork
DBG_EAT2: id=4 meals=19
3821 4 has put down the right fork
3821 2 has put down the left fork
3821 2 is sleeping
3821 4 has put down the left fork
3821 4 is sleeping
3821 3 has taken the right fork
3821 3 has taken the left fork
3821 3 is eating
DBG_EAT: id=3 time_last_meal=3821
3821 1 has taken the right fork
3821 1 has taken the left fork
3821 1 is eating
DBG_EAT: id=1 time_last_meal=3821
3881 2 is thinking
3881 4 is thinking
DBG_EAT2: id=3 meals=20
3921 3 has put down the left fork
DBG_EAT2: id=1 meals=20
3921 1 has put down the left fork
3921 3 has put down the right fork
3921 3 is sleeping
3921 1 has put down the right fork
3921 1 is sleeping
3921 2 has taken the left fork
3921 2 has taken the right fork
3921 2 is eating
DBG_EAT: id=2 time_last_meal=3921
3921 4 has taken the left fork
3921 4 has taken the right fork
3921 4 is eating
DBG_EAT: id=4 time_last_meal=3921
3982 1 is thinking
3982 3 is thinking
DBG_EAT2: id=4 meals=20
4021 4 has put down the right fork
DBG_EAT2: id=2 meals=20
4021 2 has put down the right fork
4021 4 has put down the left fork
4021 4 is sleeping
4022 2 has put down the left fork
4022 1 has taken the right fork
4022 1 has taken the left fork
4022 1 is eating
DBG_EAT: id=1 time_last_meal=4022
4022 2 is sleeping
4022 3 has taken the right fork
4022 3 has taken the left fork
4022 3 is eating
DBG_EAT: id=3 time_last_meal=4022
4082 2 is thinking
4082 4 is thinking
DBG_EAT2: id=3 meals=21
4122 3 has put down the left fork
DBG_EAT2: id=1 meals=21
4122 1 has put down the left fork
4122 3 has put down the right fork
4122 1 has put down the right fork
4122 1 is sleeping
4122 3 is sleeping
4122 2 has taken the left fork
4122 2 has taken the right fork
4122 2 is eating
DBG_EAT: id=2 time_last_meal=4122
4122 4 has taken the left fork
4122 4 has taken the right fork
4122 4 is eating
DBG_EAT: id=4 time_last_meal=4122
4182 1 is thinking
4182 3 is thinking
DBG_EAT2: id=4 meals=21
4222 4 has put d