DBG_INIT: meal_mutex init for philo 1
DBG_INIT: meal_mutex init for philo 2
DBG_INIT: meal_mutex init for philo 3
DBG_INIT: meal_mutex init for philo 4
DBG: init philo[1].time_last_meal=0
DBG: init philo[2].time_last_meal=0
DBG: init philo[3].time_last_meal=0
DBG: init philo[4].time_last_meal=0
0 1 has taken the right fork
0 1 has taken the left fork
0 1 is eating
DBG_EAT: id=1 time_last_meal=0
0 3 has taken the right fork
0 3 has taken the left fork
0 3 is eating
DBG_EAT: id=3 time_last_meal=0
DBG: start_time=1758386775189
DBG_EAT2: id=1 meals=1
100 1 has put down the left fork
100 1 has put down the right fork
100 1 is sleeping
100 4 has taken the left fork
DBG_EAT2: id=3 meals=1
100 3 has put down the left fork
100 3 has put down the right fork
101 3 is sleeping
101 4 has taken the right fork
101 4 is eating
DBG_EAT: id=4 time_last_meal=101
101 2 has taken the left fork
101 2 has taken the right fork
101 2 is eating
DBG_EAT: id=2 time_last_meal=101
2051 1 is thinking
2051 3 is thinking
DBG_EAT2: id=4 meals=1
2051 4 has put down the right fork
2051 4 has put down the left fork
2052 4 is sleeping
2052 1 has taken the right fork
DBG_EAT2: id=2 meals=1
2052 4 has died (last meal at 101)
