DBG_INIT: meal_mutex init for philo 1
DBG_INIT: meal_mutex init for philo 2
DBG: init philo[1].time_last_meal=0
DBG: init philo[2].time_last_meal=0
0 1 has taken the right fork
0 1 has taken the left fork
0 1 is eating
DBG_EAT: id=1 time_last_meal=0
DBG: start_time=1758403102566
DBG_EAT2: id=1 meals=1
61 1 has put down the left fork
61 1 has put down the right fork
61 1 is sleeping
61 2 has taken the left fork
61 2 has taken the right fork
61 2 is eating
DBG_EAT: id=2 time_last_meal=61
DBG_EAT2: id=2 meals=1
122 2 has put down the right fork
122 2 has put down the left fork
122 1 is thinking
122 1 has taken the right fork
122 1 has taken the left fork
122 1 is eating
DBG_EAT: id=1 time_last_meal=122
123 2 is sleeping
DBG_EAT2: id=1 meals=2
183 1 has put down the left fork
183 1 has put down the right fork
183 1 is sleeping
184 2 is thinking
184 2 has taken the left fork
184 2 has taken the right fork
184 2 is eating
DBG_EAT: id=2 time_last_meal=184
245 1 is thinking
DBG_EAT2: id=2 meals=2
245 2 has put down the right fork
245 2 has put down the left fork
245 2 is sleeping
245 1 has taken the right fork
245 1 has taken the left fork
245 1 is eating
DBG_EAT: id=1 time_last_meal=245
DBG_EAT2: id=1 meals=3
307 1 has put down the left fork
307 1 has put down the right fork
307 2 is thinking
307 1 is sleeping
307 2 has taken the left fork
307 2 has taken the right fork
307 2 is eating
DBG_EAT: id=2 time_last_meal=307
DBG_EAT2: id=2 meals=3
368 2 has put down the right fork
368 2 has put down the left fork
368 1 is thinking
368 1 has taken the right fork
368 1 has taken the left fork
368 1 is eating
DBG_EAT: id=1 time_last_meal=368
368 2 is sleeping
368 All philosophers ate enough
DBG_EAT2: id=1 meals=4
