DBG_INIT: meal_mutex init for philo 1
DBG_INIT: meal_mutex init for philo 2
DBG_INIT: meal_mutex init for philo 3
DBG: init philo[1].time_last_meal=0
DBG: init philo[2].time_last_meal=0
DBG: init philo[3].time_last_meal=0
0 1 has taken the right fork
0 1 has taken the left fork
0 1 is eating
DBG_EAT: id=1 time_last_meal=0
0 3 has taken the right fork
DBG: start_time=1758386308451
DBG_EAT2: id=1 meals=1
60 1 has put down the left fork
60 1 has put down the right fork
60 1 is sleeping
60 3 has taken the left fork
60 3 is eating
DBG_EAT: id=3 time_last_meal=60
DBG_EAT2: id=3 meals=1
120 3 has put down the left fork
120 3 has put down the right fork
120 3 is sleeping
120 2 has taken the left fork
120 2 has taken the right fork
120 2 is eating
DBG_EAT: id=2 time_last_meal=120
160 1 is thinking
160 1 has taken the right fork
DBG_EAT2: id=2 meals=1
180 2 has put down the right fork
180 2 has put down the left fork
180 2 is sleeping
180 1 has taken the left fork
180 1 is eating
DBG_EAT: id=1 time_last_meal=180
220 3 is thinking
220 3 has taken the right fork
DBG_EAT2: id=1 meals=2
240 1 has put down the left fork
241 1 has put down the right fork
241 1 is sleeping
241 3 has taken the left fork
241 3 is eating
DBG_EAT: id=3 time_last_meal=241
280 2 is thinking
DBG_EAT2: id=3 meals=2
301 3 has put down the left fork
301 3 has put down the right fork
301 3 is sleeping
301 2 has taken the left fork
301 2 has taken the right fork
301 2 is eating
DBG_EAT: id=2 time_last_meal=301
341 1 is thinking
341 1 has taken the right fork
DBG_EAT2: id=2 meals=2
361 2 has put down the right fork
361 2 has put down the left fork
361 2 is sleeping
361 1 has taken the left fork
361 1 is eating
DBG_EAT: id=1 time_last_meal=361
401 3 is thinking
401 3 has taken the right fork
DBG_EAT2: id=1 meals=3
421 1 has put down the left fork
421 1 has put down the right fork
421 1 is sleeping
421 3 has taken the left fork
421 3 is eating
DBG_EAT: id=3 time_last_meal=421
461 2 is thinking
DBG_EAT2: id=3 meals=3
481 3 has put down the left fork
481 3 has put down the right fork
481 3 is sleeping
481 2 has taken the left fork
481 2 has taken the right fork
481 2 is eating
DBG_EAT: id=2 time_last_meal=481
521 1 is thinking
521 1 has taken the right fork
DBG_EAT2: id=2 meals=3
541 2 has put down the right fork
541 2 has put down the left fork
541 2 is sleeping
541 1 has taken the left fork
541 1 is eating
DBG_EAT: id=1 time_last_meal=541
581 3 is thinking
581 3 has taken the right fork
DBG_EAT2: id=1 meals=4
601 1 has put down the left fork
601 1 has put down the right fork
601 1 is sleeping
601 3 has taken the left fork
601 3 is eating
DBG_EAT: id=3 time_last_meal=601
641 2 is thinking
DBG_EAT2: id=3 meals=4
662 3 has put down the left fork
662 3 has put down the right fork
662 3 is sleeping
662 2 has taken the left fork
662 2 has taken the right fork
662 2 is eating
DBG_EAT: id=2 time_last_meal=662
702 1 is thinking
702 1 has taken the right fork
DBG_EAT2: id=2 meals=4
722 2 has put down the right fork
722 2 has put down the left fork
722 2 is sleeping
722 1 has taken the left fork
722 1 is eating
DBG_EAT: id=1 time_last_meal=722
762 3 is thinking
762 3 has taken the right fork
DBG_EAT2: id=1 meals=5
782 1 has put down the left fork
782 1 has put down the right fork
782 1 is sleeping
782 3 has taken the left fork
782 3 is eating
DBG_EAT: id=3 time_last_meal=782
822 2 is thinking
DBG_EAT2: id=3 meals=5
842 3 has put down the left fork
842 3 has put down the right fork
842 3 is sleeping
842 2 has taken the left fork
842 2 has taken the right fork
842 2 is eating
DBG_EAT: id=2 time_last_meal=842
882 1 is thinking
882 1 has taken the right fork
DBG_EAT2: id=2 meals=5
902 2 has put down the right fork
902 2 has put down the left fork
902 2 is sleeping
902 1 has taken the left fork
902 1 is eating
DBG_EAT: id=1 time_last_meal=902
902 All philosophers ate enough
DBG_EAT2: id=1 meals=6
