DBG_INIT: meal_mutex init for philo 1
DBG_INIT: meal_mutex init for philo 2
DBG: init philo[1].time_last_meal=0
DBG: init philo[2].time_last_meal=0
0 1 has taken the right fork
0 1 has taken the left fork
0 1 is eating
DBG_EAT: id=1 time_last_meal=0
DBG: start_time=1758403103008
DBG_EAT2: id=1 meals=1
60 1 has put down the left fork
60 1 has put down the right fork
60 2 has taken the left fork
60 2 has taken the right fork
60 2 is eating
DBG_EAT: id=2 time_last_meal=60
60 1 is sleeping
121 1 is thinking
DBG_EAT2: id=2 meals=1
121 2 has put down the right fork
121 2 has put down the left fork
122 2 is sleeping
122 1 has taken the right fork
122 1 has taken the left fork
122 1 is eating
DBG_EAT: id=1 time_last_meal=122
DBG_EAT2: id=1 meals=2
183 1 has put down the left fork
183 1 has put down the right fork
183 2 is thinking
183 1 is sleeping
183 2 has taken the left fork
183 2 has taken the right fork
183 2 is eating
DBG_EAT: id=2 time_last_meal=183
245 1 is thinking
DBG_EAT2: id=2 meals=2
245 2 has put down the right fork
245 2 has put down the left fork
245 1 has taken the right fork
245 1 has taken the left fork
245 1 is eating
DBG_EAT: id=1 time_last_meal=245
245 2 is sleeping
DBG_EAT2: id=1 meals=3
306 1 has put down the left fork
306 1 has put down the right fork
306 2 is thinking
306 1 is sleeping
306 2 has taken the left fork
306 2 has taken the right fork
306 2 is eating
DBG_EAT: id=2 time_last_meal=306
DBG_EAT2: id=2 meals=3
367 2 has put down the right fork
367 2 has put down the left fork
367 2 is sleeping
367 1 is thinking
367 1 has taken the right fork
367 1 has taken the left fork
367 1 is eating
DBG_EAT: id=1 time_last_meal=367
428 2 is thinking
DBG_EAT2: id=1 meals=4
429 1 has put down the left fork
429 1 has put down the right fork
429 1 is sleeping
429 2 has taken the left fork
429 2 has taken the right fork
429 2 is eating
DBG_EAT: id=2 time_last_meal=429
DBG_EAT2: id=2 meals=4
490 2 has put down the right fork
490 2 has put down the left fork
490 1 is thinking
490 1 has taken the right fork
490 1 has taken the left fork
490 1 is eating
DBG_EAT: id=1 time_last_meal=490
490 2 is sleeping
DBG_EAT2: id=1 meals=5
552 1 has put down the left fork
552 1 has put down the right fork
552 2 is thinking
552 1 is sleeping
552 2 has taken the left fork
552 2 has taken the right fork
552 2 is eating
DBG_EAT: id=2 time_last_meal=552
613 1 is thinking
DBG_EAT2: id=2 meals=5
613 2 has put down the right fork
613 2 has put down the left fork
613 2 is sleeping
614 1 has taken the right fork
614 1 has taken the left fork
614 1 is eating
DBG_EAT: id=1 time_last_meal=614
614 All philosophers ate enough
DBG_EAT2: id=1 meals=6
