DBG_INIT: meal_mutex init for philo 1
DBG_INIT: meal_mutex init for philo 2
DBG_INIT: meal_mutex init for philo 3
DBG_INIT: meal_mutex init for philo 4
DBG_INIT: meal_mutex init for philo 5
DBG: init philo[1].time_last_meal=0
DBG: init philo[2].time_last_meal=0
DBG: init philo[3].time_last_meal=0
DBG: init philo[4].time_last_meal=0
DBG: init philo[5].time_last_meal=0
0 1 has taken the right fork
0 1 has taken the left fork
0 1 is eating
DBG_EAT: id=1 time_last_meal=0
1 3 has taken the right fork
1 3 has taken the left fork
1 3 is eating
DBG_EAT: id=3 time_last_meal=1
1 4 has taken the left fork
DBG: start_time=1758387920262
DBG_EAT2: id=1 meals=1
101 1 has put down the left fork
101 1 has put down the right fork
101 1 is sleeping
DBG_EAT2: id=3 meals=1
101 3 has put down the left fork
101 3 has put down the right fork
101 4 has taken the right fork
101 4 is eating
DBG_EAT: id=4 time_last_meal=101
101 3 is sleeping
101 2 has taken the left fork
101 2 has taken the right fork
101 2 is eating
DBG_EAT: id=2 time_last_meal=101
DBG_EAT2: id=2 meals=1
201 2 has put down the right fork
201 2 has put down the left fork
201 2 is sleeping
DBG_EAT2: id=4 meals=1
201 4 has put down the right fork
201 4 has put down the left fork
201 5 has taken the right fork
201 5 has taken the left fork
201 5 is eating
DBG_EAT: id=5 time_last_meal=201
201 4 is sleeping
301 1 is thinking
301 3 is thinking
301 3 has taken the right fork
301 3 has taken the left fork
301 3 is eating
DBG_EAT: id=3 time_last_meal=301
DBG_EAT2: id=5 meals=1
302 5 has put down the left fork
302 5 has put down the right fork
302 5 is sleeping
302 1 has taken the right fork
302 1 has taken the left fork
302 1 is eating
DBG_EAT: id=1 time_last_meal=302
DBG_EAT2: id=3 meals=2
401 3 has put down the left fork
401 3 has put down the right fork
401 3 is sleeping
401 2 is thinking
402 4 is thinking
402 2 has taken the left fork
402 4 has taken the left fork
402 4 has taken the right fork
402 4 is eating
DBG_EAT: id=4 time_last_meal=402
DBG_EAT2: id=1 meals=2
402 1 has put down the left fork
402 1 has put down the right fork
402 1 is sleeping
402 2 has taken the right fork
402 2 is eating
DBG_EAT: id=2 time_last_meal=402
DBG_EAT2: id=4 meals=2
502 4 has put down the right fork
502 4 has put down the left fork
502 4 is sleeping
502 5 is thinking
502 5 has taken the right fork
502 5 has taken the left fork
502 5 is eating
DBG_EAT: id=5 time_last_meal=502
DBG_EAT2: id=2 meals=2
503 2 has put down the right fork
503 2 has put down the left fork
503 2 is sleeping
602 3 is thinking
602 3 has taken the right fork
602 3 has taken the left fork
602 3 is eating
DBG_EAT: id=3 time_last_meal=602
DBG_EAT2: id=5 meals=2
602 5 has put down the left fork
602 5 has put down the right fork
602 5 is sleeping
602 1 is thinking
602 1 has taken the right fork
602 1 has taken the left fork
602 1 is eating
DBG_EAT: id=1 time_last_meal=602
DBG_EAT2: id=3 meals=3
702 3 has put down the left fork
702 3 has put down the right fork
702 3 is sleeping
702 4 is thinking
702 4 has taken the left fork
702 4 has taken the right fork
702 4 is eating
DBG_EAT: id=4 time_last_meal=702
DBG_EAT2: id=1 meals=3
703 1 has put down the left fork
703 1 has put down the right fork
703 1 is sleeping
703 2 is thinking
703 2 has taken the left fork
703 2 has taken the right fork
703 2 is eating
DBG_EAT: id=2 time_last_meal=703
802 5 is thinking
DBG_EAT2: id=4 meals=3
802 4 has put down the right fork
803 4 has put down the left fork
803 4 is sleeping
803 5 has taken the right fork
803 5 has taken the left fork
803 5 is eating
DBG_EAT: id=5 time_last_meal=803
DBG_EAT2: id=2 meals=3
804 2 has put down the right fork
804 2 has put down the left fork
804 2 is sleeping
902 3 is thinking
902 3 has taken the right fork
902 3 has taken the left fork
902 3 is eating
DBG_EAT: id=3 time_last_meal=902
DBG_EAT2: id=5 meals=3
903 5 has put down the left fork
903 5 has put down the right fork
903 1 is thinking
903 1 has taken the right fork
903 1 has taken the left fork
903 1 is eating
DBG_EAT: id=1 time_last_meal=903
903 5 is sleeping
DBG_EAT2: id=3 meals=4
1002 3 has put down the left fork
1002 3 has put down the right fork
1002 3 is sleeping
1003 4 is thinking
DBG_EAT2: id=1 meals=4
1003 1 has put down the left fork
1003 1 has put down the right fork
1003 1 is sleeping
1003 4 has taken the left fork
1003 4 has taken the right fork
1003 4 is eating
DBG_EAT: id=4 time_last_meal=1003
1004 2 is thinking
1004 2 has taken the left fork
1004 2 has taken the right fork
1004 2 is eating
DBG_EAT: id=2 time_last_meal=1004
1103 5 is thinking
DBG_EAT2: id=4 meals=4
1103 4 has put down the right fork
1104 4 has put down the left fork
1104 4 is sleeping
1104 5 has taken the right fork
1104 5 has taken the left fork
1104 5 is eating
DBG_EAT: id=5 time_last_meal=1104
DBG_EAT2: id=2 meals=4
1104 2 has put down the right fork
1104 2 has put down the left fork
1104 2 is sleeping
1202 3 is thinking
1202 3 has taken the right fork
1202 3 has taken the left fork
1202 3 is eating
DBG_EAT: id=3 time_last_meal=1202
1204 1 is thinking
DBG_EAT2: id=5 meals=4
1204 5 has put down the left fork
1204 5 has put down the right fork
1204 5 is sleeping
1204 1 has taken the right fork
1204 1 has taken the left fork
1204 1 is eating
DBG_EAT: id=1 time_last_meal=1204
1204 All philosophers ate enough
DBG_EAT2: id=3 meals=5
DBG_EAT2: id=1 meals=5
