DBG_INIT: meal_mutex init for philo 1
DBG_INIT: meal_mutex init for philo 2
DBG_INIT: meal_mutex init for philo 3
DBG_INIT: meal_mutex init for philo 4
DBG: init philo[1].time_last_meal=0
DBG: init philo[2].time_last_meal=0
DBG: init philo[3].time_last_meal=0
DBG: init philo[4].time_last_meal=0
0 1 has taken the right fork
0 1 has taken the left fork
0 1 is eating
DBG_EAT: id=1 time_last_meal=0
1 2 has taken the left fork
DBG: start_time=1758386892739
DBG_EAT2: id=1 meals=1
60 1 has put down the left fork
60 1 has put down the right fork
60 1 is sleeping
60 2 has taken the right fork
61 2 is eating
DBG_EAT: id=2 time_last_meal=61
61 4 has taken the left fork
61 4 has taken the right fork
61 4 is eating
DBG_EAT: id=4 time_last_meal=61
121 1 is thinking
DBG_EAT2: id=4 meals=1
121 4 has put down the right fork
121 4 has put down the left fork
121 4 is sleeping
121 1 has taken the right fork
DBG_EAT2: id=2 meals=1
121 2 has put down the right fork
121 2 has put down the left fork
121 1 has taken the left fork
121 1 is eating
DBG_EAT: id=1 time_last_meal=121
121 2 is sleeping
121 3 has taken the right fork
121 3 has taken the left fork
121 3 is eating
DBG_EAT: id=3 time_last_meal=121
181 4 is thinking
DBG_EAT2: id=1 meals=2
181 1 has put down the left fork
181 1 has put down the right fork
181 2 is thinking
181 1 is sleeping
181 4 has taken the left fork
DBG_EAT2: id=3 meals=1
181 3 has put down the left fork
181 3 has put down the right fork
181 2 has taken the left fork
181 2 has taken the right fork
181 2 is eating
DBG_EAT: id=2 time_last_meal=181
181 3 is sleeping
181 4 has taken the right fork
181 4 is eating
DBG_EAT: id=4 time_last_meal=181
241 1 is thinking
DBG_EAT2: id=2 meals=2
241 2 has put down the right fork
241 2 has put down the left fork
241 3 is thinking
241 3 has taken the right fork
241 2 is sleeping
DBG_EAT2: id=4 meals=2
241 4 has put down the right fork
241 4 has put down the left fork
241 4 is sleeping
241 3 has taken the left fork
241 3 is eating
DBG_EAT: id=3 time_last_meal=241
241 1 has taken the right fork
241 1 has taken the left fork
241 1 is eating
DBG_EAT: id=1 time_last_meal=241
301 2 is thinking
301 4 is thinking
DBG_EAT2: id=1 meals=3
301 1 has put down the left fork
DBG_EAT2: id=3 meals=2
301 3 has put down the left fork
301 1 has put down the right fork
301 3 has put down the right fork
301 3 is sleeping
301 1 is sleeping
301 4 has taken the left fork
301 4 has taken the right fork
301 4 is eating
DBG_EAT: id=4 time_last_meal=301
301 2 has taken the left fork
301 2 has taken the right fork
301 2 is eating
DBG_EAT: id=2 time_last_meal=301
362 1 is thinking
362 3 is thinking
DBG_EAT2: id=4 meals=3
362 4 has put down the right fork
DBG_EAT2: id=2 meals=3
362 2 has put down the right fork
362 4 has put down the left fork
362 4 is sleeping
362 2 has put down the left fork
362 2 is sleeping
362 3 has taken the right fork
362 1 has taken the right fork
362 1 has taken the left fork
362 1 is eating
DBG_EAT: id=1 time_last_meal=362
362 3 has taken the left fork
362 3 is eating
DBG_EAT: id=3 time_last_meal=362
422 4 is thinking
422 2 is thinking
DBG_EAT2: id=1 meals=4
422 1 has put down the left fork
422 1 has put down the right fork
DBG_EAT2: id=3 meals=3
422 3 has put down the left fork
422 3 has put down the right fork
422 3 is sleeping
422 1 is sleeping
422 4 has taken the left fork
422 4 has taken the right fork
422 4 is eating
DBG_EAT: id=4 time_last_meal=422
422 2 has taken the left fork
422 2 has taken the right fork
422 2 is eating
DBG_EAT: id=2 time_last_meal=422
482 3 is thinking
482 1 is thinking
DBG_EAT2: id=4 meals=4
482 4 has put down the right fork
482 4 has put down the left fork
482 4 is sleeping
DBG_EAT2: id=2 meals=4
482 2 has put down the right fork
482 2 has put down the left fork
482 2 is sleeping
482 1 has taken the right fork
482 1 has taken the left fork
482 1 is eating
DBG_EAT: id=1 time_last_meal=482
482 3 has taken the right fork
482 3 has taken the left fork
482 3 is eating
DBG_EAT: id=3 time_last_meal=482
542 4 is thinking
542 2 is thinking
DBG_EAT2: id=1 meals=5
542 1 has put down the left fork
542 1 has put down the right fork
542 1 is sleeping
542 4 has taken the left fork
DBG_EAT2: id=3 meals=4
542 3 has put down the left fork
542 3 has put down the right fork
542 3 is sleeping
542 4 has taken the right fork
542 4 is eating
DBG_EAT: id=4 time_last_meal=542
542 2 has taken the left fork
542 2 has taken the right fork
542 2 is eating
DBG_EAT: id=2 time_last_meal=542
602 1 is thinking
602 3 is thinking
DBG_EAT2: id=4 meals=5
602 4 has put down the right fork
602 4 has put down the left fork
602 4 is sleeping
DBG_EAT2: id=2 meals=5
602 2 has put down the right fork
602 2 has put down the left fork
602 2 is sleeping
602 1 has taken the right fork
602 1 has taken the left fork
602 1 is eating
DBG_EAT: id=1 time_last_meal=602
603 3 has taken the right fork
603 3 has taken the left fork
603 3 is eating
DBG_EAT: id=3 time_last_meal=603
663 4 is thinking
663 2 is thinking
DBG_EAT2: id=1 meals=6
663 1 has put down the left fork
663 1 has put down the right fork
663 1 is sleeping
DBG_EAT2: id=3 meals=5
663 3 has put down the left fork
663 3 has put down the right fork
663 3 is sleeping
663 4 has taken the left fork
663 4 has taken the right fork
663 4 is eating
DBG_EAT: id=4 time_last_meal=663
663 2 has taken the left fork
663 2 has taken the right fork
663 2 is eating
DBG_EAT: id=2 time_last_meal=663
723 1 is thinking
723 3 is thinking
DBG_EAT2: id=4 meals=6
723 4 has put down the right fork
DBG_EAT2: id=2 meals=6
723 4 has put down the left fork
723 4 is sleeping
723 2 has put down the right fork
723 2 has put down the left fork
723 3 has taken the right fork
723 3 has taken the left fork
723 3 is eating
DBG_EAT: id=3 time_last_meal=723
723 1 has taken the right fork
723 1 has taken the left fork
723 1 is eating
DBG_EAT: id=1 time_last_meal=723
723 2 is sleeping
783 4 is thinking
DBG_EAT2: id=1 meals=7
783 2 is thinking
783 1 has put down the left fork
783 1 has put down the right fork
783 1 is sleeping
DBG_EAT2: id=3 meals=6
783 3 has put down the left fork
783 3 has put down the right fork
783 3 is sleeping
783 4 has taken the left fork
783 4 has taken the right fork
783 4 is eating
DBG_EAT: id=4 time_last_meal=783
783 2 has taken the left fork
783 2 has taken the right fork
783 2 is eating
DBG_EAT: id=2 time_last_meal=783
843 1 is thinking
843 3 is thinking
DBG_EAT2: id=4 meals=7
843 4 has put down the right fork
843 4 has put down the left fork
843 4 is sleeping
DBG_EAT2: id=2 meals=7
843 2 has put down the right fork
843 2 has put down the left fork
843 1 has taken the right fork
843 1 has taken the left fork
843 1 is eating
DBG_EAT: id=1 time_last_meal=843
843 2 is sleeping
843 3 has taken the right fork
843 3 has taken the left fork
843 3 is eating
DBG_EAT: id=3 time_last_meal=843
903 4 is thinking
903 2 is thinking
DBG_EAT2: id=1 meals=8
903 1 has put down the left fork
903 1 has put down the right fork
903 1 is sleeping
DBG_EAT2: id=3 meals=7
903 3 has put down the left fork
903 3 has put down the right fork
903 3 is sleeping
903 4 has taken the left fork
903 4 has taken the right fork
903 4 is eating
DBG_EAT: id=4 time_last_meal=903
903 2 has taken the left fork
903 2 has taken the right fork
903 2 is eating
DBG_EAT: id=2 time_last_meal=903
963 1 is thinking
963 3 is thinking
DBG_EAT2: id=4 meals=8
963 4 has put down the right fork
963 4 has put down the left fork
963 4 is sleeping
963 1 has taken the right fork
DBG_EAT2: id=2 meals=8
963 2 has put down the right fork
963 1 has taken the left fork
963 1 is eating
DBG_EAT: id=1 time_last_meal=963
963 2 has put down the left fork
963 2 is sleeping
964 3 has taken the right fork
964 3 has taken the left fork
964 3 is eating
DBG_EAT: id=3 time_last_meal=964
1024 4 is thinking
1024 2 is thinking
DBG_EAT2: id=1 meals=9
DBG_EAT2: id=3 meals=8
1024 3 has put down the left fork
1024 3 has put down the right fork
1024 3 is sleeping
1024 1 has put down the left fork
1024 1 has put down the right fork
1024 1 is sleeping
1024 4 has taken the left fork
1024 4 has taken the right fork
1024 4 is eating
DBG_EAT: id=4 time_last_meal=1024
1024 2 has taken the left fork
1024 2 has taken the right fork
1024 2 is eating
DBG_EAT: id=2 time_last_meal=1024
1084 3 is thinking
1084 1 is thinking
DBG_EAT2: id=4 meals=9
1084 4 has put down the right fork
1084 4 has put down the left fork
1084 4 is sleeping
1084 1 has taken the right fork
DBG_EAT2: id=2 meals=9
1084 2 has put down the right fork
1084 2 has put down the left fork
1084 2 is sleeping
1084 1 has taken the left fork
1084 1 is eating
DBG_EAT: id=1 time_last_meal=1084
1084 3 has taken the right fork
1084 3 has taken the left fork
1084 3 is eating
DBG_EAT: id=3 time_last_meal=1084
1144 4 is thinking
1144 2 is thinking
DBG_EAT2: id=1 meals=10
1144 1 has put down the left fork
DBG_EAT2: id=3 meals=9
1144 3 has put down the left fork
1144 3 has put down the right fork
1144 3 is sleeping
1144 1 has put down the right fork
1144 1 is sleeping
1144 4 has taken the left fork
1144 4 has taken the right fork
1144 4 is eating
DBG_EAT: id=4 time_last_meal=1144
1144 2 has taken the left fork
1144 2 has taken the right fork
1144 2 is eating
DBG_EAT: id=2 time_last_meal=1144
1204 3 is thinking
1204 1 is thinking
DBG_EAT2: id=4 meals=10
1204 4 has put down the right fork
1204 4 has put down the left fork
1204 4 is sleeping
DBG_EAT2: id=2 meals=10
1204 2 has put down the right fork
1204 2 has put down the left fork
1204 1 has taken the right fork
1204 1 has taken the left fork
1204 1 is eating
DBG_EAT: id=1 time_last_meal=1204
1204 2 is sleeping
1204 3 has taken the right fork
1204 3 has taken the left fork
1204 3 is eating
DBG_EAT: id=3 time_last_meal=1204
1264 4 is thinking
1264 2 is thinking
DBG_EAT2: id=1 meals=11
1264 1 has put down the left fork
1264 1 has put down the right fork
1264 1 is sleeping
DBG_EAT2: id=3 meals=10
1264 3 has put down the left fork
1264 3 has put down the right fork
1264 3 is sleeping
1264 4 has taken the left fork
1264 4 has taken the right fork
1264 4 is eating
DBG_EAT: id=4 time_last_meal=1264
1265 2 has taken the left fork
1265 2 has taken the right fork
1265 2 is eating
DBG_EAT: id=2 time_last_meal=1265
1324 1 is thinking
1325 3 is thinking
DBG_EAT2: id=2 meals=11
DBG_EAT2: id=4 meals=11
1325 4 has put down the right fork
1325 2 has put down the right fork
1325 4 has put down the left fork
1325 4 is sleeping
1325 2 has put down the left fork
1325 3 has taken the right fork
1325 3 has taken the left fork
1325 3 is eating
DBG_EAT: id=3 time_last_meal=1325
1325 2 is sleeping
1325 1 has taken the right fork
1325 1 has taken the left fork
1325 1 is eating
DBG_EAT: id=1 time_last_meal=1325
1385 4 is thinking
1385 2 is thinking
DBG_EAT2: id=3 meals=11
DBG_EAT2: id=1 meals=12
1385 1 has put down the left fork
1385 1 has put down the right fork
1385 1 is sleeping
1385 3 has put down the left fork
1385 3 has put down the right fork
1385 3 is sleeping
1385 2 has taken the left fork
1385 2 has taken the right fork
1385 2 is eating
DBG_EAT: id=2 time_last_meal=1385
1385 4 has taken the left fork
1385 4 has taken the right fork
1385 4 is eating
DBG_EAT: id=4 time_last_meal=1385
1445 1 is thinking
1445 3 is thinking
DBG_EAT2: id=2 meals=12
DBG_EAT2: id=4 meals=12
1445 4 has put down the right fork
1445 2 has put down the right fork
1445 4 has put down the left fork
1445 4 is sleeping
1445 2 has put down the left fork
1445 3 has taken the right fork
1445 3 has taken the left fork
1445 3 is eating
DBG_EAT: id=3 time_last_meal=1445
1445 2 is sleeping
1445 1 has taken the right fork
1445 1 has taken the left fork
1445 1 is eating
DBG_EAT: id=1 time_last_meal=1445
1505 4 is thinking
DBG_EAT2: id=3 meals=12
1505 3 has put down the left fork
1505 3 has put down the right fork
1505 2 is thinking
DBG_EAT2: id=1 meals=13
1505 1 has put down the left fork
1505 1 has put down the right fork
1505 1 is sleeping
1505 3 is sleeping
1505 4 has taken the left fork
1505 4 has taken the right fork
1505 4 is eating
DBG_EAT: id=4 time_last_meal=1505
1505 2 has taken the left fork
1505 2 has taken the right fork
1505 2 is eating
DBG_EAT: id=2 time_last_meal=1505
1565 1 is thinking
1565 3 is thinking
DBG_EAT2: id=4 meals=13
1565 4 has put down the right fork
1565 4 has put down the left fork
1565 4 is sleeping
DBG_EAT2: id=2 meals=13
1565 2 has put down the right fork
1565 2 has put down the left fork
1565 2 is sleeping
1565 1 has taken the right fork
1565 1 has taken the left fork
1565 1 is eating
DBG_EAT: id=1 time_last_meal=1565
1566 3 has taken the right fork
1566 3 has taken the left fork
1566 3 is eating
DBG_EAT: id=3 time_last_meal=1566
DBG_EAT2: id=1 meals=14
1626 1 has put down the left fork
1626 1 has put down the right fork
1626 1 is sleeping
1626 4 is thinking
DBG_EAT2: id=3 meals=13
1626 3 has put down the left fork
1626 3 has put down the right fork
1626 3 is sleeping
1626 2 is thinking
1626 2 has taken the left fork
1626 2 has taken the right fork
1626 2 is eating
DBG_EAT: id=2 time_last_meal=1626
1626 4 has taken the left fork
1626 4 has taken the right fork
1626 4 is eating
DBG_EAT: id=4 time_last_meal=1626
1686 1 is thinking
1686 3 is thinking
DBG_EAT2: id=2 meals=14
1686 2 has put down the right fork
1686 2 has put down the left fork
1686 2 is sleeping
1686 3 has taken the right fork
DBG_EAT2: id=4 meals=14
1686 4 has put down the right fork
1686 3 has taken the left fork
1686 3 is eating
DBG_EAT: id=3 time_last_meal=1686
1686 4 has put down the left fork
1686 4 is sleeping
1686 1 has taken the right fork
1686 1 has taken the left fork
1686 1 is eating
DBG_EAT: id=1 time_last_meal=1686
DBG_EAT2: id=3 meals=14
1746 2 is thinking
1746 3 has put down the left fork
1746 3 has put down the right fork
1746 3 is sleeping
1746 4 is thinking
DBG_EAT2: id=1 meals=15
1746 1 has put down the left fork
1746 1 has put down the right fork
1746 1 is sleeping
1746 2 has taken the left fork
1746 2 has taken the right fork
1746 2 is eating
DBG_EAT: id=2 time_last_meal=1746
1746 4 has taken the left fork
1746 4 has taken the right fork
1746 4 is eating
DBG_EAT: id=4 time_last_meal=1746
1806 3 is thinking
1806 1 is thinking
DBG_EAT2: id=2 meals=15
1806 2 has put down the right fork
1806 2 has put down the left fork
1806 2 is sleeping
1806 3 has taken the right fork
DBG_EAT2: id=4 meals=15
1806 4 has put down the right fork
1806 4 has put down the left fork
1806 3 has taken the left fork
1806 3 is eating
DBG_EAT: id=3 time_last_meal=1806
1806 4 is sleeping
1806 1 has taken the right fork
1806 1 has taken the left fork
1806 1 is eating
DBG_EAT: id=1 time_last_meal=1806
1866 2 is thinking
1866 4 is thinking
DBG_EAT2: id=3 meals=15
1866 3 has put down the left fork
1866 3 has put down the right fork
1866 3 is sleeping
DBG_EAT2: id=1 meals=16
1866 1 has put down the left fork
1866 1 has put down the right fork
1866 1 is sleeping
1866 2 has taken the left fork
1866 2 has taken the right fork
1866 2 is eating
DBG_EAT: id=2 time_last_meal=1866
1867 4 has taken the left fork
1867 4 has taken the right fork
1867 4 is eating
DBG_EAT: id=4 time_last_meal=1867
1927 3 is thinking
1927 1 is thinking
DBG_EAT2: id=2 meals=16
1927 2 has put down the right fork
1927 2 has put down the left fork
1927 3 has taken the right fork
DBG_EAT2: id=4 meals=16
1927 2 is sleeping
1927 4 has put down the right fork
1927 3 has taken the left fork
1927 3 is eating
DBG_EAT: id=3 time_last_meal=1927
1927 4 has put down the left fork
1927 4 is sleeping
1927 1 has taken the right fork
1927 1 has taken the left fork
1927 1 is eating
DBG_EAT: id=1 time_last_meal=1927
1987 2 is thinking
DBG_EAT2: id=3 meals=16
1987 3 has put down the left fork
1987 3 has put down the right fork
1987 3 is sleeping
1987 4 is thinking
DBG_EAT2: id=1 meals=17
1987 1 has put down the left fork
1987 1 has put down the right fork
1987 1 is sleeping
1987 4 has taken the left fork
1987 4 has taken the right fork
1987 4 is eating
DBG_EAT: id=4 time_last_meal=1987
1987 2 has taken the left fork
1987 2 has taken the right fork
1987 2 is eating
DBG_EAT: id=2 time_last_meal=1987
2047 3 is thinking
DBG_EAT2: id=4 meals=17
2047 4 has put down the right fork
2047 4 has put down the left fork
2047 4 is sleeping
2047 1 is thinking
2047 1 has taken the right fork
DBG_EAT2: id=2 meals=17
2047 2 has put down the right fork
2047 1 has taken the left fork
2047 1 is eating
DBG_EAT: id=1 time_last_meal=2047
2047 3 has taken the right fork
2047 3 has taken the left fork
2047 3 is eating
DBG_EAT: id=3 time_last_meal=2047
2047 2 has put down the left fork
2047 2 is sleeping
2107 4 is thinking
DBG_EAT2: id=1 meals=18
2107 1 has put down the left fork
2107 1 has put down the right fork
2107 1 is sleeping
DBG_EAT2: id=3 meals=17
2107 3 has put down the left fork
2107 3 has put down the right fork
2107 3 is sleeping
2107 4 has taken the left fork
2107 4 has taken the right fork
2107 4 is eating
DBG_EAT: id=4 time_last_meal=2107
2107 2 is thinking
2107 2 has taken the left fork
2107 2 has taken the right fork
2107 2 is eating
DBG_EAT: id=2 time_last_meal=2107
2167 1 is thinking
2167 3 is thinking
DBG_EAT2: id=4 meals=18
2167 4 has put down the right fork
2167 4 has put down the left fork
2167 4 is sleeping
2167 1 has taken the right fork
DBG_EAT2: id=2 meals=18
2168 2 has put down the right fork
2168 2 has put down the left fork
2168 3 has taken the right fork
2168 3 has taken the left fork
2168 3 is eating
DBG_EAT: id=3 time_last_meal=2168
2168 2 is sleeping
2168 1 has taken the left fork
2168 1 is eating
DBG_EAT: id=1 time_last_meal=2168
2227 4 is thinking
2228 2 is thinking
DBG_EAT2: id=1 meals=19
2228 1 has put down the left fork
2228 1 has put down the right fork
2228 1 is sleeping
DBG_EAT2: id=3 meals=18
2228 3 has put down the left fork
2228 3 has put down the right fork
2228 4 has taken the left fork
2228 4 has taken the right fork
2228 4 is eating
DBG_EAT: id=4 time_last_meal=2228
2228 3 is sleeping
2228 2 has taken the left fork
2228 2 has taken the right fork
2228 2 is eating
DBG_EAT: id=2 time_last_meal=2228
2288 1 is thinking
DBG_EAT2: id=4 meals=19
2288 4 has put down the right fork
2288 4 has put down the left fork
DBG_EAT2: id=2 meals=19
2288 2 has put down the right fork
2288 2 has put down the left fork
2288 2 is sleeping
2288 4 is sleeping
2288 3 is thinking
2288 3 has taken the right fork
2288 3 has taken the left fork
2288 3 is eating
DBG_EAT: id=3 time_last_meal=2288
2288 1 has taken the right fork
2288 1 has taken the left fork
2288 1 is eating
DBG_EAT: id=1 time_last_meal=2288
2348 2 is thinking
DBG_EAT2: id=3 meals=19
2348 3 has put down the left fork
2348 3 has put down the right fork
2348 3 is sleeping
2348 4 is thinking
DBG_EAT2: id=1 meals=20
2348 1 has put down the left fork
2348 1 has put down the right fork
2348 1 is sleeping
2348 2 has taken the left fork
2348 2 has taken the right fork
2348 2 is eating
DBG_EAT: id=2 time_last_meal=2348
2348 4 has taken the left fork
2348 4 has taken the right fork
2348 4 is eating
DBG_EAT: id=4 time_last_meal=2348
2408 3 is thinking
2408 1 is thinking
DBG_EAT2: id=4 meals=20
2408 4 has put down the right fork
DBG_EAT2: id=2 meals=20
2408 2 has put down the right fork
2408 4 has put down the left fork
2408 4 is sleeping
2408 2 has put down the left fork
2408 3 has taken the right fork
2408 3 has taken the left fork
2408 3 is eating
DBG_EAT: id=3 time_last_meal=2408
2408 2 is sleeping
2408 1 has taken the right fork
2408 1 has taken the left fork
2408 1 is eating
DBG_EAT: id=1 time_last_meal=2408
2468 4 is thinking
DBG_EAT2: id=3 meals=20
2468 3 has put down the left fork
2468 3 has put down the right fork
2468 2 is thinking
2468 3 is sleeping
DBG_EAT2: id=1 meals=21
2468 1 has put down the left fork
2468 1 has put down the right fork
2468 1 is sleeping
2468 4 has taken the left fork
2468 4 has taken the right fork
2468 4 is eating
DBG_EAT: id=4 time_last_meal=2468
2468 2 has taken the left fork
2468 2 has taken the right fork
2468 2 is eating
DBG_EAT: id=2 time_last_meal=2468
2528 3 is thinking
2528 1 is thinking
DBG_EAT2: id=4 meals=21
2528 4 has put down the right fork
DBG_EAT2: id=2 meals=21
2528 2 has put down the right fork
2528 4 has put down the left fork
2528 2 has put down the left fork
2528 2 is sleeping
2529 4 is sleeping
2529 3 has taken the right fork
2529 3 has taken the left fork
2529 3 is eating
DBG_EAT: id=3 time_last_meal=2529
2529 1 has taken the right fork
2529 1 has taken the left fork
2529 1 is eating
DBG_EAT: id=1 time_last_meal=2529
2589 4 is thinking
2589 2 is thinking
DBG_EAT2: id=1 meals=22
DBG_EAT2: id=3 meals=21
2589 3 has put down the left fork
2589 3 has put down the right fork
2589 3 is sleeping
2589 1 has put down the left fork
2589 1 has put down the right fork
2589 1 is sleeping
2589 4 has taken the left fork
2589 4 has taken the right fork
2589 4 is eating
DBG_EAT: id=4 time_last_meal=2589
2589 2 has taken the left fork
2589 2 has taken the right fork
2589 2 is eating
DBG_EAT: id=2 time_last_meal=2589
2649 1 is thinking
2649 3 is thinking
DBG_EAT2: id=4 meals=22
2649 4 has put down the right fork
DBG_EAT2: id=2 meals=22
2649 2 has put down the right fork
2649 4 has put down the left fork
2649 4 is sleeping
2649 2 has put down the left fork
2649 2 is sleeping
2649 1 has taken the right fork
2649 1 has taken the left fork
2649 1 is eating
DBG_EAT: id=1 time_last_meal=2649
2649 3 has taken the right fork
2649 3 has taken the left fork
2649 3 is eating
DBG_EAT: id=3 time_last_meal=2649
2709 4 is thinking
2709 2 is thinking
DBG_EAT2: id=1 meals=23
2709 1 has put down the left fork
2709 1 has put down the right fork
DBG_EAT2: id=3 meals=22
2709 3 has put down the left fork
2709 3 has put down the right fork
2709 3 is sleeping
2709 1 is sleeping
2709 4 has taken the left fork
2709 4 has taken the right fork
2709 4 is eating
DBG_EAT: id=4 time_last_meal=2709
2709 2 has taken the left fork
2709 2 has taken the right fork
2709 2 is eating
DBG_EAT: id=2 time_last_meal=2709
2769 3 is thinking
2769 1 is thinking
DBG_EAT2: id=4 meals=23
2769 4 has put down the right fork
2769 4 has put down the left fork
2769 4 is sleeping
DBG_EAT2: id=2 meals=23
2769 2 has put down the right fork
2769 2 has put down the left fork
2769 1 has taken the right fork
2769 1 has taken the left fork
2769 1 is eating
DBG_EAT: id=1 time_last_meal=2769
2769 2 is sleeping
2769 3 has taken the right fork
2769 3 has taken the left fork
2769 3 is eating
DBG_EAT: id=3 time_last_meal=2769
2829 4 is thinking
DBG_EAT2: id=1 meals=24
2829 1 has put down the left fork
2829 2 is thinking
2829 1 has put down the right fork
DBG_EAT2: id=3 meals=23
2829 3 has put down the left fork
2829 3 has put down the right fork
2829 3 is sleeping
2829 1 is sleeping
2829 4 has taken the left fork
2829 4 has taken the right fork
2829 4 is eating
DBG_EAT: id=4 time_last_meal=2829
2829 2 has taken the left fork
2829 2 has taken the right fork
2829 2 is eating
DBG_EAT: id=2 time_last_meal=2829
2889 3 is thinking
2889 1 is thinking
DBG_EAT2: id=4 meals=24
2889 4 has put down the right fork
2889 4 has put down the left fork
2889 4 is sleeping
DBG_EAT2: id=2 meals=24
2890 2 has put down the right fork
2890 2 has put down the left fork
2890 1 has taken the right fork
2890 1 has taken the left fork
2890 1 is eating
DBG_EAT: id=1 time_last_meal=2890
2890 2 is sleeping
2890 3 has taken the right fork
2890 3 has taken the left fork
2890 3 is eating
DBG_EAT: id=3 time_last_meal=2890
2950 4 is thinking
DBG_EAT2: id=1 meals=25
2950 1 has put down the left fork
2950 1 has put down the right fork
2950 2 is thinking
DBG_EAT2: id=3 meals=24
2950 3 has put down the left fork
2950 1 is sleeping
2950 3 has put down the right fork
2950 3 is sleeping
2950 4 has taken the left fork
2950 4 has taken the right fork
2950 4 is eating
DBG_EAT: id=4 time_last_meal=2950
2950 2 has taken the left fork
2950 2 has taken the right fork
2950 2 is eating
DBG_EAT: id=2 time_last_meal=2950
3010 3 is thinking
3010 1 is thinking
DBG_EAT2: id=4 meals=25
3010 4 has put down the right fork
3010 4 has put down the left fork
3010 4 is sleeping
DBG_EAT2: id=2 meals=25
3010 2 has put down the right fork
3010 2 has put down the left fork
3010 1 has taken the right fork
3010 1 has taken the left fork
3010 1 is eating
DBG_EAT: id=1 time_last_meal=3010
3010 2 is sleeping
3010 3 has taken the right fork
3010 3 has taken the left fork
3010 3 is eating
DBG_EAT: id=3 time_last_meal=3010
3070 4 is thinking
3070 2 is thinking
DBG_EAT2: id=1 meals=26
3070 1 has put down the left fork
3070 1 has put down the right fork
3070 1 is sleeping
3070 4 has taken the left fork
DBG_EAT2: id=3 meals=25
3070 3 has put down the left fork
3070 3 has put down the right fork
3070 3 is sleeping
3070 2 has taken the left fork
3070 2 has taken the right fork
3070 2 is eating
DBG_EAT: id=2 time_last_meal=3070
3070 4 has taken the right fork
3070 4 is eating
DBG_EAT: id=4 time_last_meal=3070
3130 1 is thinking
3130 3 is thinking
DBG_EAT2: id=4 meals=26
3130 4 has put down the right fork
3130 4 has put down the left fork
3130 4 is sleeping
DBG_EAT2: id=2 meals=26
3130 2 has put down the right fork
3130 2 has put down the left fork
3130 2 is sleeping
3130 3 has taken the right fork
3130 3 has taken the left fork
3130 3 is eating
DBG_EAT: id=3 time_last_meal=3130
3130 1 has taken the right fork
3130 1 has taken the left fork
3130 1 is eating
DBG_EAT: id=1 time_last_meal=3130
3190 4 is thinking
DBG_EAT2: id=3 meals=26
3190 3 has put down the left fork
3190 3 has put down the right fork
3190 2 is thinking
3190 3 is sleeping
DBG_EAT2: id=1 meals=27
3191 1 has put down the left fork
3191 1 has put down the right fork
3191 1 is sleeping
3191 4 has taken the left fork
3191 4 has taken the right fork
3191 4 is eating
DBG_EAT: id=4 time_last_meal=3191
3191 2 has taken the left fork
3191 2 has taken the right fork
3191 2 is eating
DBG_EAT: id=2 time_last_meal=3191
3251 3 is thinking
3251 1 is thinking
DBG_EAT2: id=4 meals=27
3251 4 has put down the right fork
3251 4 has put down the left fork
3251 4 is sleeping
3251 1 has taken the right fork
DBG_EAT2: id=2 meals=27
3251 2 has put down the right fork
3251 2 has put down the left fork
3251 1 has taken the left fork
3251 1 is eating
DBG_EAT: id=1 time_last_meal=3251
3251 2 is sleeping
3251 3 has taken the right fork
3251 3 has taken the left fork
3251 3 is eating
DBG_EAT: id=3 time_last_meal=3251
3311 4 is thinking
3311 2 is thinking
DBG_EAT2: id=1 meals=28
3311 1 has put down the left fork
3311 1 has put down the right fork
3311 4 has taken the left fork
DBG_EAT2: id=3 meals=27
3311 1 is sleeping
3311 3 has put down the left fork
3311 3 has put down the right fork
3311 4 has taken the right fork
3311 4 is eating
DBG_EAT: id=4 time_last_meal=3311
3311 3 is sleeping
3311 2 has taken the left fork
3311 2 has taken the right fork
3311 2 is eating
DBG_EAT: id=2 time_last_meal=3311
3371 1 is thinking
DBG_EAT2: id=4 meals=28
3371 4 has put down the right fork
3371 3 is thinking
3371 4 has put down the left fork
3371 1 has taken the right fork
3371 4 is sleeping
DBG_EAT2: id=2 meals=28
3371 2 has put down the right fork
3371 2 has put down the left fork
3371 2 is sleeping
3371 1 has taken the left fork
3371 1 is eating
DBG_EAT: id=1 time_last_meal=3371
3371 3 has taken the right fork
3371 3 has taken the left fork
3371 3 is eating
DBG_EAT: id=3 time_last_meal=3371
3431 4 is thinking
3431 2 is thinking
DBG_EAT2: id=3 meals=28
3431 3 has put down the left fork
3431 3 has put down the right fork
3431 3 is sleeping
DBG_EAT2: id=1 meals=29
3431 1 has put down the left fork
3431 1 has put down the right fork
3431 4 has taken the left fork
3431 4 has taken the right fork
3431 4 is eating
DBG_EAT: id=4 time_last_meal=3431
3431 1 is sleeping
3431 2 has taken the left fork
3431 2 has taken the right fork
3431 2 is eating
DBG_EAT: id=2 time_last_meal=3431
3491 3 is thinking
DBG_EAT2: id=4 meals=29
3491 4 has put down the right fork
3491 4 has put down the left fork
3491 4 is sleeping
3491 1 is thinking
3491 1 has taken the right fork
DBG_EAT2: id=2 meals=29
3492 2 has put down the right fork
3492 2 has put down the left fork
3492 1 has taken the left fork
3492 1 is eating
DBG_EAT: id=1 time_last_meal=3492
3492 2 is sleeping
3492 3 has taken the right fork
3492 3 has taken the left fork
3492 3 is eating
DBG_EAT: id=3 time_last_meal=3492
3552 4 is thinking
3552 2 is thinking
DBG_EAT2: id=1 meals=30
3552 1 has put down the left fork
3552 1 has put down the right fork
3552 4 has taken the left fork
3552 1 is sleeping
DBG_EAT2: id=3 meals=29
3552 3 has put down the left fork
3552 3 has put down the right fork
3552 3 is sleeping
3552 4 has taken the right fork
3552 4 is eating
DBG_EAT: id=4 time_last_meal=3552
3552 2 has taken the left fork
3552 2 has taken the right fork
3552 2 is eating
DBG_EAT: id=2 time_last_meal=3552
3612 1 is thinking
3612 3 is thinking
DBG_EAT2: id=4 meals=30
3612 4 has put down the right fork
3612 4 has put down the left fork
3612 4 is sleeping
3612 1 has taken the right fork
DBG_EAT2: id=2 meals=30
3612 2 has put down the right fork
3612 1 has taken the left fork
3612 1 is eating
DBG_EAT: id=1 time_last_meal=3612
3612 2 has put down the left fork
3612 2 is sleeping
3612 3 has taken the right fork
3612 3 has taken the left fork
3612 3 is eating
DBG_EAT: id=3 time_last_meal=3612
DBG_EAT2: id=1 meals=31
3672 1 has put down the left fork
3672 1 has put down the right fork
3672 4 is thinking
3672 1 is sleeping
3672 2 is thinking
DBG_EAT2: id=3 meals=30
3672 3 has put down the left fork
3672 3 has put down the right fork
3672 3 is sleeping
3672 4 has taken the left fork
3672 4 has taken the right fork
3672 4 is eating
DBG_EAT: id=4 time_last_meal=3672
3672 2 has taken the left fork
3672 2 has taken the right fork
3672 2 is eating
DBG_EAT: id=2 time_last_meal=3672
3732 1 is thinking
3732 3 is thinking
DBG_EAT2: id=4 meals=31
3732 4 has put down the right fork
3732 4 has put down the left fork
3732 4 is sleeping
DBG_EAT2: id=2 meals=31
3732 2 has put down the right fork
3732 2 has put down the left fork
3732 2 is sleeping
3732 1 has taken the right fork
3732 1 has taken the left fork
3732 1 is eating
DBG_EAT: id=1 time_last_meal=3732
3732 3 has taken the right fork
3732 3 has taken the left fork
3732 3 is eating
DBG_EAT: id=3 time_last_meal=3732
3792 4 is thinking
DBG_EAT2: id=1 meals=32
3792 1 has put down the left fork
3792 1 has put down the right fork
3792 2 is thinking
3792 1 is sleeping
DBG_EAT2: id=3 meals=31
3792 3 has put down the left fork
3792 3 has put down the right fork
3792 3 is sleeping
3793 4 has taken the left fork
3793 4 has taken the right fork
3793 4 is eating
DBG_EAT: id=4 time_last_meal=3793
3793 2 has taken the left fork
3793 2 has taken the right fork
3793 2 is eating
DBG_EAT: id=2 time_last_meal=3793
3852 1 is thinking
3853 3 is thinking
DBG_EAT2: id=4 meals=32
3853 4 has put down the right fork
DBG_EAT2: id=2 meals=32
3853 2 has put down the right fork
3853 4 has put down the left fork
3853 2 has put down the left fork
3853 2 is sleeping
3853 4 is sleeping
3853 3 has taken the right fork
3853 3 has taken the left fork
3853 3 is eating
DBG_EAT: id=3 time_last_meal=3853
3853 1 has taken the right fork
3853 1 has taken the left fork
3853 1 is eating
DBG_EAT: id=1 time_last_meal=3853
3913 2 is thinking
3913 4 is thinking
DBG_EAT2: id=3 meals=32
3913 3 has put down the left fork
3913 3 has put down the right fork
3913 3 is sleeping
DBG_EAT2: id=1 meals=33
3913 1 has put down the left fork
3913 1 has put down the right fork
3913 1 is sleeping
3913 4 has taken the left fork
3913 4 has taken the right fork
3913 4 is eating
DBG_EAT: id=4 time_last_meal=3913
3913 2 has taken the left fork
3913 2 has taken the right fork
3913 2 is eating
DBG_EAT: id=2 time_last_meal=3913
3973 3 is thinking
3973 1 is thinking
DBG_EAT2: id=4 meals=33
3973 4 has put down the right fork
3973 4 has put down the left fork
3973 4 is sleeping
DBG_EAT2: id=2 meals=33
3973 2 has put down the right fork
3973 2 has put down the left fork
3973 2 is sleeping
3973 1 has taken the right fork
3973 1 has taken the left fork
3973 1 is eating
DBG_EAT: id=1 time_last_meal=3973
3973 3 has taken the right fork
3973 3 has taken the left fork
3973 3 is eating
DBG_EAT: id=3 time_last_meal=3973
4033 4 is thinking
4033 2 is thinking
DBG_EAT2: id=1 meals=34
4033 1 has put down the left fork
4033 1 has put down the right fork
4033 1 is sleeping
DBG_EAT2: id=3 meals=33
4033 3 has put down the left fork
4033 3 has put down the right fork
4033 3 is sleeping
4033 4 has taken the left fork
4033 4 has taken the right fork
4033 4 is eating
DBG_EAT: id=4 time_last_meal=4033
4033 2 has taken the left fork
4033 2 has taken the right fork
4033 2 is eating
DBG_EAT: id=2 time_last_meal=4033
4093 3 is thinking
DBG_EAT2: id=4 meals=34
4093 4 has put down the right fork
4093 4 has put down the left fork
4093 4 is sleeping
4093 1 is thinking
4093 1 has taken the right fork
DBG_EAT2: id=2 meals=34
4093 2 has put down the right fork
4093 2 has put down the left fork
4093 2 is sleeping
4094 1 has taken the left fork
4094 1 is eating
DBG_EAT: id=1 time_last_meal=4094
4094 3 has taken the right fork
4094 3 has taken the left fork
4094 3 is eating
DBG_EAT: id=3 time_last_meal=4094
4153 4 is thinking
DBG_EAT2: id=1 meals=35
4154 1 has put down the left fork
4154 2 is thinking
4154 1 has put down the right fork
4154 1 is sleeping
4154 4 has taken the left fork
DBG_EAT2: id=3 meals=34
4154 3 has put down the left fork
4154 3 has put down the right fork
4154 4 has taken the right fork
4154 4 is eating
DBG_EAT: id=4 time_last_meal=4154
4154 3 is sleeping
4154 2 has taken the left fork
4154 2 has taken the right fork
4154 2 is eating
DBG_EAT: id=2 time_last_meal=4154
4214 1 is thinking
4214 3 is thinking
DBG_EAT2: id=4 meals=35
4214 4 has put down the right fork
4214 4 has put down the left fork
DBG_EAT2: id=2 meals=35
4214 2 has put down the right fork
4214 1 has taken the right fork
4214 1 has taken the left fork
4214 1 is eating
DBG_EAT: id=1 time_last_meal=4214
4214 4 is sleeping
4214 2 has put down the left fork
4214 2 is sleeping
4214 3 has taken the right fork
4214 3 has taken the left fork
4214 3 is eating
DBG_EAT: id=3 time_last_meal=4214
DBG_EAT2: id=1 meals=36
4274 4 is thinking
4274 1 has put down the left fork
4274 1 has put down the right fork
4274 2 is thinking
DBG_EAT2: id=3 meals=35
4274 3 has put down the left fork
4274 3 has put down the right fork
4274 3 is sleeping
4274 1 is sleeping
4274 2 has taken the left fork
4274 2 has taken the right fork
4274 2 is eating
DBG_EAT: id=2 time_last_meal=4274
4274 4 has taken the left fork
4274 4 has taken the right fork
4274 4 is eating
DBG_EAT: id=4 time_last_meal=4274
4334 3 is thinking
4334 1 is thinking
DBG_EAT2: id=2 meals=36
4334 2 has put down the right fork
4334 2 has put down the left fork
4334 2 is sleeping
4334 3 has taken the right fork
DBG_EAT2: id=4 meals=36
4334 4 has put down the right fork
4334 4 has put down the left fork
4334 4 is sleeping
4334 3 has taken the left fork
4334 3 is eating
DBG_EAT: id=3 time_last_meal=4334
4334 1 has taken the right fork
4334 1 has taken the left fork
4334 1 is eating
DBG_EAT: id=1 time_last_meal=4334
4394 2 is thinking
DBG_EAT2: id=3 meals=36
4394 4 is thinking
4394 3 has put down the left fork
4394 3 has put down the right fork
4394 3 is sleeping
4394 2 has taken the left fork
DBG_EAT2: id=1 meals=37
4394 1 has put down the left fork
4394 1 has put down the right fork
4394 2 has taken the right fork
4394 2 is eating
DBG_EAT: id=2 time_last_meal=4394
4394 1 is sleeping
4394 4 has taken the left fork
4394 4 has taken the right fork
4394 4 is eating
DBG_EAT: id=4 time_last_meal=4394
4454 3 is thinking
DBG_EAT2: id=2 meals=37
4455 2 has put down the right fork
4455 1 is thinking
4455 2 has put down the left fork
4455 2 is sleeping
4455 3 has taken the right fork
DBG_EAT2: id=4 meals=37
4455 4 has put down the right fork
4455 4 has put down the left fork
4455 1 has taken the right fork
4455 1 has taken the left fork
4455 1 is eating
DBG_EAT: id=1 time_last_meal=4455
4455 4 is sleeping
4455 3 has taken the left fork
4455 3 is eating
DBG_EAT: id=3 time_last_meal=4455
4515 2 is thinking
DBG_EAT2: id=1 meals=38
4515 1 has put down the left fork
4515 1 has put down the right fork
4515 4 is thinking
DBG_EAT2: id=3 meals=37
4515 3 has put down the left fork
4515 3 has put down the right fork
4515 3 is sleeping
4515 1 is sleeping
4515 2 has taken the left fork
4515 2 has taken the right fork
4515 2 is eating
DBG_EAT: id=2 time_last_meal=4515
4515 4 has taken the left fork
4515 4 has taken the right fork
4515 4 is eating
DBG_EAT: id=4 time_last_meal=4515
4575 3 is thinking
DBG_EAT2: id=2 meals=38
4575 2 has put down the right fork
4575 2 has put down the left fork
4575 1 is thinking
4575 2 is sleeping
457