DBG_INIT: meal_mutex init for philo 1
DBG_INIT: meal_mutex init for philo 2
DBG: init philo[1].time_last_meal=0
DBG: init philo[2].time_last_meal=0
0 1 has taken the right fork
0 1 has taken the left fork
0 1 is eating
DBG_EAT: id=1 time_last_meal=0
DBG: start_time=1758402748495
DBG_EAT2: id=1 meals=1
60 1 has put down the left fork
60 1 has put down the right fork
61 1 is sleeping
61 2 has taken the left fork
61 2 has taken the right fork
61 2 is eating
DBG_EAT: id=2 time_last_meal=61
DBG_EAT2: id=2 meals=1
121 2 has put down the right fork
121 2 has put down the left fork
121 2 is sleeping
161 1 is thinking
161 1 has taken the right fork
161 1 has taken the left fork
161 1 is eating
DBG_EAT: id=1 time_last_meal=161
DBG_EAT2: id=1 meals=2
221 1 has put down the left fork
221 1 has put down the right fork
221 1 is sleeping
221 2 is thinking
221 2 has taken the left fork
221 2 has taken the right fork
221 2 is eating
DBG_EAT: id=2 time_last_meal=221
DBG_EAT2: id=2 meals=2
281 2 has put down the right fork
281 2 has put down the left fork
282 2 is sleeping
321 1 is thinking
321 1 has taken the right fork
321 1 has taken the left fork
321 1 is eating
DBG_EAT: id=1 time_last_meal=321
DBG_EAT2: id=1 meals=3
381 1 has put down the left fork
381 1 has put down the right fork
381 1 is sleeping
382 2 is thinking
382 2 has taken the left fork
382 2 has taken the right fork
382 2 is eating
DBG_EAT: id=2 time_last_meal=382
DBG_EAT2: id=2 meals=3
442 2 has put down the right fork
442 2 has put down the left fork
442 2 is sleeping
481 1 is thinking
481 1 has taken the right fork
481 1 has taken the left fork
481 1 is eating
DBG_EAT: id=1 time_last_meal=481
DBG_EAT2: id=1 meals=4
542 1 has put down the left fork
542 1 has put down the right fork
542 1 is sleeping
542 2 is thinking
542 2 has taken the left fork
542 2 has taken the right fork
542 2 is eating
DBG_EAT: id=2 time_last_meal=542
DBG_EAT2: id=2 meals=4
603 2 has put down the right fork
603 2 has put down the left fork
603 2 is sleeping
642 1 is thinking
642 1 has taken the right fork
642 1 has taken the left fork
642 1 is eating
DBG_EAT: id=1 time_last_meal=642
DBG_EAT2: id=1 meals=5
702 1 has put down the left fork
702 1 has put down the right fork
702 1 is sleeping
703 2 is thinking
703 2 has taken the left fork
703 2 has taken the right fork
703 2 is eating
DBG_EAT: id=2 time_last_meal=703
DBG_EAT2: id=2 meals=5
763 2 has put down the right fork
763 2 has put down the left fork
763 2 is sleeping
802 1 is thinking
802 1 has taken the right fork
802 1 has taken the left fork
802 1 is eating
DBG_EAT: id=1 time_last_meal=802
DBG_EAT2: id=1 meals=6
862 1 has put down the left fork
862 1 has put down the right fork
862 1 is sleeping
863 2 is thinking
864 2 has taken the left fork
864 2 has taken the right fork
864 2 is eating
DBG_EAT: id=2 time_last_meal=864
DBG_EAT2: id=2 meals=6
924 2 has put down the right fork
924 2 has put down the left fork
924 2 is sleeping
962 1 is thinking
963 1 has taken the right fork
963 1 has taken the left fork
963 1 is eating
DBG_EAT: id=1 time_last_meal=963
DBG_EAT2: id=1 meals=7
1023 1 has put down the left fork
1023 1 has put down the right fork
1023 1 is sleeping
1024 2 is thinking
1024 2 has taken the left fork
1024 2 has taken the right fork
1024 2 is eating
DBG_EAT: id=2 time_last_meal=1024
DBG_EAT2: id=2 meals=7
1085 2 has put down the right fork
1085 2 has put down the left fork
1085 2 is sleeping
1123 1 is thinking
1123 1 has taken the right fork
1123 1 has taken the left fork
1123 1 is eating
DBG_EAT: id=1 time_last_meal=1123
DBG_EAT2: id=1 meals=8
1183 1 has put down the left fork
1183 1 has put down the right fork
1183 1 is sleeping
1185 2 is thinking
1185 2 has taken the left fork
1185 2 has taken the right fork
1185 2 is eating
DBG_EAT: id=2 time_last_meal=1185
DBG_EAT2: id=2 meals=8
1245 2 has put down the right fork
1245 2 has put down the left fork
1245 2 is sleeping
1283 1 is thinking
1283 1 has taken the right fork
1283 1 has taken the left fork
1283 1 is eating
DBG_EAT: id=1 time_last_meal=1283
DBG_EAT2: id=1 meals=9
1344 1 has put down the left fork
1344 1 has put down the right fork
1344 1 is sleeping
1346 2 is thinking
1346 2 has taken the left fork
1346 2 has taken the right fork
1346 2 is eating
DBG_EAT: id=2 time_last_meal=1346
DBG_EAT2: id=2 meals=9
1406 2 has put down the right fork
1406 2 has put down the left fork
1406 2 is sleeping
1444 1 is thinking
1444 1 has taken the right fork
1444 1 has taken the left fork
1444 1 is eating
DBG_EAT: id=1 time_last_meal=1444
DBG_EAT2: id=1 meals=10
1504 1 has put down the left fork
1504 1 has put down the right fork
1504 1 is sleeping
1506 2 is thinking
1506 2 has taken the left fork
1506 2 has taken the right fork
1506 2 is eating
DBG_EAT: id=2 time_last_meal=1506
DBG_EAT2: id=2 meals=10
1567 2 has put down the right fork
1567 2 has put down the left fork
1567 2 is sleeping
1604 1 is thinking
1604 1 has taken the right fork
1604 1 has taken the left fork
1604 1 is eating
DBG_EAT: id=1 time_last_meal=1604
DBG_EAT2: id=1 meals=11
1664 1 has put down the left fork
1664 1 has put down the right fork
1664 1 is sleeping
1667 2 is thinking
1667 2 has taken the left fork
1667 2 has taken the right fork
1667 2 is eating
DBG_EAT: id=2 time_last_meal=1667
DBG_EAT2: id=2 meals=11
1727 2 has put down the right fork
1727 2 has put down the left fork
1727 2 is sleeping
1764 1 is thinking
1764 1 has taken the right fork
1764 1 has taken the left fork
1764 1 is eating
DBG_EAT: id=1 time_last_meal=1764
DBG_EAT2: id=1 meals=12
1825 1 has put down the left fork
1825 1 has put down the right fork
1825 1 is sleeping
1827 2 is thinking
1828 2 has taken the left fork
1828 2 has taken the right fork
1828 2 is eating
DBG_EAT: id=2 time_last_meal=1828
DBG_EAT2: id=2 meals=12
1888 2 has put down the right fork
1888 2 has put down the left fork
1888 2 is sleeping
1925 1 is thinking
1925 1 has taken the right fork
1925 1 has taken the left fork
1925 1 is eating
DBG_EAT: id=1 time_last_meal=1925
DBG_EAT2: id=1 meals=13
1985 1 has put down the left fork
1985 1 has put down the right fork
1985 1 is sleeping
1988 2 is thinking
1988 2 has taken the left fork
1988 2 has taken the right fork
1988 2 is eating
DBG_EAT: id=2 time_last_meal=1988
DBG_EAT2: id=2 meals=13
2048 2 has put down the right fork
2048 2 has put down the left fork
2048 2 is sleeping
2085 1 is thinking
2085 1 has taken the right fork
2085 1 has taken the left fork
2085 1 is eating
DBG_EAT: id=1 time_last_meal=2085
DBG_EAT2: id=1 meals=14
2145 1 has put down the left fork
2145 1 has put down the right fork
2145 1 is sleeping
2149 2 is thinking
2149 2 has taken the left fork
2149 2 has taken the right fork
2149 2 is eating
DBG_EAT: id=2 time_last_meal=2149
DBG_EAT2: id=2 meals=14
2209 2 has put down the right fork
2209 2 has put down the left fork
2209 2 is sleeping
2246 1 is thinking
2246 1 has taken the right fork
2246 1 has taken the left fork
2246 1 is eating
DBG_EAT: id=1 time_last_meal=2246
DBG_EAT2: id=1 meals=15
2306 1 has put down the left fork
2306 1 has put down the right fork
2306 1 is sleeping
2309 2 is thinking
2309 2 has taken the left fork
2309 2 has taken the right fork
2309 2 is eating
DBG_EAT: id=2 time_last_meal=2309
DBG_EAT2: id=2 meals=15
2370 2 has put down the right fork
2370 2 has put down the left fork
2370 2 is sleeping
2406 1 is thinking
2406 1 has taken the right fork
2406 1 has taken the left fork
2406 1 is eating
DBG_EAT: id=1 time_last_meal=2406
DBG_EAT2: id=1 meals=16
2466 1 has put down the left fork
2466 1 has put down the right fork
2466 1 is sleeping
2470 2 is thinking
2470 2 has taken the left fork
2470 2 has taken the right fork
2470 2 is eating
DBG_EAT: id=2 time_last_meal=2470
DBG_EAT2: id=2 meals=16
2530 2 has put down the right fork
2530 2 has put down the left fork
2530 2 is sleeping
2566 1 is thinking
2566 1 has taken the right fork
2566 1 has taken the left fork
2566 1 is eating
DBG_EAT: id=1 time_last_meal=2566
DBG_EAT2: id=1 meals=17
2626 1 has put down the left fork
2626 1 has put down the right fork
2626 1 is sleeping
2631 2 is thinking
2631 2 has taken the left fork
2631 2 has taken the right fork
2631 2 is eating
DBG_EAT: id=2 time_last_meal=2631
DBG_EAT2: id=2 meals=17
2691 2 has put down the right fork
2691 2 has put down the left fork
2691 2 is sleeping
2726 1 is thinking
2726 1 has taken the right fork
2726 1 has taken the left fork
2726 1 is eating
DBG_EAT: id=1 time_last_meal=2726
DBG_EAT2: id=1 meals=18
2787 1 has put down the left fork
2787 1 has put down the right fork
2787 1 is sleeping
2791 2 is thinking
2791 2 has taken the left fork
2791 2 has taken the right fork
2791 2 is eating
DBG_EAT: id=2 time_last_meal=2791
DBG_EAT2: id=2 meals=18
2852 2 has put down the right fork
2852 2 has put down the left fork
2852 2 is sleeping
2887 1 is thinking
2887 1 has taken the right fork
2887 1 has taken the left fork
2887 1 is eating
DBG_EAT: id=1 time_last_meal=2887
DBG_EAT2: id=1 meals=19
2947 1 has put down the left fork
2947 1 has put down the right fork
2947 1 is sleeping
2952 2 is thinking
2952 2 has taken the left fork
2952 2 has taken the right fork
2952 2 is eating
DBG_EAT: id=2 time_last_meal=2952
DBG_EAT2: id=2 meals=19
3012 2 has put down the right fork
3012 2 has put down the left fork
3012 2 is sleeping
3047 1 is thinking
3047 1 has taken the right fork
3047 1 has taken the left fork
3047 1 is eating
DBG_EAT: id=1 time_last_meal=3047
DBG_EAT2: id=1 meals=20
3108 1 has put down the left fork
3108 1 has put down the right fork
3108 1 is sleeping
3112 2 is thinking
3112 2 has taken the left fork
3112 2 has taken the right fork
3112 2 is eating
DBG_EAT: id=2 time_last_meal=3112
DBG_EAT2: id=2 meals=20
3173 2 has put down the right fork
3173 2 has put down the left fork
3173 2 is sleeping
3208 1 is thinking
3208 1 has taken the right fork
3208 1 has taken the left fork
3208 1 is eating
DBG_EAT: id=1 time_last_meal=3208
DBG_EAT2: id=1 meals=21
3268 1 has put down the left fork
3268 1 has put down the right fork
3268 1 is sleeping
3273 2 is thinking
3273 2 has taken the left fork
3273 2 has taken the right fork
3273 2 is eating
DBG_EAT: id=2 time_last_meal=3273
DBG_EAT2: id=2 meals=21
3333 2 has put down the right fork
3333 2 has put down the left fork
3333 2 is sleeping
3368 1 is thinking
3368 1 has taken the right fork
3368 1 has taken the left fork
3368 1 is eating
DBG_EAT: id=1 time_last_meal=3368
DBG_EAT2: id=1 meals=22
3428 1 has put down the left fork
3428 1 has put down the right fork
3428 1 is sleeping
3433 2 is thinking
3434 2 has taken the left fork
3434 2 has taken the right fork
3434 2 is eating
DBG_EAT: id=2 time_last_meal=3434
DBG_EAT2: id=2 meals=22
3494 2 has put down the right fork
3494 2 has put down the left fork
3494 2 is sleeping
3529 1 is thinking
3529 1 has taken the right fork
3529 1 has taken the left fork
3529 1 is eating
DBG_EAT: id=1 time_last_meal=3529
DBG_EAT2: id=1 meals=23
3589 1 has put down the left fork
3589 1 has put down the right fork
3589 1 is sleeping
3594 2 is thinking
3594 2 has taken the left fork
3594 2 has taken the right fork
3594 2 is eating
DBG_EAT: id=2 time_last_meal=3594
DBG_EAT2: id=2 meals=23
3655 2 has put down the right fork
3655 2 has put down the left fork
3655 2 is sleeping
3689 1 is thinking
3689 1 has taken the right fork
3689 1 has taken the left fork
3689 1 is eating
DBG_EAT: id=1 time_last_meal=3689
DBG_EAT2: id=1 meals=24
3749 1 has put down the left fork
3749 1 has put down the right fork
3749 1 is sleeping
3755 2 is thinking
3755 2 has taken the left fork
3755 2 has taken the right fork
3755 2 is eating
DBG_EAT: id=2 time_last_meal=3755
DBG_EAT2: id=2 meals=24
3815 2 has put down the right fork
3815 2 has put down the left fork
3815 2 is sleeping
3850 1 is thinking
3850 1 has taken the right fork
3850 1 has taken the left fork
3850 1 is eating
DBG_EAT: id=1 time_last_meal=3850
DBG_EAT2: id=1 meals=25
3910 1 has put down the left fork
3910 1 has put down the right fork
3910 1 is sleeping
3915 2 is thinking
3915 2 has taken the left fork
3915 2 has taken the right fork
3915 2 is eating
DBG_EAT: id=2 time_last_meal=3915
DBG_EAT2: id=2 meals=25
3975 2 has put down the right fork
3975 2 has put down the left fork
3975 2 is sleeping
4010 1 is thinking
4010 1 has 