DBG_INIT: meal_mutex init for philo 1
DBG_INIT: meal_mutex init for philo 2
DBG_INIT: meal_mutex init for philo 3
DBG_INIT: meal_mutex init for philo 4
DBG_INIT: meal_mutex init for philo 5
DBG: init philo[1].time_last_meal=0
DBG: init philo[2].time_last_meal=0
DBG: init philo[3].time_last_meal=0
DBG: init philo[4].time_last_meal=0
DBG: init philo[5].time_last_meal=0
0 1 has taken the right fork
0 1 has taken the left fork
0 1 is eating
DBG_EAT: id=1 time_last_meal=0
0 2 has taken the left fork
0 5 has taken the right fork
DBG: start_time=1758387690424
DBG_EAT2: id=1 meals=1
60 1 has put down the left fork
60 1 has put down the right fork
60 1 is sleeping
60 2 has taken the right fork
60 2 is eating
DBG_EAT: id=2 time_last_meal=60
60 5 has taken the left fork
60 5 is eating
DBG_EAT: id=5 time_last_meal=60
DBG_EAT2: id=2 meals=1
120 2 has put down the right fork
DBG_EAT2: id=5 meals=1
120 5 has put down the left fork
120 2 has put down the left fork
120 2 is sleeping
120 5 has put down the right fork
120 5 is sleeping
120 3 has taken the right fork
120 3 has taken the left fork
120 3 is eating
DBG_EAT: id=3 time_last_meal=120
120 4 has taken the left fork
161 1 is thinking
161 1 has taken the right fork
161 1 has taken the left fork
161 1 is eating
DBG_EAT: id=1 time_last_meal=161
DBG_EAT2: id=3 meals=1
181 3 has put down the left fork
181 3 has put down the right fork
181 3 is sleeping
181 4 has taken the right fork
181 4 is eating
DBG_EAT: id=4 time_last_meal=181
221 2 is thinking
221 5 is thinking
DBG_EAT2: id=1 meals=2
221 1 has put down the left fork
221 1 has put down the right fork
221 1 is sleeping
221 2 has taken the left fork
221 2 has taken the right fork
221 2 is eating
DBG_EAT: id=2 time_last_meal=221
DBG_EAT2: id=4 meals=1
241 4 has put down the right fork
241 4 has put down the left fork
241 4 is sleeping
242 5 has taken the right fork
242 5 has taken the left fork
242 5 is eating
DBG_EAT: id=5 time_last_meal=242
DBG_EAT2: id=2 meals=2
281 2 has put down the right fork
281 2 has put down the left fork
281 2 is sleeping
281 3 is thinking
281 3 has taken the right fork
281 3 has taken the left fork
281 3 is eating
DBG_EAT: id=3 time_last_meal=281
DBG_EAT2: id=5 meals=2
302 5 has put down the left fork
302 5 has put down the right fork
302 5 is sleeping
321 1 is thinking
321 1 has taken the right fork
321 1 has taken the left fork
321 1 is eating
DBG_EAT: id=1 time_last_meal=321
DBG_EAT2: id=3 meals=2
341 3 has put down the left fork
341 3 has put down the right fork
342 3 is sleeping
342 4 is thinking
342 4 has taken the left fork
342 4 has taken the right fork
342 4 is eating
DBG_EAT: id=4 time_last_meal=342
DBG_EAT2: id=1 meals=3
381 1 has put down the left fork
381 1 has put down the right fork
381 2 is thinking
381 1 is sleeping
381 2 has taken the left fork
381 2 has taken the right fork
381 2 is eating
DBG_EAT: id=2 time_last_meal=381
DBG_EAT2: id=4 meals=2
402 4 has put down the right fork
402 4 has put down the left fork
402 4 is sleeping
402 5 is thinking
402 5 has taken the right fork
402 5 has taken the left fork
402 5 is eating
DBG_EAT: id=5 time_last_meal=402
DBG_EAT2: id=2 meals=3
442 2 has put down the right fork
442 2 has put down the left fork
442 3 is thinking
442 3 has taken the right fork
442 3 has taken the left fork
442 3 is eating
DBG_EAT: id=3 time_last_meal=442
442 2 is sleeping
DBG_EAT2: id=5 meals=3
462 5 has put down the left fork
462 5 has put down the right fork
462 5 is sleeping
482 1 is thinking
482 1 has taken the right fork
482 1 has taken the left fork
482 1 is eating
DBG_EAT: id=1 time_last_meal=482
DBG_EAT2: id=3 meals=3
502 3 has put down the left fork
502 3 has put down the right fork
502 4 is thinking
502 3 is sleeping
502 4 has taken the left fork
502 4 has taken the right fork
502 4 is eating
DBG_EAT: id=4 time_last_meal=502
542 2 is thinking
DBG_EAT2: id=1 meals=4
542 1 has put down the left fork
542 1 has put down the right fork
542 1 is sleeping
542 2 has taken the left fork
542 2 has taken the right fork
542 2 is eating
DBG_EAT: id=2 time_last_meal=542
DBG_EAT2: id=4 meals=3
562 4 has put down the right fork
562 4 has put down the left fork
562 4 is sleeping
563 5 is thinking
563 5 has taken the right fork
563 5 has taken the left fork
563 5 is eating
DBG_EAT: id=5 time_last_meal=563
DBG_EAT2: id=2 meals=4
602 2 has put down the right fork
602 2 has put down the left fork
602 3 is thinking
602 3 has taken the right fork
602 3 has taken the left fork
602 3 is eating
DBG_EAT: id=3 time_last_meal=602
602 2 is sleeping
DBG_EAT2: id=5 meals=4
623 5 has put down the left fork
623 5 has put down the right fork
623 5 is sleeping
642 1 is thinking
642 1 has taken the right fork
642 1 has taken the left fork
642 1 is eating
DBG_EAT: id=1 time_last_meal=642
DBG_EAT2: id=3 meals=4
663 3 has put down the left fork
663 3 has put down the right fork
663 4 is thinking
663 3 is sleeping
663 4 has taken the left fork
663 4 has taken the right fork
663 4 is eating
DBG_EAT: id=4 time_last_meal=663
702 2 is thinking
DBG_EAT2: id=1 meals=5
703 1 has put down the left fork
703 1 has put down the right fork
703 1 is sleeping
703 2 has taken the left fork
703 2 has taken the right fork
703 2 is eating
DBG_EAT: id=2 time_last_meal=703
723 5 is thinking
DBG_EAT2: id=4 meals=4
723 4 has put down the right fork
723 4 has put down the left fork
723 4 is sleeping
723 5 has taken the right fork
723 5 has taken the left fork
723 5 is eating
DBG_EAT: id=5 time_last_meal=723
763 3 is thinking
DBG_EAT2: id=2 meals=5
763 2 has put down the right fork
763 2 has put down the left fork
763 2 is sleeping
763 3 has taken the right fork
763 3 has taken the left fork
763 3 is eating
DBG_EAT: id=3 time_last_meal=763
DBG_EAT2: id=5 meals=5
784 5 has put down the left fork
784 5 has put down the right fork
784 5 is sleeping
803 1 is thinking
803 1 has taken the right fork
803 1 has taken the left fork
803 1 is eating
DBG_EAT: id=1 time_last_meal=803
823 4 is thinking
DBG_EAT2: id=3 meals=5
823 3 has put down the left fork
823 3 has put down the right fork
824 3 is sleeping
824 4 has taken the left fork
824 4 has taken the right fork
824 4 is eating
DBG_EAT: id=4 time_last_meal=824
863 2 is thinking
DBG_EAT2: id=1 meals=6
863 1 has put down the left fork
863 1 has put down the right fork
863 1 is sleeping
864 2 has taken the left fork
864 2 has taken the right fork
864 2 is eating
DBG_EAT: id=2 time_last_meal=864
DBG_EAT2: id=4 meals=5
884 4 has put down the right fork
884 4 has put down the left fork
884 5 is thinking
884 5 has taken the right fork
884 5 has taken the left fork
884 5 is eating
DBG_EAT: id=5 time_last_meal=884
884 4 is sleeping
DBG_EAT2: id=2 meals=6
924 2 has put down the right fork
924 2 has put down the left fork
924 2 is sleeping
924 3 is thinking
924 3 has taken the right fork
924 3 has taken the left fork
924 3 is eating
DBG_EAT: id=3 time_last_meal=924
DBG_EAT2: id=5 meals=6
944 5 has put down the left fork
944 5 has put down the right fork
944 5 is sleeping
944 All philosophers ate enough
DBG_EAT2: id=3 meals=6
