DBG_INIT: meal_mutex init for philo 1
DBG_INIT: meal_mutex init for philo 2
DBG_INIT: meal_mutex init for philo 3
DBG: init philo[1].time_last_meal=0
DBG: init philo[2].time_last_meal=0
DBG: init philo[3].time_last_meal=0
0 1 has taken the right fork
0 1 has taken the left fork
0 1 is eating
DBG_EAT: id=1 time_last_meal=0
0 2 has taken the left fork
DBG: start_time=1758386299745
DBG_EAT2: id=1 meals=1
60 1 has put down the left fork
60 1 has put down the right fork
60 1 is sleeping
60 2 has taken the right fork
60 2 is eating
DBG_EAT: id=2 time_last_meal=60
120 1 is thinking
120 1 has taken the right fork
DBG_EAT2: id=2 meals=1
120 2 has put down the right fork
120 1 has taken the left fork
120 1 is eating
DBG_EAT: id=1 time_last_meal=120
120 2 has put down the left fork
120 2 is sleeping
120 3 has taken the right fork
DBG_EAT2: id=1 meals=2
180 1 has put down the left fork
180 1 has put down the right fork
180 2 is thinking
180 1 is sleeping
180 3 has taken the left fork
180 3 is eating
DBG_EAT: id=3 time_last_meal=180
240 1 is thinking
DBG_EAT2: id=3 meals=1
240 3 has put down the left fork
240 3 has put down the right fork
240 3 is sleeping
240 1 has taken the right fork
240 1 has taken the left fork
240 1 is eating
DBG_EAT: id=1 time_last_meal=240
240 2 has taken the left fork
301 3 is thinking
DBG_EAT2: id=1 meals=3
301 1 has put down the left fork
301 1 has put down the right fork
301 2 has taken the right fork
301 2 is eating
DBG_EAT: id=2 time_last_meal=301
301 1 is sleeping
DBG_EAT2: id=2 meals=2
361 2 has put down the right fork
361 1 is thinking
361 1 has taken the right fork
361 1 has taken the left fork
361 1 is eating
DBG_EAT: id=1 time_last_meal=361
361 2 has put down the left fork
361 2 is sleeping
361 3 has taken the right fork
DBG_EAT2: id=1 meals=4
421 1 has put down the left fork
421 2 is thinking
421 1 has put down the right fork
421 1 is sleeping
421 3 has taken the left fork
421 3 is eating
DBG_EAT: id=3 time_last_meal=421
481 1 is thinking
DBG_EAT2: id=3 meals=2
481 3 has put down the left fork
481 3 has put down the right fork
481 1 has taken the right fork
481 1 has taken the left fork
481 1 is eating
DBG_EAT: id=1 time_last_meal=481
481 3 is sleeping
481 2 has taken the left fork
481 All philosophers ate enough
DBG_EAT2: id=1 meals=5
