DBG_INIT: meal_mutex init for philo 1
DBG_INIT: meal_mutex init for philo 2
DBG: init philo[1].time_last_meal=0
DBG: init philo[2].time_last_meal=0
0 1 has taken the right fork
0 1 has taken the left fork
0 1 is eating
DBG_EAT: id=1 time_last_meal=0
DBG: start_time=1758402872419
DBG_EAT2: id=1 meals=1
101 1 has put down the left fork
101 1 has put down the right fork
101 1 is sleeping
101 2 has taken the left fork
101 2 has taken the right fork
101 2 is eating
DBG_EAT: id=2 time_last_meal=101
202 1 is thinking
DBG_EAT2: id=2 meals=1
202 2 has put down the right fork
202 2 has put down the left fork
202 2 is sleeping
202 1 has taken the right fork
202 1 has taken the left fork
202 1 is eating
DBG_EAT: id=1 time_last_meal=202
303 2 is thinking
DBG_EAT2: id=1 meals=2
303 1 has put down the left fork
303 1 has put down the right fork
304 1 is sleeping
304 2 has taken the left fork
304 2 has taken the right fork
304 2 is eating
DBG_EAT: id=2 time_last_meal=304
DBG_EAT2: id=2 meals=2
404 2 has put down the right fork
404 2 has put down the left fork
404 1 is thinking
404 1 has taken the right fork
404 1 has taken the left fork
404 1 is eating
DBG_EAT: id=1 time_last_meal=404
404 2 is sleeping
DBG_EAT2: id=1 meals=3
504 1 has put down the left fork
504 1 has put down the right fork
504 2 is thinking
504 1 is sleeping
505 2 has taken the left fork
505 2 has taken the right fork
505 2 is eating
DBG_EAT: id=2 time_last_meal=505
DBG_EAT2: id=2 meals=3
605 2 has put down the right fork
605 2 has put down the left fork
605 1 is thinking
605 1 has taken the right fork
605 1 has taken the left fork
605 1 is eating
DBG_EAT: id=1 time_last_meal=605
605 2 is sleeping
DBG_EAT2: id=1 meals=4
705 1 has put down the left fork
705 1 has put down the right fork
705 2 is thinking
705 1 is sleeping
705 2 has taken the left fork
705 2 has taken the right fork
705 2 is eating
DBG_EAT: id=2 time_last_meal=705
805 1 is thinking
DBG_EAT2: id=2 meals=4
806 2 has put down the right fork
806 2 has put down the left fork
806 1 has taken the right fork
806 1 has taken the left fork
806 1 is eating
DBG_EAT: id=1 time_last_meal=806
806 2 is sleeping
DBG_EAT2: id=1 meals=5
906 1 has put down the left fork
906 1 has put down the right fork
906 2 is thinking
906 1 is sleeping
906 2 has taken the left fork
906 2 has taken the right fork
906 2 is eating
DBG_EAT: id=2 time_last_meal=906
DBG_EAT2: id=2 meals=5
1006 2 has put down the right fork
1006 2 has put down the left fork
1006 2 is sleeping
1007 1 is thinking
1007 1 has taken the right fork
1007 1 has taken the left fork
1007 1 is eating
DBG_EAT: id=1 time_last_meal=1007
1107 2 is thinking
DBG_EAT2: id=1 meals=6
1107 1 has put down the left fork
1107 1 has put down the right fork
1107 1 is sleeping
1107 2 has taken the left fork
1107 2 has taken the right fork
1107 2 is eating
DBG_EAT: id=2 time_last_meal=1107
DBG_EAT2: id=2 meals=6
1207 2 has put down the right fork
1207 2 has put down the left fork
1207 1 is thinking
1207 1 has taken the right fork
1207 1 has taken the left fork
1207 1 is eating
DBG_EAT: id=1 time_last_meal=1207
1207 2 is sleeping
1307 2 is thinking
DBG_EAT2: id=1 meals=7
1307 1 has put down the left fork
1307 1 has put down the right fork
1307 1 is sleeping
1308 2 has taken the left fork
1308 2 has taken the right fork
1308 2 is eating
DBG_EAT: id=2 time_last_meal=1308
1408 1 is thinking
DBG_EAT2: id=2 meals=7
1408 2 has put down the right fork
1408 2 has put down the left fork
1408 2 is sleeping
1408 1 has taken the right fork
1408 1 has taken the left fork
1408 1 is eating
DBG_EAT: id=1 time_last_meal=1408
DBG_EAT2: id=1 meals=8
1508 1 has put down the left fork
1508 1 has put down the right fork
1508 2 is thinking
1508 1 is sleeping
1508 2 has taken the left fork
1508 2 has taken the right fork
1508 2 is eating
DBG_EAT: id=2 time_last_meal=1508
DBG_EAT2: id=2 meals=8
1608 2 has put down the right fork
1608 2 has put down the left fork
1609 1 is thinking
1609 1 has taken the right fork
1609 1 has taken the left fork
1609 1 is eating
DBG_EAT: id=1 time_last_meal=1609
1609 2 is sleeping
DBG_EAT2: id=1 meals=9
1709 1 has put down the left fork
1709 1 has put down the right fork
1709 1 is sleeping
1709 2 is thinking
1709 2 has taken the left fork
1709 2 has taken the right fork
1709 2 is eating
DBG_EAT: id=2 time_last_meal=1709
1809 1 is thinking
DBG_EAT2: id=2 meals=9
1809 2 has put down the right fork
1809 2 has put down the left fork
1809 1 has taken the right fork
1809 1 has taken the left fork
1809 2 is sleeping
1809 1 is eating
DBG_EAT: id=1 time_last_meal=1809
DBG_EAT2: id=1 meals=10
1910 1 has put down the left fork
1910 1 has put down the right fork
1910 2 is thinking
1910 1 is sleeping
1910 2 has taken the left fork
1910 2 has taken the right fork
1910 2 is eating
DBG_EAT: id=2 time_last_meal=1910
DBG_EAT2: id=2 meals=10
2010 2 has put down the right fork
2010 2 has put down the left fork
2010 1 is thinking
2010 1 has taken the right fork
2010 1 has taken the left fork
2010 1 is eating
DBG_EAT: id=1 time_last_meal=2010
2010 2 is sleeping
DBG_EAT2: id=1 meals=11
2111 1 has put down the left fork
2111 1 has put down the right fork
2111 2 is thinking
2111 1 is sleeping
2111 2 has taken the left fork
2111 2 has taken the right fork
2111 2 is eating
DBG_EAT: id=2 time_last_meal=2111
DBG_EAT2: id=2 meals=11
2211 2 has put down the right fork
2211 2 has put down the left fork
2211 1 is thinking
2211 1 has taken the right fork
2211 1 has taken the left fork
2211 1 is eating
DBG_EAT: id=1 time_last_meal=2211
2211 2 is sleeping
DBG_EAT2: id=1 meals=12
2312 1 has put down the left fork
2312 1 has put down the right fork
2312 2 is thinking
2312 1 is sleeping
2312 2 has taken the left fork
2312 2 has taken the right fork
2312 2 is eating
DBG_EAT: id=2 time_last_meal=2312
DBG_EAT2: id=2 meals=12
2412 2 has put down the right fork
2412 2 has put down the left fork
2412 1 is thinking
2412 1 has taken the right fork
2412 1 has taken the left fork
2412 1 is eating
DBG_EAT: id=1 time_last_meal=2412
2412 2 is sleeping
DBG_EAT2: id=1 meals=13
2512 2 is thinking
2512 1 has put down the left fork
2512 1 has put down the right fork
2512 1 is sleeping
2513 2 has taken the left fork
2513 2 has taken the right fork
2513 2 is eating
DBG_EAT: id=2 time_last_meal=2513
DBG_EAT2: id=2 meals=13
2613 2 has put down the right fork
2613 2 has put down the left fork
2613 1 is thinking
2613 1 has taken the right fork
2613 1 has taken the left fork
2613 1 is eating
DBG_EAT: id=1 time_last_meal=2613
2613 2 is sleeping
2713 2 is thinking
DBG_EAT2: id=1 meals=14
2713 1 has put down the left fork
2713 1 has put down the right fork
2713 1 is sleeping
2714 2 has taken the left fork
2714 2 has taken the right fork
2714 2 is eating
DBG_EAT: id=2 time_last_meal=2714
DBG_EAT2: id=2 meals=14
2814 2 has put down the right fork
2814 2 has put down the left fork
2814 1 is thinking
2814 1 has taken the right fork
2814 1 has taken the left fork
2814 1 is eating
DBG_EAT: id=1 time_last_meal=2814
2814 2 is sleeping
DBG_EAT2: id=1 meals=15
2914 1 has put down the left fork
2914 1 has put down the right fork
2914 2 is thinking
2915 1 is sleeping
2915 2 has taken the left fork
2915 2 has taken the right fork
2915 2 is eating
DBG_EAT: id=2 time_last_meal=2915
DBG_EAT2: id=2 meals=15
3015 2 has put down the right fork
3015 2 has put down the left fork
3015 1 is thinking
3015 1 has taken the right fork
3015 1 has taken the left fork
3015 1 is eating
DBG_EAT: id=1 time_last_meal=3015
3015 2 is sleeping
DBG_EAT2: id=1 meals=16
3115 1 has put down the left fork
3115 1 has put down the right fork
3115 2 is thinking
3115 1 is sleeping
3116 2 has taken the left fork
3116 2 has taken the right fork
3116 2 is eating
DBG_EAT: id=2 time_last_meal=3116
3215 1 is thinking
DBG_EAT2: id=2 meals=16
3216 2 has put down the right fork
3216 2 has put down the left fork
3216 2 is sleeping
3216 1 has taken the right fork
3216 1 has taken the left fork
3216 1 is eating
DBG_EAT: id=1 time_last_meal=3216
DBG_EAT2: id=1 meals=17
3316 1 has put down the left fork
3316 1 has put down the right fork
3316 2 is thinking
3316 1 is sleeping
3316 2 has taken the left fork
3316 2 has taken t