DBG_INIT: meal_mutex init for philo 1
DBG_INIT: meal_mutex init for philo 2
DBG_INIT: meal_mutex init for philo 3
DBG_INIT: meal_mutex init for philo 4
DBG_INIT: meal_mutex init for philo 5
DBG: init philo[1].time_last_meal=0
DBG: init philo[2].time_last_meal=0
DBG: init philo[3].time_last_meal=0
DBG: init philo[4].time_last_meal=0
DBG: init philo[5].time_last_meal=0
1 1 has taken the right fork
1 1 has taken the left fork
1 1 is eating
DBG_EAT: id=1 time_last_meal=1
1 3 has taken the right fork
1 3 has taken the left fork
1 3 is eating
DBG_EAT: id=3 time_last_meal=1
1 4 has taken the left fork
DBG: start_time=1758387771288
DBG_EAT2: id=1 meals=1
61 1 has put down the left fork
61 1 has put down the right fork
61 1 is sleeping
DBG_EAT2: id=3 meals=1
61 3 has put down the left fork
61 4 has taken the right fork
61 4 is eating
DBG_EAT: id=4 time_last_meal=61
61 3 has put down the right fork
61 3 is sleeping
61 2 has taken the left fork
61 2 has taken the right fork
61 2 is eating
DBG_EAT: id=2 time_last_meal=61
DBG_EAT2: id=2 meals=1
122 2 has put down the right fork
122 2 has put down the left fork
122 2 is sleeping
122 3 is thinking
122 3 has taken the right fork
122 1 is thinking
122 1 has taken the right fork
122 1 has taken the left fork
122 1 is eating
DBG_EAT: id=1 time_last_meal=122
DBG_EAT2: id=4 meals=1
122 4 has put down the right fork
122 4 has put down the left fork
122 4 is sleeping
122 3 has taken the left fork
122 3 is eating
DBG_EAT: id=3 time_last_meal=122
122 5 has taken the right fork
182 2 is thinking
DBG_EAT2: id=1 meals=2
182 1 has put down the left fork
182 1 has put down the right fork
182 5 has taken the left fork
182 5 is eating
DBG_EAT: id=5 time_last_meal=182
182 1 is sleeping
182 4 is thinking
DBG_EAT2: id=3 meals=2
182 3 has put down the left fork
182 3 has put down the right fork
182 2 has taken the left fork
182 2 has taken the right fork
182 2 is eating
DBG_EAT: id=2 time_last_meal=182
182 3 is sleeping
242 1 is thinking
DBG_EAT2: id=2 meals=2
242 2 has put down the right fork
242 2 has put down the left fork
242 2 is sleeping
DBG_EAT2: id=5 meals=1
242 5 has put down the left fork
242 3 is thinking
242 3 has taken the right fork
242 3 has taken the left fork
242 3 is eating
DBG_EAT: id=3 time_last_meal=242
242 5 has put down the right fork
242 1 has taken the right fork
242 1 has taken the left fork
242 1 is eating
DBG_EAT: id=1 time_last_meal=242
242 5 is sleeping
242 4 has taken the left fork
DBG_EAT2: id=3 meals=3
302 2 is thinking
DBG_EAT2: id=1 meals=3
302 5 is thinking
302 1 has put down the left fork
302 1 has put down the right fork
302 3 has put down the left fork
302 3 has put down the right fork
302 3 is sleeping
303 1 is sleeping
303 4 has taken the right fork
303 4 is eating
DBG_EAT: id=4 time_last_meal=303
303 2 has taken the left fork
303 2 has taken the right fork
303 2 is eating
DBG_EAT: id=2 time_last_meal=303
DBG_EAT2: id=2 meals=3
DBG_EAT2: id=4 meals=2
363 2 has put down the right fork
363 1 is thinking
363 3 is thinking
363 3 has taken the right fork
363 3 has taken the left fork
363 3 is eating
DBG_EAT: id=3 time_last_meal=363
363 2 has put down the left fork
363 2 is sleeping
363 1 has taken the right fork
363 1 has taken the left fork
363 1 is eating
DBG_EAT: id=1 time_last_meal=363
363 4 has put down the right fork
363 4 has put down the left fork
363 4 is sleeping
363 5 has taken the right fork
DBG_EAT2: id=1 meals=4
423 4 is thinking
423 1 has put down the left fork
423 1 has put down the right fork
DBG_EAT2: id=3 meals=4
423 5 has taken the left fork
423 5 is eating
DBG_EAT: id=5 time_last_meal=423
423 1 is sleeping
423 3 has put down the left fork
423 3 has put down the right fork
423 3 is sleeping
423 2 is thinking
424 2 has taken the left fork
424 2 has taken the right fork
424 2 is eating
DBG_EAT: id=2 time_last_meal=424
484 1 is thinking
484 3 is thinking
DBG_EAT2: id=5 meals=2
484 5 has put down the left fork
484 1 has taken the right fork
DBG_EAT2: id=2 meals=4
484 5 has put down the right fork
484 5 is sleeping
484 4 has taken the left fork
484 2 has put down the right fork
484 2 has put down the left fork
484 2 is sleeping
484 1 has taken the left fork
484 3 has taken the right fork
484 1 is eating
DBG_EAT: id=1 time_last_meal=484
484 4 has taken the right fork
484 4 is eating
DBG_EAT: id=4 time_last_meal=484
544 2 is thinking
544 5 is thinking
DBG_EAT2: id=1 meals=5
544 1 has put down the left fork
544 1 has put down the right fork
DBG_EAT2: id=4 meals=3
544 1 is sleeping
544 4 has put down the right fork
544 4 has put down the left fork
544 4 is sleeping
544 3 has taken the left fork
544 3 is eating
DBG_EAT: id=3 time_last_meal=544
544 5 has taken the right fork
544 5 has taken the left fork
544 5 is eating
DBG_EAT: id=5 time_last_meal=544
DBG_EAT2: id=3 meals=5
604 3 has put down the left fork
604 1 is thinking
604 4 is thinking
604 3 has put down the right fork
604 3 is sleeping
DBG_EAT2: id=5 meals=3
605 2 has taken the left fork
605 2 has taken the right fork
605 2 is eating
DBG_EAT: id=2 time_last_meal=605
605 5 has put down the left fork
605 5 has put down the right fork
605 5 is sleeping
605 1 has taken the right fork
605 All philosophers ate enough
DBG_EAT2: id=2 meals=5
