DBG_INIT: meal_mutex init for philo 1
DBG_INIT: meal_mutex init for philo 2
DBG_INIT: meal_mutex init for philo 3
DBG_INIT: meal_mutex init for philo 4
DBG: init philo[1].time_last_meal=0
DBG: init philo[2].time_last_meal=0
DBG: init philo[3].time_last_meal=0
DBG: init philo[4].time_last_meal=0
0 3 has taken the right fork
0 3 has taken the left fork
0 3 is eating
DBG_EAT: id=3 time_last_meal=0
0 1 has taken the right fork
0 1 has taken the left fork
0 1 is eating
DBG_EAT: id=1 time_last_meal=0
DBG: start_time=1758386834671
DBG_EAT2: id=3 meals=1
100 3 has put down the left fork
DBG_EAT2: id=1 meals=1
100 1 has put down the left fork
100 3 has put down the right fork
100 3 is sleeping
100 1 has put down the right fork
100 4 has taken the left fork
100 4 has taken the right fork
100 4 is eating
DBG_EAT: id=4 time_last_meal=100
100 2 has taken the left fork
100 2 has taken the right fork
100 2 is eating
DBG_EAT: id=2 time_last_meal=100
100 1 is sleeping
200 3 is thinking
DBG_EAT2: id=4 meals=1
200 4 has put down the right fork
200 4 has put down the left fork
200 4 is sleeping
200 1 is thinking
200 1 has taken the right fork
DBG_EAT2: id=2 meals=1
200 2 has put down the right fork
200 2 has put down the left fork
200 2 is sleeping
200 1 has taken the left fork
200 1 is eating
DBG_EAT: id=1 time_last_meal=200
200 3 has taken the right fork
200 3 has taken the left fork
200 3 is eating
DBG_EAT: id=3 time_last_meal=200
300 4 is thinking
300 2 is thinking
DBG_EAT2: id=1 meals=2
300 1 has put down the left fork
300 1 has put down the right fork
300 4 has taken the left fork
300 1 is sleeping
DBG_EAT2: id=3 meals=2
300 3 has put down the left fork
300 3 has put down the right fork
300 3 is sleeping
300 4 has taken the right fork
300 4 is eating
DBG_EAT: id=4 time_last_meal=300
301 2 has taken the left fork
301 2 has taken the right fork
301 2 is eating
DBG_EAT: id=2 time_last_meal=301
401 1 is thinking
401 3 is thinking
DBG_EAT2: id=4 meals=2
401 4 has put down the right fork
401 4 has put down the left fork
401 4 is sleeping
DBG_EAT2: id=2 meals=2
401 2 has put down the right fork
401 1 has taken the right fork
401 1 has taken the left fork
401 1 is eating
DBG_EAT: id=1 time_last_meal=401
401 2 has put down the left fork
401 2 is sleeping
401 3 has taken the right fork
401 3 has taken the left fork
401 3 is eating
DBG_EAT: id=3 time_last_meal=401
DBG_EAT2: id=1 meals=3
501 1 has put down the left fork
501 1 has put down the right fork
501 4 is thinking
501 2 is thinking
501 1 is sleeping
DBG_EAT2: id=3 meals=3
501 3 has put down the left fork
501 3 has put down the right fork
501 3 is sleeping
501 4 has taken the left fork
501 4 has taken the right fork
501 4 is eating
DBG_EAT: id=4 time_last_meal=501
501 2 has taken the left fork
501 2 has taken the right fork
501 2 is eating
DBG_EAT: id=2 time_last_meal=501
601 1 is thinking
601 3 is thinking
DBG_EAT2: id=2 meals=3
DBG_EAT2: id=4 meals=3
601 4 has put down the right fork
601 2 has put down the right fork
601 4 has put down the left fork
601 4 is sleeping
601 2 has put down the left fork
601 2 is sleeping
601 3 has taken the right fork
601 3 has taken the left fork
601 3 is eating
DBG_EAT: id=3 time_last_meal=601
601 1 has taken the right fork
601 1 has taken the left fork
601 1 is eating
DBG_EAT: id=1 time_last_meal=601
701 2 is thinking
701 4 is thinking
DBG_EAT2: id=1 meals=4
701 1 has put down the left fork
701 1 has put down the right fork
701 1 is sleeping
DBG_EAT2: id=3 meals=4
701 3 has put down the left fork
701 3 has put down the right fork
701 3 is sleeping
701 2 has taken the left fork
701 2 has taken the right fork
701 2 is eating
DBG_EAT: id=2 time_last_meal=701
701 4 has taken the left fork
701 4 has taken the right fork
701 4 is eating
DBG_EAT: id=4 time_last_meal=701
801 1 is thinking
801 3 is thinking
DBG_EAT2: id=4 meals=4
801 4 has put down the right fork
801 4 has put down the left fork
801 4 is sleeping
DBG_EAT2: id=2 meals=4
801 2 has put down the right fork
801 2 has put down the left fork
801 2 is sleeping
801 1 has taken the right fork
801 1 has taken the left fork
802 1 is eating
DBG_EAT: id=1 time_last_meal=802
802 3 has taken the right fork
802 3 has taken the left fork
802 3 is eating
DBG_EAT: id=3 time_last_meal=802
901 2 is thinking
901 4 is thinking
DBG_EAT2: id=1 meals=5
902 1 has put down the left fork
902 1 has put down the right fork
DBG_EAT2: id=3 meals=5
902 3 has put down the left fork
902 1 is sleeping
902 4 has taken the left fork
902 4 has taken the right fork
902 4 is eating
DBG_EAT: id=4 time_last_meal=902
902 3 has put down the right fork
902 3 is sleeping
902 2 has taken the left fork
902 2 has taken the right fork
902 2 is eating
DBG_EAT: id=2 time_last_meal=902
DBG_EAT2: id=2 meals=5
1002 2 has put down the right fork
1002 2 has put down the left fork
1002 3 is thinking
1002 2 is sleeping
1002 3 has taken the right fork
DBG_EAT2: id=4 meals=5
1002 4 has put down the right fork
1002 4 has put down the left fork
1002 4 is sleeping
1002 1 is thinking
1002 1 has taken the right fork
1002 1 has taken the left fork
1002 1 is eating
DBG_EAT: id=1 time_last_meal=1002
1002 All philosophers ate enough
DBG_EAT2: id=1 meals=6
