DBG_INIT: meal_mutex init for philo 1
DBG_INIT: meal_mutex init for philo 2
DBG: init philo[1].time_last_meal=0
DBG: init philo[2].time_last_meal=0
0 1 has taken the right fork
0 1 has taken the left fork
0 1 is eating
DBG_EAT: id=1 time_last_meal=0
DBG: start_time=1758403245111
DBG_EAT2: id=1 meals=1
60 1 has put down the left fork
60 1 has put down the right fork
60 1 is sleeping
60 2 has taken the left fork
60 2 has taken the right fork
60 2 is eating
DBG_EAT: id=2 time_last_meal=60
120 1 is thinking
DBG_EAT2: id=2 meals=1
120 2 has put down the right fork
121 2 has put down the left fork
121 2 is sleeping
121 1 has taken the right fork
121 1 has taken the left fork
121 1 is eating
DBG_EAT: id=1 time_last_meal=121
181 2 is thinking
DBG_EAT2: id=1 meals=2
181 1 has put down the left fork
181 1 has put down the right fork
181 1 is sleeping
181 2 has taken the left fork
181 2 has taken the right fork
181 2 is eating
DBG_EAT: id=2 time_last_meal=181
241 1 is thinking
DBG_EAT2: id=2 meals=2
241 2 has put down the right fork
241 2 has put down the left fork
241 2 is sleeping
241 1 has taken the right fork
241 1 has taken the left fork
241 1 is eating
DBG_EAT: id=1 time_last_meal=241
DBG_EAT2: id=1 meals=3
301 1 has put down the left fork
301 1 has put down the right fork
301 2 is thinking
302 1 is sleeping
302 2 has taken the left fork
302 2 has taken the right fork
302 2 is eating
DBG_EAT: id=2 time_last_meal=302
362 1 is thinking
DBG_EAT2: id=2 meals=3
362 2 has put down the right fork
362 2 has put down the left fork
362 1 has taken the right fork
362 1 has taken the left fork
362 1 is eating
DBG_EAT: id=1 time_last_meal=362
362 2 is sleeping
362 All philosophers ate enough
DBG_EAT2: id=1 meals=4
