DBG_INIT: meal_mutex init for philo 1
DBG_INIT: meal_mutex init for philo 2
DBG: init philo[1].time_last_meal=0
DBG: init philo[2].time_last_meal=0
0 1 has taken the right fork
0 1 has taken the left fork
0 1 is eating
DBG_EAT: id=1 time_last_meal=0
DBG: start_time=1758403289901
DBG_EAT2: id=1 meals=1
210 1 has put down the left fork
210 1 has put down the right fork
210 1 is sleeping
210 2 has taken the left fork
210 2 has taken the right fork
210 2 is eating
DBG_EAT: id=2 time_last_meal=210
273 1 is thinking
DBG_EAT2: id=2 meals=1
411 2 has put down the right fork
411 2 has put down the left fork
411 2 is sleeping
412 1 has taken the right fork
412 1 has taken the left fork
412 1 is eating
DBG_EAT: id=1 time_last_meal=412
475 2 is thinking
DBG_EAT2: id=1 meals=2
619 1 has put down the left fork
619 1 has put down the right fork
619 1 is sleeping
619 2 has taken the left fork
619 2 has taken the right fork
619 2 is eating
DBG_EAT: id=2 time_last_meal=619
682 1 is thinking
DBG_EAT2: id=2 meals=2
829 2 has put down the right fork
829 2 has put down the left fork
829 2 is sleeping
829 All philosophers ate enough
