DBG_INIT: meal_mutex init for philo 1
DBG_INIT: meal_mutex init for philo 2
DBG_INIT: meal_mutex init for philo 3
DBG: init philo[1].time_last_meal=0
DBG: init philo[2].time_last_meal=0
DBG: init philo[3].time_last_meal=0
0 1 has taken the right fork
0 1 has taken the left fork
0 1 is eating
DBG_EAT: id=1 time_last_meal=0
1 3 has taken the right fork
DBG: start_time=1758386389205
DBG_EAT2: id=1 meals=1
61 1 has put down the left fork
61 1 has put down the right fork
61 1 is sleeping
61 3 has taken the left fork
61 3 is eating
DBG_EAT: id=3 time_last_meal=61
DBG_EAT2: id=3 meals=1
121 3 has put down the left fork
121 3 has put down the right fork
121 3 is sleeping
121 2 has taken the left fork
121 2 has taken the right fork
121 2 is eating
DBG_EAT: id=2 time_last_meal=121
161 1 is thinking
161 1 has taken the right fork
DBG_EAT2: id=2 meals=1
181 2 has put down the right fork
181 2 has put down the left fork
181 2 is sleeping
181 1 has taken the left fork
181 1 is eating
DBG_EAT: id=1 time_last_meal=181
221 3 is thinking
221 3 has taken the right fork
DBG_EAT2: id=1 meals=2
241 1 has put down the left fork
241 1 has put down the right fork
241 1 is sleeping
241 3 has taken the left fork
241 3 is eating
DBG_EAT: id=3 time_last_meal=241
281 2 is thinking
DBG_EAT2: id=3 meals=2
301 3 has put down the left fork
301 3 has put down the right fork
301 3 is sleeping
302 2 has taken the left fork
302 2 has taken the right fork
302 2 is eating
DBG_EAT: id=2 time_last_meal=302
341 1 is thinking
341 1 has taken the right fork
DBG_EAT2: id=2 meals=2
362 2 has put down the right fork
362 2 has put down the left fork
362 2 is sleeping
362 1 has taken the left fork
362 1 is eating
DBG_EAT: id=1 time_last_meal=362
402 3 is thinking
402 3 has taken the right fork
DBG_EAT2: id=1 meals=3
422 1 has put down the left fork
422 1 has put down the right fork
422 1 is sleeping
422 3 has taken the left fork
422 3 is eating
DBG_EAT: id=3 time_last_meal=422
462 2 is thinking
DBG_EAT2: id=3 meals=3
482 3 has put down the left fork
482 3 has put down the right fork
482 3 is sleeping
482 2 has taken the left fork
482 2 has taken the right fork
482 2 is eating
DBG_EAT: id=2 time_last_meal=482
522 1 is thinking
522 1 has taken the right fork
DBG_EAT2: id=2 meals=3
542 2 has put down the right fork
542 2 has put down the left fork
542 2 is sleeping
542 1 has taken the left fork
542 1 is eating
DBG_EAT: id=1 time_last_meal=542
582 3 is thinking
582 3 has taken the right fork
DBG_EAT2: id=1 meals=4
602 1 has put down the left fork
602 1 has put down the right fork
602 1 is sleeping
602 3 has taken the left fork
602 3 is eating
DBG_EAT: id=3 time_last_meal=602
642 2 is thinking
DBG_EAT2: id=3 meals=4
663 3 has put down the left fork
663 3 has put down the right fork
663 3 is sleeping
663 2 has taken the left fork
663 2 has taken the right fork
663 2 is eating
DBG_EAT: id=2 time_last_meal=663
703 1 is thinking
703 1 has taken the right fork
DBG_EAT2: id=2 meals=4
723 2 has put down the right fork
723 2 has put down the left fork
723 2 is sleeping
723 1 has taken the left fork
723 1 is eating
DBG_EAT: id=1 time_last_meal=723
763 3 is thinking
763 3 has taken the right fork
DBG_EAT2: id=1 meals=5
783 1 has put down the left fork
783 1 has put down the right fork
783 1 is sleeping
783 3 has taken the left fork
783 3 is eating
DBG_EAT: id=3 time_last_meal=783
823 2 is thinking
DBG_EAT2: id=3 meals=5
843 3 has put down the left fork
843 3 has put down the right fork
843 3 is sleeping
843 2 has taken the left fork
843 2 has taken the right fork
843 2 is eating
DBG_EAT: id=2 time_last_meal=843
883 1 is thinking
883 1 has taken the right fork
DBG_EAT2: id=2 meals=5
903 2 has put down the right fork
903 2 has put down the left fork
903 2 is sleeping
903 1 has taken the left fork
903 1 is eating
DBG_EAT: id=1 time_last_meal=903
943 3 is thinking
943 3 has taken the right fork
DBG_EAT2: id=1 meals=6
964 1 has put down the left fork
964 1 has put down the right fork
964 1 is sleeping
964 3 has taken the left fork
964 3 is eating
DBG_EAT: id=3 time_last_meal=964
1004 2 is thinking
DBG_EAT2: id=3 meals=6
1024 3 has put down the left fork
1024 3 has put down the right fork
1024 3 is sleeping
1024 2 has taken the left fork
1024 2 has taken the right fork
1024 2 is eating
DBG_EAT: id=2 time_last_meal=1024
1064 1 is thinking
1064 1 has taken the right fork
DBG_EAT2: id=2 meals=6
1084 2 has put down the right fork
1084 2 has put down the left fork
1084 2 is sleeping
1084 1 has taken the left fork
1084 1 is eating
DBG_EAT: id=1 time_last_meal=1084
1124 3 is thinking
1124 3 has taken the right fork
DBG_EAT2: id=1 meals=7
1144 1 has put down the left fork
1144 1 has put down the right fork
1144 1 is sleeping
1144 3 has taken the left fork
1144 3 is eating
DBG_EAT: id=3 time_last_meal=1144
1184 2 is thinking
DBG_EAT2: id=3 meals=7
1204 3 has put down the left fork
1204 3 has put down the right fork
1204 3 is sleeping
1204 2 has taken the left fork
1204 2 has taken the right fork
1204 2 is eating
DBG_EAT: id=2 time_last_meal=1204
1244 1 is thinking
1244 1 has taken the right fork
DBG_EAT2: id=2 meals=7
1265 2 has put down the right fork
1265 2 has put down the left fork
1265 2 is sleeping
1265 1 has taken the left fork
1265 1 is eating
DBG_EAT: id=1 time_last_meal=1265
1304 3 is thinking
1304 3 has taken the right fork
DBG_EAT2: id=1 meals=8
1325 1 has put down the left fork
1325 1 has put down the right fork
1325 1 is sleeping
1325 3 has taken the left fork
1325 3 is eating
DBG_EAT: id=3 time_last_meal=1325
1365 2 is thinking
DBG_EAT2: id=3 meals=8
1385 3 has put down the left fork
1385 3 has put down the right fork
1385 3 is sleeping
1385 2 has taken the left fork
1385 2 has taken the right fork
1385 2 is eating
DBG_EAT: id=2 time_last_meal=1385
1425 1 is thinking
1425 1 has taken the right fork
DBG_EAT2: id=2 meals=8
1445 2 has put down the right fork
1445 2 has put down the left fork
1445 2 is sleeping
1445 1 has taken the left fork
1445 1 is eating
DBG_EAT: id=1 time_last_meal=1445
1485 3 is thinking
1485 3 has taken the right fork
DBG_EAT2: id=1 meals=9
1505 1 has put down the left fork
1505 1 has put down the right fork
1505 1 is sleeping
1505 3 has taken the left fork
1505 3 is eating
DBG_EAT: id=3 time_last_meal=1505
1545 2 is thinking
DBG_EAT2: id=3 meals=9
1566 3 has put down the left fork
1566 3 has put down the right fork
1566 2 has taken the left fork
1566 3 is sleeping
1566 2 has taken the right fork
1566 2 is eating
DBG_EAT: id=2 time_last_meal=1566
1605 1 is thinking
1605 1 has taken the right fork
DBG_EAT2: id=2 meals=9
1626 2 has put down the right fork
1626 2 has put down the left fork
1626 2 is sleeping
1626 1 has taken the left fork
1626 1 is eating
DBG_EAT: id=1 time_last_meal=1626
1666 3 is thinking
1666 3 has taken the right fork
DBG_EAT2: id=1 meals=10
1686 1 has put down the left fork
1686 1 has put down the right fork
1686 1 is sleeping
1686 3 has taken the left fork
1686 3 is eating
DBG_EAT: id=3 time_last_meal=1686
1726 2 is thinking
DBG_EAT2: id=3 meals=10
1746 3 has put down the left fork
1746 3 has put down the right fork
1746 3 is sleeping
1746 2 has taken the left fork
1746 2 has taken the right fork
1746 2 is eating
DBG_EAT: id=2 time_last_meal=1746
1786 1 is thinking
1786 1 has taken the right fork
DBG_EAT2: id=2 meals=10
1806 2 has put down the right fork
1806 2 has put down the left fork
1806 2 is sleeping
1806 1 has taken the left fork
1806 1 is eating
DBG_EAT: id=1 time_last_meal=1806
1846 3 is thinking
1846 3 has taken the right fork
DBG_EAT2: id=1 meals=11
1866 1 has put down the left fork
1866 1 has put down the right fork
1866 1 is sleeping
1866 3 has taken the left fork
1866 3 is eating
DBG_EAT: id=3 time_last_meal=1866
1906 2 is thinking
DBG_EAT2: id=3 meals=11
1927 3 has put down the left fork
1927 3 has put down the right fork
1927 3 is sleeping
1927 2 has taken the left fork
1927 2 has taken the right fork
1927 2 is eating
DBG_EAT: id=2 time_last_meal=1927
1967 1 is thinking
1967 1 has taken the right fork
DBG_EAT2: id=2 meals=11
1987 2 has put down the right fork
1987 2 has put down the left fork
1987 2 is sleeping
1987 1 has taken the left fork
1987 1 is eating
DBG_EAT: id=1 time_last_meal=1987
2027 3 is thinking
2027 3 has taken the right fork
DBG_EAT2: id=1 meals=12
2047 1 has put down the left fork
2047 1 has put down the right fork
2047 1 is sleeping
2047 3 has taken the left fork
2047 3 is eating
DBG_EAT: id=3 time_last_meal=2047
2087 2 is thinking
DBG_EAT2: id=3 meals=12
2107 3 has put down the left fork
2107 3 has put down the right fork
2107 3 is sleeping
2107 2 has taken the left fork
2107 2 has taken the right fork
2107 2 is eating
DBG_EAT: id=2 time_last_meal=2107
2147 1 is thinking
2147 1 has taken the right fork
DBG_EAT2: id=2 meals=12
2167 2 has put down the right fork
2167 2 has put down the left fork
2167 2 is sleeping
2167 1 has taken the left fork
2167 1 is eating
DBG_EAT: id=1 time_last_meal=2167
2207 3 is thinking
2207 3 has taken the right fork
DBG_EAT2: id=1 meals=13
2227 1 has put down the left fork
2227 1 has put down the right fork
2227 1 is sleeping
2228 3 has taken the left fork
2228 3 is eating
DBG_EAT: id=3 time_last_meal=2228
2267 2 is thinking
DBG_EAT2: id=3 meals=13
2288 3 has put down the left fork
2288 3 has put down the right fork
2288 3 is sleeping
2288 2 has taken the left fork
2288 2 has taken the right fork
2288 2 is eating
DBG_EAT: id=2 time_last_meal=2288
2328 1 is thinking
2328 1 has taken the right fork
DBG_EAT2: id=2 meals=13
2348 2 has put down the right fork
2348 2 has put down the left fork
2348 2 is sleeping
2348 1 has taken the left fork
2348 1 is eating
DBG_EAT: id=1 time_last_meal=2348
2388 3 is thinking
2388 3 has taken the right fork
DBG_EAT2: id=1 meals=14
2408 1 has put down the left fork
2408 1 has put down the right fork
2408 1 is sleeping
2408 3 has taken the left fork
2408 3 is eating
DBG_EAT: id=3 time_last_meal=2408
2448 2 is thinking
DBG_EAT2: id=3 meals=14
2468 3 has put down the left fork
2468 3 has put down the right fork
2468 3 is sleeping
2468 2 has taken the left fork
2468 2 has taken the right fork
2468 2 is eating
DBG_EAT: id=2 time_last_meal=2468
2508 1 is thinking
2508 1 has taken the right fork
DBG_EAT2: id=2 meals=14
2528 2 has put down the right fork
2528 2 has put down the left fork
2528 1 has taken the left fork
2528 1 is eating
DBG_EAT: id=1 time_last_meal=2528
2528 2 is sleeping
2568 3 is thinking
2568 3 has taken the right fork
DBG_EAT2: id=1 meals=15
2588 1 has put down the left fork
2589 1 has put down the right fork
2589 1 is sleeping
2589 3 has taken the left fork
2589 3 is eating
DBG_EAT: id=3 time_last_meal=2589
2629 2 is thinking
DBG_EAT2: id=3 meals=15
2649 3 has put down the left fork
2649 3 has put down the right fork
2649 3 is sleeping
2649 2 has taken the left fork
2649 2 has taken the right fork
2649 2 is eating
DBG_EAT: id=2 time_last_meal=2649
2689 1 is thinking
2689 1 has taken the right fork
DBG_EAT2: id=2 meals=15
2709 2 has put down the right fork
2709 2 has put down the left fork
2709 2 is sleeping
2709 1 has taken the left fork
2709 1 is eating
DBG_EAT: id=1 time_last_meal=2709
2749 3 is thinking
2749 3 has taken the right fork
DBG_EAT2: id=1 meals=16
2769 1 has put down the left fork
2769 1 has put down the right fork
2769 1 is sleeping
2769 3 has taken the left fork
2769 3 is eating
DBG_EAT: id=3 time_last_meal=2769
2809 2 is thinking
DBG_EAT2: id=3 meals=16
2829 3 has put down the left fork
2829 3 has put down the right fork
2829 3 is sleeping
2829 2 has taken the left fork
2829 2 has taken the right fork
2829 2 is eating
DBG_EAT: id=2 time_last_meal=2829
2869 1 is thinking
2869 1 has taken the right fork
DBG_EAT2: id=2 meals=16
2889 2 has put down the right fork
2889 2 has put down the left fork
2889 2 is sleeping
2889 1 has taken the left fork
2889 1 is eating
DBG_EAT: id=1 time_last_meal=2889
2929 3 is thinking
2929 3 has taken the right fork
DBG_EAT2: id=1 meals=17
2949 1 has put down the left fork
2950 1 has put down the right fork
2950 1 is sleeping
2950 3 has taken the left fork
2950 3 is eating
DBG_EAT: id=3 time_last_meal=2950
2989 2 is thinking
DBG_EAT2: id=3 meals=17
3010 3 has put down the left fork
3010 3 has put down the right fork
3010 3 is sleeping
3010 2 has taken the left fork
3010 2 has taken the right fork
3010 2 is eating
DBG_EAT: id=2 time_last_meal=3010
3050 1 is thinking
3050 1 has taken the right fork
DBG_EAT2: id=2 meals=17
3070 2 has put down the right fork
3070 2 has put down the left fork
3070 2 is sleeping
3070 1 has taken the left fork
3070 1 is eating
DBG_EAT: id=1 time_last_meal=3070
3110 3 is thinking
3110 3 has taken the right fork
DBG_EAT2: id=1 meals=18
3130 1 has put down the left fork
3130 1 has put down the right fork
3130 1 is sleeping
3130 3 has taken the left fork
3130 3 is eating
DBG_EAT: id=3 time_last_meal=3130
3170 2 is thinking
DBG_EAT2: id=3 meals=18
3190 3 has put down the left fork
3190 3 has put down the right fork
3190 3 is sleeping
3190 2 has taken the left fork
3190 2 has taken the right fork
3190 2 is eating
DBG_EAT: id=2 time_last_meal=3190
3230 1 is thinking
3230 1 has taken the right fork
DBG_EAT2: id=2 meals=18
3250 2 has put down the right fork
3250 2 has put down the left fork
3250 2 is sleeping
3250 1 has taken the left fork
3250 1 is eating
DBG_EAT: id=1 time_last_meal=3250
3290 3 is thinking
3290 3 has taken the right fork
DBG_EAT2: id=1 meals=19
3311 1 has put down the left fork
3311 1 has put down the right fork
3311 1 is sleeping
3311 3 has taken the left fork
3311 3 is eating
DBG_EAT: id=3 time_last_meal=3311
3351 2 is thinking
DBG_EAT2: id=3 meals=19
3371 3 has put down the left fork
3371 3 has put down the right fork
3371 3 is sleeping
3371 2 has taken the left fork
3371 2 has taken the right fork
3371 2 is eating
DBG_EAT: id=2 time_last_meal=3371
3411 1 is thinking
3411 1 has taken the right fork
DBG_EAT2: id=2 meals=19
3431 2 has put down the right fork
3431 2 has put down the left fork
3431 2 is sleeping
3431 1 has taken the left fork
3431 1 is eating
DBG_EAT: id=1 time_last_meal=3431
3471 3 is thinking
3471 3 has taken the right fork
DBG_EAT2: id=1 meals=20
3491 1 has put down the left fork
3491 1 has put down the right fork
3491 1 is sleeping
3491 3 has taken the left fork
3491 3 is eating
DBG_EAT: id=3 time_last_meal=3491
3531 2 is thinking
DBG_EAT2: id=3 meals=20
3551 3 has put down the left fork
3551 3 has put down the right fork
3551 3 is sleeping
3551 2 has taken the left fork
3551 2 has taken the right fork
3551 2 is eating
DBG_EAT: id=2 time_last_meal=3551
3591 1 is thinking
3591 1 has taken the right fork
DBG_EAT2: id=2 meals=20
3611 2 has put down the right fork
3611 2 has put down the left fork
3612 2 is sleeping
3612 1 has taken the left fork
3612 1 is eating
DBG_EAT: id=1 time_last_meal=3612
3651 3 is thinking
3651 3 has taken the right fork
DBG_EAT2: id=1 meals=21
3672 1 has put down the left fork
3672 1 has put down the right fork
3672 1 is sleeping
3672 3 has taken the left fork
3672 3 is eating
DBG_EAT: id=3 time_last_meal=3672
3712 2 is thinking
DBG_EAT2: id=3 meals=21
3732 3 has put down the left fork
3732 3 has put down the right fork
3732 3 is sleeping
3732 2 has taken the left fork
3732 2 has taken the right fork
3732 2 is eating
DBG_EAT: id=2 time_last_meal=3732
3772 1 is thinking
3772 1 has taken the right fork
DBG_EAT2: id=2 meals=21
3792 2 has put down the right fork
3792 2 has put down the left fork
3792 2 is sleeping
3792 1 has taken the left fork
3792 1 is eating
DBG_EAT: id=1 time_last_meal=3792
3832 3 is thinking
3832 3 has taken the right fork
DBG_EAT2: id=1 meals=22
3852 1 has put down the left fork
3852 1 has put down the right fork
3852 1 is sleeping
3852 3 has taken the left fork
3852 3 is eating
DBG_EAT: id=3 time_last_meal=3852
3892 2 is thinking
DBG_EAT2: id=3 meals=22
3912 3 has put down the left fork
3912 3 has put down the right fork
3912 2 has taken the left fork
3912 2 has taken the right fork
3912 2 is eating
DBG_EAT: id=2 time_last_meal=3912
3912 3 is sleeping
3952 1 is thinking
3952 1 has taken the right fork
DBG_EAT2: id=2 meals=22
3973 2 has put down the right fork
3973 2 has put down the left fork
3973 2 is sleeping
3973 1 has taken the left fork
3973 1 is eating
DBG_EAT: id=1 time_last_meal=3973
4012 3 is thinking
4013 3 has taken the right fork
DBG_EAT2: id=1 meals=23
4033 1 has put down the left fork
4033 1 has put down the right fork
4033 1 is sleeping
4033 3 has taken the left fork
4033 3 is eating
DBG_EAT: id=3 time_last_meal=4033
4073 2 is thinking
DBG_EAT2: id=3 meals=23
4093 3 has put down the left fork
4093 3 has put down the right fork
4093 3 is sleeping
4093 2 has taken the left fork
4093 2 has taken the right fork
4093 2 is eating
DBG_EAT: id=2 time_last_meal=4093
4133 1 is thinking
4133 1 has taken the right fork
DBG_EAT2: id=2 meals=23
4153 2 has put down the right fork
4153 2 has put down the left fork
4153 2 is sleeping
4153 1 has taken the left fork
4153 1 is eating
DBG_EAT: id=1 time_last_meal=4153
4193 3 is thinking
4193 3 has taken the right fork
DBG_EAT2: id=1 meals=24
4213 1 has put down the left fork
4213 1 has put down the right fork
4213 1 is sleeping
4213 3 has taken the left fork
4213 3 is eating
DBG_EAT: id=3 time_last_meal=4213
4253 2 is thinking
DBG_EAT2: id=3 meals=24
4274 3 has put down the left fork
4274 3 has put down the right fork
4274 3 is sleeping
4274 2 has taken the left fork
4274 2 has taken the right fork
4274 2 is eating
DBG_EAT: id=2 time_last_meal=4274
4314 1 is thinking
4314 1 has taken the right fork
DBG_EAT2: id=2 meals=24
4334 2 has put down the right fork
4334 2 has put down the left fork
4334 2 is sleeping
4334 1 has taken the left fork
4334 1 is eating
DBG_EAT: id=1 time_last_meal=4334
4374 3 is thinking
4374 3 has taken the right fork
DBG_EAT2: id=1 meals=25
4394 1 has put down the left fork
4395 1 has put down the right fork
4395 1 is sleeping
4395 3 has taken the left fork
4395 3 is eating
DBG_EAT: id=3 time_last_meal=4395
4434 2 is thinking
DBG_EAT2: id=3 meals=25
4455 3 has put down the left fork
4455 3 has put down the right fork
4455 3 is sleeping
4455 2 has taken the left fork
4455 2 has taken the right fork
4455 2 is eating
DBG_EAT: id=2 time_last_meal=4455
4495 1 is thinking
4495 1 has taken the right fork
DBG_EAT2: id=2 meals=25
4515 2 has put down the right fork
4515 2 has put down the left fork
4515 2 is sleeping
4515 1 has taken the left fork
4515 1 is eating
DBG_EAT: id=1 time_last_meal=4515
4555 3 is thinking
4555 3 has taken the right fork
DBG_EAT2: id=1 meals=26
4575 1 has put down the left fork
4576 1 has put down the right fork
4576 1 is sleeping
4576 3 has taken the left fork
4576 3 is eating
DBG_EAT: id=3 time_last_meal=4576
4615 2 is thinking
DBG_EAT2: id=3 meals=26
4636 3 has put down the left fork
4636 3 has put down the right fork
4636 3 is sleeping
4636 2 has taken the left fork
4636 2 has taken the right fork
4636 2 is eating
DBG_EAT: id=2 time_last_meal=4636
4676 1 is thinking
4676 1 has taken the right fork
DBG_EAT2: id=2 meals=26
4696 2 has put down the right fork
4696 2 has put down the left fork
4696 2 is sleeping
4696 1 has taken the left fork
4696 1 is eating
DBG_EAT: id=1 time_last_meal=4696
4736 3 is thinking
4736 3 has taken the right fork
DBG_EAT2: id=1 meals=27
4756 1 has put down the left fork
4756 1 has put down the right fork
4756 1 is sleeping
4756 3 has taken the left fork
4756 3 is eating
DBG_EAT: id=3 time_last_meal=4756
4796 2 is thinking
DBG_EAT2: id=3 meals=27
4816 3 has put down the left fork
4816 3 has put down the right fork
4816 2 has taken the left fork
4816 2 has taken the right fork
4816 2 is eating
DBG_EAT: id=2 time_last_meal=4816
4816 3 is sleeping
4856 1 is thinking
4856 1 has taken the right fork
DBG_EAT2: id=2 meals=27
4877 2 has put down the right fork
4877 2 has put down the left fork
4877 2 is sleeping
4877 1 has taken the left fork
4877 1 is eating
DBG_EAT: id=1 time_last_meal=4877
4917 3 is thinking
4917 3 has taken the right fork
DBG_EAT2: id=1 meals=28
4937 1 has put down the left fork
4937 1 has put down the right fork
4937 1 is sleeping
4937 3 has taken the left fork
4937 3 is eating
DBG_EAT: id=3 time_last_meal=4937
4977 2 is thinking
DBG_EAT2: id=3 meals=28
4997 3 has put down the left fork
4997 3 has put down the right fork
4997 3 is sleeping
4997 2 has taken the left fork
4997 2 has taken the right fork
4997 2 is eating
DBG_EAT: id=2 time_last_