DBG_INIT: meal_mutex init for philo 1
DBG_INIT: meal_mutex init for philo 2
DBG_INIT: meal_mutex init for philo 3
DBG_INIT: meal_mutex init for philo 4
DBG: init philo[1].time_last_meal=0
DBG: init philo[2].time_last_meal=0
DBG: init philo[3].time_last_meal=0
DBG: init philo[4].time_last_meal=0
1 1 has taken the right fork
1 1 has taken the left fork
1 1 is eating
DBG_EAT: id=1 time_last_meal=1
1 2 has taken the left fork
DBG: start_time=1758387009684
DBG_EAT2: id=1 meals=1
61 1 has put down the left fork
61 1 has put down the right fork
61 2 has taken the right fork
61 1 is sleeping
61 2 is eating
DBG_EAT: id=2 time_last_meal=61
61 4 has taken the left fork
61 4 has taken the right fork
61 4 is eating
DBG_EAT: id=4 time_last_meal=61
DBG_EAT2: id=2 meals=1
122 2 has put down the right fork
122 2 has put down the left fork
122 1 is thinking
122 3 has taken the right fork
122 2 is sleeping
DBG_EAT2: id=4 meals=1
122 4 has put down the right fork
122 3 has taken the left fork
122 4 has put down the left fork
122 3 is eating
DBG_EAT: id=3 time_last_meal=122
122 4 is sleeping
122 1 has taken the right fork
122 1 has taken the left fork
122 1 is eating
DBG_EAT: id=1 time_last_meal=122
DBG_EAT2: id=3 meals=1
182 4 is thinking
182 3 has put down the left fork
182 3 has put down the right fork
182 3 is sleeping
182 2 is thinking
DBG_EAT2: id=1 meals=2
182 1 has put down the left fork
182 1 has put down the right fork
182 4 has taken the left fork
182 4 has taken the right fork
182 4 is eating
DBG_EAT: id=4 time_last_meal=182
182 1 is sleeping
182 2 has taken the left fork
182 2 has taken the right fork
182 2 is eating
DBG_EAT: id=2 time_last_meal=182
DBG_EAT2: id=4 meals=2
242 4 has put down the right fork
242 4 has put down the left fork
242 1 is thinking
242 4 is sleeping
242 1 has taken the right fork
242 3 is thinking
DBG_EAT2: id=2 meals=2
242 2 has put down the right fork
243 2 has put down the left fork
243 2 is sleeping
243 1 has taken the left fork
243 1 is eating
DBG_EAT: id=1 time_last_meal=243
243 3 has taken the right fork
243 3 has taken the left fork
243 3 is eating
DBG_EAT: id=3 time_last_meal=243
DBG_EAT2: id=3 meals=2
303 4 is thinking
303 3 has put down the left fork
303 3 has put down the right fork
303 3 is sleeping
DBG_EAT2: id=1 meals=3
303 1 has put down the left fork
303 1 has put down the right fork
303 2 is thinking
303 1 is sleeping
303 4 has taken the left fork
303 4 has taken the right fork
303 4 is eating
DBG_EAT: id=4 time_last_meal=303
303 2 has taken the left fork
303 2 has taken the right fork
303 2 is eating
DBG_EAT: id=2 time_last_meal=303
363 1 is thinking
363 3 is thinking
DBG_EAT2: id=4 meals=3
363 4 has put down the right fork
363 4 has put down the left fork
363 4 is sleeping
363 1 has taken the right fork
DBG_EAT2: id=2 meals=3
363 2 has put down the right fork
363 2 has put down the left fork
363 2 is sleeping
363 1 has taken the left fork
363 1 is eating
DBG_EAT: id=1 time_last_meal=363
363 3 has taken the right fork
363 3 has taken the left fork
363 3 is eating
DBG_EAT: id=3 time_last_meal=363
423 2 is thinking
DBG_EAT2: id=3 meals=3
423 3 has put down the left fork
423 3 has put down the right fork
423 4 is thinking
423 3 is sleeping
DBG_EAT2: id=1 meals=4
423 1 has put down the left fork
423 1 has put down the right fork
423 1 is sleeping
424 4 has taken the left fork
424 4 has taken the right fork
424 4 is eating
DBG_EAT: id=4 time_last_meal=424
424 2 has taken the left fork
424 2 has taken the right fork
424 2 is eating
DBG_EAT: id=2 time_last_meal=424
484 1 is thinking
DBG_EAT2: id=2 meals=4
484 2 has put down the right fork
484 2 has put down the left fork
484 2 is sleeping
DBG_EAT2: id=4 meals=4
484 4 has put down the right fork
484 4 has put down the left fork
484 3 is thinking
484 3 has taken the right fork
484 3 has taken the left fork
484 4 is sleeping
484 1 has taken the right fork
484 3 is eating
484 1 has taken the left fork
484 1 is eating
DBG_EAT: id=1 time_last_meal=484
DBG_EAT: id=3 time_last_meal=484
544 2 is thinking
DBG_EAT2: id=1 meals=5
544 4 is thinking
544 1 has put down the left fork
544 1 has put down the right fork
DBG_EAT2: id=3 meals=4
544 3 has put down the left fork
544 1 is sleeping
544 3 has put down the right fork
544 3 is sleeping
544 4 has taken the left fork
544 4 has taken the right fork
544 4 is eating
DBG_EAT: id=4 time_last_meal=544
544 2 has taken the left fork
544 2 has taken the right fork
544 2 is eating
DBG_EAT: id=2 time_last_meal=544
605 3 is thinking
605 1 is thinking
DBG_EAT2: id=2 meals=5
605 2 has put down the right fork
605 2 has put down the left fork
605 3 has taken the right fork
605 2 is sleeping
DBG_EAT2: id=4 meals=5
605 4 has put down the right fork
605 3 has taken the left fork
605 3 is eating
605 4 has put down the left fork
DBG_EAT: id=3 time_last_meal=605
605 4 is sleeping
605 1 has taken the right fork
605 1 has taken the left fork
605 1 is eating
DBG_EAT: id=1 time_last_meal=605
665 2 is thinking
DBG_EAT2: id=3 meals=5
665 3 has put down the left fork
665 3 has put down the right fork
665 3 is sleeping
665 4 is thinking
DBG_EAT2: id=1 meals=6
665 1 has put down the left fork
665 1 has put down the right fork
665 1 is sleeping
665 2 has taken the left fork
665 2 has taken the right fork
665 2 is eating
DBG_EAT: id=2 time_last_meal=665
665 4 has taken the left fork
665 4 has taken the right fork
665 4 is eating
DBG_EAT: id=4 time_last_meal=665
725 3 is thinking
DBG_EAT2: id=2 meals=6
725 2 has put down the right fork
DBG_EAT2: id=4 meals=6
725 4 has put down the right fork
725 4 has put down the left fork
725 4 is sleeping
725 1 is thinking
725 1 has taken the right fork
725 1 has taken the left fork
725 1 is eating
DBG_EAT: id=1 time_last_meal=725
725 2 has put down the left fork
725 2 is sleeping
725 3 has taken the right fork
725 3 has taken the left fork
725 3 is eating
DBG_EAT: id=3 time_last_meal=725
DBG_EAT2: id=1 meals=7
DBG_EAT2: id=3 meals=6
786 1 has put down the left fork
786 1 has put down the right fork
786 1 is sleeping
786 4 is thinking
786 3 has put down the left fork
786 3 has put down the right fork
786 2 is thinking
786 3 is sleeping
786 4 has taken the left fork
786 4 has taken the right fork
786 4 is eating
DBG_EAT: id=4 time_last_meal=786
786 2 has taken the left fork
786 2 has taken the right fork
786 2 is eating
DBG_EAT: id=2 time_last_meal=786
846 1 is thinking
846 3 is thinking
DBG_EAT2: id=2 meals=7
846 2 has put down the right fork
846 2 has put down the left fork
846 2 is sleeping
DBG_EAT2: id=4 meals=7
846 4 has put down the right fork
846 3 has taken the right fork
846 3 has taken the left fork
846 3 is eating
DBG_EAT: id=3 time_last_meal=846
846 4 has put down the left fork
846 4 is sleeping
846 1 has taken the right fork
846 1 has taken the left fork
846 1 is eating
DBG_EAT: id=1 time_last_meal=846
906 4 is thinking
906 2 is thinking
DBG_EAT2: id=3 meals=7
906 3 has put down the left fork
906 3 has put down the right fork
906 3 is sleeping
DBG_EAT2: id=1 meals=8
906 1 has put down the left fork
906 1 has put down the right fork
906 1 is sleeping
906 2 has taken the left fork
906 2 has taken the right fork
906 2 is eating
DBG_EAT: id=2 time_last_meal=906
906 4 has taken the left fork
906 4 has taken the right fork
906 4 is eating
DBG_EAT: id=4 time_last_meal=906
966 1 is thinking
DBG_EAT2: id=2 meals=8
967 2 has put down the right fork
967 2 has put down the left fork
967 3 is thinking
967 3 has taken the right fork
967 2 is sleeping
DBG_EAT2: id=4 meals=8
967 4 has put down the right fork
967 4 has put down the left fork
967 4 is sleeping
967 3 has taken the left fork
967 3 is eating
DBG_EAT: id=3 time_last_meal=967
967 1 has taken the right fork
967 1 has taken the left fork
967 1 is eating
DBG_EAT: id=1 time_last_meal=967
1027 2 is thinking
DBG_EAT2: id=3 meals=8
1027 3 has put down the left fork
1027 3 has put down the right fork
1027 3 is sleeping
1027 4 is thinking
DBG_EAT2: id=1 meals=9
1027 1 has put down the left fork
1027 1 has put down the right fork
1027 2 has taken the left fork
1027 2 has taken the right fork
1027 2 is eating
DBG_EAT: id=2 time_last_meal=1027
1027 1 is sleeping
1027 4 has taken the left fork
1027 4 has taken the right fork
1027 4 is eating
DBG_EAT: id=4 time_last_meal=1027
DBG_EAT2: id=2 meals=9
1087 2 has put down the right fork
1087 2 has put down the left fork
1087 3 is thinking
1087 3 has taken the right fork
1087 1 is thinking
1087 2 is sleeping
DBG_EAT2: id=4 meals=9
1087 4 has put down the right fork
1088 4 has put down the left fork
1088 3 has taken the left fork
1088 1 has taken the right fork
1088 4 is sleeping
1088 1 has taken the left fork
1088 1 is eating
DBG_EAT: id=1 time_last_meal=1088
1088 3 is eating
DBG_EAT: id=3 time_last_meal=1088
1148 2 is thinking
1148 4 is thinking
DBG_EAT2: id=1 meals=10
1148 1 has put down the left fork
1148 1 has put down the right fork
1148 1 is sleeping
DBG_EAT2: id=3 meals=9
1148 3 has put down the left fork
1148 4 has taken the left fork
1148 4 has taken the right fork
1148 4 is eating
DBG_EAT: id=4 time_last_meal=1148
1148 3 has put down the right fork
1148 3 is sleeping
1148 2 has taken the left fork
1148 2 has taken the right fork
1148 2 is eating
DBG_EAT: id=2 time_last_meal=1148
1208 1 is thinking
DBG_EAT2: id=4 meals=10
1208 4 has put down the right fork
1208 4 has put down the left fork
1208 4 is sleeping
1208 1 has taken the right fork
1208 3 is thinking
DBG_EAT2: id=2 meals=10
1208 2 has put down the right fork
1208 1 has taken the left fork
1208 1 is eating
DBG_EAT: id=1 time_last_meal=1208
1208 2 has put down the left fork
1208 2 is sleeping
1208 3 has taken the right fork
1208 3 has taken the left fork
1208 3 is eating
DBG_EAT: id=3 time_last_meal=1208
1268 4 is thinking
DBG_EAT2: id=1 meals=11
1268 1 has put down the left fork
1268 1 has put down the right fork
DBG_EAT2: id=3 meals=10
1268 3 has put down the left fork
1268 3 has put down the right fork
1268 3 is sleeping
1268 1 is sleeping
1268 2 is thinking
1268 4 has taken the left fork
1268 4 has taken the right fork
1268 4 is eating
DBG_EAT: id=4 time_last_meal=1268
1268 2 has taken the left fork
1268 2 has taken the right fork
1268 2 is eating
DBG_EAT: id=2 time_last_meal=1268
DBG_EAT2: id=2 meals=11
DBG_EAT2: id=4 meals=11
1328 2 has put down the right fork
1328 3 is thinking
1328 4 has put down the right fork
1328 4 has put down the left fork
1328 3 has taken the right fork
1328 3 has taken the left fork
1328 3 is eating
DBG_EAT: id=3 time_last_meal=1328
1328 1 is thinking
1328 1 has taken the right fork
1328 1 has taken the left fork
1328 1 is eating
DBG_EAT: id=1 time_last_meal=1328
1328 2 has put down the left fork
1328 2 is sleeping
1329 4 is sleeping
DBG_EAT2: id=3 meals=11
1389 4 is thinking
1389 2 is thinking
1389 3 has put down the left fork
1389 3 has put down the right fork
1389 3 is sleeping
DBG_EAT2: id=1 meals=12
1389 1 has put down the left fork
1389 1 has put down the right fork
1389 1 is sleeping
1389 4 has taken the left fork
1389 4 has taken the right fork
1389 4 is eating
DBG_EAT: id=4 time_last_meal=1389
1389 2 has taken the left fork
1389 2 has taken the right fork
1389 2 is eating
DBG_EAT: id=2 time_last_meal=1389
1449 3 is thinking
1449 1 is thinking
DBG_EAT2: id=4 meals=12
1449 4 has put down the right fork
1449 4 has put down the left fork
1449 4 is sleeping
DBG_EAT2: id=2 meals=12
1449 2 has put down the right fork
1449 1 has taken the right fork
1449 1 has taken the left fork
1449 1 is eating
DBG_EAT: id=1 time_last_meal=1449
1449 2 has put down the left fork
1449 2 is sleeping
1450 3 has taken the right fork
1450 3 has taken the left fork
1450 3 is eating
DBG_EAT: id=3 time_last_meal=1450
DBG_EAT2: id=3 meals=12
1510 4 is thinking
1510 3 has put down the left fork
1510 3 has put down the right fork
DBG_EAT2: id=1 meals=13
1510 1 has put down the left fork
1510 1 has put down the right fork
1510 1 is sleeping
1510 2 is thinking
1510 3 is sleeping
1510 4 has taken the left fork
1510 4 has taken the right fork
1510 4 is eating
DBG_EAT: id=4 time_last_meal=1510
1510 2 has taken the left fork
1510 2 has taken the right fork
1510 2 is eating
DBG_EAT: id=2 time_last_meal=1510
1570 1 is thinking
1570 3 is thinking
DBG_EAT2: id=4 meals=13
1570 4 has put down the right fork
1570 4 has put down the left fork
1570 4 is sleeping
DBG_EAT2: id=2 meals=13
1570 2 has put down the right fork
1570 2 has put down the left fork
1570 1 has taken the right fork
1570 1 has taken the left fork
1570 1 is eating
DBG_EAT: id=1 time_last_meal=1570
1570 3 has taken the right fork
1570 3 has taken the left fork
1570 3 is eating
DBG_EAT: id=3 time_last_meal=1570
1570 2 is sleeping
1630 4 is thinking
DBG_EAT2: id=3 meals=13
1630 3 has put down the left fork
1630 3 has put down the right fork
1630 2 is thinking
1631 3 is sleeping
DBG_EAT2: id=1 meals=14
1631 1 has put down the left fork
1631 1 has put down the right fork
1631 1 is sleeping
1631 4 has taken the left fork
1631 4 has taken the right fork
1631 4 is eating
DBG_EAT: id=4 time_last_meal=1631
1631 2 has taken the left fork
1631 2 has taken the right fork
1631 2 is eating
DBG_EAT: id=2 time_last_meal=1631
1691 3 is thinking
DBG_EAT2: id=2 meals=14
1691 2 has put down the right fork
1691 2 has put down the left fork
DBG_EAT2: id=4 meals=14
1691 2 is sleeping
1691 3 has taken the right fork
1691 1 is thinking
1691 4 has put down the right fork
1691 4 has put down the left fork
1691 4 is sleeping
1691 1 has taken the right fork
1691 1 has taken the left fork
1691 1 is eating
DBG_EAT: id=1 time_last_meal=1691
1691 3 has taken the left fork
1691 3 is eating
DBG_EAT: id=3 time_last_meal=1691
DBG_EAT2: id=3 meals=14
1751 4 is thinking
DBG_EAT2: id=1 meals=15
1751 1 has put down the left fork
1751 1 has put down the right fork
1751 3 has put down the left fork
1751 3 has put down the right fork
1751 3 is sleeping
1751 2 is thinking
1751 1 is sleeping
1752 4 has taken the left fork
1752 4 has taken the right fork
1752 4 is eating
DBG_EAT: id=4 time_last_meal=1752
1752 2 has taken the left fork
1752 2 has taken the right fork
1752 2 is eating
DBG_EAT: id=2 time_last_meal=1752
1811 3 is thinking
1812 1 is thinking
DBG_EAT2: id=4 meals=15
1812 4 has put down the right fork
1812 4 has put down the left fork
1812 4 is sleeping
DBG_EAT2: id=2 meals=15
1812 2 has put down the right fork
1812 2 has put down the left fork
1812 1 has taken the right fork
1812 1 has taken the left fork
1812 1 is eating
DBG_EAT: id=1 time_last_meal=1812
1812 3 has taken the right fork
1812 3 has taken the left fork
1812 3 is eating
DBG_EAT: id=3 time_last_meal=1812
1812 2 is sleeping
DBG_EAT2: id=1 meals=16
DBG_EAT2: id=3 meals=15
1872 3 has put down the left fork
1872 1 has put down the left fork
1872 1 has put down the right fork
1872 1 is sleeping
1872 4 is thinking
1872 2 is thinking
1872 3 has put down the right fork
1872 3 is sleeping
1872 4 has taken the left fork
1872 4 has taken the right fork
1872 4 is eating
DBG_EAT: id=4 time_last_meal=1872
1872 2 has taken the left fork
1872 2 has taken the right fork
1872 2 is eating
DBG_EAT: id=2 time_last_meal=1872
1932 1 is thinking
1932 3 is thinking
DBG_EAT2: id=4 meals=16
1932 4 has put down the right fork
1932 4 has put down the left fork
1932 4 is sleeping
1932 1 has taken the right fork
DBG_EAT2: id=2 meals=16
1932 2 has put down the right fork
1933 2 has put down the left fork
1933 2 is sleeping
1933 1 has taken the left fork
1933 1 is eating
DBG_EAT: id=1 time_last_meal=1933
1933 3 has taken the right fork
1933 3 has taken the left fork
1933 3 is eating
DBG_EAT: id=3 time_last_meal=1933
DBG_EAT2: id=1 meals=17
1993 1 has put down the left fork
1993 1 has put down the right fork
1993 4 is thinking
DBG_EAT2: id=3 meals=16
1993 3 has put down the left fork
1993 3 has put down the right fork
1993 3 is sleeping
1993 1 is sleeping
1993 2 is thinking
1993 4 has taken the left fork
1993 4 has taken the right fork
1993 4 is eating
DBG_EAT: id=4 time_last_meal=1993
1993 2 has taken the left fork
1993 2 has taken the right fork
1993 2 is eating
DBG_EAT: id=2 time_last_meal=1993
2053 3 is thinking
2053 1 is thinking
DBG_EAT2: id=4 meals=17
2053 4 has put down the right fork
2053 4 has put down the left fork
2053 4 is sleeping
2053 1 has taken the right fork
DBG_EAT2: id=2 meals=17
2053 2 has put down the right fork
2053 2 has put down the left fork
2053 1 has taken the left fork
2053 3 has taken the right fork
2053 2 is sleeping
2053 3 has taken the left fork
2053 3 is eating
DBG_EAT: id=3 time_last_meal=2053
2054 1 is eating
DBG_EAT: id=1 time_last_meal=2053
2113 4 is thinking
2114 2 is thinking
DBG_EAT2: id=3 meals=17
2114 3 has put down the left fork
2114 3 has put down the right fork
2114 3 is sleeping
DBG_EAT2: id=1 meals=18
2114 1 has put down the left fork
2114 2 has taken the left fork
2114 2 has taken the right fork
2114 2 is eating
DBG_EAT: id=2 time_last_meal=2114
2114 1 has put down the right fork
2114 1 is sleeping
2114 4 has taken the left fork
2114 4 has taken the right fork
2114 4 is eating
DBG_EAT: id=4 time_last_meal=2114
2174 3 is thinking
2174 1 is thinking
DBG_EAT2: id=2 meals=18
2174 2 has put down the right fork
DBG_EAT2: id=4 meals=18
2174 4 has put down the right fork
2174 2 has put down the left fork
2174 4 has put down the left fork
2174 4 is sleeping
2174 2 is sleeping
2174 3 has taken the right fork
2174 3 has taken the left fork
2174 3 is eating
DBG_EAT: id=3 time_last_meal=2174
2174 1 has taken the right fork
2174 1 has taken the left fork
2174 1 is eating
DBG_EAT: id=1 time_last_meal=2174
DBG_EAT2: id=1 meals=19
2234 4 is thinking
2234 1 has put down the left fork
2234 1 has put down the right fork
2234 1 is sleeping
2234 2 is thinking
DBG_EAT2: id=3 meals=18
2234 3 has put down the left fork
2234 3 has put down the right fork
2234 3 is sleeping
2235 4 has taken the left fork
2235 4 has taken the right fork
2235 4 is eating
DBG_EAT: id=4 time_last_meal=2235
2235 2 has taken the left fork
2235 2 has taken the right fork
2235 2 is eating
DBG_EAT: id=2 time_last_meal=2235
2295 1 is thinking
2295 3 is thinking
DBG_EAT2: id=2 meals=19
2295 2 has put down the right fork
2295 2 has put down the left fork
2295 2 is sleeping
DBG_EAT2: id=4 meals=19
2295 4 has put down the right fork
2295 3 has taken the right fork
2295 3 has taken the left fork
2295 3 is eating
DBG_EAT: id=3 time_last_meal=2295
2295 4 has put down the left fork
2295 4 is sleeping
2295 1 has taken the right fork
2295 1 has taken the left fork
2295 1 is eating
DBG_EAT: id=1 time_last_meal=2295
DBG_EAT2: id=3 meals=19
2355 2 is thinking
2355 3 has put down the left fork
2355 3 has put down the right fork
DBG_EAT2: id=1 meals=20
2355 1 has put down the left fork
2355 1 has put down the right fork
2355 1 is sleeping
2355 4 is thinking
2355 3 is sleeping
2356 2 has taken the left fork
2356 2 has taken the right fork
2356 2 is eating
DBG_EAT: id=2 time_last_meal=2356
2356 4 has taken the left fork
2356 4 has taken the right fork
2356 4 is eating
DBG_EAT: id=4 time_last_meal=2356
2416 3 is thinking
2416 1 is thinking
DBG_EAT2: id=4 meals=20
2416 4 has put down the right fork
DBG_EAT2: id=2 meals=20
2416 2 has put down the right fork
2416 4 has put down the left fork
2416 4 is sleeping
2416 2 has put down the left fork
2416 2 is sleeping
2416 1 has taken the right fork
2416 1 has taken the left fork
2416 1 is eating
DBG_EAT: id=1 time_last_meal=2416
2416 3 has taken the right fork
2416 3 has taken the left fork
2416 3 is eating
DBG_EAT: id=3 time_last_meal=2416
DBG_EAT2: id=3 meals=20
2476 2 is thinking
2476 3 has put down the left fork
2476 3 has put down the right fork
DBG_EAT2: id=1 meals=21
2476 1 has put down the left fork
2476 1 has put down the right fork
2476 1 is sleeping
2476 4 is thinking
2476 3 is sleeping
2476 2 has taken the left fork
2476 2 has taken the right fork
2476 2 is eating
DBG_EAT: id=2 time_last_meal=2476
2477 4 has taken the left fork
2477 4 has taken the right fork
2477 4 is eating
DBG_EAT: id=4 time_last_meal=2477
2537 1 is thinking
2537 3 is thinking
DBG_EAT2: id=2 meals=21
2537 2 has put down the right fork
2537 2 has put down the left fork
DBG_EAT2: id=4 meals=21
2537 4 has put down the right fork
2537 2 is sleeping
2537 3 has taken the right fork
2537 3 has taken the left fork
2537 3 is eating
DBG_EAT: id=3 time_last_meal=2537
2537 4 has put down the left fork
2537 4 is sleeping
2537 1 has taken the right fork
2537 1 has taken the left fork
2537 1 is eating
DBG_EAT: id=1 time_last_meal=2537
DBG_EAT2: id=1 meals=22
DBG_EAT2: id=3 meals=21
2597 1 has put down the left fork
2597 1 has put down the right fork
2597 1 is sleeping
2597 3 has put down the left fork
2597 4 is thinking
2597 2 is thinking
2597 3 has put down the right fork
2597 4 has taken the left fork
2597 4 has taken the right fork
2597 4 is eating
DBG_EAT: id=4 time_last_meal=2597
2598 3 is sleeping
2598 2 has taken the left fork
2598 2 has taken the right fork
2598 2 is eating
DBG_EAT: id=2 time_last_meal=2598
2657 1 is thinking
2658 3 is thinking
DBG_EAT2: id=4 meals=22
2658 4 has put down the right fork
2658 4 has put down the left fork
2658 4 is sleeping
2658 1 has taken the right fork
DBG_EAT2: id=2 meals=22
2658 2 has put down the right fork
2658 2 has put down the left fork
2658 2 is sleeping
2658 1 has taken the left fork
2658 1 is eating
DBG_EAT: id=1 time_last_meal=2658
2658 3 has taken the right fork
2658 3 has taken the left fork
2658 3 is eating
DBG_EAT: id=3 time_last_meal=2658
2718 4 is thinking
2718 2 is thinking
DBG_EAT2: id=3 meals=22
2718 3 has put down the left fork
2718 3 has put down the right fork
2718 3 is sleeping
DBG_EAT2: id=1 meals=23
2718 1 has put down the left fork
2718 1 has put down the right fork
2718 1 is sleeping
2718 4 has taken the left fork
2718 4 has taken the right fork
2718 4 is eating
DBG_EAT: id=4 time_last_meal=2718
2718 2 has taken the left fork
2718 2 has taken the right fork
2718 2 is eating
DBG_EAT: id=2 time_last_meal=2718
2778 1 is thinking
2778 3 is thinking
DBG_EAT2: id=2 meals=23
2779 2 has put down the right fork
2779 2 has put down the left fork
2779 2 is sleeping
DBG_EAT2: id=4 meals=23
2779 4 has put down the right fork
2779 3 has taken the right fork
2779 3 has taken the left fork
2779 3 is eating
DBG_EAT: id=3 time_last_meal=2779
2779 4 has put down the left fork
2779 4 is sleeping
2779 1 has taken the right fork
2779 1 has taken the left fork
2779 1 is eating
DBG_EAT: id=1 time_last_meal=2779
2839 2 is thinking
DBG_EAT2: id=3 meals=23
2839 3 has put down the left fork
2839 3 has put down the right fork
2839 3 is sleeping
2839 4 is thinking
DBG_EAT2: id=1 meals=24
2839 1 has put down the left fork
2839 1 has put down the right fork
2839 2 has taken the left fork
2839 2 has taken the right fork
2839 2 is eating
DBG_EAT: id=2 time_last_meal=2839
2839 1 is sleeping
2839 4 has taken the left fork
2839 4 has taken the right fork
2839 4 is eating
DBG_EAT: id=4 time_last_meal=2839
DBG_EAT2: id=2 meals=24
2899 2 has put down the right fork
2899 2 has put down the left fork
DBG_EAT2: id=4 meals=24
2899 1 is thinking
2899 2 is sleeping
2899 4 has put down the right fork
2899 4 has put down the left fork
2899 3 is thinking
2899 3 has taken the right fork
2899 3 has taken the left fork
2899 3 is eating
DBG_EAT: id=3 time_last_meal=2899
2900 4 is sleeping
2900 1 has taken the right fork
2900 1 has taken the left fork
2900 1 is eating
DBG_EAT: id=1 time_last_meal=2900
DBG_EAT2: id=3 meals=24
2960 2 is thinking
2960 3 has put down the left fork
2960 3 has put down the right fork
2960 3 is sleeping
DBG_EAT2: id=1 meals=25
2960 4 is thinking
2960 1 has put down the left fork
2960 1 has put down the right fork
2960 1 is sleeping
2960 2 has taken the left fork
2960 2 has taken the right fork
2960 2 is eating
DBG_EAT: id=2 time_last_meal=2960
2960 4 has taken the left fork
2960 4 has taken the right fork
2960 4 is eating
DBG_EAT: id=4 time_last_meal=2960
3020 3 is thinking
DBG_EAT2: id=2 meals=25
3020 1 is thinking
3020 2 has put down the right fork
3020 2 has put down the left fork
3020 3 has taken the right fork
3020 2 is sleeping
DBG_EAT2: id=4 meals=25
3020 4 has put down the right fork
3020 4 has put down the left fork
3020 3 has taken the left fork
3020 3 is eating
DBG_EAT: id=3 time_last_meal=3020
3020 4 is sleeping
3020 1 has taken the right fork
3020 1 has taken the left fork
3020 1 is eating
DBG_EAT: id=1 time_last_meal=3020
DBG_EAT2: id=1 meals=26
3080 4 is thinking
3080 1 has put down the left fork
3080 1 has put down the right fork
DBG_EAT2: id=3 meals=25
3081 2 is thinking
3081 3 has put down the left fork
3081 3 has put down the right fork
3081 4 has taken the left fork
3081 4 has taken the right fork
3081 4 is eating
DBG_EAT: id=4 time_last_meal=3081
3081 3 is sleeping
3081 1 is sleeping
3081 2 has taken the left fork
3081 2 has taken the right fork
3081 2 is eating
DBG_EAT: id=2 time_last_meal=3081
3141 3 is thinking
DBG_EAT2: id=4 meals=26
3141 4 has put down the right fork
3141 4 has put down the left fork
3141 1 is thinking
3141 1 has taken the right fork
DBG_EAT2: id=2 meals=26
3141 4 is sleeping
3141 2 has put down the right fork
3141 1 has taken the left fork
3141 1 is eating
DBG_EAT: id=1 time_last_meal=3141
3141 2 has put down the left fork
3141 2 is sleeping
3141 3 has taken the right fork
3141 3 has taken the left fork
3141 3 is eating
DBG_EAT: id=3 time_last_meal=3141
DBG_EAT2: id=3 meals=26
3201 4 is thinking
3201 3 has put down the left fork
3201 3 has put down the right fork
3201 3 is sleeping
DBG_EAT2: id=1 meals=27
3201 1 has put down the left fork
3201 1 has put down the right fork
3201 2 is thinking
3201 1 is sleeping
3202 4 has taken the left fork
3202 4 has taken the right fork
3202 4 is eating
DBG_EAT: id=4 time_last_meal=3202
3202 2 has taken the left fork
3202 2 has taken the right fork
3202 2 is eating
DBG_EAT: id=2 time_last_meal=3202
DBG_EAT2: id=4 meals=27
3262 3 is thinking
3262 4 has put down the right fork
3262 4 has put down the left fork
3262 4 is sleeping
3262 1 is thinking
3262 1 has taken the right fork
DBG_EAT2: id=2 meals=27
3262 2 has put down the right fork
3262 1 has taken the left fork
3262 1 is eating
DBG_EAT: id=1 time_last_meal=3262
3262 2 has put down the left fork
3262 2 is sleeping
3262 3 has taken the right fork
3262 3 has taken the left fork
3262 3 is eating
DBG_EAT: id=3 time_last_meal=3262
DBG_EAT2: id=1 meals=28
3322 2 is thinking
3322 1 has put down the left fork
3322 1 has put down the right fork
3322 1 is sleeping
DBG_EAT2: id=3 meals=27
3322 3 has put down the left fork
3322 3 has put down the right fork
3322 4 is thinking
3322 3 is sleeping
3322 2 has taken the left fork
3322 2 has taken the right fork
3322 2 is eating
DBG_EAT: id=2 time_last_meal=3322
3322 4 has taken the left fork
3322 4 has taken the right fork
3322 4 is eating
DBG_EAT: id=4 time_last_meal=3322
3382 1 is thinking
3382 3 is thinking
DBG_EAT2: id=4 meals=28
3383 4 has put down the right fork
3383 4 has put down the left fork
3383 4 is sleeping
DBG_EAT2: id=2 meals=28
3383 2 has put down the right fork
3383 1 has taken the right fork
3383 1 has taken the left fork
3383 1 is eating
DBG_EAT: id=1 time_last_meal=3383
3383 2 has put down the left fork
3383 2 is sleeping
3383 3 has taken the right fork
3383 3 has taken the left fork
3383 3 is eating
DBG_EAT: id=3 time_last_meal=3383
DBG_EAT2: id=3 meals=28
3443 2 is thinking
3443 3 has put down the left fork
3443 3 has put down the right fork
DBG_EAT2: id=1 meals=29
3443 1 has put down the left fork
3443 1 has put down the right fork
3443 1 is sleeping
3443 4 is thinking
3443 3 is sleeping
3443 4 has taken the left fork
3443 4 has taken the right fork
3443 4 is eating
DBG_EAT: id=4 time_last_meal=3443
3443 2 has taken the left fork
3443 2 has taken the right fork
3443 2 is eating
DBG_EAT: id=2 time_last_meal=3443
3503 3 is thinking
DBG_EAT2: id=2 meals=29
3503 1 is thinking
3503 2 has put down the right fork
3504 2 has put down the left fork
DBG_EAT2: id=4 meals=29
3504 4 has put down the right fork
3504 2 is sleeping
3504 3 has taken the right fork
3504 3 has taken the left fork
3504 3 is eating
DBG_EAT: id=3 time_last_meal=3504
3504 4 has put down the left fork
3504 4 is sleeping
3504 1 has taken the right fork
3504 1 has taken the left fork
3504 1 is eating
DBG_EAT: id=1 time_last_meal=3504
DBG_EAT2: id=1 meals=30
3564 4 is thinking
3564 1 has put down the left fork
3564 1 has put down the right fork
3564 1 is sleeping
DBG_EAT2: id=3 meals=29
3564 3 has put down the left fork
3564 3 has put down the right fork
3564 2 is thinking
3564 3 is sleeping
3564 4 has taken the left fork
3564 4 has taken the right fork
3564 4 is eating
DBG_EAT: id=4 time_last_meal=3564
3564 2 has taken the left fork
3564 2 has taken the right fork
3564 2 is eating
DBG_EAT: id=2 time_last_meal=3564
3624 1 is thinking
3624 3 is thinking
DBG_EAT2: id=4 meals=30
3624 4 has put down the right fork
3624 4 has put down the left fork
DBG_EAT2: id=2 meals=30
3624 2 has put down the right fork
3624 4 is sleeping
3624 1 has taken the right fork
3624 1 has taken the left fork
3624 1 is eating
DBG_EAT: id=1 time_last_meal=3624
3624 2 has put down the left fork
3624 2 is sleeping
3624 3 has taken the right fork
3624 3 has taken the left fork
3624 3 is eating
DBG_EAT: id=3 time_last_meal=3624
DBG_EAT2: id=3 meals=30
3685 3 has put down the left fork
3685 3 has put down the right fork
3685 3 is sleeping
3685 2 is thinking
DBG_EAT2: id=1 meals=31
3685 1 has put down the left fork
3685 1 has put down the right fork
3685 1 is sleeping
3685 4 is thinking
3685 2 has taken the left fork
3685 2 has taken the right fork
3685 2 is eating
DBG_EAT: id=2 time_last_meal=3685
3685 4 has taken the left fork
3685 4 has taken the right fork
3685 4 is eating
DBG_EAT: id=4 time_last_meal=3685
3745 3 is thinking
3745 1 is thinking
DBG_EAT2: id=4 meals=31
3745 4 has put down the right fork
DBG_EAT2: id=2 meals=31
3745 2 has put down the right fork
3745 4 has put down the left fork
3745 4 is sleeping
3745 2 has put down the left fork
3745 2 is sleeping
3745 3 has taken the right fork
3745 3 has taken the left fork
3745 3 is eating
DBG_EAT: id=3 time_last_meal=3745
3745 1 has taken the right fork
3745 1 has taken the left fork
3745 1 is eating
DBG_EAT: id=1 time_last_meal=3745
3805 2 is thinking
3805 4 is thinking
DBG_EAT2: id=3 meals=31
3805 3 has put down the left fork
3805 3 has put down the right fork
3805 3 is sleeping
DBG_EAT2: id=1 meals=32
3806 1 has put down the left fork
3806 1 has put down the right fork
3806 2 has taken the left fork
3806 2 has taken the right fork
3806 2 is eating
DBG_EAT: id=2 time_last_meal=3806
3806 4 has taken the left fork
3806 4 has taken the right fork
3806 4 is eating
DBG_EAT: id=4 time_last_meal=3806
3806 1 is sleeping
3866 1 is thinking
DBG_EAT2: id=2 meals=32
3866 2 has put down the right fork
3866 2 has put down the left fork
3866 2 is sleeping
3866 3 is thinking
3866 3 has taken the right fork
DBG_EAT2: id=4 meals=32
3866 4 has put down the right fork
3866 4 has put down the left fork
3866 3 has taken the left fork
3866 3 is eating
DBG_EAT: id=3 time_last_meal=3866
3866 4 is sleeping
3867 1 has taken the right fork
3867 1 has taken the left fork
3867 1 is eating
DBG_EAT: id=1 time_last_meal=3867
3926 2 is thinking
3927 4 is thinking
DBG_EAT2: id=3 meals=32
3927 3 has put down the left fork
3927 3 has put down the right fork
3927 3 is sleeping
DBG_EAT2: id=1 meals=33
3927 1 has put down the left fork
3927 1 has put down the right fork
3927 2 has taken the left fork
3927 2 has taken the right fork
3927 2 is eating
DBG_EAT: id=2 time_last_meal=3927
3927 1 is sleeping
3927 4 has taken the left fork
3927 4 has taken the right fork
3927 4 is eating
DBG_EAT: id=4 time_last_meal=3927
DBG_EAT2: id=4 meals=33
3987 1 is thinking
3987 4 has put down the right fork
3987 4 has put down the left fork
3987 4 is sleeping
3987 1 has taken the right fork
3987 3 is thinking
DBG_EAT2: id=2 meals=33
3987 2 has put down the right fork
3987 2 has put down the left fork
3987 1 has taken the left fork
3987 1 is eating
DBG_EAT: id=1 time_last_meal=3987
3987 2 is sleeping
3987 3 has taken the right fork
3987 3 has taken the left fork
3987 3 is eating
DBG_EAT: id=3 time_last_meal=3987
DBG_EAT2: id=1 meals=34
4047 4 is thinking
4047 1 has put down the left fork
4047 1 has put down the right fork
4047 1 is sleeping
DBG_EAT2: id=3 meals=33
4047 3 has put down the left fork
4047 3 has put down the right fork
4047 2 is thinking
4047 3 is sleeping
4048 2 has taken the left fork
4048 2 has taken the right fork
4048 2 is eating
DBG_EAT: id=2 time_last_meal=4048
4048 4 has taken the left fork
4048 4 has taken the right fork
4048 4 is eating
DBG_EAT: id=4 time_last_meal=4048
4108 3 is thinking
DBG_EAT2: id=4 meals=34
4108 4 has put down the right fork
4108 4 has put down the left fork
4108 4 is sleeping
DBG_EAT2: id=2 meals=34
4108 2 has put down the right fork
4108 2 has put down the left fork
4108 1 is thinking
4108 1 has taken the right fork
4108 1 has taken the left fork
4108 1 is eating
DBG_EAT: id=1 time_last_meal=4108
4108 2 is sleeping
4108 3 has taken the right fork
4108 3 has taken the left fork
4108 3 is eating
DBG_EAT: id=3 time_last_meal=4108
4168 2 is thinking
DBG_EAT2: id=3 meals=34
4168 3 has put down the left fork
4168 3 has put down the right fork
4168 4 is thinking
4168 3 is sleeping
DBG_EAT2: id=1 meals=35
4168 1 has put down the left fork
4168 1 has put down the right fork
4168 1 is sleeping
4168 2 has taken the left fork
4168 2 has taken the right fork
4168 2 is eating
DBG_EAT: id=2 time_last_meal=4168
4168 4 has taken the left fork
4168 4 has taken the right fork
4168 4 is eating
DBG_EAT: id=4 time_last_meal=4168
DBG_EAT2: id=4 meals=35
4229 3 is thinking
4229 4 has put down the right fork
4229 4 has put down the left fork
4229 4 is sleeping
4229 1 is thinking
4229 1 has taken the right fork
DBG_EAT2: id=2 meals=35
4229 1 has taken the left fork
4229 1 is eating
DBG_EAT: id=1 time_last_meal=4229
4229 2 has put down the right fork
4229 2 has put down the left fork
4229 2 is sleeping
4229 3 has taken the right fork
4229 3 has taken the left fork
4229 3 is eating
DBG_EAT: id=3 time_last_meal=4229
DBG_EAT2: id=1 meals=36
4289 4 is thinking
4289 1 has put down the left fork
4289 1 has put down the right fork
DBG_EAT2: id=3 meals=35
4289 3 has put down the left fork
4289 3 has put down the right fork
4289 3 is sleeping
4289 2 is thinking
4289 1 is sleeping
4289 4 has taken the left fork
4289 4 has taken the right fork
4289 4 is eating
DBG_EAT: id=4 time_last_meal=4289
4289 2 has taken the left fork
4289 2 has taken the right fork
4289 2 is eating
DBG_EAT: id=2 time_last_meal=4289
DBG_EAT2: id=2 meals=36
4349 2 has put down the right fork
4349 2 has put down the left fork
4349 3 is thinking
4349 3 has taken the right fork
DBG_EAT2: id=4 meals=36
4349 2 is sleeping
4349 4 has put down the right fork
4349 4 has put down the left fork
4349 1 is thinking
4349 1 has taken the right fork
4349 1 has taken the left fork
4349 1 is eating
DBG_EAT: id=1 time_last_meal=4349
4349 4 is sleeping
4349 3 has taken the left fork
4349 3 is eating
DBG_EAT: id=3 time_last_meal=4349
DBG_EAT2: id=3 meals=36
4410 4 is thinking
4410 3 has put down the left fork
4410 3 has put down the right fork
4410 3 is sleeping
4410 2 is thinking
DBG_EAT2: id=1 meals=37
4410 1 has put down the left fork
4410 1 has put down the right fork
4410 1 is sleeping
4410 4 has taken the left fork
4410 4 has taken the right fork
4410 4 is eating
DBG_EAT: id=4 time_last_meal=4410
4410 2 has taken the left fork
4410 2 has taken the right fork
4410 2 is eating
DBG_EAT: id=2 time_last_meal=4410
DBG_EAT2: id=4 meals=37
6368 3 is thinking
6368 4 has put down the right fork
6368 4 has put down the left fork
6368 4 is sleeping
DBG_EAT2: id=2 meals=37
6368 2 has put down the right fork
6368 1 is thinking
6368 1 has taken the right fork
6368 1 has taken the left fork
6368 1 is eating
DBG_EAT: id=1 time_last_meal=6368
6368 2 has put down the left fork
6368 3 has taken the right fork
6368 3 has taken the left fork
6368 3 is eating
DBG_EAT: id=3 time_last_meal=6368
6368 2 is sleeping
6368 2 has died (last meal at 4410)
DBG_EAT2: id=3 meals=37
DBG_EAT2: id=1 meals=38
