DBG_INIT: meal_mutex init for philo 1
DBG_INIT: meal_mutex init for philo 2
DBG_INIT: meal_mutex init for philo 3
DBG_INIT: meal_mutex init for philo 4
DBG_INIT: meal_mutex init for philo 5
DBG: init philo[1].time_last_meal=0
DBG: init philo[2].time_last_meal=0
DBG: init philo[3].time_last_meal=0
DBG: init philo[4].time_last_meal=0
DBG: init philo[5].time_last_meal=0
1 1 has taken the right fork
1 1 has taken the left fork
1 1 is eating
DBG_EAT: id=1 time_last_meal=1
1 3 has taken the right fork
1 3 has taken the left fork
1 3 is eating
DBG_EAT: id=3 time_last_meal=1
1 4 has taken the left fork
DBG: start_time=1758387710797
DBG_EAT2: id=1 meals=1
101 1 has put down the left fork
101 1 has put down the right fork
DBG_EAT2: id=3 meals=1
101 1 is sleeping
101 3 has put down the left fork
101 4 has taken the right fork
101 4 is eating
DBG_EAT: id=4 time_last_meal=101
101 3 has put down the right fork
102 3 is sleeping
102 2 has taken the left fork
102 2 has taken the right fork
102 2 is eating
DBG_EAT: id=2 time_last_meal=102
162 1 is thinking
162 1 has taken the right fork
162 3 is thinking
DBG_EAT2: id=4 meals=1
201 4 has put down the right fork
201 4 has put down the left fork
202 5 has taken the right fork
202 4 is sleeping
DBG_EAT2: id=2 meals=1
202 2 has put down the right fork
202 2 has put down the left fork
202 2 is sleeping
202 3 has taken the right fork
202 3 has taken the left fork
202 3 is eating
DBG_EAT: id=3 time_last_meal=202
202 1 has taken the left fork
202 1 is eating
DBG_EAT: id=1 time_last_meal=202
262 4 is thinking
262 2 is thinking
DBG_EAT2: id=1 meals=2
302 1 has put down the left fork
DBG_EAT2: id=3 meals=2
302 3 has put down the left fork
302 1 has put down the right fork
302 3 has put down the right fork
302 3 is sleeping
302 1 is sleeping
302 5 has taken the left fork
302 5 is eating
DBG_EAT: id=5 time_last_meal=302
302 2 has taken the left fork
302 2 has taken the right fork
302 2 is eating
DBG_EAT: id=2 time_last_meal=302
362 1 is thinking
362 3 is thinking
DBG_EAT2: id=2 meals=2
402 2 has put down the right fork
DBG_EAT2: id=5 meals=1
402 2 has put down the left fork
402 5 has put down the left fork
403 2 is sleeping
403 5 has put down the right fork
403 5 is sleeping
403 1 has taken the right fork
403 1 has taken the left fork
403 4 has taken the left fork
403 4 has taken the right fork
403 4 is eating
DBG_EAT: id=4 time_last_meal=403
403 3 has taken the right fork
403 1 is eating
DBG_EAT: id=1 time_last_meal=403
463 5 is thinking
463 2 is thinking
DBG_EAT2: id=4 meals=2
DBG_EAT2: id=1 meals=3
503 1 has put down the left fork
503 1 has put down the right fork
503 4 has put down the right fork
503 1 is sleeping
503 4 has put down the left fork
503 4 is sleeping
503 3 has taken the left fork
503 3 is eating
DBG_EAT: id=3 time_last_meal=503
503 5 has taken the right fork
503 5 has taken the left fork
503 5 is eating
DBG_EAT: id=5 time_last_meal=503
563 1 is thinking
563 4 is thinking
DBG_EAT2: id=5 meals=2
DBG_EAT2: id=3 meals=3
603 3 has put down the left fork
603 5 has put down the left fork
603 3 has put down the right fork
603 5 has put down the right fork
603 5 is sleeping
603 3 is sleeping
603 1 has taken the right fork
603 1 has taken the left fork
603 1 is eating
DBG_EAT: id=1 time_last_meal=603
603 4 has taken the left fork
603 4 has taken the right fork
603 4 is eating
DBG_EAT: id=4 time_last_meal=603
603 2 has taken the left fork
663 5 is thinking
663 3 is thinking
DBG_EAT2: id=1 meals=4
DBG_EAT2: id=4 meals=3
704 4 has put down the right fork
704 1 has put down the left fork
704 1 has put down the right fork
704 1 is sleeping
704 4 has put down the left fork
704 4 is sleeping
704 2 has taken the right fork
704 2 is eating
DBG_EAT: id=2 time_last_meal=704
704 5 has taken the right fork
704 5 has taken the left fork
704 5 is eating
DBG_EAT: id=5 time_last_meal=704
764 4 is thinking
764 1 is thinking
DBG_EAT2: id=2 meals=3
804 2 has put down the right fork
DBG_EAT2: id=5 meals=3
804 2 has put down the left fork
804 5 has put down the left fork
804 2 is sleeping
804 5 has put down the rig