DBG_INIT: meal_mutex init for philo 1
DBG_INIT: meal_mutex init for philo 2
DBG_INIT: meal_mutex init for philo 3
DBG: init philo[1].time_last_meal=0
DBG: init philo[2].time_last_meal=0
DBG: init philo[3].time_last_meal=0
0 1 has taken the right fork
0 1 has taken the left fork
0 1 is eating
DBG_EAT: id=1 time_last_meal=0
DBG: start_time=1758386640896
1 3 has taken the right fork
DBG_EAT2: id=1 meals=1
61 1 has put down the left fork
61 1 has put down the right fork
61 1 is sleeping
61 3 has taken the left fork
61 3 is eating
DBG_EAT: id=3 time_last_meal=61
DBG_EAT2: id=3 meals=1
121 3 has put down the left fork
121 3 has put down the right fork
121 3 is sleeping
121 2 has taken the left fork
121 2 has taken the right fork
121 2 is eating
DBG_EAT: id=2 time_last_meal=121
DBG_EAT2: id=2 meals=1
181 2 has put down the right fork
181 2 has put down the left fork
181 2 is sleeping
261 1 is thinking
261 1 has taken the right fork
261 1 has taken the left fork
261 1 is eating
DBG_EAT: id=1 time_last_meal=261
DBG_EAT2: id=1 meals=2
321 1 has put down the left fork
321 1 has put down the right fork
321 1 is sleeping
321 3 is thinking
321 3 has taken the right fork
321 3 has taken the left fork
321 3 is eating
DBG_EAT: id=3 time_last_meal=321
DBG_EAT2: id=3 meals=2
381 3 has put down the left fork
381 3 has put down the right fork
381 2 is thinking
381 3 is sleeping
381 2 has taken the left fork
381 2 has taken the right fork
381 2 is eating
DBG_EAT: id=2 time_last_meal=381
DBG_EAT2: id=2 meals=2
441 2 has put down the right fork
441 2 has put down the left fork
441 2 is sleeping
441 All philosophers ate enough
