DBG_INIT: meal_mutex init for philo 1
DBG_INIT: meal_mutex init for philo 2
DBG_INIT: meal_mutex init for philo 3
DBG: init philo[1].time_last_meal=0
DBG: init philo[2].time_last_meal=0
DBG: init philo[3].time_last_meal=0
0 1 has taken the right fork
0 1 has taken the left fork
0 1 is eating
DBG_EAT: id=1 time_last_meal=0
1 3 has taken the right fork
DBG: start_time=1758403351902
DBG_EAT2: id=1 meals=1
60 1 has put down the left fork
61 1 has put down the right fork
61 1 is sleeping
61 3 has taken the left fork
61 3 is eating
DBG_EAT: id=3 time_last_meal=61
DBG_EAT2: id=3 meals=1
121 3 has put down the left fork
121 3 has put down the right fork
121 3 is sleeping
121 2 has taken the left fork
121 2 has taken the right fork
121 2 is eating
DBG_EAT: id=2 time_last_meal=121
161 1 is thinking
161 1 has taken the right fork
DBG_EAT2: id=2 meals=1
182 2 has put down the right fork
182 2 has put down the left fork
182 2 is sleeping
182 1 has taken the left fork
182 1 is eating
DBG_EAT: id=1 time_last_meal=182
221 3 is thinking
221 3 has taken the right fork
DBG_EAT2: id=1 meals=2
242 1 has put down the left fork
242 1 has put down the right fork
242 1 is sleeping
242 3 has taken the left fork
242 3 is eating
DBG_EAT: id=3 time_last_meal=242
282 2 is thinking
DBG_EAT2: id=3 meals=2
303 3 has put down the left fork
303 3 has put down the right fork
303 3 is sleeping
303 2 has taken the left fork
303 2 has taken the right fork
303 2 is eating
DBG_EAT: id=2 time_last_meal=303
343 1 is thinking
343 1 has taken the right fork
DBG_EAT2: id=2 meals=2
363 2 has put down the right fork
363 2 has put down the left fork
363 2 is sleeping
363 1 has taken the left fork
363 1 is eating
DBG_EAT: id=1 time_last_meal=363
403 3 is thinking
403 3 has taken the right fork
DBG_EAT2: id=1 meals=3
423 1 has put down the left fork
424 1 has put down the right fork
424 3 has taken the left fork
424 3 is eating
DBG_EAT: id=3 time_last_meal=424
424 1 is sleeping
463 2 is thinking
DBG_EAT2: id=3 meals=3
484 3 has put down the left fork
484 3 has put down the right fork
484 3 is sleeping
484 2 has taken the left fork
484 2 has taken the right fork
484 2 is eating
DBG_EAT: id=2 time_last_meal=484
524 1 is thinking
524 1 has taken the right fork
DBG_EAT2: id=2 meals=3
545 2 has put down the right fork
545 2 has put down the left fork
545 2 is sleeping
545 1 has taken the left fork
545 1 is eating
DBG_EAT: id=1 time_last_meal=545
585 3 is thinking
585 3 has taken the right fork
DBG_EAT2: id=1 meals=4
605 1 has put down the left fork
605 1 has put down the right fork
605 1 is sleeping
605 3 has taken the left fork
605 3 is eating
DBG_EAT: id=3 time_last_meal=605
645 2 is thinking
DBG_EAT2: id=3 meals=4
666 3 has put down the left fork
666 3 has put down the right fork
666 3 is sleeping
666 2 has taken the left fork
666 2 has taken the right fork
666 2 is eating
DBG_EAT: id=2 time_last_meal=666
706 1 is thinking
706 1 has taken the right fork
DBG_EAT2: id=2 meals=4
727 2 has put down the right fork
727 2 has put down the left fork
727 2 is sleeping
727 1 has taken the left fork
727 1 is eating
DBG_EAT: id=1 time_last_meal=727
766 3 is thinking
766 3 has taken the right fork
DBG_EAT2: id=1 meals=5
787 1 has put down the left fork
787 1 has put down the right fork
787 1 is sleeping
787 3 has taken the left fork
787 3 is eating
DBG_EAT: id=3 time_last_meal=787
827 2 is thinking
DBG_EAT2: id=3 meals=5
848 3 has put down the left fork
848 3 has put down the right fork
848 3 is sleeping
848 2 has taken the left fork
848 2 has taken the right fork
848 2 is eating
DBG_EAT: id=2 time_last_meal=848
888 1 is thinking
888 1 has taken the right fork
DBG_EAT2: id=2 meals=5
908 2 has put down the right fork
908 2 has put down the left fork
908 2 is sleeping
908 1 has taken the left fork
908 1 is eating
DBG_EAT: id=1 time_last_meal=908
948 3 is thinking
948 3 has taken the right fork
DBG_EAT2: id=1 meals=6
969 1 has put down the left fork
969 1 has put down the right fork
969 1 is sleeping
969 3 has taken the left fork
969 3 is eating
DBG_EAT: id=3 time_last_meal=969
1009 2 is thinking
DBG_EAT2: id=3 meals=6
1029 3 has put down the left fork
1029 3 has put down the right fork
1029 3 is sleeping
1030 2 has taken the left fork
1030 2 has taken the right fork
1030 2 is eating
DBG_EAT: id=2 time_last_meal=1030
1069 1 is thinking
1069 1 has taken the right fork
DBG_EAT2: id=2 meals=6
1090 2 has put down the right fork
1090 2 has put down the left fork
1090 2 is sleeping
1090 1 has taken the left fork
1090 1 is eating
DBG_EAT: id=1 time_last_meal=1090
1130 3 is thinking
1130 3 has taken the right fork
DBG_EAT2: id=1 meals=7
1150 1 has put down the left fork
1150 1 has put down the right fork
1150 1 is sleeping
1150 3 has taken the left fork
1150 3 is eating
DBG_EAT: id=3 time_last_meal=1150
1190 2 is thinking
DBG_EAT2: id=3 meals=7
1211 3 has put down the left fork
1211 3 has put down the right fork
1211 3 is sleeping
1211 2 has taken the left fork
1211 2 has taken the right fork
1211 2 is eating
DBG_EAT: id=2 time_last_meal=1211
1251 1 is thinking
1251 1 has taken the right fork
DBG_EAT2: id=2 meals=7
1272 2 has put down the right fork
1272 2 has put down the left fork
1272 2 is sleeping
1272 1 has taken the left fork
1272 1 is eating
DBG_EAT: id=1 time_last_meal=1272
1311 3 is thinking
1311 3 has taken the right fork
DBG_EAT2: id=1 meals=8
1332 1 has put down the left fork
1332 1 has put down the right fork
1332 1 is sleeping
1332 3 has taken the left fork
1332 3 is eating
DBG_EAT: id=3 time_last_meal=1332
1372 2 is thinking
DBG_EAT2: id=3 meals=8
1393 3 has put down the left fork
1393 3 has put down the right fork
1393 3 is sleeping
1393 2 has taken the left fork
1393 2 has taken the right fork
1393 2 is eating
DBG_EAT: id=2 time_last_meal=1393
1433 1 is thinking
1433 1 has taken the right fork
DBG_EAT2: id=2 meals=8
1453 2 has put down the right fork
1453 2 has put down the left fork
1453 2 is sleeping
1453 1 has taken the left fork
1453 1 is eating
DBG_EAT: id=1 time_last_meal=1453
1493 3 is thinking
1493 3 has taken the right fork
DBG_EAT2: id=1 meals=9
1514 1 has put down the left fork
1514 1 has put down the right fork
1514 1 is sleeping
1514 3 has taken the left fork
1514 3 is eating
DBG_EAT: id=3 time_last_meal=1514
1554 2 is thinking
DBG_EAT2: id=3 meals=9
1574 3 has put down the left fork
1574 3 has put down the right fork
1574 3 is sleeping
1574 2 has taken the left fork
1574 2 has taken the right fork
1574 2 is eating
DBG_EAT: id=2 time_last_meal=1574
1614 1 is thinking
1614 1 has taken the right fork
DBG_EAT2: id=2 meals=9
1635 2 has put down the right fork
1635 2 has put down the left fork
1635 2 is sleeping
1635 1 has taken the left fork
1635 1 is eating
DBG_EAT: id=1 time_last_meal=1635
1675 3 is thinking
1675 3 has taken the right fork
DBG_EAT2: id=1 meals=10
1695 1 has put down the left fork
1695 1 has put down the right fork
1695 1 is sleeping
1695 3 has taken the left fork
1696 3 is eating
DBG_EAT: id=3 time_last_meal=1695
1735 2 is thinking
DBG_EAT2: id=3 meals=10
1756 3 has put down the left fork
1756 3 has put down the right fork
1756 3 is sleeping
1756 2 has taken the left fork
1756 2 has taken the right fork
1756 2 is eating
DBG_EAT: id=2 time_last_meal=1756
1796 1 is thinking
1796 1 has taken the right fork
DBG_EAT2: id=2 meals=10
1817 2 has put down the right fork
1817 2 has put down the left fork
1817 2 is sleeping
1817 1 has taken the left fork
1817 1 is eating
DBG_EAT: id=1 time_last_meal=1817
1857 3 is thinking
1857 3 has taken the right fork
DBG_EAT2: id=1 meals=11
1877 1 has put down the left fork
1877 1 has put down the right fork
1877 1 is sleeping
1877 3 has taken the left fork
1877 3 is eating
DBG_EAT: id=3 time_last_meal=1877
1917 2 is thinking
DBG_EAT2: id=3 meals=11
1938 3 has put down the left fork
1938 3 has put down the right fork
1938 3 is sleeping
1938 2 has taken the left fork
1938 2 has taken the right fork
1938 2 is eating
DBG_EAT: id=2 time_last_meal=1938
1978 1 is thinking
1978 1 has taken the right fork
DBG_EAT2: id=2 meals=11
1999 2 has put down the right fork
1999 2 has put down the left fork
1999 2 is sleeping
1999 1 has taken the left fork
1999 1 is eating
DBG_EAT: id=1 time_last_meal=1999
2038 3 is thinking
2038 3 has taken the right fork
DBG_EAT2: id=1 meals=12
2059 1 has put down the left fork
2059 1 has put down the right fork
2059 1 is sleeping
2059 3 has taken the left fork
2059 3 is eating
DBG_EAT: id=3 time_last_meal=2059
2099 2 is thinking
DBG_EAT2: id=3 meals=12
2120 3 has put down the left fork
2120 3 has put down the right fork
2120 3 is sleeping
2120 2 has taken the left fork
2120 2 has taken the right fork
2120 2 is eating
DBG_EAT: id=2 time_last_meal=2120
2159 1 is thinking
2159 1 has taken the right fork
DBG_EAT2: id=2 meals=12
2180 2 has put down the right fork
2180 2 has put down the left fork
2180 1 has taken the left fork
2180 1 is eating
DBG_EAT: id=1 time_last_meal=2180
2180 2 is sleeping
2220 3 is thinking
2220 3 has taken the right fork
DBG_EAT2: id=1 meals=13
2240 1 has put down the left fork
2240 1 has put down the right fork
2240 1 is sleeping
2240 3 has taken the left fork
2240 3 is eating
DBG_EAT: id=3 time_last_meal=2240
2280 2 is thinking
DBG_EAT2: id=3 meals=13
2301 3 has put down the left fork
2301 3 has put down the right fork
2301 3 is sleeping
2301 2 has taken the left fork
2301 2 has taken the right fork
2301 2 is eating
DBG_EAT: id=2 time_last_meal=2301
2341 1 is thinking
2341 1 has taken the right fork
DBG_EAT2: id=2 meals=13
2361 2 has put down the right fork
2361 2 has put down the left fork
2361 2 is sleeping
2361 1 has taken the left fork
2361 1 is eating
DBG_EAT: id=1 time_last_meal=2361
2401 3 is thinking
2401 3 has taken the right fork
DBG_EAT2: id=1 meals=14
2422 1 has put down the left fork
2422 1 has put down the right fork
2422 1 is sleeping
2422 3 has taken the left fork
2422 3 is eating
DBG_EAT: id=3 time_last_meal=2422
2462 2 is thinking
DBG_EAT2: id=3 meals=14
2482 3 has put down the left fork
2482 3 has put down the right fork
2483 3 is sleeping
2483 2 has taken the left fork
2483 2 has taken the right fork
2483 2 is eating
DBG_EAT: id=2 time_last_meal=2483
2522 1 is thinking
2522 1 has taken the right fork
DBG_EAT2: id=2 meals=14
2543 2 has put down the right fork
2543 2 has put down the left fork
2543 2 is sleeping
2543 1 has taken the left fork
2543 1 is eating
DBG_EAT: id=1 time_last_meal=2543
2583 3 is thinking
2583 3 has taken the right fork
DBG_EAT2: id=1 meals=15
2604 1 has put down the left fork
2604 1 has put down the right fork
2604 1 is sleeping
2604 3 has taken the left fork
2604 3 is eating
DBG_EAT: id=3 time_last_meal=2604
2644 2 is thinking
DBG_EAT2: id=3 meals=15
2664 3 has put down the left fork
2664 3 has put down the right fork
2664 3 is sleeping
2665 2 has taken the left fork
2665 2 has taken the right fork
2665 2 is eating
DBG_EAT: id=2 time_last_meal=2665
2704 1 is thinking
2704 1 has taken the right fork
DBG_EAT2: id=2 meals=15
2725 2 has put down the right fork
2725 2 has put down the left fork
2725 2 is sleeping
2725 1 has taken the left fork
2725 1 is eating
DBG_EAT: id=1 time_last_meal=2725
2765 3 is thinking
2765 3 has taken the right fork
DBG_EAT2: id=1 meals=16
2786 1 has put down the left fork
2786 1 has put down the right fork
2786 1 is sleeping
2786 3 has taken the left fork
2786 3 is eating
DBG_EAT: id=3 time_last_meal=2786
2826 2 is thinking
DBG_EAT2: id=3 meals=16
2846 3 has put down the left fork
2846 3 has put down the right fork
2846 2 has taken the left fork
2846 2 has taken the right fork
2846 2 is eating
DBG_EAT: id=2 time_last_meal=2846
2846 3 is sleeping
2886 1 is thinking
2886 1 has taken the right fork
DBG_EAT2: id=2 meals=16
2907 2 has put down the right fork
2907 2 has put down the left fork
2907 2 is sleeping
2907 1 has taken the left fork
2907 1 is eating
DBG_EAT: id=1 time_last_meal=2907
2947 3 is thinking
2947 3 has taken the right fork
DBG_EAT2: id=1 meals=17
2967 1 has put down the left fork
2968 1 has put down the right fork
2968 1 is sleeping
2968 3 has taken the left fork
2968 3 is eating
DBG_EAT: id=3 time_last_meal=2968
3007 2 is thinking
DBG_EAT2: id=3 meals=17
3028 3 has put down the left fork
3028 3 has put down the right fork
3028 3 is sleeping
3028 2 has taken the left fork
3028 2 has taken the right fork
3028 2 is eating
DBG_EAT: id=2 time_last_meal=3028
3068 1 is thinking
3068 1 has taken the right fork
DBG_EAT2: id=2 meals=17
3089 2 has put down the right fork
3089 2 has put down the left fork
3089 2 is sleeping
3089 1 has taken the left fork
3089 1 is eating
DBG_EAT: id=1 time_last_meal=3089
3129 3 is thinking
3129 3 has taken the right fork
DBG_EAT2: id=1 meals=18
3149 1 has put down the left fork
3149 1 has put down the right fork
3149 1 is sleeping
3149 3 has taken the left fork
3149 3 is eating
DBG_EAT: id=3 time_last_meal=3149
3189 2 is thinking
DBG_EAT2: id=3 meals=18
3210 3 has put down the left fork
3210 3 has put down the right fork
3210 3 is sleeping
3210 2 has taken the left fork
3210 2 has taken the right fork
3210 2 is eating
DBG_EAT: id=2 time_last_meal=3210
3250 1 is thinking
3250 1 has taken the right fork
DBG_EAT2: id=2 meals=18
3271 2 has put down the right fork
3271 2 has put down the left fork
3271 2 is sleeping
3271 1 has taken the left fork
3271 1 is eating
DBG_EAT: id=1 time_last_meal=3271
3310 3 is thinking
3310 3 has taken the right fork
DBG_EAT2: id=1 meals=19
3331 1 has put down the left fork
3331 1 has put down the right fork
3331 1 is sleeping
3331 3 has taken the left fork
3331 3 is eating
DBG_EAT: id=3 time_last_meal=3331
3371 2 is thinking
DBG_EAT2: id=3 meals=19
3391 3 has put down the left fork
3391 3 has put down the right fork
3391 3 is sleeping
3391 2 has taken the left fork
3391 2 has taken the right fork
3391 2 is eating
DBG_EAT: id=2 time_last_meal=3391
3431 1 is thinking
3431 1 has taken the right fork
DBG_EAT2: id=2 meals=19
3452 2 has put down the right fork
3452 2 has put down the left fork
3452 2 is sleeping
3452 1 has taken the left fork
3452 1 is eating
DBG_EAT: id=1 time_last_meal=3452
3492 3 is thinking
3492 3 has taken the right fork
DBG_EAT2: id=1 meals=20
3512 1 has put down the left fork
3512 1 has put down the right fork
3512 1 is sleeping
3512 3 has taken the left fork
3512 3 is eating
DBG_EAT: id=3 time_last_meal=3512
3552 2 is thinking
DBG_EAT2: id=3 meals=20
3573 3 has put down the left fork
3573 3 has put down the right fork
3573 3 is sleeping
3573 2 has taken the left fork
3573 2 has taken the right fork
3573 2 is eating
DBG_EAT: id=2 time_last_meal=3573
3613 1 is thinking
3613 1 has taken the right fork
DBG_EAT2: id=2 meals=20
3633 2 has put down the right fork
3633 2 has put down the left fork
3633 2 is sleeping
3634 1 has taken the left fork
3634 1 is eating
DBG_EAT: id=1 time_last_meal=3634
3673 3 is thinking
3673 3 has taken the right fork
DBG_EAT2: id=1 meals=21
3694 1 has put down the left fork
3694 1 has put down the right fork
3694 1 is sleeping
3694 3 has taken the left fork
3694 3 is eating
DBG_EAT: id=3 time_last_meal=3694
3734 2 is thinking
DBG_EAT2: id=3 meals=21
3755 3 has put down the left fork
3755 3 has put down the right fork
3755 3 is sleeping
3755 2 has taken the left fork
3755 2 has taken the right fork
3755 2 is eating
DBG_EAT: id=2 time_last_meal=3755
3795 1 is thinking
3795 1 has taken the right fork
DBG_EAT2: id=2 meals=21
3815 2 has put down the right fork
3815 2 has put down the left fork
3815 2 is sleeping
3815 1 has taken the left fork
3815 1 is eating
DBG_EAT: id=1 time_last_meal=3815
3855 3 is thinking
3855 3 has taken the right fork
DBG_EAT2: id=1 meals=22
3876 1 has put down the left fork
3876 1 has put down the right fork
3876 1 is sleeping
3876 3 has taken the left fork
3876 3 is eating
DBG_EAT: id=3 time_last_meal=3876
3916 2 is thinking
DBG_EAT2: id=3 meals=22
3936 3 has put down the left fork
3936 3 has put down the right fork
3937 3 is sleeping
3937 2 has taken the left fork
3937 2 has taken the right fork
3937 2 is eating
DBG_EAT: id=2 time_last_meal=3937
3976 1 is thinking
3976 1 has taken the right fork
DBG_EAT2: id=2 meals=22
3997 2 has put down the right fork
3997 2 has put down the left fork
3997 2 is sleeping
3997 1 has taken the left fork
3997 1 is eating
DBG_EAT: id=1 time_last_meal=3997
4037 3 is thinking
4037 3 has taken the right fork
DBG_EAT2