DBG_INIT: meal_mutex init for philo 1
DBG_INIT: meal_mutex init for philo 2
DBG_INIT: meal_mutex init for philo 3
DBG_INIT: meal_mutex init for philo 4
DBG: init philo[1].time_last_meal=0
DBG: init philo[2].time_last_meal=0
DBG: init philo[3].time_last_meal=0
DBG: init philo[4].time_last_meal=0
1 1 has taken the right fork
1 1 has taken the left fork
1 1 is eating
DBG_EAT: id=1 time_last_meal=1
1 3 has taken the right fork
1 3 has taken the left fork
1 3 is eating
DBG_EAT: id=3 time_last_meal=1
DBG: start_time=1758386983247
DBG_EAT2: id=1 meals=1
101 1 has put down the left fork
101 1 has put down the right fork
101 1 is sleeping
101 4 has taken the left fork
DBG_EAT2: id=3 meals=1
101 3 has put down the left fork
101 3 has put down the right fork
101 3 is sleeping
101 4 has taken the right fork
101 4 is eating
DBG_EAT: id=4 time_last_meal=101
102 2 has taken the left fork
102 2 has taken the right fork
102 2 is eating
DBG_EAT: id=2 time_last_meal=102
201 1 is thinking
DBG_EAT2: id=4 meals=1
202 4 has put down the right fork
DBG_EAT2: id=2 meals=1
202 2 has put down the right fork
202 2 has put down the left fork
202 2 is sleeping
202 3 is thinking
202 3 has taken the right fork
202 3 has taken the left fork
202 3 is eating
DBG_EAT: id=3 time_last_meal=202
202 4 has put down the left fork
202 1 has taken the right fork
202 1 has taken the left fork
202 1 is eating
DBG_EAT: id=1 time_last_meal=202
202 4 is sleeping
302 2 is thinking
DBG_EAT2: id=3 meals=2
302 3 has put down the left fork
302 3 has put down the right fork
302 3 is sleeping
DBG_EAT2: id=1 meals=2
302 1 has put down the left fork
302 1 has put down the right fork
302 4 is thinking
302 1 is sleeping
302 2 has taken the left fork
302 2 has taken the right fork
302 2 is eating
DBG_EAT: id=2 time_last_meal=302
302 4 has taken the left fork
302 4 has taken the right fork
302 4 is eating
DBG_EAT: id=4 time_last_meal=302
402 3 is thinking
DBG_EAT2: id=2 meals=2
402 2 has put down the right fork
DBG_EAT2: id=4 meals=2
402 4 has put down the right fork
402 4 has put down the left fork
402 4 is sleeping
402 2 has put down the left fork
402 1 is thinking
402 1 has taken the right fork
402 1 has taken the left fork
402 1 is eating
DBG_EAT: id=1 time_last_meal=402
402 2 is sleeping
402 3 has taken the right fork
402 3 has taken the left fork
402 3 is eating
DBG_EAT: id=3 time_last_meal=402
DBG_EAT2: id=1 meals=3
503 2 is thinking
503 1 has put down the left fork
503 1 has put down the right fork
DBG_EAT2: id=3 meals=3
503 3 has put down the left fork
503 3 has put down the right fork
503 3 is sleeping
503 4 is thinking
503 1 is sleeping
503 2 has taken the left fork
503 2 has taken the right fork
503 2 is eating
DBG_EAT: id=2 time_last_meal=503
503 4 has taken the left fork
503 4 has taken the right fork
503 4 is eating
DBG_EAT: id=4 time_last_meal=503
DBG_EAT2: id=2 meals=3
603 2 has put down the right fork
603 2 has put down the left fork
603 1 is thinking
603 2 is sleeping
603 3 is thinking
DBG_EAT2: id=4 meals=3
603 4 has put down the right fork
603 3 has taken the right fork
603 3 has taken the left fork
603 3 is eating
DBG_EAT: id=3 time_last_meal=603
603 4 has put down the left fork
603 4 is sleeping
603 1 has taken the right fork
603 1 has taken the left fork
603 1 is eating
DBG_EAT: id=1 time_last_meal=603
703 2 is thinking
DBG_EAT2: id=3 meals=4
703 3 has put down the left fork
703 3 has put down the right fork
703 3 is sleeping
703 4 is thinking
DBG_EAT2: id=1 meals=4
703 1 has put down the left fork
703 1 has put down the right fork
703 2 has taken the left fork
703 2 has taken the right fork
703 2 is eating
DBG_EAT: id=2 time_last_meal=703
703 1 is sleeping
703 4 has taken the left fork
703 4 has taken the right fork
703 4 is eating
DBG_EAT: id=4 time_last_meal=703
803 3 is thinking
DBG_EAT2: id=2 meals=4
804 2 has put down the right fork
804 2 has put down the left fork
DBG_EAT2: id=4 meals=4
804 4 has put down the right fork
804 4 has put down the left fork
804 4 is sleeping
804 2 is sleeping
804 1 is thinking
804 1 has taken the right fork
804 1 has taken the left fork
804 1 is eating
DBG_EAT: id=1 time_last_meal=804
804 3 has taken the right fork
804 3 has taken the left fork
804 3 is eating
DBG_EAT: id=3 time_last_meal=804
904 4 is thinking
904 2 is thinking
DBG_EAT2: id=1 meals=5
904 1 has put down the left fork
904 1 has put down the right fork
904 1 is sleeping
904 4 has taken the left fork
DBG_EAT2: id=3 meals=5
904 3 has put down the left fork
904 3 has put down the right fork
904 4 has taken the right fork
904 4 is eating
DBG_EAT: id=4 time_last_meal=904
904 3 is sleeping
904 2 has taken the left fork
904 2 has taken the right fork
904 2 is eating
DBG_EAT: id=2 time_last_meal=904
DBG_EAT2: id=4 meals=5
1004 1 is thinking
1004 4 has put down the right fork
1004 4 has put down the left fork
1004 1 has taken the right fork
1004 3 is thinking
DBG_EAT2: id=2 meals=5
1004 2 has put down the right fork
1004 1 has taken the left fork
1004 1 is eating
DBG_EAT: id=1 time_last_meal=1004
1004 4 is sleeping
1004 2 has put down the left fork
1004 2 is sleeping
1005 3 has taken the right fork
1005 3 has taken the left fork
1005 3 is eating
DBG_EAT: id=3 time_last_meal=1005
1105 4 is thinking
DBG_EAT2: id=3 meals=6
1105 3 has put down the left fork
1105 3 has put down the right fork
1105 3 is sleeping
1105 2 is thinking
DBG_EAT2: id=1 meals=6
1105 1 has put down the left fork
1105 1 has put down the right fork
1105 4 has taken the left fork
1105 4 has taken the right fork
1105 4 is eating
DBG_EAT: id=4 time_last_meal=1105
1105 1 is sleeping
1105 2 has taken the left fork
1105 2 has taken the right fork
1105 2 is eating
DBG_EAT: id=2 time_last_meal=1105
1205 3 is thinking
DBG_EAT2: id=4 meals=6
1205 4 has put down the right fork
1205 4 has put down the left fork
1205 4 is sleeping
1205 1 is thinking
1205 1 has taken the right fork
DBG_EAT2: id=2 meals=6
1205 2 has put down the right fork
1205 2 has put down the left fork
1206 2 is sleeping
1206 1 has taken the left fork
1206 1 is eating
DBG_EAT: id=1 time_last_meal=1206
1206 3 has taken the right fork
1206 3 has taken the left fork
1206 3 is eating
DBG_EAT: id=3 time_last_meal=1206
1305 4 is thinking
1306 2 is thinking
DBG_EAT2: id=1 meals=7
1306 1 has put down the left fork
DBG_EAT2: id=3 meals=7
1306 3 has put down the left fork
1306 3 has put down the right fork
1306 1 has put down the right fork
1306 1 is sleeping
1306 3 is sleeping
1306 4 has taken the left fork
1306 4 has taken the right fork
1306 4 is eating
DBG_EAT: id=4 time_last_meal=1306
1306 2 has taken the left fork
1306 2 has taken the right fork
1306 2 is eating
DBG_EAT: id=2 time_last_meal=1306
DBG_EAT2: id=4 meals=7
1406 3 is thinking
1406 4 has put down the right fork
1406 4 has put down the left fork
DBG_EAT2: id=2 meals=7
1406 2 has put down the right fork
1406 1 is thinking
1406 1 has taken the right fork
1406 1 has taken the left fork
1406 1 is eating
DBG_EAT: id=1 time_last_meal=1406
1406 4 is sleeping
1406 2 has put down the left fork
1406 2 is sleeping
1406 3 has taken the right fork
1406 3 has taken the left fork
1406 3 is eating
DBG_EAT: id=3 time_last_meal=1406
DBG_EAT2: id=3 meals=8
DBG_EAT2: id=1 meals=8
1506 3 has put down the left fork
1506 1 has put down the left fork
1506 4 is thinking
1506 2 is thinking
1506 1 has put down the right fork
1506 3 has put down the right fork
1506 3 is sleeping
1506 1 is sleeping
1506 2 has taken the left fork
1506 4 has taken the left fork
1506 4 has taken the right fork
1506 4 is eating
DBG_EAT: id=4 time_last_meal=1506
1506 2 has taken the right fork
1506 2 is eating
DBG_EAT: id=2 time_last_meal=1506
DBG_EAT2: id=2 meals=8
1607 1 is thinking
1607 2 has put down the right fork
1607 2 has put down the left fork
DBG_EAT2: id=4 meals=8
1607 4 has put down the right fork
1607 3 is thinking
1607 3 has taken the right fork
1607 3 has taken the left fork
1607 3 is eating
DBG_EAT: id=3 time_last_meal=1607
1607 2 is sleeping
1607 4 has put down the left fork
1607 4 is sleeping
1607 1 has taken the right fork
1607 1 has taken the left fork
1607 1 is eating
DBG_EAT: id=1 time_last_meal=1607
DBG_EAT2: id=1 meals=9
1707 1 has put down the left fork
1707 1 has put down the right fork
1707 1 is sleeping
DBG_EAT2: id=3 meals=9
1707 3 has put down the left fork
1707 3 has put down the right fork
1707 3 is sleeping
1707 4 is thinking
1707 2 is thinking
1708 4 has taken the left fork
1708 4 has taken the right fork
1708 4 is eating
DBG_EAT: id=4 time_last_meal=1708
1708 2 has taken the left fork
1708 2 has taken the right fork
1708 2 is eating
DBG_EAT: id=2 time_last_meal=1708
1807 3 is thinking
1807 1 is thinking
DBG_EAT2: id=4 meals=9
1808 4 has put down the right fork
1808 4 has put down the left fork
DBG_EAT2: id=2 meals=9
1808 2 has put down the right fork
1808 4 is sleeping
1808 2 has put down the left fork
1808 2 is sleeping
1808 1 has taken the right fork
1808 1 has taken the left fork
1808 1 is eating
DBG_EAT: id=1 time_last_meal=1808
1808 3 has taken the right fork
1808 3 has taken the left fork
1808 3 is eating
DBG_EAT: id=3 time_last_meal=1808
1908 4 is thinking
1908 2 is thinking
DBG_EAT2: id=1 meals=10
1908 1 has put down the left fork
1908 1 has put down the right fork
1908 1 is sleeping
DBG_EAT2: id=3 meals=10
1908 3 has put down the left fork
1908 3 has put down the right fork
1908 3 is sleeping
1908 4 has taken the left fork
1908 4 has taken the right fork
1908 4 is eating
DBG_EAT: id=4 time_last_meal=1908
1908 2 has taken the left fork
1908 2 has taken the right fork
1908 2 is eating
DBG_EAT: id=2 time_last_meal=1908
DBG_EAT2: id=4 meals=10
2008 1 is thinking
2008 4 has put down the right fork
2008 4 has put down the left fork
2008 4 is sleeping
2008 3 is thinking
DBG_EAT2: id=2 meals=10
2009 2 has put down the right fork
2009 2 has put down the left fork
2009 2 is sleeping
2009 1 has taken the right fork
2009 1 has taken the left fork
2009 1 is eating
DBG_EAT: id=1 time_last_meal=2009
2009 3 has taken the right fork
2009 3 has taken the left fork
2009 3 is eating
DBG_EAT: id=3 time_last_meal=2009
2109 4 is thinking
2109 2 is thinking
DBG_EAT2: id=1 meals=11
2109 1 has put down the left fork
2109 1 has put down the right fork
2109 1 is sleeping
DBG_EAT2: id=3 meals=11
2109 3 has put down the left fork
2109 3 has put down the right fork
2109 2 has taken the left fork
2109 2 has taken the right fork
2109 2 is eating
DBG_EAT: id=2 time_last_meal=2109
2109 3 is sleeping
2109 4 has taken the left fork
2109 4 has taken the right fork
2109 4 is eating
DBG_EAT: id=4 time_last_meal=2109
2209 1 is thinking
2209 3 is thinking
DBG_EAT2: id=4 meals=11
2209 4 has put down the right fork
DBG_EAT2: id=2 meals=11
2209 2 has put down the right fork
2209 4 has put down the left fork
2209 2 has put down the left fork
2209 2 is sleeping
2209 4 is sleeping
2209 1 has taken the right fork
2209 1 has taken the left fork
2209 1 is eating
DBG_EAT: id=1 time_last_meal=2209
2209 3 has taken the right fork
2209 3 has taken the left fork
2209 3 is eating
DBG_EAT: id=3 time_last_meal=2209
2309 4 is thinking
2309 2 is thinking
DBG_EAT2: id=3 meals=12
2309 3 has put down the left fork
2309 3 has put down the right fork
2309 3 is sleeping
DBG_EAT2: id=1 meals=12
2310 1 has put down the left fork
2310 1 has put down the right fork
2310 1 is sleeping
2310 4 has taken the left fork
2310 4 has taken the right fork
2310 4 is eating
DBG_EAT: id=4 time_last_meal=2310
2310 2 has taken the left fork
2310 2 has taken the right fork
2310 2 is eating
DBG_EAT: id=2 time_last_meal=2310
DBG_EAT2: id=4 meals=12
2410 1 is thinking
2410 4 has put down the right fork
2410 4 has put down the left fork
2410 3 is thinking
2410 1 has taken the right fork
2410 4 is sleeping
DBG_EAT2: id=2 meals=12
2410 2 has put down the right fork
2410 2 has put down the left fork
2410 2 is sleeping
2410 1 has taken the left fork
2410 1 is eating
DBG_EAT: id=1 time_last_meal=2410
2410 3 has taken the right fork
2410 3 has taken the left fork
2410 3 is eating
DBG_EAT: id=3 time_last_meal=2410
2510 2 is thinking
2510 4 is thinking
DBG_EAT2: id=1 meals=13
2510 1 has put down the left fork
2510 1 has put down the right fork
DBG_EAT2: id=3 meals=13
2510 3 has put down the left fork
2510 3 has put down the right fork
2510 3 is sleeping
2510 2 has taken the left fork
2510 2 has taken the right fork
2510 2 is eating
DBG_EAT: id=2 time_last_meal=2510
2511 1 is sleeping
2511 4 has taken the left fork
2511 4 has taken the right fork
2511 4 is eating
DBG_EAT: id=4 time_last_meal=2511
2611 1 is thinking
2611 3 is thinking
DBG_EAT2: id=2 meals=13
2611 2 has put down the right fork
2611 2 has put down the left fork
DBG_EAT2: id=4 meals=13
2611 4 has put down the right fork
2611 2 is sleeping
2611 3 has taken the right fork
2611 3 has taken the left fork
2611 3 is eating
DBG_EAT: id=3 time_last_meal=2611
2611 4 has put down the left fork
2611 4 is sleeping
2611 1 has taken the right fork
2611 1 has taken the left fork
2611 1 is eating
DBG_EAT: id=1 time_last_meal=2611
DBG_EAT2: id=1 meals=14
2711 4 is thinking
2711 1 has put down the left fork
2711 1 has put down the right fork
2711 1 is sleeping
DBG_EAT2: id=3 meals=14
2711 3 has put down the left fork
2711 3 has put down the right fork
2711 2 is thinking
2711 3 is sleeping
2711 4 has taken the left fork
2711 4 has taken the right fork
2711 4 is eating
DBG_EAT: id=4 time_last_meal=2711
2711 2 has taken the left fork
2711 2 has taken the right fork
2711 2 is eating
DBG_EAT: id=2 time_last_meal=2711
2811 1 is thinking
2811 3 is thinking
DBG_EAT2: id=4 meals=14
2812 4 has put down the right fork
2812 4 has put down the left fork
2812 4 is sleeping
DBG_EAT2: id=2 meals=14
2812 2 has put down the right fork
2812 1 has taken the right fork
2812 1 has taken the left fork
2812 1 is eating
DBG_EAT: id=1 time_last_meal=2812
2812 2 has put down the left fork
2812 2 is sleeping
2812 3 has taken the right fork
2812 3 has taken the left fork
2812 3 is eating
DBG_EAT: id=3 time_last_meal=2812
DBG_EAT2: id=1 meals=15
2912 2 is thinking
2912 1 has put down the left fork
2912 1 has put down the right fork
2912 1 is sleeping
DBG_EAT2: id=3 meals=15
2912 3 has put down the left fork
2912 3 has put down the right fork
2912 4 is thinking
2912 3 is sleeping
2912 2 has taken the left fork
2912 2 has taken the right fork
2912 2 is eating
DBG_EAT: id=2 time_last_meal=2912
2912 4 has taken the left fork
2912 4 has taken the right fork
2912 4 is eating
DBG_EAT: id=4 time_last_meal=2912
DBG_EAT2: id=2 meals=15
3012 2 has put down the right fork
3012 2 has put down the left fork
3012 3 is thinking
3012 2 is sleeping
3012 3 has taken the right fork
3012 1 is thinking
DBG_EAT2: id=4 meals=15
3012 4 has put down the right fork
3013 4 has put down the left fork
3013 4 is sleeping
3013 3 has taken the left fork
3013 3 is eating
DBG_EAT: id=3 time_last_meal=3013
3013 1 has taken the right fork
3013 1 has taken the left fork
3013 1 is eating
DBG_EAT: id=1 time_last_meal=3013
3113 2 is thinking
DBG_EAT2: id=1 meals=16
3113 4 is thinking
DBG_EAT2: id=3 meals=16
3113 3 has put down the left fork
3113 3 has put down the right fork
3113 3 is sleeping
3113 1 has put down the left fork
3113 1 has put down the right fork
3113 2 has taken the left fork
3113 2 has taken the right fork
3113 2 is eating
DBG_EAT: id=2 time_last_meal=3113
3113 1 is sleeping
3113 4 has taken the left fork
3113 4 has taken the right fork
3113 4 is eating
DBG_EAT: id=4 time_last_meal=3113
DBG_EAT2: id=2 meals=16
DBG_EAT2: id=4 meals=16
3213 2 has put down the right fork
3213 2 has put down the left fork
3213 4 has put down the right fork
3213 3 is thinking
3213 2 is sleeping
3213 3 has taken the right fork
3213 3 has taken the left fork
3213 3 is eating
DBG_EAT: id=3 time_last_meal=3213
3213 1 is thinking
3213 1 has taken the right fork
3213 1 has taken the left fork
3213 1 is eating
DBG_EAT: id=1 time_last_meal=3213
3213 4 has put down the left fork
3213 4 is sleeping
DBG_EAT2: id=1 meals=17
3313 1 has put down the left fork
3313 1 has put down the right fork
3313 1 is sleeping
DBG_EAT2: id=3 meals=17
3313 3 has put down the left fork
3313 3 has put down the right fork
3313 3 is sleeping
3314 4 is thinking
3314 2 is thinking
3314 4 has taken the left fork
3314 4 has taken the right fork
3314 4 is eating
DBG_EAT: id=4 time_last_meal=3314
3314 2 has taken the left fork
3314 2 has taken the right fork
3314 2 is eating
DBG_EAT: id=2 time_last_meal=3314
3414 1 is thinking
3414 3 is thinking
DBG_EAT2: id=4 meals=17
3414 4 has put down the right fork
3414 4 has put down the left fork
3414 4 is sleeping
3414 1 has taken the right fork
DBG_EAT2: id=2 meals=17
3414 2 has put down the right fork
3414 2 has put down the left fork
3414 2 is sleeping
3414 1 has taken the left fork
3414 1 is eating
DBG_EAT: id=1 time_last_meal=3414
3414 3 has taken the right fork
3414 3 has taken the left fork
3414 3 is eating
DBG_EAT: id=3 time_last_meal=3414
3514 2 is thinking
3514 4 is thinking
DBG_EAT2: id=1 meals=18
3514 1 has put down the left fork
3514 1 has put down the right fork
3514 1 is sleeping
DBG_EAT2: id=3 meals=18
3514 3 has put down the left fork
3514 3 has put down the right fork
3514 2 has taken the left fork
3514 2 has taken the right fork
3514 2 is eating
DBG_EAT: id=2 time_last_meal=3514
3514 4 has taken the left fork
3514 4 has taken the right fork
3514 4 is eating
DBG_EAT: id=4 time_last_meal=3514
3515 3 is sleeping
3615 1 is thinking
3615 3 is thinking
DBG_EAT2: id=2 meals=18
3615 2 has put down the right fork
DBG_EAT2: id=4 meals=18
3615 4 has put down the right fork
3615 2 has put down the left fork
3615 2 is sleeping
3615 4 has put down the left fork
3615 3 has taken the right fork
3615 3 has taken the left fork
3615 3 is eating
DBG_EAT: id=3 time_last_meal=3615
3615 4 is sleeping
3615 1 has taken the right fork
3615 1 has taken the left fork
3615 1 is eating
DBG_EAT: id=1 time_last_meal=3615
DBG_EAT2: id=3 meals=19
3715 4 is thinking
3715 3 has put down the left fork
3715 3 has put down the right fork
3715 3 is sleeping
DBG_EAT2: id=1 meals=19
3715 1 has put down the left fork
3715 1 has put down the right fork
3715 2 is thinking
3715 1 is sleeping
3715 4 has taken the left fork
3715 4 has taken the right fork
3715 4 is eating
DBG_EAT: id=4 time_last_meal=3715
3715 2 has taken the left fork
3715 2 has taken the right fork
3715 2 is eating
DBG_EAT: id=2 time_last_meal=3715
3815 1 is thinking
3815 3 is thinking
DBG_EAT2: id=4 meals=19
3815 4 has put down the right fork
3815 4 has put down the left fork
3815 4 is sleeping
DBG_EAT2: id=2 meals=19
3815 2 has put down the right fork
3815 2 has put down the left fork
3815 1 has taken the right fork
3815 1 has taken the left fork
3815 1 is eating
DBG_EAT: id=1 time_last_meal=3815
3816 2 is sleeping
3816 3 has taken the right fork
3816 3 has taken the left fork
3816 3 is eating
DBG_EAT: id=3 time_last_meal=3816
DBG_EAT2: id=3 meals=20
3916 4 is thinking
3916 3 has put down the left fork
3916 3 has put down the right fork
DBG_EAT2: id=1 meals=20
3916 1 has put down the left fork
3916 1 has put down the right fork
3916 1 is sleeping
3916 2 is thinking
3916 3 is sleeping
3916 4 has taken the left fork
3916 4 has taken the right fork
3916 4 is eating
DBG_EAT: id=4 time_last_meal=3916
3916 2 has taken the left fork
3916 2 has taken the right fork
3916 2 is eating
DBG_EAT: id=2 time_last_meal=3916
4016 1 is thinking
4016 3 is thinking
DBG_EAT2: id=2 meals=20
4016 2 has put down the right fork
4016 2 has put down the left fork
DBG_EAT2: id=4 meals=20
4016 4 has put down the right fork
4016 2 is sleeping
4016 4 has put down the left fork
4016 4 is sleeping
4016 3 has taken the right fork
4016 3 has taken the left fork
4016 3 is eating
DBG_EAT: id=3 time_last_meal=4016
4016 1 has taken the right fork
4016 1 has taken the left fork
4016 1 is eating
DBG_EAT: id=1 time_last_meal=4016
4116 2 is thinking
DBG_EAT2: id=3 meals=21
4116 3 has put down the left fork
4116 3 has put down the right fork
4116 3 is sleeping
4116 4 is thinking
DBG_EAT2: id=1 meals=21
4116 1 has put down the left fork
4116 1 has put down the right fork
4116 1 is sleeping
4116 2 has taken the left fork
4116 2 has taken the right fork
4116 2 is eating
DBG_EAT: id=2 time_last_meal=4116
4116 4 has taken the left fork
4116 4 has taken the right fork
4116 4 is eating
DBG_EAT: id=4 time_last_meal=4116
DBG_EAT2: id=2 meals=21
4217 2 has put down the right fork
4217 2 has put do