DBG_INIT: meal_mutex init for philo 1
DBG_INIT: meal_mutex init for philo 2
DBG_INIT: meal_mutex init for philo 3
DBG_INIT: meal_mutex init for philo 4
DBG: init philo[1].time_last_meal=0
DBG: init philo[2].time_last_meal=0
DBG: init philo[3].time_last_meal=0
DBG: init philo[4].time_last_meal=0
0 1 has taken the right fork
0 1 has taken the left fork
0 1 is eating
DBG_EAT: id=1 time_last_meal=0
0 3 has taken the right fork
0 3 has taken the left fork
0 3 is eating
DBG_EAT: id=3 time_last_meal=0
DBG: start_time=1758387155467
DBG_EAT2: id=1 meals=1
201 1 has put down the left fork
201 1 has put down the right fork
DBG_EAT2: id=3 meals=1
201 3 has put down the left fork
201 1 is sleeping
201 4 has taken the left fork
201 4 has taken the right fork
201 4 is eating
DBG_EAT: id=4 time_last_meal=201
201 3 has put down the right fork
201 3 is sleeping
201 2 has taken the left fork
201 2 has taken the right fork
201 2 is eating
DBG_EAT: id=2 time_last_meal=201
DBG_EAT2: id=4 meals=1
DBG_EAT2: id=2 meals=1
401 4 has put down the right fork
401 3 is thinking
401 2 has put down the right fork
401 4 has put down the left fork
401 4 is sleeping
401 2 has put down the left fork
401 2 is sleeping
401 1 is thinking
401 1 has taken the right fork
401 1 has taken the left fork
401 1 is eating
DBG_EAT: id=1 time_last_meal=401
401 3 has taken the right fork
401 3 has taken the left fork
401 3 is eating
DBG_EAT: id=3 time_last_meal=401
602 4 is thinking
DBG_EAT2: id=3 meals=2
602 2 is thinking
DBG_EAT2: id=1 meals=2
602 1 has put down the left fork
602 1 has put down the right fork
602 4 has taken the left fork
602 4 has taken the right fork
602 4 is eating
DBG_EAT: id=4 time_last_meal=602
602 3 has put down the left fork
602 3 has put down the right fork
602 3 is sleeping
602 1 is sleeping
602 2 has taken the left fork
602 2 has taken the right fork
602 2 is eating
DBG_EAT: id=2 time_last_meal=602
DBG_EAT2: id=2 meals=2
802 2 has put down the right fork
802 2 has put down the left fork
DBG_EAT2: id=4 meals=2
802 2 is sleeping
802 4 has put down the right fork
802 4 has put down the left fork
802 4 is sleeping
803 3 is thinking
803 3 has taken the right fork
803 3 has taken the left fork
803 3 is eating
DBG_EAT: id=3 time_last_meal=803
803 1 is thinking
803 1 has taken the right fork
803 1 has taken the left fork
803 1 is eating
DBG_EAT: id=1 time_last_meal=803
1003 2 is thinking
1003 4 is thinking
DBG_EAT2: id=1 meals=3
1003 1 has put down the left fork
1003 1 has put down the right fork
1003 1 is sleeping
DBG_EAT2: id=3 meals=3
1003 3 has put down the left fork
1003 3 has put down the right fork
1003 3 is sleeping
1003 2 has taken the left fork
1003 2 has taken the right fork
1003 2 is eating
DBG_EAT: id=2 time_last_meal=1003
1003 4 has taken the left fork
1003 4 has taken the right fork
1003 4 is eating
DBG_EAT: id=4 time_last_meal=1003
DBG_EAT2: id=4 meals=3
1203 4 has put down the right fork
1203 4 has put down the left fork
1203 4 is sleeping
1203 1 is thinking
1203 3 is thinking
1204 1 has taken the right fork
DBG_EAT2: id=2 meals=3
1204 2 has put down the right fork
1204 2 has put down the left fork
1204 1 has taken the left fork
1204 1 is eating
DBG_EAT: id=1 time_last_meal=1204
1204 2 is sleeping
1204 3 has taken the right fork
1204 3 has taken the left fork
1204 3 is eating
DBG_EAT: id=3 time_last_meal=1204
1404 4 is thinking
1404 2 is thinking
DBG_EAT2: id=1 meals=4
1404 1 has put down the left fork
1404 1 has put down the right fork
1404 1 is sleeping
1404 4 has taken the left fork
DBG_EAT2: id=3 meals=4
1404 3 has put down the left fork
1404 3 has put down the right fork
1404 2 has taken the left fork
1404 2 has taken the right fork
1404 2 is eating
DBG_EAT: id=2 time_last_meal=1404
1404 3 is sleeping
1404 4 has taken the right fork
1404 4 is eating
DBG_EAT: id=4 time_last_meal=1404
DBG_EAT2: id=2 meals=4
1604 2 has put down the right fork
1604 2 has put down the left fork
1604 2 is sleeping
1604 1 is thinking
1604 3 is thinking
1604 3 has taken the right fork
DBG_EAT2: id=4 meals=4
1605 4 has put down the right fork
1605 4 has put down the left fork
1605 3 has taken the left fork
1605 3 is eating
DBG_EAT: id=3 time_last_meal=1605
1605 1 has taken the right fork
1605 1 has taken the left fork
1605 1 is eating
DBG_EAT: id=1 time_last_meal=1605
1605 4 is sleeping
DBG_EAT2: id=1 meals=5
1805 1 has put down the left fork
1805 1 has put down the right fork
DBG_EAT2: id=3 meals=5
1805 3 has put down the left fork
1805 3 has put down the right fork
1805 3 is sleeping
1805 2 is thinking
1805 1 is sleeping
1805 4 is thinking
1805 2 has taken the left fork
1805 2 has taken the right fork
1805 2 is eating
DBG_EAT: id=2 time_last_meal=1805
1805 4 has taken the left fork
1805 4 has taken the right fork
1805 4 is eating
DBG_EAT: id=4 time_last_meal=1805
DBG_EAT2: id=2 meals=5
DBG_EAT2: id=4 meals=5
2005 4 has put down the right fork
2005 4 has put down the left fork
2005 4 is sleeping
2005 2 has put down the right fork
2005 2 has put down the left fork
2005 1 is thinking
2005 2 is sleeping
2005 1 has taken the right fork
2005 1 has taken the left fork
2005 1 is eating
DBG_EAT: id=1 time_last_meal=2005
2005 All philosophers ate enough
DBG_EAT2: id=1 meals=6
