DBG_INIT: meal_mutex init for philo 1
DBG_INIT: meal_mutex init for philo 2
DBG_INIT: meal_mutex init for philo 3
DBG_INIT: meal_mutex init for philo 4
DBG_INIT: meal_mutex init for philo 5
DBG: init philo[1].time_last_meal=0
DBG: init philo[2].time_last_meal=0
DBG: init philo[3].time_last_meal=0
DBG: init philo[4].time_last_meal=0
DBG: init philo[5].time_last_meal=0
0 1 has taken the right fork
0 1 has taken the left fork
0 1 is eating
DBG_EAT: id=1 time_last_meal=0
0 2 has taken the left fork
1 5 has taken the right fork
DBG: start_time=1758387715803
DBG_EAT2: id=1 meals=1
100 1 has put down the left fork
101 1 has put down the right fork
101 1 is sleeping
101 2 has taken the right fork
101 2 is eating
DBG_EAT: id=2 time_last_meal=101
101 5 has taken the left fork
101 5 is eating
DBG_EAT: id=5 time_last_meal=101
161 1 is thinking
DBG_EAT2: id=2 meals=1
201 2 has put down the right fork
DBG_EAT2: id=5 meals=1
201 2 has put down the left fork
201 5 has put down the left fork
201 2 is sleeping
201 5 has put down the right fork
201 5 is sleeping
201 3 has taken the right fork
201 3 has taken the left fork
201 3 is eating
DBG_EAT: id=3 time_last_meal=201
201 1 has taken the right fork
201 1 has taken the left fork
201 1 is eating
DBG_EAT: id=1 time_last_meal=201
201 4 has taken the left fork
261 2 is thinking
261 5 is thinking
DBG_EAT2: id=3 meals=1
DBG_EAT2: id=1 meals=2
301 1 has put down the left fork
301 1 has put down the right fork
301 1 is sleeping
301 3 has put down the left fork
301 3 has put down the right fork
301 3 is sleeping
301 4 has taken the right fork
301 4 is eating
DBG_EAT: id=4 time_last_meal=301
301 2 has taken the left fork
301 2 has taken the right fork
301 2 is eating
DBG_EAT: id=2 time_last_meal=301
362 1 is thinking
362 1 has taken the right fork
362 3 is thinking
DBG_EAT2: id=4 meals=1
401 4 has put down the right fork
DBG_EAT2: id=2 meals=2
401 4 has put down the left fork
402 4 is sleeping
402 2 has put down the right fork
402 5 has taken the right fork
402 2 has put down the left fork
402 2 is sleeping
402 1 has taken the left fork
402 1 is eating
DBG_EAT: id=1 time_last_meal=402
402 3 has taken the right fork
402 3 has taken the left fork
402 3 is eating
DBG_EAT: id=3 time_last_meal=402
462 4 is thinking
462 2 is thinking
DBG_EAT2: id=3 meals=2
502 3 has put down the left fork
DBG_EAT2: id=1 meals=3
502 1 has put down the left fork
502 3 has put down the right fork
502 3 is sleeping
502 1 has put down the right fork
502 1 is sleeping
502 2 has taken the left fork
502 2 has taken the right fork
502 2 is eating
DBG_EAT: id=2 time_last_meal=502
502 5 has taken the left fork
502 5 is eating
DBG_EAT: id=5 time_last_meal=502
562 3 is thinking
562 1 is thinking
DBG_EAT2: id=2 meals=3
602 2 has put down the right fork
DBG_EAT2: id=5 meals=2
602 2 has put down the left fork
602 5 has put down the left fork
602 2 is sleeping
602 5 has put down the right fork
602 5 is sleeping
602 3 has taken the right fork
602 3 has taken the left fork
602 3 is eating
DBG_EAT: id=3 time_last_meal=602
602 1 has taken the right fork
602 4 has taken the left fork
602 1 has taken the left fork
602 1 is eating
DBG_EAT: id=1 time_last_meal=602
663 2 is thinking
663 5 is thinking
DBG_EAT2: id=3 meals=3
DBG_EAT2: id=1 meals=4
703 1 has put down the left fork
703 1 has put down the right fork
703 1 is sleeping
703 3 has put down the left fork
703 3 has put down the right fork
703 3 is sleeping
703 4 has taken the right fork
703 4 is eating
DBG_EAT: id=4 time_last_meal=703
703 2 has taken the left fork
703 2 has taken the right fork
703 2 is eating
DBG_EAT: id=2 time_last_meal=703
763 3 is thinking
763 1 is thinking
763 1 has taken the right fork
DBG_EAT2: id=2 meals=4
DBG_EAT2: id=4 meals=2
803 4 has put down the right fork
803 2 has put down the right fork
803 4 has put down the left fork
803 2 has put down the left fork
803 2 is sleeping
803 4 is sleeping
803 1 has taken the left fork
803 1 is eating
DBG_EAT: id=1 time_last_meal=803
803 5 has taken the right fork
803 3 has taken the right fork
803 3 has taken the left fork
803 3 is eating
DBG_EAT: id=3 time_last_meal=803
863 4 is thinking
863 2 is thinking
DBG_EAT2: id=1 meals=5
903 1 has put down the left fork
903 1 has put down the right fork
DBG_EAT2: id=3 meals=4
903 3 has put down the left fork
903 5 has taken the left fork
903 5 is eating
DBG_EAT: id=5 time_last_meal=903
904 3 has put down the right fork
904 2 has taken the left fork
904 2 has taken the right fork
904 2 is eating
DBG_EAT: id=2 time_last_meal=904
904 3 is sleeping
904 1 is sleeping
964 3 is thinking
964 1 is thinking
DBG_EAT2: id=5 meals=3
DBG_EAT2: id=2 meals=5
1004 2 has put down the right fork
1004 5 has put down the left fork
1004 2 has put down the left fork
1004 2 is sleeping
1004 5 has put down the right fork
1004 1 has taken the right fork
1004 1 has taken the left fork
1004 5 is sleeping
1004 1 is eating
DBG_EAT: id=1 time_last_meal=1004
1004 4 has taken the left fork
1004 3 has taken the right fork
1004 4 has taken the right fork
1004 4 is eating
DBG_EAT: id=4 time_last_meal=1004
1064 5 is thinking
1064 2 is thinking
DBG_EAT2: id=4 meals=3
DBG_EAT2: id=1 meals=6
1104 1 has put down the left fork
1104 1 has put down the right fork
1104 4 has put down the right fork
1104 1 is sleeping
1104 4 has put down the left fork
1104 4 is sleeping
1104 3 has taken the left fork
1104 3 is eating
DBG_EAT: id=3 time_last_meal=1104
1104 5 has taken the right fork
1104 5 has taken the left fork
1104 5 is eating
DBG_EAT: id=5 time_last_meal=1104
1164 1 is thinking
1165 4 is thinking
DBG_EAT2: id=3 meals=5
1205 3 has put down the left fork
DBG_EAT2: id=5 meals=4
1205 3 has put down the right fork
1205 5 has put down the left fork
1205 3 is sleeping
1205 5 has put down the right fork
1205 5 is sleeping
1205 2 has taken the left fork
1205 1 has taken the right fork
1205 4 has taken the left fork
1205 4 has taken the right fork
1205 4 is eating
DBG_EAT: id=4 time_last_meal=1205
1205 2 has taken the right fork
1205 2 is eating
DBG_EAT: id=2 time_last_meal=1205
1265 3 is thinking
1265 5 is thinking
DBG_EAT2: id=4 meals=4
1305 4 has put down the right fork
DBG_EAT2: id=2 meals=6
1305 4 has put down the left fork
1305 4 is sleeping
1305 2 has put down the right fork
1305 2 has put down the left fork
1305 5 has taken the right fork
1305 2 is sleeping
1305 1 has taken the left fork
1305 1 is eating
DBG_EAT: id=1 time_last_meal=1305
1305 3 has taken the right fork
1305 3 has taken the left fork
1305 3 is eating
DBG_EAT: id=3 time_last_meal=1305
1365 2 is thinking
1365 4 is thinking
DBG_EAT2: id=3 meals=6
1405 3 has put down the left fork
DBG_EAT2: id=1 meals=7
1405 1 has put down the left fork
1406 3 has put down the right fork
1406 1 has put down the right fork
1406 1 is sleeping
1406 3 is sleeping
1406 2 has taken the left fork
1406 2 has taken the right fork
1406 2 is eating
DBG_EAT: id=2 time_last_meal=1406
1406 5 has taken the left fork
1406 5 is eating
DBG_EAT: id=5 time_last_meal=1406
1466 3 is thinking
1466 1 is thinking
DBG_EAT2: id=5 meals=5
DBG_EAT2: id=2 meals=7
1506 2 has put down the right fork
1506 5 has put down the left fork
1506 2 has put down the left fork
1506 5 has put down the right fork
1506 5 is sleeping
1506 2 is sleeping
1506 4 has taken the left fork
1506 3 has taken the right fork
1506 3 has taken the left fork
1506 3 is eating
DBG_EAT: id=3 time_last_meal=1506
1506 1 has taken the right fork
1506 1 has taken the left fork
1506 1 is eating
DBG_EAT: id=1 time_last_meal=1506
1566 2 is thinking
1566 5 is thinking
DBG_EAT2: id=3 meals=7
DBG_EAT2: id=1 meals=8
1606 1 has put down the left fork
1606 1 has put down the right fork
1606 1 is sleeping
1606 3 has put down the left fork
1606 3 has put down the right fork
1606 3 is sleeping
1606 4 has taken the right fork
1606 4 is eating
DBG_EAT: id=4 time_last_meal=1606
1606 2 has taken the left fork
1606 2 has taken the right fork
1606 2 is eating
DBG_EAT: id=2 time_last_meal=1606
1667 3 is thinking
1667 1 is thinking
1667 1 has taken the right fork
DBG_EAT2: id=4 meals=5
1706 4 has put down the right fork
1706 4 has put down the left fork
1706 4 is sleeping
DBG_EAT2: id=