DBG_INIT: meal_mutex init for philo 1
DBG_INIT: meal_mutex init for philo 2
DBG: init philo[1].time_last_meal=0
DBG: init philo[2].time_last_meal=0
0 1 has taken the right fork
0 1 has taken the left fork
0 1 is eating
DBG_EAT: id=1 time_last_meal=0
DBG: start_time=1758402797197
DBG_EAT2: id=1 meals=1
61 1 has put down the left fork
61 1 has put down the right fork
61 1 is sleeping
61 2 has taken the left fork
61 2 has taken the right fork
61 2 is eating
DBG_EAT: id=2 time_last_meal=61
DBG_EAT2: id=2 meals=1
121 2 has put down the right fork
121 2 has put down the left fork
121 1 is thinking
121 1 has taken the right fork
121 1 has taken the left fork
121 1 is eating
DBG_EAT: id=1 time_last_meal=121
121 2 is sleeping
DBG_EAT2: id=1 meals=2
182 1 has put down the left fork
182 1 has put down the right fork
182 1 is sleeping
182 2 is thinking
182 2 has taken the left fork
182 2 has taken the right fork
182 2 is eating
DBG_EAT: id=2 time_last_meal=182
DBG_EAT2: id=2 meals=2
242 2 has put down the right fork
242 2 has put down the left fork
242 1 is thinking
242 1 has taken the right fork
242 1 has taken the left fork
242 1 is eating
DBG_EAT: id=1 time_last_meal=242
242 2 is sleeping
DBG_EAT2: id=1 meals=3
303 1 has put down the left fork
303 1 has put down the right fork
303 2 is thinking
303 1 is sleeping
303 2 has taken the left fork
303 2 has taken the right fork
303 2 is eating
DBG_EAT: id=2 time_last_meal=303
DBG_EAT2: id=2 meals=3
363 2 has put down the right fork
363 2 has put down the left fork
363 1 is thinking
363 1 has taken the right fork
363 1 has taken the left fork
363 1 is eating
DBG_EAT: id=1 time_last_meal=363
363 2 is sleeping
DBG_EAT2: id=1 meals=4
424 1 has put down the left fork
424 1 has put down the right fork
424 2 is thinking
424 1 is sleeping
424 2 has taken the left fork
424 2 has taken the right fork
424 2 is eating
DBG_EAT: id=2 time_last_meal=424
DBG_EAT2: id=2 meals=4
484 2 has put down the right fork
484 2 has put down the left fork
484 1 is thinking
484 1 has taken the right fork
484 1 has taken the left fork
484 1 is eating
DBG_EAT: id=1 time_last_meal=484
484 2 is sleeping
545 2 is thinking
DBG_EAT2: id=1 meals=5
545 1 has put down the left fork
545 1 has put down the right fork
545 1 is sleeping
545 2 has taken the left fork
545 2 has taken the right fork
545 2 is eating
DBG_EAT: id=2 time_last_meal=545
605 1 is thinking
DBG_EAT2: id=2 meals=5
606 2 has put down the right fork
606 2 has put down the left fork
606 1 has taken the right fork
606 1 has taken the left fork
606 1 is eating
DBG_EAT: id=1 time_last_meal=606
606 2 is sleeping
DBG_EAT2: id=1 meals=6
666 1 has put down the left fork
666 1 has put down the right fork
666 2 is thinking
666 1 is sleeping
666 2 has taken the left fork
666 2 has taken the right fork
666 2 is eating
DBG_EAT: id=2 time_last_meal=666
DBG_EAT2: id=2 meals=6
727 2 has put down the right fork
727 2 has put down the left fork
727 1 is thinking
727 1 has taken the right fork
727 1 has taken the left fork
727 1 is eating
DBG_EAT: id=1 time_last_meal=727
727 2 is sleeping
DBG_EAT2: id=1 meals=7
787 1 has put down the left fork
787 1 has put down the right fork
787 2 is thinking
787 1 is sleeping
787 2 has taken the left fork
787 2 has taken the right fork
787 2 is eating
DBG_EAT: id=2 time_last_meal=787
847 1 is thinking
DBG_EAT2: id=2 meals=7
847 2 has put down the right fork
847 2 has put down the left fork
847 2 is sleeping
847 1 has taken the right fork
847 1 has taken the left fork
847 1 is eating
DBG_EAT: id=1 time_last_meal=847
DBG_EAT2: id=1 meals=8
908 1 has put down the left fork
908 1 has put down the right fork
908 2 is thinking
908 1 is sleeping
908 2 has taken the left fork
908 2 has taken the right fork
908 2 is eating
DBG_EAT: id=2 time_last_meal=908
968 1 is thinking
DBG_EAT2: id=2 meals=8
968 2 has put down the right fork
968 2 has put down the left fork
968 2 is sleeping
968 1 has taken the right fork
968 1 has taken the left fork
968 1 is eating
DBG_EAT: id=1 time_last_meal=968
DBG_EAT2: id=1 meals=9
1028 1 has put down the left fork
1028 1 has put down the right fork
1029 1 is sleeping
1029 2 is thinking
1029 2 has taken the left fork
1029 2 has taken the right fork
1029 2 is eating
DBG_EAT: id=2 time_last_meal=1029
1089 1 is thinking
DBG_EAT2: id=2 meals=9
1089 2 has put down the right fork
1089 2 has put down the left fork
1089 2 is sleeping
1089 1 has taken the right fork
1089 1 has taken the left fork
1089 1 is eating
DBG_EAT: id=1 time_last_meal=1089
DBG_EAT2: id=1 meals=10
1150 1 has put down the left fork
1150 1 has put down the right fork
1150 2 is thinking
1150 1 is sleeping
1150 2 has taken the left fork
1150 2 has taken the right fork
1150 2 is eating
DBG_EAT: id=2 time_last_meal=1150
1210 1 is thinking
DBG_EAT2: id=2 meals=10
1210 2 has put down the right fork
1210 2 has put down the left fork
1210 1 has taken the right fork
1210 1 has taken the left fork
1210 1 is eating
DBG_EAT: id=1 time_last_meal=1210
1210 2 is sleeping
DBG_EAT2: id=1 meals=11
1270 1 has put down the left fork
1270 1 has put down the right fork
1270 2 is thinking
1270 1 is sleeping
1271 2 has taken the left fork
1271 2 has taken the right fork
1271 2 is eating
DBG_EAT: id=2 time_last_meal=1271
1331 1 is thinking
DBG_EAT2: id=2 meals=11
1331 2 has put down the right fork
1331 2 has put down the left fork
1331 1 has taken the right fork
1331 1 has taken the left fork
1331 1 is eating
DBG_EAT: id=1 time_last_meal=1331
1331 2 is sleeping
1391 2 is thinking
DBG_EAT2: id=1 meals=12
1391 1 has put down the left fork
1391 1 has put down the right fork
1391 1 is sleeping
1391 2 has taken the left fork
1391 2 has taken the right fork
1391 2 is eating
DBG_EAT: id=2 time_last_meal=1391
DBG_EAT2: id=2 meals=12
1452 2 has put down the right fork
1452 2 has put down the left fork
1452 1 is thinking
1452 1 has taken the right fork
1452 1 has taken the left fork
1452 1 is eating
DBG_EAT: id=1 time_last_meal=1452
1452 2 is sleeping
DBG_EAT2: id=1 meals=13
1512 1 has put down the left fork
1512 1 has put down the right fork
1512 2 is thinking
1512 1 is sleeping
1512 2 has taken the left fork
1512 2 has taken the right fork
1512 2 is eating
DBG_EAT: id=2 time_last_meal=1512
1572 1 is thinking
DBG_EAT2: id=2 meals=13
1573 2 has put down the right fork
1573 2 has put down the left fork
1573 2 is sleeping
1573 1 has taken the right fork
1573 1 has taken the left fork
1573 1 is eating
DBG_EAT: id=1 time_last_meal=1573
DBG_EAT2: id=1 meals=14
1633 1 has put down the left fork
1633 1 has put down the right fork
1633 2 is thinking
1633 1 is sleeping
1633 2 has taken the left fork
1633 2 has taken the right fork
1633 2 is eating
DBG_EAT: id=2 time_last_meal=1633
1694 1 is thinking
DBG_EAT2: id=2 meals=14
1694 2 has put down the right fork
1694 2 has put down the left fork
1694 1 has taken the right fork
1694 1 has taken the left fork
1694 1 is eating
DBG_EAT: id=1 time_last_meal=1694
1694 2 is sleeping
DBG_EAT2: id=1 meals=15
1754 1 has put down the left fork
1754 1 has put down the right fork
1754 2 is thinking
1754 1 is sleeping
1755 2 has taken the left fork
1755 2 has taken the right fork
1755 2 is eating
DBG_EAT: id=2 time_last_meal=1755
DBG_EAT2: id=2 meals=15
1815 2 has put down the right fork
1815 2 has put down the left fork
1815 1 is thinking
1815 1 has taken the right fork
1815 2 is sleeping
1815 1 has taken the left fork
1815 1 is eating
DBG_EAT: id=1 time_last_meal=1815
DBG_EAT2: id=1 meals=16
1875 1 has put down the left fork
1875 1 has put down the right fork
1875 2 is thinking
1875 1 is sleeping
1876 2 has taken the left fork
1876 2 has taken the right fork
1876 2 is eating
DBG_EAT: id=2 time_last_meal=1876
1936 1 is thinking
DBG_EAT2: id=2 meals=16
1936 2 has put down the right fork
1936 2 has put down the left fork
1936 1 has taken the right fork
1936 1 has taken the left fork
1936 1 is eating
DBG_EAT: id=1 time_last_meal=1936
1936 2 is sleeping
DBG_EAT2: id=1 meals=17
1996 1 has put down the left fork
1996 1 has put down the right fork
1996 2 is thinking
1996 1 is sleeping
1996 2 has taken the left fork
1996 2 has taken the right fork
1996 2 is eating
DBG_EAT: id=2 time_last_meal=1996
2057 1 is thinking
DBG_EAT2: id=2 meals=17
2057 2 has put down the right fork
2057 2 has put down the left fork
2057 2 is sleeping
2057 1 has taken the right fork
2057 1 has taken the left fork
2057 1 is eating
DBG_EAT: id=1 time_last_meal=2057
DBG_EAT2: id=1 meals=18
2117 1 has put down the left fork
2117 1 has put down the right fork
2117 2 is thinking
2117 1 is sleeping
2117 2 has taken the left fork
2117 2 has taken the right fork
2117 2 is eating
DBG_EAT: id=2 time_last_meal=2117
DBG_EAT2: id=2 meals=18
2178 2 has put down the right fork
2178 2 has put down the left fork
2178 1 is thinking
2178 1 has taken the right fork
2178 1 has taken the left fork
2178 1 is eating
DBG_EAT: id=1 time_last_meal=2178
2178 2 is sleeping
DBG_EAT2: id=1 meals=19
2238 1 has put down the left fork
2238 1 has put down the right fork
2238 2 is thinking
2238 1 is sleeping
2238 2 has taken the left fork
2238 2 has taken the right fork
2238 2 is eating
DBG_EAT: id=2 time_last_meal=2238
2298 1 is thinking
DBG_EAT2: id=2 meals=19
2298 2 has put down the right fork
2298 2 has put down the left fork
2298 2 is sleeping
2299 1 has taken the right fork
2299 1 has taken the left fork
2299 1 is eating
DBG_EAT: id=1 time_last_meal=2299
2359 2 is thinking
DBG_EAT2: id=1 meals=20
2359 1 has put down the left fork
2359 1 has put down the right fork
2359 1 is sleeping
2359 2 has taken the left fork
2359 2 has taken the right fork
2359 2 is eating
DBG_EAT: id=2 time_last_meal=2359
2419 1 is thinking
DBG_EAT2: id=2 meals=20
2419 2 has put down the right fork
2419 2 has put down the left fork
2419 2 is sleeping
2419 1 has taken the right fork
2419 1 has taken the left fork
2419 1 is eating
DBG_EAT: id=1 time_last_meal=2419
2479 2 is thinking
DBG_EAT2: id=1 meals=21
2480 1 has put down the left fork
2480 1 has put down the right fork
2480 1 is sleeping
2480 2 has taken the left fork
2480 2 has taken the right fork
2480 2 is eating
DBG_EAT: id=2 time_last_meal=2480
2540 1 is thinking
DBG_EAT2: id=2 meals=21
2540 2 has put down the right fork
2540 2 has put down the left fork
2540 1 has taken the right fork
2540 1 has taken the left fork
2540 1 is eating
DBG_EAT: id=1 time_last_meal=2540
2540 2 is sleeping
DBG_EAT2: id=1 meals=22
2600 1 has put down the left fork
2600 1 has put down the right fork
2600 2 is thinking
2600 1 is sleeping
2600 2 has taken the left fork
2600 2 has taken the right fork
2600 2 is eating
DBG_EAT: id=2 time_last_meal=2600
DBG_EAT2: id=2 meals=22
2660 2 has put down the right fork
2660 2 has put down the left fork
2660 1 is thinking
2660 1 has taken the right fork
2660 1 has taken the left fork
2660 1 is eating
DBG_EAT: id=1 time_last_meal=2660
2660 2 is sleeping
DBG_EAT2: id=1 meals=23
2721 1 has put down the left fork
2721 1 has put down the right fork
2721 2 is thinking
2721 1 is sleeping
2721 2 has taken the left fork
2721 2 has taken the right fork
2721 2 is eating
DBG_EAT: id=2 time_last_meal=2721
2781 1 is thinking
DBG_EAT2: id=2 meals=23
2781 2 has put down the right fork
2781 2 has put down the left fork
2781 2 is sleeping
2781 1 has taken the right fork
2781 1 has taken the left fork
2781 1 is eating
DBG_EAT: id=1 time_last_meal=2781
DBG_EAT2: id=1 meals=24
2841 1 has put down the left fork
2842 1 has put down the right fork
2842 2 is thinking
2842 1 is sleeping
2842 2 has taken the left fork
2842 2 has taken the right fork
2842 2 is eating
DBG_EAT: id=2 time_last_meal=2842
2902 1 is thinking
DBG_EAT2: id=2 meals=24
2902 2 has put down the right fork
2902 2 has put down the left fork
2902 2 is sleeping
2902 1 has taken the right fork
2902 1 has taken the left fork
2902 1 is eating
DBG_EAT: id=1 time_last_meal=2902
DBG_EAT2: id=1 meals=25
2962 1 has put down the left fork
2962 1 has put down the right fork
2962 2 is thinking
2962 1 is sleeping
2962 2 has taken the left fork
2962 2 has taken the right fork
2962 2 is eating
DBG_EAT: id=2 time_last_meal=2962
DBG_EAT2: id=2 meals=25
3023 2 has put down the right fork
3023 2 has put down the left fork
3023 1 is thinking
3023 1 has taken the right fork
3023 1 has taken the left fork
3023 1 is eating
DBG_EAT: id=1 time_last_meal=3023
3023 2 is sleeping
DBG_EAT2: id=1 meals=26
3083 1 has put down the left fork
3083 1 has put down the right fork
3083 1 is sleeping
3083 2 is thinking
3083 2 has taken the left fork
3083 2 has taken the right fork
3083 2 is eating
DBG_EAT: id=2 time_last_meal=3083
DBG_EAT2: id=2 meals=26
3143 2 has put down the right fork
3143 2 has put down the left fork
3143 1 is thinking
3143 1 has taken the right fork
3143 1 has taken the left fork
3143 1 is eating
DBG_EAT: id=1 time_last_meal=3143
3143 2 is sleeping
3204 2 is thinking
DBG_EAT2: id=1 meals=27
3204 1 has put down the left fork
3204 1 has put down the right fork
3204 1 is sleeping
3204 2 has taken the left fork
3204 2 has taken the right fork
3204 2 is eating
DBG_EAT: id=2 time_last_meal=3204
DBG_EAT2: id=2 meals=27
3264 2 has put down the right fork
3264 2 has put down the left fork
3264 1 is thinking
3264 1 has taken the right fork
3264 1 has taken the left fork
3264 1 is eating
DBG_EAT: id=1 time_last_meal=3264
3264 2 is sleeping
DBG_EAT2: id=1 meals=28
3324 1 has put down the left fork
3324 1 has put down the right fork
3325 1 is sleeping
3325 2 is thinking
3325 2 has taken the left fork
3325 2 has taken the right fork
3325 2 is eating
DBG_EAT: id=2 time_last_meal=3325
3385 1 is thinking
DBG_EAT2: id=2 meals=28
3385 2 has put down the right fork
3385 2 has put down the left fork
3385 2 is sleeping
3385 1 has taken the right fork
3385 1 has taken the left fork
3385 1 is eating
DBG_EAT: id=1 time_last_meal=3385
3445 2 is thinking
DBG_EAT2: id=1 meals=29
3445 1 has put down the left fork
3445 1 has put down the right fork
3445 1 is sleeping
3445 2 has taken the left fork
3445 2 has taken the right fork
3445 2 is eating
DBG_EAT: id=2 time_last_meal=3445
3506 1 is thinking
DBG_EAT2: id=2 meals=29
3506 2 has put down the right fork
3506 2 has put down the left fork
3506 1 has taken the right fork
3506 1 has taken the left fork
3506 1 is eating
DBG_EAT: id=1 time_last_meal=3506
3506 2 is sleeping
DBG_EAT2: id=1 meals=30
3566 1 has put down the left fork
3566 1 has put down the right fork
3566 2 is thinking
3566 1 is sleeping
3566 2 has taken the left fork
3566 2 has taken the right fork
3566 2 is eating
DBG_EAT: id=2 time_last_meal=3566
DBG_EAT2: id=2 meals=30
3626 2 has put down the right fork
3626 2 has put down the left fork
3626 1 is thinking
3626 1 has taken the right fork
3626 1 has taken the left fork
3626 1 is eating
DBG_EAT: id=1 time_last_meal=3626
3626 2 is sleeping
DBG_EAT2: id=1 meals=31
3687 1 has put down the left fork
3687 1 has put down the right fork
3687 2 is thinking
3687 1 is sleeping
3687 2 has taken the left fork
3687 2 has taken the right fork
3687 2 is eating
DBG_EAT: id=2 time_last_meal=3687
3747 1 is thinking
DBG_EAT2: id=2 meals=31
3747 2 has put down the right fork
3747 2 has put down the left fork
3747 2 is sleeping
3747 1 has taken the right fork
3747 1 has taken the left fork
3747 1 is eating
DBG_EAT: id=1 time_last_meal=3747
DBG_EAT2: id=1 meals=32
3807 1 has put down the left fork
3807 1 has put down the right fork
3807 1 is sleeping
3807 2 is thinking
3807 2 has taken the left fork
3807 2 has taken the right fork
3807 2 is eating
DBG_EAT: id=2 time_last_meal=3807
DBG_EAT2: id=2 meals=32
3868 2 has put down the right fork
3868 2 has put down the left fork
3868 1 is thinking
3868 1 has taken the right fork
3868 1 has taken the left fork
3868 1 is eating
DBG_EAT: id=1 time_last_meal=3868
3868 2 is sleeping
DBG_EAT2: id=1 meals=33
3928 1 has put down the left fork
3928 1 has put down the right fork
3928 2 is thinking
3928 1 is sleeping
3928 2 has taken the left fork
3928 2 has taken the right fork
3928 2 is eating
DBG_EAT: id=2 time_last_meal=3928
3988 1 is thinking
DBG_EAT2: id=2 meals=33
3988 2 has put down the right fork
3988 2 has put down the left fork
3989 2 is sleeping
3989 1 has taken the right fork
3989 1 has taken the left fork
3989 1 is eating
DBG_EAT: id=1 time_last_meal=3989
DBG_EAT2: id=1 meals=34
4049 1 has put down the left fork
4049 1 has put down the right fork
4049 2 is th