DBG_INIT: meal_mutex init for philo 1
DBG_INIT: meal_mutex init for philo 2
DBG_INIT: meal_mutex init for philo 3
DBG_INIT: meal_mutex init for philo 4
DBG: init philo[1].time_last_meal=0
DBG: init philo[2].time_last_meal=0
DBG: init philo[3].time_last_meal=0
DBG: init philo[4].time_last_meal=0
0 1 has taken the right fork
0 1 has taken the left fork
0 1 is eating
DBG_EAT: id=1 time_last_meal=0
0 3 has taken the right fork
0 3 has taken the left fork
0 3 is eating
DBG_EAT: id=3 time_last_meal=0
DBG: start_time=1758386739301
DBG_EAT2: id=1 meals=1
60 1 has put down the left fork
60 1 has put down the right fork
60 1 is sleeping
60 4 has taken the left fork
DBG_EAT2: id=3 meals=1
60 3 has put down the left fork
60 3 has put down the right fork
60 3 is sleeping
60 4 has taken the right fork
60 4 is eating
DBG_EAT: id=4 time_last_meal=60
60 2 has taken the left fork
60 2 has taken the right fork
60 2 is eating
DBG_EAT: id=2 time_last_meal=60
120 1 is thinking
120 3 is thinking
DBG_EAT2: id=4 meals=1
120 4 has put down the right fork
120 4 has put down the left fork
120 1 has taken the right fork
120 4 is sleeping
DBG_EAT2: id=2 meals=1
120 2 has put down the right fork
120 1 has taken the left fork
120 1 is eating
DBG_EAT: id=1 time_last_meal=120
120 2 has put down the left fork
120 2 is sleeping
120 3 has taken the right fork
120 3 has taken the left fork
120 3 is eating
DBG_EAT: id=3 time_last_meal=120
180 4 is thinking
DBG_EAT2: id=1 meals=2
180 1 has put down the left fork
180 1 has put down the right fork
180 1 is sleeping
180 2 is thinking
DBG_EAT2: id=3 meals=2
180 3 has put down the left fork
180 3 has put down the right fork
180 3 is sleeping
181 4 has taken the left fork
181 4 has taken the right fork
181 4 is eating
DBG_EAT: id=4 time_last_meal=181
181 2 has taken the left fork
181 2 has taken the right fork
181 2 is eating
DBG_EAT: id=2 time_last_meal=181
241 1 is thinking
DBG_EAT2: id=4 meals=2
241 4 has put down the right fork
241 3 is thinking
241 4 has put down the left fork
241 4 is sleeping
DBG_EAT2: id=2 meals=2
241 2 has put down the right fork
241 1 has taken the right fork
241 1 has taken the left fork
241 1 is eating
DBG_EAT: id=1 time_last_meal=241
241 2 has put down the left fork
241 2 is sleeping
241 3 has taken the right fork
241 3 has taken the left fork
241 3 is eating
DBG_EAT: id=3 time_last_meal=241
DBG_EAT2: id=1 meals=3
301 1 has put down the left fork
301 1 has put down the right fork
301 1 is sleeping
301 4 is thinking
301 2 is thinking
DBG_EAT2: id=3 meals=3
301 3 has put down the left fork
301 3 has put down the right fork
301 3 is sleeping
301 All philosophers ate enough
