DBG_INIT: meal_mutex init for philo 1
DBG_INIT: meal_mutex init for philo 2
DBG_INIT: meal_mutex init for philo 3
DBG: init philo[1].time_last_meal=0
DBG: init philo[2].time_last_meal=0
DBG: init philo[3].time_last_meal=0
0 1 has taken the right fork
0 1 has taken the left fork
0 1 is eating
DBG_EAT: id=1 time_last_meal=0
0 3 has taken the right fork
DBG: start_time=1758386604458
DBG_EAT2: id=1 meals=1
200 1 has put down the left fork
200 1 has put down the right fork
200 1 is sleeping
200 3 has taken the left fork
200 3 is eating
DBG_EAT: id=3 time_last_meal=200
2221 1 is thinking
DBG_EAT2: id=3 meals=1
2321 3 has put down the left fork
2321 1 has taken the right fork
2321 1 has taken the left fork
2321 3 has put down the right fork
2321 1 is eating
DBG_EAT: id=1 time_last_meal=2321
2321 2 has taken the left fork
2321 3 is sleeping
2321 3 has died (last meal at 200)
DBG_EAT2: id=1 meals=2
