DBG_INIT: meal_mutex init for philo 1
DBG_INIT: meal_mutex init for philo 2
DBG_INIT: meal_mutex init for philo 3
DBG: init philo[1].time_last_meal=0
DBG: init philo[2].time_last_meal=0
DBG: init philo[3].time_last_meal=0
1 1 has taken the right fork
1 1 has taken the left fork
1 1 is eating
DBG_EAT: id=1 time_last_meal=1
1 3 has taken the right fork
DBG: start_time=1758386268819
DBG_EAT2: id=1 meals=1
101 1 has put down the left fork
101 1 has put down the right fork
101 1 is sleeping
101 3 has taken the left fork
101 3 is eating
DBG_EAT: id=3 time_last_meal=101
DBG_EAT2: id=3 meals=1
201 3 has put down the left fork
201 3 has put down the right fork
201 3 is sleeping
201 2 has taken the left fork
201 2 has taken the right fork
201 2 is eating
DBG_EAT: id=2 time_last_meal=201
301 1 is thinking
301 1 has taken the right fork
DBG_EAT2: id=2 meals=1
301 2 has put down the right fork
301 2 has put down the left fork
301 2 is sleeping
301 1 has taken the left fork
301 1 is eating
DBG_EAT: id=1 time_last_meal=301
401 3 is thinking
401 3 has taken the right fork
DBG_EAT2: id=1 meals=2
401 1 has put down the left fork
401 1 has put down the right fork
401 1 is sleeping
401 3 has taken the left fork
401 3 is eating
DBG_EAT: id=3 time_last_meal=401
501 2 is thinking
DBG_EAT2: id=3 meals=2
501 3 has put down the left fork
501 3 has put down the right fork
501 3 is sleeping
501 2 has taken the left fork
501 2 has taken the right fork
501 2 is eating
DBG_EAT: id=2 time_last_meal=501
601 1 is thinking
601 1 has taken the right fork
DBG_EAT2: id=2 meals=2
602 2 has put down the right fork
602 2 has put down the left fork
602 2 is sleeping
602 1 has taken the left fork
602 1 is eating
DBG_EAT: id=1 time_last_meal=602
702 3 is thinking
702 3 has taken the right fork
DBG_EAT2: id=1 meals=3
702 1 has put down the left fork
702 1 has put down the right fork
702 1 is sleeping
702 3 has taken the left fork
702 3 is eating
DBG_EAT: id=3 time_last_meal=702
802 2 is thinking
DBG_EAT2: id=3 meals=3
802 3 has put down the left fork
802 3 has put down the right fork
802 3 is sleeping
802 2 has taken the left fork
802 2 has taken the right fork
802 2 is eating
DBG_EAT: id=2 time_last_meal=802
902 1 is thinking
902 1 has taken the right fork
DBG_EAT2: id=2 meals=3
902 2 has put down the right fork
902 2 has put down the left fork
902 2 is sleeping
902 1 has taken the left fork
902 1 is eating
DBG_EAT: id=1 time_last_meal=902
1002 3 is thinking
1002 3 has taken the right fork
DBG_EAT2: id=1 meals=4
1002 1 has put down the left fork
1002 1 has put down the right fork
1002 1 is sleeping
1002 3 has taken the left fork
1002 3 is eating
DBG_EAT: id=3 time_last_meal=1002
1102 2 is thinking
DBG_EAT2: id=3 meals=4
1102 3 has put down the left fork
1102 3 has put down the right fork
1102 3 is sleeping
1102 2 has taken the left fork
1102 2 has taken the right fork
1102 2 is eating
DBG_EAT: id=2 time_last_meal=1102
1202 1 is thinking
1202 1 has taken the right fork
DBG_EAT2: id=2 meals=4
1202 2 has put down the right fork
1202 2 has put down the left fork
1203 2 is sleeping
1203 1 has taken the left fork
1203 1 is eating
DBG_EAT: id=1 time_last_meal=1203
1302 3 is thinking
1302 3 has taken the right fork
DBG_EAT2: id=1 meals=5
1303 1 has put down the left fork
1303 1 has put down the right fork
1303 1 is sleeping
1303 3 has taken the left fork
1303 3 is eating
DBG_EAT: id=3 time_last_meal=1303
1403 2 is thinking
DBG_EAT2: id=3 meals=5
1403 3 has put down the left fork
1403 3 has put down the right fork
1403 3 is sleeping
1403 2 has taken the left fork
1403 2 has taken the right fork
1403 2 is eating
DBG_EAT: id=2 time_last_meal=1403
1503 1 is thinking
1503 1 has taken the right fork
DBG_EAT2: id=2 meals=5
1503 2 has put down the right fork
1503 2 has put down the left fork
1503 2 is sleeping
1503 1 has taken the left fork
1503 1 is eating
DBG_EAT: id=1 time_last_meal=1503
1603 3 is thinking
1603 3 has taken the right fork
DBG_EAT2: id=1 meals=6
1603 1 has put down the left fork
1603 1 has put down the right fork
1603 1 is sleeping
1603 3 has taken the left fork
1603 3 is eating
DBG_EAT: id=3 time_last_meal=1603
1703 2 is thinking
DBG_EAT2: id=3 meals=6
1703 3 has put down the left fork
1703 3 has put down the right fork
1703 3 is sleeping
1703 2 has taken the left fork
1703 2 has taken the right fork
1703 2 is eating
DBG_EAT: id=2 time_last_meal=1703
1803 1 is thinking
1803 1 has taken the right fork
DBG_EAT2: id=2 meals=6
1803 2 has put down the right fork
1803 2 has put down the left fork
1804 2 is sleeping
1804 1 has taken the left fork
1804 1 is eating
DBG_EAT: id=1 time_last_meal=1804
1903 3 is thinking
1903 3 has taken the right fork
DBG_EAT2: id=1 meals=7
1904 1 has put down the left fork
1904 1 has put down the right fork
1904 1 is sleeping
1904 3 has taken the left fork
1904 3 is eating
DBG_EAT: id=3 time_last_meal=1904
2004 2 is thinking
DBG_EAT2: id=3 meals=7
2004 3 has put down the left fork
2004 3 has put down the right fork
2004 3 is sleeping
2004 2 has taken the left fork
2004 2 has taken the right fork
2004 2 is eating
DBG_EAT: id=2 time_last_meal=2004
2104 1 is thinking
2104 1 has taken the right fork
DBG_EAT2: id=2 meals=7
2104 2 has put down the right fork
2104 2 has put down the left fork
2104 2 is sleeping
2104 1 has taken the left fork
2104 1 is eating
DBG_EAT: id=1 time_last_meal=2104
2204 3 is thinking
2204 3 has taken the right fork
DBG_EAT2: id=1 meals=8
2204 1 has put down the left fork
2204 1 has put down the right fork
2204 1 is sleeping
2204 3 has taken the left fork
2204 3 is eating
DBG_EAT: id=3 time_last_meal=2204
2304 2 is thinking
DBG_EAT2: id=3 meals=8
2304 3 has put down the left fork
2304 3 has put down the right fork
2304 3 is sleeping
2304 2 has taken the left fork
2304 2 has taken the right fork
2304 2 is eating
DBG_EAT: id=2 time_last_meal=2304
2404 1 is thinking
2404 1 has taken the right fork
DBG_EAT2: id=2 meals=8
2404 2 has put down the right fork
2404 2 has put down the left fork
2404 2 is sleeping
2404 1 has taken the left fork
2404 1 is eating
DBG_EAT: id=1 time_last_meal=2404
2504 3 is thinking
2504 3 has taken the right fork
DBG_EAT2: id=1 meals=9
2505 1 has put down the left fork
2505 1 has put down the right fork
2505 1 is sleeping
2505 3 has taken the left fork
2505 3 is eating
DBG_EAT: id=3 time_last_meal=2505
2604 2 is thinking
DBG_EAT2: id=3 meals=9
2605 3 has put down the left fork
2605 3 has put down the right fork
2605 3 is sleeping
2605 2 has taken the left fork
2605 2 has taken the right fork
2605 2 is eating
DBG_EAT: id=2 time_last_meal=2605
2705 1 is thinking
2705 1 has taken the right fork
DBG_EAT2: id=2 meals=9
2705 2 has put down the right fork
2705 2 has put down the left fork
2705 2 is sleeping
2705 1 has taken the left fork
2705 1 is eating
DBG_EAT: id=1 time_last_meal=2705
2805 3 is thinking
2805 3 has taken the right fork
DBG_EAT2: id=1 meals=10
2805 1 has put down the left fork
2805 1 has put down the right fork
2805 1 is sleeping
2805 3 has taken the left fork
2805 3 is eating
DBG_EAT: id=3 time_last_meal=2805
2905 2 is thinking
DBG_EAT2: id=3 meals=10
2905 3 has put down the left fork
2905 3 has put down the right fork
2905 3 is sleeping
2905 2 has taken the left fork
2905 2 has taken the right fork
2905 2 is eating
DBG_EAT: id=2 time_last_meal=2905
3005 1 is thinking
3005 1 has taken the right fork
DBG_EAT2: id=2 meals=10
3006 2 has put down the right fork
3006 2 has put down the left fork
3006 2 is sleeping
3006 1 has taken the left fork
3006 1 is eating
DBG_EAT: id=1 time_last_meal=3006
3106 3 is thinking
3106 3 has taken the right fork
DBG_EAT2: id=1 meals=11
3106 1 has put down the left fork
3106 1 has put down the right fork
3106 1 is sleeping
3106 3 has taken the left fork
3106 3 is eating
DBG_EAT: id=3 time_last_meal=3106
3206 2 is thinking
DBG_EAT2: id=3 meals=11
3206 3 has put down the left fork
3206 3 has put down the right fork
3206 3 is sleeping
3206 2 has taken the left fork
3206 2 has taken the right fork
3206 2 is eating
DBG_EAT: id=2 time_last_meal=3206
3306 1 is thinking
3306 1 has taken the right fork
DBG_EAT2: id=2 meals=11
3306 2 has put down the right fork
3306 2 has put down the l