DBG_INIT: meal_mutex init for philo 1
DBG_INIT: meal_mutex init for philo 2
DBG_INIT: meal_mutex init for philo 3
DBG_INIT: meal_mutex init for philo 4
DBG_INIT: meal_mutex init for philo 5
DBG: init philo[1].time_last_meal=0
DBG: init philo[2].time_last_meal=0
DBG: init philo[3].time_last_meal=0
DBG: init philo[4].time_last_meal=0
DBG: init philo[5].time_last_meal=0
1 1 has taken the right fork
1 1 has taken the left fork
1 1 is eating
DBG_EAT: id=1 time_last_meal=1
1 3 has taken the right fork
1 3 has taken the left fork
1 3 is eating
DBG_EAT: id=3 time_last_meal=1
1 5 has taken the right fork
DBG: start_time=1758387684198
DBG_EAT2: id=1 meals=1
61 1 has put down the left fork
61 1 has put down the right fork
DBG_EAT2: id=3 meals=1
61 3 has put down the left fork
61 1 is sleeping
61 3 has put down the right fork
61 3 is sleeping
61 5 has taken the left fork
61 5 is eating
DBG_EAT: id=5 time_last_meal=61
61 2 has taken the left fork
61 2 has taken the right fork
61 2 is eating
DBG_EAT: id=2 time_last_meal=61
DBG_EAT2: id=5 meals=1
122 5 has put down the left fork
DBG_EAT2: id=2 meals=1
122 2 has put down the right fork
122 2 has put down the left fork
122 2 is sleeping
122 5 has put down the right fork
122 5 is sleeping
122 4 has taken the left fork
122 4 has taken the right fork
122 4 is eating
DBG_EAT: id=4 time_last_meal=122
162 3 is thinking
162 3 has taken the right fork
162 1 is thinking
162 1 has taken the right fork
162 1 has taken the left fork
162 1 is eating
DBG_EAT: id=1 time_last_meal=162
DBG_EAT2: id=4 meals=1
182 4 has put down the right fork
182 4 has put down the left fork
182 4 is sleeping
182 3 has taken the left fork
182 3 is eating
DBG_EAT: id=3 time_last_meal=182
222 5 is thinking
222 5 has taken the right fork
DBG_EAT2: id=1 meals=2
222 1 has put down the left fork
222 1 has put down the right fork
222 2 is thinking
222 5 has taken the left fork
222 1 is sleeping
222 5 is eating
DBG_EAT: id=5 time_last_meal=222
DBG_EAT2: id=3 meals=2
243 3 has put down the left fork
243 3 has put down the right fork
243 3 is sleeping
243 2 has taken the left fork
243 2 has taken the right fork
243 2 is eating
DBG_EAT: id=2 time_last_meal=243
DBG_EAT2: id=5 meals=2
282 5 has put down the left fork
282 5 has put down the right fork
282 4 is thinking
283 5 is sleeping
283 4 has taken the left fork
283 4 has taken the right fork
283 4 is eating
DBG_EAT: id=4 time_last_meal=283
DBG_EAT2: id=2 meals=2
303 2 has put down the right fork
303 2 has put down the left fork
303 2 is sleeping
322 1 is thinking
322 1 has taken the right fork
322 1 has taken the left fork
322 1 is eating
DBG_EAT: id=1 time_last_meal=322
DBG_EAT2: id=4 meals=2
343 4 has put down the right fork
343 4 has put down the left fork
343 4 is sleeping
343 3 is thinking
343 3 has taken the right fork
343 3 has taken the left fork
343 3 is eating
DBG_EAT: id=3 time_last_meal=343
DBG_EAT2: id=1 meals=3
383 1 has put down the left fork
383 1 has put down the right fork
383 5 is thinking
383 5 has taken the right fork
383 5 has taken the left fork
383 5 is eating
DBG_EAT: id=5 time_last_meal=383
383 1 is sleeping
DBG_EAT2: id=3 meals=3
403 3 has put down the left fork
403 3 has put down the right fork
403 2 is thinking
403 3 is sleeping
404 2 has taken the left fork
404 2 has taken the right fork
404 2 is eating
DBG_EAT: id=2 time_last_meal=404
DBG_EAT2: id=5 meals=3
443 5 has put down the left fork
443 5 has put down the right fork
443 4 is thinking
443 5 is sleeping
443 4 has taken the left fork
443 4 has taken the right fork
443 4 is eating
DBG_EAT: id=4 time_last_meal=443
DBG_EAT2: id=2 meals=3
464 2 has put down the right fork
464 2 has put down the left fork
464 2 is sleeping
483 1 is thinking
483 1 has taken the right fork
483 1 has taken the left fork
483 1 is eating
DBG_EAT: id=1 time_last_meal=483
DBG_EAT2: id=4 meals=3
504 4 has put down the right fork
504 4 has put down the left fork
504 3 is thinking
504 3 has taken the right fork
504 3 has taken the left fork
504 3 is eating
DBG_EAT: id=3 time_last_meal=504
504 4 is sleeping
DBG_EAT2: id=1 meals=4
543 1 has put down the left fork
543 1 has put down the right fork
543 1 is sleeping
544 5 is thinking
544 5 has taken the right fork
544 5 has taken the left fork
544 5 is eating
DBG_EAT: id=5 time_last_meal=544
DBG_EAT2: id=3 meals=4
564 3 has put down the left fork
564 3 has put down the right fork
564 3 is sleeping
564 2 is thinking
564 2 has taken the left fork
564 2 has taken the right fork
564 2 is eating
DBG_EAT: id=2 time_last_meal=564
DBG_EAT2: id=5 meals=4
604 5 has put down the left fork
604 5 has put down the right fork
604 4 is thinking
604 5 is sleeping
604 4 has taken the left fork
604 4 has taken the right fork
604 4 is eating
DBG_EAT: id=4 time_last_meal=604
DBG_EAT2: id=2 meals=4
625 2 has put down the right fork
625 2 has put down the left fork
625 2 is sleeping
644 1 is thinking
644 1 has taken the right fork
644 1 has taken the left fork
644 1 is eating
DBG_EAT: id=1 time_last_meal=644
DBG_EAT2: id=4 meals=4
664 4 has put down the right fork
664 4 has put down the left fork
664 3 is thinking
664 3 has taken the right fork
664 3 has taken the left fork
664 3 is eating
DBG_EAT: id=3 time_last_meal=664
664 4 is sleeping
DBG_EAT2: id=1 meals=5
704 1 has put down the left fork
704 1 has put down the right fork
704 5 is thinking
704 5 has taken the right fork
704 5 has taken the left fork
704 5 is eating
DBG_EAT: id=5 time_last_meal=704
704 1 is sleeping
DBG_EAT2: id=3 meals=5
725 3 has put down the left fork
725 3 has put down the right fork
725 3 is sleeping
725 2 is thinking
725 2 has taken the left fork
725 2 has taken the right fork
725 2 is eating
DBG_EAT: id=2 time_last_meal=725
DBG_EAT2: id=5 meals=5
764 5 has put down the left fork
764 5 has put down the right fork
764 4 is thinking
764 5 is sleeping
765 4 has taken the left fork
765 4 has taken the right fork
765 4 is eating
DBG_EAT: id=4 time_last_meal=765
DBG_EAT2: id=2 meals=5
785 2 has put down the right fork
785 2 has put down the left fork
785 2 is sleeping
804 1 is thinking
804 1 has taken the right fork
804 1 has taken the left fork
804 1 is eating
DBG_EAT: id=1 time_last_meal=804
DBG_EAT2: id=4 meals=5
825 4 has put down the right fork
825 4 has put down the left fork
825 3 is thinking
825 3 has taken the right fork
825 3 has taken the left fork
825 3 is eating
DBG_EAT: id=3 time_last_meal=825
825 4 is sleeping
DBG_EAT2: id=1 meals=6
865 1 has put down the left fork
865 1 has put down the right fork
865 5 is thinking
865 5 has taken the right fork
865 5 has taken the left fork
865 5 is eating
DBG_EAT: id=5 time_last_meal=865
865 1 is sleeping
DBG_EAT2: id=3 meals=6
885 3 has put down the left fork
885 3 has put down the right fork
885 3 is sleeping
886 2 is thinking
886 2 has taken the left fork
886 2 has taken the right fork
886 2 is eating
DBG_EAT: id=2 time_last_meal=886
DBG_EAT2: id=5 meals=6
925 5 has put down the left fork
925 5 has put down the right fork
925 4 is thinking
925 5 is sleeping
925 4 has taken the left fork
925 4 has taken the right fork
925 4 is eating
DBG_EAT: id=4 time_last_meal=925
DBG_EAT2: id=2 meals=6
946 2 has put down the right fork
946 2 has put down the left fork
946 2 is sleeping
965 1 is thinking
965 1 has taken the right fork
965 1 has taken the left fork
965 1 is eating
DBG_EAT: id=1 time_last_meal=965
DBG_EAT2: id=4 meals=6
986 4 has put down the right fork
986 4 has put down the left fork
986 3 is thinking
986 3 has taken the right fork
986 3 has taken the left fork
986 3 is eating
DBG_EAT: id=3 time_last_meal=986
986 4 is sleeping
1025 5 is thinking
1025 5 has taken the right fork
DBG_EAT2: id=1 meals=7
1025 1 has put down the left fork
1025 1 has put down the right fork
1026 5 has taken the left fork
1026 5 is eating
DBG_EAT: id=5 time_last_meal=1026
1026 1 is sleeping
DBG_EAT2: id=3 meals=7
1046 3 has put down the left fork
1046 3 has put down the right fork
1046 3 is sleeping
1046 2 is thinking
1047 2 has taken the left fork
1047 2 has taken the right fork
1047 2 is eating
DBG_EAT: id=2 time_last_meal=1047
DBG_EAT2: id=5 meals=7
1086 5 has put down the left fork
1086 5 has put down the right fork
1086 5 is sleeping
1086 4 is thinking
1086 4 has taken the left fork
1086 4 has taken the right fork
1086 4 is eating
DBG_EAT: id=4 time_last_meal=1086
DBG_EAT2: id=2 meals=7
1107 2 has put down the right fork
1107 2 has put down the left fork
1107 2 is sleeping
1126 1 is thinking
1126 1 has taken the right fork
1126 1 has taken the left fork
1126 1 is eating
DBG_EAT: id=1 time_last_meal=1126
DBG_EAT2: id=4 meals=7
1146 4 has put down the right fork
1146 4 has put down the left fork
1147 3 is thinking
1147 3 has taken the right fork
1147 3 has taken the left fork
1147 3 is eating
DBG_EAT: id=3 time_last_meal=1147
1147 4 is sleeping
DBG_EAT2: id=1 meals=8
1186 1 has put down the left fork
1186 1 has put down the right fork
1186 1 is sleeping
1186 5 is thinking
1186 5 has taken the right fork
1186 5 has taken the left fork
1186 5 is eating
DBG_EAT: id=5 time_last_meal=1186
DBG_EAT2: id=3 meals=8
1207 3 has put down the left fork
1207 3 has put down the right fork
1207 3 is sleeping
1207 2 is thinking
1207 2 has taken the left fork
1207 2 has taken the right fork
1207 2 is eating
DBG_EAT: id=2 time_last_meal=1207
DBG_EAT2: id=5 meals=8
1247 5 has put down the left fork
1247 5 has put down the right fork
1247 5 is sleeping
1247 4 is thinking
1247 4 has taken the left fork
1247 4 has taken the right fork
1247 4 is eating
DBG_EAT: id=4 time_last_meal=1247
DBG_EAT2: id=2 meals=8
1268 2 has put down the right fork
1268 2 has put down the left fork
1268 2 is sleeping
1286 1 is thinking
1286 1 has taken the right fork
1286 1 has taken the left fork
1286 1 is eating
DBG_EAT: id=1 time_last_meal=1286
1307 3 is thinking
1307 3 has taken the right fork
DBG_EAT2: id=4 meals=8
1307 4 has put down the right fork
1307 4 has put down the left fork
1307 3 has taken the left fork
1307 3 is eating
DBG_EAT: id=3 time_last_meal=1307
1307 4 is sleeping
1347 5 is thinking
1347 5 has taken the right fork
DBG_EAT2: id=1 meals=9
1347 1 has put down the left fork
1347 1 has put down the right fork
1347 1 is sleeping
1347 5 has taken the left fork
1347 5 is eating
DBG_EAT: id=5 time_last_meal=1347
DBG_EAT2: id=3 meals=9
1368 3 has put down the left fork
1368 3 has put down the right fork
1368 2 is thinking
1368 3 is sleeping
1368 2 has taken the left fork
1368 2 has taken the right fork
1368 2 is eating
DBG_EAT: id=2 time_last_meal=1368
DBG_EAT2: id=5 meals=9
1407 5 has put down the left fork
1407 5 has put down the right fork
1407 5 is sleeping
1408 4 is thinking
1408 4 has taken the left fork
1408 4 has taken the right fork
1408 4 is eating
DBG_EAT: id=4 time_last_meal=1408
DBG_EAT2: id=2 meals=9
1428 2 has put down the right fork
1428 2 has put down the left fork
1428 2 is sleeping
1447 1 is thinking
1447 1 has taken the right fork
1447 1 has taken the left fork
1447 1 is eating
DBG_EAT: id=1 time_last_meal=1447
DBG_EAT2: id=4 meals=9
1468 4 has put down the right fork
1468 4 has put down the left fork
1468 3 is thinking
1468 3 has taken the right fork
1468 3 has taken the left fork
1468 3 is eating
DBG_EAT: id=3 time_last_meal=1468
1468 4 is sleeping
1507 5 is thinking
1507 5 has taken the right fork
DBG_EAT2: id=1 meals=10
1507 1 has put down the left fork
1507 1 has put down the right fork
1507 5 has taken the left fork
1507 5 is eating
DBG_EAT: id=5 time_last_meal=1507
1507 1 is sleeping
DBG_EAT2: id=3 meals=10
1529 3 has put down the left fork
1529 3 has put down the right fork
1529 2 is thinking
1529 3 is sleeping
1529 2 has taken the left fork
1529 2 has taken the right fork
1529 2 is eating
DBG_EAT: id=2 time_last_meal=1529
DBG_EAT2: id=5 meals=10
1568 5 has put down the left fork
1568 5 has put down the right fork
1568 5 is sleeping
1568 4 is thinking
1569 4 has taken the left fork
1569 4 has taken the right fork
1569 4 is eating
DBG_EAT: id=4 time_last_meal=1569
DBG_EAT2: id=2 meals=10
1589 2 has put down the right fork
1589 2 has put down the left fork
1589 2 is sleeping
1608 1 is thinking
1608 1 has taken the right fork
1608 1 has taken the left fork
1608 1 is eating
DBG_EAT: id=1 time_last_meal=1608
DBG_EAT2: id=4 meals=10
1629 4 has put down the right fork
1629 4 has put down the left fork
1629 3 is thinking
1629 3 has taken the right fork
1629 3 has taken the left fork
1629 3 is eating
DBG_EAT: id=3 time_last_meal=1629
1629 4 is sleeping
DBG_EAT2: id=1 meals=11
1668 1 has put down the left fork
1668 1 has put down the right fork
1668 1 is sleeping
1668 5 is thinking
1668 5 has taken the right fork
1668 5 has taken the left fork
1668 5 is eating
DBG_EAT: id=5 time_last_meal=1668
DBG_EAT2: id=3 meals=11
1689 3 has put down the left fork
1689 3 has put down the right fork
1689 3 is sleeping
1689 2 is thinking
1690 2 has taken the left fork
1690 2 has taken the right fork
1690 2 is eating
DBG_EAT: id=2 time_last_meal=1690
DBG_EAT2: id=5 meals=11
1728 5 has put down the left fork
1728 5 has put down the right fork
1728 5 is sleeping
1729 4 is thinking
1729 4 has taken the left fork
1729 4 has taken the right fork
1729 4 is eating
DBG_EAT: id=4 time_last_meal=1729
DBG_EAT2: id=2 meals=11
1750 2 has put down the right fork
1750 2 has put down the left fork
1750 2 is sleeping
1768 1 is thinking
1768 1 has taken the right fork
1768 1 has taken the left fork
1768 1 is eating
DBG_EAT: id=1 time_last_meal=1768
DBG_EAT2: id=4 meals=11
1789 4 has put down the right fork
1789 4 has put down the left fork
1789 3 is thinking
1789 3 has taken the right fork
1789 3 has taken the left fork
1789 3 is eating
DBG_EAT: id=3 time_last_meal=1789
1789 4 is sleeping
DBG_EAT2: id=1 meals=12
1828 1 has put down the left fork
1828 1 has put down the right fork
1828 1 is sleeping
1828 5 is thinking
1828 5 has taken the right fork
1828 5 has taken the left fork
1828 5 is eating
DBG_EAT: id=5 time_last_meal=1828
DBG_EAT2: id=3 meals=12
1850 3 has put down the left fork
1850 3 has put down the right fork
1850 3 is sleeping
1850 2 is thinking
1850 2 has taken the left fork
1850 2 has taken the right fork
1850 2 is eating
DBG_EAT: id=2 time_last_meal=1850
DBG_EAT2: id=5 meals=12
1889 5 has put down the left fork
1889 5 has put down the right fork
1889 5 is sleeping
1890 4 is thinking
1890 4 has taken the left fork
1890 4 has taken the right fork
1890 4 is eating
DBG_EAT: id=4 time_last_meal=1890
DBG_EAT2: id=2 meals=12
1910 2 has put down the right fork
1910 2 has put down the left fork
1911 2 is sleeping
1929 1 is thinking
1929 1 has taken the right fork
1929 1 has taken the left fork
1929 1 is eating
DBG_EAT: id=1 time_last_meal=1929
1950 3 is thinking
1950 3 has taken the right fork
DBG_EAT2: id=4 meals=12
1950 4 has put down the right fork
1950 4 has put down the left fork
1950 4 is sleeping
1950 3 has taken the left fork
1950 3 is eating
DBG_EAT: id=3 time_last_meal=1950
DBG_EAT2: id=1 meals=13
1989 1 has put down the left fork
1989 1 has put down the right fork
1989 5 is thinking
1989 5 has taken the right fork
1989 5 has taken the left fork
1989 5 is eating
DBG_EAT: id=5 time_last_meal=1989
1989 1 is sleeping
DBG_EAT2: id=3 meals=13
2011 3 has put down the left fork
2011 3 has put down the right fork
2011 2 is thinking
2011 3 is sleeping
2011 2 has taken the left fork
2011 2 has taken the right fork
2011 2 is eating
DBG_EAT: id=2 time_last_meal=2011
DBG_EAT2: id=5 meals=13
2049 5 has put down the left fork
2049 5 has put down the right fork
2049 5 is sleeping
2051 4 is thinking
2051 4 has taken the left fork
2051 4 has taken the right fork
2051 4 is eating
DBG_EAT: id=4 time_last_meal=2051
DBG_EAT2: id=2 meals=13
2071 2 has put down the right fork
2071 2 has put down the left fork
2071 2 is sleeping
2089 1 is thinking
2089 1 has taken the right fork
2089 1 has taken the left fork
2089 1 is eating
DBG_EAT: id=1 time_last_meal=2089
DBG_EAT2: id=4 meals=13
2111 4 has put down the right fork
2111 4 has put down the left fork
2111 3 is thinking
2111 3 has taken the right fork
2111 3 has taken the left fork
2111 3 is eating
DBG_EAT: id=3 time_last_meal=2111
2111 4 is sleeping
2149 5 is thinking
2149 5 has taken the right fork
DBG_EAT2: id=1 meals=14
2149 1 has put down the left fork
2149 1 has put down the right fork
2149 5 has taken the left fork
2150 5 is eating
DBG_EAT: id=5 time_last_meal=2150
2150 1 is sleeping
DBG_EAT2: id=3 meals=14
2172 3 has put down the left fork
2172 3 has put down the right fork
2172 2 is thinking
2172 3 is sleeping
2172 2 has taken the left fork
2172 2 has taken the right fork
2172 2 is eating
DBG_EAT: id=2 time_last_meal=2172
DBG_EAT2: id=5 meals=14
2210 5 has put down the left fork
2210 5 has put down the right fork
2210 5 is sleeping
2211 4 is thinking
2212 4 has taken the left fork
2212 4 has taken the right fork
2212 4 is eating
DBG_EAT: id=4 time_last_meal=2212
DBG_EAT2: id=2 meals=14
2232 2 has put down the right fork
2232 2 has put down the left fork
2232 2 is sleeping
2250 1 is thinking
2250 1 has taken the right fork
2250 1 has taken the left fork
2250 1 is eating
DBG_EAT: id=1 time_last_meal=2250
DBG_EAT2: id=4 meals=14
2272 4 has put down the right fork
2272 4 has put down the left fork
2272 3 is thinking
2272 3 has taken the right fork
2272 3 has taken the left fork
2272 3 is eating
DBG_EAT: id=3 time_last_meal=2272
2272 4 is sleeping
2310 5 is thinking
2310 5 has taken the right fork
DBG_EAT2: id=1 meals=15
2310 1 has put down the left fork
2310 1 has put down the right fork
2310 5 has taken the left fork
2310 5 is eating
DBG_EAT: id=5 time_last_meal=2310
2310 1 is sleeping
DBG_EAT2: id=3 meals=15
2332 3 has put down the left fork
2332 3 has put down the right fork
2332 2 is thinking
2332 3 is sleeping
2333 2 has taken the left fork
2333 2 has taken the right fork
2333 2 is eating
DBG_EAT: id=2 time_last_meal=2333
DBG_EAT2: id=5 meals=15
2371 5 has put down the left fork
2371 5 has put down the right fork
2371 5 is sleeping
2372 4 is thinking
2372 4 has taken the left fork
2372 4 has taken the right fork
2372 4 is eating
DBG_EAT: id=4 time_last_meal=2372
DBG_EAT2: id=2 meals=15
2393 2 has put down the right fork
2393 2 has put down the left fork
2393 2 is sleeping
2411 1 is thinking
2411 1 has taken the right fork
2411 1 has taken the left fork
2411 1 is eating
DBG_EAT: id=1 time_last_meal=2411
DBG_EAT2: id=4 meals=15
2432 4 has put down the right fork
2432 4 has put down the left fork
2432 4 is sleeping
2433 3 is thinking
2433 3 has taken the right fork
2433 3 has taken the left fork
2433 3 is eating
DBG_EAT: id=3 time_last_meal=2433
2471 5 is thinking
2471 5 has taken the right fork
DBG_EAT2: id=1 meals=16
2471 1 has put down the left fork
2471 1 has put down the right fork
2471 5 has taken the left fork
2471 5 is eating
DBG_EAT: id=5 time_last_meal=2471
2471 1 is sleeping
DBG_EAT2: id=3 meals=16
2493 3 has put down the left fork
2493 3 has put down the right fork
2493 2 is thinking
2493 3 is sleeping
2493 2 has taken the left fork
2493 2 has taken the right fork
2493 2 is eating
DBG_EAT: id=2 time_last_meal=2493
DBG_EAT2: id=5 meals=16
2531 5 has put down the left fork
2531 5 has put down the right fork
2531 5 is sleeping
2533 4 is thinking
2533 4 has taken the left fork
2533 4 has taken the right fork
2533 4 is eating
DBG_EAT: id=4 time_last_meal=2533
DBG_EAT2: id=2 meals=16
2554 2 has put down the right fork
2554 2 has put down the left fork
2554 2 is sleeping
2571 1 is thinking
2571 1 has taken the right fork
2571 1 has taken the left fork
2571 1 is eating
DBG_EAT: id=1 time_last_meal=2571
DBG_EAT2: id=4 meals=16
2593 4 has put down the right fork
2593 4 has put down the left fork
2593 4 is sleeping
2593 3 is thinking
2593 3 has taken the right fork
2593 3 has taken the left fork
2593 3 is eating
DBG_EAT: id=3 time_last_meal=2593
DBG_EAT2: id=1 meals=17
2631 1 has put down the left fork
2631 1 has put down the right fork
2631 1 is sleeping
2632 5 is thinking
2632 5 has taken the right fork
2632 5 has taken the left fork
2632 5 is eating
DBG_EAT: id=5 time_last_meal=2632
DBG_EAT2: id=3 meals=17
2654 3 has put down the left fork
2654 3 has put down the right fork
2654 3 is sleeping
2654 2 is thinking
2654 2 has taken the left fork
2654 2 has taken the right fork
2654 2 is eating
DBG_EAT: id=2 time_last_meal=2654
DBG_EAT2: id=5 meals=17
2692 5 has put down the left fork
2692 5 has put down the right fork
2692 5 is sleeping
2693 4 is thinking
2694 4 has taken the left fork
2694 4 has taken the right fork
2694 4 is eating
DBG_EAT: id=4 time_last_meal=2694
DBG_EAT2: id=2 meals=17
2714 2 has put down the right fork
2714 2 has put down the left fork
2714 2 is sleeping
2732 1 is thinking
2732 1 has taken the right fork
2732 1 has taken the left fork
2732 1 is eating
DBG_EAT: id=1 time_last_meal=2732
DBG_EAT2: id=4 meals=17
2754 4 has put down the right fork
2754 4 has put down the left fork
2754 4 is sleeping
2754 3 is thinking
2754 3 has taken the right fork
2754 3 has taken the left fork
2754 3 is eating
DBG_EAT: id=3 time_last_meal=2754
DBG_EAT2: id=1 meals=18
2792 1 has put down the left fork
2792 1 has put down the right fork
2792 1 is sleeping
2792 5 is thinking
2792 5 has taken the right fork
2792 5 has taken the left fork
2792 5 is eating
DBG_EAT: id=5 time_last_meal=2792
DBG_EAT2: id=3 meals=18
2814 3 has put down the left fork
2814 3 has put down the right fork
2814 3 is sleeping
2815 2 is thinking
2815 2 has taken the left fork
2815 2 has taken the right fork
2815 2 is eating
DBG_EAT: id=2 time_last_meal=2815
DBG_EAT2: id=5 meals=18
2852 5 has put down the left fork
2852 5 has put down the right fork
2852 5 is sleeping
2854 4 is thinking
2854 4 has taken the left fork
2854 4 has taken the right fork
2854 4 is eating
DBG_EAT: id=4 time_last_meal=2854
DBG_EAT2: id=2 meals=18
2875 2 has put down the right fork
2875 2 has put down the left fork
2875 2 is sleeping
2892 1 is thinking
2893 1 has taken the right fork
2893 1 has taken the left fork
2893 1 is eating
DBG_EAT: id=1 time_last_meal=2893
DBG_EAT2: id=4 meals=18
2914 4 has put down the right fork
2914 4 has put down the left fork
2914 3 is thinking
2914 3 has taken the right fork
2914 3 has taken the left fork
2914 3 is eating
DBG_EAT: id=3 time_last_meal=2914
2915 4 is sleeping
2953 5 is thinking
2953 5 has taken the right fork
DBG_EAT2: id=1 meals=19
2953 1 has put down the left fork
2953 1 has put down the right fork
2953 5 has taken the left fork
2953 5 is eating
DBG_EAT: id=5 time_last_meal=2953
2953 1 is sleeping
DBG_EAT2: id=3 meals=19
2975 3 has put down the left fork
2975 3 has put down the right fork
2975 3 is sleeping
2975 2 is thinking
2975 2 has taken the left fork
2975 2 has taken the right fork
2975 2 is eating
DBG_EAT: id=2 time_last_meal=2975
DBG_EAT2: id=5 meals=19
3013 5 has put down the left fork
3013 5 has put down the right fork
3013 5 is sleeping
3015 4 is thinking
3015 4 has taken the left fork
3015 4 has taken the right fork
3015 4 is eating
DBG_EAT: id=4 time_last_meal=3015
DBG_EAT2: id=2 meals=19
3036 2 has put down the right fork
3036 2 has put down the left fork
3036 2 is sleeping
3053 1 is thinking
3053 1 has taken the right fork
3053 1 has taken the left fork
3053 1 is eating
DBG_EAT: id=1 time_last_meal=3053
DBG_EAT2: id=4 meals=19
3075 4 has put down the right fork
3075 4 has put down the left fork
3075 3 is thinking
3075 3 has taken the right fork
3075 3 has taken the left fork
3075 3 is eating
DBG_EAT: id=3 time_last_meal=3075
3075 4 is sleeping
3114 5 is thinking
3114 5 has taken the right fork
DBG_EAT2: id=1 meals=20
3114 1 has put down the left fork
3114 1 has put down the right fork
3114 5 has taken the left fork
3114 5 is eating
DBG_EAT: id=5 time_last_meal=3114
3114 1 is sleeping
DBG_EAT2: id=3 meals=20
3135 3 has put down the left fork
3135 3 has put down the right fork
3135 3 is sleeping
3136 2 is thinking
3136 2 has taken the left fork
3136 2 has taken the right fork
3136 2 is eating
DBG_EAT: id=2 time_last_meal=3136
DBG_EAT2: id=5 meals=20
3174 5 has put down the left fork
3174 5 has put down the right fork
3174 5 is sleeping
3175 4 is thinking
3176 4 has taken the left fork
3176 4 has taken the right fork
3176 4 is eating
DBG_EAT: id=4 time_last_meal=3176
DBG_EAT2: id=2 meals=20
3196 2 has put down the right fork
3196 2 has put down the left fork
3196 2 is sleeping
3214 1 is thinking
3214 1 has taken the right fork
3214 1 has taken the left fork
3214 1 is eating
DBG_EAT: id=1 time_last_meal=3214
DBG_EAT2: id=4 meals=20
3236 4 has put down the right fork
3236 4 has put down the left fork
3236 4 is sleeping
3236 3 is thinking
3236 3 has taken the right fork
3236 3 has taken the left fork
3236 3 is eating
DBG_EAT: id=3 time_last_meal=3236
3274 5 is thinking
3274 5 has taken the right fork
DBG_EAT2: id=1 meals=21
3274 1 has put down the left fork
3274 1 has put down the right fork
3274 5 has taken the left fork
3274 5 is eating
DBG_EAT: id=5 time_last_meal=3274
3274 1 is sleeping
DBG_EAT2: id=3 meals=21
3296 3 has put down the left fork
3296 3 has put down the right fork
3296 3 is sleeping
3297 2 is thinking
3297 2 has taken the left fork
3297 2 has taken the right fork
3297 2 is eating
DBG_EAT: id=2 time_last_meal=3297
DBG_EAT2: id=5 meals=21
3335 5 has put down the left fork
3335 5 has put down the right fork
3335 5 is sleeping
3336 4 is thinking
3336 4 has taken the left fork
3336 4 has taken the right fork
3336 4 is eating
DBG_EAT: id=4 time_last_meal=3336
DBG_EAT2: id=2 meals=21
3357 2 has put down the right fork
3357 2 has put down the left fork
3357 2 is sleeping
3374 1 is thinking
3374 1 has taken the right fork
3374 1 has taken the left fork
3374 1 is eating
DBG_EAT: id=1 time_last_meal=3374
3397 3 is thinking
3397 3 has taken the right fork
DBG_EAT2: id=4 meals=21
3397 4 has put down the right fork
3397 4 has put down the left fork
3397 3 has taken the left fork
3397 3 is eating
DBG_EAT: id=3 time_last_meal=3397
3397 4 is sleeping
DBG_EAT2: id=1 meals=22
3435 1 has put down the left fork
3435 1 has put down the right fork
3435 5 is thinking
3435 5 has taken the right fork
3435 5 has taken the left fork
3435 5 is eating
DBG_EAT: id=5 time_last_meal=3435
3435 1 is sleeping
DBG_EAT2: id=3 meals=22
3457 3 has put down the left fork
3457 3 has put down the right fork
3457 3 is sleeping
3457 2 is thinking
3458 2 has taken the left fork
3458 2 has taken the right fork
3458 2 is eating
DBG_EAT: id=2 time_last_meal=3458
DBG_EAT2: id=5 meals=22
3495 5 has put down the left fork
3495 5 has put down the right fork
3495 5 is sleeping
3497 4 is thinking
3497 4 has taken the left fork
3497 4 has taken the right fork
3497 4 is eating
DBG_EAT: id=4 time_last_meal=3497
DBG_EAT2: id=2 meals=22
3518 2 has put down the right fork
3518 2 has put down the left fork
3518 2 is sleeping
3535 1 is thinking
3535 1 has taken the right fork
3535 1 has taken the left fork
3535 1 is eating
DBG_EAT: id=1 time_last_meal=3535
3557 3 is thinking
3557 3 has taken the right fork
DBG_EAT2: id=4 meals=22
3557 4 has put down the right fork
3557 4 has put down the left fork
3557 4 is sleeping
3557 3 has taken the left fork
3557 3 is eating
DBG_EAT: id=3 time_last_meal=3557
DBG_EAT2: id=1 meals=23
3595 1 has put down the left fork
3595 1 has put down the right fork
3595 1 is sleeping
3595 5 is thinking
3595 5 has taken the right fork
3595 5 has taken the left fork
3595 5 is eating
DBG_EAT: id=5 time_last_meal=3595
DBG_EAT2: id=3 meals=23
3617 3 has put down the left fork
3617 3 has put down the right fork
3617 3 is sleeping
3618 2 is thinking
3618 2 has taken the left fork
3618 2 has taken the right fork
3618 2 is eating
DBG_EAT: id=2 time_last_meal=3618
DBG_EAT2: id=5 meals=23
3655 5 has put down the left fork
3655 5 has put down the right fork
3655 5 is sleeping
3657 4 is thinking
3657 4 has taken the left fork
3657 4 has taken the right fork
3657 4 is eating
DBG_EAT: id=4 time_last_meal=3657
DBG_EAT2: id=2 meals=23
3678 2 has put down the right fork
3678 2 has put down the left fork
3678 2 is sleeping
3695 1 is thinking
3695 1 has taken the right fork
3695 1 has taken the left fork
3695 1 is eating
DBG_EAT: id=1 time_last_meal=3695
3717 3 is thinking
3717 3 has taken the right fork
DBG_EAT2: id=4 meals=23
3718 4 has put down the right fork
3718 4 has put down the left fork
3718 4 is sleeping
3718 3 has taken the left fork
3718 3 is eating
DBG_EAT: id=3 time_last_meal=3718
3755 5 is thinking
3755 5 has taken the right fork
DBG_EAT2: id=1 meals=24
3755 1 has put down the left fork
3755 1 has put down the right fork
3756 1 is sleeping
3756 5 has taken the left fork
3756 5 is eating
DBG_EAT: id=5 time_last_meal=3756
DBG_EAT2: id=3 meals=24
3778 3 has put down the left fork
3778 3 has put down the right fork
3778 3 is sleeping
3778 2 is thinking
3778 2 has taken the left fork
3778 2 has taken the right fork
3778 2 is eating
DBG_EAT: id=2 time_last_meal=3778
DBG_EAT2: id=5 meals=24
3816 5 has put down the left fork
3816 5 has put down the right fork
3816 5 is sleeping
3818 4 is thinking
3818 4 has taken the left fork
3818 4 has taken the right fork
3818 4 is eating
DBG_EAT: id=4 time_last_meal=3818
DBG_EAT2: id=2 meals=24
3839 2 has put down the right fork
3839 2 has put down the left fork
3839 2 is sleeping
3856 1 is thinking
3856 1 has taken the right fork
3856 1 has taken the left fork
3856 1 is eating
DBG_EAT: id=1 time_last_meal=3856
DBG_EAT2: id=4 meals=24
3878 4 has put down the right fork
3878 4 has put down the left fork
3878 4 is sleeping
3878 3 is thinking
3878 3 has taken the right fork
3878 3 has taken the left fork
3878 3 is eating
DBG_EAT: id=3 time_last_meal=3878
DBG_EAT2: id=1 meals=25
3916 1 has put down the left fork
3916 1 has put down the right fork
3916 5 is thinking
3916 5 has taken the right fork
3916 5 has taken the left fork
3916 5 is eating
DBG_EAT: id=5 time_last_meal=3916
3916 1 is sleeping
DBG_EAT2: id=3 meals=25
3939 3 has put down the left fork
3939 3 has put down the right fork
3939 3 is sleeping
3939 2 is thinking
3939 2 has taken the left fork
3939 2 has taken the right fork
3939 2 is eating
DBG_EAT: id=2 time_last_meal=3939
DBG_EAT2: id=5 meals=25
3976 5 has put down the left fork
3976 5 has put down the right fork
3976 5 is sleeping
3979 4 is thinking
3979 4 has taken the left fork
3979 4 has taken the right fork
3979 4 is eating
DBG_EAT: id=4 time_last_meal=3979
DBG_EAT2: id=2 meals=25
3999 2 has put down the right fork
3999 2 has put down the left fork
3999 2 is sleeping
4016 1 is thinking
4016 1 has taken the right fork
4016 1 has taken the left fork
4016 1 is eating
DBG_EAT: id=1 time_last_meal=4016
DBG_EAT2: id=4 meals=25
4039 4 has put down the right fork
4039 4 has put down the left fork
4039 3 is thinking
4039 3 has taken the right fork
4039 3 has taken the left fork
4039 3 is eating
DBG_EAT: id=3 time_last_meal=4039
4039 4 is sleeping
4076 5 is thinking
4076 5 has taken the right fork
DBG_EAT2: id=1 meals=26
4077 1 has put down the left fork
4077 1 has put down the right fork
4077 5 has taken the left fork
4077 1 is sleeping
4077 5 is eating
DBG_EAT: id=5 time_last_meal=4077
4100 2 is thinking
DBG_EAT2: id=3 meals=26
4100 3 has put down the left fork
4100 3 has put down the right fork
4100 3 is sleeping
4100 2 has taken the left fork
4100 2 has taken the right fork
4100 2 is eating
DBG_EAT: id=2 time_last_meal=4100
DBG_EAT2: id=5 meals=26
4137 5 has put down the left fork
4137 5 has put down the right fork
4137 5 is sleeping
4139 4 is thinking
4140 4 has taken the left fork
4140 4 has taken the right fork
4140 4 is eating
DBG_EAT: id=4 time_last_meal=4140
DBG_EAT2: id=2 meals=26
4160 2 has put down the right fork
4160 2 has put down the left fork
4160 2 is sleeping
4177 1 is thinking
4177 1 has taken the right fork
4177 1 has taken the left fork
4177 1 is eating
DBG_EAT: id=1 time_last_meal=4177
DBG_EAT2: id=4 meals=26
4200 4 has put down the right fork
4200 4 has put down the left fork
4200 4 is sleeping
4200 3 is thinking
4200 3 has taken the right fork
4200 3 has taken the left fork
4200 3 is eating
DBG_EAT: id=3 time_last_meal=4200
DBG_EAT2: id=1 meals=27
4237 1 has put down the left fork
4237 1 has put down the right fork
4237 1 is sleeping
4237 5 is thinking
4237 5 has taken the right fork
4237 5 has taken the left fork
4237 5 is eating
DBG_EAT: id=5 time_last_meal=4237
DBG_EAT2: id=3 meals=27
4260 3 has put down the left fork
4260 3 has put down the right fork
4260 3 is sleeping
4260 2 is thinking
4261 2 has taken the left fork
4261 2 has taken the right fork
4261 2 is eating
DBG_EAT: id=2 time_last_meal=4261
DBG_EAT2: id=5 meals=27
4298 5 has put down the left fork
4298 5 has put down the right fork
4298 5 is sleeping
4300 4 is thinking
4300 4 has taken the left fork
4300 4 has taken the right fork
4300 4 is eating
DBG_EAT: id=4 time_last_meal=4300
DBG_EAT2: id=2 meals=27
4321 2 has put down the right fork
4321 2 has put down the left fork
4321 2 is sleeping
4337 1 is thinking
4337 1 has taken the right fork
4337 1 has taken the left fork
4337 1 is eating
DBG_EAT: id=1 time_last_meal=4337
DBG_EAT2: id=4 meals=27
4360 4 has put down the right fork
4360 4 has put down the left fork
4360 3 is thinking
4360 3 has taken the right fork
4360 3 has taken the left fork
4360 3 is eating
DBG_EAT: id=3 time_last_meal=4360
4361 4 is sleeping
DBG_EAT2: id=1 meals=28
4398 1 has put down the left fork
4398 1 has put down the right fork
4398 5 is thinking
4398 5 has taken the right fork
4398 5 has taken the left fork
4398 5 is eating
DBG_EAT: id=5 time_last_meal=4398
4398 1 is sleeping
DBG_EAT2: id=3 meals=28
4421 3 has put down the left fork
4421 3 has put down the right fork
4421 3 is sleeping
4421 2 is thinking
4421 2 has taken the left fork
4421 2 has taken the right fork
4421 2 is eating
DBG_EAT: id=2 time_last_meal=4421
DBG_EAT2: id=5 meals=28
4458 5 has put down the left fork
4458 5 has put down the right fork
4458 5 is sleeping
4461 4 is thinking
4461 4 has taken the left fork
4461 4 has taken the right fork
4461 4 is eating
DBG_EAT: id=4 time_last_meal=4461
DBG_EAT2: id=2 meals=28
4482 2 has put down the right fork
4482 2 has put down the left fork
4482 2 is sleeping
4498 1 is thinking
4498 1 has taken the right fork
4498 1 has taken the left fork
4498 1 is eating
DBG_EAT: id=1 time_last_meal=4498
DBG_EAT2: id=4 meals=28
4521 4 has put down the right fork
4521 4 has put down the left fork
4521 4 is sleeping
4521 3 is thinking
4521 3 has taken the right fork
4521 3 has taken the left fork
4521 3 is eating
DBG_EAT: id=3 time_last_meal=4521
DBG_EAT2: id=1 meals=29
4558 1 has put down the left fork
4558 1 has put down the right fork
4558 5 is thinking
4558 5 has taken the right fork
4558 5 has taken the left fork
4558 5 is eating
DBG_EAT: id=5 time_last_meal=4558
4558 1 is sleeping
DBG_EAT2: id=3 meals=29
4582 3 has put down the left fork
4582 3 has put down the right fork
4582 3 is sleeping
4582 2 is thinking
4582 2 has taken the left fork
4582 2 has taken the right fork
4582 2 is eating
DBG_EAT: id=2 time_last_meal=4582
DBG_EAT2: id=5 meals=29
4619 5 has put down the left fork
4619 5 has put down the right fork
4619 5 is sleeping
4621 4 is thinking
4622 4 has taken the left fork
4622 4 has taken the right fork
4622 4 is eating
DBG_EAT: id=4 time_last_meal=4622
DBG_EAT2: id=2 meals=29
4642 2 has put down the right fork
4642 2 has put down the left fork
4642 2 is sleeping
4659 1 is thinking
4659 1 has taken the right fork
4659 1 has taken the left fork
4659 1 is eating
DBG_EAT: id=1 time_last_meal=4659
4682 3 is thinking
4682 3 has taken the right fork
DBG_EAT2: id=4 meals=29
4682 4 has put down the right fork
4682 4 has put down the left fork
4682 3 has taken the left fork
4682 3 is eating
DBG_EAT: id=3 time_last_meal=4682
4682 4 is sleeping
DBG_EAT2: id=1 meals=30
4719 1 has put down the left fork
4719 1 has put down the right fork
4719 5 is thinking
4719 5 has taken the right fork
4719 5 has taken the left fork
4719 5 is eating
DBG_EAT: id=5 time_last_meal=4719
4719 1 is sleeping
DBG_EAT2: id=3 meals=30
4742 3 has put down the left fork
4742 3 has put down the right fork
4742 3 is sleeping
4743 2 is thinking
4743 2 has taken the left fork
4743 2 has taken the right fork
4743 2 is eating
DBG_EAT: id=2 time_last_meal=4743
DBG_EAT2: id=5 meals=30
4779 5 has put down the left fork
4779 5 has put down the right fork
4779 5 is sleeping
4782 4 is thinking
4782 4 has taken the left fork
4782 4 has taken the right fork
4782 4 is eating
DBG_EAT: id=4 time_last_meal=4782
DBG_EAT2: id=2 meals=30
4803 2 has put down the right fork
4803 2 has put down the left fork
4803 2 is sleeping
4819 1 is thinking
4819 1 has taken the right fork
4819 1 has taken the left fork
4819 1 is eating
DBG_EAT: id=1 time_last_meal=4819
DBG_EAT2: id=4 meals=30
4843 4 has put down the right fork
4843 4 has put down the left fork
4843 3 is thinki