DBG_INIT: meal_mutex init for philo 1
DBG_INIT: meal_mutex init for philo 2
DBG_INIT: meal_mutex init for philo 3
DBG_INIT: meal_mutex init for philo 4
DBG: init philo[1].time_last_meal=0
DBG: init philo[2].time_last_meal=0
DBG: init philo[3].time_last_meal=0
DBG: init philo[4].time_last_meal=0
1 1 has taken the right fork
1 1 has taken the left fork
1 1 is eating
DBG_EAT: id=1 time_last_meal=1
1 3 has taken the right fork
1 3 has taken the left fork
1 3 is eating
DBG_EAT: id=3 time_last_meal=1
DBG: start_time=1758386875512
DBG_EAT2: id=1 meals=1
101 1 has put down the left fork
101 1 has put down the right fork
101 1 is sleeping
101 4 has taken the left fork
DBG_EAT2: id=3 meals=1
101 3 has put down the left fork
101 3 has put down the right fork
101 3 is sleeping
101 2 has taken the left fork
101 2 has taken the right fork
101 2 is eating
DBG_EAT: id=2 time_last_meal=101
101 4 has taken the right fork
101 4 is eating
DBG_EAT: id=4 time_last_meal=101
161 1 is thinking
161 3 is thinking
DBG_EAT2: id=2 meals=1
201 2 has put down the right fork
DBG_EAT2: id=4 meals=1
201 4 has put down the right fork
201 2 has put down the left fork
201 2 is sleeping
201 4 has put down the left fork
201 4 is sleeping
201 1 has taken the right fork
201 1 has taken the left fork
201 1 is eating
DBG_EAT: id=1 time_last_meal=201
201 3 has taken the right fork
201 3 has taken the left fork
201 3 is eating
DBG_EAT: id=3 time_last_meal=201
261 2 is thinking
261 4 is thinking
DBG_EAT2: id=1 meals=2
301 1 has put down the left fork
DBG_EAT2: id=3 meals=2
301 3 has put down the left fork
301 1 has put down the right fork
301 3 has put down the right fork
301 3 is sleeping
301 1 is sleeping
301 2 has taken the left fork
301 2 has taken the right fork
301 2 is eating
DBG_EAT: id=2 time_last_meal=301
301 4 has taken the left fork
301 4 has taken the right fork
301 4 is eating
DBG_EAT: id=4 time_last_meal=301
361 1 is thinking
361 3 is thinking
DBG_EAT2: id=2 meals=2
401 2 has put down the right fork
DBG_EAT2: id=4 meals=2
401 4 has put down the right fork
401 2 has put down the left fork
401 4 has put down the left fork
401 4 is sleeping
401 2 is sleeping
401 3 has taken the right fork
401 3 has taken the left fork
401 3 is eating
DBG_EAT: id=3 time_last_meal=401
401 1 has taken the right fork
401 1 has taken the left fork
401 1 is eating
DBG_EAT: id=1 time_last_meal=401
461 2 is thinking
461 4 is thinking
DBG_EAT2: id=3 meals=3
502 3 has put down the left fork
DBG_EAT2: id=1 meals=3
502 1 has put down the left fork
502 3 has put down the right fork
502 3 is sleeping
502 1 has put down the right fork
502 1 is sleeping
502 4 has taken the left fork
502 4 has taken the right fork
502 4 is eating
DBG_EAT: id=4 time_last_meal=502
502 2 has taken the left fork
502 2 has taken the right fork
502 2 is eating
DBG_EAT: id=2 time_last_meal=502
562 3 is thinking
562 1 is thinking
DBG_EAT2: id=4 meals=3
602 4 has put down the right fork
DBG_EAT2: id=2 meals=3
602 2 has put down the right fork
602 4 has put down the left fork
602 2 has put down the left fork
602 4 is sleeping
602 2 is sleeping
602 3 has taken the right fork
602 3 has taken the left fork
602 3 is eating
DBG_EAT: id=3 time_last_meal=602
602 1 has taken the right fork
602 1 has taken the left fork
602 1 is eating
DBG_EAT: id=1 time_last_meal=602
662 4 is thinking
662 2 is thinking
DBG_EAT2: id=3 meals=4
702 3 has put down the left fork
702 3 has put down the right fork
DBG_EAT2: id=1 meals=4
702 1 has put down the left fork
702 3 is sleeping
702 1 has put down the right fork
702 1 is sleeping
702 4 has taken the left fork
702 4 has taken the right fork
702 4 is eating
DBG_EAT: id=4 time_last_meal=702
702 2 has taken the left fork
702 2 has taken the right fork
702 2 is eating
DBG_EAT: id=2 time_last_meal=702
762 3 is thinking
762 1 is thinking
DBG_EAT2: id=2 meals=4
802 2 has put down the right fork
802 2 has put down the left fork
DBG_EAT2: id=4 meals=4
802 4 has put down the right fork
802 2 is sleeping
802 3 has taken the right fork
802 3 has taken the left fork
802 3 is eating
DBG_EAT: id=3 time_last_meal=802
802 4 has put down the left fork
802 4 is sleeping
802 1 has taken the right fork
802 1 has taken the left fork
802 1 is eating
DBG_EAT: id=1 time_last_meal=802
862 2 is thinking
862 4 is thinking
DBG_EAT2: id=3 meals=5
902 3 has put down the left fork
902 3 has put down the right fork
902 3 is sleeping
902 2 has taken the left fork
DBG_EAT2: id=1 meals=5
902 1 has put down the left fork
902 1 has put down the right fork
902 1 is sleeping
903 2 has taken the right fork
903 2 is eating
DBG_EAT: id=2 time_last_meal=903
903 4 has taken the left fork
903 4 has taken the right fork
903 4 is eating
DBG_EAT: id=4 time_last_meal=903
962 3 is thinking
963 1 is thinking
DBG_EAT2: id=2 meals=5
1003 2 has put down the right fork
1003 2 has put down the left fork
DBG_EAT2: id=4 meals=5
1003 4 has put down the right fork
1003 2 is sleeping
1003 4 has put down the left fork
1003 4 is sleeping
1003 All philosophers ate enough
