DBG_INIT: meal_mutex init for philo 1
DBG_INIT: meal_mutex init for philo 2
DBG_INIT: meal_mutex init for philo 3
DBG: init philo[1].time_last_meal=0
DBG: init philo[2].time_last_meal=0
DBG: init philo[3].time_last_meal=0
0 1 has taken the right fork
0 1 has taken the left fork
0 1 is eating
DBG_EAT: id=1 time_last_meal=0
0 3 has taken the right fork
DBG: start_time=1758386634408
DBG_EAT2: id=1 meals=1
61 1 has put down the left fork
61 1 has put down the right fork
61 1 is sleeping
61 3 has taken the left fork
61 3 is eating
DBG_EAT: id=3 time_last_meal=61
DBG_EAT2: id=3 meals=1
123 3 has put down the left fork
123 3 has put down the right fork
123 3 is sleeping
123 2 has taken the left fork
123 2 has taken the right fork
123 2 is eating
DBG_EAT: id=2 time_last_meal=123
164 1 is thinking
164 1 has taken the right fork
DBG_EAT2: id=2 meals=1
185 2 has put down the right fork
185 2 has put down the left fork
185 2 is sleeping
185 1 has taken the left fork
185 1 is eating
DBG_EAT: id=1 time_last_meal=185
226 3 is thinking
226 3 has taken the right fork
DBG_EAT2: id=1 meals=2
247 1 has put down the left fork
247 1 has put down the right fork
247 1 is sleeping
247 3 has taken the left fork
247 3 is eating
DBG_EAT: id=3 time_last_meal=247
288 2 is thinking
DBG_EAT2: id=3 meals=2
309 3 has put down the left fork
309 3 has put down the right fork
309 3 is sleeping
309 2 has taken the left fork
309 2 has taken the right fork
309 2 is eating
DBG_EAT: id=2 time_last_meal=309
350 1 is thinking
350 1 has taken the right fork
DBG_EAT2: id=2 meals=2
371 2 has put down the right fork
371 2 has put down the left fork
371 2 is sleeping
371 1 has taken the left fork
371 1 is eating
DBG_EAT: id=1 time_last_meal=371
371 All philosophers ate enough
DBG_EAT2: id=1 meals=3
