DBG_INIT: meal_mutex init for philo 1
DBG_INIT: meal_mutex init for philo 2
DBG_INIT: meal_mutex init for philo 3
DBG_INIT: meal_mutex init for philo 4
DBG_INIT: meal_mutex init for philo 5
DBG: init philo[1].time_last_meal=0
DBG: init philo[2].time_last_meal=0
DBG: init philo[3].time_last_meal=0
DBG: init philo[4].time_last_meal=0
DBG: init philo[5].time_last_meal=0
0 1 has taken the right fork
0 1 has taken the left fork
0 1 is eating
DBG_EAT: id=1 time_last_meal=0
1 3 has taken the right fork
1 3 has taken the left fork
1 3 is eating
DBG_EAT: id=3 time_last_meal=1
1 4 has taken the left fork
DBG: start_time=1758387683103
DBG_EAT2: id=1 meals=1
61 1 has put down the left fork
61 1 has put down the right fork
61 1 is sleeping
DBG_EAT2: id=3 meals=1
61 3 has put down the left fork
61 4 has taken the right fork
61 4 is eating
DBG_EAT: id=4 time_last_meal=61
61 3 has put down the right fork
61 3 is sleeping
61 2 has taken the left fork
61 2 has taken the right fork
61 2 is eating
DBG_EAT: id=2 time_last_meal=61
DBG_EAT2: id=2 meals=1
121 2 has put down the right fork
121 2 has put down the left fork
121 2 is sleeping
121 3 is thinking
121 3 has taken the right fork
121 1 is thinking
121 1 has taken the right fork
121 1 has taken the left fork
121 1 is eating
DBG_EAT: id=1 time_last_meal=121
DBG_EAT2: id=4 meals=1
121 4 has put down the right fork
122 4 has put down the left fork
122 4 is sleeping
122 3 has taken the left fork
122 3 is eating
DBG_EAT: id=3 time_last_meal=122
122 5 has taken the right fork
DBG_EAT2: id=1 meals=2
182 1 has put down the left fork
182 1 has put down the right fork
182 2 is thinking
182 1 is sleeping
182 4 is thinking
182 5 has taken the left fork
182 5 is eating
DBG_EAT: id=5 time_last_meal=182
DBG_EAT2: id=3 meals=2
182 3 has put down the left fork
182 3 has put down the right fork
182 2 has taken the left fork
182 2 has taken the right fork
182 2 is eating
DBG_EAT: id=2 time_last_meal=182
182 3 is sleeping
DBG_EAT2: id=2 meals=2
242 3 is thinking
242 2 has put down the right fork
242 2 has put down the left fork
242 2 is sleeping
242 3 has taken the right fork
242 3 has taken the left fork
242 3 is eating
DBG_EAT: id=3 time_last_meal=242
DBG_EAT2: id=5 meals=1
242 5 has put down the left fork
242 1 is thinking
242 1 has taken the right fork
242 1 has taken the left fork
242 1 is eating
DBG_EAT: id=1 time_last_meal=242
242 5 has put down the right fork
242 4 has taken the left fork
242 5 is sleeping
DBG_EAT2: id=3 meals=3
302 3 has put down the left fork
302 3 has put down the right fork
302 3 is sleeping
DBG_EAT2: id=1 meals=3
302 4 has taken the right fork
302 4 is eating
DBG_EAT: id=4 time_last_meal=302
302 1 has put down the left fork
302 1 has put down the right fork
302 5 is thinking
302 1 is sleeping
303 2 is thinking
303 2 has taken the left fork
303 2 has taken the right fork
303 2 is eating
DBG_EAT: id=2 time_last_meal=303
DBG_EAT2: id=4 meals=2
363 4 has put down the right fork
363 1 is thinking
363 4 has put down the left fork
363 1 has taken the right fork
363 3 is thinking
363 4 is sleeping
363 5 has taken the right fork
DBG_EAT2: id=2 meals=3
363 2 has put down the right fork
363 2 has put down the left fork
363 2 is sleeping
363 1 has taken the left fork
363 1 is eating
DBG_EAT: id=1 time_last_meal=363
363 3 has taken the right fork
363 3 has taken the left fork
363 3 is eating
DBG_EAT: id=3 time_last_meal=363
DBG_EAT2: id=1 meals=4
423 1 has put down the left fork
423 1 has put down the right fork
423 4 is thinking
423 1 is sleeping
423 2 is thinking
DBG_EAT2: id=3 meals=4
423 3 has put down the left fork
423 3 has put down the right fork
423 3 is sleeping
423 5 has taken the left fork
423 5 is eating
DBG_EAT: id=5 time_last_meal=423
423 2 has taken the left fork
423 2 has taken the right fork
423 2 is eating
DBG_EAT: id=2 time_last_meal=423
484 1 is thinking
DBG_EAT2: id=5 meals=2
484 5 has put down the left fork
484 3 is thinking
484 5 has put down the right fork
484 1 has taken the right fork
484 5 is sleeping
DBG_EAT2: id=2 meals=4
484 4 has taken the left fork
484 4 has taken the right fork
484 4 is eating
DBG_EAT: id=4 time_last_meal=484
484 2 has put down the right fork
484 2 has put down the left fork
484 1 has taken the left fork
484 1 is eating
DBG_EAT: id=1 time_last_meal=484
484 2 is sleeping
485 3 has taken the right fork
544 5 is thinking
DBG_EAT2: id=4 meals=3
544 4 has put down the right fork
DBG_EAT2: id=1 meals=5
545 4 has put down the left fork
545 1 has put down the left fork
545 1 has put down the right fork
545 1 is sleeping
545 2 is thinking
545 3 has taken the left fork
545 4 is sleeping
545 5 has taken the right fork
545 5 has taken the left fork
545 5 is eating
DBG_EAT: id=5 time_last_meal=545
545 3 is eating
DBG_EAT: id=3 time_last_meal=545
605 1 is thinking
DBG_EAT2: id=3 meals=5
605 3 has put down the left fork
605 4 is thinking
605 3 has put down the right fork
605 3 is sleeping
605 2 has taken the left fork
605 2 has taken the right fork
605 2 is eating
DBG_EAT: id=2 time_last_meal=605
DBG_EAT2: id=5 meals=3
605 5 has put down the left fork
605 5 has put down the right fork
605 4 has taken the left fork
605 4 has taken the right fork
605 4 is eating
DBG_EAT: id=4 time_last_meal=605
605 5 is sleeping
605 1 has taken the right fork
DBG_EAT2: id=2 meals=5
DBG_EAT2: id=4 meals=4
665 2 has put down the right fork
666 2 has put down the left fork
666 4 has put down the right fork
666 4 has put down the left fork
666 4 is sleeping
666 1 has taken the left fork
666 1 is eating
DBG_EAT: id=1 time_last_meal=666
666 2 is sleeping
666 3 is thinking
666 3 has taken the right fork
666 3 has taken the left fork
666 3 is eating
DBG_EAT: id=3 time_last_meal=666
666 5 is thinking
666 5 has taken the right fork
DBG_EAT2: id=1 meals=6
726 4 is thinking
726 1 has put down the left fork
726 2 is thinking
DBG_EAT2: id=3 meals=6
726 3 has put down the left fork
726 3 has put down the right fork
726 3 is sleeping
726 1 has put down the right fork
726 1 is sleeping
726 5 has taken the left fork
726 5 is eating
DBG_EAT: id=5 time_last_meal=726
726 2 has taken the left fork
726 2 has taken the right fork
726 2 is eating
DBG_EAT: id=2 time_last_meal=726
DBG_EAT2: id=2 meals=6
786 3 is thinking
786 2 has put down the right fork
786 3 has taken the right fork
786 3 has taken the left fork
786 3 is eating
DBG_EAT: id=3 time_last_meal=786
786 2 has put down the left fork
786 2 is sleeping
DBG_EAT2: id=5 meals=4
786 5 has put down the left fork
786 1 is thinking
786 1 has taken the right fork
786 1 has taken the left fork
786 1 is eating
DBG_EAT: id=1 time_last_meal=786
786 5 has put down the right fork
786 5 is sleeping
786 4 has taken the left fork
DBG_EAT2: id=1 meals=7
847 5 is thinking
847 1 has put down the left fork
847 1 has put down the right fork
847 2 is thinking
DBG_EAT2: id=3 meals=7
847 1 is sleeping
847 3 has put down the left fork
847 3 has put down the right fork
847 3 is sleeping
847 4 has taken the right fork
847 4 is eating
DBG_EAT: id=4 time_last_meal=847
847 2 has taken the left fork
847 2 has taken the right fork
847 2 is eating
DBG_EAT: id=2 time_last_meal=847
DBG_EAT2: id=2 meals=7
907 2 has put down the right fork
907 2 has put down the left fork
907 1 is thinking
907 2 is sleeping
907 1 has taken the right fork
907 1 has taken the left fork
907 1 is eating
DBG_EAT: id=1 time_last_meal=907
DBG_EAT2: id=4 meals=5
907 4 has put down the right fork
907 4 has put down the left fork
907 3 is thinking
907 3 has taken the right fork
907 3 has taken the left fork
907 3 is eating
DBG_EAT: id=3 time_last_meal=907
907 4 is sleeping
908 5 has taken the right fork
DBG_EAT2: id=1 meals=8
968 1 has put down the left fork
968 2 is thinking
968 1 has put down the right fork
DBG_EAT2: id=3 meals=8
968 3 has put down the left fork
968 3 has put down the right fork
968 3 is sleeping
968 5 has taken the left fork
968 1 is sleeping
968 4 is thinking
968 2 has taken the left fork
968 2 has taken the right fork
968 5 is eating
DBG_EAT: id=5 time_last_meal=968
968 2 is eating
DBG_EAT: id=2 time_last_meal=968
DBG_EAT2: id=5 meals=5
1028 3 is thinking
1028 5 has put down the left fork
DBG_EAT2: id=2 meals=8
1028 2 has put down the right fork
1028 1 is thinking
1028 1 has taken the right fork
1028 1 has taken the left fork
1028 1 is eating
DBG_EAT: id=1 time_last_meal=1028
1028 3 has taken the right fork
1028 3 has taken the left fork
1028 3 is eating
DBG_EAT: id=3 time_last_meal=1028
1028 5 has put down the right fork
1029 5 is sleeping
1029 4 has taken the left fork
1029 All philosophers ate enough
DBG_EAT2: id=3 meals=9
DBG_EAT2: id=1 meals=9
