DBG_INIT: meal_mutex init for philo 1
DBG_INIT: meal_mutex init for philo 2
DBG_INIT: meal_mutex init for philo 3
DBG_INIT: meal_mutex init for philo 4
DBG_INIT: meal_mutex init for philo 5
DBG: init philo[1].time_last_meal=0
DBG: init philo[2].time_last_meal=0
DBG: init philo[3].time_last_meal=0
DBG: init philo[4].time_last_meal=0
DBG: init philo[5].time_last_meal=0
1 1 has taken the right fork
1 1 has taken the left fork
1 1 is eating
DBG_EAT: id=1 time_last_meal=1
1 3 has taken the right fork
1 3 has taken the left fork
1 3 is eating
DBG_EAT: id=3 time_last_meal=1
1 5 has taken the right fork
DBG: start_time=1758387682494
DBG_EAT2: id=1 meals=1
61 1 has put down the left fork
61 1 has put down the right fork
DBG_EAT2: id=3 meals=1
61 3 has put down the left fork
61 1 is sleeping
61 3 has put down the right fork
61 3 is sleeping
61 5 has taken the left fork
61 5 is eating
DBG_EAT: id=5 time_last_meal=61
61 2 has taken the left fork
61 2 has taken the right fork
61 2 is eating
DBG_EAT: id=2 time_last_meal=61
122 3 is thinking
122 1 is thinking
DBG_EAT2: id=5 meals=1
122 5 has put down the left fork
122 5 has put down the right fork
DBG_EAT2: id=2 meals=1
122 2 has put down the right fork
122 1 has taken the right fork
122 1 has taken the left fork
122 1 is eating
DBG_EAT: id=1 time_last_meal=122
122 5 is sleeping
122 2 has put down the left fork
122 2 is sleeping
122 4 has taken the left fork
122 4 has taken the right fork
122 4 is eating
DBG_EAT: id=4 time_last_meal=122
122 3 has taken the right fork
DBG_EAT2: id=1 meals=2
182 5 is thinking
182 1 has put down the left fork
182 1 has put down the right fork
DBG_EAT2: id=4 meals=1
182 2 is thinking
182 1 is sleeping
182 4 has put down the right fork
183 4 has put down the left fork
183 3 has taken the left fork
183 3 is eating
DBG_EAT: id=3 time_last_meal=183
183 4 is sleeping
183 5 has taken the right fork
183 5 has taken the left fork
183 5 is eating
DBG_EAT: id=5 time_last_meal=183
DBG_EAT2: id=5 meals=2
DBG_EAT2: id=3 meals=2
243 5 has put down the left fork
243 5 has put down the right fork
243 5 is sleeping
243 3 has put down the left fork
243 1 is thinking
243 1 has taken the right fork
243 1 has taken the left fork
243 1 is eating
DBG_EAT: id=1 time_last_meal=243
243 4 is thinking
243 3 has put down the right fork
243 2 has taken the left fork
243 3 is sleeping
243 4 has taken the left fork
243 4 has taken the right fork
243 4 is eating
DBG_EAT: id=4 time_last_meal=243
DBG_EAT2: id=1 meals=3
303 3 is thinking
303 1 has put down the left fork
303 1 has put down the right fork
DBG_EAT2: id=4 meals=2
303 4 has put down the right fork
303 4 has put down the left fork
303 4 is sleeping
303 5 is thinking
303 5 has taken the right fork
303 5 has taken the left fork
303 5 is eating
DBG_EAT: id=5 time_last_meal=303
303 2 has taken the right fork
303 2 is eating
DBG_EAT: id=2 time_last_meal=303
303 1 is sleeping
DBG_EAT2: id=5 meals=3
364 1 is thinking
364 5 has put down the left fork
364 4 is thinking
364 1 has taken the right fork
364 5 has put down the right fork
DBG_EAT2: id=2 meals=2
364 5 is sleeping
364 2 has put down the right fork
364 2 has put down the left fork
364 2 is sleeping
364 4 has taken the left fork
364 4 has taken the right fork
364 4 is eating
DBG_EAT: id=4 time_last_meal=364
364 1 has taken the left fork
364 1 is eating
DBG_EAT: id=1 time_last_meal=364
364 3 has taken the right fork
424 5 is thinking
DBG_EAT2: id=4 meals=3
424 4 has put down the right fork
424 2 is thinking
424 4 has put down the left fork
424 4 is sleeping
424 3 has taken the left fork
424 3 is eating
DBG_EAT: id=3 time_last_meal=424
DBG_EAT2: id=1 meals=4
424 1 has put down the left fork
424 1 has put down the right fork
424 5 has taken the right fork
424 5 has taken the left fork
424 5 is eating
DBG_EAT: id=5 time_last_meal=424
424 1 is sleeping
484 4 is thinking
484 1 is thinking
DBG_EAT2: id=3 meals=3
484 3 has put down the left fork
484 3 has put down the right fork
484 2 has taken the left fork
484 2 has taken the right fork
484 2 is eating
DBG_EAT: id=2 time_last_meal=484
DBG_EAT2: id=5 meals=4
484 5 has put down the left fork
484 3 is sleeping
484 1 has taken the right fork
484 5 has put down the right fork
484 5 is sleeping
484 4 has taken the left fork
484 4 has taken the right fork
484 4 is eating
DBG_EAT: id=4 time_last_meal=484
DBG_EAT2: id=2 meals=3
544 2 has put down the right fork
544 2 has put down the left fork
544 1 has taken the left fork
544 2 is sleeping
544 1 is eating
DBG_EAT: id=1 time_last_meal=544
544 3 is thinking
544 3 has taken the right fork
544 5 is thinking
DBG_EAT2: id=4 meals=4
544 4 has put down the right fork
545 4 has put down the left fork
545 4 is sleeping
545 3 has taken the left fork
545 3 is eating
DBG_EAT: id=3 time_last_meal=545
545 5 has taken the right fork
545 All philosophers ate enough
DBG_EAT2: id=1 meals=5
DBG_EAT2: id=3 meals=4
