DBG_INIT: meal_mutex init for philo 1
DBG_INIT: meal_mutex init for philo 2
DBG_INIT: meal_mutex init for philo 3
DBG: init philo[1].time_last_meal=0
DBG: init philo[2].time_last_meal=0
DBG: init philo[3].time_last_meal=0
0 1 has taken the right fork
0 1 has taken the left fork
0 1 is eating
DBG_EAT: id=1 time_last_meal=0
0 2 has taken the left fork
DBG: start_time=1758386477593
DBG_EAT2: id=1 meals=1
60 1 has put down the left fork
60 1 has put down the right fork
60 1 is sleeping
60 2 has taken the right fork
60 2 is eating
DBG_EAT: id=2 time_last_meal=60
DBG_EAT2: id=2 meals=1
120 2 has put down the right fork
120 2 has put down the left fork
120 2 is sleeping
121 3 has taken the right fork
121 3 has taken the left fork
121 3 is eating
DBG_EAT: id=3 time_last_meal=121
160 1 is thinking
DBG_EAT2: id=3 meals=1
181 3 has put down the left fork
181 3 has put down the right fork
181 3 is sleeping
181 1 has taken the right fork
181 1 has taken the left fork
181 1 is eating
DBG_EAT: id=1 time_last_meal=181
221 2 is thinking
221 2 has taken the left fork
DBG_EAT2: id=1 meals=2
241 1 has put down the left fork
241 1 has put down the right fork
241 1 is sleeping
241 2 has taken the right fork
241 2 is eating
DBG_EAT: id=2 time_last_meal=241
281 3 is thinking
DBG_EAT2: id=2 meals=2
301 2 has put down the right fork
301 2 has put down the left fork
301 2 is sleeping
301 3 has taken the right fork
301 3 has taken the left fork
301 3 is eating
DBG_EAT: id=3 time_last_meal=301
341 1 is thinking
DBG_EAT2: id=3 meals=2
361 3 has put down the left fork
361 3 has put down the right fork
361 3 is sleeping
361 1 has taken the right fork
361 1 has taken the left fork
361 1 is eating
DBG_EAT: id=1 time_last_meal=361
401 2 is thinking
401 2 has taken the left fork
DBG_EAT2: id=1 meals=3
421 1 has put down the left fork
421 1 has put down the right fork
421 1 is sleeping
421 2 has taken the right fork
421 2 is eating
DBG_EAT: id=2 time_last_meal=421
461 3 is thinking
DBG_EAT2: id=2 meals=3
481 2 has put down the right fork
482 2 has put down the left fork
482 2 is sleeping
482 3 has taken the right fork
482 3 has taken the left fork
482 3 is eating
DBG_EAT: id=3 time_last_meal=482
521 1 is thinking
DBG_EAT2: id=3 meals=3
542 3 has put down the left fork
542 3 has put down the right fork
542 1 has taken the right fork
542 1 has taken the left fork
542 1 is eating
DBG_EAT: id=1 time_last_meal=542
542 3 is sleeping
582 2 is thinking
582 2 has taken the left fork
DBG_EAT2: id=1 meals=4
602 1 has put down the left fork
602 1 has put down the right fork
602 1 is sleeping
602 2 has taken the right fork
602 2 is eating
DBG_EAT: id=2 time_last_meal=602
642 3 is thinking
DBG_EAT2: id=2 meals=4
662 2 has put down the right fork
662 2 has put down the left fork
662 2 is sleeping
662 3 has taken the right fork
662 3 has taken the left fork
662 3 is eating
DBG_EAT: id=3 time_last_meal=662
702 1 is thinking
DBG_EAT2: id=3 meals=4
722 3 has put down the left fork
722 3 has put down the right fork
722 3 is sleeping
722 1 has taken the right fork
722 1 has taken the left fork
722 1 is eating
DBG_EAT: id=1 time_last_meal=722
762 2 is thinking
762 2 has taken the left fork
DBG_EAT2: id=1 meals=5
782 1 has put down the left fork
782 1 has put down the right fork
782 1 is sleeping
782 2 has taken the right fork
782 2 is eating
DBG_EAT: id=2 time_last_meal=782
822 3 is thinking
DBG_EAT2: id=2 meals=5
842 2 has put down the right fork
842 2 has put down the left fork
842 2 is sleeping
843 3 has taken the right fork
843 3 has taken the left fork
843 3 is eating
DBG_EAT: id=3 time_last_meal=843
882 1 is thinking
DBG_EAT2: id=3 meals=5
903 3 has put down the left fork
903 3 has put down the right fork
903 3 is sleeping
903 1 has taken the right fork
903 1 has taken the left fork
903 1 is eating
DBG_EAT: id=1 time_last_meal=903
903 All philosophers ate enough
DBG_EAT2: id=1 meals=6
