DBG_INIT: meal_mutex init for philo 1
DBG_INIT: meal_mutex init for philo 2
DBG_INIT: meal_mutex init for philo 3
DBG_INIT: meal_mutex init for philo 4
DBG_INIT: meal_mutex init for philo 5
DBG: init philo[1].time_last_meal=0
DBG: init philo[2].time_last_meal=0
DBG: init philo[3].time_last_meal=0
DBG: init philo[4].time_last_meal=0
DBG: init philo[5].time_last_meal=0
1 1 has taken the right fork
1 1 has taken the left fork
1 1 is eating
DBG_EAT: id=1 time_last_meal=1
1 2 has taken the left fork
2 4 has taken the left fork
2 4 has taken the right fork
2 4 is eating
DBG_EAT: id=4 time_last_meal=2
DBG: start_time=1758387444170
DBG_EAT2: id=1 meals=1
61 1 has put down the left fork
61 1 has put down the right fork
61 1 is sleeping
61 2 has taken the right fork
61 2 is eating
DBG_EAT: id=2 time_last_meal=61
DBG_EAT2: id=4 meals=1
62 4 has put down the right fork
62 4 has put down the left fork
62 4 is sleeping
62 5 has taken the right fork
62 5 has taken the left fork
62 5 is eating
DBG_EAT: id=5 time_last_meal=62
DBG_EAT2: id=2 meals=1
121 2 has put down the right fork
121 1 is thinking
121 2 has put down the left fork
121 2 is sleeping
121 3 has taken the right fork
121 3 has taken the left fork
121 3 is eating
DBG_EAT: id=3 time_last_meal=121
DBG_EAT2: id=5 meals=1
123 4 is thinking
123 5 has put down the left fork
123 5 has put down the right fork
123 5 is sleeping
123 1 has taken the right fork
123 1 has taken the left fork
123 1 is eating
DBG_EAT: id=1 time_last_meal=123
123 4 has taken the left fork
DBG_EAT2: id=3 meals=1
182 2 is thinking
182 3 has put down the left fork
182 3 has put down the right fork
182 3 is sleeping
182 4 has taken the right fork
182 4 is eating
DBG_EAT: id=4 time_last_meal=182
182 2 has taken the left fork
DBG_EAT2: id=1 meals=2
183 5 is thinking
183 1 has put down the left fork
183 1 has put down the right fork
183 1 is sleeping
183 2 has taken the right fork
183 2 is eating
DBG_EAT: id=2 time_last_meal=183
DBG_EAT2: id=4 meals=2
242 4 has put down the right fork
242 3 is thinking
242 4 has put down the left fork
242 4 is sleeping
242 5 has taken the right fork
242 5 has taken the left fork
242 5 is eating
DBG_EAT: id=5 time_last_meal=242
DBG_EAT2: id=2 meals=2
243 2 has put down the right fork
243 2 has put down the left fork
243 2 is sleeping
244 1 is thinking
244 3 has taken the right fork
244 3 has taken the left fork
244 3 is eating
DBG_EAT: id=3 time_last_meal=244
DBG_EAT2: id=5 meals=2
302 4 is thinking
302 5 has put down the left fork
302 5 has put down the right fork
302 5 is sleeping
302 1 has taken the right fork
302 1 has taken the left fork
302 1 is eating
DBG_EAT: id=1 time_last_meal=302
303 4 has taken the left fork
304 2 is thinking
DBG_EAT2: id=3 meals=2
304 3 has put down the left fork
304 3 has put down the right fork
304 3 is sleeping
304 2 has taken the left fork
304 4 has taken the right fork
304 4 is eating
DBG_EAT: id=4 time_last_meal=304
363 5 is thinking
DBG_EAT2: id=1 meals=3
363 1 has put down the left fork
363 1 has put down the right fork
363 1 is sleeping
363 2 has taken the right fork
363 2 is eating
DBG_EAT: id=2 time_last_meal=363
364 3 is thinking
DBG_EAT2: id=4 meals=3
364 4 has put down the right fork
364 4 has put down the left fork
364 4 is sleeping
364 5 has taken the right fork
364 5 has taken the left fork
364 5 is eating
DBG_EAT: id=5 time_last_meal=364
DBG_EAT2: id=2 meals=3
423 2 has put down the right fork
423 1 is thinking
423 2 has put down the left fork
423 2 is sleeping
423 3 has taken the right fork
423 3 has taken the left fork
423 3 is eating
DBG_EAT: id=3 time_last_meal=423
424 4 is thinking
DBG_EAT2: id=5 meals=3
424 5 has put down the left fork
424 5 has put down the right fork
424 1 has taken the right fork
424 1 has taken the left fork
424 1 is eating
DBG_EAT: id=1 time_last_meal=424
424 5 is sleeping
424 4 has taken the left fork
DBG_EAT2: id=3 meals=3
483 2 is thinking
483 3 has put down the left fork
483 3 has put down the right fork
484 3 is sleeping
484 4 has taken the right fork
484 4 is eating
DBG_EAT: id=4 time_last_meal=484
484 2 has taken the left fork
485 5 is thinking
DBG_EAT2: id=1 meals=4
485 1 has put down the left fork
485 1 has put down the right fork
485 1 is sleeping
485 2 has taken the right fork
485 2 is eating
DBG_EAT: id=2 time_last_meal=485
544 3 is thinking
DBG_EAT2: id=4 meals=4
544 4 has put down the right fork
544 4 has put down the left fork
544 4 is sleeping
544 5 has taken the right fork
544 5 has taken the left fork
544 5 is eating
DBG_EAT: id=5 time_last_meal=544
545 1 is thinking
DBG_EAT2: id=2 meals=4
545 2 has put down the right fork
545 2 has put down the left fork
545 2 is sleeping
545 3 has taken the right fork
545 3 has taken the left fork
545 3 is eating
DBG_EAT: id=3 time_last_meal=545
DBG_EAT2: id=5 meals=4
604 4 is thinking
604 5 has put down the left fork
604 5 has put down the right fork
604 5 is sleeping
604 1 has taken the right fork
604 1 has taken the left fork
604 1 is eating
DBG_EAT: id=1 time_last_meal=604
604 4 has taken the left fork
605 2 is thinking
DBG_EAT2: id=3 meals=4
605 3 has put down the left fork
605 3 has put down the right fork
605 3 is sleeping
605 4 has taken the right fork
605 4 is eating
DBG_EAT: id=4 time_last_meal=605
606 2 has taken the left fork
DBG_EAT2: id=1 meals=5
665 5 is thinking
665 1 has put down the left fork
665 1 has put down the right fork
665 1 is sleeping
665 2 has taken the right fork
665 2 is eating
DBG_EAT: id=2 time_last_meal=665
DBG_EAT2: id=4 meals=5
666 4 has put down the right fork
666 3 is thinking
666 4 has put down the left fork
666 4 is sleeping
666 5 has taken the right fork
666 5 has taken the left fork
666 5 is eating
DBG_EAT: id=5 time_last_meal=666
DBG_EAT2: id=2 meals=5
725 2 has put down the right fork
725 1 is thinking
725 2 has put down the left fork
725 2 is sleeping
725 3 has taken the right fork
725 3 has taken the left fork
725 3 is eating
DBG_EAT: id=3 time_last_meal=725
726 4 is thinking
DBG_EAT2: id=5 meals=5
726 5 has put down the left fork
726 5 has put down the right fork
726 5 is sleeping
726 1 has taken the right fork
726 1 has taken the left fork
726 1 is eating
DBG_EAT: id=1 time_last_meal=726
727 4 has taken the left fork
785 2 is thinking
DBG_EAT2: id=3 meals=5
785 3 has put down the left fork
785 3 has put down the right fork
785 3 is sleeping
785 4 has taken the right fork
785 4 is eating
DBG_EAT: id=4 time_last_meal=785
785 2 has taken the left fork
786 5 is thinking
DBG_EAT2: id=1 meals=6
786 1 has put down the left fork
786 1 has put down the right fork
786 1 is sleeping
787 2 has taken the right fork
787 2 is eating
DBG_EAT: id=2 time_last_meal=787
846 3 is thinking
DBG_EAT2: id=4 meals=6
846 4 has put down the right fork
846 4 has put down the left fork
846 4 is sleeping
846 5 has taken the right fork
846 5 has taken the left fork
846 5 is eating
DBG_EAT: id=5 time_last_meal=846
847 1 is thinking
DBG_EAT2: id=2 meals=6
847 2 has put down the right fork
847 2 has put down the left fork
847 2 is sleeping
847 3 has taken the right fork
847 3 has taken the left fork
847 3 is eating
DBG_EAT: id=3 time_last_meal=847
DBG_EAT2: id=5 meals=6
906 4 is thinking
906 5 has put down the left fork
906 5 has put down the right fork
906 5 is sleeping
906 1 has taken the right fork
906 1 has taken the left fork
906 1 is eating
DBG_EAT: id=1 time_last_meal=906
906 All philosophers ate enough
DBG_EAT2: id=3 meals=6
DBG_EAT2: id=1 meals=7
