DBG_INIT: meal_mutex init for philo 1
DBG_INIT: meal_mutex init for philo 2
DBG_INIT: meal_mutex init for philo 3
DBG_INIT: meal_mutex init for philo 4
DBG_INIT: meal_mutex init for philo 5
DBG: init philo[1].time_last_meal=0
DBG: init philo[2].time_last_meal=0
DBG: init philo[3].time_last_meal=0
DBG: init philo[4].time_last_meal=0
DBG: init philo[5].time_last_meal=0
1 1 has taken the right fork
1 1 has taken the left fork
1 1 is eating
DBG_EAT: id=1 time_last_meal=1
1 3 has taken the right fork
1 3 has taken the left fork
1 3 is eating
DBG_EAT: id=3 time_last_meal=1
1 5 has taken the right fork
DBG: start_time=1758387880202
DBG_EAT2: id=1 meals=1
101 1 has put down the left fork
101 1 has put down the right fork
101 5 has taken the left fork
101 5 is eating
DBG_EAT: id=5 time_last_meal=101
101 1 is sleeping
DBG_EAT2: id=3 meals=1
101 3 has put down the left fork
101 3 has put down the right fork
101 3 is sleeping
101 2 has taken the left fork
101 2 has taken the right fork
101 2 is eating
DBG_EAT: id=2 time_last_meal=101
162 1 is thinking
162 3 is thinking
DBG_EAT2: id=5 meals=1
201 5 has put down the left fork
202 5 has put down the right fork
202 5 is sleeping
202 1 has taken the right fork
202 4 has taken the left fork
202 4 has taken the right fork
202 4 is eating
DBG_EAT: id=4 time_last_meal=202
DBG_EAT2: id=2 meals=1
202 2 has put down the right fork
202 2 has put down the left fork
202 2 is sleeping
202 1 has taken the left fork
202 1 is eating
DBG_EAT: id=1 time_last_meal=202
202 3 has taken the right fork
262 2 is thinking
262 5 is thinking
DBG_EAT2: id=4 meals=1
302 4 has put down the right fork
302 4 has put down the left fork
302 4 is sleeping
302 3 has taken the left fork
302 3 is eating
DBG_EAT: id=3 time_last_meal=302
302 5 has taken the right fork
DBG_EAT2: id=1 meals=2
302 1 has put down the left fork
302 1 has put down the right fork
302 1 is sleeping
302 5 has taken the left fork
302 5 is eating
DBG_EAT: id=5 time_last_meal=302
362 4 is thinking
362 1 is thinking
DBG_EAT2: id=3 meals=2
402 3 has put down the left fork
402 3 has put down the right fork
402 3 is sleeping
403 2 has taken the left fork
403 2 has taken the right fork
403 2 is eating
DBG_EAT: id=2 time_last_meal=403
DBG_EAT2: id=5 meals=2
403 5 has put down the left fork
403 5 has put down the right fork
403 1 has taken the right fork
403 5 is sleeping
403 4 has taken the left fork
403 4 has taken the right fork
403 4 is eating
DBG_EAT: id=4 time_last_meal=403
463 5 is thinking
463 3 is thinking
DBG_EAT2: id=2 meals=2
503 2 has put down the right fork
503 2 has put down the left fork
503 1 has taken the left fork
503 1 is eating
DBG_EAT: id=1 time_last_meal=503
503 2 is sleeping
503 3 has taken the right fork
DBG_EAT2: id=4 meals=2
503 4 has put down the right fork
503 4 has put down the left fork
503 3 has taken the left fork
503 3 is eating
DBG_EAT: id=3 time_last_meal=503
503 4 is sleeping
503 5 has taken the right fork
563 2 is thinking
563 4 is thinking
DBG_EAT2: id=1 meals=3
603 1 has put down the left fork
603 1 has put down the right fork
603 1 is sleeping
603 5 has taken the left fork
603 5 is eating
DBG_EAT: id=5 time_last_meal=603
DBG_EAT2: id=3 meals=3
603 3 has put down the left fork
603 3 has put down the right fork
603 3 is sleeping
604 2 has taken the left fork
604 2 has taken the right fork
604 2 is eating
DBG_EAT: id=2 time_last_meal=604
664 1 is thinking
664 3 is thinking
DBG_EAT2: id=5 meals=3
704 5 has put down the left fork
704 5 has put down the right fork
DBG_EAT2: id=2 meals=3
704 2 has put down the right fork
704 1 has taken the right fork
704 1 has taken the left fork
704 1 is eating
DBG_EAT: id=1 time_last_meal=704
704 5 is sleeping
704 2 has put down the left fork
704 2 is sleeping
704 4 has taken the left fork
704 4 has taken the right fork
704 4 is eating
DBG_EAT: id=4 time_last_meal=704
704 3 has taken the right fork
764 5 is thinking
764 2 is thinking
DBG_EAT2: id=4 meals=3
DBG_EAT2: id=1 meals=4
804 1 has put down the left fork
804 1 has put down the right fork
804 4 has put down the right fork
804 1 is sleeping
804 5 has taken the right fork
804 5 has taken the left fork
804 5 is eating
DBG_EAT: id=5 time_last_meal=804
804 3 has taken the left fork
804 3 is eating
DBG_EAT: id=3 time_last_meal=804
804 4 has put down the left fork
804 4 is sleeping
864 1 is thinking
864 4 is thinking
DBG_EAT2: id=3 meals=4
904 3 has put down the left fork
DBG_EAT2: id=5 meals=4
904 3 has put down the right fork
904 5 has put down the left fork
904 3 is sleeping
904 5 has put down the right fork
904 2 has taken the left fork
904 2 has taken the right fork
904 2 is eating
DBG_EAT: id=2 time_last_meal=904
904 5 is sleeping
905 4 has taken the left fork
905 4 has taken the right fork
905 4 is eating
DBG_EAT: id=4 time_last_meal=905
905 1 has taken the right fork
965 3 is thinking
965 5 is thinking
DBG_EAT2: id=4 meals=4
1005 4 has put down the right fork
DBG_EAT2: id=2 meals=4
1005 2 has put down the right fork
1005 4 has put down the left fork
1005 4 is sleeping
1005 2 has put down the left fork
1005 5 has taken the right fork
1005 1 has taken the left fork
1005 1 is eating
DBG_EAT: id=1 time_last_meal=1005
1005 2 is sleeping
1005 3 has taken the right fork
1005 3 has taken the left fork
1005 3 is eating
DBG_EAT: id=3 time_last_meal=1005
1065 4 is thinking
1065 2 is thinking
DBG_EAT2: id=1 meals=5
1105 1 has put down the left fork
DBG_EAT2: id=3 meals=5
1105 3 has put down the left fork
1105 1 has put down the right fork
1105 3 has put down the right fork
1105 3 is sleeping
1105 1 is sleeping
1105 5 has taken the left fork
1105 2 has taken the left fork
1105 2 has taken the right fork
1105 2 is eating
DBG_EAT: id=2 time_last_meal=1105
1105 5 is eating
DBG_EAT: id=5 time_last_meal=1105
1166 1 is thinking
1166 3 is thinking
DBG_EAT2: id=2 meals=5
1205 2 has put down the right fork
1205 2 has put down the left fork
DBG_EAT2: id=5 meals=5
1206 2 is sleeping
1206 5 has put down the left fork
1206 3 has taken the right fork
1206 3 has taken the left fork
1206 3 is eating
DBG_EAT: id=3 time_last_meal=1206
1206 5 has put down the right fork
1206 5 is sleeping
1206 1 has taken the right fork
1206 1 has taken the left fork
1206 1 is eating
DBG_EAT: id=1 time_last_meal=1206
1206 4 has taken the left fork
1266 5 is thinking
1266 2 is thinking
DBG_EAT2: id=1 meals=6
1306 1 has put down the left fork
1306 1 has put down the right fork
1306 1 is sleeping
DBG_EAT2: id=3 meals=6
1306 3 has put down the left fork
1306 3 has put down the right fork
1306 3 is sleeping
1306 4 has taken the right fork
1306 4 is eating
DBG_EAT: id=4 time_last_meal=1306
1306 2 has taken the left fork
1306 2 has taken the right fork
1306 2 is eating
DBG_EAT: id=2 time_last_meal=1306
1366 1 is thinking
1366 1 has taken the right fork
1366 3 is thinking
DBG_EAT2: id=2 meals=6
DBG_EAT2: id=4 meals=5
1406 4 has put down the right fork
1406 2 has put down the right fork
1406 4 has put down the left fork
1406 2 has put down the left fork
1406 4 is sleeping
1406 2 is sleeping
1406 1 has taken the left fork
1406 1 is eating
DBG_EAT: id=1 time_last_meal=1406
1406 5 has taken the right fork
1406 3 has taken the right fork
1406 3 has taken the left fork
1406 3 is eating
DBG_EAT: id=3 time_last_meal=1406
1467 4 is thinking
1467 2 is thinking
DBG_EAT2: id=1 meals=7
1507 1 has put down the left fork
DBG_EAT2: id=3 meals=7
1507 3 has put down the left fork
1507 1 has put down the right fork
1507 3 has put down the right fork
1507 3 is sleeping
1507 1 is sleeping
1507 5 has taken the left fork
1507 5 is eating
DBG_EAT: id=5 time_last_meal=1507
1507 2 has taken the left fork
1507 2 has taken the right fork
1507 2 is eating
DBG_EAT: id=2 time_last_meal=1507
1567 1 is thinking
1567 3 is thinking
DBG_EAT2: id=5 meals=6
DBG_EAT2: id=2 meals=7
1607 2 has put down the right fork
1607 5 has put down the left fork
1607 2 has put down the left fork
1607 5 has put down the right fork
1607 5 is sleeping
1607 2 is sleeping
1607 1 has taken the right fork
1607 1 has taken the left fork
1607 1 is eating
DBG_EAT: id=1 time_last_meal=1607
1607 4 has taken the left fork
1607 4 has taken the right fork
1607 4 is eating
DBG_EAT: id=4 time_last_meal=1607
1608 3 has taken the right fork
1668 2 is thinking
1668 5 is thinking
DBG_EAT2: id=1 meals=8
1707 1 has put down the left fork
1707 1 has put down the right fork
1707 1 is sleeping
DBG_EAT2: id=4 meals=6
1708 4 has put down the right fork
1708 4 has put down the left fork
1708 4 is sleeping
1708 3 has taken the left fork
1708 3 is eating
DBG_EAT: id=3 time_last_meal=1708
1708 5 has taken the right fork
1708 5 has taken the left fork
1708 5 is eating
DBG_EAT: id=5 time_last_meal=1708
1768 1 is thinking
1768 4 is thinking
DBG_EAT2: id=3 meals=8
1808 3 has put down the left fork
DBG_EAT2: id=5 meals=7
1808 5 has put down the left fork
1808 3 has put down the right fork
1808 3 is sleeping
1808 5 has put down the right fork
1808 2 has taken the left fork
1808 2 has taken the right fork
1808 1 has taken the right fork
1808 5 is sleeping
1808 2 is eating
DBG_EAT: id=2 time_last_meal=1808
1808 4 has taken the left fork
1808 4 has taken the right fork
1808 4 is eating
DBG_EAT: id=4 time_last_meal=1808
1868 3 is thinking
1868 5 is thinking
DBG_EAT2: id=2 meals=8
DBG_EAT2: id=4 meals=7
1908 4 has put down the right fork
1908 2 has put down the right fork
1908 4 has put down the left fork
1908 4 is sleeping
1909 2 has put down the left fork
1909 1 has taken the left fork
1909 2 is sleeping
1909 1 is eating
DBG_EAT: id=1 time_last_meal=1909
1909 5 has taken the right fork
1909 3 has taken the right fork
1909 3 has taken the left fork
1909 3 is eating
DBG_EAT: id=3 time_last_meal=1909
1969 4 is thinking
1969 2 is thinking
DBG_EAT2: id=1 meals=9
2009 1 has put down the left fork
DBG_EAT2: id=3 meals=9
2009 3 has put down the left fork
2009 1 has put down the right fork
2009 1 is sleeping
2009 3 has put down the right fork
2009 3 is sleeping
2009 5 has taken the left fork
2009 5 is eating
DBG_EAT: id=5 time_last_meal=2009
2009 2 has taken the left fork
2009 2 has taken the right fork
2009 2 is eating
DBG_EAT: id=2 time_last_meal=2009
2069 1 is thinking
2069 3 is thinking
DBG_EAT2: id=5 meals=8
DBG_EAT2: id=2 meals=9
2109 2 has put down the right fork
2109 5 has put down the left fork
2109 2 has put down the left fork
2109 2 is sleeping
2109 5 has put down the right fork
2109 1 has taken the right fork
2109 1 has taken the left fork
2109 1 is eating
DBG_EAT: id=1 time_last_meal=2109
2109 5 is sleeping
2109 4 has taken the left fork
2109 4 has taken the right fork
2109 4 is eating
DBG_EAT: id=4 time_last_meal=2109
2109 3 has taken the right fork
2170 5 is thinking
2170 2 is thinking
DBG_EAT2: id=1 meals=10
2210 1 has put down the left fork
2210 1 has put down the right fork
DBG_EAT2: id=4 meals=8
2210 1 is sleeping
2210 4 has put down the right fork
2210 4 has put down the left fork
2210 4 is sleeping
2210 3 has taken the left fork
2210 3 is eating
DBG_EAT: id=3 time_last_meal=2210
2210 5 has taken the right fork
2210 5 has taken the left fork
2210 5 is eating
DBG_EAT: id=5 time_last_meal=2210
2270 1 is thinking
2270 4 is thinking
DBG_EAT2: id=3 meals=10
2310 3 has put down the left fork
DBG_EAT2: id=5 meals=9
2310 3 has put down the right fork
2310 3 is sleeping
2310 5 has put down the left fork
2310 2 has taken the left fork
2310 2 has taken the right fork
2310 2 is eating
DBG_EAT: id=2 time_last_meal=2310
2310 5 has put down the right fork
2310 5 is sleeping
2310 1 has taken the right fork
2310 4 has taken the left fork
2310 4 has taken the right fork
2310 4 is eating
DBG_EAT: id=4 time_last_meal=2310
2370 3 is thinking
2370 5 is thinking
DBG_EAT2: id=2 meals=10
2410 2 has put down the right fork
2410 2 has put down the left fork
DBG_EAT2: id=4 meals=9
2410 4 has put down the right fork
2410 1 has taken the left fork
2410 1 is eating
DBG_EAT: id=1 time_last_meal=2410
2410 2 is sleeping
2410 4 has put down the left fork
2410 4 is sleeping
2410 3 has taken the right fork
2410 3 has taken the left fork
2410 3 is eating
DBG_EAT: id=3 time_last_meal=2410
2410 5 has taken the right fork
2471 2 is thinking
2471 4 is thinking
DBG_EAT2: id=1 meals=11
2511 1 has put down the left fork
DBG_EAT2: id=3 meals=11
2511 3 has put down the left fork
2511 5 has taken the left fork
2511 5 is eating
DBG_EAT: id=5 time_last_meal=2511
2511 3 has put down the right fork
2511 3 is sleeping
2511 1 has put down the right fork
2511 2 has taken the left fork
2511 2 has taken the right fork
2511 2 is eating
DBG_EAT: id=2 time_last_meal=2511
2511 1 is sleeping
2571 3 is thinking
2571 1 is thinking
DBG_EAT2: id=5 meals=10
2611 5 has put down the left fork
2611 5 has put down the right fork
2611 5 is sleeping
2611 1 has taken the right fork
2611 4 has taken the left fork
2611 4 has taken the right fork
2611 4 is eating
DBG_EAT: id=4 time_last_meal=2611
DBG_EAT2: id=2 meals=11
2611 2 has put down the right fork
2611 2 has put down the left fork
2611 2 is sleeping
2611 1 has taken the left fork
2611 1 is eating
DBG_EAT: id=1 time_last_meal=2611
2611 3 has taken the right fork
2671 5 is thinking
2671 2 is thinking
DBG_EAT2: id=4 meals=10
2711 4 has put down the right fork
2711 4 has put down the left fork
2711 4 is sleeping
DBG_EAT2: id=1 meals=12
2711 1 has put down the left fork
2711 1 has put down the right fork
2711 1 is sleeping
2711 3 has taken the left fork
2711 3 is eating
DBG_EAT: id=3 time_last_meal=2711
2711 5 has taken the right fork
2711 5 has taken the left fork
2711 5 is eating
DBG_EAT: id=5 time_last_meal=2711
2772 4 is thinking
2772 1 is thinking
DBG_EAT2: id=3 meals=12
2812 3 has put down the left fork
DBG_EAT2: id=5 meals=11
2812 3 has put down the right fork
2812 3 is sleeping
2812 5 has put down the left fork
2812 2 has taken the left fork
2812 2 has taken the right fork
2812 2 is eating
DBG_EAT: id=2 time_last_meal=2812
2812 5 has put down the right fork
2812 5 is sleeping
2812 1 has taken the right fork
2812 4 has taken the left fork
2812 4 has taken the right fork
2812 4 is eating
DBG_EAT: id=4 time_last_meal=2812
2872 5 is thinking
2872 3 is thinking
DBG_EAT2: id=2 meals=12
2912 2 has put down the right fork
2912 2 has put down the left fork
DBG_EAT2: id=4 meals=11
2912 1 has taken the left fork
2912 1 is eating
DBG_EAT: id=1 time_last_meal=2912
2912 4 has put down the right fork
2912 3 has taken the right fork
2912 3 has taken the left fork
2912 3 is eating
DBG_EAT: id=3 time_last_meal=2912
2912 4 has put down the left fork
2912 2 is sleeping
2912 5 has taken the right fork
2912 4 is sleeping
2972 2 is thinking
2972 4 is thinking
DBG_EAT2: id=1 meals=13
3012 1 has put down the left fork
DBG_EAT2: id=3 meals=13
3012 3 has put down the left fork
3012 1 has put down the right fork
3012 3 has put down the right fork
3012 3 is sleeping
3012 1 is sleeping
3012 5 has taken the left fork
3012 5 is eating
DBG_EAT: id=5 time_last_meal=3012
3012 2 has taken the left fork
3012 2 has taken the right fork
3012 2 is eating
DBG_EAT: id=2 time_last_meal=3012
3072 1 is thinking
3073 3 is thinking
DBG_EAT2: id=5 meals=12
3113 5 has put down the left fork
DBG_EAT2: id=2 meals=13
3113 2 has put down the right fork
3113 5 has put down the right fork
3113 1 has taken the right fork
3113 1 has taken the left fork
3113 1 is eating
DBG_EAT: id=1 time_last_meal=3113
3113 5 is sleeping
3113 2 has put down the left fork
3113 2 is sleeping
3113 3 has taken the right fork
3113 3 has taken the left fork
3113 3 is eating
DBG_EAT: id=3 time_last_meal=3113
3113 4 has taken the left fork
3173 5 is thinking
3173 2 is thinking
DBG_EAT2: id=3 meals=14
DBG_EAT2: id=1 meals=14
3213 1 has put down the left fork
3213 1 has put down the right fork
3213 1 is sleeping
3213 3 has put down the left fork
3213 3 has put down the right fork
3213 4 has taken the right fork
3213 4 is eating
DBG_EAT: id=4 time_last_meal=3213
3213 2 has taken the left fork
3213 2 has taken the right fork
3213 2 is eating
DBG_EAT: id=2 time_last_meal=3213
3213 3 is sleeping
3273 1 is thinking
3273 1 has taken the right fork
3273 3 is thinking
DBG_EAT2: id=4 meals=12
3313 4 has put down the right fork
DBG_EAT2: id=2 meals=14
3313 4 has put down the left fork
3313 4 is sleeping
3313 2 has put down the right fork
3314 5 has taken the right fork
3314 2 has put down the left fork
3314 2 is sleeping
3314 3 has taken the right fork
3314 3 has taken the left fork
3314 3 is eating
DBG_EAT: id=3 time_last_meal=3314
3314 1 has taken the left fork
3314 1 is eating
DBG_EAT: id=1 time_last_meal=3314
3374 4 is thinking
3374 2 is thinking
DBG_EAT2: id=3 meals=15
3414 3 has put down the left fork
3414 3 has put down the right fork
3414 3 is sleeping
DBG_EAT2: id=1 meals=15
3414 1 has put down the left fork
3414 2 has taken the left fork
3414 2 has taken the right fork
3414 2 is eating
DBG_EAT: id=2 time_last_meal=3414
3414 1 has put down the right fork
3414 1 is sleeping
3414 5 has taken the left fork
3414 5 is eating
DBG_EAT: id=5 time_last_meal=3414
3474 3 is thinking
3474 1 is thinking
DBG_EAT2: id=2 meals=15
3514 2 has put down the right fork
3514 2 has put down the left fork
3514 2 is sleeping
3514 3 has taken the right fork
3514 3 has taken the left fork
3514 3 is eating
DBG_EAT: id=3 time_last_meal=3514
DBG_EAT2: id=5 meals=13
3514 5 has put down the left fork
3514 5 has put down the right fork
3514 5 is sleeping
3514 1 has taken the right fork
3514 1 has taken the left fork
3514 1 is eating
DBG_EAT: id=1 time_last_meal=3514
3514 4 has taken the left fork
3574 2 is thinking
3574 5 is thinking
DBG_EAT2: id=3 meals=16
3614 3 has put down the left fork
3614 3 has put down the right fork
3614 3 is sleeping
3614 4 has taken the right fork
3614 4 is eating
DBG_EAT: id=4 time_last_meal=3614
3614 2 has taken the left fork
DBG_EAT2: id=1 meals=16
3614 1 has put down the left fork
3614 1 has put down the right fork
3614 1 is sleeping
3615 2 has taken the right fork
3615 2 is eating
DBG_EAT: id=2 time_last_meal=3615
3674 3 is thinking
3675 1 is thinking
3675 1 has taken the right fork
DBG_EAT2: id=4 meals=13
3714 4 has put down the right fork
3715 4 has put down the left fork
3715 4 is sleeping
3715 5 has taken the right fork
DBG_EAT2: id=2 meals=16
3715 2 has put down the right fork
3715 2 has put down the left fork
3715 2 is sleeping
3715 1 has taken the left fork
3715 1 is eating
DBG_EAT: id=1 time_last_meal=3715
3715 3 has taken the right fork
3715 3 has taken the left fork
3715 3 is eating
DBG_EAT: id=3 time_last_meal=3715
3775 4 is thinking
3775 2 is thinking
DBG_EAT2: id=1 meals=17
3815 1 has put down the left fork
DBG_EAT2: id=3 meals=17
3815 3 has put down the left fork
3815 1 has put down the right fork
3815 3 has put down the right fork
3815 3 is sleeping
3815 1 is sleeping
3815 5 has taken the left fork
3815 5 is eating
3815 2 has taken the left fork
3815 2 has taken the right fork
3815 2 is eating
DBG_EAT: id=2 time_last_meal=3815
DBG_EAT: id=5 time_last_meal=3815
3875 1 is thinking
3875 3 is thinking
DBG_EAT2: id=2 meals=17
3915 2 has put down the right fork
DBG_EAT2: id=5 meals=14
3915 2 has put down the left fork
3915 5 has put down the left fork
3915 2 is sleeping
3915 5 has put down the right fork
3915 5 is sleeping
3915 3 has taken the right fork
3915 1 has taken the right fork
3916 4 has taken the left fork
3916 1 has taken the left fork
3916 1 is eating
DBG_EAT: id=1 time_last_meal=3916
3916 3 has taken the left fork
3916 3 is eating
DBG_EAT: id=3 time_last_meal=3916
3976 2 is thinking
3976 5 is thinking
DBG_EAT2: id=1 meals=18
4016 1 has put down the left fork
4016 1 has put down the right fork
DBG_EAT2: id=3 meals=18
4016 1 is sleeping
4016 3 has put down the left fork
4016 3 has put down the right fork
4016 3 is sleeping
4016 2 has taken the left fork
4016 2 has taken the right fork
4016 2 is eating
DBG_EAT: id=2 time_last_meal=4016
4016 4 has taken the right fork
4016 4 is eating
DBG_EAT: id=4 time_last_meal=4016
4076 1 is thinking
4076 1 has taken the right fork
4076 3 is thinking
DBG_EAT2: id=4 meals=14
4116 4 has put down the right fork
DBG_EAT2: id=2 meals=18
4116 4 has put down the left fork
4116 2 has put down the right fork
4116 4 is sleeping
4116 2 has put down the left fork
4116 5 has taken the right fork
4116 1 has taken the left fork
4116 1 is eating
DBG_EAT: id=1 time_last_meal=4116
4116 2 is sleeping
4116 3 has taken the right fork
4116 3 has taken the left fork
4116 3 is eating
DBG_EAT: id=3 time