DBG_INIT: meal_mutex init for philo 1
DBG_INIT: meal_mutex init for philo 2
DBG_INIT: meal_mutex init for philo 3
DBG: init philo[1].time_last_meal=0
DBG: init philo[2].time_last_meal=0
DBG: init philo[3].time_last_meal=0
0 1 has taken the right fork
0 1 has taken the left fork
0 1 is eating
DBG_EAT: id=1 time_last_meal=0
DBG: start_time=1758403487645
1 3 has taken the right fork
DBG_EAT2: id=1 meals=1
61 1 has put down the left fork
61 1 has put down the right fork
61 1 is sleeping
61 3 has taken the left fork
61 3 is eating
DBG_EAT: id=3 time_last_meal=61
DBG_EAT2: id=3 meals=1
121 3 has put down the left fork
121 3 has put down the right fork
122 3 is sleeping
122 2 has taken the left fork
122 2 has taken the right fork
122 2 is eating
DBG_EAT: id=2 time_last_meal=122
DBG_EAT2: id=2 meals=1
182 2 has put down the right fork
182 2 has put down the left fork
182 2 is sleeping
261 1 is thinking
261 1 has taken the right fork
261 1 has taken the left fork
261 1 is eating
DBG_EAT: id=1 time_last_meal=261
DBG_EAT2: id=1 meals=2
321 1 has put down the left fork
321 1 has put down the right fork
321 1 is sleeping
322 3 is thinking
322 3 has taken the right fork
322 3 has taken the left fork
322 3 is eating
DBG_EAT: id=3 time_last_meal=322
DBG_EAT2: id=3 meals=2
382 3 has put down the left fork
382 3 has put down the right fork
382 3 is sleeping
383 2 is thinking
383 2 has taken the left fork
383 2 has taken the right fork
383 2 is eating
DBG_EAT: id=2 time_last_meal=383
DBG_EAT2: id=2 meals=2
443 2 has put down the right fork
443 2 has put down the left fork
443 2 is sleeping
521 1 is thinking
521 1 has taken the right fork
521 1 has taken the left fork
521 1 is eating
DBG_EAT: id=1 time_last_meal=521
DBG_EAT2: id=1 meals=3
582 1 has put down the left fork
582 1 has put down the right fork
582 1 is sleeping
582 3 is thinking
582 3 has taken the right fork
582 3 has taken the left fork
582 3 is eating
DBG_EAT: id=3 time_last_meal=582
DBG_EAT2: id=3 meals=3
642 3 has put down the left fork
642 3 has put down the right fork
643 3 is sleeping
643 2 is thinking
644 2 has taken the left fork
644 2 has taken the right fork
644 2 is eating
DBG_EAT: id=2 time_last_meal=644
DBG_EAT2: id=2 meals=3
704 2 has put down the right fork
704 2 has put down the left fork
704 2 is sleeping
704 All philosophers ate enough
