DBG_INIT: meal_mutex init for philo 1
DBG_INIT: meal_mutex init for philo 2
DBG_INIT: meal_mutex init for philo 3
DBG_INIT: meal_mutex init for philo 4
DBG: init philo[1].time_last_meal=0
DBG: init philo[2].time_last_meal=0
DBG: init philo[3].time_last_meal=0
DBG: init philo[4].time_last_meal=0
1 1 has taken the right fork
1 1 has taken the left fork
1 1 is eating
DBG_EAT: id=1 time_last_meal=1
1 3 has taken the right fork
1 3 has taken the left fork
1 3 is eating
DBG_EAT: id=3 time_last_meal=1
DBG: start_time=1758386929371
DBG_EAT2: id=1 meals=1
101 1 has put down the left fork
101 1 has put down the right fork
101 4 has taken the left fork
101 1 is sleeping
DBG_EAT2: id=3 meals=1
101 3 has put down the left fork
101 4 has taken the right fork
101 4 is eating
DBG_EAT: id=4 time_last_meal=101
101 3 has put down the right fork
101 3 is sleeping
101 2 has taken the left fork
101 2 has taken the right fork
101 2 is eating
DBG_EAT: id=2 time_last_meal=101
201 1 is thinking
DBG_EAT2: id=4 meals=1
201 4 has put down the right fork
201 3 is thinking
201 4 has put down the left fork
201 4 is sleeping
201 1 has taken the right fork
DBG_EAT2: id=2 meals=1
201 2 has put down the right fork
201 1 has taken the left fork
201 1 is eating
DBG_EAT: id=1 time_last_meal=201
201 2 has put down the left fork
201 2 is sleeping
201 3 has taken the right fork
201 3 has taken the left fork
201 3 is eating
DBG_EAT: id=3 time_last_meal=201
301 4 is thinking
DBG_EAT2: id=1 meals=2
302 1 has put down the left fork
302 1 has put down the right fork
DBG_EAT2: id=3 meals=2
302 3 has put down the left fork
302 3 has put down the right fork
302 4 has taken the left fork
302 4 has taken the right fork
302 4 is eating
DBG_EAT: id=4 time_last_meal=302
302 2 is thinking
302 3 is sleeping
302 1 is sleeping
302 2 has taken the left fork
302 2 has taken the right fork
302 2 is eating
DBG_EAT: id=2 time_last_meal=302
402 3 is thinking
DBG_EAT2: id=4 meals=2
402 4 has put down the right fork
402 4 has put down the left fork
402 4 is sleeping
402 1 is thinking
402 1 has taken the right fork
DBG_EAT2: id=2 meals=2
402 2 has put down the right fork
402 1 has taken the left fork
402 1 is eating
DBG_EAT: id=1 time_last_meal=402
402 2 has put down the left fork
402 3 has taken the right fork
402 3 has taken the left fork
402 3 is eating
DBG_EAT: id=3 time_last_meal=402
402 2 is sleeping
502 4 is thinking
DBG_EAT2: id=1 meals=3
502 1 has put down the left fork
DBG_EAT2: id=3 meals=3
502 3 has put down the left fork
502 1 has put down the right fork
502 3 has put down the right fork
502 4 has taken the left fork
502 4 has taken the right fork
502 4 is eating
DBG_EAT: id=4 time_last_meal=502
502 1 is sleeping
502 2 is thinking
502 3 is sleeping
502 2 has taken the left fork
502 2 has taken the right fork
502 2 is eating
DBG_EAT: id=2 time_last_meal=502
DBG_EAT2: id=4 meals=3
602 4 has put down the right fork
602 4 has put down the left fork
602 1 is thinking
602 1 has taken the right fork
602 4 is sleeping
602 3 is thinking
DBG_EAT2: id=2 meals=3
602 2 has put down the right fork
602 1 has taken the left fork
602 1 is eating
DBG_EAT: id=1 time_last_meal=602
602 2 has put down the left fork
602 2 is sleeping
602 3 has taken the right fork
602 3 has taken the left fork
602 3 is eating
DBG_EAT: id=3 time_last_meal=602
702 4 is thinking
DBG_EAT2: id=1 meals=4
702 1 has put down the left fork
702 1 has put down the right fork
702 4 has taken the left fork
702 2 is thinking
DBG_EAT2: id=3 meals=4
702 1 is sleeping
702 3 has put down the left fork
702 3 has put down the right fork
702 3 is sleeping
702 4 has taken the right fork
702 4 is eating
DBG_EAT: id=4 time_last_meal=702
702 2 has taken the left fork
702 2 has taken the right fork
702 2 is eating
DBG_EAT: id=2 time_last_meal=702
802 1 is thinking
802 3 is thinking
DBG_EAT2: id=4 meals=4
802 4 has put down the right fork
802 4 has put down the left fork
802 4 is sleeping
802 1 has taken the right fork
DBG_EAT2: id=2 meals=4
802 2 has put down the right fork
803 1 has taken the left fork
803 1 is eating
DBG_EAT: id=1 time_last_meal=803
803 2 has put down the left fork
803 3 has taken the right fork
803 3 has taken the left fork
803 3 is eating
DBG_EAT: id=3 time_last_meal=803
803 2 is sleeping
903 4 is thinking
DBG_EAT2: id=1 meals=5
903 1 has put down the left fork
903 1 has put down the right fork
903 1 is sleeping
DBG_EAT2: id=3 meals=5
903 3 has put down the left fork
903 3 has put down the right fork
903 3 is sleeping
903 2 is thinking
903 4 has taken the left fork
903 4 has taken the right fork
903 4 is eating
DBG_EAT: id=4 time_last_meal=903
903 2 has taken the left fork
903 2 has taken the right fork
903 2 is eating
DBG_EAT: id=2 time_last_meal=903
1003 3 is thinking
1003 1 is thinking
DBG_EAT2: id=4 meals=5
1003 4 has put down the right fork
1003 4 has put down the left fork
1003 1 has taken the right fork
1003 4 is sleeping
DBG_EAT2: id=2 meals=5
1003 2 has put down the right fork
1003 1 has taken the left fork
1003 1 is eating
DBG_EAT: id=1 time_last_meal=1003
1003 2 has put down the left fork
1003 3 has taken the right fork
1003 3 has taken the left fork
1003 3 is eating
DBG_EAT: id=3 time_last_meal=1003
1003 2 is sleeping
1103 4 is thinking
DBG_EAT2: id=1 meals=6
1103 1 has put down the left fork
1103 1 has put down the right fork
1103 1 is sleeping
1103 2 is thinking
DBG_EAT2: id=3 meals=6
1103 3 has put down the left fork
1103 3 has put down the right fork
1103 4 has taken the left fork
1103 4 has taken the right fork
1103 4 is eating
DBG_EAT: id=4 time_last_meal=1103
1103 3 is sleeping
1103 2 has taken the left fork
1103 2 has taken the right fork
1103 2 is eating
DBG_EAT: id=2 time_last_meal=1103
1203 1 is thinking
1203 3 is thinking
DBG_EAT2: id=2 meals=6
1203 2 has put down the right fork
DBG_EAT2: id=4 meals=6
1203 4 has put down the right fork
1203 2 has put down the left fork
1203 2 is sleeping
1203 4 has put down the left fork
1203 4 is sleeping
1203 1 has taken the right fork
1203 1 has taken the left fork
1203 1 is eating
DBG_EAT: id=1 time_last_meal=1203
1203 3 has taken the right fork
1203 All philosophers ate enough
DBG_EAT2: id=1 meals=7
