DBG_INIT: meal_mutex init for philo 1
DBG_INIT: meal_mutex init for philo 2
DBG: init philo[1].time_last_meal=0
DBG: init philo[2].time_last_meal=0
0 1 has taken the right fork
0 1 has taken the left fork
0 1 is eating
DBG_EAT: id=1 time_last_meal=0
DBG: start_time=1758403110533
DBG_EAT2: id=1 meals=1
61 1 has put down the left fork
61 1 has put down the right fork
61 1 is sleeping
61 2 has taken the left fork
61 2 has taken the right fork
61 2 is eating
DBG_EAT: id=2 time_last_meal=61
DBG_EAT2: id=2 meals=1
121 2 has put down the right fork
121 2 has put down the left fork
121 2 is sleeping
261 1 is thinking
261 1 has taken the right fork
261 1 has taken the left fork
261 1 is eating
DBG_EAT: id=1 time_last_meal=261
DBG_EAT2: id=1 meals=2
321 1 has put down the left fork
321 1 has put down the right fork
321 1 is sleeping
321 2 is thinking
321 2 has taken the left fork
321 2 has taken the right fork
321 2 is eating
DBG_EAT: id=2 time_last_meal=321
DBG_EAT2: id=2 meals=2
381 2 has put down the right fork
381 2 has put down the left fork
381 2 is sleeping
521 1 is thinking
521 1 has taken the right fork
521 1 has taken the left fork
521 1 is eating
DBG_EAT: id=1 time_last_meal=521
DBG_EAT2: id=1 meals=3
581 1 has put down the left fork
581 1 has put down the right fork
581 1 is sleeping
581 2 is thinking
581 2 has taken the left fork
581 2 has taken the right fork
581 2 is eating
DBG_EAT: id=2 time_last_meal=581
DBG_EAT2: id=2 meals=3
641 2 has put down the right fork
641 2 has put down the left fork
641 2 is sleeping
781 1 is thinking
781 1 has taken the right fork
781 1 has taken the left fork
781 1 is eating
DBG_EAT: id=1 time_last_meal=781
DBG_EAT2: id=1 meals=4
841 1 has put down the left fork
841 1 has put down the right fork
841 1 is sleeping
841 2 is thinking
842 2 has taken the left fork
842 2 has taken the right fork
842 2 is eating
DBG_EAT: id=2 time_last_meal=842
DBG_EAT2: id=2 meals=4
902 2 has put down the right fork
902 2 has put down the left fork
902 2 is sleeping
1041 1 is thinking
1041 1 has taken the right fork
1041 1 has taken the left fork
1041 1 is eating
DBG_EAT: id=1 time_last_meal=1041
DBG_EAT2: id=1 meals=5
1101 1 has put down the left fork
1101 1 has put down the right fork
1101 1 is sleeping
1102 2 is thinking
1102 2 has taken the left fork
1102 2 has taken the right fork
1102 2 is eating
DBG_EAT: id=2 time_last_meal=1102
DBG_EAT2: id=2 meals=5
1162 2 has put down the right fork
1162 2 has put down the left fork
1162 2 is sleeping
1301 1 is thinking
1301 1 has taken the right fork
1301 1 has taken the left fork
1301 1 is eating
DBG_EAT: id=1 time_last_meal=1301
DBG_EAT2: id=1 meals=6
1361 1 has put down the left fork
1361 1 has put down the right fork
1361 1 is sleeping
1362 2 is thinking
1362 2 has taken the left fork
1362 2 has taken the right fork
1362 2 is eating
DBG_EAT: id=2 time_last_meal=1362
DBG_EAT2: id=2 meals=6
1422 2 has put down the right fork
1422 2 has put down the left fork
1422 2 is sleeping
1561 1 is thinking
1561 1 has taken the right fork
1561 1 has taken the left fork
1561 1 is eating
DBG_EAT: id=1 time_last_meal=1561
DBG_EAT2: id=1 meals=7
1622 1 has put down the left fork
1622 1 has put down the right fork
1622 1 is sleeping
1622 2 is thinking
1622 2 has taken the left fork
1622 2 has taken the right fork
1622 2 is eating
DBG_EAT: id=2 time_last_meal=1622
DBG_EAT2: id=2 meals=7
1682 2 has put down the right fork
1682 2 has put down the left fork
1683 2 is sleeping
1822 1 is thinking
1822 1 has taken the right fork
1822 1 has taken the left fork
1822 1 is eating
DBG_EAT: id=1 time_last_meal=1822
DBG_EAT2: id=1 meals=8
1882 1 has put down the left fork
1882 1 has put down the right fork
1882 1 is sleeping
1883 2 is thinking
1883 2 has taken the left fork
1883 2 has taken the right fork
1883 2 is eating
DBG_EAT: id=2 time_last_meal=1883
DBG_EAT2: id=2 meals=8
1943 2 has put down the right fork
1943 2 has put down the left fork
1943 2 is sleeping
2082 1 is thinking
2082 1 has taken the right fork
2082 1 has taken the left fork
2082 1 is eating
DBG_EAT: id=1 time_last_meal=2082
DBG_EAT2: id=1 meals=9
2142 1 has put down the left fork
2142 1 has put down the right fork
2142 1 is sleeping
2143 2 is thinking
2143 2 has taken the left fork
2143 2 has taken the right fork
2143 2 is eating
DBG_EAT: id=2 time_last_meal=2143
DBG_EAT2: id=2 meals=9
2203 2 has put down the right fork
2203 2 has put down the left fork
2203 2 is sleeping
2342 1 is thinking
2342 1 has taken the right fork
2342 1 has taken the left fork
2342 1 is eating
DBG_EAT: id=1 time_last_meal=2342
DBG_EAT2: id=1 meals=10
2402 1 has put down the left fork
2402 1 has put down the right fork
2402 1 is sleeping
2403 2 is thinking
2403 2 has taken the left fork
2403 2 has taken the right fork
2403 2 is eating
DBG_EAT: id=2 time_last_meal=2403
DBG_EAT2: id=2 meals=10
2463 2 has put down the right fork
2463 2 has put down the left fork
2463 2 is sleeping
2602 1 is thinking
2602 1 has taken the right fork
2602 1 has taken the left fork
2602 1 is eating
DBG_EAT: id=1 time_last_meal=2602
DBG_EAT2: id=1 meals=11
2662 1 has put down the left fork
2662 1 has put down the right fork
2662 1 is sleeping
2664 2 is thinking
2664 2 has taken the left fork
2664 2 has taken the right fork
2664 2 is eating
DBG_EAT: id=2 time_last_meal=2664
DBG_EAT2: id=2 meals=11
2724 2 has put down the right fork
2724 2 has put down the left fork
2724 2 is sleeping
2863 1 is thinking
2863 1 has taken the right fork
2863 1 has taken the left fork
2863 1 is eating
DBG_EAT: id=1 time_last_meal=2863
DBG_EAT2: id=1 meals=12
2923 1 has put down the left fork
2923 1 has put down the right fork
2923 1 is sleeping
2924 2 is thinking
2924 2 has taken the left fork
2924 2 has taken the right fork
2924 2 is eating
DBG_EAT: id=2 time_last_meal=2924
DBG_EAT2: id=2 meals=12
2985 2 has put down the right fork
2985 2 has put down the left fork
2985 2 is sleeping
3123 1 is thinking
3123 1 has taken the right fork
3123 1 has taken the left fork
3123 1 is eating
DBG_EAT: id=1 time_last_meal=3123
DBG_EAT2: id=1 meals=13
3183 1 has put down the left fork
3183 1 has put down the right fork
3183 1 is sleeping
3185 2 is thinking
3185 2 has taken the left fork
3185 2 has taken the right fork
3185 2 is eating
DBG_EAT: id=2 time_last_meal=3185
DBG_EAT2: id=2 meals=13
3245 2 has put down the right fork
3245 2 has put down the left fork
3245 2 is sleeping
3383 1 is thinking
3383 1 has taken the right fork
3383 1 has taken the left fork
3383 1 is eating
DBG_EAT: id=1 time_last_meal=3383
DBG_EAT2: id=1 meals=14
3444 1 has put down the left fork
3444 1 has put down the right fork
3444 1 is sleeping
3445 2 is thinking
3445 2 has taken the left fork
3445 2 has taken the right fork
3445 2 is eating
DBG_EAT: id=2 time_last_meal=3445
DBG_EAT2: id=2 meals=14
3506 2 has put down the right fork
3506 2 has put down the left fork
3506 2 is sleeping
3644 1 is thinking
3644 1 has taken the right fork
3644 1 has taken the left fork
3644 1 is eating
DBG_EAT: id=1 time_last_meal=3644
DBG_EAT2: id=1 meals=15
3704 1 has put down the left fork
3704 1 has put down the right fork
3704 1 is sleeping
3706 2 is thinking
3706 2 has taken the left fork
3706 2 has taken the right fork
3706 2 is eating
DBG_EAT: id=2 time_last_meal=3706
DBG_EAT2: id=2 meals=15
3766 2 has put down the right fork
3766 2 has put down the left fork
3766 2 is sleeping
3904 1 is thinking
3904 1 has taken the right fork
3904 1 has taken the left fork
3904 1 is eating
DBG_EAT: id=1 time_last_meal=3904
DBG_EAT2: id=1 meals=16
3964 1 has put down the left fork
3964 1 has put down the right fork
3964 1 is sleeping
3966 2 is thinking
3966 2 has taken the left fork
3966 2 has taken the right fork
3966 2 is eating
DBG_EAT: id=2 time_last_meal=3966
DBG_EAT2: id=2 meals=16
4027 2 has put down the right fork
4027 2 has put down the left fork
4027 2 is sleeping
4164 1 is thinking
4164 1 has taken the right fork
4164 1 has taken the left fork
4164 1 is eating
DBG_EAT: id=1 time_last_meal=4164
DBG_EAT2: id=1 meals=17
4225 1 has put down the left fork
4225 1 has put down the right fork
4225 1 is sleeping
4227 2 is thinking
4227 2 has taken the left fork
4227 2 has t