DBG_INIT: meal_mutex init for philo 1
DBG_INIT: meal_mutex init for philo 2
DBG: init philo[1].time_last_meal=0
DBG: init philo[2].time_last_meal=0
0 1 has taken the right fork
0 1 has taken the left fork
0 1 is eating
DBG_EAT: id=1 time_last_meal=0
DBG: start_time=1758402845323
DBG_EAT2: id=1 meals=1
60 1 has put down the left fork
60 1 has put down the right fork
61 1 is sleeping
61 2 has taken the left fork
61 2 has taken the right fork
61 2 is eating
DBG_EAT: id=2 time_last_meal=61
121 1 is thinking
DBG_EAT2: id=2 meals=1
121 2 has put down the right fork
121 2 has put down the left fork
121 2 is sleeping
121 1 has taken the right fork
121 1 has taken the left fork
121 1 is eating
DBG_EAT: id=1 time_last_meal=121
DBG_EAT2: id=1 meals=2
181 1 has put down the left fork
181 1 has put down the right fork
181 2 is thinking
181 1 is sleeping
181 2 has taken the left fork
181 2 has taken the right fork
181 2 is eating
DBG_EAT: id=2 time_last_meal=181
241 1 is thinking
DBG_EAT2: id=2 meals=2
241 2 has put down the right fork
241 2 has put down the left fork
241 2 is sleeping
241 1 has taken the right fork
241 1 has taken the left fork
241 1 is eating
DBG_EAT: id=1 time_last_meal=241
DBG_EAT2: id=1 meals=3
301 1 has put down the left fork
301 1 has put down the right fork
301 2 is thinking
301 1 is sleeping
302 2 has taken the left fork
302 2 has taken the right fork
302 2 is eating
DBG_EAT: id=2 time_last_meal=302
362 1 is thinking
DBG_EAT2: id=2 meals=3
362 2 has put down the right fork
362 2 has put down the left fork
362 2 is sleeping
362 1 has taken the right fork
362 1 has taken the left fork
362 1 is eating
DBG_EAT: id=1 time_last_meal=362
DBG_EAT2: id=1 meals=4
422 1 has put down the left fork
422 1 has put down the right fork
422 2 is thinking
422 1 is sleeping
422 2 has taken the left fork
422 2 has taken the right fork
422 2 is eating
DBG_EAT: id=2 time_last_meal=422
DBG_EAT2: id=2 meals=4
482 2 has put down the right fork
482 2 has put down the left fork
482 1 is thinking
482 1 has taken the right fork
482 1 has taken the left fork
482 1 is eating
DBG_EAT: id=1 time_last_meal=482
482 2 is sleeping
DBG_EAT2: id=1 meals=5
543 1 has put down the left fork
543 1 has put down the right fork
543 2 is thinking
543 1 is sleeping
543 2 has taken the left fork
543 2 has taken the right fork
543 2 is eating
DBG_EAT: id=2 time_last_meal=543
603 1 is thinking
DBG_EAT2: id=2 meals=5
603 2 has put down the right fork
603 2 has put down the left fork
603 2 is sleeping
603 1 has taken the right fork
603 1 has taken the left fork
603 1 is eating
DBG_EAT: id=1 time_last_meal=603
DBG_EAT2: id=1 meals=6
664 1 has put down the left fork
664 1 has put down the right fork
664 2 is thinking
664 1 is sleeping
664 2 has taken the left fork
664 2 has taken the right fork
664 2 is eating
DBG_EAT: id=2 time_last_meal=664
724 1 is thinking
DBG_EAT2: id=2 meals=6
724 2 has put down the right fork
724 2 has put down the left fork
724 2 is sleeping
724 1 has taken the right fork
724 1 has taken the left fork
724 1 is eating
DBG_EAT: id=1 time_last_meal=724
DBG_EAT2: id=1 meals=7
784 1 has put down the left fork
784 1 has put down the right fork
784 2 is thinking
785 1 is sleeping
785 2 has taken the left fork
785 2 has taken the right fork
785 2 is eating
DBG_EAT: id=2 time_last_meal=785
DBG_EAT2: id=2 meals=7
845 2 has put down the right fork
845 2 has put down the left fork
845 1 is thinking
845 1 has taken the right fork
845 1 has taken the left fork
845 1 is eating
DBG_EAT: id=1 time_last_meal=845
845 2 is sleeping
DBG_EAT2: id=1 meals=8
905 1 has put down the left fork
905 1 has put down the right fork
905 2 is thinking
906 1 is sleeping
906 2 has taken the left fork
906 2 has taken the right fork
906 2 is eating
DBG_EAT: id=2 time_last_meal=906
DBG_EAT2: id=2 meals=8
966 2 has put down the right fork
966 2 has put down the left fork
966 1 is thinking
966 1 has taken the right fork
966 1 has taken the left fork
966 1 is eating
DBG_EAT: id=1 time_last_meal=966
966 2 is sleeping
DBG_EAT2: id=1 meals=9
1026 2 is thinking
1026 1 has put down the left fork
1027 1 has put down the right fork
1027 1 is sleeping
1027 2 has taken the left fork
1027 2 has taken the right fork
1027 2 is eating
DBG_EAT: id=2 time_last_meal=1027
DBG_EAT2: id=2 meals=9
1087 2 has put down the right fork
1087 2 has put down the left fork
1087 1 is thinking
1087 1 has taken the right fork
1087 1 has taken the left fork
1087 1 is eating
DBG_EAT: id=1 time_last_meal=1087
1087 2 is sleeping
DBG_EAT2: id=1 meals=10
1148 1 has put down the left fork
1148 1 has put down the right fork
1148 2 is thinking
1148 1 is sleeping
1148 2 has taken the left fork
1148 2 has taken the right fork
1148 2 is eating
DBG_EAT: id=2 time_last_meal=1148
DBG_EAT2: id=2 meals=10
1208 2 has put down the right fork
1208 2 has put down the left fork
1208 1 is thinking
1208 1 has taken the right fork
1208 1 has taken the left fork
1208 1 is eating
DBG_EAT: id=1 time_last_meal=1208
1208 2 is sleeping
DBG_EAT2: id=1 meals=11
1268 1 has put down the left fork
1268 1 has put down the right fork
1268 2 is thinking
1269 1 is sleeping
1269 2 has taken the left fork
1269 2 has taken the right fork
1269 2 is eating
DBG_EAT: id=2 time_last_meal=1269
1329 1 is thinking
DBG_EAT2: id=2 meals=11
1329 2 has put down the right fork
1329 2 has put down the left fork
1329 2 is sleeping
1329 1 has taken the right fork
1329 1 has taken the left fork
1329 1 is eating
DBG_EAT: id=1 time_last_meal=1329
DBG_EAT2: id=1 meals=12
1389 1 has put down the left fork
1389 1 has put down the right fork
1389 2 is thinking
1389 1 is sleeping
1389 2 has taken the left fork
1389 2 has taken the right fork
1389 2 is eating
DBG_EAT: id=2 time_last_meal=1389
1450 1 is thinking
DBG_EAT2: id=2 meals=12
1450 2 has put down the right fork
1450 2 has put down the left fork
1450 2 is sleeping
1450 1 has taken the right fork
1450 1 has taken the left fork
1450 1 is eating
DBG_EAT: id=1 time_last_meal=1450
DBG_EAT2: id=1 meals=13
1510 1 has put down the left fork
1510 1 has put down the right fork
1510 2 is thinking
1510 1 is sleeping
1510 2 has taken the left fork
1510 2 has taken the right fork
1510 2 is eating
DBG_EAT: id=2 time_last_meal=1510
DBG_EAT2: id=2 meals=13
1571 2 has put down the right fork
1571 2 has put down the left fork
1571 1 is thinking
1571 1 has taken the right fork
1571 1 has taken the left fork
1571 1 is eating
DBG_EAT: id=1 time_last_meal=1571
1571 2 is sleeping
DBG_EAT2: id=1 meals=14
1631 1 has put down the left fork
1631 1 has put down the right fork
1631 2 is thinking
1631 1 is sleeping
1631 2 has taken the left fork
1631 2 has taken the right fork
1631 2 is eating
DBG_EAT: id=2 time_last_meal=1631
1691 1 is thinking
DBG_EAT2: id=2 meals=14
1691 2 has put down the right fork
1691 2 has put down the left fork
1692 2 is sleeping
1692 1 has taken the right fork
1692 1 has taken the left fork
1692 1 is eating
DBG_EAT: id=1 time_last_meal=1692
DBG_EAT2: id=1 meals=15
1752 1 has put down the left fork
1752 1 has put down the right fork
1752 2 is thinking
1752 1 is sleeping
1752 2 has taken the left fork
1752 2 has taken the right fork
1752 2 is eating
DBG_EAT: id=2 time_last_meal=1752
DBG_EAT2: id=2 meals=15
1812 2 has put down the right fork
1812 2 has put down the left fork
1812 1 is thinking
1812 1 has taken the right fork
1812 1 has taken the left fork
1812 1 is eating
DBG_EAT: id=1 time_last_meal=1812
1812 2 is sleeping
DBG_EAT2: id=1 meals=16
1873 1 has put down the left fork
1873 1 has put down the right fork
1873 2 is thinking
1873 1 is sleeping
1873 2 has taken the left fork
1873 2 has taken the right fork
1873 2 is eating
DBG_EAT: id=2 time_last_meal=1873
DBG_EAT2: id=2 meals=16
1933 2 has put down the right fork
1933 2 has put down the left fork
1933 1 is thinking
1933 1 has taken the right fork
1933 1 has taken the left fork
1933 1 is eating
DBG_EAT: id=1 time_last_meal=1933
1933 2 is sleeping
DBG_EAT2: id=1 meals=17
1994 1 has put down the left fork
1994 1 has put down the right fork
1994 2 is thinking
1994 1 is sleeping
1994 2 has taken the left fork
1994 2 has taken the right fork
1994 2 is eating
DBG_EAT: id=2 time_last_meal=1994
2054 1 is thinking
DBG_EAT2: id=2 meals=17
2054 2 has put down the right fork
2054 2 has put down the left fork
2054 2 is sleeping
2054 1 has taken the right fork
2054 1 has taken the left fork
2054 1 is eating
DBG_EAT: id=1 time_last_meal=2054
DBG_EAT2: id=1 meals=18
2115 1 has put down the left fork
2115 1 has put down the right fork
2115 2 is thinking
2115 1 is sleeping
2115 2 has taken the left fork
2115 2 has taken the right fork
2115 2 is eating
DBG_EAT: id=2 time_last_meal=2115
DBG_EAT2: id=2 meals=18
2175 2 has put down the right fork
2175 2 has put down the left fork
2175 1 is thinking
2175 1 has taken the right fork
2175 1 has taken the left fork
2175 1 is eating
DBG_EAT: id=1 time_last_meal=2175
2175 2 is sleeping
DBG_EAT2: id=1 meals=19
2236 1 has put down the left fork
2236 1 has put down the right fork
2236 2 is thinking
2236 1 is sleeping
2236 2 has taken the left fork
2236 2 has taken the right fork
2236 2 is eating
DBG_EAT: id=2 time_last_meal=2236
2296 1 is thinking
DBG_EAT2: id=2 meals=19
2296 2 has put down the right fork
2296 2 has put down the left fork
2296 2 is sleeping
2296 1 has taken the right fork
2296 1 has taken the left fork
2296 1 is eating
DBG_EAT: id=1 time_last_meal=2296
DBG_EAT2: id=1 meals=20
2357 1 has put down the left fork
2357 1 has put down the right fork
2357 2 is thinking
2357 1 is sleeping
2357 2 has taken the left fork
2357 2 has taken the right fork
2357 2 is eating
DBG_EAT: id=2 time_last_meal=2357
DBG_EAT2: id=2 meals=20
2417 2 has put down the right fork
2417 2 has put down the left fork
2417 1 is thinking
2417 1 has taken the right fork
2417 1 has taken the left fork
2417 1 is eating
DBG_EAT: id=1 time_last_meal=2417
2417 2 is sleeping
2477 2 is thinking
DBG_EAT2: id=1 meals=21
2477 1 has put down the left fork
2477 1 has put down the right fork
2477 1 is sleeping
2478 2 has taken the left fork
2478 2 has taken the right fork
2478 2 is eating
DBG_EAT: id=2 time_last_meal=2478
2538 1 is thinking
DBG_EAT2: id=2 meals=21
2538 2 has put down the right fork
2538 2 has put down the left fork
2538 1 has taken the right fork
2538 1 has taken the left fork
2538 1 is eating
DBG_EAT: id=1 time_last_meal=2538
2538 2 is sleeping
DBG_EAT2: id=1 meals=22
2598 1 has put down the left fork
2598 1 has put down the right fork
2598 2 is thinking
2598 1 is sleeping
2598 2 has taken the left fork
2598 2 has taken the right fork
2598 2 is eating
DBG_EAT: id=2 time_last_meal=2598
2658 1 is thinking
DBG_EAT2: id=2 meals=22
2659 2 has put down the right fork
2659 2 has put down the left fork
2659 1 has taken the right fork
2659 1 has taken the left fork
2659 1 is eating
DBG_EAT: id=1 time_last_meal=2659
2659 2 is sleeping
2719 2 is thinking
DBG_EAT2: id=1 meals=23
2719 1 has put down the left fork
2719 1 has put down the right fork
2719 1 is sleeping
2719 2 has taken the left fork
2719 2 has taken the right fork
2719 2 is eating
DBG_EAT: id=2 time_last_meal=2719
DBG_EAT2: id=2 meals=23
2779 2 has put down the right fork
2779 2 has put down the left fork
2779 1 is thinking
2779 1 has taken the right fork
2779 1 has taken the left fork
2779 1 is eating
DBG_EAT: id=1 time_last_meal=2779
2779 2 is sleeping
DBG_EAT2: id=1 meals=24
2839 1 has put down the left fork
2839 1 has put down the right fork
2840 2 is thinking
2840 1 is sleeping
2840 2 has taken the left fork
2840 2 has taken the right fork
2840 2 is eating
DBG_EAT: id=2 time_last_meal=2840
DBG_EAT2: id=2 meals=24
2900 2 has put down the right fork
2900 2 has put down the left fork
2900 1 is thinking
2900 1 has taken the right fork
2900 1 has taken the left fork
2900 1 is eating
DBG_EAT: id=1 time_last_meal=2900
2900 2 is sleeping
DBG_EAT2: id=1 meals=25
2961 1 has put down the left fork
2961 1 has put down the right fork
2961 2 is thinking
2961 1 is sleeping
2961 2 has taken the left fork
2961 2 has taken the right fork
2961 2 is eating
DBG_EAT: id=2 time_last_meal=2961
3021 1 is thinking
DBG_EAT2: id=2 meals=25
3021 2 has put down the right fork
3021 2 has put down the left fork
3021 2 is sleeping
3021 1 has taken the right fork
3021 1 has taken the left fork
3021 1 is eating
DBG_EAT: id=1 time_last_meal=3021
DBG_EAT2: id=1 meals=26
3082 1 has put down the left fork
3082 1 has put down the right fork
3082 2 is thinking
3082 1 is sleeping
3082 2 has taken the left fork
3082 2 has taken the right fork
3082 2 is eating
DBG_EAT: id=2 time_last_meal=3082
3142 1 is thinking
DBG_EAT2: id=2 meals=26
3142 2 has put down the right fork
3142 2 has put down the left fork
3142 2 is sleeping
3142 1 has taken the right fork
3142 1 has taken the left fork
3142 1 is eating
DBG_EAT: id=1 time_last_meal=3142
DBG_EAT2: id=1 meals=27
3203 1 has put down the left fork
3203 2 is thinking
3203 1 has put down the right fork
3203 1 is sleeping
3203 2 has taken the left fork
3203 2 has taken the right fork
3203 2 is eating
DBG_EAT: id=2 time_last_meal=3203
3263 1 is thinking
DBG_EAT2: id=2 meals=27
3263 2 has put down the right fork
3263 2 has put down the left fork
3263 1 has taken the right fork
3263 2 is sleeping
3263 1 has taken the left fork
3263 1 is eating
DBG_EAT: id=1 time_last_meal=3263
DBG_EAT2: id=1 meals=28
3323 1 has put down the left fork
3323 1 has put down the right fork
3323 2 is thinking
3324 1 is sleeping
3324 2 has taken the left fork
3324 2 has taken the right fork
3324 2 is eating
DBG_EAT: id=2 time_last_meal=3324
DBG_EAT2: id=2 meals=28
3384 2 has put down the right fork
3384 2 has put down the left fork
3384 1 is thinking
3384 1 has taken the right fork
3384 1 has taken the left fork
3384 1 is eating
DBG_EAT: id=1 time_last_meal=3384
3384 2 is sleeping
DBG_EAT2: id=1 meals=29
3444 1 has put down the left fork
3444 1 has put down the right fork
3444 2 is thinking
3444 1 is sleeping
3445 2 has taken the left fork
3445 2 has taken the right fork
3445 2 is eating
DBG_EAT: id=2 time_last_meal=3445
DBG_EAT2: id=2 meals=29
3505 2 has put down the right fork
3505 2 has put down the left fork
3505 1 is thinking
3505 1 has taken the right fork
3505 1 has taken the left fork
3505 1 is eating
DBG_EAT: id=1 time_last_meal=3505
3505 2 is sleeping
DBG_EAT2: id=1 meals=30
3565 1 has put down the left fork
3565 1 has put down the right fork
3565 1 is sleeping
3565 2 is thinking
3566 2 has taken the left fork
3566 2 has taken the right fork
3566 2 is eating
DBG_EAT: id=2 time_last_meal=3566
3626 1 is thinking
DBG_EAT2: id=2 meals=30
3626 2 has put down the right fork
3626 2 has put down the left fork
3626 2 is sleeping
3626 1 has taken the right fork
3626 1 has taken the left fork
3626 1 is eating
DBG_EAT: id=1 time_last_meal=3626
DBG_EAT2: id=1 meals=31
3686 1 has put down the left fork
3686 1 has put down the right fork
3686 2 is thinking
3686 1 is sleeping
3686 2 has taken the left fork
3686 2 has taken the right fork
3686 2 is eating
DBG_EAT: id=2 time_last_meal=3686
3746 1 is thinking
DBG_EAT2: id=2 meals=31
3746 2 has put down the right fork
3746 2 has put down the left fork
3746 2 is sleeping
3746 1 has taken the right fork
3746 1 has taken the left fork
3746 1 is eating
DBG_EAT: id=1 time_last_meal=3746
DBG_EAT2: id=1 meals=32
3807 1 has put down the left fork
3807 1 has put down the right fork
3807 2 is thinking
3807 1 is sleeping
3807 2 has taken the left fork
3807 2 has taken the right fork
3807 2 is eating
DBG_EAT: id=2 time_last_meal=3807
DBG_EAT2: id=2 meals=32
3867 2 has put down the right fork
3867 2 has put down the left fork
3867 1 is thinking
3867 1 has taken the right fork
3867 1 has taken the left fork
3867 1 is eating
DBG_EAT: id=1 time_last_meal=3867
3867 2 is sleeping
DBG_EAT2: id=1 meals=33
3928 1 has put down the left fork
3928 1 has put down the right fork
3928 2 is thinking
3928 1 is sleeping
3928 2 has taken the left fork
3928 2 has taken the right fork
3928 2 is eating
DBG_EAT: id=2 time_last_meal=3928
DBG_EAT2: id=2 meals=33
3988 2 has put down the right fork
3988 2 has put down the left fork
3988 1 is thinking
3988 1 has taken the right fork
3988 1 has taken the left fork
3988 1 is eating
DBG_EAT: id=1 time_last_meal=3988
3988 2 is sleeping
DBG_EAT2: id=1 meals=34
4048 1 has put down the left fork
4048 1 has put down the right fork
4048 2 is th