DBG_INIT: meal_mutex init for philo 1
DBG_INIT: meal_mutex init for philo 2
DBG: init philo[1].time_last_meal=0
DBG: init philo[2].time_last_meal=0
0 1 has taken the right fork
0 1 has taken the left fork
0 1 is eating
DBG_EAT: id=1 time_last_meal=0
DBG: start_time=1758402851748
DBG_EAT2: id=1 meals=1
60 1 has put down the left fork
61 1 has put down the right fork
61 1 is sleeping
61 2 has taken the left fork
61 2 has taken the right fork
61 2 is eating
DBG_EAT: id=2 time_last_meal=61
DBG_EAT2: id=2 meals=1
121 2 has put down the right fork
121 2 has put down the left fork
121 2 is sleeping
161 1 is thinking
161 1 has taken the right fork
161 1 has taken the left fork
161 1 is eating
DBG_EAT: id=1 time_last_meal=161
DBG_EAT2: id=1 meals=2
221 1 has put down the left fork
221 1 has put down the right fork
221 1 is sleeping
221 2 is thinking
221 2 has taken the left fork
221 2 has taken the right fork
221 2 is eating
DBG_EAT: id=2 time_last_meal=221
DBG_EAT2: id=2 meals=2
282 2 has put down the right fork
282 2 has put down the left fork
282 2 is sleeping
321 1 is thinking
321 1 has taken the right fork
321 1 has taken the left fork
321 1 is eating
DBG_EAT: id=1 time_last_meal=321
DBG_EAT2: id=1 meals=3
381 1 has put down the left fork
381 1 has put down the right fork
381 1 is sleeping
382 2 is thinking
382 2 has taken the left fork
382 2 has taken the right fork
382 2 is eating
DBG_EAT: id=2 time_last_meal=382
DBG_EAT2: id=2 meals=3
442 2 has put down the right fork
442 2 has put down the left fork
442 2 is sleeping
482 1 is thinking
482 1 has taken the right fork
482 1 has taken the left fork
482 1 is eating
DBG_EAT: id=1 time_last_meal=482
DBG_EAT2: id=1 meals=4
542 1 has put down the left fork
542 1 has put down the right fork
542 1 is sleeping
543 2 is thinking
543 2 has taken the left fork
543 2 has taken the right fork
543 2 is eating
DBG_EAT: id=2 time_last_meal=543
DBG_EAT2: id=2 meals=4
603 2 has put down the right fork
603 2 has put down the left fork
603 2 is sleeping
642 1 is thinking
642 1 has taken the right fork
642 1 has taken the left fork
642 1 is eating
DBG_EAT: id=1 time_last_meal=642
DBG_EAT2: id=1 meals=5
702 1 has put down the left fork
702 1 has put down the right fork
702 1 is sleeping
703 2 is thinking
703 2 has taken the left fork
703 2 has taken the right fork
703 2 is eating
DBG_EAT: id=2 time_last_meal=703
DBG_EAT2: id=2 meals=5
764 2 has put down the right fork
764 2 has put down the left fork
764 2 is sleeping
802 1 is thinking
802 1 has taken the right fork
802 1 has taken the left fork
802 1 is eating
DBG_EAT: id=1 time_last_meal=802
DBG_EAT2: id=1 meals=6
862 1 has put down the left fork
862 1 has put down the right fork
862 1 is sleeping
864 2 is thinking
864 2 has taken the left fork
864 2 has taken the right fork
864 2 is eating
DBG_EAT: id=2 time_last_meal=864
DBG_EAT2: id=2 meals=6
924 2 has put down the right fork
924 2 has put down the left fork
924 2 is sleeping
962 1 is thinking
962 1 has taken the right fork
962 1 has taken the left fork
962 1 is eating
DBG_EAT: id=1 time_last_meal=962
DBG_EAT2: id=1 meals=7
1023 1 has put down the left fork
1023 1 has put down the right fork
1023 1 is sleeping
1024 2 is thinking
1025 2 has taken the left fork
1025 2 has taken the right fork
1025 2 is eating
DBG_EAT: id=2 time_last_meal=1025
DBG_EAT2: id=2 meals=7
1085 2 has put down the right fork
1085 2 has put down the left fork
1085 2 is sleeping
1123 1 is thinking
1123 1 has taken the right fork
1123 1 has taken the left fork
1123 1 is eating
DBG_EAT: id=1 time_last_meal=1123
DBG_EAT2: id=1 meals=8
1183 1 has put down the left fork
1183 1 has put down the right fork
1183 1 is sleeping
1185 2 is thinking
1185 2 has taken the left fork
1185 2 has taken the right fork
1185 2 is eating
DBG_EAT: id=2 time_last_meal=1185
DBG_EAT2: id=2 meals=8
1245 2 has put down the right fork
1245 2 has put down the left fork
1245 2 is sleeping
1283 1 is thinking
1283 1 has taken the right fork
1283 1 has taken the left fork
1283 1 is eating
DBG_EAT: id=1 time_last_meal=1283
DBG_EAT2: id=1 meals=9
1344 1 has put down the left fork
1344 1 has put down the right fork
1344 1 is sleeping
1345 2 is thinking
1346 2 has taken the left fork
1346 2 has taken the right fork
1346 2 is eating
DBG_EAT: id=2 time_last_meal=1346
DBG_EAT2: id=2 meals=9
1406 2 has put down the right fork
1406 2 has put down the left fork
1406 2 is sleeping
1444 1 is thinking
1444 1 has taken the right fork
1444 1 has taken the left fork
1444 1 is eating
DBG_EAT: id=1 time_last_meal=1444
DBG_EAT2: id=1 meals=10
1504 1 has put down the left fork
1504 1 has put down the right fork
1504 1 is sleeping
1506 2 is thinking
1506 2 has taken the left fork
1506 2 has taken the right fork
1506 2 is eating
DBG_EAT: id=2 time_last_meal=1506
DBG_EAT2: id=2 meals=10
1567 2 has put down the right fork
1567 2 has put down the left fork
1567 2 is sleeping
1604 1 is thinking
1604 1 has taken the right fork
1604 1 has taken the left fork
1604 1 is eating
DBG_EAT: id=1 time_last_meal=1604
DBG_EAT2: id=1 meals=11
1664 1 has put down the left fork
1664 1 has put down the right fork
1665 1 is sleeping
1667 2 is thinking
1667 2 has taken the left fork
1667 2 has taken the right fork
1667 2 is eating
DBG_EAT: id=2 time_last_meal=1667
DBG_EAT2: id=2 meals=11
1727 2 has put down the right fork
1727 2 has put down the left fork
1727 2 is sleeping
1765 1 is thinking
1765 1 has taken the right fork
1765 1 has taken the left fork
1765 1 is eating
DBG_EAT: id=1 time_last_meal=1765
DBG_EAT2: id=1 meals=12
1825 1 has put down the left fork
1825 1 has put down the right fork
1825 1 is sleeping
1827 2 is thinking
1827 2 has taken the left fork
1827 2 has taken the right fork
1827 2 is eating
DBG_EAT: id=2 time_last_meal=1827
DBG_EAT2: id=2 meals=12
1888 2 has put down the right fork
1888 2 has put down the left fork
1888 2 is sleeping
1925 1 is thinking
1925 1 has taken the right fork
1925 1 has taken the left fork
1925 1 is eating
DBG_EAT: id=1 time_last_meal=1925
DBG_EAT2: id=1 meals=13
1985 1 has put down the left fork
1985 1 has put down the right fork
1985 1 is sleeping
1988 2 is thinking
1988 2 has taken the left fork
1988 2 has taken the right fork
1988 2 is eating
DBG_EAT: id=2 time_last_meal=1988
DBG_EAT2: id=2 meals=13
2048 2 has put down the right fork
2048 2 has put down the left fork
2048 2 is sleeping
2085 1 is thinking
2085 1 has taken the right fork
2085 1 has taken the left fork
2085 1 is eating
DBG_EAT: id=1 time_last_meal=2085
DBG_EAT2: id=1 meals=14
2145 1 has put down the left fork
2145 1 has put down the right fork
2145 1 is sleeping
2148 2 is thinking
2148 2 has taken the left fork
2148 2 has taken the right fork
2148 2 is eating
DBG_EAT: id=2 time_last_meal=2148
DBG_EAT2: id=2 meals=14
2209 2 has put down the right fork
2209 2 has put down the left fork
2209 2 is sleeping
2245 1 is thinking
2245 1 has taken the right fork
2245 1 has taken the left fork
2245 1 is eating
DBG_EAT: id=1 time_last_meal=2245
DBG_EAT2: id=1 meals=15
2306 1 has put down the left fork
2306 1 has put down the right fork
2306 1 is sleeping
2309 2 is thinking
2309 2 has taken the left fork
2309 2 has taken the right fork
2309 2 is eating
DBG_EAT: id=2 time_last_meal=2309
DBG_EAT2: id=2 meals=15
2369 2 has put down the right fork
2369 2 has put down the left fork
2369 2 is sleeping
2406 1 is thinking
2406 1 has taken the right fork
2406 1 has taken the left fork
2406 1 is eating
DBG_EAT: id=1 time_last_meal=2406
DBG_EAT2: id=1 meals=16
2466 1 has put down the left fork
2466 1 has put down the right fork
2466 1 is sleeping
2469 2 is thinking
2469 2 has taken the left fork
2469 2 has taken the right fork
2469 2 is eating
DBG_EAT: id=2 time_last_meal=2469
DBG_EAT2: id=2 meals=16
2530 2 has put down the right fork
2530 2 has put down the left fork
2530 2 is sleeping
2566 1 is thinking
2566 1 has taken the right fork
2566 1 has taken the left fork
2566 1 is eating
DBG_EAT: id=1 time_last_meal=2566
DBG_EAT2: id=1 meals=17
2627 1 has put down the left fork
2627 1 has put down the right fork
2627 1 is sleeping
2630 2 is thinking
2630 2 has taken the left fork
2630 2 has taken the right fork
2630 2 is eating
DBG_EAT: id=2 time_last_meal=2630
DBG_EAT2: id=2 meals=17
2690 2 has put down the right fork
2690 2 has put down the left fork
2690 2 is sleeping
2727 1 is thinking
2727 1 has taken the right fork
2727 1 has taken the left fork
2727 1 is eating
DBG_EAT: id=1 time_last_meal=2727
DBG_EAT2: id=1 meals=18
2787 1 has put down the left fork
2787 1 has put down the right fork
2787 1 is sleeping
2790 2 is thinking
2790 2 has taken the left fork
2790 2 has taken the right fork
2790 2 is eating
DBG_EAT: id=2 time_last_meal=2790
DBG_EAT2: id=2 meals=18
2851 2 has put down the right fork
2851 2 has put down the left fork
2851 2 is sleeping
2887 1 is thinking
2887 1 has taken the right fork
2887 1 has taken the left fork
2887 1 is eating
DBG_EAT: id=1 time_last_meal=2887
DBG_EAT2: id=1 meals=19
2947 1 has put down the left fork
2947 1 has put down the right fork
2947 1 is sleeping
2951 2 is thinking
2951 2 has taken the left fork
2951 2 has taken the right fork
2951 2 is eating
DBG_EAT: id=2 time_last_meal=2951
DBG_EAT2: id=2 meals=19
3011 2 has put down the right fork
3011 2 has put down the left fork
3011 2 is sleeping
3047 1 is thinking
3047 1 has taken the right fork
3047 1 has taken the left fork
3047 1 is eating
DBG_EAT: id=1 time_last_meal=3047
DBG_EAT2: id=1 meals=20
3108 1 has put down the left fork
3108 1 has put down the right fork
3108 1 is sleeping
3111 2 is thinking
3111 2 has taken the left fork
3111 2 has taken the right fork
3111 2 is eating
DBG_EAT: id=2 time_last_meal=3111
DBG_EAT2: id=2 meals=20
3172 2 has put down the right fork
3172 2 has put down the left fork
3172 2 is sleeping
3208 1 is thinking
3208 1 has taken the right fork
3208 1 has taken the left fork
3208 1 is eating
DBG_EAT: id=1 time_last_meal=3208
DBG_EAT2: id=1 meals=21
3268 1 has put down the left fork
3268 1 has put down the right fork
3268 1 is sleeping
3272 2 is thinking
3272 2 has taken the left fork
3272 2 has taken the right fork
3272 2 is eating
DBG_EAT: id=2 time_last_meal=3272
DBG_EAT2: id=2 meals=21
3332 2 has put down the right fork
3332 2 has put down the left fork
3332 2 is sleeping
3368 1 is thinking
3368 1 has taken the right fork
3368 1 has taken the left fork
3368 1 is eating
DBG_EAT: id=1 time_last_meal=3368
DBG_EAT2: id=1 meals=22
3428 1 has put down the left fork
3428 1 has put down the right fork
3428 1 is sleeping
3432 2 is thinking
3432 2 has taken the left fork
3432 2 has taken the right fork
3432 2 is eating
DBG_EAT: id=2 time_last_meal=3432
DBG_EAT2: id=2 meals=22
3492 2 has put down the right fork
3492 2 has put down the left fork
3493 2 is sleeping
3528 1 is thinking
3528 1 has taken the right fork
3528 1 has taken the left fork
3528 1 is eating
DBG_EAT: id=1 time_last_meal=3528
DBG_EAT2: id=1 meals=23
3588 1 has put down the left fork
3588 1 has put down the right fork
3588 1 is sleeping
3593 2 is thinking
3593 2 has taken the left fork
3593 2 has taken the right fork
3593 2 is eating
DBG_EAT: id=2 time_last_meal=3593
DBG_EAT2: id=2 meals=23
3653 2 has put down the right fork
3653 2 has put down the left fork
3653 2 is sleeping
3688 1 is thinking
3688 1 has taken the right fork
3688 1 has taken the left fork
3688 1 is eating
DBG_EAT: id=1 time_last_meal=3688
DBG_EAT2: id=1 meals=24
3749 1 has put down the left fork
3749 1 has put down the right fork
3749 1 is sleeping
3753 2 is thinking
3753 2 has taken the left fork
3753 2 has taken the right fork
3753 2 is eating
DBG_EAT: id=2 time_last_meal=3753
DBG_EAT2: id=2 meals=24
3814 2 has put down the right fork
3814 2 has put down the left fork
3814 2 is sleeping
3849 1 is thinking
3849 1 has taken the right fork
3849 1 has taken the left fork
3849 1 is eating
DBG_EAT: id=1 time_last_meal=3849
DBG_EAT2: id=1 meals=25
3909 1 has put down the left fork
3909 1 has put down the right fork
3909 1 is sleeping
3914 2 is thinking
3914 2 has taken the left fork
3914 2 has taken the right fork
3914 2 is eating
DBG_EAT: id=2 time_last_meal=3914
DBG_EAT2: id=2 meals=25
3974 2 has put down the right fork
3974 2 has put down the left fork
3974 2 is sleeping
4009 1 is thinking
4009 1 has 