DBG_INIT: meal_mutex init for philo 1
DBG_INIT: meal_mutex init for philo 2
DBG_INIT: meal_mutex init for philo 3
DBG_INIT: meal_mutex init for philo 4
DBG: init philo[1].time_last_meal=0
DBG: init philo[2].time_last_meal=0
DBG: init philo[3].time_last_meal=0
DBG: init philo[4].time_last_meal=0
1 1 has taken the right fork
1 1 has taken the left fork
1 1 is eating
DBG_EAT: id=1 time_last_meal=1
1 3 has taken the right fork
1 3 has taken the left fork
1 3 is eating
DBG_EAT: id=3 time_last_meal=1
DBG: start_time=1758386959130
DBG_EAT2: id=1 meals=1
61 1 has put down the left fork
61 1 has put down the right fork
61 1 is sleeping
61 4 has taken the left fork
DBG_EAT2: id=3 meals=1
61 3 has put down the left fork
61 3 has put down the right fork
61 3 is sleeping
61 4 has taken the right fork
61 4 is eating
DBG_EAT: id=4 time_last_meal=61
61 2 has taken the left fork
61 2 has taken the right fork
61 2 is eating
DBG_EAT: id=2 time_last_meal=61
DBG_EAT2: id=2 meals=1
122 2 has put down the right fork
122 2 has put down the left fork
122 2 is sleeping
DBG_EAT2: id=4 meals=1
122 4 has put down the right fork
122 4 has put down the left fork
122 4 is sleeping
161 1 is thinking
161 1 has taken the right fork
161 1 has taken the left fork
161 1 is eating
DBG_EAT: id=1 time_last_meal=161
162 3 is thinking
162 3 has taken the right fork
162 3 has taken the left fork
162 3 is eating
DBG_EAT: id=3 time_last_meal=162
DBG_EAT2: id=1 meals=2
221 1 has put down the left fork
221 1 has put down the right fork
221 1 is sleeping
DBG_EAT2: id=3 meals=2
222 3 has put down the left fork
222 3 has put down the right fork
222 3 is sleeping
222 2 is thinking
222 4 is thinking
222 2 has taken the left fork
222 2 has taken the right fork
222 2 is eating
DBG_EAT: id=2 time_last_meal=222
222 4 has taken the left fork
222 4 has taken the right fork
222 4 is eating
DBG_EAT: id=4 time_last_meal=222
DBG_EAT2: id=4 meals=2
282 4 has put down the right fork
282 4 has put down the left fork
282 4 is sleeping
DBG_EAT2: id=2 meals=2
283 2 has put down the right fork
283 2 has put down the left fork
283 2 is sleeping
321 1 is thinking
321 1 has taken the right fork
321 1 has taken the left fork
321 1 is eating
DBG_EAT: id=1 time_last_meal=321
322 3 is thinking
322 3 has taken the right fork
322 3 has taken the left fork
322 3 is eating
DBG_EAT: id=3 time_last_meal=322
DBG_EAT2: id=1 meals=3
382 1 has put down the left fork
382 1 has put down the right fork
382 1 is sleeping
DBG_EAT2: id=3 meals=3
382 3 has put down the left fork
382 3 has put down the right fork
382 3 is sleeping
383 4 is thinking
383 2 is thinking
383 4 has taken the left fork
383 4 has taken the right fork
383 4 is eating
DBG_EAT: id=4 time_last_meal=383
383 2 has taken the left fork
383 2 has taken the right fork
383 2 is eating
DBG_EAT: id=2 time_last_meal=383
DBG_EAT2: id=4 meals=3
443 4 has put down the right fork
443 4 has put down the left fork
443 4 is sleeping
DBG_EAT2: id=2 meals=3
443 2 has put down the right fork
443 2 has put down the left fork
443 2 is sleeping
482 1 is thinking
482 1 has taken the right fork
482 1 has taken the left fork
482 1 is eating
DBG_EAT: id=1 time_last_meal=482
482 3 is thinking
482 3 has taken the right fork
482 3 has taken the left fork
482 3 is eating
DBG_EAT: id=3 time_last_meal=482
DBG_EAT2: id=3 meals=4
542 3 has put down the left fork
542 3 has put down the right fork
542 3 is sleeping
DBG_EAT2: id=1 meals=4
542 1 has put down the left fork
542 1 has put down the right fork
542 1 is sleeping
543 2 is thinking
543 4 is thinking
543 2 has taken the left fork
543 2 has taken the right fork
543 2 is eating
DBG_EAT: id=2 time_last_meal=543
543 4 has taken the left fork
543 4 has taken the right fork
543 4 is eating
DBG_EAT: id=4 time_last_meal=543
DBG_EAT2: id=4 meals=4
604 4 has put down the right fork
604 4 has put down the left fork
604 4 is sleeping
DBG_EAT2: id=2 meals=4
604 2 has put down the right fork
604 2 has put down the left fork
604 2 is sleeping
642 3 is thinking
642 3 has taken the right fork
642 3 has taken the left fork
642 3 is eating
DBG_EAT: id=3 time_last_meal=642
642 1 is thinking
642 1 has taken the right fork
642 1 has taken the left fork
642 1 is eating
DBG_EAT: id=1 time_last_meal=642
DBG_EAT2: id=1 meals=5
703 1 has put down the left fork
703 1 has put down the right fork
DBG_EAT2: id=3 meals=5
703 3 has put down the left fork
703 3 has put down the right fork
703 3 is sleeping
703 1 is sleeping
704 4 is thinking
704 2 is thinking
704 4 has taken the left fork
704 4 has taken the right fork
704 4 is eating
DBG_EAT: id=4 time_last_meal=704
704 2 has taken the left fork
704 2 has taken the right fork
704 2 is eating
DBG_EAT: id=2 time_last_meal=704
DBG_EAT2: id=4 meals=5
764 4 has put down the right fork
764 4 has put down the left fork
DBG_EAT2: id=2 meals=5
764 2 has put down the right fork
764 2 has put down the left fork
764 2 is sleeping
764 4 is sleeping
803 3 is thinking
803 3 has taken the right fork
803 3 has taken the left fork
803 3 is eating
DBG_EAT: id=3 time_last_meal=803
803 1 is thinking
803 1 has taken the right fork
803 1 has taken the left fork
803 1 is eating
DBG_EAT: id=1 time_last_meal=803
DBG_EAT2: id=3 meals=6
863 3 has put down the left fork
863 3 has put down the right fork
863 3 is sleeping
DBG_EAT2: id=1 meals=6
863 1 has put down the left fork
863 1 has put down the right fork
863 1 is sleeping
864 2 is thinking
864 4 is thinking
865 4 has taken the left fork
865 4 has taken the right fork
865 4 is eating
DBG_EAT: id=4 time_last_meal=865
865 2 has taken the left fork
865 2 has taken the right fork
865 2 is eating
DBG_EAT: id=2 time_last_meal=865
DBG_EAT2: id=2 meals=6
925 2 has put down the right fork
925 2 has put down the left fork
DBG_EAT2: id=4 meals=6
925 4 has put down the right fork
925 4 has put down the left fork
925 4 is sleeping
925 2 is sleeping
963 3 is thinking
963 3 has taken the right fork
963 3 has taken the left fork
963 3 is eating
DBG_EAT: id=3 time_last_meal=963
963 1 is thinking
963 1 has taken the right fork
963 1 has taken the left fork
963 1 is eating
DBG_EAT: id=1 time_last_meal=963
DBG_EAT2: id=1 meals=7
1023 1 has put down the left fork
1023 1 has put down the right fork
1023 1 is sleeping
DBG_EAT2: id=3 meals=7
1023 3 has put down the left fork
1023 3 has put down the right fork
1023 3 is sleeping
1025 4 is thinking
1025 2 is thinking
1025 4 has taken the left fork
1025 4 has taken the right fork
1025 4 is eating
DBG_EAT: id=4 time_last_meal=1025
1025 2 has taken the left fork
1025 2 has taken the right fork
1025 2 is eating
DBG_EAT: id=2 time_last_meal=1025
DBG_EAT2: id=4 meals=7
1085 4 has put down the right fork
1085 4 has put down the left fork
1085 4 is sleeping
DBG_EAT2: id=2 meals=7
1085 2 has put down the right fork
1085 2 has put down the left fork
1085 2 is sleeping
1124 1 is thinking
1124 1 has taken the right fork
1124 1 has taken the left fork
1124 1 is eating
DBG_EAT: id=1 time_last_meal=1124
1124 3 is thinking
1124 3 has taken the right fork
1124 3 has taken the left fork
1124 3 is eating
DBG_EAT: id=3 time_last_meal=1124
DBG_EAT2: id=1 meals=8
1184 1 has put down the left fork
1184 1 has put down the right fork
DBG_EAT2: id=3 meals=8
1184 3 has put down the left fork
1184 3 has put down the right fork
1184 3 is sleeping
1184 1 is sleeping
1185 4 is thinking
1186 2 is thinking
1186 4 has taken the left fork
1186 4 has taken the right fork
1186 4 is eating
DBG_EAT: id=4 time_last_meal=1186
1186 2 has taken the left fork
1186 2 has taken the right fork
1186 2 is eating
DBG_EAT: id=2 time_last_meal=1186
DBG_EAT2: id=2 meals=8
1246 2 has put down the right fork
1246 2 has put down the left fork
DBG_EAT2: id=4 meals=8
1246 4 has put down the right fork
1246 4 has put down the left fork
1246 4 is sleeping
1246 2 is sleeping
1284 3 is thinking
1284 3 has taken the right fork
1284 3 has taken the left fork
1284 3 is eating
DBG_EAT: id=3 time_last_meal=1284
1284 1 is thinking
1284 1 has taken the right fork
1284 1 has taken the left fork
1284 1 is eating
DBG_EAT: id=1 time_last_meal=1284
DBG_EAT2: id=3 meals=9
1344 3 has put down the left fork
1344 3 has put down the right fork
1344 3 is sleeping
DBG_EAT2: id=1 meals=9
1344 1 has put down the left fork
1344 1 has put down the right fork
1344 1 is sleeping
1346 4 is thinking
1346 2 is thinking
1346 4 has taken the left fork
1346 4 has taken the right fork
1346 4 is eating
DBG_EAT: id=4 time_last_meal=1346
1346 2 has taken the left fork
1346 2 has taken the right fork
1346 2 is eating
DBG_EAT: id=2 time_last_meal=1346
DBG_EAT2: id=4 meals=9
1407 4 has put down the right fork
1407 4 has put down the left fork
1407 4 is sleeping
DBG_EAT2: id=2 meals=9
1407 2 has put down the right fork
1407 2 has put down the left fork
1407 2 is sleeping
1444 3 is thinking
1444 3 has taken the right fork
1444 3 has taken the left fork
1444 3 is eating
DBG_EAT: id=3 time_last_meal=1444
1444 1 is thinking
1444 1 has taken the right fork
1444 1 has taken the left fork
1444 1 is eating
DBG_EAT: id=1 time_last_meal=1444
DBG_EAT2: id=1 meals=10
1505 1 has put down the left fork
1505 1 has put down the right fork
1505 1 is sleeping
DBG_EAT2: id=3 meals=10
1505 3 has put down the left fork
1505 3 has put down the right fork
1505 3 is sleeping
1507 4 is thinking
1507 2 is thinking
1507 4 has taken the left fork
1507 4 has taken the right fork
1507 4 is eating
DBG_EAT: id=4 time_last_meal=1507
1507 2 has taken the left fork
1507 2 has taken the right fork
1507 2 is eating
DBG_EAT: id=2 time_last_meal=1507
DBG_EAT2: id=4 meals=10
1567 4 has put down the right fork
1567 4 has put down the left fork
1567 4 is sleeping
DBG_EAT2: id=2 meals=10
1567 2 has put down the right fork
1567 2 has put down the left fork
1567 2 is sleeping
1605 1 is thinking
1605 1 has taken the right fork
1605 1 has taken the left fork
1605 1 is eating
DBG_EAT: id=1 time_last_meal=1605
1605 3 is thinking
1605 3 has taken the right fork
1605 3 has taken the left fork
1605 3 is eating
DBG_EAT: id=3 time_last_meal=1605
DBG_EAT2: id=3 meals=11
1665 3 has put down the left fork
1665 3 has put down the right fork
1665 3 is sleeping
DBG_EAT2: id=1 meals=11
1665 1 has put down the left fork
1665 1 has put down the right fork
1665 1 is sleeping
1667 4 is thinking
1667 2 is thinking
1667 4 has taken the left fork
1667 4 has taken the right fork
1667 4 is eating
DBG_EAT: id=4 time_last_meal=1667
1667 2 has taken the left fork
1667 2 has taken the right fork
1667 2 is eating
DBG_EAT: id=2 time_last_meal=1667
DBG_EAT2: id=2 meals=11
1727 2 has put down the right fork
1727 2 has put down the left fork
DBG_EAT2: id=4 meals=11
1727 4 has put down the right fork
1727 4 has put down the left fork
1727 4 is sleeping
1727 2 is sleeping
1765 1 is thinking
1765 1 has taken the right fork
1765 1 has taken the left fork
1765 1 is eating
DBG_EAT: id=1 time_last_meal=1765
1765 3 is thinking
1765 3 has taken the right fork
1765 3 has taken the left fork
1765 3 is eating
DBG_EAT: id=3 time_last_meal=1765
DBG_EAT2: id=3 meals=12
1825 3 has put down the left fork
1825 3 has put down the right fork
1825 3 is sleeping
DBG_EAT2: id=1 meals=12
1825 1 has put down the left fork
1825 1 has put down the right fork
1825 1 is sleeping
1828 4 is thinking
1828 2 is thinking
1828 4 has taken the left fork
1828 4 has taken the right fork
1828 4 is eating
DBG_EAT: id=4 time_last_meal=1828
1828 2 has taken the left fork
1828 2 has taken the right fork
1828 2 is eating
DBG_EAT: id=2 time_last_meal=1828
DBG_EAT2: id=2 meals=12
1888 2 has put down the right fork
1888 2 has put down the left fork
DBG_EAT2: id=4 meals=12
1888 4 has put down the right fork
1888 4 has put down the left fork
1888 4 is sleeping
1888 2 is sleeping
1925 3 is thinking
1925 3 has taken the right fork
1925 3 has taken the left fork
1925 3 is eating
DBG_EAT: id=3 time_last_meal=1925
1925 1 is thinking
1925 1 has taken the right fork
1925 1 has taken the left fork
1925 1 is eating
DBG_EAT: id=1 time_last_meal=1925
DBG_EAT2: id=1 meals=13
1986 1 has put down the left fork
1986 1 has put down the right fork
1986 1 is sleeping
DBG_EAT2: id=3 meals=13
1986 3 has put down the left fork
1986 3 has put down the right fork
1986 3 is sleeping
1988 4 is thinking
1988 2 is thinking
1988 4 has taken the left fork
1988 4 has taken the right fork
1988 4 is eating
DBG_EAT: id=4 time_last_meal=1988
1988 2 has taken the left fork
1988 2 has taken the right fork
1988 2 is eating
DBG_EAT: id=2 time_last_meal=1988
DBG_EAT2: id=4 meals=13
2049 4 has put down the right fork
2049 4 has put down the left fork
2049 4 is sleeping
DBG_EAT2: id=2 meals=13
2049 2 has put down the right fork
2049 2 has put down the left fork
2049 2 is sleeping
2086 1 is thinking
2086 1 has taken the right fork
2086 1 has taken the left fork
2086 1 is eating
DBG_EAT: id=1 time_last_meal=2086
2086 3 is thinking
2086 3 has taken the right fork
2086 3 has taken the left fork
2086 3 is eating
DBG_EAT: id=3 time_last_meal=2086
DBG_EAT2: id=1 meals=14
2146 1 has put down the left fork
2146 1 has put down the right fork
DBG_EAT2: id=3 meals=14
2146 3 has put down the left fork
2146 3 has put down the right fork
2146 3 is sleeping
2146 1 is sleeping
2149 4 is thinking
2149 2 is thinking
2149 4 has taken the left fork
2149 4 has taken the right fork
2149 4 is eating
DBG_EAT: id=4 time_last_meal=2149
2149 2 has taken the left fork
2149 2 has taken the right fork
2149 2 is eating
DBG_EAT: id=2 time_last_meal=2149
DBG_EAT2: id=2 meals=14
2209 2 has put down the right fork
2209 2 has put down the left fork
DBG_EAT2: id=4 meals=14
2209 4 has put down the right fork
2209 4 has put down the left fork
2209 4 is sleeping
2209 2 is sleeping
2246 3 is thinking
2246 3 has taken the right fork
2246 3 has taken the left fork
2246 3 is eating
DBG_EAT: id=3 time_last_meal=2246
2246 1 is thinking
2246 1 has taken the right fork
2246 1 has taken the left fork
2246 1 is eating
DBG_EAT: id=1 time_last_meal=2246
DBG_EAT2: id=3 meals=15
2306 3 has put down the left fork
2306 3 has put down the right fork
2306 3 is sleeping
DBG_EAT2: id=1 meals=15
2306 1 has put down the left fork
2306 1 has put down the right fork
2306 1 is sleeping
2309 4 is thinking
2309 2 is thinking
2309 4 has taken the left fork
2309 4 has taken the right fork
2309 4 is eating
DBG_EAT: id=4 time_last_meal=2309
2310 2 has taken the left fork
2310 2 has taken the right fork
2310 2 is eating
DBG_EAT: id=2 time_last_meal=2310
DBG_EAT2: id=4 meals=15
DBG_EAT2: id=2 meals=15
2370 2 has put down the right fork
2370 2 has put down the left fork
2370 4 has put down the right fork
2370 4 has put down the left fork
2370 4 is sleeping
2370 2 is sleeping
2406 1 is thinking
2406 1 has taken the right fork
2406 1 has taken the left fork
2406 1 is eating
DBG_EAT: id=1 time_last_meal=2406
2406 3 is thinking
2406 3 has taken the right fork
2406 3 has taken the left fork
2406 3 is eating
DBG_EAT: id=3 time_last_meal=2406
DBG_EAT2: id=1 meals=16
2467 1 has put down the left fork
2467 1 has put down the right fork
DBG_EAT2: id=3 meals=16
2467 3 has put down the left fork
2467 3 has put down the right fork
2467 3 is sleeping
2467 1 is sleeping
2470 4 is thinking
2470 2 is thinking
2470 4 has taken the left fork
2470 4 has taken the right fork
2470 4 is eating
DBG_EAT: id=4 time_last_meal=2470
2470 2 has taken the left fork
2470 2 has taken the right fork
2470 2 is eating
DBG_EAT: id=2 time_last_meal=2470
DBG_EAT2: id=2 meals=16
2530 2 has put down the right fork
2530 2 has put down the left fork
DBG_EAT2: id=4 meals=16
2530 4 has put down the right fork
2530 4 has put down the left fork
2530 4 is sleeping
2530 2 is sleeping
2567 3 is thinking
2567 3 has taken the right fork
2567 3 has taken the left fork
2567 3 is eating
DBG_EAT: id=3 time_last_meal=2567
2567 1 is thinking
2567 1 has taken the right fork
2567 1 has taken the left fork
2567 1 is eating
DBG_EAT: id=1 time_last_meal=2567
DBG_EAT2: id=3 meals=17
2627 3 has put down the left fork
2627 3 has put down the right fork
2627 3 is sleeping
DBG_EAT2: id=1 meals=17
2627 1 has put down the left fork
2627 1 has put down the right fork
2627 1 is sleeping
2630 4 is thinking
2630 2 is thinking
2630 4 has taken the left fork
2630 4 has taken the right fork
2630 4 is eating
DBG_EAT: id=4 time_last_meal=2630
2630 2 has taken the left fork
2630 2 has taken the right fork
2630 2 is eating
DBG_EAT: id=2 time_last_meal=2630
DBG_EAT2: id=4 meals=17
2690 4 has put down the right fork
2690 4 has put down the left fork
2690 4 is sleeping
DBG_EAT2: id=2 meals=17
2690 2 has put down the right fork
2690 2 has put down the left fork
2690 2 is sleeping
2727 3 is thinking
2727 3 has taken the right fork
2727 3 has taken the left fork
2727 3 is eating
DBG_EAT: id=3 time_last_meal=2727
2727 1 is thinking
2727 1 has taken the right fork
2727 1 has taken the left fork
2727 1 is eating
DBG_EAT: id=1 time_last_meal=2727
DBG_EAT2: id=1 meals=18
2787 1 has put down the left fork
2787 1 has put down the right fork
2787 1 is sleeping
DBG_EAT2: id=3 meals=18
2787 3 has put down the left fork
2787 3 has put down the right fork
2787 3 is sleeping
2790 4 is thinking
2791 2 is thinking
2791 4 has taken the left fork
2791 4 has taken the right fork
2791 4 is eating
DBG_EAT: id=4 time_last_meal=2791
2791 2 has taken the left fork
2791 2 has taken the right fork
2791 2 is eating
DBG_EAT: id=2 time_last_meal=2791
DBG_EAT2: id=4 meals=18
2851 4 has put down the right fork
2851 4 has put down the left fork
2851 4 is sleeping
DBG_EAT2: id=2 meals=18
2851 2 has put down the right fork
2851 2 has put down the left fork
2851 2 is sleeping
2887 1 is thinking
2887 1 has taken the right fork
2887 1 has taken the left fork
2887 1 is eating
DBG_EAT: id=1 time_last_meal=2887
2887 3 is thinking
2887 3 has taken the right fork
2887 3 has taken the left fork
2887 3 is eating
DBG_EAT: id=3 time_last_meal=2887
DBG_EAT2: id=1 meals=19
2947 1 has put down the left fork
2947 1 has put down the right fork
2947 1 is sleeping
DBG_EAT2: id=3 meals=19
2947 3 has put down the left fork
2947 3 has put down the right fork
2947 3 is sleeping
2951 4 is thinking
2951 2 is thinking
2951 4 has taken the left fork
2951 4 has taken the right fork
2951 4 is eating
DBG_EAT: id=4 time_last_meal=2951
2951 2 has taken the left fork
2951 2 has taken the right fork
2951 2 is eating
DBG_EAT: id=2 time_last_meal=2951
DBG_EAT2: id=4 meals=19
3011 4 has put down the right fork
3011 4 has put down the left fork
3011 4 is sleeping
DBG_EAT2: id=2 meals=19
3012 2 has put down the right fork
3012 2 has put down the left fork
3012 2 is sleeping
3047 1 is thinking
3047 1 has taken the right fork
3047 1 has taken the left fork
3047 1 is eating
DBG_EAT: id=1 time_last_meal=3047
3047 3 is thinking
3047 3 has taken the right fork
3047 3 has taken the left fork
3047 3 is eating
DBG_EAT: id=3 time_last_meal=3047
DBG_EAT2: id=1 meals=20
3108 1 has put down the left fork
3108 1 has put down the right fork
3108 1 is sleeping
DBG_EAT2: id=3 meals=20
3108 3 has put down the left fork
3108 3 has put down the right fork
3108 3 is sleeping
3112 4 is thinking
3112 2 is thinking
3112 4 has taken the left fork
3112 4 has taken the right fork
3112 4 is eating
DBG_EAT: id=4 time_last_meal=3112
3112 2 has taken the left fork
3112 2 has taken the right fork
3112 2 is eating
DBG_EAT: id=2 time_last_meal=3112
DBG_EAT2: id=4 meals=20
3172 4 has put down the right fork
3172 4 has put down the left fork
3172 4 is sleeping
DBG_EAT2: id=2 meals=20
3172 2 has put down the right fork
3172 2 has put down the left fork
3172 2 is sleeping
3208 1 is thinking
3208 1 has taken the right fork
3208 1 has taken the left fork
3208 1 is eating
DBG_EAT: id=1 time_last_meal=3208
3208 3 is thinking
3208 3 has taken the right fork
3208 3 has taken the left fork
3208 3 is eating
DBG_EAT: id=3 time_last_meal=3208
DBG_EAT2: id=3 meals=21
3268 3 has put down the left fork
3268 3 has put down the right fork
3268 3 is sleeping
DBG_EAT2: id=1 meals=21
3268 1 has put down the left fork
3268 1 has put down the right fork
3268 1 is sleeping
3272 4 is thinking
3272 4 has taken the left fork
3272 4 has taken the right fork
3272 4 is eating
DBG_EAT: id=4 time_last_meal=3272
3272 2 is thinking
3272 2 has taken the left fork
3272 2 has taken the right fork
3272 2 is eating
DBG_EAT: id=2 time_last_meal=3272
DBG_EAT2: id=2 meals=21
3332 2 has put down the right fork
3332 2 has put down the left fork
3332 2 is sleeping
DBG_EAT2: id=4 meals=21
3332 4 has put down the right fork
3333 4 has put down the left fork
3333 4 is sleeping
3368 3 is thinking
3368 3 has taken the right fork
3368 3 has taken the left fork
3368 3 is eating
DBG_EAT: id=3 time_last_meal=3368
3368 1 is thinking
3368 1 has taken the right fork
3368 1 has taken the left fork
3368 1 is eating
DBG_EAT: id=1 time_last_meal=3368
DBG_EAT2: id=3 meals=22
3428 3 has put down the left fork
3428 3 has put down the right fork
DBG_EAT2: id=1 meals=22
3428 1 has put down the left fork
3428 1 has put down the right fork
3428 1 is sleeping
3428 3 is sleeping
3433 2 is thinking
3433 2 has taken the left fork
3433 2 has taken the right fork
3433 2 is eating
DBG_EAT: id=2 time_last_meal=3433
3433 4 is thinking
3433 4 has taken the left fork
3433 4 has taken the right fork
3433 4 is eating
DBG_EAT: id=4 time_last_meal=3433
DBG_EAT2: id=2 meals=22
3493 2 has put down the right fork
3493 2 has put down the left fork
3493 2 is sleeping
DBG_EAT2: id=4 meals=22
3493 4 has put down the right fork
3493 4 has put down the left fork
3493 4 is sleeping
3528 1 is thinking
3528 1 has taken the right fork
3528 1 has taken the left fork
3528 1 is eating
DBG_EAT: id=1 time_last_meal=3528
3528 3 is thinking
3528 3 has taken the right fork
3528 3 has taken the left fork
3528 3 is eating
DBG_EAT: id=3 time_last_meal=3528
DBG_EAT2: id=3 meals=23
3588 3 has put down the left fork
3588 3 has put down the right fork
3588 3 is sleeping
DBG_EAT2: id=1 meals=23
3588 1 has put down the left fork
3588 1 has put down the right fork
3588 1 is sleeping
3593 2 is thinking
3593 4 is thinking
3593 2 has taken the left fork
3593 2 has taken the right fork
3593 2 is eating
DBG_EAT: id=2 time_last_meal=3593
3593 4 has taken the left fork
3593 4 has taken the right fork
3593 4 is eating
DBG_EAT: id=4 time_last_meal=3593
DBG_EAT2: id=4 meals=23
3653 4 has put down the right fork
3653 4 has put down the left fork
3653 4 is sleeping
DBG_EAT2: id=2 meals=23
3653 2 has put down the right fork
3653 2 has put down the left fork
3653 2 is sleeping
3688 3 is thinking
3688 3 has taken the right fork
3688 3 has taken the left fork
3688 3 is eating
DBG_EAT: id=3 time_last_meal=3688
3689 1 is thinking
3689 1 has taken the right fork
3689 1 has taken the left fork
3689 1 is eating
DBG_EAT: id=1 time_last_meal=3689
DBG_EAT2: id=1 meals=24
3749 1 has put down the left fork
3749 1 has put down the right fork
3749 1 is sleeping
DBG_EAT2: id=3 meals=24
3749 3 has put down the left fork
3749 3 has put down the right fork
3749 3 is sleeping
3753 4 is thinking
3754 2 is thinking
3754 4 has taken the left fork
3754 4 has taken the right fork
3754 4 is eating
DBG_EAT: id=4 time_last_meal=3754
3754 2 has taken the left fork
3754 2 has taken the right fork
3754 2 is eating
DBG_EAT: id=2 time_last_meal=3754
DBG_EAT2: id=2 meals=24
3814 2 has put down the right fork
3814 2 has put down the left fork
DBG_EAT2: id=4 meals=24
3814 4 has put down the right fork
3814 4 has put down the left fork
3814 4 is sleeping
3814 2 is sleeping
3849 1 is thinking
3849 1 has taken the right fork
3849 1 has taken the left fork
3849 1 is eating
DBG_EAT: id=1 time_last_meal=3849
3849 3 is thinking
3849 3 has taken the right fork
3849 3 has taken the left fork
3849 3 is eating
DBG_EAT: id=3 time_last_meal=3849
DBG_EAT2: id=1 meals=25
3909 1 has put down the left fork
3909 1 has put down the right fork
DBG_EAT2: id=3 meals=25
3909 3 has put down the left fork
3909 3 has put down the right fork
3909 3 is sleeping
3909 1 is sleeping
3914 4 is thinking
3914 2 is thinking
3914 4 has taken the left fork
3914 4 has taken the right fork
3914 4 is eating
DBG_EAT: id=4 time_last_meal=3914
3914 2 has taken the left fork
3914 2 has taken the right fork
3914 2 is eating
DBG_EAT: id=2 time_last_meal=3914
DBG_EAT2: id=2 meals=25
3974 2 has put down the right fork
3974 2 has put down the left fork
DBG_EAT2: id=4 meals=25
3974 4 has put down the right fork
3974 4 has put down the left fork
3974 4 is sleeping
3974 2 is sleeping
4009 3 is thinking
4009 3 has taken the right fork
4009 3 has taken the left fork
4009 3 is eating
DBG_EAT: id=3 time_last_meal=4009
4009 1 is thinking
4009 1 has taken the right fork
4009 1 has taken the left fork
4009 1 is eating
DBG_EAT: id=1 time_last_meal=4009
DBG_EAT2: id=1 meals=26
4069 1 has put down the left fork
4069 1 has put down the right fork
4069 1 is sleeping
DBG_EAT2: id=3 meals=26
4069 3 has put down the left fork
4069 3 has put down the right fork
4070 3 is sleeping
4075 4 is thinking
4075 2 is thinking
4075 2 has taken the left fork
4075 2 has taken the right fork
4075 2 is eating
DBG_EAT: id=2 time_last_meal=4075
4075 4 has taken the left fork
4075 4 has taken the right fork
4075 4 is eating
DBG_EAT: id=4 time_last_meal=4075
DBG_EAT2: id=2 meals=26
4135 2 has put down the right fork
4135 2 has put down the left fork
DBG_EAT2: id=4 meals=26
4135 4 has put down the right fork
4135 4 has put down the left fork
4135 4 is sleeping
4135 2 is sleeping
4170 1 is thinking
4170 1 has taken the right fork
4170 1 has taken the left fork
4170 1 is eating
DBG_EAT: id=1 time_last_meal=4170
4170 3 is thinking
4170 3 has taken the right fork
4170 3 has taken the left fork
4170 3 is eating
DBG_EAT: id=3 time_last_meal=4170
DBG_EAT2: id=1 meals=27
4230 1 has put down the left fork
4230 1 has put down the right fork
DBG_EAT2: id=3 meals=27
4230 3 has put down the left fork
4230 3 has put down the right fork
4230 3 is sleeping
4230 1 is sleeping
4235 2 is thinking
4235 4 is thinking
4235 2 has taken the left fork
4235 2 has taken the right fork
4235 2 is eating
DBG_EAT: id=2 time_last_meal=4235
4235 4 has taken the left fork
4235 4 has taken the right fork
4235 4 is eating
DBG_EAT: id=4 time_last_meal=4235
DBG_EAT2: id=2 meals=27
4296 2 has put down the right fork
4296 2 has put down the left fork
DBG_EAT2: id=4 meals=27
4296 4 has put down the right fork
4296 4 has put down the left fork
4296 4 is sleeping
4296 2 is sleeping
4330 3 is thinking
4330 3 has taken the right fork
4330 3 has taken the left fork
4330 3 is eating
DBG_EAT: id=3 time_last_meal=4330
4330 1 is thinking
4330 1 has taken the right fork
4330 1 has taken the left fork
4330 1 is eating
DBG_EAT: id=1 time_last_meal=4330
DBG_EAT2: id=3 meals=28
4390 3 has put down the left fork
4390 3 has put down the right fork
4390 3 is sleeping
DBG_EAT2: id=1 meals=28
4390 1 has put down the left fork
4390 1 has put down the right fork
4390 1 is sleeping
4396 4 is thinking
4396 2 is thinking
4396 4 has taken the left fork
4396 4 has taken the right fork
4396 4 is eating
DBG_EAT: id=4 time_last_meal=4396
4396 2 has taken the left fork
4396 2 has taken the right fork
4396 2 is eating
DBG_EAT: id=2 time_last_meal=4396
DBG_EAT2: id=4 meals=28
4456 4 has put down the right fork
4456 4 has put down the left fork
4456 4 is sleeping
DBG_EAT2: id=2 meals=28
4456 2 has put down the right fork
4456 2 has put down the left fork
4456 2 is sleeping
4490 3 is thinking
4490 3 has taken the right fork
4490 3 has taken the left fork
4490 3 is eating
DBG_EAT: id=3 time_last_meal=4490
4490 1 is thinking
4490 1 has taken the right fork
4490 1 has taken the left fork
4490 1 is eating
DBG_EAT: id=1 time_last_meal=4490
DBG_EAT2: id=1 meals=29
4551 1 has put down the left fork
4551 1 has put down the right fork
4551 1 is sleeping
DBG_EAT2: id=3 meals=29
4551 3 has put down the left fork
4551 3 has put down the right fork
4551 3 is sleeping
4556 2 is thinking
4556 4 is thinking
4556 2 has taken the left fork
4556 2 has taken the right fork
4556 2 is eating
DBG_EAT: id=2 time_last_meal=4556
4556 4 has taken the left fork
4556 4 has taken the right fork
4556 4 is eating
DBG_EAT: id=4 time_last_meal=4556
DBG_EAT2: id=4 meals=29
4617 4 has put down the right fork
4617 4 has put down the left fork
4617 4 is sleeping
DBG_EAT2: id=2 meals=29
4617 2 has put down the right fork
4617 2 has put down the left fork
4617 2 is sleeping
4651 1 is thinking
4651 1 has taken the right fork
4651 1 has taken the left fork
4651 1 is eating
DBG_EAT: id=1 time_last_meal=4651
4651 3 is thinking
4651 3 has taken the right fork
4651 3 has taken the left fork
4651 3 is eating
DBG_EAT: id=3 time_last_meal=4651
