DBG_INIT: meal_mutex init for philo 1
DBG_INIT: meal_mutex init for philo 2
DBG_INIT: meal_mutex init for philo 3
DBG_INIT: meal_mutex init for philo 4
DBG: init philo[1].time_last_meal=0
DBG: init philo[2].time_last_meal=0
DBG: init philo[3].time_last_meal=0
DBG: init philo[4].time_last_meal=0
0 1 has taken the right fork
0 1 has taken the left fork
0 1 is eating
DBG_EAT: id=1 time_last_meal=0
1 3 has taken the right fork
1 3 has taken the left fork
1 3 is eating
DBG_EAT: id=3 time_last_meal=1
DBG: start_time=1758387304279
DBG_EAT2: id=1 meals=1
200 1 has put down the left fork
201 1 has put down the right fork
201 4 has taken the left fork
201 1 is sleeping
DBG_EAT2: id=3 meals=1
201 3 has put down the left fork
201 3 has put down the right fork
201 3 is sleeping
201 4 has taken the right fork
201 4 is eating
DBG_EAT: id=4 time_last_meal=201
201 2 has taken the left fork
201 2 has taken the right fork
201 2 is eating
DBG_EAT: id=2 time_last_meal=201
401 1 is thinking
401 3 is thinking
DBG_EAT2: id=4 meals=1
401 4 has put down the right fork
401 4 has put down the left fork
DBG_EAT2: id=2 meals=1
401 2 has put down the right fork
401 4 is sleeping
401 2 has put down the left fork
401 2 is sleeping
401 1 has taken the right fork
401 1 has taken the left fork
401 1 is eating
DBG_EAT: id=1 time_last_meal=401
401 3 has taken the right fork
401 3 has taken the left fork
401 3 is eating
DBG_EAT: id=3 time_last_meal=401
DBG_EAT2: id=3 meals=2
602 3 has put down the left fork
602 3 has put down the right fork
602 3 is sleeping
602 4 is thinking
602 2 is thinking
DBG_EAT2: id=1 meals=2
602 1 has put down the left fork
602 1 has put down the right fork
602 4 has taken the left fork
602 4 has taken the right fork
602 4 is eating
DBG_EAT: id=4 time_last_meal=602
602 2 has taken the left fork
602 2 has taken the right fork
602 2 is eating
DBG_EAT: id=2 time_last_meal=602
602 1 is sleeping
802 3 is thinking
DBG_EAT2: id=2 meals=2
802 2 has put down the right fork
DBG_EAT2: id=4 meals=2
802 4 has put down the right fork
802 4 has put down the left fork
802 4 is sleeping
802 1 is thinking
802 1 has taken the right fork
802 1 has taken the left fork
802 1 is eating
DBG_EAT: id=1 time_last_meal=802
802 2 has put down the left fork
802 2 is sleeping
802 3 has taken the right fork
802 3 has taken the left fork
802 3 is eating
DBG_EAT: id=3 time_last_meal=802
DBG_EAT2: id=1 meals=3
1002 1 has put down the left fork
1002 1 has put down the right fork
1002 4 is thinking
1002 1 is sleeping
1002 2 is thinking
DBG_EAT2: id=3 meals=3
1002 3 has put down the left fork
1002 3 has put down the right fork
1002 3 is sleeping
1002 4 has taken the left fork
1002 4 has taken the right fork
1002 4 is eating
DBG_EAT: id=4 time_last_meal=1002
1002 2 has taken the left fork
1002 2 has taken the right fork
1002 2 is eating
DBG_EAT: id=2 time_last_meal=1002
1202 1 is thinking
1202 3 is thinking
DBG_EAT2: id=4 meals=3
1202 4 has put down the right fork
1203 4 has put down the left fork
DBG_EAT2: id=2 meals=3
1203 2 has put down the right fork
1203 4 is sleeping
1203 2 has put down the left fork
1203 2 is sleeping
1203 1 has taken the right fork
1203 1 has taken the left fork
1203 1 is eating
DBG_EAT: id=1 time_last_meal=1203
1203 3 has taken the right fork
1203 3 has taken the left fork
1203 3 is eating
DBG_EAT: id=3 time_last_meal=1203
1403 4 is thinking
DBG_EAT2: id=1 meals=4
1403 1 has put down the left fork
1403 1 has put down the right fork
DBG_EAT2: id=3 meals=4
1403 3 has put down the left fork
1403 3 has put down the right fork
1403 3 is sleeping
1403 2 is thinking
1403 1 is sleeping
1403 4 has taken the left fork
1403 4 has taken the right fork
1403 4 is eating
DBG_EAT: id=4 time_last_meal=1403
1403 2 has taken the left fork
1403 2 has taken the right fork
1403 2 is eating
DBG_EAT: id=2 time_last_meal=1403
DBG_EAT2: id=4 meals=4
DBG_EAT2: id=2 meals=4
1603 2 has put down the right fork
1603 2 has put down the left fork
1603 4 has put down the right fork
1603 4 has put down the left fork
1603 4 is sleeping
1603 1 is thinking
1603 2 is sleeping
1603 1 has taken the right fork
1603 1 has taken the left fork
1603 1 is eating
DBG_EAT: id=1 time_last_meal=1603
1603 3 is thinking
1603 3 has taken the right fork
1603 3 has taken the left fork
1603 3 is eating
DBG_EAT: id=3 time_last_meal=1603
DBG_EAT2: id=1 meals=5
1803 2 is thinking
1803 1 has put down the left fork
1803 1 has put down the right fork
1803 4 is thinking
DBG_EAT2: id=3 meals=5
1803 3 has put down the left fork
1803 3 has put down the right fork
1803 3 is sleeping
1803 1 is sleeping
1804 4 has taken the left fork
1804 4 has taken the right fork
1804 4 is eating
DBG_EAT: id=4 time_last_meal=1804
1804 2 has taken the left fork
1804 2 has taken the right fork
1804 2 is eating
DBG_EAT: id=2 time_last_meal=1804
2004 3 is thinking
2004 1 is thinking
DBG_EAT2: id=4 meals=5
2004 4 has put down the right fork
DBG_EAT2: id=2 meals=5
2004 2 has put down the right fork
2004 4 has put down the left fork
2004 4 is sleeping
2004 2 has put down the left fork
2004 2 is sleeping
2004 1 has taken the right fork
2004 1 has taken the left fork
2004 1 is eating
DBG_EAT: id=1 time_last_meal=2004
2004 3 has taken the right fork
2004 3 has taken the left fork
2004 3 is eating
DBG_EAT: id=3 time_last_meal=2004
DBG_EAT2: id=3 meals=6
2204 3 has put down the left fork
2204 3 has put down the right fork
2204 2 is thinking
DBG_EAT2: id=1 meals=6
2204 1 has put down the left fork
2204 1 has put down the right fork
2204 1 is sleeping
2204 3 is sleeping
2204 4 is thinking
2204 2 has taken the left fork
2204 2 has taken the right fork
2204 2 is eating
DBG_EAT: id=2 time_last_meal=2204
2204 4 has taken the left fork
2204 4 has taken the right fork
2204 4 is eating
DBG_EAT: id=4 time_last_meal=2204
2404 3 is thinking
2404 1 is thinking
DBG_EAT2: id=4 meals=6
2404 4 has put down the right fork
DBG_EAT2: id=2 meals=6
2404 2 has put down the right fork
2404 4 has put down the left fork
2404 4 is sleeping
2404 2 has put down the left fork
2405 2 is sleeping
2405 3 has taken the right fork
2405 3 has taken the left fork
2405 3 is eating
DBG_EAT: id=3 time_last_meal=2405
2405 1 has taken the right fork
2405 1 has taken the left fork
2405 1 is eating
DBG_EAT: id=1 time_last_meal=2405
DBG_EAT2: id=1 meals=7
2605 2 is thinking
2605 1 has put down the left fork
2605 1 has put down the right fork
2605 1 is sleeping
DBG_EAT2: id=3 meals=7
2605 4 is thinking
2605 3 has put down the left fork
2605 3 has put down the right fork
2605 3 is sleeping
2605 4 has taken the left fork
2605 4 has taken the right fork
2605 4 is eating
DBG_EAT: id=4 time_last_meal=2605
2605 2 has taken the left fork
2605 2 has taken the right fork
2605 2 is eating
DBG_EAT: id=2 time_last_meal=2605
2805 1 is thinking
2805 3 is thinking
DBG_EAT2: id=4 meals=7
2805 4 has put down the right fork
2805 4 has put down the left fork
2805 4 is sleeping
DBG_EAT2: id=2 meals=7
2805 2 has put down the right fork
2805 1 has taken the right fork
2805 1 has taken the left fork
2805 2 has put down the left fork
2805 1 is eating
DBG_EAT: id=1 time_last_meal=2805
2805 2 is sleeping
2805 3 has taken the right fork
2805 3 has taken the left fork
2805 3 is eating
DBG_EAT: id=3 time_last_meal=2805
3005 4 is thinking
3005 2 is thinking
DBG_EAT2: id=3 meals=8
3005 3 has put down the left fork
DBG_EAT2: id=1 meals=8
3005 3 has put down the right fork
3005 1 has put down the left fork
3005 1 has put down the right fork
3005 1 is sleeping
3005 3 is sleeping
3005 4 has taken the left fork
3005 4 has taken the right fork
3005 4 is eating
DBG_EAT: id=4 time_last_meal=3005
3006 2 has taken the left fork
3006 2 has taken the right fork
3006 2 is eating
DBG_EAT: id=2 time_last_meal=3006
DBG_EAT2: id=2 meals=8
3206 3 is thinking
3206 2 has put down the right fork
3206 2 has put down the left fork
3206 2 is sleeping
3206 3 has taken the right fork
3206 1 is thinking
DBG_EAT2: id=4 meals=8
3206 4 has put down the right fork
3206 4 has put down the left fork
3206 4 is sleeping
3206 3 has taken the left fork
3206 3 is eating
DBG_EAT: id=3 time_last_meal=3206
3206 1 has taken the right fork
3206 1 has taken the left fork
3206 