DBG_INIT: meal_mutex init for philo 1
DBG_INIT: meal_mutex init for philo 2
DBG: init philo[1].time_last_meal=0
DBG: init philo[2].time_last_meal=0
0 1 has taken the right fork
0 1 has taken the left fork
0 1 is eating
DBG_EAT: id=1 time_last_meal=0
DBG: start_time=1758402937255
DBG_EAT2: id=1 meals=1
101 1 has put down the left fork
101 1 has put down the right fork
101 1 is sleeping
101 2 has taken the left fork
101 2 has taken the right fork
101 2 is eating
DBG_EAT: id=2 time_last_meal=101
DBG_EAT2: id=2 meals=1
203 2 has put down the right fork
203 2 has put down the left fork
204 2 is sleeping
305 1 is thinking
305 1 has taken the right fork
305 1 has taken the left fork
305 1 is eating
DBG_EAT: id=1 time_last_meal=305
406 2 is thinking
DBG_EAT2: id=1 meals=2
407 1 has put down the left fork
407 1 has put down the right fork
407 2 has taken the left fork
407 2 has taken the right fork
407 2 is eating
DBG_EAT: id=2 time_last_meal=407
407 1 is sleeping
DBG_EAT2: id=2 meals=2
510 2 has put down the right fork
510 2 has put down the left fork
510 2 is sleeping
607 1 is thinking
607 1 has taken the right fork
607 1 has taken the left fork
607 1 is eating
DBG_EAT: id=1 time_last_meal=607
DBG_EAT2: id=1 meals=3
710 1 has put down the left fork
710 1 has put down the right fork
710 1 is sleeping
712 2 is thinking
713 2 has taken the left fork
713 2 has taken the right fork
713 2 is eating
DBG_EAT: id=2 time_last_meal=713
DBG_EAT2: id=2 meals=3
815 2 has put down the right fork
815 2 has put down the left fork
815 2 is sleeping
815 All philosophers ate enough
