DBG_INIT: meal_mutex init for philo 1
DBG_INIT: meal_mutex init for philo 2
DBG_INIT: meal_mutex init for philo 3
DBG: init philo[1].time_last_meal=0
DBG: init philo[2].time_last_meal=0
DBG: init philo[3].time_last_meal=0
1 1 has taken the right fork
1 1 has taken the left fork
1 1 is eating
DBG_EAT: id=1 time_last_meal=1
2 3 has taken the right fork
DBG: start_time=1758386430697
DBG_EAT2: id=1 meals=1
101 1 has put down the left fork
101 1 has put down the right fork
101 1 is sleeping
101 3 has taken the left fork
101 3 is eating
DBG_EAT: id=3 time_last_meal=101
DBG_EAT2: id=3 meals=1
201 3 has put down the left fork
201 3 has put down the right fork
201 3 is sleeping
201 2 has taken the left fork
201 2 has taken the right fork
201 2 is eating
DBG_EAT: id=2 time_last_meal=201
301 1 is thinking
301 1 has taken the right fork
DBG_EAT2: id=2 meals=1
302 2 has put down the right fork
302 2 has put down the left fork
302 2 is sleeping
302 1 has taken the left fork
302 1 is eating
DBG_EAT: id=1 time_last_meal=302
401 3 is thinking
401 3 has taken the right fork
DBG_EAT2: id=1 meals=2
402 1 has put down the left fork
402 1 has put down the right fork
402 1 is sleeping
402 3 has taken the left fork
402 3 is eating
DBG_EAT: id=3 time_last_meal=402
502 2 is thinking
DBG_EAT2: id=3 meals=2
502 3 has put down the left fork
502 3 has put down the right fork
502 3 is sleeping
502 2 has taken the left fork
502 2 has taken the right fork
502 2 is eating
DBG_EAT: id=2 time_last_meal=502
602 1 is thinking
602 1 has taken the right fork
DBG_EAT2: id=2 meals=2
602 2 has put down the right fork
602 2 has put down the left fork
602 2 is sleeping
602 1 has taken the left fork
602 1 is eating
DBG_EAT: id=1 time_last_meal=602
702 3 is thinking
702 3 has taken the right fork
DBG_EAT2: id=1 meals=3
702 1 has put down the left fork
702 1 has put down the right fork
702 1 is sleeping
702 3 has taken the left fork
702 3 is eating
DBG_EAT: id=3 time_last_meal=702
802 2 is thinking
DBG_EAT2: id=3 meals=3
802 3 has put down the left fork
802 3 has put down the right fork
802 2 has taken the left fork
802 2 has taken the right fork
802 2 is eating
DBG_EAT: id=2 time_last_meal=802
802 3 is sleeping
902 1 is thinking
902 1 has taken the right fork
DBG_EAT2: id=2 meals=3
903 2 has put down the right fork
903 2 has put down the left fork
903 2 is sleeping
903 1 has taken the left fork
903 1 is eating
DBG_EAT: id=1 time_last_meal=903
1003 3 is thinking
1003 3 has taken the right fork
DBG_EAT2: id=1 meals=4
1003 1 has put down the left fork
1003 1 has put down the right fork
1003 1 is sleeping
1003 3 has taken the left fork
1003 3 is eating
DBG_EAT: id=3 time_last_meal=1003
1103 2 is thinking
DBG_EAT2: id=3 meals=4
1103 3 has put down the left fork
1103 3 has put down the right fork
1103 2 has taken the left fork
1103 2 has taken the right fork
1103 2 is eating
DBG_EAT: id=2 time_last_meal=1103
1103 3 is sleeping
1203 1 is thinking
1203 1 has taken the right fork
DBG_EAT2: id=2 meals=4
1203 2 has put down the right fork
1203 2 has put down the left fork
1203 2 is sleeping
1203 1 has taken the left fork
1203 1 is eating
DBG_EAT: id=1 time_last_meal=1203
1303 3 is thinking
1303 3 has taken the right fork
DBG_EAT2: id=1 meals=5
1303 1 has put down the left fork
1303 1 has put down the right fork
1303 1 is sleeping
1303 3 has taken the left fork
1303 3 is eating
DBG_EAT: id=3 time_last_meal=1303
1403 2 is thinking
DBG_EAT2: id=3 meals=5
1403 3 has put down the left fork
1403 3 has put down the right fork
1403 3 is sleeping
1403 2 has taken the left fork
1403 2 has taken the right fork
1403 2 is eating
DBG_EAT: id=2 time_last_meal=1403
1503 1 is thinking
1503 1 has taken the right fork
DBG_EAT2: id=2 meals=5
1503 2 has put down the right fork
1503 2 has put down the left fork
1503 2 is sleeping
1503 1 has taken the left fork
1503 1 is eating
DBG_EAT: id=1 time_last_meal=1503
1504 All philosophers ate enough
DBG_EAT2: id=1 meals=6
