DBG_INIT: meal_mutex init for philo 1
DBG_INIT: meal_mutex init for philo 2
DBG_INIT: meal_mutex init for philo 3
DBG_INIT: meal_mutex init for philo 4
DBG: init philo[1].time_last_meal=0
DBG: init philo[2].time_last_meal=0
DBG: init philo[3].time_last_meal=0
DBG: init philo[4].time_last_meal=0
0 1 has taken the right fork
0 1 has taken the left fork
0 1 is eating
DBG_EAT: id=1 time_last_meal=0
0 3 has taken the right fork
0 3 has taken the left fork
0 3 is eating
DBG_EAT: id=3 time_last_meal=0
DBG: start_time=1758386800252
DBG_EAT2: id=1 meals=1
100 1 has put down the left fork
100 1 has put down the right fork
100 4 has taken the left fork
100 1 is sleeping
DBG_EAT2: id=3 meals=1
100 3 has put down the left fork
100 3 has put down the right fork
100 4 has taken the right fork
100 4 is eating
DBG_EAT: id=4 time_last_meal=100
100 3 is sleeping
100 2 has taken the left fork
100 2 has taken the right fork
100 2 is eating
DBG_EAT: id=2 time_last_meal=100
160 1 is thinking
160 3 is thinking
DBG_EAT2: id=4 meals=1
200 4 has put down the right fork
DBG_EAT2: id=2 meals=1
200 2 has put down the right fork
200 4 has put down the left fork
200 2 has put down the left fork
200 2 is sleeping
200 4 is sleeping
200 3 has taken the right fork
200 3 has taken the left fork
200 3 is eating
DBG_EAT: id=3 time_last_meal=200
200 1 has taken the right fork
200 1 has taken the left fork
200 1 is eating
DBG_EAT: id=1 time_last_meal=200
261 2 is thinking
261 4 is thinking
DBG_EAT2: id=3 meals=2
301 3 has put down the left fork
DBG_EAT2: id=1 meals=2
301 1 has put down the left fork
301 3 has put down the right fork
301 3 is sleeping
301 1 has put down the right fork
301 1 is sleeping
301 2 has taken the left fork
301 2 has taken the right fork
301 2 is eating
DBG_EAT: id=2 time_last_meal=301
301 4 has taken the left fork
301 4 has taken the right fork
301 4 is eating
DBG_EAT: id=4 time_last_meal=301
361 3 is thinking
361 1 is thinking
DBG_EAT2: id=2 meals=2
401 2 has put down the right fork
DBG_EAT2: id=4 meals=2
401 4 has put down the right fork
401 2 has put down the left fork
401 4 has put down the left fork
401 4 is sleeping
401 3 has taken the right fork
401 3 has taken the left fork
401 3 is eating
DBG_EAT: id=3 time_last_meal=401
401 1 has taken the right fork
401 1 has taken the left fork
401 1 is eating
DBG_EAT: id=1 time_last_meal=401
401 2 is sleeping
461 4 is thinking
461 2 is thinking
DBG_EAT2: id=1 meals=3
501 1 has put down the left fork
DBG_EAT2: id=3 meals=3
501 3 has put down the left fork
501 1 has put down the right fork
501 1 is sleeping
501 4 has taken the left fork
501 3 has put down the right fork
501 4 has taken the right fork
501 4 is eating
DBG_EAT: id=4 time_last_meal=501
501 3 is sleeping
501 2 has taken the left fork
501 2 has taken the right fork
501 2 is eating
DBG_EAT: id=2 time_last_meal=501
561 1 is thinking
561 3 is thinking
DBG_EAT2: id=4 meals=3
601 4 has put down the right fork
601 4 has put down the left fork
DBG_EAT2: id=2 meals=3
601 2 has put down the right fork
601 4 is sleeping
601 2 has put down the left fork
601 2 is sleeping
601 3 has taken the right fork
601 3 has taken the left fork
601 3 is eating
DBG_EAT: id=3 time_last_meal=601
601 1 has taken the right fork
601 1 has taken the left fork
601 1 is eating
DBG_EAT: id=1 time_last_meal=601
661 4 is thinking
661 2 is thinking
DBG_EAT2: id=3 meals=4
701 3 has put down the left fork
701 3 has put down the right fork
701 3 is sleeping
701 2 has taken the left fork
DBG_EAT2: id=1 meals=4
701 1 has put down the left fork
701 1 has put down the right fork
701 4 has taken the left fork
701 4 has taken the right fork
701 1 is sleeping
701 4 is eating
DBG_EAT: id=4 time_last_meal=701
701 2 has taken the right fork
701 2 is eating
DBG_EAT: id=2 time_last_meal=701
761 3 is thinking
761 1 is thinking
DBG_EAT2: id=2 meals=4
802 2 has put down the right fork
DBG_EAT2: id=4 meals=4
802 4 has put down the right fork
802 2 has put down the left fork
802 4 has put down the left fork
802 4 is sleeping
802 1 has taken the right fork
802 1 has taken the left fork
802 1 is eating
DBG_EAT: id=1 time_last_meal=802
802 3 has died (last meal at 601)
DBG_EAT2: id=1 meals=5
