DBG_INIT: meal_mutex init for philo 1
DBG_INIT: meal_mutex init for philo 2
DBG: init philo[1].time_last_meal=0
DBG: init philo[2].time_last_meal=0
0 1 has taken the right fork
0 1 has taken the left fork
0 1 is eating
DBG_EAT: id=1 time_last_meal=0
DBG: start_time=1758402967713
DBG_EAT2: id=1 meals=1
61 1 has put down the left fork
61 1 has put down the right fork
61 1 is sleeping
61 2 has taken the left fork
61 2 has taken the right fork
61 2 is eating
DBG_EAT: id=2 time_last_meal=61
DBG_EAT2: id=2 meals=1
123 2 has put down the right fork
123 2 has put down the left fork
123 1 is thinking
123 1 has taken the right fork
123 1 has taken the left fork
123 1 is eating
DBG_EAT: id=1 time_last_meal=123
123 2 is sleeping
185 2 is thinking
DBG_EAT2: id=1 meals=2
185 1 has put down the left fork
185 1 has put down the right fork
185 1 is sleeping
185 2 has taken the left fork
185 2 has taken the right fork
185 2 is eating
DBG_EAT: id=2 time_last_meal=185
247 1 is thinking
DBG_EAT2: id=2 meals=2
247 2 has put down the right fork
247 2 has put down the left fork
247 2 is sleeping
247 1 has taken the right fork
247 1 has taken the left fork
247 1 is eating
DBG_EAT: id=1 time_last_meal=247
309 2 is thinking
DBG_EAT2: id=1 meals=3
309 1 has put down the left fork
309 1 has put down the right fork
309 1 is sleeping
309 2 has taken the left fork
309 2 has taken the right fork
309 2 is eating
DBG_EAT: id=2 time_last_meal=309
371 1 is thinking
DBG_EAT2: id=2 meals=3
371 2 has put down the right fork
371 2 has put down the left fork
371 2 is sleeping
371 1 has taken the right fork
371 1 has taken the left fork
371 1 is eating
DBG_EAT: id=1 time_last_meal=371
371 All philosophers ate enough
DBG_EAT2: id=1 meals=4
