DBG_INIT: meal_mutex init for philo 1
DBG_INIT: meal_mutex init for philo 2
DBG_INIT: meal_mutex init for philo 3
DBG: init philo[1].time_last_meal=0
DBG: init philo[2].time_last_meal=0
DBG: init philo[3].time_last_meal=0
0 1 has taken the right fork
0 1 has taken the left fork
0 1 is eating
DBG_EAT: id=1 time_last_meal=0
0 2 has taken the left fork
DBG: start_time=1758386395320
DBG_EAT2: id=1 meals=1
60 1 has put down the left fork
60 1 has put down the right fork
60 1 is sleeping
60 2 has taken the right fork
60 2 is eating
DBG_EAT: id=2 time_last_meal=60
DBG_EAT2: id=2 meals=1
121 2 has put down the right fork
121 2 has put down the left fork
121 2 is sleeping
121 3 has taken the right fork
121 3 has taken the left fork
121 3 is eating
DBG_EAT: id=3 time_last_meal=121
161 1 is thinking
DBG_EAT2: id=3 meals=1
181 3 has put down the left fork
181 3 has put down the right fork
181 3 is sleeping
181 1 has taken the right fork
181 1 has taken the left fork
181 1 is eating
DBG_EAT: id=1 time_last_meal=181
221 2 is thinking
221 2 has taken the left fork
DBG_EAT2: id=1 meals=2
241 1 has put down the left fork
241 1 has put down the right fork
241 1 is sleeping
241 2 has taken the right fork
241 2 is eating
DBG_EAT: id=2 time_last_meal=241
281 3 is thinking
DBG_EAT2: id=2 meals=2
301 2 has put down the right fork
301 2 has put down the left fork
301 2 is sleeping
301 3 has taken the right fork
301 3 has taken the left fork
301 3 is eating
DBG_EAT: id=3 time_last_meal=301
341 1 is thinking
DBG_EAT2: id=3 meals=2
361 3 has put down the left fork
361 3 has put down the right fork
361 3 is sleeping
361 1 has taken the right fork
361 1 has taken the left fork
361 1 is eating
DBG_EAT: id=1 time_last_meal=361
401 2 is thinking
401 2 has taken the left fork
DBG_EAT2: id=1 meals=3
422 1 has put down the left fork
422 1 has put down the right fork
422 1 is sleeping
422 2 has taken the right fork
422 2 is eating
DBG_EAT: id=2 time_last_meal=422
462 3 is thinking
DBG_EAT2: id=2 meals=3
482 2 has put down the right fork
482 2 has put down the left fork
482 2 is sleeping
482 3 has taken the right fork
482 3 has taken the left fork
482 3 is eating
DBG_EAT: id=3 time_last_meal=482
522 1 is thinking
DBG_EAT2: id=3 meals=3
542 3 has put down the left fork
542 3 has put down the right fork
542 3 is sleeping
542 1 has taken the right fork
542 1 has taken the left fork
542 1 is eating
DBG_EAT: id=1 time_last_meal=542
582 2 is thinking
582 2 has taken the left fork
DBG_EAT2: id=1 meals=4
602 1 has put down the left fork
602 1 has put down the right fork
602 1 is sleeping
602 2 has taken the right fork
602 2 is eating
DBG_EAT: id=2 time_last_meal=602
642 3 is thinking
DBG_EAT2: id=2 meals=4
662 2 has put down the right fork
662 2 has put down the left fork
662 2 is sleeping
663 3 has taken the right fork
663 3 has taken the left fork
663 3 is eating
DBG_EAT: id=3 time_last_meal=663
702 1 is thinking
DBG_EAT2: id=3 meals=4
723 3 has put down the left fork
723 3 has put down the right fork
723 3 is sleeping
723 1 has taken the right fork
723 1 has taken the left fork
723 1 is eating
DBG_EAT: id=1 time_last_meal=723
763 2 is thinking
763 2 has taken the left fork
DBG_EAT2: id=1 meals=5
783 1 has put down the left fork
783 1 has put down the right fork
783 1 is sleeping
783 2 has taken the right fork
783 2 is eating
DBG_EAT: id=2 time_last_meal=783
823 3 is thinking
DBG_EAT2: id=2 meals=5
843 2 has put down the right fork
843 2 has put down the left fork
843 2 is sleeping
843 3 has taken the right fork
843 3 has taken the left fork
843 3 is eating
DBG_EAT: id=3 time_last_meal=843
883 1 is thinking
DBG_EAT2: id=3 meals=5
903 3 has put down the left fork
903 3 has put down the right fork
903 1 has taken the right fork
903 1 has taken the left fork
903 1 is eating
DBG_EAT: id=1 time_last_meal=903
903 3 is sleeping
903 All philosophers ate enough
DBG_EAT2: id=1 meals=6
