DBG_INIT: meal_mutex init for philo 1
DBG_INIT: meal_mutex init for philo 2
DBG: init philo[1].time_last_meal=0
DBG: init philo[2].time_last_meal=0
0 1 has taken the right fork
0 1 has taken the left fork
0 1 is eating
DBG_EAT: id=1 time_last_meal=0
DBG: start_time=1758403136114
DBG_EAT2: id=1 meals=1
102 1 has put down the left fork
102 1 has put down the right fork
102 1 is sleeping
102 2 has taken the left fork
102 2 has taken the right fork
102 2 is eating
DBG_EAT: id=2 time_last_meal=102
DBG_EAT2: id=2 meals=1
202 2 has put down the right fork
202 2 has put down the left fork
202 2 is sleeping
304 1 is thinking
304 1 has taken the right fork
304 1 has taken the left fork
304 1 is eating
DBG_EAT: id=1 time_last_meal=304
DBG_EAT2: id=1 meals=2
406 1 has put down the left fork
406 1 has put down the right fork
406 1 is sleeping
406 2 is thinking
406 2 has taken the left fork
406 2 has taken the right fork
406 2 is eating
DBG_EAT: id=2 time_last_meal=406
DBG_EAT2: id=2 meals=2
509 2 has put down the right fork
509 2 has put down the left fork
509 2 is sleeping
609 1 is thinking
609 1 has taken the right fork
609 1 has taken the left fork
609 1 is eating
DBG_EAT: id=1 time_last_meal=609
709 2 is thinking
DBG_EAT2: id=1 meals=3
711 1 has put down the left fork
711 1 has put down the right fork
711 1 is sleeping
711 2 has taken the left fork
711 2 has taken the right fork
711 2 is eating
DBG_EAT: id=2 time_last_meal=711
DBG_EAT2: id=2 meals=3
811 2 has put down the right fork
811 2 has put down the left fork
812 2 is sleeping
812 All philosophers ate enough
