DBG_INIT: meal_mutex init for philo 1
DBG_INIT: meal_mutex init for philo 2
DBG: init philo[1].time_last_meal=0
DBG: init philo[2].time_last_meal=0
0 1 has taken the right fork
0 1 has taken the left fork
0 1 is eating
DBG_EAT: id=1 time_last_meal=0
DBG: start_time=1758403266489
DBG_EAT2: id=1 meals=1
106 1 has put down the left fork
106 1 has put down the right fork
106 1 is sleeping
106 2 has taken the left fork
106 2 has taken the right fork
106 2 is eating
DBG_EAT: id=2 time_last_meal=106
170 1 is thinking
DBG_EAT2: id=2 meals=1
212 2 has put down the right fork
212 2 has put down the left fork
212 2 is sleeping
212 1 has taken the right fork
212 1 has taken the left fork
212 1 is eating
DBG_EAT: id=1 time_last_meal=212
275 2 is thinking
DBG_EAT2: id=1 meals=2
316 1 has put down the left fork
316 1 has put down the right fork
316 1 is sleeping
316 2 has taken the left fork
316 2 has taken the right fork
316 2 is eating
DBG_EAT: id=2 time_last_meal=316
379 1 is thinking
DBG_EAT2: id=2 meals=2
421 2 has put down the right fork
421 2 has put down the left fork
421 2 is sleeping
422 1 has taken the right fork
422 1 has taken the left fork
422 1 is eating
DBG_EAT: id=1 time_last_meal=422
485 2 is thinking
DBG_EAT2: id=1 meals=3
523 1 has put down the left fork
523 1 has put down the right fork
523 1 is sleeping
523 2 has taken the left fork
523 2 has taken the right fork
523 2 is eating
DBG_EAT: id=2 time_last_meal=523
1351 1 is thinking
DBG_EAT2: id=2 meals=3
1394 2 has put down the right fork
1394 2 has put down the left fork
1394 2 is sleeping
1394 1 has taken the right fork
1394 1 has taken the left fork
1394 1 is eating
DBG_EAT: id=1 time_last_meal=1394
1394 2 has died (last meal at 523)
DBG_EAT2: id=1 meals=4
