DBG_INIT: meal_mutex init for philo 1
DBG_INIT: meal_mutex init for philo 2
DBG_INIT: meal_mutex init for philo 3
DBG_INIT: meal_mutex init for philo 4
DBG_INIT: meal_mutex init for philo 5
DBG: init philo[1].time_last_meal=0
DBG: init philo[2].time_last_meal=0
DBG: init philo[3].time_last_meal=0
DBG: init philo[4].time_last_meal=0
DBG: init philo[5].time_last_meal=0
1 1 has taken the right fork
1 1 has taken the left fork
1 1 is eating
DBG_EAT: id=1 time_last_meal=1
1 3 has taken the right fork
1 3 has taken the left fork
1 3 is eating
DBG_EAT: id=3 time_last_meal=1
1 5 has taken the right fork
DBG: start_time=1758387722825
DBG_EAT2: id=1 meals=1
101 1 has put down the left fork
101 1 has put down the right fork
DBG_EAT2: id=3 meals=1
101 3 has put down the left fork
101 1 is sleeping
101 3 has put down the right fork
101 3 is sleeping
101 5 has taken the left fork
101 5 is eating
DBG_EAT: id=5 time_last_meal=101
101 2 has taken the left fork
101 2 has taken the right fork
101 2 is eating
DBG_EAT: id=2 time_last_meal=101
DBG_EAT2: id=2 meals=1
201 2 has put down the right fork
201 2 has put down the left fork
201 2 is sleeping
201 1 is thinking
201 3 is thinking
201 3 has taken the right fork
201 3 has taken the left fork
201 3 is eating
DBG_EAT: id=3 time_last_meal=201
DBG_EAT2: id=5 meals=1
202 5 has put down the left fork
202 5 has put down the right fork
202 1 has taken the right fork
202 1 has taken the left fork
202 1 is eating
DBG_EAT: id=1 time_last_meal=202
202 5 is sleeping
202 4 has taken the left fork
301 2 is thinking
DBG_EAT2: id=3 meals=2
302 3 has put down the left fork
302 3 has put down the right fork
302 3 is sleeping
302 4 has taken the right fork
302 4 is eating
DBG_EAT: id=4 time_last_meal=302
302 2 has taken the left fork
DBG_EAT2: id=1 meals=2
302 5 is thinking
302 1 has put down the left fork
302 1 has put down the right fork
302 1 is sleeping
302 2 has taken the right fork
302 2 is eating
DBG_EAT: id=2 time_last_meal=302
DBG_EAT2: id=4 meals=1
402 4 has put down the right fork
402 3 is thinking
402 4 has put down the left fork
402 4 is sleeping
402 5 has taken the right fork
402 5 has taken the left fork
402 5 is eating
DBG_EAT: id=5 time_last_meal=402
402 1 is thinking
DBG_EAT2: id=2 meals=2
402 2 has put down the right fork
402 2 has put down the left fork
402 2 is sleeping
402 3 has taken the right fork
402 3 has taken the left fork
402 3 is eating
DBG_EAT: id=3 time_last_meal=402
502 4 is thinking
DBG_EAT2: id=5 meals=2
502 5 has put down the left fork
502 1 has taken the right fork
502 1 has taken the left fork
502 1 is eating
DBG_EAT: id=1 time_last_meal=502
502 5 has put down the right fork
502 5 is sleeping
502 4 has taken the left fork
502 2 is thinking
DBG_EAT2: id=3 meals=3
502 3 has put down the left fork
502 3 has put down the right fork
503 3 is sleeping
503 2 has taken the left fork
503 4 has taken the right fork
503 4 is eating
DBG_EAT: id=4 time_last_meal=503
DBG_EAT2: id=1 meals=3
602 5 is thinking
602 1 has put down the left fork
602 1 has put down the right fork
602 1 is sleeping
603 2 has taken the right fork
603 2 is eating
DBG_EAT: id=2 time_last_meal=603
603 3 is thinking
DBG_EAT2: id=4 meals=2
603 4 has put down the right fork
603 4 has put down the left fork
603 4 is sleeping
603 5 has taken the right fork
603 5 has taken the left fork
603 5 is eating
DBG_EAT: id=5 time_last_meal=603
DBG_EAT2: id=2 meals=3
703 2 has put down the right fork
703 1 is thinking
703 2 has put down the left fork
703 2 is sleeping
703 3 has taken the right fork
703 3 has taken the left fork
703 3 is eating
DBG_EAT: id=3 time_last_meal=703
703 4 is thinking
DBG_EAT2: id=5 meals=3
703 5 has put down the left fork
703 5 has put down the right fork
703 5 is sleeping
703 1 has taken the right fork
703 1 has taken the left fork
703 1 is eating
DBG_EAT: id=1 time_last_meal=703
703 4 has taken the left fork
DBG_EAT2: id=3 meals=4
803 2 is thinking
803 3 has put down the left fork
803 3 has put down the right fork
803 3 is sleeping
803 4 has taken the right fork
803 4 is eating
DBG_EAT: id=4 time_last_meal=803
803 5 is thinking
803 2 has taken the left fork
DBG_EAT2: id=1 meals=4
804 1 has put down the left fork
804 1 has put down the right fork
804 1 is sleeping
804 2 has taken the right fork
804 2 is eating
DBG_EAT: id=2 time_last_meal=804
903 3 is thinking
DBG_EAT2: id=4 meals=3
903 4 has put down the right fork
904 4 has put down the left fork
904 4 is sleeping
904 5 has taken the right fork
904 5 has taken the left fork
904 5 is eating
DBG_EAT: id=5 time_last_meal=904
DBG_EAT2: id=2 meals=4
904 2 has put down the right fork
904 1 is thinking
904 2 has put down the left fork
904 2 is sleeping
904 3 has taken the right fork
904 3 has taken the left fork
904 3 is eating
DBG_EAT: id=3 time_last_meal=904
1004 4 is thinking
DBG_EAT2: id=5 meals=4
1004 5 has put down the left fork
1004 5 has put down the right fork
1004 5 is sleeping
1004 1 has taken the right fork
1004 1 has taken the left fork
1004 1 is eating
DBG_EAT: id=1 time_last_meal=1004
1004 4 has taken the left fork
1004 2 is thinking
DBG_EAT2: id=3 meals=5
1004 3 has put down the left fork
1004 3 has put down the right fork
1004 3 is sleeping
1004 4 has taken the right fork
1004 4 is eating
DBG_EAT: id=4 time_last_meal=1004
1004 2 has taken the left fork
1104 5 is thinking
DBG_EAT2: id=1 meals=5
1104 3 is thinking
1104 1 has put down the left fork
1104 1 has put down the right fork
1104 1 is sleeping
1104 2 has taken the right fork
1104 2 is eating
DBG_EAT: id=2 time_last_meal=1104
DBG_EAT2: id=4 meals=4
1104 4 has put down the right fork
1104 4 has put down the left fork
1105 4 is sleeping
1105 5 has taken the right fork
1105 5 has taken the left fork
1105 5 is eating
DBG_EAT: id=5 time_last_meal=1105
1205 1 is thinking
DBG_EAT2: id=2 meals=5
1205 2 has put down the right fork
1205 2 has put down the left fork
1205 2 is sleeping
1205 4 is thinking
1205 3 has taken the right fork
1205 3 has taken the left fork
1205 3 is eating
DBG_EAT: id=3 time_last_meal=1205
DBG_EAT2: id=5 meals=5
1205 5 has put down the left fork
1205 5 has put down the right fork
1205 4 has taken the left fork
1205 5 is sleeping
1205 1 has taken the right fork
1205 1 has taken the left fork
1205 1 is eating
DBG_EAT: id=1 time_last_meal=1205
1205 All philosophers ate enough
DBG_EAT2: id=3 meals=6
DBG_EAT2: id=1 meals=6
