DBG_INIT: meal_mutex init for philo 1
DBG_INIT: meal_mutex init for philo 2
DBG_INIT: meal_mutex init for philo 3
DBG: init philo[1].time_last_meal=0
DBG: init philo[2].time_last_meal=0
DBG: init philo[3].time_last_meal=0
1 1 has taken the right fork
1 1 has taken the left fork
1 1 is eating
DBG_EAT: id=1 time_last_meal=1
1 3 has taken the right fork
DBG: start_time=1758403424768
DBG_EAT2: id=1 meals=1
61 1 has put down the left fork
61 1 has put down the right fork
61 1 is sleeping
61 3 has taken the left fork
61 3 is eating
DBG_EAT: id=3 time_last_meal=61
DBG_EAT2: id=3 meals=1
121 3 has put down the left fork
122 3 has put down the right fork
122 3 is sleeping
122 2 has taken the left fork
122 2 has taken the right fork
122 2 is eating
DBG_EAT: id=2 time_last_meal=122
161 1 is thinking
161 1 has taken the right fork
DBG_EAT2: id=2 meals=1
182 2 has put down the right fork
182 2 has put down the left fork
182 2 is sleeping
182 1 has taken the left fork
182 1 is eating
DBG_EAT: id=1 time_last_meal=182
222 3 is thinking
222 3 has taken the right fork
DBG_EAT2: id=1 meals=2
243 1 has put down the left fork
243 1 has put down the right fork
243 1 is sleeping
243 3 has taken the left fork
243 3 is eating
DBG_EAT: id=3 time_last_meal=243
283 2 is thinking
DBG_EAT2: id=3 meals=2
303 3 has put down the left fork
303 3 has put down the right fork
303 3 is sleeping
303 2 has taken the left fork
303 2 has taken the right fork
303 2 is eating
DBG_EAT: id=2 time_last_meal=303
343 1 is thinking
343 1 has taken the right fork
DBG_EAT2: id=2 meals=2
363 2 has put down the right fork
363 2 has put down the left fork
363 1 has taken the left fork
363 1 is eating
DBG_EAT: id=1 time_last_meal=363
364 2 is sleeping
403 3 is thinking
403 3 has taken the right fork
DBG_EAT2: id=1 meals=3
424 1 has put down the left fork
424 1 has put down the right fork
424 1 is sleeping
424 3 has taken the left fork
424 3 is eating
DBG_EAT: id=3 time_last_meal=424
464 2 is thinking
DBG_EAT2: id=3 meals=3
484 3 has put down the left fork
484 3 has put down the right fork
484 3 is sleeping
484 2 has taken the left fork
484 2 has taken the right fork
484 2 is eating
DBG_EAT: id=2 time_last_meal=484
524 1 is thinking
524 1 has taken the right fork
DBG_EAT2: id=2 meals=3
545 2 has put down the right fork
545 2 has put down the left fork
545 2 is sleeping
545 1 has taken the left fork
545 1 is eating
DBG_EAT: id=1 time_last_meal=545
585 3 is thinking
585 3 has taken the right fork
DBG_EAT2: id=1 meals=4
605 1 has put down the left fork
605 1 has put down the right fork
605 1 is sleeping
605 3 has taken the left fork
605 3 is eating
DBG_EAT: id=3 time_last_meal=605
645 2 is thinking
DBG_EAT2: id=3 meals=4
666 3 has put down the left fork
666 3 has put down the right fork
666 3 is sleeping
666 2 has taken the left fork
666 2 has taken the right fork
666 2 is eating
DBG_EAT: id=2 time_last_meal=666
705 1 is thinking
705 1 has taken the right fork
DBG_EAT2: id=2 meals=4
726 2 has put down the right fork
726 2 has put down the left fork
726 2 is sleeping
726 1 has taken the left fork
726 1 is eating
DBG_EAT: id=1 time_last_meal=726
766 3 is thinking
766 3 has taken the right fork
DBG_EAT2: id=1 meals=5
786 1 has put down the left fork
786 1 has put down the right fork
786 1 is sleeping
787 3 has taken the left fork
787 3 is eating
DBG_EAT: id=3 time_last_meal=787
826 2 is thinking
DBG_EAT2: id=3 meals=5
847 3 has put down the left fork
847 3 has put down the right fork
847 3 is sleeping
847 2 has taken the left fork
847 2 has taken the right fork
847 2 is eating
DBG_EAT: id=2 time_last_meal=847
887 1 is thinking
887 1 has taken the right fork
DBG_EAT2: id=2 meals=5
907 2 has put down the right fork
907 2 has put down the left fork
907 2 is sleeping
907 1 has taken the left fork
907 1 is eating
DBG_EAT: id=1 time_last_meal=907
947 3 is thinking
947 3 has taken the right fork
DBG_EAT2: id=1 meals=6
968 1 has put down the left fork
968 1 has put down the right fork
968 1 is sleeping
968 3 has taken the left fork
968 3 is eating
DBG_EAT: id=3 time_last_meal=968
1007 2 is thinking
DBG_EAT2: id=3 meals=6
1028 3 has put down the left fork
1028 3 has put down the right fork
1028 2 has taken the left fork
1028 2 has taken the right fork
1028 2 is eating
DBG_EAT: id=2 time_last_meal=1028
1028 3 is sleeping
1068 1 is thinking
1068 1 has taken the right fork
DBG_EAT2: id=2 meals=6
1089 2 has put down the right fork
1089 2 has put down the left fork
1089 2 is sleeping
1089 1 has taken the left fork
1089 1 is eating
DBG_EAT: id=1 time_last_meal=1089
1129 3 is thinking
1129 3 has taken the right fork
DBG_EAT2: id=1 meals=7
1149 1 has put down the left fork
1149 1 has put down the right fork
1149 1 is sleeping
1149 3 has taken the left fork
1149 3 is eating
DBG_EAT: id=3 time_last_meal=1149
1189 2 is thinking
DBG_EAT2: id=3 meals=7
1210 3 has put down the left fork
1210 3 has put down the right fork
1210 3 is sleeping
1210 2 has taken the left fork
1210 2 has taken the right fork
1210 2 is eating
DBG_EAT: id=2 time_last_meal=1210
1249 1 is thinking
1249 1 has taken the right fork
DBG_EAT2: id=2 meals=7
1270 2 has put down the right fork
1270 2 has put down the left fork
1270 2 is sleeping
1270 1 has taken the left fork
1270 1 is eating
DBG_EAT: id=1 time_last_meal=1270
1310 3 is thinking
1310 3 has taken the right fork
DBG_EAT2: id=1 meals=8
1330 1 has put down the left fork
1330 1 has put down the right fork
1330 1 is sleeping
1331 3 has taken the left fork
1331 3 is eating
DBG_EAT: id=3 time_last_meal=1331
1370 2 is thinking
DBG_EAT2: id=3 meals=8
1391 3 has put down the left fork
1391 3 has put down the right fork
1391 3 is sleeping
1391 2 has taken the left fork
1391 2 has taken the right fork
1391 2 is eating
DBG_EAT: id=2 time_last_meal=1391
1431 1 is thinking
1431 1 has taken the right fork
DBG_EAT2: id=2 meals=8
1451 2 has put down the right fork
1451 2 has put down the left fork
1451 2 is sleeping
1452 1 has taken the left fork
1452 1 is eating
DBG_EAT: id=1 time_last_meal=1452
1491 3 is thinking
1491 3 has taken the right fork
DBG_EAT2: id=1 meals=9
1512 1 has put down the left fork
1512 1 has put down the right fork
1512 1 is sleeping
1512 3 has taken the left fork
1512 3 is eating
DBG_EAT: id=3 time_last_meal=1512
1551 2 is thinking
DBG_EAT2: id=3 meals=9
1572 3 has put down the left fork
1572 3 has put down the right fork
1572 3 is sleeping
1572 2 has taken the left fork
1572 2 has taken the right fork
1572 2 is eating
DBG_EAT: id=2 time_last_meal=1572
1612 1 is thinking
1612 1 has taken the right fork
DBG_EAT2: id=2 meals=9
1632 2 has put down the right fork
1632 2 has put down the left fork
1632 1 has taken the left fork
1632 1 is eating
DBG_EAT: id=1 time_last_meal=1632
1632 2 is sleeping
1672 3 is thinking
1672 3 has taken the right fork
DBG_EAT2: id=1 meals=10
1693 1 has put down the left fork
1693 1 has put down the right fork
1693 1 is sleeping
1693 3 has taken the left fork
1693 3 is eating
DBG_EAT: id=3 time_last_meal=1693
1732 2 is thinking
DBG_EAT2: id=3 meals=10
1753 3 has put down the left fork
1753 3 has put down the right fork
1753 3 is sleeping
1753 2 has taken the left fork
1753 2 has taken the right fork
1753 2 is eating
DBG_EAT: id=2 time_last_meal=1753
1793 1 is thinking
1793 1 has taken the right fork
DBG_EAT2: id=2 meals=10
1814 2 has put down the right fork
1814 2 has put down the left fork
1814 2 is sleeping
1814 1 has taken the left fork
1814 1 is eating
DBG_EAT: id=1 time_last_meal=1814
1853 3 is thinking
1853 3 has taken the right fork
DBG_EAT2: id=1 meals=11
1874 1 has put down the left fork
1874 1 has put down the right fork
1874 1 is sleeping
1874 3 has taken the left fork
1874 3 is eating
DBG_EAT: id=3 time_last_meal=1874
1914 2 is thinking
DBG_EAT2: id=3 meals=11
1935 3 has put down the left fork
1935 3 has put down the right fork
1935 3 is sleeping
1935 2 has taken the left fork
1935 2 has taken the right fork
1935 2 is eating
DBG_EAT: id=2 time_last_meal=1935
1975 1 is thinking
1975 1 has taken the right fork
DBG_EAT2: id=2 meals=11
1995 2 has put down the right fork
1995 2 has put down the left fork
1995 2 is sleeping
1996 1 has taken the left fork
1996 1 is eating
DBG_EAT: id=1 time_last_meal=1996
2035 3 is thinking
2035 3 has taken the right fork
DBG_EAT2: id=1 meals=12
2056 1 has put down the left fork
2056 1 has put down the right fork
2056 3 has taken the left fork
2056 3 is eating
DBG_EAT: id=3 time_last_meal=2056
2056 1 is sleeping
2096 2 is thinking
DBG_EAT2: id=3 meals=12
2117 3 has put down the left fork
2117 3 has put down the right fork
2117 3 is sleeping
2117 2 has taken the left fork
2117 2 has taken the right fork
2117 2 is eating
DBG_EAT: id=2 time_last_meal=2117
2156 1 is thinking
2156 1 has taken the right fork
DBG_EAT2: id=2 meals=12
2177 2 has put down the right fork
2177 2 has put down the left fork
2177 2 is sleeping
2177 1 has taken the left fork
2177 1 is eating
DBG_EAT: id=1 time_last_meal=2177
2217 3 is thinking
2217 3 has taken the right fork
DBG_EAT2: id=1 meals=13
2237 1 has put down the left fork
2237 1 has put down the right fork
2237 1 is sleeping
2237 3 has taken the left fork
2237 3 is eating
DBG_EAT: id=3 time_last_meal=2237
2277 2 is thinking
DBG_EAT2: id=3 meals=13
2298 3 has put down the left fork
2298 3 has put down the right fork
2298 3 is sleeping
2298 2 has taken the left fork
2298 2 has taken the right fork
2298 2 is eating
DBG_EAT: id=2 time_last_meal=2298
2338 1 is thinking
2338 1 has taken the right fork
DBG_EAT2: id=2 meals=13
2358 2 has put down the right fork
2358 2 has put down the left fork
2358 2 is sleeping
2358 1 has taken the left fork
2358 1 is eating
DBG_EAT: id=1 time_last_meal=2358
2398 3 is thinking
2398 3 has taken the right fork
DBG_EAT2: id=1 meals=14
2419 1 has put down the left fork
2419 1 has put down the right fork
2419 1 is sleeping
2419 3 has taken the left fork
2419 3 is eating
DBG_EAT: id=3 time_last_meal=2419
2458 2 is thinking
DBG_EAT2: id=3 meals=14
2479 3 has put down the left fork
2479 3 has put down the right fork
2479 3 is sleeping
2479 2 has taken the left fork
2479 2 has taken the right fork
2479 2 is eating
DBG_EAT: id=2 time_last_meal=2479
2519 1 is thinking
2519 1 has taken the right fork
DBG_EAT2: id=2 meals=14
2539 2 has put down the right fork
2539 2 has put down the left fork
2539 2 is sleeping
2539 1 has taken the left fork
2539 1 is eating
DBG_EAT: id=1 time_last_meal=2539
2579 3 is thinking
2579 3 has taken the right fork
DBG_EAT2: id=1 meals=15
2600 1 has put down the left fork
2600 1 has put down the right fork
2600 1 is sleeping
2600 3 has taken the left fork
2600 3 is eating
DBG_EAT: id=3 time_last_meal=2600
2639 2 is thinking
DBG_EAT2: id=3 meals=15
2660 3 has put down the left fork
2660 3 has put down the right fork
2660 2 has taken the left fork
2660 2 has taken the right fork
2660 2 is eating
DBG_EAT: id=2 time_last_meal=2660
2660 3 is sleeping
2700 1 is thinking
2700 1 has taken the right fork
DBG_EAT2: id=2 meals=15
2720 2 has put down the right fork
2720 2 has put down the left fork
2720 2 is sleeping
2720 1 has taken the left fork
2720 1 is eating
DBG_EAT: id=1 time_last_meal=2720
2760 3 is thinking
2760 3 has taken the right fork
DBG_EAT2: id=1 meals=16
2781 1 has put down the left fork
2781 1 has put down the right fork
2781 1 is sleeping
2781 3 has taken the left fork
2781 3 is eating
DBG_EAT: id=3 time_last_meal=2781
2821 2 is thinking
DBG_EAT2: id=3 meals=16
2841 3 has put down the left fork
2841 3 has put down the right fork
2841 3 is sleeping
2842 2 has taken the left fork
2842 2 has taken the right fork
2842 2 is eating
DBG_EAT: id=2 time_last_meal=2842
2881 1 is thinking
2881 1 has taken the right fork
DBG_EAT2: id=2 meals=16
2902 2 has put down the right fork
2902 2 has put down the left fork
2902 2 is sleeping
2902 1 has taken the left fork
2902 1 is eating
DBG_EAT: id=1 time_last_meal=2902
2942 3 is thinking
2942 3 has taken the right fork
DBG_EAT2: id=1 meals=17
2963 1 has put down the left fork
2963 1 has put down the right fork
2963 1 is sleeping
2963 3 has taken the left fork
2963 3 is eating
DBG_EAT: id=3 time_last_meal=2963
3002 2 is thinking
DBG_EAT2: id=3 meals=17
3023 3 has put down the left fork
3023 3 has put down the right fork
3023 3 is sleeping
3023 2 has taken the left fork
3023 2 has taken the right fork
3023 2 is eating
DBG_EAT: id=2 time_last_meal=3023
3063 1 is thinking
3063 1 has taken the right fork
DBG_EAT2: id=2 meals=17
3083 2 has put down the right fork
3083 2 has put down the left fork
3084 2 is sleeping
3084 1 has taken the left fork
3084 1 is eating
DBG_EAT: id=1 time_last_meal=3084
3123 3 is thinking
3123 3 has taken the right fork
DBG_EAT2: id=1 meals=18
3144 1 has put down the left fork
3144 1 has put down the right fork
3144 3 has taken the left fork
3144 1 is sleeping
3144 3 is eating
DBG_EAT: id=3 time_last_meal=3144
3184 2 is thinking
DBG_EAT2: id=3 meals=18
3205 3 has put down the left fork
3205 3 has put down the right fork
3205 3 is sleeping
3205 2 has taken the left fork
3205 2 has taken the right fork
3205 2 is eating
DBG_EAT: id=2 time_last_meal=3205
3244 1 is thinking
3244 1 has taken the right fork
DBG_EAT2: id=2 meals=18
3265 2 has put down the right fork
3265 2 has put down the left fork
3265 2 is sleeping
3265 1 has taken the left fork
3265 1 is eating
DBG_EAT: id=1 time_last_meal=3265
3305 3 is thinking
3305 3 has taken the right fork
DBG_EAT2: id=1 meals=19
3326 1 has put down the left fork
3326 1 has put down the right fork
3326 1 is sleeping
3326 3 has taken the left fork
3326 3 is eating
DBG_EAT: id=3 time_last_meal=3326
3365 2 is thinking
DBG_EAT2: id=3 meals=19
3386 3 has put down the left fork
3386 3 has put down the right fork
3386 3 is sleeping
3386 2 has taken the left fork
3386 2 has taken the right fork
3386 2 is eating
DBG_EAT: id=2 time_last_meal=3386
3426 1 is thinking
3426 1 has taken the right fork
DBG_EAT2: id=2 meals=19
3446 2 has put down the right fork
3446 2 has put down the left fork
3446 2 is sleeping
3446 1 has taken the left fork
3446 1 is eating
DBG_EAT: id=1 time_last_meal=3446
3486 3 is thinking
3486 3 has taken the right fork
DBG_EAT2: id=1 meals=20
3507 1 has put down the left fork
3507 1 has put down the right fork
3507 1 is sleeping
3507 3 has taken the left fork
3507 3 is eating
DBG_EAT: id=3 time_last_meal=3507
3547 2 is thinking
DBG_EAT2: id=3 meals=20
3567 3 has put down the left fork
3567 3 has put down the right fork
3567 3 is sleeping
3567 2 has taken the left fork
3567 2 has taken the right fork
3567 2 is eating
DBG_EAT: id=2 time_last_meal=3567
3607 1 is thinking
3607 1 has taken the right fork
DBG_EAT2: id=2 meals=20
3628 2 has put down the right fork
3628 2 has put down the left fork
3628 2 is sleeping
3628 1 has taken the left fork
3628 1 is eating
DBG_EAT: id=1 time_last_meal=3628
3668 3 is thinking
3668 3 has taken the right fork
DBG_EAT2: id=1 meals=21
3688 1 has put down the left fork
3689 1 has put down the right fork
3689 1 is sleeping
3689 3 has taken the left fork
3689 3 is eating
DBG_EAT: id=3 time_last_meal=3689
3728 2 is thinking
DBG_EAT2: id=3 meals=21
3749 3 has put down the left fork
3749 3 has put down the right fork
3749 3 is sleeping
3749 2 has taken the left fork
3749 2 has taken the right fork
3749 2 is eating
DBG_EAT: id=2 time_last_meal=3749
3789 1 is thinking
3789 1 has taken the right fork
DBG_EAT2: id=2 meals=21
3810 2 has put down the right fork
3810 2 has put down the left fork
3810 2 is sleeping
3810 1 has taken the left fork
3810 1 is eating
DBG_EAT: id=1 time_last_meal=3810
3850 3 is thinking
3850 3 has taken the right fork
DBG_EAT2: id=1 meals=22
3870 1 has put down the left fork
3870 1 has put down the right fork
3870 1 is sleeping
3871 3 has taken the left fork
3871 3 is eating
DBG_EAT: id=3 time_last_meal=3871
3910 2 is thinking
DBG_EAT2: id=3 meals=22
3931 3 has put down the left fork
3931 3 has put down the right fork
3931 3 is sleeping
3931 2 has taken the left fork
3931 2 has taken the right fork
3931 2 is eating
DBG_EAT: id=2 time_last_meal=3931
3971 1 is thinking
3971 1 has taken the right fork
DBG_EAT2: id=2 meals=22
3992 2 has put down the right fork
3992 2 has put down the left fork
3992 2 is sleeping
3992 1 has taken the left fork
3992 1 is eating
DBG_EAT: id=1 time_last_meal=3992
4031 3 is thinking
4031 3 has taken the right fork
DBG_EAT2