DBG_INIT: meal_mutex init for philo 1
DBG_INIT: meal_mutex init for philo 2
DBG: init philo[1].time_last_meal=0
DBG: init philo[2].time_last_meal=0
0 1 has taken the right fork
0 1 has taken the left fork
0 1 is eating
DBG_EAT: id=1 time_last_meal=0
DBG: start_time=1758403135377
DBG_EAT2: id=1 meals=1
101 1 has put down the left fork
101 1 has put down the right fork
101 2 has taken the left fork
101 2 has taken the right fork
101 2 is eating
DBG_EAT: id=2 time_last_meal=101
101 1 is sleeping
DBG_EAT2: id=2 meals=1
203 2 has put down the right fork
203 2 has put down the left fork
203 2 is sleeping
302 1 is thinking
302 1 has taken the right fork
302 1 has taken the left fork
302 1 is eating
DBG_EAT: id=1 time_last_meal=302
DBG_EAT2: id=1 meals=2
404 1 has put down the left fork
404 1 has put down the right fork
405 1 is sleeping
407 2 is thinking
407 2 has taken the left fork
407 2 has taken the right fork
407 2 is eating
DBG_EAT: id=2 time_last_meal=407
DBG_EAT2: id=2 meals=2
509 2 has put down the right fork
509 2 has put down the left fork
509 2 is sleeping
510 All philosophers ate enough
