DBG_INIT: meal_mutex init for philo 1
DBG_INIT: meal_mutex init for philo 2
DBG_INIT: meal_mutex init for philo 3
DBG_INIT: meal_mutex init for philo 4
DBG: init philo[1].time_last_meal=0
DBG: init philo[2].time_last_meal=0
DBG: init philo[3].time_last_meal=0
DBG: init philo[4].time_last_meal=0
0 1 has taken the right fork
0 1 has taken the left fork
0 1 is eating
DBG_EAT: id=1 time_last_meal=0
0 3 has taken the right fork
0 3 has taken the left fork
0 3 is eating
DBG_EAT: id=3 time_last_meal=0
DBG: start_time=1758387209653
DBG_EAT2: id=1 meals=1
200 1 has put down the left fork
200 1 has put down the right fork
200 1 is sleeping
200 4 has taken the left fork
DBG_EAT2: id=3 meals=1
201 3 has put down the left fork
201 3 has put down the right fork
201 3 is sleeping
201 4 has taken the right fork
201 4 is eating
DBG_EAT: id=4 time_last_meal=201
201 2 has taken the left fork
201 2 has taken the right fork
201 2 is eating
DBG_EAT: id=2 time_last_meal=201
261 1 is thinking
261 3 is thinking
DBG_EAT2: id=2 meals=1
401 2 has put down the right fork
DBG_EAT2: id=4 meals=1
401 4 has put down the right fork
401 2 has put down the left fork
401 2 is sleeping
401 4 has put down the left fork
401 4 is sleeping
401 3 has taken the right fork
401 3 has taken the left fork
401 3 is eating
DBG_EAT: id=3 time_last_meal=401
401 1 has taken the right fork
401 1 has taken the left fork
401 1 is eating
DBG_EAT: id=1 time_last_meal=401
461 2 is thinking
461 4 is thinking
DBG_EAT2: id=3 meals=2
602 3 has put down the left fork
DBG_EAT2: id=1 meals=2
602 1 has put down the left fork
602 3 has put down the right fork
602 3 is sleeping
602 1 has put down the right fork
602 1 is sleeping
602 2 has taken the left fork
602 2 has taken the right fork
602 2 is eating
DBG_EAT: id=2 time_last_meal=602
602 4 has taken the left fork
602 4 has taken the right fork
602 4 is eating
DBG_EAT: id=4 time_last_meal=602
662 3 is thinking
662 1 is thinking
DBG_EAT2: id=4 meals=2
802 4 has put down the right fork
DBG_EAT2: id=2 meals=2
802 2 has put down the right fork
802 4 has put down the left fork
802 4 is sleeping
802 2 has put down the left fork
802 2 is sleeping
802 1 has taken the right fork
802 1 has taken the left fork
802 1 is eating
DBG_EAT: id=1 time_last_meal=802
802 3 has taken the right fork
802 3 has taken the left fork
802 3 is eating
DBG_EAT: id=3 time_last_meal=802
862 2 is thinking
863 4 is thinking
DBG_EAT2: id=1 meals=3
1003 1 has put down the left fork
DBG_EAT2: id=3 meals=3
1003 3 has put down the left fork
1003 1 has put down the right fork
1003 3 has put down the right fork
1003 3 is sleeping
1003 1 is sleeping
1003 4 has taken the left fork
1003 4 has taken the right fork
1003 4 is eating
DBG_EAT: id=4 time_last_meal=1003
1003 2 has taken the left fork
1003 2 has taken the right fork
1003 2 is eating
DBG_EAT: id=2 time_last_meal=1003
1063 1 is thinking
1063 3 is thinking
DBG_EAT2: id=4 meals=3
1203 4 has put down the right fork
DBG_EAT2: id=2 meals=3
1203 2 has put down the right fork
1203 4 has put down the left fork
1203 4 is sleeping
1203 2 has put down the left fork
1203 2 is sleeping
1203 1 has taken the right fork
1203 1 has taken the left fork
1203 1 is eating
DBG_EAT: id=1 time_last_meal=1203
1203 3 has taken the right fork
1203 3 has taken the left fork
1203 3 is eating
DBG_EAT: id=3 time_last_meal=1203
1263 4 is thinking
1263 2 is thinking
DBG_EAT2: id=3 meals=4
1403 3 has put down the left fork
DBG_EAT2: id=1 meals=4
1403 1 has put down the left fork
1403 3 has put down the right fork
1403 1 has put down the right fork
1403 1 is sleeping
1403 3 is sleeping
1403 4 has taken the left fork
1403 2 has taken the left fork
1403 2 has taken the right fork
1403 2 is eating
DBG_EAT: id=2 time_last_meal=1403
1403 4 has taken the right fork
1403 4 is eating
DBG_EAT: id=4 time_last_meal=1403
1464 3 is thinking
1464 1 is thinking
DBG_EAT2: id=2 meals=4
1603 2 has put down the right fork
1603 2 has put down the left fork
1603 2 is sleeping
1603 3 has taken the right fork
DBG_EAT2: id=4 meals=4
1604 4 has put down the right fork
1604 4 has put down the left fork
1604 1 has taken the right fork
1604 1 has taken the left fork
1604 1 is eating
DBG_EAT: id=1 time_last_meal=1604
1604 4 is sleeping
1604 3 has taken the left fork
1604 All philosophers ate enough
DBG_EAT: id=3 time_last_meal=1604
DBG_EAT2: id=3 meals=5
DBG_EAT2: id=1 meals=5
