DBG_INIT: meal_mutex init for philo 1
DBG_INIT: meal_mutex init for philo 2
DBG_INIT: meal_mutex init for philo 3
DBG_INIT: meal_mutex init for philo 4
DBG: init philo[1].time_last_meal=0
DBG: init philo[2].time_last_meal=0
DBG: init philo[3].time_last_meal=0
DBG: init philo[4].time_last_meal=0
1 1 has taken the right fork
1 1 has taken the left fork
1 1 is eating
DBG_EAT: id=1 time_last_meal=1
1 3 has taken the right fork
1 3 has taken the left fork
1 3 is eating
DBG_EAT: id=3 time_last_meal=1
DBG: start_time=1758387119739
DBG_EAT2: id=1 meals=1
101 1 has put down the left fork
101 1 has put down the right fork
101 1 is sleeping
101 4 has taken the left fork
DBG_EAT2: id=3 meals=1
101 3 has put down the left fork
101 3 has put down the right fork
101 3 is sleeping
101 2 has taken the left fork
101 2 has taken the right fork
101 2 is eating
DBG_EAT: id=2 time_last_meal=101
101 4 has taken the right fork
101 4 is eating
DBG_EAT: id=4 time_last_meal=101
201 1 is thinking
DBG_EAT2: id=2 meals=1
201 2 has put down the right fork
201 2 has put down the left fork
201 2 is sleeping
202 3 is thinking
202 3 has taken the right fork
DBG_EAT2: id=4 meals=1
202 4 has put down the right fork
202 4 has put down the left fork
202 3 has taken the left fork
202 4 is sleeping
202 3 is eating
DBG_EAT: id=3 time_last_meal=202
202 1 has taken the right fork
202 1 has taken the left fork
202 1 is eating
DBG_EAT: id=1 time_last_meal=202
302 4 is thinking
DBG_EAT2: id=3 meals=2
DBG_EAT2: id=1 meals=2
302 1 has put down the left fork
302 1 has put down the right fork
302 3 has put down the left fork
302 3 has put down the right fork
302 3 is sleeping
302 2 is thinking
302 1 is sleeping
302 4 has taken the left fork
302 4 has taken the right fork
302 4 is eating
DBG_EAT: id=4 time_last_meal=302
302 2 has taken the left fork
302 2 has taken the right fork
302 2 is eating
DBG_EAT: id=2 time_last_meal=302
DBG_EAT2: id=2 meals=2
403 2 has put down the right fork
403 2 has put down the left fork
403 3 is thinking
403 3 has taken the right fork
403 1 is thinking
403 2 is sleeping
DBG_EAT2: id=4 meals=2
403 4 has put down the right fork
403 4 has put down the left fork
403 3 has taken the left fork
403 3 is eating
403 4 is sleeping
DBG_EAT: id=3 time_last_meal=403
403 1 has taken the right fork
403 1 has taken the left fork
403 1 is eating
DBG_EAT: id=1 time_last_meal=403
DBG_EAT2: id=3 meals=3
503 3 has put down the left fork
503 3 has put down the right fork
503 3 is sleeping
503 2 is thinking
DBG_EAT2: id=1 meals=3
503 1 has put down the left fork
503 1 has put down the right fork
503 1 is sleeping
503 4 is thinking
503 2 has taken the left fork
503 2 has taken the right fork
503 2 is eating
DBG_EAT: id=2 time_last_meal=503
504 4 has taken the left fork
504 4 has taken the right fork
504 4 is eating
DBG_EAT: id=4 time_last_meal=504
603 3 is thinking
604 1 is thinking
DBG_EAT2: id=2 meals=3
604 2 has put down the right fork
604 2 has put down the left fork
DBG_EAT2: id=4 meals=3
604 4 has put down the right fork
604 2 is sleeping
604 4 has put down the left fork
604 4 is sleeping
604 3 has taken the right fork
604 3 has taken the left fork
604 3 is eating
DBG_EAT: id=3 time_last_meal=604
604 1 has taken the right fork
604 1 has taken the left fork
604 1 is eating
DBG_EAT: id=1 time_last_meal=604
704 4 is thinking
704 2 is thinking
DBG_EAT2: id=3 meals=4
704 3 has put down the left fork
704 3 has put down the right fork
DBG_EAT2: id=1 meals=4
704 1 has put down the left fork
704 1 has put down the right fork
704 1 is sleeping
704 3 is sleeping
704 4 has taken the left fork
704 4 has taken the right fork
704 4 is eating
DBG_EAT: id=4 time_last_meal=704
704 2 has taken the left fork
704 2 has taken the right fork
704 2 is eating
DBG_EAT: id=2 time_last_meal=704
DBG_EAT2: id=2 meals=4
804 2 has put down the right fork
804 2 has put down the left fork
804 2 is sleeping
804 3 is thinking
DBG_EAT2: id=4 meals=4
804 4 has put down the right fork
804 4 has put down the left fork
804 3 has taken the right fork
804 3 has taken the left fork
804 3 is eating
DBG_EAT: id=3 time_last_meal=804
805 4 is sleeping
805 1 is thinking
805 1 has taken the right fork
805 1 has taken the left fork
805 1 is eating
DBG_EAT: id=1 time_last_meal=805
DBG_EAT2: id=3 meals=5
905 3 has put down the left fork
905 3 has put down the right fork
905 2 is thinking
905 4 is thinking
905 3 is sleeping
DBG_EAT2: id=1 meals=5
905 1 has put down the left fork
905 1 has put down the right fork
905 1 is sleeping
905 2 has taken the left fork
905 2 has taken the right fork
905 2 is eating
DBG_EAT: id=2 time_last_meal=905
905 4 has taken the left fork
905 4 has taken the right fork
905 4 is eating
DBG_EAT: id=4 time_last_meal=905
1005 3 is thinking
1005 1 is thinking
DBG_EAT2: id=2 meals=5
1005 2 has put down the right fork
1005 2 has put down the left fork
DBG_EAT2: id=4 meals=5
1005 4 has put down the right fork
1005 2 is sleeping
1005 4 has put down the left fork
1005 4 is sleeping
1005 3 has taken the right fork
1005 3 has taken the left fork
1005 3 is eating
DBG_EAT: id=3 time_last_meal=1005
1005 1 has taken the right fork
1005 1 has taken the left fork
1005 1 is eating
DBG_EAT: id=1 time_last_meal=1005
DBG_EAT2: id=1 meals=6
1106 4 is thinking
1106 1 has put down the left fork
1106 1 has put down the right fork
1106 1 is sleeping
DBG_EAT2: id=3 meals=6
1106 3 has put down the left fork
1106 3 has put down the right fork
1106 2 is thinking
1106 3 is sleeping
1106 4 has taken the left fork
1106 All philosophers ate enough
