DBG_INIT: meal_mutex init for philo 1
DBG_INIT: meal_mutex init for philo 2
DBG_INIT: meal_mutex init for philo 3
DBG: init philo[1].time_last_meal=0
DBG: init philo[2].time_last_meal=0
DBG: init philo[3].time_last_meal=0
0 1 has taken the right fork
0 1 has taken the left fork
0 1 is eating
DBG_EAT: id=1 time_last_meal=0
1 3 has taken the right fork
DBG: start_time=1758386648872
DBG_EAT2: id=1 meals=1
100 1 has put down the left fork
101 1 has put down the right fork
101 1 is sleeping
101 3 has taken the left fork
101 3 is eating
DBG_EAT: id=3 time_last_meal=101
161 1 is thinking
DBG_EAT2: id=3 meals=1
201 3 has put down the left fork
201 3 has put down the right fork
201 1 has taken the right fork
201 1 has taken the left fork
201 1 is eating
DBG_EAT: id=1 time_last_meal=201
201 3 is sleeping
201 2 has taken the left fork
261 3 is thinking
DBG_EAT2: id=1 meals=2
301 1 has put down the left fork
301 1 has put down the right fork
301 1 is sleeping
301 2 has taken the right fork
301 2 is eating
DBG_EAT: id=2 time_last_meal=301
361 1 is thinking
361 1 has taken the right fork
DBG_EAT2: id=2 meals=1
401 2 has put down the right fork
401 2 has put down the left fork
401 2 is sleeping
401 1 has taken the left fork
401 1 is eating
DBG_EAT: id=1 time_last_meal=401
401 3 has taken the right fork
461 2 is thinking
DBG_EAT2: id=1 meals=3
501 1 has put down the left fork
501 1 has put down the right fork
501 1 is sleeping
501 3 has taken the left fork
501 3 is eating
DBG_EAT: id=3 time_last_meal=501
561 1 is thinking
DBG_EAT2: id=3 meals=2
601 3 has put down the left fork
602 3 has put down the right fork
602 1 has taken the right fork
602 1 has taken the left fork
602 1 is eating
DBG_EAT: id=1 time_last_meal=602
602 3 is sleeping
602 2 has taken the left fork
662 3 is thinking
DBG_EAT2: id=1 meals=4
702 1 has put down the left fork
702 1 has put down the right fork
702 1 is sleeping
702 2 has taken the right fork
702 2 is eating
DBG_EAT: id=2 time_last_meal=702
762 1 is thinking
762 1 has taken the right fork
DBG_EAT2: id=2 meals=2
802 2 has put down the right fork
802 2 has put down the left fork
802 2 is sleeping
802 1 has taken the left fork
802 1 is eating
DBG_EAT: id=1 time_last_meal=802
802 3 has taken the right fork
802 All philosophers ate enough
DBG_EAT2: id=1 meals=5
