DBG_INIT: meal_mutex init for philo 1
DBG_INIT: meal_mutex init for philo 2
DBG: init philo[1].time_last_meal=0
DBG: init philo[2].time_last_meal=0
0 1 has taken the right fork
0 1 has taken the left fork
0 1 is eating
DBG_EAT: id=1 time_last_meal=0
DBG: start_time=1758403003478
DBG_EAT2: id=1 meals=1
101 1 has put down the left fork
101 1 has put down the right fork
101 1 is sleeping
101 2 has taken the left fork
101 2 has taken the right fork
101 2 is eating
DBG_EAT: id=2 time_last_meal=101
DBG_EAT2: id=2 meals=1
203 2 has put down the right fork
203 2 has put down the left fork
203 2 is sleeping
301 1 is thinking
301 1 has taken the right fork
301 1 has taken the left fork
301 1 is eating
DBG_EAT: id=1 time_last_meal=301
DBG_EAT2: id=1 meals=2
402 1 has put down the left fork
402 1 has put down the right fork
402 1 is sleeping
405 2 is thinking
405 2 has taken the left fork
405 2 has taken the right fork
405 2 is eating
DBG_EAT: id=2 time_last_meal=405
DBG_EAT2: id=2 meals=2
507 2 has put down the right fork
507 2 has put down the left fork
507 2 is sleeping
605 1 is thinking
605 1 has taken the right fork
605 1 has taken the left fork
605 1 is eating
DBG_EAT: id=1 time_last_meal=605
DBG_EAT2: id=1 meals=3
707 1 has put down the left fork
707 1 has put down the right fork
707 1 is sleeping
709 2 is thinking
709 2 has taken the left fork
709 2 has taken the right fork
709 2 is eating
DBG_EAT: id=2 time_last_meal=709
DBG_EAT2: id=2 meals=3
811 2 has put down the right fork
811 2 has put down the left fork
811 2 is sleeping
811 All philosophers ate enough
