DBG_INIT: meal_mutex init for philo 1
DBG_INIT: meal_mutex init for philo 2
DBG_INIT: meal_mutex init for philo 3
DBG_INIT: meal_mutex init for philo 4
DBG_INIT: meal_mutex init for philo 5
DBG: init philo[1].time_last_meal=0
DBG: init philo[2].time_last_meal=0
DBG: init philo[3].time_last_meal=0
DBG: init philo[4].time_last_meal=0
DBG: init philo[5].time_last_meal=0
1 1 has taken the right fork
1 1 has taken the left fork
1 1 is eating
DBG_EAT: id=1 time_last_meal=1
1 2 has taken the left fork
2 4 has taken the left fork
2 4 has taken the right fork
2 4 is eating
DBG_EAT: id=4 time_last_meal=2
DBG: start_time=1758387451207
DBG_EAT2: id=1 meals=1
61 1 has put down the left fork
61 1 has put down the right fork
61 1 is sleeping
61 2 has taken the right fork
61 2 is eating
DBG_EAT: id=2 time_last_meal=61
DBG_EAT2: id=4 meals=1
62 4 has put down the right fork
62 4 has put down the left fork
62 4 is sleeping
62 5 has taken the right fork
62 5 has taken the left fork
62 5 is eating
DBG_EAT: id=5 time_last_meal=62
DBG_EAT2: id=2 meals=1
121 2 has put down the right fork
121 2 has put down the left fork
121 2 is sleeping
121 3 has taken the right fork
121 3 has taken the left fork
121 3 is eating
DBG_EAT: id=3 time_last_meal=121
DBG_EAT2: id=5 meals=1
123 5 has put down the left fork
123 5 has put down the right fork
123 5 is sleeping
161 1 is thinking
161 1 has taken the right fork
161 1 has taken the left fork
161 1 is eating
DBG_EAT: id=1 time_last_meal=161
163 4 is thinking
163 4 has taken the left fork
DBG_EAT2: id=3 meals=1
182 3 has put down the left fork
182 3 has put down the right fork
182 3 is sleeping
182 4 has taken the right fork
182 4 is eating
DBG_EAT: id=4 time_last_meal=182
DBG_EAT2: id=1 meals=2
222 1 has put down the left fork
222 1 has put down the right fork
222 1 is sleeping
222 2 is thinking
222 2 has taken the left fork
222 2 has taken the right fork
222 2 is eating
DBG_EAT: id=2 time_last_meal=222
223 5 is thinking
DBG_EAT2: id=4 meals=2
242 4 has put down the right fork
242 4 has put down the left fork
242 4 is sleeping
243 5 has taken the right fork
243 5 has taken the left fork
243 5 is eating
DBG_EAT: id=5 time_last_meal=243
DBG_EAT2: id=2 meals=2
282 2 has put down the right fork
282 2 has put down the left fork
282 2 is sleeping
282 3 is thinking
282 3 has taken the right fork
282 3 has taken the left fork
282 3 is eating
DBG_EAT: id=3 time_last_meal=282
DBG_EAT2: id=5 meals=2
303 5 has put down the left fork
303 5 has put down the right fork
303 5 is sleeping
322 1 is thinking
322 1 has taken the right fork
322 1 has taken the left fork
322 1 is eating
DBG_EAT: id=1 time_last_meal=322
DBG_EAT2: id=3 meals=2
343 3 has put down the left fork
343 3 has put down the right fork
343 4 is thinking
343 3 is sleeping
343 4 has taken the left fork
343 4 has taken the right fork
343 4 is eating
DBG_EAT: id=4 time_last_meal=343
DBG_EAT2: id=1 meals=3
382 1 has put down the left fork
382 1 has put down the right fork
382 1 is sleeping
382 2 is thinking
383 2 has taken the left fork
383 2 has taken the right fork
383 2 is eating
DBG_EAT: id=2 time_last_meal=383
403 5 is thinking
DBG_EAT2: id=4 meals=3
403 4 has put down the right fork
403 4 has put down the left fork
403 5 has taken the right fork
403 5 has taken the left fork
403 5 is eating
DBG_EAT: id=5 time_last_meal=403
403 4 is sleeping
DBG_EAT2: id=2 meals=3
443 2 has put down the right fork
443 2 has put down the left fork
443 2 is sleeping
443 3 is thinking
443 3 has taken the right fork
443 3 has taken the left fork
443 3 is eating
DBG_EAT: id=3 time_last_meal=443
DBG_EAT2: id=5 meals=3
464 5 has put down the left fork
464 5 has put down the right fork
464 5 is sleeping
483 1 is thinking
483 1 has taken the right fork
483 1 has taken the left fork
483 1 is eating
DBG_EAT: id=1 time_last_meal=483
DBG_EAT2: id=3 meals=3
503 3 has put down the left fork
503 3 has put down the right fork
503 3 is sleeping
503 4 is thinking
504 4 has taken the left fork
504 4 has taken the right fork
504 4 is eating
DBG_EAT: id=4 time_last_meal=504
DBG_EAT2: id=1 meals=4
543 1 has put down the left fork
543 1 has put down the right fork
543 1 is sleeping
543 2 is thinking
543 2 has taken the left fork
543 2 has taken the right fork
543 2 is eating
DBG_EAT: id=2 time_last_meal=543
DBG_EAT2: id=4 meals=4
564 4 has put down the right fork
564 4 has put down the left fork
564 5 is thinking
564 5 has taken the right fork
564 5 has taken the left fork
564 5 is eating
DBG_EAT: id=5 time_last_meal=564
564 4 is sleeping
DBG_EAT2: id=2 meals=4
603 2 has put down the right fork
603 2 has put down the left fork
603 2 is sleeping
603 3 is thinking
603 3 has taken the right fork
603 3 has taken the left fork
603 3 is eating
DBG_EAT: id=3 time_last_meal=603
DBG_EAT2: id=5 meals=4
624 5 has put down the left fork
624 5 has put down the right fork
624 5 is sleeping
643 1 is thinking
643 1 has taken the right fork
643 1 has taken the left fork
643 1 is eating
DBG_EAT: id=1 time_last_meal=643
DBG_EAT2: id=3 meals=4
664 3 has put down the left fork
664 3 has put down the right fork
664 3 is sleeping
664 4 is thinking
664 4 has taken the left fork
664 4 has taken the right fork
664 4 is eating
DBG_EAT: id=4 time_last_meal=664
DBG_EAT2: id=1 meals=5
703 1 has put down the left fork
703 1 has put down the right fork
703 1 is sleeping
703 2 is thinking
704 2 has taken the left fork
704 2 has taken the right fork
704 2 is eating
DBG_EAT: id=2 time_last_meal=704
DBG_EAT2: id=4 meals=5
724 4 has put down the right fork
724 4 has put down the left fork
724 5 is thinking
724 5 has taken the right fork
724 5 has taken the left fork
724 5 is eating
DBG_EAT: id=5 time_last_meal=724
724 4 is sleeping
DBG_EAT2: id=2 meals=5
764 2 has put down the right fork
764 2 has put down the left fork
764 2 is sleeping
764 3 is thinking
764 3 has taken the right fork
764 3 has taken the left fork
764 3 is eating
DBG_EAT: id=3 time_last_meal=764
DBG_EAT2: id=5 meals=5
785 5 has put down the left fork
785 5 has put down the right fork
785 5 is sleeping
804 1 is thinking
804 1 has taken the right fork
804 1 has taken the left fork
804 1 is eating
DBG_EAT: id=1 time_last_meal=804
DBG_EAT2: id=3 meals=5
824 3 has put down the left fork
824 3 has put down the right fork
824 3 is sleeping
824 All philosophers ate enough
DBG_EAT2: id=1 meals=6
