DBG_INIT: meal_mutex init for philo 1
DBG_INIT: meal_mutex init for philo 2
DBG_INIT: meal_mutex init for philo 3
DBG: init philo[1].time_last_meal=0
DBG: init philo[2].time_last_meal=0
DBG: init philo[3].time_last_meal=0
0 1 has taken the right fork
0 1 has taken the left fork
0 1 is eating
DBG_EAT: id=1 time_last_meal=0
0 3 has taken the right fork
DBG: start_time=1758403389184
DBG_EAT2: id=1 meals=1
60 1 has put down the left fork
60 1 has put down the right fork
60 1 is sleeping
60 3 has taken the left fork
60 3 is eating
DBG_EAT: id=3 time_last_meal=60
DBG_EAT2: id=3 meals=1
121 3 has put down the left fork
121 3 has put down the right fork
121 3 is sleeping
121 2 has taken the left fork
121 2 has taken the right fork
121 2 is eating
DBG_EAT: id=2 time_last_meal=121
161 1 is thinking
161 1 has taken the right fork
DBG_EAT2: id=2 meals=1
181 2 has put down the right fork
181 2 has put down the left fork
181 1 has taken the left fork
181 1 is eating
DBG_EAT: id=1 time_last_meal=181
181 2 is sleeping
221 3 is thinking
221 3 has taken the right fork
DBG_EAT2: id=1 meals=2
241 1 has put down the left fork
241 1 has put down the right fork
241 1 is sleeping
241 3 has taken the left fork
241 3 is eating
DBG_EAT: id=3 time_last_meal=241
281 2 is thinking
DBG_EAT2: id=3 meals=2
302 3 has put down the left fork
302 3 has put down the right fork
302 3 is sleeping
302 2 has taken the left fork
302 2 has taken the right fork
302 2 is eating
DBG_EAT: id=2 time_last_meal=302
342 1 is thinking
342 1 has taken the right fork
DBG_EAT2: id=2 meals=2
362 2 has put down the right fork
362 2 has put down the left fork
363 2 is sleeping
363 1 has taken the left fork
363 1 is eating
DBG_EAT: id=1 time_last_meal=363
402 3 is thinking
402 3 has taken the right fork
DBG_EAT2: id=1 meals=3
423 1 has put down the left fork
423 1 has put down the right fork
423 1 is sleeping
423 3 has taken the left fork
423 3 is eating
DBG_EAT: id=3 time_last_meal=423
463 2 is thinking
DBG_EAT2: id=3 meals=3
483 3 has put down the left fork
484 3 has put down the right fork
484 3 is sleeping
484 2 has taken the left fork
484 2 has taken the right fork
484 2 is eating
DBG_EAT: id=2 time_last_meal=484
524 1 is thinking
524 1 has taken the right fork
DBG_EAT2: id=2 meals=3
544 2 has put down the right fork
544 2 has put down the left fork
544 2 is sleeping
544 1 has taken the left fork
544 1 is eating
DBG_EAT: id=1 time_last_meal=544
584 3 is thinking
584 3 has taken the right fork
DBG_EAT2: id=1 meals=4
605 1 has put down the left fork
605 1 has put down the right fork
605 1 is sleeping
605 3 has taken the left fork
605 3 is eating
DBG_EAT: id=3 time_last_meal=605
645 2 is thinking
DBG_EAT2: id=3 meals=4
665 3 has put down the left fork
665 3 has put down the right fork
666 2 has taken the left fork
666 2 has taken the right fork
666 2 is eating
DBG_EAT: id=2 time_last_meal=666
666 3 is sleeping
705 1 is thinking
705 1 has taken the right fork
DBG_EAT2: id=2 meals=4
726 2 has put down the right fork
726 2 has put down the left fork
726 2 is sleeping
726 1 has taken the left fork
726 1 is eating
DBG_EAT: id=1 time_last_meal=726
766 3 is thinking
766 3 has taken the right fork
DBG_EAT2: id=1 meals=5
787 1 has put down the left fork
787 1 has put down the right fork
787 1 is sleeping
787 3 has taken the left fork
787 3 is eating
DBG_EAT: id=3 time_last_meal=787
826 2 is thinking
DBG_EAT2: id=3 meals=5
847 3 has put down the left fork
847 3 has put down the right fork
847 3 is sleeping
847 2 has taken the left fork
847 2 has taken the right fork
847 2 is eating
DBG_EAT: id=2 time_last_meal=847
887 1 is thinking
887 1 has taken the right fork
DBG_EAT2: id=2 meals=5
908 2 has put down the right fork
908 2 has put down the left fork
908 2 is sleeping
908 1 has taken the left fork
908 1 is eating
DBG_EAT: id=1 time_last_meal=908
948 3 is thinking
948 3 has taken the right fork
DBG_EAT2: id=1 meals=6
968 1 has put down the left fork
969 1 has put down the right fork
969 1 is sleeping
969 3 has taken the left fork
969 3 is eating
DBG_EAT: id=3 time_last_meal=969
1008 2 is thinking
DBG_EAT2: id=3 meals=6
1029 3 has put down the left fork
1029 3 has put down the right fork
1029 3 is sleeping
1029 2 has taken the left fork
1029 2 has taken the right fork
1029 2 is eating
DBG_EAT: id=2 time_last_meal=1029
1069 1 is thinking
1069 1 has taken the right fork
DBG_EAT2: id=2 meals=6
1090 2 has put down the right fork
1090 2 has put down the left fork
1090 2 is sleeping
1090 1 has taken the left fork
1090 1 is eating
DBG_EAT: id=1 time_last_meal=1090
1130 3 is thinking
1130 3 has taken the right fork
DBG_EAT2: id=1 meals=7
1150 1 has put down the left fork
1150 1 has put down the right fork
1150 1 is sleeping
1151 3 has taken the left fork
1151 3 is eating
DBG_EAT: id=3 time_last_meal=1151
1190 2 is thinking
DBG_EAT2: id=3 meals=7
1211 3 has put down the left fork
1211 3 has put down the right fork
1211 3 is sleeping
1211 2 has taken the left fork
1211 2 has taken the right fork
1211 2 is eating
DBG_EAT: id=2 time_last_meal=1211
1251 1 is thinking
1251 1 has taken the right fork
DBG_EAT2: id=2 meals=7
1272 2 has put down the right fork
1272 2 has put down the left fork
1272 2 is sleeping
1272 1 has taken the left fork
1272 1 is eating
DBG_EAT: id=1 time_last_meal=1272
1312 3 is thinking
1312 3 has taken the right fork
DBG_EAT2: id=1 meals=8
1332 1 has put down the left fork
1332 1 has put down the right fork
1332 1 is sleeping
1332 3 has taken the left fork
1332 3 is eating
DBG_EAT: id=3 time_last_meal=1332
1372 2 is thinking
DBG_EAT2: id=3 meals=8
1393 3 has put down the left fork
1393 3 has put down the right fork
1393 3 is sleeping
1393 2 has taken the left fork
1393 2 has taken the right fork
1393 2 is eating
DBG_EAT: id=2 time_last_meal=1393
1433 1 is thinking
1433 1 has taken the right fork
DBG_EAT2: id=2 meals=8
1454 2 has put down the right fork
1454 2 has put down the left fork
1454 2 is sleeping
1454 1 has taken the left fork
1454 1 is eating
DBG_EAT: id=1 time_last_meal=1454
1493 3 is thinking
1493 3 has taken the right fork
DBG_EAT2: id=1 meals=9
1514 1 has put down the left fork
1514 1 has put down the right fork
1514 1 is sleeping
1514 3 has taken the left fork
1514 3 is eating
DBG_EAT: id=3 time_last_meal=1514
1554 2 is thinking
DBG_EAT2: id=3 meals=9
1575 3 has put down the left fork
1575 3 has put down the right fork
1575 3 is sleeping
1575 2 has taken the left fork
1575 2 has taken the right fork
1575 2 is eating
DBG_EAT: id=2 time_last_meal=1575
1615 1 is thinking
1615 1 has taken the right fork
DBG_EAT2: id=2 meals=9
1635 2 has put down the right fork
1635 2 has put down the left fork
1635 2 is sleeping
1636 1 has taken the left fork
1636 1 is eating
DBG_EAT: id=1 time_last_meal=1636
1675 3 is thinking
1675 3 has taken the right fork
DBG_EAT2: id=1 meals=10
1696 1 has put down the left fork
1696 1 has put down the right fork
1696 1 is sleeping
1696 3 has taken the left fork
1696 3 is eating
DBG_EAT: id=3 time_last_meal=1696
1736 2 is thinking
DBG_EAT2: id=3 meals=10
1757 3 has put down the left fork
1757 3 has put down the right fork
1757 3 is sleeping
1757 2 has taken the left fork
1757 2 has taken the right fork
1757 2 is eating
DBG_EAT: id=2 time_last_meal=1757
1796 1 is thinking
1796 1 has taken the right fork
DBG_EAT2: id=2 meals=10
1817 2 has put down the right fork
1817 2 has put down the left fork
1817 1 has taken the left fork
1817 2 is sleeping
1817 1 is eating
DBG_EAT: id=1 time_last_meal=1817
1857 3 is thinking
1857 3 has taken the right fork
DBG_EAT2: id=1 meals=11
1877 1 has put down the left fork
1878 1 has put down the right fork
1878 1 is sleeping
1878 3 has taken the left fork
1878 3 is eating
DBG_EAT: id=3 time_last_meal=1878
1918 2 is thinking
DBG_EAT2: id=3 meals=11
1938 3 has put down the left fork
1938 3 has put down the right fork
1938 3 is sleeping
1938 2 has taken the left fork
1938 2 has taken the right fork
1938 2 is eating
DBG_EAT: id=2 time_last_meal=1938
1978 1 is thinking
1978 1 has taken the right fork
DBG_EAT2: id=2 meals=11
1998 2 has put down the right fork
1999 2 has put down the left fork
1999 2 is sleeping
1999 1 has taken the left fork
1999 1 is eating
DBG_EAT: id=1 time_last_meal=1999
2039 3 is thinking
2039 3 has taken the right fork
DBG_EAT2: id=1 meals=12
2059 1 has put down the left fork
2059 1 has put down the right fork
2059 1 is sleeping
2059 3 has taken the left fork
2059 3 is eating
DBG_EAT: id=3 time_last_meal=2059
2099 2 is thinking
DBG_EAT2: id=3 meals=12
2119 3 has put down the left fork
2119 3 has put down the right fork
2119 3 is sleeping
2119 2 has taken the left fork
2119 2 has taken the right fork
2119 2 is eating
DBG_EAT: id=2 time_last_meal=2119
2159 1 is thinking
2159 1 has taken the right fork
DBG_EAT2: id=2 meals=12
2179 2 has put down the right fork
2179 2 has put down the left fork
2179 2 is sleeping
2179 1 has taken the left fork
2179 1 is eating
DBG_EAT: id=1 time_last_meal=2179
2219 3 is thinking
2219 3 has taken the right fork
DBG_EAT2: id=1 meals=13
2240 1 has put down the left fork
2240 1 has put down the right fork
2240 1 is sleeping
2240 3 has taken the left fork
2240 3 is eating
DBG_EAT: id=3 time_last_meal=2240
2280 2 is thinking
DBG_EAT2: id=3 meals=13
2300 3 has put down the left fork
2300 3 has put down the right fork
2300 3 is sleeping
2300 2 has taken the left fork
2300 2 has taken the right fork
2300 2 is eating
DBG_EAT: id=2 time_last_meal=2300
2340 1 is thinking
2340 1 has taken the right fork
DBG_EAT2: id=2 meals=13
2361 2 has put down the right fork
2361 2 has put down the left fork
2361 2 is sleeping
2361 1 has taken the left fork
2361 1 is eating
DBG_EAT: id=1 time_last_meal=2361
2401 3 is thinking
2401 3 has taken the right fork
DBG_EAT2: id=1 meals=14
2421 1 has put down the left fork
2422 1 has put down the right fork
2422 1 is sleeping
2422 3 has taken the left fork
2422 3 is eating
DBG_EAT: id=3 time_last_meal=2422
2461 2 is thinking
DBG_EAT2: id=3 meals=14
2482 3 has put down the left fork
2482 3 has put down the right fork
2482 3 is sleeping
2482 2 has taken the left fork
2482 2 has taken the right fork
2482 2 is eating
DBG_EAT: id=2 time_last_meal=2482
2522 1 is thinking
2522 1 has taken the right fork
DBG_EAT2: id=2 meals=14
2543 2 has put down the right fork
2543 2 has put down the left fork
2543 2 is sleeping
2543 1 has taken the left fork
2543 1 is eating
DBG_EAT: id=1 time_last_meal=2543
2582 3 is thinking
2582 3 has taken the right fork
DBG_EAT2: id=1 meals=15
2603 1 has put down the left fork
2603 1 has put down the right fork
2603 1 is sleeping
2603 3 has taken the left fork
2603 3 is eating
DBG_EAT: id=3 time_last_meal=2603
2643 2 is thinking
DBG_EAT2: id=3 meals=15
2663 3 has put down the left fork
2663 3 has put down the right fork
2663 3 is sleeping
2664 2 has taken the left fork
2664 2 has taken the right fork
2664 2 is eating
DBG_EAT: id=2 time_last_meal=2664
2703 1 is thinking
2703 1 has taken the right fork
DBG_EAT2: id=2 meals=15
2724 2 has put down the right fork
2724 2 has put down the left fork
2724 2 is sleeping
2724 1 has taken the left fork
2724 1 is eating
DBG_EAT: id=1 time_last_meal=2724
2764 3 is thinking
2764 3 has taken the right fork
DBG_EAT2: id=1 meals=16
2784 1 has put down the left fork
2785 1 has put down the right fork
2785 1 is sleeping
2785 3 has taken the left fork
2785 3 is eating
DBG_EAT: id=3 time_last_meal=2785
2824 2 is thinking
DBG_EAT2: id=3 meals=16
2845 3 has put down the left fork
2845 3 has put down the right fork
2845 3 is sleeping
2845 2 has taken the left fork
2845 2 has taken the right fork
2845 2 is eating
DBG_EAT: id=2 time_last_meal=2845
2885 1 is thinking
2885 1 has taken the right fork
DBG_EAT2: id=2 meals=16
2906 2 has put down the right fork
2906 2 has put down the left fork
2906 2 is sleeping
2906 1 has taken the left fork
2906 1 is eating
DBG_EAT: id=1 time_last_meal=2906
2946 3 is thinking
2946 3 has taken the right fork
DBG_EAT2: id=1 meals=17
2966 1 has put down the left fork
2966 1 has put down the right fork
2966 1 is sleeping
2966 3 has taken the left fork
2966 3 is eating
DBG_EAT: id=3 time_last_meal=2966
3006 2 is thinking
DBG_EAT2: id=3 meals=17
3027 3 has put down the left fork
3027 3 has put down the right fork
3027 3 is sleeping
3027 2 has taken the left fork
3027 2 has taken the right fork
3027 2 is eating
DBG_EAT: id=2 time_last_meal=3027
3067 1 is thinking
3067 1 has taken the right fork
DBG_EAT2: id=2 meals=17
3087 2 has put down the right fork
3087 2 has put down the left fork
3087 2 is sleeping
3087 1 has taken the left fork
3087 1 is eating
DBG_EAT: id=1 time_last_meal=3087
3127 3 is thinking
3127 3 has taken the right fork
DBG_EAT2: id=1 meals=18
3147 1 has put down the left fork
3148 1 has put down the right fork
3148 1 is sleeping
3148 3 has taken the left fork
3148 3 is eating
DBG_EAT: id=3 time_last_meal=3148
3187 2 is thinking
DBG_EAT2: id=3 meals=18
3208 3 has put down the left fork
3208 3 has put down the right fork
3208 3 is sleeping
3208 2 has taken the left fork
3208 2 has taken the right fork
3208 2 is eating
DBG_EAT: id=2 time_last_meal=3208
3248 1 is thinking
3248 1 has taken the right fork
DBG_EAT2: id=2 meals=18
3268 2 has put down the right fork
3268 2 has put down the left fork
3268 2 is sleeping
3268 1 has taken the left fork
3268 1 is eating
DBG_EAT: id=1 time_last_meal=3268
3308 3 is thinking
3308 3 has taken the right fork
DBG_EAT2: id=1 meals=19
3328 1 has put down the left fork
3328 1 has put down the right fork
3328 1 is sleeping
3328 3 has taken the left fork
3328 3 is eating
DBG_EAT: id=3 time_last_meal=3328
3368 2 is thinking
DBG_EAT2: id=3 meals=19
3389 3 has put down the left fork
3389 3 has put down the right fork
3389 3 is sleeping
3389 2 has taken the left fork
3389 2 has taken the right fork
3389 2 is eating
DBG_EAT: id=2 time_last_meal=3389
3428 1 is thinking
3428 1 has taken the right fork
DBG_EAT2: id=2 meals=19
3449 2 has put down the right fork
3449 2 has put down the left fork
3449 2 is sleeping
3449 1 has taken the left fork
3449 1 is eating
DBG_EAT: id=1 time_last_meal=3449
3489 3 is thinking
3489 3 has taken the right fork
DBG_EAT2: id=1 meals=20
3509 1 has put down the left fork
3509 1 has put down the right fork
3509 1 is sleeping
3509 3 has taken the left fork
3509 3 is eating
DBG_EAT: id=3 time_last_meal=3509
3549 2 is thinking
DBG_EAT2: id=3 meals=20
3569 3 has put down the left fork
3569 3 has put down the right fork
3569 3 is sleeping
3570 2 has taken the left fork
3570 2 has taken the right fork
3570 2 is eating
DBG_EAT: id=2 time_last_meal=3570
3609 1 is thinking
3609 1 has taken the right fork
DBG_EAT2: id=2 meals=20
3630 2 has put down the right fork
3630 2 has put down the left fork
3630 2 is sleeping
3630 1 has taken the left fork
3630 1 is eating
DBG_EAT: id=1 time_last_meal=3630
3670 3 is thinking
3670 3 has taken the right fork
DBG_EAT2: id=1 meals=21
3690 1 has put down the left fork
3690 1 has put down the right fork
3690 1 is sleeping
3690 3 has taken the left fork
3690 3 is eating
DBG_EAT: id=3 time_last_meal=3690
3730 2 is thinking
DBG_EAT2: id=3 meals=21
3750 3 has put down the left fork
3750 3 has put down the right fork
3750 3 is sleeping
3750 2 has taken the left fork
3750 2 has taken the right fork
3750 2 is eating
DBG_EAT: id=2 time_last_meal=3750
3790 1 is thinking
3790 1 has taken the right fork
DBG_EAT2: id=2 meals=21
3811 2 has put down the right fork
3811 2 has put down the left fork
3811 2 is sleeping
3811 1 has taken the left fork
3811 1 is eating
DBG_EAT: id=1 time_last_meal=3811
3851 3 is thinking
3851 3 has taken the right fork
DBG_EAT2: id=1 meals=22
3871 1 has put down the left fork
3871 1 has put down the right fork
3871 1 is sleeping
3871 3 has taken the left fork
3871 3 is eating
DBG_EAT: id=3 time_last_meal=3871
3911 2 is thinking
DBG_EAT2: id=3 meals=22
3932 3 has put down the left fork
3932 3 has put down the right fork
3932 3 is sleeping
3932 2 has taken the left fork
3932 2 has taken the right fork
3932 2 is eating
DBG_EAT: id=2 time_last_meal=3932
3972 1 is thinking
3972 1 has taken the right fork
DBG_EAT2: id=2 meals=22
3992 2 has put down the right fork
3992 2 has put down the left fork
3992 2 is sleeping
3992 1 has taken the left fork
3992 1 is eating
DBG_EAT: id=1 time_last_meal=3992
4032 3 is thinking
4032 3 has taken the right fork
DBG_EAT2