DBG_INIT: meal_mutex init for philo 1
DBG_INIT: meal_mutex init for philo 2
DBG_INIT: meal_mutex init for philo 3
DBG_INIT: meal_mutex init for philo 4
DBG: init philo[1].time_last_meal=0
DBG: init philo[2].time_last_meal=0
DBG: init philo[3].time_last_meal=0
DBG: init philo[4].time_last_meal=0
1 1 has taken the right fork
1 1 has taken the left fork
1 1 is eating
DBG_EAT: id=1 time_last_meal=1
1 2 has taken the left fork
DBG: start_time=1758387222315
DBG_EAT2: id=1 meals=1
202 1 has put down the left fork
202 1 has put down the right fork
202 1 is sleeping
202 2 has taken the right fork
202 2 is eating
DBG_EAT: id=2 time_last_meal=202
202 4 has taken the left fork
202 4 has taken the right fork
202 4 is eating
DBG_EAT: id=4 time_last_meal=202
302 1 is thinking
DBG_EAT2: id=4 meals=1
402 4 has put down the right fork
DBG_EAT2: id=2 meals=1
402 2 has put down the right fork
402 4 has put down the left fork
402 4 is sleeping
402 1 has taken the right fork
402 1 has taken the left fork
402 1 is eating
DBG_EAT: id=1 time_last_meal=402
402 2 has put down the left fork
403 3 has taken the right fork
403 3 has taken the left fork
403 3 is eating
DBG_EAT: id=3 time_last_meal=403
403 2 is sleeping
503 4 is thinking
503 2 is thinking
DBG_EAT2: id=1 meals=2
603 1 has put down the left fork
DBG_EAT2: id=3 meals=1
603 3 has put down the left fork
603 1 has put down the right fork
603 1 is sleeping
603 3 has put down the right fork
603 4 has taken the left fork
603 4 has taken the right fork
603 4 is eating
DBG_EAT: id=4 time_last_meal=603
603 3 is sleeping
603 2 has taken the left fork
603 2 has taken the right fork
603 2 is eating
DBG_EAT: id=2 time_last_meal=603
703 1 is thinking
703 3 is thinking
DBG_EAT2: id=2 meals=2
804 2 has put down the right fork
DBG_EAT2: id=4 meals=2
804 4 has put down the right fork
804 2 has put down the left fork
804 2 is sleeping
804 4 has put down the left fork
804 4 is sleeping
804 3 has taken the right fork
804 3 has taken the left fork
804 3 is eating
DBG_EAT: id=3 time_last_meal=804
804 1 has taken the right fork
804 1 has taken the left fork
804 1 is eating
DBG_EAT: id=1 time_last_meal=804
904 2 is thinking
904 4 is thinking
DBG_EAT2: id=3 meals=2
1004 3 has put down the left fork
DBG_EAT2: id=1 meals=3
1004 1 has put down the left fork
1004 3 has put down the right fork
1004 3 is sleeping
1004 1 has put down the right fork
1004 2 has taken the left fork
1004 2 has taken the right fork
1004 2 is eating
DBG_EAT: id=2 time_last_meal=1004
1004 1 is sleeping
1004 4 has taken the left fork
1004 4 has taken the right fork
1004 4 is eating
DBG_EAT: id=4 time_last_meal=1004
1105 1 is thinking
1105 3 is thinking
DBG_EAT2: id=2 meals=3
1205 2 has put down the right fork
DBG_EAT2: id=4 meals=3
1205 4 has put down the right fork
1205 2 has put down the left fork
1205 4 has put down the left fork
1205 4 is sleeping
1205 2 is sleeping
1205 3 has taken the right fork
1205 3 has taken the left fork
1205 3 is eating
DBG_EAT: id=3 time_last_meal=1205
1205 1 has taken the right fork
1205 1 has taken the left fork
1205 1 is eating
DBG_EAT: id=1 time_last_meal=1205
1306 4 is thinking
1306 2 is thinking
DBG_EAT2: id=3 meals=3
1406 3 has put down the left fork
DBG_EAT2: id=1 meals=4
1406 1 has put down the left fork
1406 3 has put down the right fork
1406 3 is sleeping
1406 1 has put down the right fork
1406 2 has taken the left fork
1406 2 has taken the right fork
1406 2 is eating
DBG_EAT: id=2 time_last_meal=1406
1406 4 has taken the left fork
1406 4 has taken the right fork
1406 4 is eating
DBG_EAT: id=4 time_last_meal=1406
1406 1 is sleeping
1507 3 is thinking
1507 1 is thinking
DBG_EAT2: id=4 meals=4
1607 4 has put down the right fork
DBG_EAT2: id=2 meals=4
1607 2 has put down the right fork
1607 4 has put down the left fork
1607 4 is sleeping
1607 2 has put down the left fork
1607 2 is sleeping
1607 1 has taken the right fork
1607 1 has taken the left fork
1607 1 is eating
DBG_EAT: id=1 time_last_meal=1607
1607 3 has taken the right fork
1607 3 has taken the left fork
1607 3 is eating
DBG_EAT: id=3 time_last_meal=1607
1707 2 is thinking
1707 4 is thinking
DBG_EAT2: id=3 meals=4
1808 3 has put down the left fork
DBG_EAT2: id=1 meals=5
1808 1 has put down the left fork
1808 3 has put down the right fork
1808 1 has put down the right fork
1808 1 is sleeping
1808 3 is sleeping
1808 2 has taken the left fork
1808 2 has taken the right fork
1808 2 is eating
DBG_EAT: id=2 time_last_meal=1808
1808 4 has taken the left fork
1808 4 has taken the right fork
1808 4 is eating
DBG_EAT: id=4 time_last_meal=1808
1908 1 is thinking
1908 3 is thinking
DBG_EAT2: id=4 meals=5
2008 4 has put down the right fork
DBG_EAT2: id=2 meals=5
2008 2 has put down the right fork
2008 4 has put down the left fork
2009 2 has put down the left fork
2009 2 is sleeping
2009 4 is sleeping
2009 1 has taken the right fork
2009 1 has taken the left fork
2009 1 is eating
DBG_EAT: id=1 time_last_meal=2009
2009 3 has taken the right fork
2009 3 has taken the left fork
2009 3 is eating
DBG_EAT: id=3 time_last_meal=2009
2009 All philosophers ate enough
DBG_EAT2: id=3 meals=5
DBG_EAT2: id=1 meals=6
