DBG_INIT: meal_mutex init for philo 1
DBG_INIT: meal_mutex init for philo 2
DBG_INIT: meal_mutex init for philo 3
DBG: init philo[1].time_last_meal=0
DBG: init philo[2].time_last_meal=0
DBG: init philo[3].time_last_meal=0
0 1 has taken the right fork
0 1 has taken the left fork
0 1 is eating
DBG_EAT: id=1 time_last_meal=0
0 2 has taken the left fork
DBG: start_time=1758403433909
DBG_EAT2: id=1 meals=1
60 1 has put down the left fork
60 1 has put down the right fork
60 1 is sleeping
60 2 has taken the right fork
60 2 is eating
DBG_EAT: id=2 time_last_meal=60
DBG_EAT2: id=2 meals=1
120 2 has put down the right fork
120 2 has put down the left fork
120 2 is sleeping
120 3 has taken the right fork
120 3 has taken the left fork
120 3 is eating
DBG_EAT: id=3 time_last_meal=120
DBG_EAT2: id=3 meals=1
180 3 has put down the left fork
180 3 has put down the right fork
180 3 is sleeping
230 1 has died (last meal at 0)
