DBG_INIT: meal_mutex init for philo 1
DBG_INIT: meal_mutex init for philo 2
DBG_INIT: meal_mutex init for philo 3
DBG: init philo[1].time_last_meal=0
DBG: init philo[2].time_last_meal=0
DBG: init philo[3].time_last_meal=0
0 1 has taken the right fork
0 1 has taken the left fork
0 1 is eating
DBG_EAT: id=1 time_last_meal=0
0 3 has taken the right fork
DBG: start_time=1758403377314
DBG_EAT2: id=1 meals=1
60 1 has put down the left fork
60 1 has put down the right fork
60 1 is sleeping
61 3 has taken the left fork
61 3 is eating
DBG_EAT: id=3 time_last_meal=61
DBG_EAT2: id=3 meals=1
121 3 has put down the left fork
121 1 is thinking
121 1 has taken the right fork
121 1 has taken the left fork
121 1 is eating
DBG_EAT: id=1 time_last_meal=121
121 3 has put down the right fork
121 3 is sleeping
121 2 has taken the left fork
181 3 is thinking
DBG_EAT2: id=1 meals=2
181 1 has put down the left fork
181 1 has put down the right fork
182 2 has taken the right fork
182 2 is eating
DBG_EAT: id=2 time_last_meal=182
182 1 is sleeping
242 1 is thinking
242 1 has taken the right fork
DBG_EAT2: id=2 meals=1
242 2 has put down the right fork
242 1 has taken the left fork
242 1 is eating
DBG_EAT: id=1 time_last_meal=242
242 2 has put down the left fork
242 2 is sleeping
242 3 has taken the right fork
DBG_EAT2: id=1 meals=3
302 1 has put down the left fork
302 2 is thinking
302 1 has put down the right fork
303 3 has taken the left fork
303 3 is eating
DBG_EAT: id=3 time_last_meal=303
303 1 is sleeping
DBG_EAT2: id=3 meals=2
363 3 has put down the left fork
363 1 is thinking
363 1 has taken the right fork
363 1 has taken the left fork
363 1 is eating
DBG_EAT: id=1 time_last_meal=363
363 3 has put down the right fork
363 3 is sleeping
363 2 has taken the left fork
423 3 is thinking
DBG_EAT2: id=1 meals=4
423 1 has put down the left fork
423 1 has put down the right fork
423 1 is sleeping
423 2 has taken the right fork
423 2 is eating
DBG_EAT: id=2 time_last_meal=423
DBG_EAT2: id=2 meals=2
483 2 has put down the right fork
483 1 is thinking
483 1 has taken the right fork
483 1 has taken the left fork
483 1 is eating
DBG_EAT: id=1 time_last_meal=483
483 2 has put down the left fork
483 2 is sleeping
483 3 has taken the right fork
DBG_EAT2: id=1 meals=5
543 1 has put down the left fork
543 2 is thinking
544 1 has put down the right fork
544 1 is sleeping
544 3 has taken the left fork
544 3 is eating
DBG_EAT: id=3 time_last_meal=544
DBG_EAT2: id=3 meals=3
604 1 is thinking
604 1 has taken the right fork
604 1 has taken the left fork
604 1 is eating
DBG_EAT: id=1 time_last_meal=604
604 3 has put down the left fork
604 3 has put down the right fork
604 2 has taken the left fork
604 3 is sleeping
DBG_EAT2: id=1 meals=6
664 3 is thinking
664 1 has put down the left fork
664 1 has put down the right fork
664 1 is sleeping
664 2 has taken the right fork
664 2 is eating
DBG_EAT: id=2 time_last_meal=664
725 1 is thinking
725 1 has taken the right fork
DBG_EAT2: id=2 meals=3
725 2 has put down the right fork
725 2 has put down the left fork
725 2 is sleeping
725 1 has taken the left fork
725 1 is eating
DBG_EAT: id=1 time_last_meal=725
725 3 has taken the right fork
785 2 is thinking
DBG_EAT2: id=1 meals=7
785 1 has put down the left fork
785 1 has put down the right fork
785 1 is sleeping
785 3 has taken the left fork
785 3 is eating
DBG_EAT: id=3 time_last_meal=785
DBG_EAT2: id=3 meals=4
845 3 has put down the left fork
845 1 is thinking
845 1 has taken the right fork
845 1 has taken the left fork
845 1 is eating
DBG_EAT: id=1 time_last_meal=845
845 3 has put down the right fork
845 3 is sleeping
845 2 has taken the left fork
906 3 is thinking
DBG_EAT2: id=1 meals=8
906 1 has put down the left fork
906 1 has put down the right fork
906 1 is sleeping
906 2 has taken the right fork
906 2 is eating
DBG_EAT: id=2 time_last_meal=906
966 1 is thinking
966 1 has taken the right fork
DBG_EAT2: id=2 meals=4
966 2 has put down the right fork
966 2 has put down the left fork
966 1 has taken the left fork
966 1 is eating
DBG_EAT: id=1 time_last_meal=966
966 2 is s