DBG_INIT: meal_mutex init for philo 1
DBG_INIT: meal_mutex init for philo 2
DBG: init philo[1].time_last_meal=0
DBG: init philo[2].time_last_meal=0
0 1 has taken the right fork
0 1 has taken the left fork
0 1 is eating
DBG_EAT: id=1 time_last_meal=0
DBG: start_time=1758403229552
DBG_EAT2: id=1 meals=1
200 1 has put down the left fork
200 1 has put down the right fork
200 1 is sleeping
201 2 has taken the left fork
201 2 has taken the right fork
201 2 is eating
DBG_EAT: id=2 time_last_meal=201
301 1 is thinking
DBG_EAT2: id=2 meals=1
401 2 has put down the right fork
401 2 has put down the left fork
401 2 is sleeping
401 1 has taken the right fork
401 1 has taken the left fork
401 1 is eating
DBG_EAT: id=1 time_last_meal=401
501 2 is thinking
DBG_EAT2: id=1 meals=2
602 1 has put down the left fork
602 1 has put down the right fork
602 1 is sleeping
602 2 has taken the left fork
602 2 has taken the right fork
602 2 is eating
DBG_EAT: id=2 time_last_meal=602
702 1 is thinking
DBG_EAT2: id=2 meals=2
802 2 has put down the right fork
802 2 has put down the left fork
802 2 is sleeping
802 1 has taken the right fork
802 1 has taken the left fork
802 1 is eating
DBG_EAT: id=1 time_last_meal=802
903 2 is thinking
DBG_EAT2: id=1 meals=3
1002 1 has put down the left fork
1002 1 has put down the right fork
1002 1 is sleeping
1002 2 has taken the left fork
1002 2 has taken the right fork
1002 2 is eating
DBG_EAT: id=2 time_last_meal=1002
1103 1 is thinking
DBG_EAT2: id=2 meals=3
1203 2 has put down the right fork
1203 2 has put down the left fork
1203 2 is sleeping
1203 1 has taken the right fork
1203 1 has taken the left fork
1203 1 is eating
DBG_EAT: id=1 time_last_meal=1203
1303 2 is thinking
DBG_EAT2: id=1 meals=4
1403 1 has put down the left fork
1403 1 has put down the right fork
1403 1 is sleeping
1403 2 has taken the left fork
1403 2 has taken the right fork
1403 2 is eating
DBG_EAT: id=2 time_last_meal=1403
1504 1 is thinking
DBG_EAT2: id=2 meals=4
1604 2 has put down the right fork
1604 2 has put down the left fork
1604 2 is sleeping
1604 1 has taken the right fork
1604 1 has taken the left fork
1604 1 is eating
DBG_EAT: id=1 time_last_meal=1604
1706 2 is thinking
DBG_EAT2: id=1 meals=5
1807 1 has put down the left fork
1807 1 has put down the right fork
1807 1 is sleeping
1807 2 has taken the left fork
1807 2 has taken the right fork
1807 2 is eating
DBG_EAT: id=2 time_last_meal=1807
1908 1 is thinking
DBG_EAT2: id=2 meals=5
2009 2 has put down the right fork
2009 2 has put down the left fork
2009 1 has taken the right fork
2009 1 has taken the left fork
2009 1 is eating
DBG_EAT: id=1 time_last_meal=2009
2009 2 is sleeping
2009 All philosophers ate enough
DBG_EAT2: id=1 meals=6
