DBG_INIT: meal_mutex init for philo 1
DBG_INIT: meal_mutex init for philo 2
DBG: init philo[1].time_last_meal=0
DBG: init philo[2].time_last_meal=0
0 1 has taken the right fork
0 1 has taken the left fork
0 1 is eating
DBG_EAT: id=1 time_last_meal=0
DBG: start_time=1758403283258
DBG_EAT2: id=1 meals=1
101 1 has put down the left fork
101 1 has put down the right fork
101 1 is sleeping
101 2 has taken the left fork
101 2 has taken the right fork
101 2 is eating
DBG_EAT: id=2 time_last_meal=101
DBG_EAT2: id=2 meals=1
201 2 has put down the right fork
201 2 has put down the left fork
201 2 is sleeping
303 1 is thinking
303 1 has taken the right fork
303 1 has taken the left fork
303 1 is eating
DBG_EAT: id=1 time_last_meal=303
403 2 is thinking
DBG_EAT2: id=1 meals=2
404 1 has put down the left fork
404 1 has put down the right fork
404 1 is sleeping
404 2 has taken the left fork
404 2 has taken the right fork
404 2 is eating
DBG_EAT: id=2 time_last_meal=404
DBG_EAT2: id=2 meals=2
505 2 has put down the right fork
505 2 has put down the left fork
505 2 is sleeping
606 1 is thinking
606 1 has taken the right fork
606 1 has taken the left fork
606 1 is eating
DBG_EAT: id=1 time_last_meal=606
DBG_EAT2: id=1 meals=3
707 1 has put down the left fork
707 1 has put down the right fork
707 2 is thinking
707 1 is sleeping
707 2 has taken the left fork
707 2 has taken the right fork
707 2 is eating
DBG_EAT: id=2 time_last_meal=707
DBG_EAT2: id=2 meals=3
809 2 has put down the right fork
809 2 has put down the left fork
809 2 is sleeping
908 1 is thinking
908 1 has taken the right fork
908 1 has taken the left fork
908 1 is eating
DBG_EAT: id=1 time_last_meal=908
DBG_EAT2: id=1 meals=4
1009 1 has put down the left fork
1009 1 has put down the right fork
1009 1 is sleeping
1011 2 is thinking
1011 2 has taken the left fork
1011 2 has taken the right fork
1011 2 is eating
DBG_EAT: id=2 time_last_meal=1011
DBG_EAT2: id=2 meals=4
1113 2 has put down the right fork
1113 2 has put down the left fork
1113 2 is sleeping
1211 1 is thinking
1211 1 has taken the right fork
1211 1 has taken the left fork
1211 1 is eating
DBG_EAT: id=1 time_last_meal=1211
DBG_EAT2: id=1 meals=5
1312 1 has put down the left fork
1312 1 has put down the right fork
1312 1 is sleeping
1315 2 is thinking
1315 2 has taken the left fork
1315 2 has taken the right fork
1315 2 is eating
DBG_EAT: id=2 time_last_meal=1315
DBG_EAT2: id=2 meals=5
1416 2 has put down the right fork
1416 2 has put down the left fork
1416 2 is sleeping
1416 All philosophers ate enough
