DBG_INIT: meal_mutex init for philo 1
DBG_INIT: meal_mutex init for philo 2
DBG_INIT: meal_mutex init for philo 3
DBG_INIT: meal_mutex init for philo 4
DBG: init philo[1].time_last_meal=0
DBG: init philo[2].time_last_meal=0
DBG: init philo[3].time_last_meal=0
DBG: init philo[4].time_last_meal=0
0 1 has taken the right fork
0 1 has taken the left fork
0 1 is eating
DBG_EAT: id=1 time_last_meal=0
0 3 has taken the right fork
0 3 has taken the left fork
0 3 is eating
DBG_EAT: id=3 time_last_meal=0
DBG: start_time=1758387243774
DBG_EAT2: id=1 meals=1
60 1 has put down the left fork
60 1 has put down the right fork
60 1 is sleeping
60 4 has taken the left fork
DBG_EAT2: id=3 meals=1
61 3 has put down the left fork
61 3 has put down the right fork
61 3 is sleeping
61 4 has taken the right fork
61 4 is eating
DBG_EAT: id=4 time_last_meal=61
61 2 has taken the left fork
61 2 has taken the right fork
61 2 is eating
DBG_EAT: id=2 time_last_meal=61
DBG_EAT2: id=4 meals=1
121 4 has put down the right fork
121 4 has put down the left fork
DBG_EAT2: id=2 meals=1
121 2 has put down the right fork
121 2 has put down the left fork
121 2 is sleeping
121 4 is sleeping
160 1 is thinking
160 1 has taken the right fork
160 1 has taken the left fork
160 1 is eating
DBG_EAT: id=1 time_last_meal=160
161 3 is thinking
161 3 has taken the right fork
161 3 has taken the left fork
161 3 is eating
DBG_EAT: id=3 time_last_meal=161
DBG_EAT2: id=1 meals=2
221 1 has put down the left fork
221 1 has put down the right fork
221 1 is sleeping
DBG_EAT2: id=3 meals=2
221 3 has put down the left fork
221 3 has put down the right fork
221 3 is sleeping
221 2 is thinking
221 4 is thinking
221 2 has taken the left fork
221 2 has taken the right fork
221 2 is eating
DBG_EAT: id=2 time_last_meal=221
221 4 has taken the left fork
221 4 has taken the right fork
221 4 is eating
DBG_EAT: id=4 time_last_meal=221
DBG_EAT2: id=2 meals=2
281 2 has put down the right fork
281 2 has put down the left fork
DBG_EAT2: id=4 meals=2
281 4 has put down the right fork
281 4 has put down the left fork
281 4 is sleeping
281 2 is sleeping
321 1 is thinking
321 1 has taken the right fork
321 1 has taken the left fork
321 1 is eating
DBG_EAT: id=1 time_last_meal=321
321 3 is thinking
321 3 has taken the right fork
321 3 has taken the left fork
321 3 is eating
DBG_EAT: id=3 time_last_meal=321
DBG_EAT2: id=1 meals=3
381 1 has put down the left fork
381 1 has put down the right fork
381 1 is sleeping
DBG_EAT2: id=3 meals=3
381 3 has put down the left fork
381 3 has put down the right fork
381 3 is sleeping
381 2 is thinking
381 4 is thinking
382 2 has taken the left fork
382 2 has taken the right fork
382 2 is eating
DBG_EAT: id=2 time_last_meal=382
382 4 has taken the left fork
382 4 has taken the right fork
382 4 is eating
DBG_EAT: id=4 time_last_meal=382
DBG_EAT2: id=4 meals=3
442 4 has put down the right fork
442 4 has put down the left fork
442 4 is sleeping
DBG_EAT2: id=2 meals=3
442 2 has put down the right fork
442 2 has put down the left fork
442 2 is sleeping
481 1 is thinking
481 1 has taken the right fork
481 1 has taken the left fork
481 1 is eating
DBG_EAT: id=1 time_last_meal=481
481 3 is thinking
481 3 has taken the right fork
481 3 has taken the left fork
481 3 is eating
DBG_EAT: id=3 time_last_meal=481
DBG_EAT2: id=1 meals=4
541 1 has put down the left fork
541 1 has put down the right fork
DBG_EAT2: id=3 meals=4
541 3 has put down the left fork
541 3 has put down the right fork
541 3 is sleeping
541 1 is sleeping
542 4 is thinking
542 2 is thinking
542 4 has taken the left fork
542 4 has taken the right fork
542 4 is eating
DBG_EAT: id=4 time_last_meal=542
542 2 has taken the left fork
542 2 has taken the right fork
542 2 is eating
DBG_EAT: id=2 time_last_meal=542
DBG_EAT2: id=4 meals=4
603 4 has put down the right fork
603 4 has put down the left fork
DBG_EAT2: id=2 meals=4
603 2 has put down the right fork
603 2 has put down the left fork
603 2 is sleeping
603 4 is sleeping
642 3 is thinking
642 3 has taken the right fork
642 3 has taken the left fork
642 3 is eating
DBG_EAT: id=3 time_last_meal=642
642 1 is thinking
642 1 has taken the right fork
642 1 has taken the left fork
642 1 is eating
DBG_EAT: id=1 time_last_meal=642
DBG_EAT2: id=1 meals=5
702 1 has put down the left fork
702 1 has put down the right fork
DBG_EAT2: id=3 meals=5
702 3 has put down the left fork
702 3 has put down the right fork
702 3 is sleeping
702 1 is sleeping
703 2 is thinking
703 4 is thinking
703 2 has taken the left fork
703 2 has taken the right fork
703 2 is eating
DBG_EAT: id=2 time_last_meal=703
703 4 has taken the left fork
703 4 has taken the right fork
703 4 is eating
DBG_EAT: id=4 time_last_meal=703
DBG_EAT2: id=2 meals=5
763 2 has put down the right fork
763 2 has put down the left fork
DBG_EAT2: id=4 meals=5
763 4 has put down the right fork
763 4 has put down the left fork
763 4 is sleeping
763 2 is sleeping
802 3 is thinking
802 3 has taken the right fork
802 3 has taken the left fork
802 3 is eating
DBG_EAT: id=3 time_last_meal=802
802 1 is thinking
802 1 has taken the right fork
802 1 has taken the left fork
802 1 is eating
DBG_EAT: id=1 time_last_meal=802
DBG_EAT2: id=1 meals=6
862 1 has put down the left fork
862 1 has put down the right fork
DBG_EAT2: id=3 meals=6
862 3 has put down the left fork
862 3 has put down the right fork
862 3 is sleeping
862 1 is sleeping
863 4 is thinking
863 2 is thinking
863 4 has taken the left fork
863 4 has taken the right fork
863 4 is eating
DBG_EAT: id=4 time_last_meal=863
864 2 has taken the left fork
864 2 has taken the right fork
864 2 is eating
DBG_EAT: id=2 time_last_meal=864
DBG_EAT2: id=4 meals=6
924 4 has put down the right fork
924 4 has put down the left fork
DBG_EAT2: id=2 meals=6
924 2 has put down the right fork
924 2 has put down the left fork
924 2 is sleeping
924 4 is sleeping
962 3 is thinking
962 3 has taken the right fork
962 3 has taken the left fork
962 3 is eating
DBG_EAT: id=3 time_last_meal=962
962 1 is thinking
962 1 has taken the right fork
962 1 has taken the left fork
962 1 is eating
DBG_EAT: id=1 time_last_meal=962
DBG_EAT2: id=1 meals=7
1023 1 has put down the left fork
1023 1 has put down the right fork
DBG_EAT2: id=3 meals=7
1023 3 has put down the left fork
1023 3 has put down the right fork
1023 3 is sleeping
1023 1 is sleeping
1024 2 is thinking
1024 4 is thinking
1024 2 has taken the left fork
1024 2 has taken the right fork
1024 2 is eating
DBG_EAT: id=2 time_last_meal=1024
1024 4 has taken the left fork
1024 4 has taken the right fork
1024 4 is eating
DBG_EAT: id=4 time_last_meal=1024
DBG_EAT2: id=2 meals=7
1084 2 has put down the right fork
1084 2 has put down the left fork
DBG_EAT2: id=4 meals=7
1084 4 has put down the right fork
1084 4 has put down the left fork
1084 4 is sleeping
1084 2 is sleeping
1123 1 is thinking
1123 1 has taken the right fork
1123 1 has taken the left fork
1123 1 is eating
DBG_EAT: id=1 time_last_meal=1123
1123 3 is thinking
1123 3 has taken the right fork
1123 3 has taken the left fork
1123 3 is eating
DBG_EAT: id=3 time_last_meal=1123
DBG_EAT2: id=3 meals=8
1183 3 has put down the left fork
1183 3 has put down the right fork
1183 3 is sleeping
DBG_EAT2: id=1 meals=8
1183 1 has put down the left fork
1183 1 has put down the right fork
1183 1 is sleeping
1184 4 is thinking
1184 2 is thinking
1185 4 has taken the left fork
1185 4 has taken the right fork
1185 4 is eating
DBG_EAT: id=4 time_last_meal=1185
1185 2 has taken the left fork
1185 2 has taken the right fork
1185 2 is eating
DBG_EAT: id=2 time_last_meal=1185
DBG_EAT2: id=4 meals=8
1245 4 has put down the right fork
1245 4 has put down the left fork
DBG_EAT2: id=2 meals=8
1245 2 has put down the right fork
1245 2 has put down the left fork
1245 2 is sleeping
1245 4 is sleeping
1283 3 is thinking
1283 3 has taken the right fork
1283 3 has taken the left fork
1283 3 is eating
DBG_EAT: id=3 time_last_meal=1283
1283 1 is thinking
1283 1 has taken the right fork
1283 1 has taken the left fork
1283 1 is eating
DBG_EAT: id=1 time_last_meal=1283
DBG_EAT2: id=1 meals=9
1343 1 has put down the left fork
1343 1 has put down the right fork
1343 1 is sleeping
DBG_EAT2: id=3 meals=9
1344 3 has put down the left fork
1344 3 has put down the right fork
1344 3 is sleeping
1345 2 is thinking
1345 4 is thinking
1345 2 has taken the left fork
1345 2 has taken the right fork
1345 2 is eating
DBG_EAT: id=2 time_last_meal=1345
1345 4 has taken the left fork
1345 4 has taken the right fork
1345 4 is eating
DBG_EAT: id=4 time_last_meal=1345
DBG_EAT2: id=4 meals=9
1405 4 has put down the right fork
1405 4 has put down the left fork
1405 4 is sleeping
DBG_EAT2: id=2 meals=9
1405 2 has put down the right fork
1405 2 has put down the left fork
1405 2 is sleeping
1444 1 is thinking
1444 1 has taken the right fork
1444 1 has taken the left fork
1444 1 is eating
DBG_EAT: id=1 time_last_meal=1444
1444 3 is thinking
1444 3 has taken the right fork
1444 3 has taken the left fork
1444 3 is eating
DBG_EAT: id=3 time_last_meal=1444
DBG_EAT2: id=3 meals=10
1504 3 has put down the left fork
1504 3 has put down the right fork
1504 3 is sleeping
DBG_EAT2: id=1 meals=10
1504 1 has put down the left fork
1504 1 has put down the right fork
1504 1 is sleeping
1505 4 is thinking
1506 2 is thinking
1506 4 has taken the left fork
1506 4 has taken the right fork
1506 4 is eating
DBG_EAT: id=4 time_last_meal=1506
1506 2 has taken the left fork
1506 2 has taken the right fork
1506 2 is eating
DBG_EAT: id=2 time_last_meal=1506
DBG_EAT2: id=4 meals=10
1566 4 has put down the right fork
1566 4 has put down the left fork
1566 4 is sleeping
DBG_EAT2: id=2 meals=10
1566 2 has put down the right fork
1566 2 has put down the left fork
1566 2 is sleeping
1604 3 is thinking
1604 3 has taken the right fork
1604 3 has taken the left fork
1604 3 is eating
DBG_EAT: id=3 time_last_meal=1604
1604 1 is thinking
1604 1 has taken the right fork
1604 1 has taken the left fork
1604 1 is eating
DBG_EAT: id=1 time_last_meal=1604
DBG_EAT2: id=1 meals=11
1664 1 has put down the left fork
1664 1 has put down the right fork
1664 1 is sleeping
DBG_EAT2: id=3 meals=11
1664 3 has put down the left fork
1664 3 has put down the right fork
1664 3 is sleeping
1666 4 is thinking
1666 2 is thinking
1666 4 has taken the left fork
1666 4 has taken the right fork
1666 4 is eating
DBG_EAT: id=4 time_last_meal=1666
1666 2 has taken the left fork
1666 2 has taken the right fork
1666 2 is eating
DBG_EAT: id=2 time_last_meal=1666
DBG_EAT2: id=4 meals=11
1726 4 has put down the right fork
1726 4 has put down the left fork
1727 4 is sleeping
DBG_EAT2: id=2 meals=11
1727 2 has put down the right fork
1727 2 has put down the left fork
1727 2 is sleeping
1764 1 is thinking
1764 1 has taken the right fork
1764 1 has taken the left fork
1764 1 is eating
DBG_EAT: id=1 time_last_meal=1764
1764 3 is thinking
1764 3 has taken the right fork
1764 3 has taken the left fork
1764 3 is eating
DBG_EAT: id=3 time_last_meal=1764
DBG_EAT2: id=3 meals=12
1825 3 has put down the left fork
1825 3 has put down the right fork
1825 3 is sleeping
DBG_EAT2: id=1 meals=12
1825 1 has put down the left fork
1825 1 has put down the right fork
1825 1 is sleeping
1827 4 is thinking
1827 2 is thinking
1827 4 has taken the left fork
1827 4 has taken the right fork
1827 4 is eating
DBG_EAT: id=4 time_last_meal=1827
1827 2 has taken the left fork
1827 2 has taken the right fork
1827 2 is eating
DBG_EAT: id=2 time_last_meal=1827
DBG_EAT2: id=4 meals=12
1887 4 has put down the right fork
1887 4 has put down the left fork
DBG_EAT2: id=2 meals=12
1887 2 has put down the right fork
1887 2 has put down the left fork
1887 2 is sleeping
1887 4 is sleeping
1925 3 is thinking
1925 3 has taken the right fork
1925 3 has taken the left fork
1925 3 is eating
DBG_EAT: id=3 time_last_meal=1925
1925 1 is thinking
1925 1 has taken the right fork
1925 1 has taken the left fork
1925 1 is eating
DBG_EAT: id=1 time_last_meal=1925
DBG_EAT2: id=3 meals=13
1985 3 has put down the left fork
1985 3 has put down the right fork
DBG_EAT2: id=1 meals=13
1985 1 has put down the left fork
1985 1 has put down the right fork
1985 1 is sleeping
1985 3 is sleeping
1987 2 is thinking
1987 4 is thinking
1987 2 has taken the left fork
1987 2 has taken the right fork
1987 2 is eating
DBG_EAT: id=2 time_last_meal=1987
1987 4 has taken the left fork
1987 4 has taken the right fork
1987 4 is eating
DBG_EAT: id=4 time_last_meal=1987
DBG_EAT2: id=2 meals=13
2048 2 has put down the right fork
2048 2 has put down the left fork
DBG_EAT2: id=4 meals=13
2048 4 has put down the right fork
2048 4 has put down the left fork
2048 4 is sleeping
2048 2 is sleeping
2085 1 is thinking
2085 1 has taken the right fork
2085 1 has taken the left fork
2085 1 is eating
DBG_EAT: id=1 time_last_meal=2085
2085 3 is thinking
2085 3 has taken the right fork
2085 3 has taken the left fork
2085 3 is eating
DBG_EAT: id=3 time_last_meal=2085
DBG_EAT2: id=1 meals=14
2145 1 has put down the left fork
2145 1 has put down the right fork
DBG_EAT2: id=3 meals=14
2145 3 has put down the left fork
2145 3 has put down the right fork
2145 3 is sleeping
2145 1 is sleeping
2148 4 is thinking
2148 2 is thinking
2148 4 has taken the left fork
2148 4 has taken the right fork
2148 4 is eating
DBG_EAT: id=4 time_last_meal=2148
2148 2 has taken the left fork
2148 2 has taken the right fork
2148 2 is eating
DBG_EAT: id=2 time_last_meal=2148
DBG_EAT2: id=4 meals=14
2208 4 has put down the right fork
2208 4 has put down the left fork
2208 4 is sleeping
DBG_EAT2: id=2 meals=14
2208 2 has put down the right fork
2208 2 has put down the left fork
2208 2 is sleeping
2245 3 is thinking
2245 3 has taken the right fork
2245 3 has taken the left fork
2245 3 is eating
DBG_EAT: id=3 time_last_meal=2245
2245 1 is thinking
2245 1 has taken the right fork
2245 1 has taken the left fork
2245 1 is eating
DBG_EAT: id=1 time_last_meal=2245
DBG_EAT2: id=1 meals=15
2306 1 has put down the left fork
2306 1 has put down the right fork
DBG_EAT2: id=3 meals=15
2306 3 has put down the left fork
2306 3 has put down the right fork
2306 3 is sleeping
2306 1 is sleeping
2308 2 is thinking
2308 4 is thinking
2309 2 has taken the left fork
2309 2 has taken the right fork
2309 2 is eating
DBG_EAT: id=2 time_last_meal=2309
2309 4 has taken the left fork
2309 4 has taken the right fork
2309 4 is eating
DBG_EAT: id=4 time_last_meal=2309
DBG_EAT2: id=4 meals=15
2369 4 has put down the right fork
2369 4 has put down the left fork
2369 4 is sleeping
DBG_EAT2: id=2 meals=15
2369 2 has put down the right fork
2369 2 has put down the left fork
2369 2 is sleeping
2406 3 is thinking
2406 3 has taken the right fork
2406 3 has taken the left fork
2406 3 is eating
DBG_EAT: id=3 time_last_meal=2406
2406 1 is thinking
2406 1 has taken the right fork
2406 1 has taken the left fork
2406 1 is eating
DBG_EAT: id=1 time_last_meal=2406
DBG_EAT2: id=1 meals=16
2466 1 has put down the left fork
2466 1 has put down the right fork
2466 1 is sleeping
DBG_EAT2: id=3 meals=16
2466 3 has put down the left fork
2466 3 has put down the right fork
2466 3 is sleeping
2469 4 is thinking
2469 2 is thinking
2469 4 has taken the left fork
2469 4 has taken the right fork
2469 4 is eating
DBG_EAT: id=4 time_last_meal=2469
2469 2 has taken the left fork
2469 2 has taken the right fork
2469 2 is eating
DBG_EAT: id=2 time_last_meal=2469
DBG_EAT2: id=4 meals=16
2529 4 has put down the right fork
2529 4 has put down the left fork
DBG_EAT2: id=2 meals=16
2529 2 has put down the right fork
2529 2 has put down the left fork
2529 2 is sleeping
2529 4 is sleeping
2566 1 is thinking
2566 1 has taken the right fork
2566 1 has taken the left fork
2566 1 is eating
DBG_EAT: id=1 time_last_meal=2566
2566 3 is thinking
2566 3 has taken the right fork
2566 3 has taken the left fork
2566 3 is eating
DBG_EAT: id=3 time_last_meal=2566
DBG_EAT2: id=1 meals=17
2626 1 has put down the left fork
2626 1 has put down the right fork
DBG_EAT2: id=3 meals=17
2626 3 has put down the left fork
2626 3 has put down the right fork
2626 3 is sleeping
2626 1 is sleeping
2629 2 is thinking
2629 4 is thinking
2630 2 has taken the left fork
2630 2 has taken the right fork
2630 2 is eating
DBG_EAT: id=2 time_last_meal=2630
2630 4 has taken the left fork
2630 4 has taken the right fork
2630 4 is eating
DBG_EAT: id=4 time_last_meal=2630
DBG_EAT2: id=2 meals=17
2690 2 has put down the right fork
2690 2 has put down the left fork
DBG_EAT2: id=4 meals=17
2690 4 has put down the right fork
2690 4 has put down the left fork
2690 4 is sleeping
2690 2 is sleeping
2726 3 is thinking
2726 3 has taken the right fork
2726 3 has taken the left fork
2726 3 is eating
DBG_EAT: id=3 time_last_meal=2726
2726 1 is thinking
2726 1 has taken the right fork
2726 1 has taken the left fork
2726 1 is eating
DBG_EAT: id=1 time_last_meal=2726
DBG_EAT2: id=1 meals=18
2787 1 has put down the left fork
2787 1 has put down the right fork
DBG_EAT2: id=3 meals=18
2787 3 has put down the left fork
2787 3 has put down the right fork
2787 3 is sleeping
2787 1 is sleeping
2790 4 is thinking
2790 2 is thinking
2790 4 has taken the left fork
2790 4 has taken the right fork
2790 4 is eating
DBG_EAT: id=4 time_last_meal=2790
2790 2 has taken the left fork
2790 2 has taken the right fork
2790 2 is eating
DBG_EAT: id=2 time_last_meal=2790
DBG_EAT2: id=4 meals=18
2850 4 has put down the right fork
2850 4 has put down the left fork
2850 4 is sleeping
DBG_EAT2: id=2 meals=18
2850 2 has put down the right fork
2850 2 has put down the left fork
2850 2 is sleeping
2887 3 is thinking
2887 3 has taken the right fork
2887 3 has taken the left fork
2887 3 is eating
DBG_EAT: id=3 time_last_meal=2887
2887 1 is thinking
2887 1 has taken the right fork
2887 1 has taken the left fork
2887 1 is eating
DBG_EAT: id=1 time_last_meal=2887
DBG_EAT2: id=3 meals=19
2947 3 has put down the left fork
2947 3 has put down the right fork
2947 3 is sleeping
DBG_EAT2: id=1 meals=19
2947 1 has put down the left fork
2947 1 has put down the right fork
2947 1 is sleeping
2950 4 is thinking
2950 2 is thinking
2951 4 has taken the left fork
2951 4 has taken the right fork
2951 4 is eating
DBG_EAT: id=4 time_last_meal=2951
2951 2 has taken the left fork
2951 2 has taken the right fork
2951 2 is eating
DBG_EAT: id=2 time_last_meal=2951
DBG_EAT2: id=4 meals=19
3011 4 has put down the right fork
3011 4 has put down the left fork
DBG_EAT2: id=2 meals=19
3011 2 has put down the right fork
3011 2 has put down the left fork
3011 2 is sleeping
3011 4 is sleeping
3047 3 is thinking
3047 3 has taken the right fork
3047 3 has taken the left fork
3047 3 is eating
DBG_EAT: id=3 time_last_meal=3047
3047 1 is thinking
3047 1 has taken the right fork
3047 1 has taken the left fork
3047 1 is eating
DBG_EAT: id=1 time_last_meal=3047
DBG_EAT2: id=1 meals=20
3107 1 has put down the left fork
3107 1 has put down the right fork
DBG_EAT2: id=3 meals=20
3107 3 has put down the left fork
3107 3 has put down the right fork
3107 3 is sleeping
3107 1 is sleeping
3111 2 is thinking
3111 4 is thinking
3111 2 has taken the left fork
3111 2 has taken the right fork
3111 2 is eating
DBG_EAT: id=2 time_last_meal=3111
3111 4 has taken the left fork
3111 4 has taken the right fork
3111 4 is eating
DBG_EAT: id=4 time_last_meal=3111
DBG_EAT2: id=2 meals=20
3171 2 has put down the right fork
3171 2 has put down the left fork
DBG_EAT2: id=4 meals=20
3171 4 has put down the right fork
3171 4 has put down the left fork
3171 4 is sleeping
3171 2 is sleeping
3207 3 is thinking
3207 3 has taken the right fork
3207 3 has taken the left fork
3207 3 is eating
DBG_EAT: id=3 time_last_meal=3207
3208 1 is thinking
3208 1 has taken the right fork
3208 1 has taken the left fork
3208 1 is eating
DBG_EAT: id=1 time_last_meal=3208
DBG_EAT2: id=3 meals=21
3268 3 has put down the left fork
3268 3 has put down the right fork
3268 3 is sleeping
DBG_EAT2: id=1 meals=21
3268 1 has put down the left fork
3268 1 has put down the right fork
3268 1 is sleeping
3271 4 is thinking
3271 2 is thinking
3271 4 has taken the left fork
3271 4 has taken the right fork
3271 4 is eating
DBG_EAT: id=4 time_last_meal=3271
3271 2 has taken the left fork
3271 2 has taken the right fork
3271 2 is eating
DBG_EAT: id=2 time_last_meal=3271
DBG_EAT2: id=4 meals=21
3332 4 has put down the right fork
3332 4 has put down the left fork
3332 4 is sleeping
DBG_EAT2: id=2 meals=21
3332 2 has put down the right fork
3332 2 has put down the left fork
3332 2 is sleeping
3368 3 is thinking
3368 3 has taken the right fork
3368 3 has taken the left fork
3368 3 is eating
DBG_EAT: id=3 time_last_meal=3368
3368 1 is thinking
3368 1 has taken the right fork
3368 1 has taken the left fork
3368 1 is eating
DBG_EAT: id=1 time_last_meal=3368
DBG_EAT2: id=1 meals=22
3428 1 has put down the left fork
3428 1 has put down the right fork
DBG_EAT2: id=3 meals=22
3428 3 has put down the left fork
3428 3 has put down the right fork
3428 3 is sleeping
3428 1 is sleeping
3432 4 is thinking
3432 2 is thinking
3432 4 has taken the left fork
3432 4 has taken the right fork
3432 4 is eating
DBG_EAT: id=4 time_last_meal=3432
3432 2 has taken the left fork
3432 2 has taken the right fork
3432 2 is eating
DBG_EAT: id=2 time_last_meal=3432
DBG_EAT2: id=4 meals=22
3492 4 has put down the right fork
3492 4 has put down the left fork
3492 4 is sleeping
DBG_EAT2: id=2 meals=22
3492 2 has put down the right fork
3492 2 has put down the left fork
3492 2 is sleeping
3528 3 is thinking
3528 3 has taken the right fork
3528 3 has taken the left fork
3528 3 is eating
DBG_EAT: id=3 time_last_meal=3528
3528 1 is thinking
3528 1 has taken the right fork
3528 1 has taken the left fork
3528 1 is eating
DBG_EAT: id=1 time_last_meal=3528
DBG_EAT2: id=1 meals=23
3588 1 has put down the left fork
3588 1 has put down the right fork
DBG_EAT2: id=3 meals=23
3588 3 has put down the left fork
3588 3 has put down the right fork
3588 3 is sleeping
3588 1 is sleeping
3592 4 is thinking
3592 2 is thinking
3592 4 has taken the left fork
3592 4 has taken the right fork
3592 4 is eating
DBG_EAT: id=4 time_last_meal=3592
3593 2 has taken the left fork
3593 2 has taken the right fork
3593 2 is eating
DBG_EAT: id=2 time_last_meal=3593
DBG_EAT2: id=4 meals=23
3653 4 has put down the right fork
3653 4 has put down the left fork
DBG_EAT2: id=2 meals=23
3653 2 has put down the right fork
3653 2 has put down the left fork
3653 2 is sleeping
3653 4 is sleeping
3688 3 is thinking
3688 3 has taken the right fork
3688 3 has taken the left fork
3688 3 is eating
DBG_EAT: id=3 time_last_meal=3688
3688 1 is thinking
3688 1 has taken the right fork
3688 1 has taken the left fork
3688 1 is eating
DBG_EAT: id=1 time_last_meal=3688
DBG_EAT2: id=1 meals=24
3749 1 has put down the left fork
3749 1 has put down the right fork
DBG_EAT2: id=3 meals=24
3749 3 has put down the left fork
3749 3 has put down the right fork
3749 3 is sleeping
3749 1 is sleeping
3753 4 is thinking
3753 2 is thinking
3753 4 has taken the left fork
3753 4 has taken the right fork
3753 4 is eating
DBG_EAT: id=4 time_last_meal=3753
3753 2 has taken the left fork
3753 2 has taken the right fork
3753 2 is eating
DBG_EAT: id=2 time_last_meal=3753
DBG_EAT2: id=4 meals=24
3813 4 has put down the right fork
3813 4 has put down the left fork
3813 4 is sleeping
DBG_EAT2: id=2 meals=24
3813 2 has put down the right fork
3813 2 has put down the left fork
3813 2 is sleeping
3849 1 is thinking
3849 1 has taken the right fork
3849 1 has taken the left fork
3849 1 is eating
DBG_EAT: id=1 time_last_meal=3849
3849 3 is thinking
3849 3 has taken the right fork
3849 3 has taken the left fork
3849 3 is eating
DBG_EAT: id=3 time_last_meal=3849
DBG_EAT2: id=1 meals=25
3909 1 has put down the left fork
3909 1 has put down the right fork
DBG_EAT2: id=3 meals=25
3909 3 has put down the left fork
3909 3 has put down the right fork
3909 3 is sleeping
3909 1 is sleeping
3913 4 is thinking
3913 4 has taken the left fork
3913 2 is thinking
3913 4 has taken the right fork
3913 4 is eating
DBG_EAT: id=4 time_last_meal=3913
3913 2 has taken the left fork
3913 2 has taken the right fork
3913 2 is eating
DBG_EAT: id=2 time_last_meal=3913
DBG_EAT2: id=2 meals=25
3974 2 has put down the right fork
3974 2 has put down the left fork
3974 2 is sleeping
DBG_EAT2: id=4 meals=25
3974 4 has put down the right fork
3974 4 has put down the left fork
3974 4 is sleeping
4009 3 is thinking
4009 3 has taken the right fork
4009 3 has taken the left fork
4009 3 is eating
DBG_EAT: id=3 time_last_meal=4009
4009 1 is thinking
4009 1 has taken the right fork
4009 1 has taken the left fork
4009 1 is eating
DBG_EAT: id=1 time_last_meal=4009
DBG_EAT2: id=1 meals=26
4070 1 has put down the left fork
4070 1 has put down the right fork
DBG_EAT2: id=3 meals=26
4070 3 has put down the left fork
4070 3 has put down the right fork
4070 3 is sleeping
4070 1 is sleeping
4074 2 is thinking
4074 4 is thinking
4074 4 has taken the left fork
4074 4 has taken the right fork
4074 4 is eating
DBG_EAT: id=4 time_last_meal=4074
4074 2 has taken the left fork
4074 2 has taken the right fork
4074 2 is eating
DBG_EAT: id=2 time_last_meal=4074
DBG_EAT2: id=4 meals=26
4134 4 has put down the right fork
4134 4 has put down the left fork
4134 4 is sleeping
DBG_EAT2: id=2 meals=26
4134 2 has put down the right fork
4134 2 has put down the left fork
4134 2 is sleeping
4170 3 is thinking
4170 3 has taken the right fork
4170 3 has taken the left fork
4170 3 is eating
DBG_EAT: id=3 time_last_meal=4170
4170 1 is thinking
4170 1 has taken the right fork
4170 1 has taken the left fork
4170 1 is eating
DBG_EAT: id=1 time_last_meal=4170
DBG_EAT2: id=1 meals=27
4230 1 has put down the left fork
4230 1 has put down the right fork
DBG_EAT2: id=3 meals=27
4230 3 has put down the left fork
4230 3 has put down the right fork
4230 3 is sleeping
4230 1 is sleeping
4234 4 is thinking
4234 2 is thinking
4234 4 has taken the left fork
4234 4 has taken the right fork
4234 4 is eating
DBG_EAT: id=4 time_last_meal=4234
4234 2 has taken the left fork
4234 2 has taken the right fork
4234 2 is eating
DBG_EAT: id=2 time_last_meal=4234
DBG_EAT2: id=4 meals=27
4295 4 has put down the right fork
4295 4 has put down the left fork
4295 4 is sleeping
DBG_EAT2: id=2 meals=27
4295 2 has put down the right fork
4295 2 has put down the left fork
4295 2 is sleeping
4330 1 is thinking
4330 1 has taken the right fork
4330 1 has taken the left fork
4330 1 is eating
DBG_EAT: id=1 time_last_meal=4330
4330 3 is thinking
4330 3 has taken the right fork
4330 3 has taken the left fork
4330 3 is eating
DBG_EAT: id=3 time_last_meal=4330
DBG_EAT2: id=1 meals=28
4390 1 has put down the left fork
4390 1 has put down the right fork
DBG_EAT2: id=3 meals=28
4390 3 has put down the left fork
4390 3 has put down the right fork
4390 3 is sleeping
4390 1 is sleeping
4395 4 is thinking
4395 2 is thinking
4395 4 has taken the left fork
4395 4 has taken the right fork
4395 4 is eating
DBG_EAT: id=4 time_last_meal=4395
4395 2 has taken the left fork
4395 2 has taken the right fork
4395 2 is eating
DBG_EAT: id=2 time_last_meal=4395
DBG_EAT2: id=2 meals=28
4455 2 has put down the right fork
4455 2 has put down the left fork
4455 2 is sleeping
DBG_EAT2: id=4 meals=28
4455 4 has put down the right fork
4455 4 has put down the left fork
4455 4 is sleeping
4490 1 is thinking
4490 1 has taken the right fork
4490 1 has taken the left fork
4490 1 is eating
DBG_EAT: id=1 time_last_meal=4490
4490 3 is thinking
4490 3 has taken the right fork
4490 3 has taken the left fork
4490 3 is eating
DBG_EAT: id=3 time_last_meal=4490
DBG_EAT2: id=1 meals=29
4550 1 has put down the left fork
4550 1 has put down the right fork
DBG_EAT2: id=3 meals=29
4550 3 has put down the left fork
4550 3 has put down the right fork
4550 3 is sleeping
4550 1 is sleeping
4555 4 is thinking
4555 2 is thinking
4555 4 has taken the left fork
4555 4 has taken the right fork
4555 4 is eating
DBG_EAT: id=4 time_last_meal=4555
4555 2 has taken the left fork
4555 2 has taken the right fork
4555 2 is eating
DBG_EAT: id=2 time_last_meal=4555
DBG_EAT2: id=4 meals=29
4616 4 has put down the right fork
4616 4 has put down the left fork
DBG_EAT2: id=2 meals=29
4616 2 has put down the right fork
4616 2 has put down the left fork
4616 2 is sleeping
4616 4 is sleeping
4650 3 is thinking
4650 3 has taken the right fork
4650 3 has taken the left fork
4650 3 is eating
DBG_EAT: id=3 time_last_meal=4650
4650 1 is thinking
4650 1 has taken the right fork
4650 1 has taken the left fork
4650 1 is eating
DBG_EAT: id=1 time_last_meal=4650
