DBG_INIT: meal_mutex init for philo 1
DBG_INIT: meal_mutex init for philo 2
DBG_INIT: meal_mutex init for philo 3
DBG: init philo[1].time_last_meal=0
DBG: init philo[2].time_last_meal=0
DBG: init philo[3].time_last_meal=0
0 1 has taken the right fork
0 1 has taken the left fork
0 1 is eating
DBG_EAT: id=1 time_last_meal=0
0 3 has taken the right fork
DBG: start_time=1758403358060
DBG_EAT2: id=1 meals=1
60 1 has put down the left fork
60 1 has put down the right fork
61 1 is sleeping
61 3 has taken the left fork
61 3 is eating
DBG_EAT: id=3 time_last_meal=61
DBG_EAT2: id=3 meals=1
121 3 has put down the left fork
121 3 has put down the right fork
121 3 is sleeping
121 2 has taken the left fork
121 2 has taken the right fork
121 2 is eating
DBG_EAT: id=2 time_last_meal=121
161 1 is thinking
161 1 has taken the right fork
DBG_EAT2: id=2 meals=1
182 2 has put down the right fork
182 2 has put down the left fork
182 2 is sleeping
182 1 has taken the left fork
182 1 is eating
DBG_EAT: id=1 time_last_meal=182
222 3 is thinking
222 3 has taken the right fork
DBG_EAT2: id=1 meals=2
242 1 has put down the left fork
242 1 has put down the right fork
242 1 is sleeping
242 3 has taken the left fork
242 3 is eating
DBG_EAT: id=3 time_last_meal=242
282 2 is thinking
DBG_EAT2: id=3 meals=2
303 3 has put down the left fork
303 3 has put down the right fork
303 3 is sleeping
303 2 has taken the left fork
303 2 has taken the right fork
303 2 is eating
DBG_EAT: id=2 time_last_meal=303
343 1 is thinking
343 1 has taken the right fork
DBG_EAT2: id=2 meals=2
363 2 has put down the right fork
363 2 has put down the left fork
363 2 is sleeping
363 1 has taken the left fork
363 1 is eating
DBG_EAT: id=1 time_last_meal=363
403 3 is thinking
403 3 has taken the right fork
DBG_EAT2: id=1 meals=3
424 1 has put down the left fork
424 1 has put down the right fork
424 1 is sleeping
424 3 has taken the left fork
424 3 is eating
DBG_EAT: id=3 time_last_meal=424
464 2 is thinking
DBG_EAT2: id=3 meals=3
484 3 has put down the left fork
485 3 has put down the right fork
485 3 is sleeping
485 2 has taken the left fork
485 2 has taken the right fork
485 2 is eating
DBG_EAT: id=2 time_last_meal=485
524 1 is thinking
524 1 has taken the right fork
DBG_EAT2: id=2 meals=3
545 2 has put down the right fork
545 2 has put down the left fork
545 2 is sleeping
545 1 has taken the left fork
545 1 is eating
DBG_EAT: id=1 time_last_meal=545
585 3 is thinking
585 3 has taken the right fork
DBG_EAT2: id=1 meals=4
606 1 has put down the left fork
606 1 has put down the right fork
606 1 is sleeping
606 3 has taken the left fork
606 3 is eating
DBG_EAT: id=3 time_last_meal=606
646 2 is thinking
DBG_EAT2: id=3 meals=4
666 3 has put down the left fork
666 3 has put down the right fork
666 3 is sleeping
667 2 has taken the left fork
667 2 has taken the right fork
667 2 is eating
DBG_EAT: id=2 time_last_meal=667
706 1 is thinking
706 1 has taken the right fork
DBG_EAT2: id=2 meals=4
727 2 has put down the right fork
727 2 has put down the left fork
727 2 is sleeping
727 1 has taken the left fork
727 1 is eating
DBG_EAT: id=1 time_last_meal=727
767 3 is thinking
767 3 has taken the right fork
DBG_EAT2: id=1 meals=5
788 1 has put down the left fork
788 1 has put down the right fork
788 1 is sleeping
788 3 has taken the left fork
788 3 is eating
DBG_EAT: id=3 time_last_meal=788
827 2 is thinking
DBG_EAT2: id=3 meals=5
848 3 has put down the left fork
848 3 has put down the right fork
848 3 is sleeping
848 2 has taken the left fork
848 2 has taken the right fork
848 2 is eating
DBG_EAT: id=2 time_last_meal=848
888 1 is thinking
888 1 has taken the right fork
DBG_EAT2: id=2 meals=5
909 2 has put down the right fork
909 2 has put down the left fork
909 2 is sleeping
909 1 has taken the left fork
909 1 is eating
DBG_EAT: id=1 time_last_meal=909
909 All philosophers ate enough
DBG_EAT2: id=1 meals=6
