DBG_INIT: meal_mutex init for philo 1
DBG_INIT: meal_mutex init for philo 2
DBG_INIT: meal_mutex init for philo 3
DBG_INIT: meal_mutex init for philo 4
DBG: init philo[1].time_last_meal=0
DBG: init philo[2].time_last_meal=0
DBG: init philo[3].time_last_meal=0
DBG: init philo[4].time_last_meal=0
0 1 has taken the right fork
0 1 has taken the left fork
0 1 is eating
DBG_EAT: id=1 time_last_meal=0
0 3 has taken the right fork
0 3 has taken the left fork
0 3 is eating
DBG_EAT: id=3 time_last_meal=0
DBG: start_time=1758387262778
DBG_EAT2: id=1 meals=1
100 1 has put down the left fork
100 1 has put down the right fork
100 1 is sleeping
100 4 has taken the left fork
DBG_EAT2: id=3 meals=1
100 3 has put down the left fork
100 3 has put down the right fork
101 3 is sleeping
101 4 has taken the right fork
101 4 is eating
DBG_EAT: id=4 time_last_meal=101
101 2 has taken the left fork
101 2 has taken the right fork
101 2 is eating
DBG_EAT: id=2 time_last_meal=101
160 1 is thinking
161 3 is thinking
DBG_EAT2: id=4 meals=1
201 4 has put down the right fork
DBG_EAT2: id=2 meals=1
201 2 has put down the right fork
201 4 has put down the left fork
201 2 has put down the left fork
201 2 is sleeping
201 4 is sleeping
201 1 has taken the right fork
201 1 has taken the left fork
201 1 is eating
DBG_EAT: id=1 time_last_meal=201
201 3 has taken the right fork
201 3 has taken the left fork
201 3 is eating
DBG_EAT: id=3 time_last_meal=201
261 4 is thinking
261 2 is thinking
DBG_EAT2: id=1 meals=2
301 1 has put down the left fork
DBG_EAT2: id=3 meals=2
301 3 has put down the left fork
301 1 has put down the right fork
301 3 has put down the right fork
301 3 is sleeping
301 1 is sleeping
301 4 has taken the left fork
301 4 has taken the right fork
301 4 is eating
DBG_EAT: id=4 time_last_meal=301
301 2 has taken the left fork
301 2 has taken the right fork
301 2 is eating
DBG_EAT: id=2 time_last_meal=301
361 3 is thinking
361 1 is thinking
DBG_EAT2: id=4 meals=2
402 4 has put down the right fork
DBG_EAT2: id=2 meals=2
402 2 has put down the right fork
402 4 has put down the left fork
402 2 has put down the left fork
402 2 is sleeping
402 4 is sleeping
402 1 has taken the right fork
402 1 has taken the left fork
402 1 is eating
DBG_EAT: id=1 time_last_meal=402
402 3 has taken the right fork
402 3 has taken the left fork
402 3 is eating
DBG_EAT: id=3 time_last_meal=402
462 2 is thinking
462 4 is thinking
DBG_EAT2: id=1 meals=3
502 1 has put down the left fork
DBG_EAT2: id=3 meals=3
502 3 has put down the left fork
502 1 has put down the right fork
502 3 has put down the right fork
502 3 is sleeping
502 1 is sleeping
502 4 has taken the left fork
502 4 has taken the right fork
502 4 is eating
DBG_EAT: id=4 time_last_meal=502
502 2 has taken the left fork
502 2 has taken the right fork
502 2 is eating
DBG_EAT: id=2 time_last_meal=502
562 3 is thinking
562 1 is thinking
DBG_EAT2: id=2 meals=3
603 2 has put down the right fork
DBG_EAT2: id=4 meals=3
603 4 has put down the right fork
603 2 has put down the left fork
603 2 is sleeping
603 4 has put down the left fork
603 4 is sleeping
603 3 has taken the right fork
603 3 has taken the left fork
603 3 is eating
DBG_EAT: id=3 time_last_meal=603
603 1 has taken the right fork
603 1 has taken the left fork
603 1 is eating
DBG_EAT: id=1 time_last_meal=603
603 All philosophers ate enough
DBG_EAT2: id=1 meals=4
DBG_EAT2: id=3 meals=4
