DBG_INIT: meal_mutex init for philo 1
DBG_INIT: meal_mutex init for philo 2
DBG_INIT: meal_mutex init for philo 3
DBG_INIT: meal_mutex init for philo 4
DBG_INIT: meal_mutex init for philo 5
DBG: init philo[1].time_last_meal=0
DBG: init philo[2].time_last_meal=0
DBG: init philo[3].time_last_meal=0
DBG: init philo[4].time_last_meal=0
DBG: init philo[5].time_last_meal=0
0 1 has taken the right fork
0 1 has taken the left fork
0 1 is eating
DBG_EAT: id=1 time_last_meal=0
0 3 has taken the right fork
0 3 has taken the left fork
0 3 is eating
DBG_EAT: id=3 time_last_meal=0
1 5 has taken the right fork
DBG: start_time=1758387517371
DBG_EAT2: id=1 meals=1
100 1 has put down the left fork
101 1 has put down the right fork
DBG_EAT2: id=3 meals=1
101 3 has put down the left fork
101 1 is sleeping
101 5 has taken the left fork
101 5 is eating
DBG_EAT: id=5 time_last_meal=101
101 3 has put down the right fork
101 3 is sleeping
101 2 has taken the left fork
101 2 has taken the right fork
101 2 is eating
DBG_EAT: id=2 time_last_meal=101
161 1 is thinking
161 3 is thinking
DBG_EAT2: id=5 meals=1
DBG_EAT2: id=2 meals=1
201 2 has put down the right fork
201 5 has put down the left fork
201 2 has put down the left fork
201 2 is sleeping
201 5 has put down the right fork
201 1 has taken the right fork
201 1 has taken the left fork
201 1 is eating
DBG_EAT: id=1 time_last_meal=201
201 5 is sleeping
201 4 has taken the left fork
201 4 has taken the right fork
201 4 is eating
DBG_EAT: id=4 time_last_meal=201
201 3 has taken the right fork
261 5 is thinking
261 2 is thinking
DBG_EAT2: id=4 meals=1
DBG_EAT2: id=1 meals=2
301 1 has put down the left fork
301 1 has put down the right fork
301 4 has put down the right fork
301 1 is sleeping
301 4 has put down the left fork
301 4 is sleeping
301 3 has taken the left fork
301 3 is eating
DBG_EAT: id=3 time_last_meal=301
301 5 has taken the right fork
301 5 has taken the left fork
301 5 is eating
DBG_EAT: id=5 time_last_meal=301
362 1 is thinking
362 4 is thinking
DBG_EAT2: id=3 meals=2
402 3 has put down the left fork
DBG_EAT2: id=5 meals=2
402 3 has put down the right fork
402 5 has put down the left fork
402 3 is sleeping
402 2 has taken the left fork
402 2 has taken the right fork
402 2 is eating
DBG_EAT: id=2 time_last_meal=402
402 5 has put down the right fork
402 5 is sleeping
402 1 has taken the right fork
402 4 has taken the left fork
402 4 has taken the right fork
402 4 is eating
DBG_EAT: id=4 time_last_meal=402
462 5 is thinking
462 3 is thinking
DBG_EAT2: id=2 meals=2
502 2 has put down the right fork
DBG_EAT2: id=4 meals=2
502 4 has put down the right fork
502 2 has put down the left fork
502 1 has taken the left fork
502 4 has put down the left fork
502 4 is sleeping
502 1 is eating
DBG_EAT: id=1 time_last_meal=502
502 2 is sleeping
502 3 has taken the right fork
502 3 has taken the left fork
502 3 is eating
DBG_EAT: id=3 time_last_meal=502
502 5 has taken the right fork
562 2 is thinking
562 4 is thinking
DBG_EAT2: id=3 meals=3
602 3 has put down the left fork
DBG_EAT2: id=1 meals=3
602 1 has put down the left fork
602 3 has put down the right fork
602 3 is sleeping
602 1 has put down the right fork
602 1 is sleeping
602 2 has taken the left fork
602 2 has taken the right fork
602 2 is eating
DBG_EAT: id=2 time_last_meal=602
602 5 has taken the left fork
602 5 is eating
DBG_EAT: id=5 time_last_meal=602
662 3 is thinking
662 1 is thinking
DBG_EAT2: id=2 meals=3
702 2 has put down the right fork
DBG_EAT2: id=5 meals=3
703 2 has put down the left fork
703 5 has put down the left fork
703 2 is sleeping
703 5 has put down the right fork
703 5 is sleeping
703 3 has taken the right fork
703 3 has taken the left fork
703 3 is eating
DBG_EAT: id=3 time_last_meal=703
703 1 has taken the right fork
703 4 has taken the left fork
703 1 has taken the left fork
703 1 is eating
DBG_EAT: id=1 time_last_meal=703
763 5 is thinking
763 2 is thinking
DBG_EAT2: id=3 meals=4
DBG_EAT2: id=1 meals=4
803 1 has put down the left fork
803 1 has put down the right fork
803 1 is sleeping
803 3 has put down the left f