DBG_INIT: meal_mutex init for philo 1
DBG_INIT: meal_mutex init for philo 2
DBG: init philo[1].time_last_meal=0
DBG: init philo[2].time_last_meal=0
0 1 has taken the right fork
0 1 has taken the left fork
0 1 is eating
DBG_EAT: id=1 time_last_meal=0
DBG: start_time=1758402982861
DBG_EAT2: id=1 meals=1
61 1 has put down the left fork
61 1 has put down the right fork
61 1 is sleeping
61 2 has taken the left fork
61 2 has taken the right fork
61 2 is eating
DBG_EAT: id=2 time_last_meal=61
DBG_EAT2: id=2 meals=1
121 2 has put down the right fork
121 2 has put down the left fork
122 2 is sleeping
261 1 is thinking
261 1 has taken the right fork
261 1 has taken the left fork
261 1 is eating
DBG_EAT: id=1 time_last_meal=261
DBG_EAT2: id=1 meals=2
321 1 has put down the left fork
321 1 has put down the right fork
321 1 is sleeping
322 2 is thinking
322 2 has taken the left fork
322 2 has taken the right fork
322 2 is eating
DBG_EAT: id=2 time_last_meal=322
DBG_EAT2: id=2 meals=2
382 2 has put down the right fork
382 2 has put down the left fork
382 2 is sleeping
521 1 is thinking
521 1 has taken the right fork
521 1 has taken the left fork
521 1 is eating
DBG_EAT: id=1 time_last_meal=521
DBG_EAT2: id=1 meals=3
582 1 has put down the left fork
582 1 has put down the right fork
582 1 is sleeping
582 2 is thinking
583 2 has taken the left fork
583 2 has taken the right fork
583 2 is eating
DBG_EAT: id=2 time_last_meal=583
DBG_EAT2: id=2 meals=3
643 2 has put down the right fork
643 2 has put down the left fork
643 2 is sleeping
782 1 is thinking
782 1 has taken the right fork
782 1 has taken the left fork
782 1 is eating
DBG_EAT: id=1 time_last_meal=782
DBG_EAT2: id=1 meals=4
842 1 has put down the left fork
842 1 has put down the right fork
842 1 is sleeping
843 2 is thinking
843 2 has taken the left fork
843 2 has taken the right fork
843 2 is eating
DBG_EAT: id=2 time_last_meal=843
DBG_EAT2: id=2 meals=4
904 2 has put down the right fork
904 2 has put down the left fork
904 2 is sleeping
1042 1 is thinking
1042 1 has taken the right fork
1042 1 has taken the left fork
1042 1 is eating
DBG_EAT: id=1 time_last_meal=1042
DBG_EAT2: id=1 meals=5
1102 1 has put down the left fork
1102 1 has put down the right fork
1102 1 is sleeping
1104 2 is thinking
1104 2 has taken the left fork
1104 2 has taken the right fork
1104 2 is eating
DBG_EAT: id=2 time_last_meal=1104
DBG_EAT2: id=2 meals=5
1164 2 has put down the right fork
1164 2 has put down the left fork
1164 2 is sleeping
1164 All philosophers ate enough
