DBG_INIT: meal_mutex init for philo 1
DBG_INIT: meal_mutex init for philo 2
DBG_INIT: meal_mutex init for philo 3
DBG_INIT: meal_mutex init for philo 4
DBG: init philo[1].time_last_meal=0
DBG: init philo[2].time_last_meal=0
DBG: init philo[3].time_last_meal=0
DBG: init philo[4].time_last_meal=0
0 1 has taken the right fork
0 1 has taken the left fork
0 1 is eating
DBG_EAT: id=1 time_last_meal=0
0 2 has taken the left fork
DBG: start_time=1758386904645
DBG_EAT2: id=1 meals=1
60 1 has put down the left fork
60 1 has put down the right fork
60 2 has taken the right fork
60 2 is eating
DBG_EAT: id=2 time_last_meal=60
60 1 is sleeping
60 4 has taken the left fork
60 4 has taken the right fork
60 4 is eating
DBG_EAT: id=4 time_last_meal=60
DBG_EAT2: id=2 meals=1
120 2 has put down the right fork
120 2 has put down the left fork
DBG_EAT2: id=4 meals=1
120 4 has put down the right fork
120 4 has put down the left fork
120 4 is sleeping
120 2 is sleeping
120 3 has taken the right fork
120 3 has taken the left fork
120 3 is eating
DBG_EAT: id=3 time_last_meal=120
160 1 is thinking
160 1 has taken the right fork
160 1 has taken the left fork
160 1 is eating
DBG_EAT: id=1 time_last_meal=160
DBG_EAT2: id=3 meals=1
180 3 has put down the left fork
180 3 has put down the right fork
180 3 is sleeping
220 4 is thinking
220 2 is thinking
DBG_EAT2: id=1 meals=2
220 1 has put down the left fork
220 1 has put down the right fork
220 1 is sleeping
220 4 has taken the left fork
220 4 has taken the right fork
220 4 is eating
DBG_EAT: id=4 time_last_meal=220
220 2 has taken the left fork
220 2 has taken the right fork
220 2 is eating
DBG_EAT: id=2 time_last_meal=220
DBG_EAT2: id=4 meals=2
DBG_EAT2: id=2 meals=2
281 2 has put down the right fork
281 2 has put down the left fork
281 4 has put down the right fork
281 4 has put down the left fork
281 4 is sleeping
281 2 is sleeping
281 3 is thinking
281 3 has taken the right fork
281 3 has taken the left fork
281 3 is eating
DBG_EAT: id=3 time_last_meal=281
321 1 is thinking
321 1 has taken the right fork
321 1 has taken the left fork
321 1 is eating
DBG_EAT: id=1 time_last_meal=321
DBG_EAT2: id=3 meals=2
341 3 has put down the left fork
341 3 has put down the right fork
341 3 is sleeping
DBG_EAT2: id=1 meals=3
381 1 has put down the left fork
381 1 has put down the right fork
381 2 is thinking
381 1 is sleeping
381 4 is thinking
381 2 has taken the left fork
381 2 has taken the right fork
381 2 is eating
DBG_EAT: id=2 time_last_meal=381
381 4 has taken the left fork
381 4 has taken the right fork
381 4 is eating
DBG_EAT: id=4 time_last_meal=381
DBG_EAT2: id=2 meals=3
441 2 has put down the right fork
441 2 has put down the left fork
441 3 is thinking
441 3 has taken the right fork
441 2 is sleeping
DBG_EAT2: id=4 meals=3
441 4 has put down the right fork
441 4 has put down the left fork
441 4 is sleeping
441 3 has taken the left fork
441 3 is eating
DBG_EAT: id=3 time_last_meal=441
481 1 is thinking
481 1 has taken the right fork
481 1 has taken the left fork
481 1 is eating
DBG_EAT: id=1 time_last_meal=481
DBG_EAT2: id=3 meals=3
501 3 has put down the left fork
501 3 has put down the right fork
501 3 is sleeping
501 All philosophers ate enough
DBG_EAT2: id=1 meals=4
