DBG_INIT: meal_mutex init for philo 1
DBG_INIT: meal_mutex init for philo 2
DBG: init philo[1].time_last_meal=0
DBG: init philo[2].time_last_meal=0
0 1 has taken the right fork
0 1 has taken the left fork
0 1 is eating
DBG_EAT: id=1 time_last_meal=0
DBG: start_time=1758402969549
DBG_EAT2: id=1 meals=1
61 1 has put down the left fork
61 1 has put down the right fork
61 1 is sleeping
61 2 has taken the left fork
61 2 has taken the right fork
61 2 is eating
DBG_EAT: id=2 time_last_meal=61
DBG_EAT2: id=2 meals=1
123 2 has put down the right fork
123 2 has put down the left fork
123 2 is sleeping
163 1 is thinking
163 1 has taken the right fork
163 1 has taken the left fork
163 1 is eating
DBG_EAT: id=1 time_last_meal=163
DBG_EAT2: id=1 meals=2
225 1 has put down the left fork
225 1 has put down the right fork
225 1 is sleeping
225 2 is thinking
225 2 has taken the left fork
225 2 has taken the right fork
225 2 is eating
DBG_EAT: id=2 time_last_meal=225
DBG_EAT2: id=2 meals=2
287 2 has put down the right fork
287 2 has put down the left fork
287 2 is sleeping
327 1 is thinking
327 1 has taken the right fork
327 1 has taken the left fork
327 1 is eating
DBG_EAT: id=1 time_last_meal=327
DBG_EAT2: id=1 meals=3
389 1 has put down the left fork
389 1 has put down the right fork
389 1 is sleeping
389 2 is thinking
389 2 has taken the left fork
389 2 has taken the right fork
389 2 is eating
DBG_EAT: id=2 time_last_meal=389
DBG_EAT2: id=2 meals=3
451 2 has put down the right fork
451 2 has put down the left fork
451 2 is sleeping
491 1 is thinking
491 1 has taken the right fork
491 1 has taken the left fork
491 1 is eating
DBG_EAT: id=1 time_last_meal=491
DBG_EAT2: id=1 meals=4
553 1 has put down the left fork
553 1 has put down the right fork
553 1 is sleeping
553 2 is thinking
553 2 has taken the left fork
553 2 has taken the right fork
553 2 is eating
DBG_EAT: id=2 time_last_meal=553
DBG_EAT2: id=2 meals=4
615 2 has put down the right fork
615 2 has put down the left fork
615 2 is sleeping
655 1 is thinking
655 1 has taken the right fork
655 1 has taken the left fork
655 1 is eating
DBG_EAT: id=1 time_last_meal=655
DBG_EAT2: id=1 meals=5
717 1 has put down the left fork
717 1 has put down the right fork
717 1 is sleeping
717 2 is thinking
718 2 has taken the left fork
718 2 has taken the right fork
718 2 is eating
DBG_EAT: id=2 time_last_meal=718
DBG_EAT2: id=2 meals=5
779 2 has put down the right fork
779 2 has put down the left fork
779 2 is sleeping
819 1 is thinking
819 1 has taken the right fork
819 1 has taken the left fork
819 1 is eating
DBG_EAT: id=1 time_last_meal=819
DBG_EAT2: id=1 meals=6
881 1 has put down the left fork
881 1 has put down the right fork
881 1 is sleeping
882 2 is thinking
882 2 has taken the left fork
882 2 has taken the right fork
882 2 is eating
DBG_EAT: id=2 time_last_meal=882
DBG_EAT2: id=2 meals=6
944 2 has put down the right fork
944 2 has put down the left fork
944 2 is sleeping
982 1 is thinking
982 1 has taken the right fork
982 1 has taken the left fork
982 1 is eating
DBG_EAT: id=1 time_last_meal=982
DBG_EAT2: id=1 meals=7
1044 1 has put down the left fork
1044 1 has put down the right fork
1044 1 is sleeping
1046 2 is thinking
1046 2 has taken the left fork
1046 2 has taken the right fork
1046 2 is eating
DBG_EAT: id=2 time_last_meal=1046
DBG_EAT2: id=2 meals=7
1108 2 has put down the right fork
1108 2 has put down the left fork
1108 2 is sleeping
1146 1 is thinking
1146 1 has taken the right fork
1146 1 has taken the left fork
1146 1 is eating
DBG_EAT: id=1 time_last_meal=1146
DBG_EAT2: id=1 meals=8
1208 1 has put down the left fork
1208 1 has put down the right fork
1208 1 is sleeping
1210 2 is thinking
1210 2 has taken the left fork
1210 2 has taken the right fork
1210 2 is eating
DBG_EAT: id=2 time_last_meal=1210
DBG_EAT2: id=2 meals=8
1272 2 has put down the right fork
1272 2 has put down the left fork
1272 2 is sleeping
1310 1 is thinking
1310 1 has taken the right fork
1310 1 has taken the left fork
1310 1 is eating
DBG_EAT: id=1 time_last_meal=1310
DBG_EAT2: id=1 meals=9
1371 1 has put down the left fork
1371 1 has put down the right fork
1371 1 is sleeping
1374 2 is thinking
1374 2 has taken the left fork
1374 2 has taken the right fork
1374 2 is eating
DBG_EAT: id=2 time_last_meal=1374
DBG_EAT2: id=2 meals=9
1436 2 has put down the right fork
1436 2 has put down the left fork
1436 2 is sleeping
1473 1 is thinking
1473 1 has taken the right fork
1473 1 has taken the left fork
1473 1 is eating
DBG_EAT: id=1 time_last_meal=1473
DBG_EAT2: id=1 meals=10
1535 1 has put down the left fork
1535 1 has put down the right fork
1535 1 is sleeping
1538 2 is thinking
1538 2 has taken the left fork
1538 2 has taken the right fork
1538 2 is eating
DBG_EAT: id=2 time_last_meal=1538
DBG_EAT2: id=2 meals=10
1599 2 has put down the right fork
1599 2 has put down the left fork
1599 2 is sleeping
1637 1 is thinking
1637 1 has taken the right fork
1637 1 has taken the left fork
1637 1 is eating
DBG_EAT: id=1 time_last_meal=1637
DBG_EAT2: id=1 meals=11
1697 1 has put down the left fork
1697 1 has put down the right fork
1697 1 is sleeping
1699 2 is thinking
1699 2 has taken the left fork
1699 2 has taken the right fork
1699 2 is eating
DBG_EAT: id=2 time_last_meal=1699
DBG_EAT2: id=2 meals=11
1760 2 has put down the right fork
1760 2 has put down the left fork
1760 2 is sleeping
1798 1 is thinking
1798 1 has taken the right fork
1798 1 has taken the left fork
1798 1 is eating
DBG_EAT: id=1 time_last_meal=1798
DBG_EAT2: id=1 meals=12
1858 1 has put down the left fork
1858 1 has put down the right fork
1858 1 is sleeping
1860 2 is thinking
1860 2 has taken the left fork
1860 2 has taken the right fork
1860 2 is eating
DBG_EAT: id=2 time_last_meal=1860
DBG_EAT2: id=2 meals=12
1920 2 has put down the right fork
1920 2 has put down the left fork
1920 2 is sleeping
1958 1 is thinking
1958 1 has taken the right fork
1958 1 has taken the left fork
1958 1 is eating
DBG_EAT: id=1 time_last_meal=1958
DBG_EAT2: id=1 meals=13
2018 1 has put down the left fork
2018 1 has put down the right fork
2018 1 is sleeping
2020 2 is thinking
2021 2 has taken the left fork
2021 2 has taken the right fork
2021 2 is eating
DBG_EAT: id=2 time_last_meal=2021
DBG_EAT2: id=2 meals=13
2081 2 has put down the right fork
2081 2 has put down the left fork
2081 2 is sleeping
2118 1 is thinking
2118 1 has taken the right fork
2118 1 has taken the left fork
2118 1 is eating
DBG_EAT: id=1 time_last_meal=2118
DBG_EAT2: id=1 meals=14
2178 1 has put down the left fork
2178 1 has put down the right fork
2178 1 is sleeping
2181 2 is thinking
2181 2 has taken the left fork
2181 2 has taken the right fork
2181 2 is eating
DBG_EAT: id=2 time_last_meal=2181
DBG_EAT2: id=2 meals=14
2241 2 has put down the right fork
2241 2 has put down the left fork
2241 2 is sleeping
2279 1 is thinking
2279 1 has taken the right fork
2279 1 has taken the left fork
2279 1 is eating
DBG_EAT: id=1 time_last_meal=2279
DBG_EAT2: id=1 meals=15
2339 1 has put down the left fork
2339 1 has put down the right fork
2339 1 is sleeping
2341 2 is thinking
2341 2 has taken the left fork
2341 2 has taken the right fork
2341 2 is eating
DBG_EAT: id=2 time_last_meal=2341
DBG_EAT2: id=2 meals=15
2402 2 has put down the right fork
2402 2 has put down the left fork
2402 2 is sleeping
2439 1 is thinking
2439 1 has taken the right fork
2439 1 has taken the left fork
2439 1 is eating
DBG_EAT: id=1 time_last_meal=2439
DBG_EAT2: id=1 meals=16
2499 1 has put down the left fork
2499 1 has put down the right fork
2499 1 is sleeping
2502 2 is thinking
2502 2 has taken the left fork
2502 2 has taken the right fork
2502 2 is eating
DBG_EAT: id=2 time_last_meal=2502
DBG_EAT2: id=2 meals=16
2562 2 has put down the right fork
2562 2 has put down the left fork
2562 2 is sleeping
2599 1 is thinking
2599 1 has taken the right fork
2599 1 has taken the left fork
2599 1 is eating
DBG_EAT: id=1 time_last_meal=2599
DBG_EAT2: id=1 meals=17
2659 1 has put down the left fork
2659 1 has put down the right fork
2659 1 is sleeping
2662 2 is thinking
2662 2 has taken the left fork
2662 2 has taken the right fork
2662 2 is eating
DBG_EAT: id=2 time_last_meal=2662
DBG_EAT2: id=2 meals=17
2723 2 has put down the right fork
2723 2 has put down the left fork
2723 2 is sleeping
2759 1 is thinking
2759 1 has taken the right fork
2759 1 has taken the left fork
2759 1 is eating
DBG_EAT: id=1 time_last_meal=2759
DBG_EAT2: id=1 meals=18
2819 1 has put down the left fork
2819 1 has put down the right fork
2820 1 is sleeping
2823 2 is thinking
2823 2 has taken the left fork
2823 2 has taken the right fork
2823 2 is eating
DBG_EAT: id=2 time_last_meal=2823
DBG_EAT2: id=2 meals=18
2883 2 has put down the right fork
2883 2 has put down the left fork
2883 2 is sleeping
2920 1 is thinking
2920 1 has taken the right fork
2920 1 has taken the left fork
2920 1 is eating
DBG_EAT: id=1 time_last_meal=2920
DBG_EAT2: id=1 meals=19
2980 1 has put down the left fork
2980 1 has put down the right fork
2980 1 is sleeping
2983 2 is thinking
2983 2 has taken the left fork
2983 2 has taken the right fork
2983 2 is eating
DBG_EAT: id=2 time_last_meal=2983
DBG_EAT2: id=2 meals=19
3044 2 has put down the right fork
3044 2 has put down the left fork
3044 2 is sleeping
3080 1 is thinking
3080 1 has taken the right fork
3080 1 has taken the left fork
3080 1 is eating
DBG_EAT: id=1 time_last_meal=3080
DBG_EAT2: id=1 meals=20
3140 1 has put down the left fork
3140 1 has put down the right fork
3140 1 is sleeping
3144 2 is thinking
3144 2 has taken the left fork
3144 2 has taken the right fork
3144 2 is eating
DBG_EAT: id=2 time_last_meal=3144
DBG_EAT2: id=2 meals=20
3205 2 has put down the right fork
3205 2 has put down the left fork
3205 2 is sleeping
3240 1 is thinking
3240 1 has taken the right fork
3240 1 has taken the left fork
3240 1 is eating
DBG_EAT: id=1 time_last_meal=3240
DBG_EAT2: id=1 meals=21
3300 1 has put down the left fork
3300 1 has put down the right fork
3300 1 is sleeping
3305 2 is thinking
3305 2 has taken the left fork
3305 2 has taken the right fork
3305 2 is eating
DBG_EAT: id=2 time_last_meal=3305
DBG_EAT2: id=2 meals=21
3365 2 has put down the right fork
3365 2 has put down the left fork
3365 2 is sleeping
3401 1 is thinking
3401 1 has taken the right fork
3401 1 has taken the left fork
3401 1 is eating
DBG_EAT: id=1 time_last_meal=3401
DBG_EAT2: id=1 meals=22
3461 1 has put down the left fork
3461 1 has put down the right fork
3461 1 is sleeping
3466 2 is thinking
3466 2 has taken the left fork
3466 2 has taken the right fork
3466 2 is eating
DBG_EAT: id=2 time_last_meal=3466
DBG_EAT2: id=2 meals=22
3526 2 has put down the right fork
3526 2 has put down the left fork
3526 2 is sleeping
3561 1 is thinking
3561 1 has taken the right fork
3561 1 has taken the left fork
3561 1 is eating
DBG_EAT: id=1 time_last_meal=3561
DBG_EAT2: id=1 meals=23
3621 1 has put down the left fork
3621 1 has put down the right fork
3621 1 is sleeping
3626 2 is thinking
3626 2 has taken the left fork
3626 2 has taken the right fork
3626 2 is eating
DBG_EAT: id=2 time_last_meal=3626
DBG_EAT2: id=2 meals=23
3686 2 has put down the right fork
3686 2 has put down the left fork
3686 2 is sleeping
3721 1 is thinking
3721 1 has taken the right fork
3721 1 has taken the left fork
3721 1 is eating
DBG_EAT: id=1 time_last_meal=3721
DBG_EAT2: id=1 meals=24
3781 1 has put down the left fork
3781 1 has put down the right fork
3781 1 is sleeping
3786 2 is thinking
3786 2 has taken the left fork
3786 2 has taken the right fork
3786 2 is eating
DBG_EAT: id=2 time_last_meal=3786
DBG_EAT2: id=2 meals=24
3846 2 has put down the right fork
3846 2 has put down the left fork
3846 2 is sleeping
3881 1 is thinking
3881 1 has taken the right fork
3881 1 has taken the left fork
3881 1 is eating
DBG_EAT: id=1 time_last_meal=3881
DBG_EAT2: id=1 meals=25
3942 1 has put down the left fork
3942 1 has put down the right fork
3942 1 is sleeping
3947 2 is thinking
3947 2 has taken the left fork
3947 2 has taken the right fork
3947 2 is eating
DBG_EAT: id=2 time_last_meal=3947
DBG_EAT2: id=2 meals=25
4007 2 has put down the right fork
4007 2 has put down the left fork
4007 2 is sleeping
4042 1 is thinking
4042 1 has 