DBG_INIT: meal_mutex init for philo 1
DBG_INIT: meal_mutex init for philo 2
DBG_INIT: meal_mutex init for philo 3
DBG: init philo[1].time_last_meal=0
DBG: init philo[2].time_last_meal=0
DBG: init philo[3].time_last_meal=0
0 1 has taken the right fork
0 1 has taken the left fork
0 1 is eating
DBG_EAT: id=1 time_last_meal=0
0 3 has taken the right fork
DBG: start_time=1758403350936
DBG_EAT2: id=1 meals=1
60 1 has put down the left fork
60 1 has put down the right fork
60 3 has taken the left fork
60 3 is eating
DBG_EAT: id=3 time_last_meal=60
60 1 is sleeping
121 1 is thinking
DBG_EAT2: id=3 meals=1
121 3 has put down the left fork
121 1 has taken the right fork
121 1 has taken the left fork
121 1 is eating
DBG_EAT: id=1 time_last_meal=121
121 3 has put down the right fork
121 3 is sleeping
121 2 has taken the left fork
DBG_EAT2: id=1 meals=2
181 1 has put down the left fork
181 1 has put down the right fork
181 3 is thinking
181 1 is sleeping
181 2 has taken the right fork
181 2 is eating
DBG_EAT: id=2 time_last_meal=181
DBG_EAT2: id=2 meals=1
242 2 has put down the right fork
242 1 is thinking
242 1 has taken the right fork
242 1 has taken the left fork
242 1 is eating
DBG_EAT: id=1 time_last_meal=242
242 2 has put down the left fork
242 2 is sleeping
242 3 has taken the right fork
242 3 has died (last meal at 60)
DBG_EAT2: id=1 meals=3
