DBG_INIT: meal_mutex init for philo 1
DBG_INIT: meal_mutex init for philo 2
DBG_INIT: meal_mutex init for philo 3
DBG_INIT: meal_mutex init for philo 4
DBG: init philo[1].time_last_meal=0
DBG: init philo[2].time_last_meal=0
DBG: init philo[3].time_last_meal=0
DBG: init philo[4].time_last_meal=0
0 1 has taken the right fork
0 1 has taken the left fork
0 1 is eating
DBG_EAT: id=1 time_last_meal=0
0 3 has taken the right fork
0 3 has taken the left fork
0 3 is eating
DBG_EAT: id=3 time_last_meal=0
DBG: start_time=1758386860179
DBG_EAT2: id=1 meals=1
60 1 has put down the left fork
60 1 has put down the right fork
60 1 is sleeping
60 4 has taken the left fork
DBG_EAT2: id=3 meals=1
60 3 has put down the left fork
60 4 has taken the right fork
60 4 is eating
DBG_EAT: id=4 time_last_meal=60
60 3 has put down the right fork
60 3 is sleeping
60 2 has taken the left fork
60 2 has taken the right fork
60 2 is eating
DBG_EAT: id=2 time_last_meal=60
DBG_EAT2: id=4 meals=1
120 4 has put down the right fork
120 4 has put down the left fork
120 4 is sleeping
DBG_EAT2: id=2 meals=1
120 2 has put down the right fork
120 2 has put down the left fork
120 2 is sleeping
160 1 is thinking
160 1 has taken the right fork
160 1 has taken the left fork
160 1 is eating
DBG_EAT: id=1 time_last_meal=160
160 3 is thinking
160 3 has taken the right fork
160 3 has taken the left fork
160 3 is eating
DBG_EAT: id=3 time_last_meal=160
DBG_EAT2: id=1 meals=2
220 4 is thinking
220 1 has put down the left fork
220 1 has put down the right fork
220 1 is sleeping
DBG_EAT2: id=3 meals=2
220 3 has put down the left fork
220 3 has put down the right fork
220 3 is sleeping
220 2 is thinking
220 4 has taken the left fork
220 4 has taken the right fork
220 4 is eating
DBG_EAT: id=4 time_last_meal=220
220 2 has taken the left fork
220 2 has taken the right fork
220 2 is eating
DBG_EAT: id=2 time_last_meal=220
DBG_EAT2: id=4 meals=2
280 4 has put down the right fork
280 4 has put down the left fork
280 4 is sleeping
DBG_EAT2: id=2 meals=2
280 2 has put down the right fork
280 2 has put down the left fork
280 2 is sleeping
320 1 is thinking
320 1 has taken the right fork
320 1 has taken the left fork
320 1 is eating
DBG_EAT: id=1 time_last_meal=320
320 3 is thinking
320 3 has taken the right fork
320 3 has taken the left fork
320 3 is eating
DBG_EAT: id=3 time_last_meal=320
DBG_EAT2: id=3 meals=3
380 3 has put down the left fork
380 3 has put down the right fork
380 3 is sleeping
DBG_EAT2: id=1 meals=3
380 1 has put down the left fork
380 1 has put down the right fork
380 1 is sleeping
380 4 is thinking
381 2 is thinking
381 4 has taken the left fork
381 4 has taken the right fork
381 4 is eating
DBG_EAT: id=4 time_last_meal=381
381 2 has taken the left fork
381 2 has taken the right fork
381 2 is eating
DBG_EAT: id=2 time_last_meal=381
DBG_EAT2: id=4 meals=3
441 4 has put down the right fork
441 4 has put down the left fork
441 4 is sleeping
DBG_EAT2: id=2 meals=3
441 2 has put down the right fork
441 2 has put down the left fork
441 2 is sleeping
480 3 is thinking
480 3 has taken the right fork
480 3 has taken the left fork
480 3 is eating
DBG_EAT: id=3 time_last_meal=480
480 1 is thinking
480 1 has taken the right fork
480 1 has taken the left fork
480 1 is eating
DBG_EAT: id=1 time_last_meal=480
DBG_EAT2: id=3 meals=4
540 3 has put down the left fork
540 3 has put down the right fork
540 3 is sleeping
DBG_EAT2: id=1 meals=4
540 1 has put down the left fork
540 1 has put down the right fork
540 1 is sleeping
541 4 is thinking
541 2 is thinking
541 4 has taken the left fork
541 4 has taken the right fork
541 4 is eating
DBG_EAT: id=4 time_last_meal=541
541 2 has taken the left fork
541 2 has taken the right fork
541 2 is eating
DBG_EAT: id=2 time_last_meal=541
DBG_EAT2: id=4 meals=4
601 4 has put down the right fork
601 4 has put down the left fork
601 4 is sleeping
DBG_EAT2: id=2 meals=4
601 2 has put down the right fork
601 2 has put down the left fork
601 2 is sleeping
640 3 is thinking
640 3 has taken the right fork
640 3 has taken the left fork
640 3 is eating
DBG_EAT: id=3 time_last_meal=640
641 1 is thinking
641 1 has taken the right fork
641 1 has taken the left fork
641 1 is eating
DBG_EAT: id=1 time_last_meal=641
DBG_EAT2: id=3 meals=5
701 3 has put down the left fork
701 3 has put down the right fork
701 3 is sleeping
DBG_EAT2: id=1 meals=5
701 1 has put down the left fork
701 1 has put down the right fork
701 1 is sleeping
701 4 is thinking
701 2 is thinking
701 4 has taken the left fork
701 4 has taken the right fork
701 4 is eating
DBG_EAT: id=4 time_last_meal=701
701 2 has taken the left fork
701 2 has taken the right fork
701 2 is eating
DBG_EAT: id=2 time_last_meal=701
DBG_EAT2: id=4 meals=5
761 4 has put down the right fork
761 4 has put down the left fork
761 4 is sleeping
DBG_EAT2: id=2 meals=5
761 2 has put down the right fork
761 2 has put down the left fork
761 2 is sleeping
761 All philosophers ate enough
