DBG_INIT: meal_mutex init for philo 1
DBG_INIT: meal_mutex init for philo 2
DBG_INIT: meal_mutex init for philo 3
DBG_INIT: meal_mutex init for philo 4
DBG: init philo[1].time_last_meal=0
DBG: init philo[2].time_last_meal=0
DBG: init philo[3].time_last_meal=0
DBG: init philo[4].time_last_meal=0
1 1 has taken the right fork
1 1 has taken the left fork
1 1 is eating
DBG_EAT: id=1 time_last_meal=1
1 2 has taken the left fork
DBG: start_time=1758386861045
DBG_EAT2: id=1 meals=1
61 1 has put down the left fork
61 1 has put down the right fork
61 1 is sleeping
61 4 has taken the left fork
61 4 has taken the right fork
61 4 is eating
DBG_EAT: id=4 time_last_meal=61
61 2 has taken the right fork
61 2 is eating
DBG_EAT: id=2 time_last_meal=61
DBG_EAT2: id=4 meals=1
121 4 has put down the right fork
121 4 has put down the left fork
121 4 is sleeping
DBG_EAT2: id=2 meals=1
121 2 has put down the right fork
121 2 has put down the left fork
121 2 is sleeping
121 3 has taken the right fork
121 3 has taken the left fork
121 3 is eating
DBG_EAT: id=3 time_last_meal=121
DBG_EAT2: id=3 meals=1
181 3 has put down the left fork
181 3 has put down the right fork
181 3 is sleeping
261 1 is thinking
261 1 has taken the right fork
261 1 has taken the left fork
261 1 is eating
DBG_EAT: id=1 time_last_meal=261
DBG_EAT2: id=1 meals=2
321 1 has put down the left fork
321 1 has put down the right fork
321 4 is thinking
321 1 is sleeping
321 2 is thinking
321 4 has taken the left fork
321 4 has taken the right fork
321 4 is eating
DBG_EAT: id=4 time_last_meal=321
321 2 has taken the left fork
321 2 has taken the right fork
321 2 is eating
DBG_EAT: id=2 time_last_meal=321
381 3 is thinking
DBG_EAT2: id=4 meals=2
381 4 has put down the right fork
381 4 has put down the left fork
381 4 is sleeping
DBG_EAT2: id=2 meals=2
382 2 has put down the right fork
382 2 has put down the left fork
382 2 is sleeping
382 3 has taken the right fork
382 3 has taken the left fork
382 3 is eating
DBG_EAT: id=3 time_last_meal=382
DBG_EAT2: id=3 meals=2
442 3 has put down the left fork
442 3 has put down the right fork
442 3 is sleeping
521 1 is thinking
521 1 has taken the right fork
521 1 has taken the left fork
521 1 is eating
DBG_EAT: id=1 time_last_meal=521
DBG_EAT2: id=1 meals=3
581 1 has put down the left fork
581 1 has put down the right fork
581 1 is sleeping
582 4 is thinking
582 4 has taken the left fork
582 4 has taken the right fork
582 4 is eating
DBG_EAT: id=4 time_last_meal=582
582 2 is thinking
582 2 has taken the left fork
582 2 has taken the right fork
582 2 is eating
DBG_EAT: id=2 time_last_meal=582
DBG_EAT2: id=4 meals=3
642 4 has put down the right fork
642 4 has put down the left fork
642 4 is sleeping
642 3 is thinking
DBG_EAT2: id=2 meals=3
642 2 has put down the right fork
642 2 has put down the left fork
642 2 is sleeping
642 3 has taken the right fork
642 3 has taken the left fork
642 3 is eating
DBG_EAT: id=3 time_last_meal=642
DBG_EAT2: id=3 meals=3
702 3 has put down the left fork
702 3 has put down the right fork
702 3 is sleeping
781 1 is thinking
781 1 has taken the right fork
781 1 has taken the left fork
781 1 is eating
DBG_EAT: id=1 time_last_meal=781
DBG_EAT2: id=1 meals=4
842 1 has put down the left fork
842 1 has put down the right fork
842 1 is sleeping
842 4 is thinking
842 4 has taken the left fork
842 4 has taken the right fork
842 4 is eating
DBG_EAT: id=4 time_last_meal=842
842 2 is thinking
842 2 has taken the left fork
842 2 has taken the right fork
842 2 is eating
DBG_EAT: id=2 time_last_meal=842
DBG_EAT2: id=4 meals=4
902 4 has put down the right fork
902 4 has put down the left fork
902 4 is sleeping
DBG_EAT2: id=2 meals=4
902 2 has put down the right fork
902 2 has put down the left fork
902 2 is sleeping
902 3 is thinking
902 3 has taken the right fork
902 3 has taken the left fork
902 3 is eating
DBG_EAT: id=3 time_last_meal=902
DBG_EAT2: id=3 meals=4
962 3 has put down the left fork
962 3 has put down the right fork
962 3 is sleeping
1042 1 is thinking
1042 1 has taken the right fork
1042 1 has taken the left fork
1042 1 is eating
DBG_EAT: id=1 time_last_meal=1042
DBG_EAT2: id=1 meals=5
1102 1 has put down the left fork
1102 1 has put down the right fork
1102 1 is sleeping
1102 4 is thinking
1102 2 is thinking
1102 4 has taken the left fork
1102 4 has taken the right fork
1102 4 is eating
DBG_EAT: id=4 time_last_meal=1102
1102 2 has taken the left fork
1102 2 has taken the right fork
1102 2 is eating
DBG_EAT: id=2 time_last_meal=1102
1162 3 is thinking
DBG_EAT2: id=4 meals=5
1162 4 has put down the right fork
1162 4 has put down the left fork
1162 4 is sleeping
DBG_EAT2: id=2 meals=5
1163 2 has put down the right fork
1163 2 has put down the left fork
1163 2 is sleeping
1163 3 has taken the right fork
1163 3 has taken the left fork
1163 3 is eating
DBG_EAT: id=3 time_last_meal=1163
DBG_EAT2: id=3 meals=5
1223 3 has put down the left fork
1223 3 has put down the right fork
1223 3 is sleeping
1302 1 is thinking
1302 1 has taken the right fork
1302 1 has taken the left fork
1302 1 is eating
DBG_EAT: id=1 time_last_meal=1302
DBG_EAT2: id=1 meals=6
1362 1 has put down the left fork
1362 1 has put down the right fork
1362 1 is sleeping
1363 4 is thinking
1363 2 is thinking
1363 4 has taken the left fork
1363 4 has taken the right fork
1363 4 is eating
DBG_EAT: id=4 time_last_meal=1363
1363 2 has taken the left fork
1363 2 has taken the right fork
1363 2 is eating
DBG_EAT: id=2 time_last_meal=1363
DBG_EAT2: id=4 meals=6
1423 4 has put down the right fork
1423 4 has put down the left fork
1423 4 is sleeping
1423 3 is thinking
DBG_EAT2: id=2 meals=6
1423 2 has put down the right fork
1423 2 has put down the left fork
1423 2 is sleeping
1423 3 has taken the right fork
1423 3 has taken the left fork
1423 3 is eating
DBG_EAT: id=3 time_last_meal=1423
DBG_EAT2: id=3 meals=6
1483 3 has put down the left fork
1483 3 has put down the right fork
1483 3 is sleeping
1562 1 is thinking
1562 1 has taken the right fork
1562 1 has taken the left fork
1562 1 is eating
DBG_EAT: id=1 time_last_meal=1562
DBG_EAT2: id=1 meals=7
1622 1 has put down the left fork
1622 1 has put down the right fork
1622 1 is sleeping
1623 4 is thinking
1623 2 is thinking
1623 4 has taken the left fork
1623 4 has taken the right fork
1623 4 is eating
DBG_EAT: id=4 time_last_meal=1623
1623 2 has taken the left fork
1623 2 has taken the right fork
1623 2 is eating
DBG_EAT: id=2 time_last_meal=1623
DBG_EAT2: id=4 meals=7
1683 4 has put down the right fork
1683 4 has put down the left fork
1683 4 is sleeping
1683 3 is thinking
DBG_EAT2: id=2 meals=7
1683 2 has put down the right fork
1683 2 has put down the left fork
1683 2 is sleeping
1683 3 has taken the right fork
1683 3 has taken the left fork
1683 3 is eating
DBG_EAT: id=3 time_last_meal=1683
DBG_EAT2: id=3 meals=7
1743 3 has put down the left fork
1743 3 has put down the right fork
1743 3 is sleeping
1822 1 is thinking
1822 1 has taken the right fork
1822 1 has taken the left fork
1822 1 is eating
DBG_EAT: id=1 time_last_meal=1822
DBG_EAT2: id=1 meals=8
1882 1 has put down the left fork
1882 1 has put down the right fork
1882 1 is sleeping
1883 4 is thinking
1883 4 has taken the left fork
1883 4 has taken the right fork
1883 4 is eating
DBG_EAT: id=4 time_last_meal=1883
1883 2 is thinking
1884 2 has taken the left fork
1884 2 has taken the right fork
1884 2 is eating
DBG_EAT: id=2 time_last_meal=1884
DBG_EAT2: id=4 meals=8
1943 4 has put down the right fork
1943 4 has put down the left fork
1943 4 is sleeping
1943 3 is thinking
DBG_EAT2: id=2 meals=8
1944 2 has put down the right fork
1944 2 has put down the left fork
1944 2 is sleeping
1944 3 has taken the right fork
1944 3 has taken the left fork
1944 3 is eating
DBG_EAT: id=3 time_last_meal=1944
DBG_EAT2: id=3 meals=8
2004 3 has put down the left fork
2004 3 has put down the right fork
2004 3 is sleeping
2083 1 is thinking
2083 1 has taken the right fork
2083 1 has taken the left fork
2083 1 is eating
DBG_EAT: id=1 time_last_meal=2083
DBG_EAT2: id=1 meals=9
2143 1 has put down the left fork
2143 1 has put down the right fork
2143 1 is sleeping
2143 4 is thinking
2144 4 has taken the left fork
2144 4 has taken the right fork
2144 4 is eating
DBG_EAT: id=4 time_last_meal=2144
2144 2 is thinking
2144 2 has taken the left fork
2144 2 has taken the right fork
2144 2 is eating
DBG_EAT: id=2 time_last_meal=2144
DBG_EAT2: id=4 meals=9
2204 4 has put down the right fork
2204 4 has put down the left fork
2204 4 is sleeping
2204 3 is thinking
DBG_EAT2: id=2 meals=9
2204 2 has put down the right fork
2204 2 has put down the left fork
2204 2 is sleeping
2204 3 has taken the right fork
2204 3 has taken the left fork
2204 3 is eating
DBG_EAT: id=3 time_last_meal=2204
DBG_EAT2: id=3 meals=9
2264 3 has put down the left fork
2264 3 has put down the right fork
2264 3 is sleeping
2343 1 is thinking
2343 1 has taken the right fork
2343 1 has taken the left fork
2343 1 is eating
DBG_EAT: id=1 time_last_meal=2343
DBG_EAT2: id=1 meals=10
2403 1 has put down the left fork
2403 1 has put down the right fork
2403 1 is sleeping
2404 4 is thinking
2404 4 has taken the left fork
2404 4 has taken the right fork
2404 4 is eating
DBG_EAT: id=4 time_last_meal=2404
2404 2 is thinking
2404 2 has taken the left fork
2404 2 has taken the right fork
2404 2 is eating
DBG_EAT: id=2 time_last_meal=2404
DBG_EAT2: id=4 meals=10
2464 4 has put down the right fork
2464 4 has put down the left fork
2464 4 is sleeping
2464 3 is thinking
DBG_EAT2: id=2 meals=10
2464 2 has put down the right fork
2464 2 has put down the left fork
2464 2 is sleeping
2464 3 has taken the right fork
2464 3 has taken the left fork
2464 3 is eating
DBG_EAT: id=3 time_last_meal=2464
DBG_EAT2: id=3 meals=10
2524 3 has put down the left fork
2524 3 has put down the right fork
2525 3 is sleeping
2603 1 is thinking
2603 1 has taken the right fork
2603 1 has taken the left fork
2603 1 is eating
DBG_EAT: id=1 time_last_meal=2603
DBG_EAT2: id=1 meals=11
2663 1 has put down the left fork
2663 1 has put down the right fork
2663 1 is sleeping
2664 4 is thinking
2664 4 has taken the left fork
2664 4 has taken the right fork
2664 4 is eating
DBG_EAT: id=4 time_last_meal=2664
2664 2 is thinking
2665 2 has taken the left fork
2665 2 has taken the right fork
2665 2 is eating
DBG_EAT: id=2 time_last_meal=2665
DBG_EAT2: id=4 meals=11
2724 4 has put down the right fork
2724 4 has put down the left fork
2724 4 is sleeping
2725 3 is thinking
DBG_EAT2: id=2 meals=11
2725 2 has put down the right fork
2725 2 has put down the left fork
2725 3 has taken the right fork
2725 3 has taken the left fork
2725 3 is eating
DBG_EAT: id=3 time_last_meal=2725
2725 2 is sleeping
DBG_EAT2: id=3 meals=11
2785 3 has put down the left fork
2785 3 has put down the right fork
2785 3 is sleeping
2863 1 is thinking
2863 1 has taken the right fork
2863 1 has taken the left fork
2863 1 is eating
DBG_EAT: id=1 time_last_meal=2863
DBG_EAT2: id=1 meals=12
2923 1 has put down the left fork
2923 1 has put down the right fork
2923 1 is sleeping
2924 4 is thinking
2925 4 has taken the left fork
2925 4 has taken the right fork
2925 4 is eating
DBG_EAT: id=4 time_last_meal=2925
2925 2 is thinking
2925 2 has taken the left fork
2925 2 has taken the right fork
2925 2 is eating
DBG_EAT: id=2 time_last_meal=2925
DBG_EAT2: id=4 meals=12
2985 4 has put down the right fork
2985 4 has put down the left fork
2985 4 is sleeping
2985 3 is thinking
DBG_EAT2: id=2 meals=12
2985 2 has put down the right fork
2985 2 has put down the left fork
2985 2 is sleeping
2985 3 has taken the right fork
2985 3 has taken the left fork
2985 3 is eating
DBG_EAT: id=3 time_last_meal=2985
DBG_EAT2: id=3 meals=12
3045 3 has put down the left fork
3045 3 has put down the right fork
3045 3 is sleeping
3123 1 is thinking
3123 1 has taken the right fork
3123 1 has taken the left fork
3123 1 is eating
DBG_EAT: id=1 time_last_meal=3123
DBG_EAT2: id=1 meals=13
3183 1 has put down the left fork
3183 1 has put down the right fork
3183 1 is sleeping
3185 4 is thinking
3185 4 has taken the left fork
3185 4 has taken the right fork
3185 4 is eating
DBG_EAT: id=4 time_last_meal=3185
3185 2 is thinking
3185 2 has taken the left fork
3185 2 has taken the right fork
3185 2 is eating
DBG_EAT: id=2 time_last_meal=3185
DBG_EAT2: id=4 meals=13
3245 4 has put down the right fork
3245 4 has put down the left fork
3245 4 is sleeping
3245 3 is thinking
DBG_EAT2: id=2 meals=13
3246 2 has put down the right fork
3246 2 has put down the left fork
3246 2 is sleeping
3246 3 has taken the right fork
3246 3 has taken the left fork
3246 3 is eating
DBG_EAT: id=3 time_last_meal=3246
DBG_EAT2: id=3 meals=13
3306 3 has put down the left fork
3306 3 has put down the right fork
3306 3 is sleeping
3384 1 is thinking
3384 1 has taken the right fork
3384 1 has taken the left fork
3384 1 is eating
DBG_EAT: id=1 time_last_meal=3384
DBG_EAT2: id=1 meals=14
3444 1 has put down the left fork
3444 1 has put down the right fork
3444 1 is sleeping
3445 4 is thinking
3445 4 has taken the left fork
3445 4 has taken the right fork
3445 4 is eating
DBG_EAT: id=4 time_last_meal=3445
3446 2 is thinking
3446 2 has taken the left fork
3446 2 has taken the right fork
3446 2 is eating
DBG_EAT: id=2 time_last_meal=3446
DBG_EAT2: id=4 meals=14
3505 4 has put down the right fork
3505 4 has put down the left fork
3505 4 is sleeping
3506 3 is thinking
DBG_EAT2: id=2 meals=14
3506 2 has put down the right fork
3506 2 has put down the left fork
3506 2 is sleeping
3506 3 has taken the right fork
3506 3 has taken the left fork
3506 3 is eating
DBG_EAT: id=3 time_last_meal=3506
DBG_EAT2: id=3 meals=14
3566 3 has put down the left fork
3566 3 has put down the right fork
3566 3 is sleeping
3644 1 is thinking
3644 1 has taken the right fork
3644 1 has taken the left fork
3644 1 is eating
DBG_EAT: id=1 time_last_meal=3644
DBG_EAT2: id=1 meals=15
3704 1 has put down the left fork
3704 1 has put down the right fork
3704 1 is sleeping
3705 4 is thinking
3706 4 has taken the left fork
3706 4 has taken the right fork
3706 4 is eating
DBG_EAT: id=4 time_last_meal=3706
3706 2 is thinking
3706 2 has taken the left fork
3706 2 has taken the right fork
3706 2 is eating
DBG_EAT: id=2 time_last_meal=3706
DBG_EAT2: id=4 meals=15
3766 4 has put down the right fork
3766 4 has put down the left fork
3766 4 is sleeping
3766 3 is thinking
DBG_EAT2: id=2 meals=15
3766 2 has put down the right fork
3766 2 has put down the left fork
3766 2 is sleeping
3766 3 has taken the right fork
3766 3 has taken the left fork
3766 3 is eating
DBG_EAT: id=3 time_last_meal=3766
DBG_EAT2: id=3 meals=15
3826 3 has put down the left fork
3826 3 has put down the right fork
3826 3 is sleeping
3904 1 is thinking
3904 1 has taken the right fork
3904 1 has taken the left fork
3904 1 is eating
DBG_EAT: id=1 time_last_meal=3904
DBG_EAT2: id=1 meals=16
3964 1 has put down the left fork
3964 1 has put down the right fork
3964 1 is sleeping
3966 4 is thinking
3966 4 has taken the left fork
3966 4 has taken the right fork
3966 4 is eating
DBG_EAT: id=4 time_last_meal=3966
3966 2 is thinking
3966 2 has taken the left fork
3966 2 has taken the right fork
3966 2 is eating
DBG_EAT: id=2 time_last_meal=3966
DBG_EAT2: id=4 meals=16
4026 4 has put down the right fork
4026 4 has put down the left fork
4026 4 is sleeping
4026 3 is thinking
DBG_EAT2: id=2 meals=16
4027 2 has put down the right fork
4027 2 has put down the left fork
4027 2 is sleeping
4027 3 has taken the right fork
4027 3 has taken the left fork
4027 3 is eating
DBG_EAT: id=3 time_last_meal=4027
DBG_EAT2: id=3 meals=16
4087 3 has put down the left fork
4087 3 has put down the right fork
4087 3 is sleeping
4164 1 is thinking
4164 1 has taken the right fork
4164 1 has taken the left fork
4164 1 is eating
DBG_EAT: id=1 time_last_meal=4164
DBG_EAT2: id=1 meals=17
4224 1 has put down the left fork
4224 1 has put down the right fork
4224 1 is sleeping
4226 4 is thinking
4226 4 has taken the left fork
4226 4 has taken the right fork
4226 4 is eating
DBG_EAT: id=4 time_last_meal=4226
4227 2 is thinking
4227 2 has taken the left fork
4227 2 has taken the right fork
4227 2 is eating
DBG_EAT: id=2 time_last_meal=4227
DBG_EAT2: id=4 meals=17
4286 4 has put down the right fork
4286 4 has put down the left fork
4286 4 is sleeping
4287 3 is t