DBG_INIT: meal_mutex init for philo 1
DBG_INIT: meal_mutex init for philo 2
DBG_INIT: meal_mutex init for philo 3
DBG_INIT: meal_mutex init for philo 4
DBG: init philo[1].time_last_meal=0
DBG: init philo[2].time_last_meal=0
DBG: init philo[3].time_last_meal=0
DBG: init philo[4].time_last_meal=0
0 1 has taken the right fork
0 1 has taken the left fork
0 1 is eating
DBG_EAT: id=1 time_last_meal=0
1 3 has taken the right fork
1 3 has taken the left fork
1 3 is eating
DBG_EAT: id=3 time_last_meal=1
DBG: start_time=1758387039809
DBG_EAT2: id=1 meals=1
101 1 has put down the left fork
101 1 has put down the right fork
101 1 is sleeping
101 4 has taken the left fork
DBG_EAT2: id=3 meals=1
101 3 has put down the left fork
101 3 has put down the right fork
101 4 has taken the right fork
101 4 is eating
DBG_EAT: id=4 time_last_meal=101
101 3 is sleeping
101 2 has taken the left fork
101 2 has taken the right fork
101 2 is eating
DBG_EAT: id=2 time_last_meal=101
201 1 is thinking
201 3 is thinking
DBG_EAT2: id=4 meals=1
201 4 has put down the right fork
201 4 has put down the left fork
DBG_EAT2: id=2 meals=1
201 2 has put down the right fork
201 4 is sleeping
201 2 has put down the left fork
202 2 is sleeping
202 1 has taken the right fork
202 1 has taken the left fork
202 1 is eating
DBG_EAT: id=1 time_last_meal=202
202 3 has taken the right fork
202 3 has taken the left fork
202 3 is eating
DBG_EAT: id=3 time_last_meal=202
DBG_EAT2: id=3 meals=2
302 3 has put down the left fork
302 3 has put down the right fork
302 3 is sleeping
302 4 is thinking
302 2 is thinking
DBG_EAT2: id=1 meals=2
302 1 has put down the left fork
302 1 has put down the right fork
302 1 is sleeping
302 2 has taken the left fork
302 2 has taken the right fork
302 2 is eating
DBG_EAT: id=2 time_last_meal=302
302 4 has taken the left fork
302 4 has taken the right fork
302 4 is eating
DBG_EAT: id=4 time_last_meal=302
402 3 is thinking
402 1 is thinking
DBG_EAT2: id=2 meals=2
402 2 has put down the right fork
402 2 has put down the left fork
DBG_EAT2: id=4 meals=2
402 4 has put down the right fork
402 2 is sleeping
402 3 has taken the right fork
402 4 has put down the left fork
402 4 is sleeping
402 3 has taken the left fork
402 3 is eating
DBG_EAT: id=3 time_last_meal=402
402 1 has taken the right fork
402 1 has taken the left fork
402 1 is eating
DBG_EAT: id=1 time_last_meal=402
DBG_EAT2: id=1 meals=3
DBG_EAT2: id=3 meals=3
502 3 has put down the left fork
502 3 has put down the right fork
502 1 has put down the left fork
502 1 has put down the right fork
502 1 is sleeping
502 2 is thinking
502 3 is sleeping
502 4 is thinking
503 2 has taken the left fork
503 2 has taken the right fork
503 2 is eating
DBG_EAT: id=2 time_last_meal=503
503 4 has taken the left fork
503 4 has taken the right fork
503 4 is eating
DBG_EAT: id=4 time_last_meal=503
DBG_EAT2: id=2 meals=3
603 2 has put down the right fork
603 2 has put down the left fork
603 1 is thinking
603 2 is sleeping
603 3 is thinking
603 3 has taken the right fork
DBG_EAT2: id=4 meals=3
603 4 has put down the right fork
603 3 has taken the left fork
603 3 is eating
DBG_EAT: id=3 time_last_meal=603
603 4 has put down the left fork
603 4 is sleeping
603 1 has taken the right fork
603 1 has taken the left fork
603 1 is eating
DBG_EAT: id=1 time_last_meal=603
DBG_EAT2: id=3 meals=4
703 3 has put down the left fork
703 3 has put down the right fork
703 4 is thinking
703 3 is sleeping
703 2 is thinking
DBG_EAT2: id=1 meals=4
703 1 has put down the left fork
703 1 has put down the right fork
703 1 is sleeping
703 4 has taken the left fork
703 4 has taken the right fork
703 4 is eating
DBG_EAT: id=4 time_last_meal=703
703 2 has taken the left fork
703 2 has taken the right fork
703 2 is eating
DBG_EAT: id=2 time_last_meal=703
803 3 is thinking
803 1 is thinking
DBG_EAT2: id=2 meals=4
803 2 has put down the right fork
803 2 has put down the left fork
DBG_EAT2: id=4 meals=4
803 2 is sleeping
803 4 has put down the right fork
804 3 has taken the right fork
804 3 has taken the left fork
804 3 is eating
DBG_EAT: id=3 time_last_meal=804
804 4 has put down the left fork
804 4 is sleeping
804 1 has taken the right fork
804 1 has taken the left fork
804 1 is eating
DBG_EAT: id=1 time_last_meal=804
DBG_EAT2: id=3 meals=5
904 3 has put down the left fork
904 3 has put down the right fork
904 2 is thinking
904 3 is sleeping
904 4 is thinking
DBG_EAT2: id=1 meals=5
904 1 has put down the left fork
904 1 has put down the right fork
904 1 is sleeping
904 2 has taken the left fork
904 2 has taken the right fork
904 2 is eating
DBG_EAT: id=2 time_last_meal=904
904 4 has taken the left fork
904 4 has taken the right fork
904 4 is eating
DBG_EAT: id=4 time_last_meal=904
1004 3 is thinking
DBG_EAT2: id=4 meals=5
1004 4 has put down the right fork
1004 4 has put down the left fork
1004 4 is sleeping
1004 1 is thinking
1004 1 has taken the right fork
DBG_EAT2: id=2 meals=5
1004 2 has put down the right fork
1004 2 has put down the left fork
1004 1 has taken the left fork
1004 2 is sleeping
1004 1 is eating
DBG_EAT: id=1 time_last_meal=1004
1004 3 has taken the right fork
1004 3 has taken the left fork
1004 3 is eating
DBG_EAT: id=3 time_last_meal=1004
1104 4 is thinking
1104 2 is thinking
DBG_EAT2: id=1 meals=6
1105 1 has put down the left fork
1105 1 has put down the right fork
1105 1 is sleeping
DBG_EAT2: id=3 meals=6
1105 3 has put down the left fork
1105 3 has put down the right fork
1105 3 is sleeping
1105 2 has taken the left fork
1105 2 has taken the right fork
1105 2 is eating
DBG_EAT: id=2 time_last_meal=1105
1105 4 has taken the left fork
1105 4 has taken the right fork
1105 4 is eating
DBG_EAT: id=4 time_last_meal=1105
DBG_EAT2: id=2 meals=6
DBG_EAT2: id=4 meals=6
1205 2 has put down the right fork
1205 2 has put down the left fork
1205 1 is thinking
1205 4 has put down the right fork
1205 2 is sleeping
1205 4 has put down the left fork
1205 3 is thinking
1205 1 has taken the right fork
1205 1 has taken the left fork
1205 1 is eating
DBG_EAT: id=1 time_last_meal=1205
1205 3 has taken the right fork
1205 3 has taken the left fork
1205 3 is eating
DBG_EAT: id=3 time_last_meal=1205
1205 4 is sleeping
1305 2 is thinking
DBG_EAT2: id=1 meals=7
1305 1 has put down the left fork
1305 1 has put down the right fork
1305 1 is sleeping
1305 4 is thinking
DBG_EAT2: id=3 meals=7
1305 3 has put down the left fork
1305 3 has put down the right fork
1305 3 is sleeping
1305 2 has taken the left fork
1305 2 has taken the right fork
1305 2 is eating
DBG_EAT: id=2 time_last_meal=1305
1305 4 has taken the left fork
1305 4 has taken the right fork
1305 4 is eating
DBG_EAT: id=4 time_last_meal=1305
1405 1 is thinking
1405 3 is thinking
DBG_EAT2: id=2 meals=7
1405 2 has put down the right fork
1405 2 has put down the left fork
1405 2 is sleeping
1405 3 has taken the right fork
DBG_EAT2: id=4 meals=7
1405 4 has put down the right fork
1405 3 has taken the left fork
1405 3 is eating
DBG_EAT: id=3 time_last_meal=1405
1405 4 has put down the left fork
1405 4 is sleeping
1405 1 has taken the right fork
1405 1 has taken the left fork
1405 1 is eating
DBG_EAT: id=1 time_last_meal=1405
DBG_EAT2: id=3 meals=8
1505 3 has put down the left fork
1505 3 has put down the right fork
1505 2 is thinking
1505 3 is sleeping
DBG_EAT2: id=1 meals=8
1506 1 has put down the left fork
1506 1 has put down the right fork
1506 1 is sleeping
1506 4 is thinking
1506 2 has taken the left fork
1506 2 has taken the right fork
1506 2 is eating
DBG_EAT: id=2 time_last_meal=1506
1506 4 has taken the left fork
1506 4 has taken the right fork
1506 4 is eating
DBG_EAT: id=4 time_last_meal=1506
1606 3 is thinking
1606 1 is thinking
DBG_EAT2: id=2 meals=8
1606 2 has put down the right fork
DBG_EAT2: id=4 meals=8
1606 4 has put down the right fork
1606 2 has put down the left fork
1606 4 has put down the left fork
1606 4 is sleeping
1606 2 is sleeping
1606 3 has taken the right fork
1606 3 has taken the left fork
1606 3 is eating
DBG_EAT: id=3 time_last_meal=1606
1606 1 has taken the right fork
1606 1 has taken the left fork
1606 1 is eating
DBG_EAT: id=1 time_last_meal=1606
DBG_EAT2: id=3 meals=9
1706 2 is thinking
DBG_EAT2: id=1 meals=9
1706 1 has put down the left fork
1706 1 has put down the right fork
1706 1 is sleeping
1707 3 has put down the left fork
1707 3 has put down the right fork
1707 3 is sleeping
1707 4 is thinking
1707 2 has taken the left fork
1707 2 has taken the right fork
1707 2 is eating
DBG_EAT: id=2 time_last_meal=1707
1707 4 has taken the left fork
1707 4 has taken the right fork
1707 4 is eating
DBG_EAT: id=4 time_last_meal=1707
1807 1 is thinking
1807 3 is thinking
DBG_EAT2: id=2 meals=9
1807 2 has put down the right fork
1807 2 has put down the left fork
1807 2 is sleeping
1807 3 has taken the right fork
DBG_EAT2: id=4 meals=9
1807 4 has put down the right fork
1807 4 has put down the left fork
1807 3 has taken the left fork
1807 4 is sleeping
1807 3 is eating
DBG_EAT: id=3 time_last_meal=1807
1807 1 has taken the right fork
1807 1 has taken the left fork
1807 1 is eating
DBG_EAT: id=1 time_last_meal=1807
1907 2 is thinking
1907 4 is thinking
DBG_EAT2: id=1 meals=10
1907 1 has put down the left fork
1907 1 has put down the right fork
DBG_EAT2: id=3 meals=10
1907 3 has put down the left fork
1907 1 is sleeping
1908 3 has put down the right fork
1908 3 is sleeping
1908 2 has taken the left fork
1908 2 has taken the right fork
1908 2 is eating
1908 4 has taken the left fork
1908 4 has taken the right fork
1908 4 is eating
DBG_EAT: id=4 time_last_meal=1908
DBG_EAT: id=2 time_last_meal=1908
DBG_EAT2: id=2 meals=10
2008 3 is thinking
2008 2 has put down the right fork
2008 3 has taken the right fork
2008 2 has put down the left fork
2008 1 is thinking
DBG_EAT2: id=4 meals=10
2008 2 is sleeping
2008 4 has put down the right fork
2008 3 has taken the left fork
2008 3 is eating
DBG_EAT: id=3 time_last_meal=2008
2008 4 has put down the left fork
2008 4 is sleeping
2008 1 has taken the right fork
2008 1 has taken the left fork
2008 1 is eating
DBG_EAT: id=1 time_last_meal=2008
DBG_EAT2: id=3 meals=11
2108 2 is thinking
2108 3 has put down the left fork
2108 3 has put down the right fork
DBG_EAT2: id=1 meals=11
2108 1 has put down the left fork
2108 1 has put down the right fork
2108 1 is sleeping
2108 4 is thinking
2108 3 is sleeping
2108 2 has taken the left fork
2108 2 has taken the right fork
2108 2 is eating
DBG_EAT: id=2 time_last_meal=2108
2108 4 has taken the left fork
2108 4 has taken the right fork
2108 4 is eating
DBG_EAT: id=4 time_last_meal=2108
2208 1 is thinking
2208 3 is thinking
DBG_EAT2: id=4 meals=11
2208 4 has put down the right fork
2208 4 has put down the left fork
2208 4 is sleeping
DBG_EAT2: id=2 meals=11
2208 2 has put down the right fork
2209 1 has taken the right fork
2209 1 has taken the left fork
2209 1 is eating
DBG_EAT: id=1 time_last_meal=2209
2209 2 has put down the left fork
2209 2 is sleeping
2209 3 has taken the right fork
2209 3 has taken the left fork
2209 3 is eating
DBG_EAT: id=3 time_last_meal=2209
DBG_EAT2: id=1 meals=12
2309 1 has put down the left fork
2309 1 has put down the right fork
2309 1 is sleeping
2309 4 is thinking
DBG_EAT2: id=3 meals=12
2309 3 has put down the left fork
2309 3 has put down the right fork
2309 2 is thinking
2309 3 is sleeping
2309 4 has taken the left fork
2309 4 has taken the right fork
2309 4 is eating
DBG_EAT: id=4 time_last_meal=2309
2309 2 has taken the left fork
2309 2 has taken the right fork
2309 2 is eating
DBG_EAT: id=2 time_last_meal=2309
2409 3 is thinking
2409 1 is thinking
DBG_EAT2: id=4 meals=12
2409 4 has put down the right fork
2409 4 has put down the left fork
2409 4 is sleeping
2409 1 has taken the right fork
DBG_EAT2: id=2 meals=12
2409 2 has put down the right fork
2409 1 has taken the left fork
2409 1 is eating
DBG_EAT: id=1 time_last_meal=2409
2409 2 has put down the left fork
2409 3 has taken the right fork
2409 3 has taken the left fork
2409 3 is eating
DBG_EAT: id=3 time_last_meal=2409
2409 2 is sleeping
2510 4 is thinking
DBG_EAT2: id=1 meals=13
2510 1 has put down the left fork
2510 1 has put down the right fork
2510 1 is sleeping
2510 2 is thinking
DBG_EAT2: id=3 meals=13
2510 3 has put down the left fork
2510 3 has put down the right fork
2510 4 has taken the left fork
2510 4 has taken the right fork
2510 3 is sleeping
2510 4 is eating
DBG_EAT: id=4 time_last_meal=2510
2510 2 has taken the left fork
2510 2 has taken the right fork
2510 2 is eating
DBG_EAT: id=2 time_last_meal=2510
2610 1 is thinking
2610 3 is thinking
DBG_EAT2: id=4 meals=13
2610 4 has put down the right fork
2610 4 has put down the left fork
DBG_EAT2: id=2 meals=13
2610 2 has put down the right fork
2610 4 is sleeping
2610 1 has taken the right fork
2610 1 has taken the left fork
2610 1 is eating
DBG_EAT: id=1 time_last_meal=2610
2610 2 has put down the left fork
2610 2 is sleeping
2610 3 has taken the right fork
2610 3 has taken the left fork
2610 3 is eating
DBG_EAT: id=3 time_last_meal=2610
DBG_EAT2: id=3 meals=14
2710 2 is thinking
2710 3 has put down the left fork
2710 3 has put down the right fork
2710 3 is sleeping
2710 4 is thinking
DBG_EAT2: id=1 meals=14
2710 1 has put down the left fork
2710 1 has put down the right fork
2711 1 is sleeping
2711 2 has taken the left fork
2711 2 has taken the right fork
2711 2 is eating
DBG_EAT: id=2 time_last_meal=2711
2711 4 has taken the left fork
2711 4 has taken the right fork
2711 4 is eating
DBG_EAT: id=4 time_last_meal=2711
2811 1 is thinking
2811 3 is thinking
DBG_EAT2: id=4 meals=14
2811 4 has put down the right fork
DBG_EAT2: id=2 meals=14
2811 2 has put down the right fork
2811 4 has put down the left fork
2811 4 is sleeping
2811 2 has put down the left fork
2811 2 is sleeping
2811 1 has taken the right fork
2811 1 has taken the left fork
2811 1 is eating
DBG_EAT: id=1 time_last_meal=2811
2811 3 has taken the right fork
2811 3 has taken the left fork
2811 3 is eating
DBG_EAT: id=3 time_last_meal=2811
DBG_EAT2: id=1 meals=15
2911 2 is thinking
2911 1 has put down the left fork
2911 1 has put down the right fork
2911 1 is sleeping
DBG_EAT2: id=3 meals=15
2911 4 is thinking
2911 3 has put down the left fork
2911 3 has put down the right fork
2911 3 is sleeping
2911 2 has taken the left fork
2911 2 has taken the right fork
2911 2 is eating
DBG_EAT: id=2 time_last_meal=2911
2911 4 has taken the left fork
2911 4 has taken the right fork
2911 4 is eating
DBG_EAT: id=4 time_last_meal=2911
3011 3 is thinking
3011 1 is thinking
DBG_EAT2: id=4 meals=15
3012 4 has put down the right fork
DBG_EAT2: id=2 meals=15
3012 2 has put down the right fork
3012 2 has put down the left fork
3012 4 has put down the left fork
3012 4 is sleeping
3012 2 is sleeping
3012 1 has taken the right fork
3012 1 has taken the left fork
3012 1 is eating
DBG_EAT: id=1 time_last_meal=3012
3012 3 has taken the right fork
3012 3 has taken the left fork
3012 3 is eating
DBG_EAT: id=3 time_last_meal=3012
DBG_EAT2: id=3 meals=16
3112 2 is thinking
3112 3 has put down the left fork
3112 3 has put down the right fork
3112 4 is thinking
3112 3 is sleeping
DBG_EAT2: id=1 meals=16
3112 1 has put down the left fork
3112 1 has put down the right fork
3112 1 is sleeping
3112 2 has taken the left fork
3112 2 has taken the right fork
3112 2 is eating
DBG_EAT: id=2 time_last_meal=3112
3112 4 has taken the left fork
3112 4 has taken the right fork
3112 4 is eating
DBG_EAT: id=4 time_last_meal=3112
3212 1 is thinking
3212 3 is thinking
DBG_EAT2: id=2 meals=16
3212 2 has put down the right fork
3212 2 has put down the left fork
DBG_EAT2: id=4 meals=16
3212 4 has put down the right fork
3212 2 is sleeping
3212 3 has taken the right fork
3212 3 has taken the left fork
3212 3 is eating
DBG_EAT: id=3 time_last_meal=3212
3212 4 has put down the left fork
3212 4 is sleeping
3212 1 has taken the right fork
3212 1 has taken the left fork
3212 1 is eating
DBG_EAT: id=1 time_last_meal=3212
DBG_EAT2: id=1 meals=17
3313 4 is thinking
3313 1 has put down the left fork
3313 1 has put down the right fork
3313 1 is sleeping
3313 2 is thinking
DBG_EAT2: id=3 meals=17
3313 3 has put down the left fork
3313 3 has put down the right fork
3313 3 is sleeping
3313 4 has taken the left fork
3313 4 has taken the right fork
3313 4 is eating
DBG_EAT: id=4 time_last_meal=3313
3313 2 has taken the left fork
3313 2 has taken the right fork
3313 2 is eating
DBG_EAT: id=2 time_last_meal=3313
3413 1 is thinking
3413 3 is thinking
DBG_EAT2: id=4 meals=17
3413 4 has put down the right fork
3413 4 has put down the left fork
3413 4 is sleeping
3413 1 has taken the right fork
DBG_EAT2: id=2 meals=17
3413 2 has put down the right fork
3413 2 has put down the left fork
3413 2 is sleeping
3413 1 has taken the left fork
3413 1 is eating
DBG_EAT: id=1 time_last_meal=3413
3413 3 has taken the right fork
3413 3 has taken the left fork
3413 3 is eating
DBG_EAT: id=3 time_last_meal=3413
DBG_EAT2: id=3 meals=18
3513 3 has put down the left fork
3513 3 has put down the right fork
3513 2 is thinking
3513 3 is sleeping
DBG_EAT2: id=1 meals=18
3514 4 is thinking
3514 1 has put down the left fork
3514 1 has put down the right fork
3514 1 is sleeping
3514 2 has taken the left fork
3514 2 has taken the right fork
3514 2 is eating
DBG_EAT: id=2 time_last_meal=3514
3514 4 has taken the left fork
3514 4 has taken the right fork
3514 4 is eating
DBG_EAT: id=4 time_last_meal=3514
3614 3 is thinking
3614 1 is thinking
DBG_EAT2: id=2 meals=18
3614 2 has put down the right fork
3614 2 has put down the left fork
3614 3 has taken the right fork
3614 2 is sleeping
DBG_EAT2: id=4 meals=18
3614 4 has put down the right fork
3614 4 has put down the left fork
3614 3 has taken the left fork
3614 3 is eating
DBG_EAT: id=3 time_last_meal=3614
3614 4 is sleeping
3614 1 has taken the right fork
3614 1 has taken the left fork
3614 1 is eating
DBG_EAT: id=1 time_last_meal=3614
DBG_EAT2: id=3 meals=19
3714 3 has put down the left fork
3714 3 has put down the right fork
3714 3 is sleeping
3714 4 is thinking
DBG_EAT2: id=1 meals=19
3714 1 has put down the left fork
3714 1 has put down the right fork
3714 1 is sleeping
3714 2 is thinking
3714 4 has taken the left fork
3714 4 has taken the right fork
3714 4 is eating
DBG_EAT: id=4 time_last_meal=3714
3715 2 has taken the left fork
3715 2 has taken the right fork
3715 2 is eating
DBG_EAT: id=2 time_last_meal=3715
3814 1 is thinking
3814 3 is thinking
DBG_EAT2: id=4 meals=19
3814 4 has put down the right fork
3815 4 has put down the left fork
3815 4 is sleeping
3815 1 has taken the right fork
DBG_EAT2: id=2 meals=19
3815 2 has put down the right fork
3815 2 has put down the left fork
3815 2 is sleeping
3815 1 has taken the left fork
3815 1 is eating
DBG_EAT: id=1 time_last_meal=3815
3815 3 has taken the right fork
3815 3 has taken the left fork
3815 3 is eating
DBG_EAT: id=3 time_last_meal=3815
3915 4 is thinking
3915 2 is thinking
DBG_EAT2: id=1 meals=20
3915 1 has put down the left fork
3915 1 has put down the right fork
DBG_EAT2: id=3 meals=20
3915 3 has put down the left fork
3915 3 has put down the right fork
3915 3 is sleeping
3915 4 has taken the left fork
3915 4 has taken the right fork
3915 4 is eating
DBG_EAT: id=4 time_last_meal=3915
3915 2 has taken the left fork
3915 2 has taken the right fork
3915 2 is eating
DBG_EAT: id=2 time_last_meal=3915
3915 1 is sleeping
DBG_EAT2: id=4 meals=20
4015 1 is thinking
4015 4 has put down the right fork
4015 4 has put down the left fork
4015 1 has taken the right fork
4015 3 is thinking
DBG_EAT2: id=2 meals=20
4015 4 is sleeping
4015 2 has put down the right fork
4015 2 has put down the left fork
4015 2 is sleeping
4015 1 has taken the left fork
4015 1 is eating
DBG_EAT: id=1 time_last_meal=4015
4016 3 has taken the right fork
4016 3 has taken the left fork
4016 3 is eating
DBG_EAT: id=3 time_last_meal=4016
DBG_EAT2: id=1 meals=21
4116 1 has put down the left fork
4116 1 has put down the right fork
DBG_EAT2: id=3 meals=21
4116 3 has put down the left fork
4116 3 has put down the right fork
4116 3 is sleeping
4116 2 is thinking
4116 1 is sleeping
4116 4 is thinking
4116 2 has taken the left fork
4116 2 has taken the right fork
4116 2 is eating
DBG_EAT: id=2 time_last_meal=4116
4116 4 has taken the left fork
4116 4 has taken the right fork
4116 4 is eating
DBG_EAT: id=4 time_last_meal=4116
4216 1 is thinking
4216 3 is thinking
DBG_EAT2: id=2 meals=21
4216 2 has put