DBG_INIT: meal_mutex init for philo 1
DBG_INIT: meal_mutex init for philo 2
DBG_INIT: meal_mutex init for philo 3
DBG_INIT: meal_mutex init for philo 4
DBG: init philo[1].time_last_meal=0
DBG: init philo[2].time_last_meal=0
DBG: init philo[3].time_last_meal=0
DBG: init philo[4].time_last_meal=0
0 1 has taken the right fork
0 1 has taken the left fork
0 1 is eating
DBG_EAT: id=1 time_last_meal=0
1 3 has taken the right fork
1 3 has taken the left fork
1 3 is eating
DBG_EAT: id=3 time_last_meal=1
DBG: start_time=1758386999222
DBG_EAT2: id=1 meals=1
200 1 has put down the left fork
200 1 has put down the right fork
201 1 is sleeping
201 4 has taken the left fork
DBG_EAT2: id=3 meals=1
201 3 has put down the left fork
201 3 has put down the right fork
201 3 is sleeping
201 4 has taken the right fork
201 4 is eating
DBG_EAT: id=4 time_last_meal=201
201 2 has taken the left fork
201 2 has taken the right fork
201 2 is eating
DBG_EAT: id=2 time_last_meal=201
261 1 is thinking
261 3 is thinking
DBG_EAT2: id=4 meals=1
401 4 has put down the right fork
DBG_EAT2: id=2 meals=1
401 2 has put down the right fork
401 4 has put down the left fork
401 2 has put down the left fork
401 2 is sleeping
401 4 is sleeping
401 1 has taken the right fork
401 1 has taken the left fork
401 1 is eating
DBG_EAT: id=1 time_last_meal=401
401 3 has taken the right fork
401 3 has taken the left fork
401 3 is eating
DBG_EAT: id=3 time_last_meal=401
462 2 is thinking
462 4 is thinking
DBG_EAT2: id=1 meals=2
602 1 has put down the left fork
DBG_EAT2: id=3 meals=2
602 3 has put down the left fork
602 1 has put down the right fork
602 3 has put down the right fork
602 3 is sleeping
602 1 is sleeping
602 4 has taken the left fork
602 4 has taken the right fork
602 4 is eating
DBG_EAT: id=4 time_last_meal=602
602 2 has taken the left fork
602 2 has died (last meal at 201)
DBG_EAT2: id=4 meals=2
