DBG_INIT: meal_mutex init for philo 1
DBG_INIT: meal_mutex init for philo 2
DBG: init philo[1].time_last_meal=0
DBG: init philo[2].time_last_meal=0
1 1 has taken the right fork
1 1 has taken the left fork
1 1 is eating
DBG_EAT: id=1 time_last_meal=1
DBG: start_time=1758402976390
DBG_EAT2: id=1 meals=1
61 1 has put down the left fork
61 1 has put down the right fork
61 1 is sleeping
61 2 has taken the left fork
61 2 has taken the right fork
61 2 is eating
DBG_EAT: id=2 time_last_meal=61
DBG_EAT2: id=2 meals=1
121 2 has put down the right fork
121 2 has put down the left fork
122 2 is sleeping
261 1 is thinking
261 1 has taken the right fork
261 1 has taken the left fork
261 1 is eating
DBG_EAT: id=1 time_last_meal=261
DBG_EAT2: id=1 meals=2
321 1 has put down the left fork
321 1 has put down the right fork
322 1 is sleeping
322 2 is thinking
322 2 has taken the left fork
322 2 has taken the right fork
322 2 is eating
DBG_EAT: id=2 time_last_meal=322
DBG_EAT2: id=2 meals=2
382 2 has put down the right fork
382 2 has put down the left fork
382 2 is sleeping
522 1 is thinking
522 1 has taken the right fork
522 1 has taken the left fork
522 1 is eating
DBG_EAT: id=1 time_last_meal=522
DBG_EAT2: id=1 meals=3
582 1 has put down the left fork
582 1 has put down the right fork
582 1 is sleeping
582 2 is thinking
582 2 has taken the left fork
582 2 has taken the right fork
582 2 is eating
DBG_EAT: id=2 time_last_meal=582
DBG_EAT2: id=2 meals=3
643 2 has put down the right fork
643 2 has put down the left fork
643 2 is sleeping
782 1 is thinking
782 1 has taken the right fork
782 1 has taken the left fork
782 1 is eating
DBG_EAT: id=1 time_last_meal=782
DBG_EAT2: id=1 meals=4
842 1 has put down the left fork
842 1 has put down the right fork
843 1 is sleeping
843 2 is thinking
843 2 has taken the left fork
843 2 has taken the right fork
843 2 is eating
DBG_EAT: id=2 time_last_meal=843
DBG_EAT2: id=2 meals=4
904 2 has put down the right fork
904 2 has put down the left fork
904 2 is sleeping
1043 1 is thinking
1043 1 has taken the right fork
1043 1 has taken the left fork
1043 1 is eating
DBG_EAT: id=1 time_last_meal=1043
DBG_EAT2: id=1 meals=5
1103 1 has put down the left fork
1103 1 has put down the right fork
1103 1 is sleeping
1104 2 is thinking
1104 2 has taken the left fork
1104 2 has taken the right fork
1104 2 is eating
DBG_EAT: id=2 time_last_meal=1104
DBG_EAT2: id=2 meals=5
1164 2 has put down the right fork
1164 2 has put down the left fork
1164 2 is sleeping
1303 1 is thinking
1303 1 has taken the right fork
1303 1 has taken the left fork
1303 1 is eating
DBG_EAT: id=1 time_last_meal=1303
DBG_EAT2: id=1 meals=6
1363 1 has put down the left fork
1363 1 has put down the right fork
1363 1 is sleeping
1365 2 is thinking
1365 2 has taken the left fork
1365 2 has taken the right fork
1365 2 is eating
DBG_EAT: id=2 time_last_meal=1365
DBG_EAT2: id=2 meals=6
1425 2 has put down the right fork
1425 2 has put down the left fork
1425 2 is sleeping
1563 1 is thinking
1563 1 has taken the right fork
1563 1 has taken the left fork
1563 1 is eating
DBG_EAT: id=1 time_last_meal=1563
DBG_EAT2: id=1 meals=7
1624 1 has put down the left fork
1624 1 has put down the right fork
1624 1 is sleeping
1625 2 is thinking
1625 2 has taken the left fork
1625 2 has taken the right fork
1625 2 is eating
DBG_EAT: id=2 time_last_meal=1625
DBG_EAT2: id=2 meals=7
1686 2 has put down the right fork
1686 2 has put down the left fork
1686 2 is sleeping
1824 1 is thinking
1824 1 has taken the right fork
1824 1 has taken the left fork
1824 1 is eating
DBG_EAT: id=1 time_last_meal=1824
DBG_EAT2: id=1 meals=8
1884 1 has put down the left fork
1884 1 has put down the right fork
1884 1 is sleeping
1886 2 is thinking
1886 2 has taken the left fork
1886 2 has taken the right fork
1886 2 is eating
DBG_EAT: id=2 time_last_meal=1886
DBG_EAT2: id=2 meals=8
1946 2 has put down the right fork
1946 2 has put down the left fork
1946 2 is sleeping
2084 1 is thinking
2084 1 has taken the right fork
2084 1 has taken the left fork
2084 1 is eating
DBG_EAT: id=1 time_last_meal=2084
DBG_EAT2: id=1 meals=9
2144 1 has put down the left fork
2144 1 has put down the right fork
2144 1 is sleeping
2147 2 is thinking
2147 2 has taken the left fork
2147 2 has taken the right fork
2147 2 is eating
DBG_EAT: id=2 time_last_meal=2147
DBG_EAT2: id=2 meals=9
2207 2 has put down the right fork
2207 2 has put down the left fork
2207 2 is sleeping
2345 1 is thinking
2345 1 has taken the right fork
2345 1 has taken the left fork
2345 1 is eating
DBG_EAT: id=1 time_last_meal=2345
DBG_EAT2: id=1 meals=10
2405 1 has put down the left fork
2405 1 has put down the right fork
2405 1 is sleeping
2407 2 is thinking
2407 2 has taken the left fork
2407 2 has taken the right fork
2407 2 is eating
DBG_EAT: id=2 time_last_meal=2407
DBG_EAT2: id=2 meals=10
2468 2 has put down the right fork
2468 2 has put down the left fork
2468 2 is sleeping
2605 1 is thinking
2605 1 has taken the right fork
2605 1 has taken the left fork
2605 1 is eating
DBG_EAT: id=1 time_last_meal=2605
DBG_EAT2: id=1 meals=11
2665 1 has put down the left fork
2665 1 has put down the right fork
2666 1 is sleeping
2668 2 is thinking
2668 2 has taken the left fork
2668 2 has taken the right fork
2668 2 is eating
DBG_EAT: id=2 time_last_meal=2668
DBG_EAT2: id=2 meals=11
2728 2 has put down the right fork
2728 2 has put down the left fork
2728 2 is sleeping
2866 1 is thinking
2866 1 has taken the right fork
2866 1 has taken the left fork
2866 1 is eating
DBG_EAT: id=1 time_last_meal=2866
DBG_EAT2: id=1 meals=12
2926 1 has put down the left fork
2926 1 has put down the right fork
2926 1 is sleeping
2929 2 is thinking
2929 2 has taken the left fork
2929 2 has taken the right fork
2929 2 is eating
DBG_EAT: id=2 time_last_meal=2929
DBG_EAT2: id=2 meals=12
2989 2 has put down the right fork
2989 2 has put down the left fork
2989 2 is sleeping
3126 1 is thinking
3126 1 has taken the right fork
3126 1 has taken the left fork
3126 1 is eating
DBG_EAT: id=1 time_last_meal=3126
DBG_EAT2: id=1 meals=13
3186 1 has put down the left fork
3186 1 has put down the right fork
3186 1 is sleeping
3189 2 is thinking
3190 2 has taken the left fork
3190 2 has taken the right fork
3190 2 is eating
DBG_EAT: id=2 time_last_meal=3190
DBG_EAT2: id=2 meals=13
3250 2 has put down the right fork
3250 2 has put down the left fork
3250 2 is sleeping
3386 1 is thinking
3386 1 has taken the right fork
3386 1 has taken the left fork
3386 1 is eating
DBG_EAT: id=1 time_last_meal=3386
DBG_EAT2: id=1 meals=14
3447 1 has put down the left fork
3447 1 has put down the right fork
3447 1 is sleeping
3450 2 is thinking
3450 2 has taken the left fork
3450 2 has taken the right fork
3450 2 is eating
DBG_EAT: id=2 time_last_meal=3450
DBG_EAT2: id=2 meals=14
3511 2 has put down the right fork
3511 2 has put down the left fork
3511 2 is sleeping
3647 1 is thinking
3647 1 has taken the right fork
3647 1 has taken the left fork
3647 1 is eating
DBG_EAT: id=1 time_last_meal=3647
DBG_EAT2: id=1 meals=15
3707 1 has put down the left fork
3707 1 has put down the right fork
3707 1 is sleeping
3711 2 is thinking
3711 2 has taken the left fork
3711 2 has taken the right fork
3711 2 is eating
DBG_EAT: id=2 time_last_meal=3711
DBG_EAT2: id=2 meals=15
3771 2 has put down the right fork
3771 2 has put down the left fork
3771 2 is sleeping
3907 1 is thinking
3907 1 has taken the right fork
3907 1 has taken the left fork
3907 1 is eating
DBG_EAT: id=1 time_last_meal=3907
DBG_EAT2: id=1 meals=16
3967 1 has put down the left fork
3967 1 has put down the right fork
3968 1 is sleeping
3971 2 is thinking
3971 2 has taken the left fork
3971 2 has taken the right fork
3971 2 is eating
DBG_EAT: id=2 time_last_meal=3971
DBG_EAT2: id=2 meals=16
4032 2 has put down the right fork
4032 2 has put down the left fork
4032 2 is sleeping
4168 1 is thinking
4168 1 has taken the right fork
4168 1 has taken the left fork
4168 1 is eating
DBG_EAT: id=1 time_last_meal=4168
DBG_EAT2: id=1 meals=17
4228 1 has put down the left fork
4228 1 has put down the right fork
4228 1 is sleeping
4232 2 is thinking
4232 2 has taken the left fork
4232 2 has t