DBG_INIT: meal_mutex init for philo 1
DBG_INIT: meal_mutex init for philo 2
DBG: init philo[1].time_last_meal=0
DBG: init philo[2].time_last_meal=0
0 1 has taken the right fork
0 1 has taken the left fork
0 1 is eating
DBG_EAT: id=1 time_last_meal=0
DBG: start_time=1758403148268
DBG_EAT2: id=1 meals=1
200 1 has put down the left fork
200 1 has put down the right fork
200 1 is sleeping
200 2 has taken the left fork
200 2 has taken the right fork
200 2 is eating
DBG_EAT: id=2 time_last_meal=200
300 1 is thinking
DBG_EAT2: id=2 meals=1
400 2 has put down the right fork
400 2 has put down the left fork
401 2 is sleeping
401 1 has taken the right fork
401 1 has taken the left fork
401 1 is eating
DBG_EAT: id=1 time_last_meal=401
501 2 is thinking
DBG_EAT2: id=1 meals=2
601 1 has put down the left fork
601 1 has put down the right fork
601 1 is sleeping
601 2 has taken the left fork
601 2 has taken the right fork
601 2 is eating
DBG_EAT: id=2 time_last_meal=601
701 1 is thinking
DBG_EAT2: id=2 meals=2
801 2 has put down the right fork
801 2 has put down the left fork
801 2 is sleeping
801 1 has taken the right fork
801 1 has taken the left fork
801 1 is eating
DBG_EAT: id=1 time_last_meal=801
901 2 is thinking
DBG_EAT2: id=1 meals=3
1002 1 has put down the left fork
1002 1 has put down the right fork
1002 1 is sleeping
1002 2 has taken the left fork
1002 2 has taken the right fork
1002 2 is eating
DBG_EAT: id=2 time_last_meal=1002
1102 1 is thinking
DBG_EAT2: id=2 meals=3
1202 2 has put down the right fork
1202 2 has put down the left fork
1202 2 is sleeping
1202 1 has taken the right fork
1202 1 has taken the left fork
1202 1 is eating
DBG_EAT: id=1 time_last_meal=1202
1302 2 is thinking
DBG_EAT2: id=1 meals=4
1402 1 has put down the left fork
1402 1 has put down the right fork
1402 2 has taken the left fork
1402 2 has taken the right fork
1402 2 is eating
1402 1 is sleeping
DBG_EAT: id=2 time_last_meal=1402
1503 1 is thinking
DBG_EAT2: id=2 meals=4
1603 2 has put down the right fork
1603 2 has put down the left fork
1603 2 is sleeping
1603 1 has taken the right fork
1603 1 has taken the left fork
1603 1 is eating
DBG_EAT: id=1 time_last_meal=1603
1703 2 is thinking
DBG_EAT2: id=1 meals=5
1803 1 has put down the left fork
1803 1 has put down the right fork
1803 1 is sleeping
1803 2 has taken the left fork
1803 2 has taken the right fork
1803 2 is eating
DBG_EAT: id=2 time_last_meal=1803
1903 1 is thinking
DBG_EAT2: id=2 meals=5
2004 2 has put down the right fork
2004 2 has put down the left fork
2004 2 is sleeping
2004 1 has taken the right fork
2004 1 has taken the left fork
2004 1 is eating
DBG_EAT: id=1 time_last_meal=2004
2104 2 is thinking
DBG_EAT2: id=1 meals=6
2204 1 has put down the left fork
2204 1 has put down the right fork
2204 1 is sleeping
2204 2 has taken the left fork
2204 2 has taken the right fork
2204 2 is eating
DBG_EAT: id=2 time_last_meal=2204
2304 1 is thinking
DBG_EAT2: id=2 meals=6
2404 2 has put down the right fork
2404 2 has put down the left fork
2404 2 is sleeping
2404 1 has taken the right fork
2404 1 has taken the left fork
2404 1 is eating
DBG_EAT: id=1 time_last_meal=2404
2504 2 is thinking
DBG_EAT2: id=1 meals=7
2605 1 has put down the left fork
2605 1 has put down the right fork
2605 1 is sleeping
2605 2 has taken the left fork
2605 2 has taken the right fork
2605 2 is eating
DBG_EAT: id=2 time_last_meal=2605
2705 1 is thinking
DBG_EAT2: id=2 meals=7
2805 2 has put down the right fork
2805 2 has put down the left fork
2805 2 is sleeping
2805 1 has taken the right fork
2805 1 has taken the left fork
2805 1 is eating
DBG_EAT: id=1 time_last_meal=2805
2905 2 is thinking
DBG_EAT2: id=1 meals=8
3005 1 has put down the left fork
3005 1 has put down the right fork
3005 1 is sleeping
3006 2 has taken the left fork
3006 2 has taken the right fork
3006 2 is eating
DBG_EAT: id=2 time_last_meal=3006
3106 1 is thinking
DBG_EAT2: id=2 meals=8
3206 2 has put down the right fork
3206 2 has put down the left fork
3206 2 is sleeping
3206 1 has taken the right fork
3206 1 has taken the left fork
3206 1 is eati