DBG_INIT: meal_mutex init for philo 1
DBG_INIT: meal_mutex init for philo 2
DBG_INIT: meal_mutex init for philo 3
DBG: init philo[1].time_last_meal=0
DBG: init philo[2].time_last_meal=0
DBG: init philo[3].time_last_meal=0
1 1 has taken the right fork
1 1 has taken the left fork
1 1 is eating
DBG_EAT: id=1 time_last_meal=1
1 3 has taken the right fork
DBG: start_time=1758386412352
DBG_EAT2: id=1 meals=1
101 1 has put down the left fork
101 1 has put down the right fork
101 1 is sleeping
101 3 has taken the left fork
101 3 is eating
DBG_EAT: id=3 time_last_meal=101
161 1 is thinking
DBG_EAT2: id=3 meals=1
201 3 has put down the left fork
201 3 has put down the right fork
201 1 has taken the right fork
201 1 has taken the left fork
201 1 is eating
DBG_EAT: id=1 time_last_meal=201
201 3 is sleeping
201 2 has taken the left fork
261 3 is thinking
DBG_EAT2: id=1 meals=2
302 1 has put down the left fork
302 1 has put down the right fork
302 1 is sleeping
302 2 has taken the right fork
302 2 is eating
DBG_EAT: id=2 time_last_meal=302
362 1 is thinking
362 1 has taken the right fork
DBG_EAT2: id=2 meals=1
402 2 has put down the right fork
402 2 has put down the left fork
402 2 is sleeping
402 1 has taken the left fork
402 1 is eating
DBG_EAT: id=1 time_last_meal=402
402 3 has taken the right fork
462 2 is thinking
DBG_EAT2: id=1 meals=3
502 1 has put down the left fork
502 1 has put down the right fork
503 1 is sleeping
503 3 has taken the left fork
503 3 is eating
DBG_EAT: id=3 time_last_meal=503
563 1 is thinking
DBG_EAT2: id=3 meals=2
603 3 has put down the left fork
603 3 has put down the right fork
603 1 has taken the right fork
603 1 has taken the left fork
603 1 is eating
DBG_EAT: id=1 time_last_meal=603
603 3 is sleeping
603 2 has taken the left fork
663 3 is thinking
DBG_EAT2: id=1 meals=4
703 1 has put down the left fork
703 1 has put down the right fork
703 1 is sleeping
703 2 has taken the right fork
703 2 is eating
DBG_EAT: id=2 time_last_meal=703
763 1 is thinking
763 1 has taken the right fork
DBG_EAT2: id=2 meals=2
803 2 has put down the right fork
804 2 has put down the left fork
804 1 has taken the left fork
804 1 is eating
DBG_EAT: id=1 time_last_meal=804
804 2 is sleeping
804 3 has taken the right fork
864 2 is thinking
DBG_EAT2: id=1 meals=5
904 1 has put down the left fork
904 1 has put down the right fork
904 1 is sleeping
904 3 has taken the left fork
904 3 is eating
DBG_EAT: id=3 time_last_meal=904
964 1 is thinking
DBG_EAT2: id=3 meals=3
1004 3 has put down the left fork
1004 3 has put down the right fork
1004 1 has taken the right fork
1004 3 is sleeping
1004 2 has taken the left fork
1004 1 has taken the left fork
1004 1 is eating
DBG_EAT: id=1 time_last_meal=1004
1064 3 is thinking
DBG_EAT2: id=1 meals=6
1104 1 has put down the left fork
1104 1 has put down the right fork
1104 1 is sleeping
1104 2 has taken the right fork
1104 2 is eating
DBG_EAT: id=2 time_last_meal=1104
1164 1 is thinking
1164 1 has taken the right fork
DBG_EAT2: id=2 meals=3
1205 2 has put down the right fork
1205 1 has taken the left fork
1205 1 is eating
DBG_EAT: id=1 time_last_meal=1205
1205 2 has put down the left fork
1205 2 is sleeping
1205 3 has taken the right fork
1265 2 is thinking
DBG_EAT2: id=1 meals=7
1305 1 has put down the left fork
1305 1 has put down the right fork
1305 3 has taken the left fork
1305 3 is eating
DBG_EAT: id=3 time_last_meal=1305
1305 1 is sleeping
1365 1 is thinking
DBG_EAT2: id=3 meals=4
1405 3 has put down the left fork
1405 3 has put down the right fork
1405 1 has taken the right fork
1405 1 has taken the left fork
1405 1 is eating
DBG_EAT: id=1 time_last_meal=1405
1405 3 is sleeping
1405 2 has taken the left fork
1465 3 is thinking
DBG_EAT2: id=1 meals=8
1505 1 has put down the left fork
1505 1 has put down the right fork
1505 2 has taken the right fork
1505 2 is eating
DBG_EAT: id=2 time_last_meal=1505
1505 1 is sleeping
1565 1 is thinking
1565 1 has taken the right fork
DBG_EAT2: id=2 meals=4
1605 2 has put down the right fork
1605 2 has put down the left fork
1605 1 has taken the left fork
1605 1 is eating
DBG_EAT: id=1 time_last_meal=1605
1605 2 is sleeping
1605 3 has taken the right fork
1665 2 is thinking
DBG_EAT2: id=1 meals=9
1705 1 has put down the left fork
1705 1 has put down the right fork
1705 3 has taken the left fork
1705 1 is sleeping
1705 3 is eating
DBG_EAT: id=3 time_last_meal=1705
1765 1 is thinking
DBG_EAT2: id=3 meals=5
1805 3 has put down the left fork
1805 1 has taken the right fork
1805 1 has taken the left fork
1805 1 is eating
DBG_EAT: id=1 time_last_meal=1805
1805 3 has put down the right fork
1805 3 is sleeping
1805 2 has taken the left fork
1866 3 is thinking
DBG_EAT2: id=1 meals=10
1906 1 has put down the left fork
1906 1 has put down the right fork
1906 1 is sleeping
1906 2 has taken the right fork
1906 2 is eating
DBG_EAT: id=2 time_last_meal=1906
1966 1 is thinking
1966 1 has taken the right fork
DBG_EAT2: id=2 meals=5
2006 2 has put down the right fork
2006 2 has put down the left fork
2006 1 has taken the left fork
2006 1 is eating
DBG_EAT: id=1 time_last_meal=2006
2006 2 is sleeping
2006 3 has taken the right fork
2006 All philosophers ate enough
DBG_EAT2: id=1 meals=11
