DBG_INIT: meal_mutex init for philo 1
DBG_INIT: meal_mutex init for philo 2
DBG_INIT: meal_mutex init for philo 3
DBG: init philo[1].time_last_meal=0
DBG: init philo[2].time_last_meal=0
DBG: init philo[3].time_last_meal=0
0 1 has taken the right fork
0 1 has taken the left fork
0 1 is eating
DBG_EAT: id=1 time_last_meal=0
DBG: start_time=1758386419465
0 3 has taken the right fork
DBG_EAT2: id=1 meals=1
100 1 has put down the left fork
100 1 has put down the right fork
100 1 is sleeping
100 3 has taken the left fork
100 3 is eating
DBG_EAT: id=3 time_last_meal=100
201 1 is thinking
DBG_EAT2: id=3 meals=1
201 3 has put down the left fork
201 1 has taken the right fork
201 1 has taken the left fork
201 1 is eating
DBG_EAT: id=1 time_last_meal=201
201 3 has put down the right fork
201 3 is sleeping
201 2 has taken the left fork
DBG_EAT2: id=1 meals=2
301 3 is thinking
301 1 has put down the left fork
301 1 has put down the right fork
301 2 has taken the right fork
301 2 is eating
DBG_EAT: id=2 time_last_meal=301
301 1 is sleeping
DBG_EAT2: id=2 meals=1
401 1 is thinking
401 1 has taken the right fork
401 1 has taken the left fork
401 1 is eating
DBG_EAT: id=1 time_last_meal=401
401 2 has put down the right fork
401 2 has put down the left fork
401 3 has taken the right fork
401 2 is sleeping
DBG_EAT2: id=1 meals=3
501 1 has put down the left fork
501 1 has put down the right fork
501 2 is thinking
501 1 is sleeping
501 3 has taken the left fork
501 3 is eating
DBG_EAT: id=3 time_last_meal=501
601 1 is thinking
DBG_EAT2: id=3 meals=2
601 3 has put down the left fork
601 1 has taken the right fork
601 1 has taken the left fork
601 1 is eating
DBG_EAT: id=1 time_last_meal=601
601 3 has put down the right fork
601 3 is sleeping
601 2 has taken the left fork
DBG_EAT2: id=1 meals=4
701 3 is thinking
701 1 has put down the left fork
701 1 has put down the right fork
701 1 is sleeping
701 2 has taken the right fork
701 2 is eating
DBG_EAT: id=2 time_last_meal=701
DBG_EAT2: id=2 meals=2
801 2 has put down the right fork
801 1 is thinking
801 1 has taken the right fork
801 1 has taken the left fork
801 1 is eating
DBG_EAT: id=1 time_last_meal=801
802 2 has put down the left fork
802 2 is sleeping
802 3 has taken the right fork
802 All philosophers ate enough
DBG_EAT2: id=1 meals=5
