DBG_INIT: meal_mutex init for philo 1
DBG_INIT: meal_mutex init for philo 2
DBG: init philo[1].time_last_meal=0
DBG: init philo[2].time_last_meal=0
1 1 has taken the right fork
1 1 has taken the left fork
1 1 is eating
DBG_EAT: id=1 time_last_meal=1
DBG: start_time=1758403276503
DBG_EAT2: id=1 meals=1
101 1 has put down the left fork
101 1 has put down the right fork
101 1 is sleeping
101 2 has taken the left fork
101 2 has taken the right fork
101 2 is eating
DBG_EAT: id=2 time_last_meal=101
DBG_EAT2: id=2 meals=1
201 2 has put down the right fork
201 2 has put down the left fork
201 2 is sleeping
301 1 is thinking
301 1 has taken the right fork
301 1 has taken the left fork
301 1 is eating
DBG_EAT: id=1 time_last_meal=301
DBG_EAT2: id=1 meals=2
401 1 has put down the left fork
401 1 has put down the right fork
401 1 is sleeping
401 2 is thinking
402 2 has taken the left fork
402 2 has taken the right fork
402 2 is eating
DBG_EAT: id=2 time_last_meal=402
DBG_EAT2: id=2 meals=2
502 2 has put down the right fork
502 2 has put down the left fork
502 2 is sleeping
601 1 is thinking
601 1 has taken the right fork
601 1 has taken the left fork
601 1 is eating
DBG_EAT: id=1 time_last_meal=601
DBG_EAT2: id=1 meals=3
702 1 has put down the left fork
702 1 has put down the right fork
702 1 is sleeping
702 2 is thinking
702 2 has taken the left fork
702 2 has taken the right fork
702 2 is eating
DBG_EAT: id=2 time_last_meal=702
DBG_EAT2: id=2 meals=3
803 2 has put down the right fork
803 2 has put down the left fork
803 2 is sleeping
902 1 is thinking
902 1 has taken the right fork
902 1 has taken the left fork
902 1 is eating
DBG_EAT: id=1 time_last_meal=902
DBG_EAT2: id=1 meals=4
1002 1 has put down the left fork
1002 1 has put down the right fork
1002 1 is sleeping
1003 2 is thinking
1003 2 has taken the left fork
1003 2 has taken the right fork
1003 2 is eating
DBG_EAT: id=2 time_last_meal=1003
DBG_EAT2: id=2 meals=4
1103 2 has put down the right fork
1103 2 has put down the left fork
1103 2 is sleeping
1202 1 is thinking
1202 1 has taken the right fork
1202 1 has taken the left fork
1202 1 is eating
DBG_EAT: id=1 time_last_meal=1202
DBG_EAT2: id=1 meals=5
1302 1 has put down the left fork
1302 1 has put down the right fork
1303 1 is sleeping
1303 2 is thinking
1304 2 has taken the left fork
1304 2 has taken the right fork
1304 2 is eating
DBG_EAT: id=2 time_last_meal=1304
DBG_EAT2: id=2 meals=5
1404 2 has put down the right fork
1404 2 has put down the left fork
1404 2 is sleeping
1503 1 is thinking
1503 1 has taken the right fork
1503 1 has taken the left fork
1503 1 is eating
DBG_EAT: id=1 time_last_meal=1503
DBG_EAT2: id=1 meals=6
1603 1 has put down the left fork
1603 1 has put down the right fork
1603 1 is sleeping
1604 2 is thinking
1604 2 has taken the left fork
1604 2 has taken the right fork
1604 2 is eating
DBG_EAT: id=2 time_last_meal=1604
DBG_EAT2: id=2 meals=6
1705 2 has put down the right fork
1705 2 has put down the left fork
1705 2 is sleeping
1803 1 is thinking
1803 1 has taken the right fork
1803 1 has taken the left fork
1803 1 is eating
DBG_EAT: id=1 time_last_meal=1803
DBG_EAT2: id=1 meals=7
1903 1 has put down the left fork
1903 1 has put down the right fork
1903 1 is sleeping
1905 2 is thinking
1905 2 has taken the left fork
1905 2 has taken the right fork
1905 2 is eating
DBG_EAT: id=2 time_last_meal=1905
DBG_EAT2: id=2 meals=7
2005 2 has put down the right fork
2005 2 has put down the left fork
2005 2 is sleeping
2103 1 is thinking
2103 1 has taken the right fork
2103 1 has taken the left fork
2103 1 is eating
DBG_EAT: id=1 time_last_meal=2103
DBG_EAT2: id=1 meals=8
2204 1 has put down the left fork
2204 1 has put down the right fork
2204 1 is sleeping
2206 2 is thinking
2206 2 has taken the left fork
2206 2 has taken the right fork
2206 2 is eating
DBG_EAT: id=2 time_last_meal=2206
DBG_EAT2: id=2 meals=8
2306 2 has put down the right fork
2306 2 has put down the left fork
2306 2 is sleeping
2404 1 is thinking
2404 1 has taken the right fork
2404 1 has taken the left fork
2404 1 is eating
DBG_EAT: id=1 time_last_meal=2404
DBG_EAT2: id=1 meals=9
2504 1 has put down the left fork
2504 1 has put down the right fork
2504 1 is sleeping
2506 2 is thinking
2506 2 has taken the left fork
2506 2 has taken the right fork
2506 2 is eating
DBG_EAT: id=2 time_last_meal=2506
DBG_EAT2: id=2 meals=9
2607 2 has put down the right fork
2607 2 has put down the left fork
2607 2 is sleeping
2704 1 is thinking
2704 1 has taken the right fork
2704 1 has taken the left fork
2704 1 is eating
DBG_EAT: id=1 time_last_meal=2704
DBG_EAT2: id=1 meals=10
2805 1 has put down the left fork
2805 1 has put down the right fork
2805 1 is sleeping
2807 2 is thinking
2807 2 has taken the left fork
2807 2 has taken the right fork
2807 2 is eating
DBG_EAT: id=2 time_last_meal=2807
DBG_EAT2: id=2 meals=10
2908 2 has put down the right fork
2908 2 has put down the left fork
2908 2 is sleeping
3005 1 is thinking
3005 1 has taken the right fork
3005 1 has taken the left fork
3005 1 is eating
DBG_EAT: id=1 time_last_meal=3005
DBG_EAT2: id=1 meals=11
3105 1 has put down the left fork
3105 1 has put down the right fork
3105 1 is sleeping
3108 2 is thinking
3108 2 has taken the left fork
3108 2 has taken the right fork
3108 2 is eating
DBG_EAT: id=2 time_last_meal=3108
DBG_EAT2: id=2 meals=11
3208 2 has put down the right fork
3208 2 has put down the left fork
3209 2 is sleeping
3305 1 is thinking
3305 1 has taken the right fork
3305 1 has taken the left fork
3305 1 is eating
DBG_EAT: id=1 time_last_meal=3305
DBG_EAT2: id=1 meals=12
3406 1 has put down the left fork
3406 1 has put down the right fork
3406 1 is sleeping
3409 2 is thinking
3409 2 has taken the left fork
3409 2 has taken the right fork
3409 2 is eating
DBG_EAT: id=2 time_last_meal=3409
DBG_EAT2: id=2 meals=12
3509 2 has put down the right fork
3509 2 has put down the left fork
3509 2 is sleeping
3606 1 is thinking
3606 1 has taken the right fork
3606 1 has taken the left fork
3606 1 is eating
DBG_EAT: id=1 time_last_meal=3606
DBG_EAT2: id=1 meals=13
3706 1 has put down the left fork
3706 1 has put down the right fork
3706 1 is sleeping
3709 2 is thinking
3709 2 has taken the left fork
3709 2 has taken the right fork
3709 2 is eating
DBG_EAT: id=2 time_last_meal=3709
DBG_EAT2: id=2 meals=13
3810 2 has put down the right fork
3810 2 has put down the left fork
3810 2 is sleeping
3906 1 is thinking
3906 1 has taken the right fork
3906 1 has taken the left fork
3906 1 is eating
DBG_EAT: id=1 time_last_meal=3906
DBG_EAT2: id=1 meals=14
4007 1 has put down the left fork
4007 1 has put down the right fork
4007 1 is sleeping
4010 2 is thinking
4010 2 has taken the left fork
4010 2 has taken the right fork
4010 2 is eating
DBG_EAT: id=2 time_last_meal=4010
DBG_EAT2: id=2 meals=14
4110 2 has put down the right fork
4110 2 has put down the left fork
4110 2 is sleeping
4207 1 is thinking
4207 1 has taken the right fork
4207 1 has taken the left fork
4207 1 is eating
DBG_EAT: id=1 time_last_meal=4207
DBG_EAT2: id=1 meals=15
4307 1 has put down the left fork
4307 1 has put down the right fork
4307 1 is sleeping
4310 2 is thinking
4310 2 has taken the left fork
4310 2 has taken the right fork
4310 2 is eating
DBG_EAT: id=2 time_last_meal=4310
DBG_EAT2: id=2 meals=15
4411 2 has put down the right fork
4411 2 has put down the left fork
4411 2 is sleeping
4507 1 is thinking
4507 1 has taken the right fork
4507 1 has taken the left fork
4507 1 is eating
DBG_EAT: id=1 time_last_meal=4507
DBG_EAT2: id=1 meals=16
4608 1 has put down the left fork
4608 1 has put down the right fork
4608 1 is sleeping
4611 2 is thinking
4611 2 has taken the left fork
4611 2 has taken the right fork
4611 2 is eating
DBG_EAT: id=2 time_last_meal=4611
DBG_EAT2: id=2 meals=16
4713 2 has put down the right fork
4713 2 has put down the left fork
4713 2 is sleeping
4809 1 is thinking
4809 1 has taken the right fork
4809 1 has taken the left fork
4809 1 is eating
DBG_EAT: id=1 time_last_meal=4809
DBG_EAT2: id=1 meals=17
4911 1 has put down the left fork
4911 1 has put down the right fork
4911 1 is sleeping
4914 2 is thinking
4915 2 has taken the left