DBG_INIT: meal_mutex init for philo 1
DBG_INIT: meal_mutex init for philo 2
DBG_INIT: meal_mutex init for philo 3
DBG: init philo[1].time_last_meal=0
DBG: init philo[2].time_last_meal=0
DBG: init philo[3].time_last_meal=0
0 1 has taken the right fork
0 1 has taken the left fork
0 1 is eating
DBG_EAT: id=1 time_last_meal=0
1 3 has taken the right fork
DBG: start_time=1758386471480
DBG_EAT2: id=1 meals=1
61 1 has put down the left fork
61 1 has put down the right fork
61 1 is sleeping
61 3 has taken the left fork
61 3 is eating
DBG_EAT: id=3 time_last_meal=61
DBG_EAT2: id=3 meals=1
121 3 has put down the left fork
121 3 has put down the right fork
121 2 has taken the left fork
121 2 has taken the right fork
121 2 is eating
DBG_EAT: id=2 time_last_meal=121
121 3 is sleeping
161 1 is thinking
161 1 has taken the right fork
DBG_EAT2: id=2 meals=1
181 2 has put down the right fork
181 2 has put down the left fork
181 2 is sleeping
181 1 has taken the left fork
181 1 is eating
DBG_EAT: id=1 time_last_meal=181
221 3 is thinking
221 3 has taken the right fork
DBG_EAT2: id=1 meals=2
241 1 has put down the left fork
241 1 has put down the right fork
241 1 is sleeping
241 3 has taken the left fork
241 3 is eating
DBG_EAT: id=3 time_last_meal=241
281 2 is thinking
DBG_EAT2: id=3 meals=2
301 3 has put down the left fork
301 3 has put down the right fork
301 3 is sleeping
301 2 has taken the left fork
301 2 has taken the right fork
301 2 is eating
DBG_EAT: id=2 time_last_meal=301
341 1 is thinking
341 1 has taken the right fork
DBG_EAT2: id=2 meals=2
361 2 has put down the right fork
361 2 has put down the left fork
361 2 is sleeping
361 1 has taken the left fork
361 1 is eating
DBG_EAT: id=1 time_last_meal=361
401 3 is thinking
401 3 has taken the right fork
DBG_EAT2: id=1 meals=3
421 1 has put down the left fork
421 1 has put down the right fork
421 1 is sleeping
421 3 has taken the left fork
421 3 is eating
DBG_EAT: id=3 time_last_meal=421
461 2 is thinking
DBG_EAT2: id=3 meals=3
481 3 has put down the left fork
482 3 has put down the right fork
482 3 is sleeping
482 2 has taken the left fork
482 2 has taken the right fork
482 2 is eating
DBG_EAT: id=2 time_last_meal=482
522 1 is thinking
522 1 has taken the right fork
DBG_EAT2: id=2 meals=3
542 2 has put down the right fork
542 2 has put down the left fork
542 2 is sleeping
542 1 has taken the left fork
542 1 is eating
DBG_EAT: id=1 time_last_meal=542
582 3 is thinking
582 3 has taken the right fork
DBG_EAT2: id=1 meals=4
602 1 has put down the left fork
602 1 has put down the right fork
602 1 is sleeping
602 3 has taken the left fork
602 3 is eating
DBG_EAT: id=3 time_last_meal=602
642 2 is thinking
DBG_EAT2: id=3 meals=4
662 3 has put down the left fork
662 3 has put down the right fork
662 3 is sleeping
662 2 has taken the left fork
662 2 has taken the right fork
662 2 is eating
DBG_EAT: id=2 time_last_meal=662
702 1 is thinking
702 1 has taken the right fork
DBG_EAT2: id=2 meals=4
722 2 has put down the right fork
722 2 has put down the left fork
722 2 is sleeping
722 1 has taken the left fork
722 1 is eating
DBG_EAT: id=1 time_last_meal=722
762 3 is thinking
762 3 has taken the right fork
DBG_EAT2: id=1 meals=5
782 1 has put down the left fork
782 1 has put down the right fork
782 1 is sleeping
782 3 has taken the left fork
782 3 is eating
DBG_EAT: id=3 time_last_meal=782
822 2 is thinking
DBG_EAT2: id=3 meals=5
842 3 has put down the left fork
842 3 has put down the right fork
842 3 is sleeping
842 2 has taken the left fork
842 2 has taken the right fork
842 2 is eating
DBG_EAT: id=2 time_last_meal=842
882 1 is thinking
882 1 has taken the right fork
DBG_EAT2: id=2 meals=5
903 2 has put down the right fork
903 2 has put down the left fork
903 2 is sleeping
903 1 has taken the left fork
903 1 is eating
DBG_EAT: id=1 time_last_meal=903
943 3 is thinking
943 3 has taken the right fork
DBG_EAT2: id=1 meals=6
963 1 has put down the left fork
963 1 has put down the right fork
963 1 is sleeping
963 3 has taken the left fork
963 3 is eating
DBG_EAT: id=3 time_last_meal=963
1003 2 is thinking
DBG_EAT2: id=3 meals=6
1023 3 has put down the left fork
1023 3 has put down the right fork
1023 3 is sleeping
1023 2 has taken the left fork
1023 2 has taken the right fork
1023 2 is eating
DBG_EAT: id=2 time_last_meal=1023
1063 1 is thinking
1063 1 has taken the right fork
DBG_EAT2: id=2 meals=6
1083 2 has put down the right fork
1083 2 has put down the left fork
1083 2 is sleeping
1083 1 has taken the left fork
1083 1 is eating
DBG_EAT: id=1 time_last_meal=1083
1123 3 is thinking
1123 3 has taken the right fork
DBG_EAT2: id=1 meals=7
1143 1 has put down the left fork
1143 1 has put down the right fork
1143 1 is sleeping
1143 3 has taken the left fork
1143 3 is eating
DBG_EAT: id=3 time_last_meal=1143
1183 2 is thinking
DBG_EAT2: id=3 meals=7
1203 3 has put down the left fork
1203 3 has put down the right fork
1203 3 is sleeping
1203 2 has taken the left fork
1203 2 has taken the right fork
1203 2 is eating
DBG_EAT: id=2 time_last_meal=1203
1243 1 is thinking
1243 1 has taken the right fork
DBG_EAT2: id=2 meals=7
1264 2 has put down the right fork
1264 2 has put down the left fork
1264 2 is sleeping
1264 1 has taken the left fork
1264 1 is eating
DBG_EAT: id=1 time_last_meal=1264
1303 3 is thinking
1303 3 has taken the right fork
DBG_EAT2: id=1 meals=8
1324 1 has put down the left fork
1324 1 has put down the right fork
1324 1 is sleeping
1324 3 has taken the left fork
1324 3 is eating
DBG_EAT: id=3 time_last_meal=1324
1364 2 is thinking
DBG_EAT2: id=3 meals=8
1384 3 has put down the left fork
1384 3 has put down the right fork
1384 3 is sleeping
1384 2 has taken the left fork
1384 2 has taken the right fork
1384 2 is eating
DBG_EAT: id=2 time_last_meal=1384
1424 1 is thinking
1424 1 has taken the right fork
DBG_EAT2: id=2 meals=8
1444 2 has put down the right fork
1444 2 has put down the left fork
1444 2 is sleeping
1444 1 has taken the left fork
1444 1 is eating
DBG_EAT: id=1 time_last_meal=1444
1484 3 is thinking
1484 3 has taken the right fork
DBG_EAT2: id=1 meals=9
1504 1 has put down the left fork
1504 1 has put down the right fork
1504 1 is sleeping
1504 3 has taken the left fork
1504 3 is eating
DBG_EAT: id=3 time_last_meal=1504
1544 2 is thinking
DBG_EAT2: id=3 meals=9
1564 3 has put down the left fork
1564 3 has put down the right fork
1564 3 is sleeping
1564 2 has taken the left fork
1564 2 has taken the right fork
1564 2 is eating
DBG_EAT: id=2 time_last_meal=1564
1604 1 is thinking
1604 1 has taken the right fork
DBG_EAT2: id=2 meals=9
1625 2 has put down the right fork
1625 2 has put down the left fork
1625 2 is sleeping
1625 1 has taken the left fork
1625 1 is eating
DBG_EAT: id=1 time_last_meal=1625
1665 3 is thinking
1665 3 has taken the right fork
DBG_EAT2: id=1 meals=10
1685 1 has put down the left fork
1685 1 has put down the right fork
1685 1 is sleeping
1685 3 has taken the left fork
1685 3 is eating
DBG_EAT: id=3 time_last_meal=1685
1725 2 is thinking
DBG_EAT2: id=3 meals=10
1745 3 has put down the left fork
1745 3 has put down the right fork
1745 3 is sleeping
1745 2 has taken the left fork
1745 2 has taken the right fork
1745 2 is eating
DBG_EAT: id=2 time_last_meal=1745
1785 1 is thinking
1785 1 has taken the right fork
DBG_EAT2: id=2 meals=10
1805 2 has put down the right fork
1805 2 has put down the left fork
1805 1 has taken the left fork
1805 1 is eating
DBG_EAT: id=1 time_last_meal=1805
1805 2 is sleeping
1845 3 is thinking
1845 3 has taken the right fork
DBG_EAT2: id=1 meals=11
1865 1 has put down the left fork
1865 1 has put down the right fork
1865 1 is sleeping
1865 3 has taken the left fork
1865 3 is eating
DBG_EAT: id=3 time_last_meal=1865
1905 2 is thinking
DBG_EAT2: id=3 meals=11
1925 3 has put down the left fork
1925 3 has put down the right fork
1925 3 is sleeping
1925 2 has taken the left fork
1925 2 has taken the right fork
1925 2 is eating
DBG_EAT: id=2 time_last_meal=1925
1965 1 is thinking
1965 1 has taken the right fork
DBG_EAT2: id=2 meals=11
1986 2 has put down the right fork
1986 2 has put down the left fork
1986 2 is sleeping
1986 1 has taken the left fork
1986 1 is eating
DBG_EAT: id=1 time_last_meal=1986
2026 3 is thinking
2026 3 has taken the right fork
DBG_EAT2: id=1 meals=12
2046 1 has put down the left fork
2046 1 has put down the right fork
2046 1 is sleeping
2046 3 has taken the left fork
2046 3 is eating
DBG_EAT: id=3 time_last_meal=2046
2086 2 is thinking
DBG_EAT2: id=3 meals=12
2106 3 has put down the left fork
2106 3 has put down the right fork
2106 3 is sleeping
2106 2 has taken the left fork
2106 2 has taken the right fork
2106 2 is eating
DBG_EAT: id=2 time_last_meal=2106
2146 1 is thinking
2146 1 has taken the right fork
DBG_EAT2: id=2 meals=12
2166 2 has put down the right fork
2166 2 has put down the left fork
2166 2 is sleeping
2166 1 has taken the left fork
2166 1 is eating
DBG_EAT: id=1 time_last_meal=2166
2206 3 is thinking
2206 3 has taken the right fork
DBG_EAT2: id=1 meals=13
2226 1 has put down the left fork
2226 1 has put down the right fork
2226 1 is sleeping
2226 3 has taken the left fork
2226 3 is eating
DBG_EAT: id=3 time_last_meal=2226
2266 2 is thinking
DBG_EAT2: id=3 meals=13
2286 3 has put down the left fork
2286 3 has put down the right fork
2286 3 is sleeping
2286 2 has taken the left fork
2286 2 has taken the right fork
2286 2 is eating
DBG_EAT: id=2 time_last_meal=2286
2326 1 is thinking
2326 1 has taken the right fork
DBG_EAT2: id=2 meals=13
2347 2 has put down the right fork
2347 2 has put down the left fork
2347 2 is sleeping
2347 1 has taken the left fork
2347 1 is eating
DBG_EAT: id=1 time_last_meal=2347
2387 3 is thinking
2387 3 has taken the right fork
DBG_EAT2: id=1 meals=14
2407 1 has put down the left fork
2407 1 has put down the right fork
2407 1 is sleeping
2407 3 has taken the left fork
2407 3 is eating
DBG_EAT: id=3 time_last_meal=2407
2447 2 is thinking
DBG_EAT2: id=3 meals=14
2467 3 has put down the left fork
2467 3 has put down the right fork
2467 3 is sleeping
2467 2 has taken the left fork
2467 2 has taken the right fork
2467 2 is eating
DBG_EAT: id=2 time_last_meal=2467
2507 1 is thinking
2507 1 has taken the right fork
DBG_EAT2: id=2 meals=14
2527 2 has put down the right fork
2527 2 has put down the left fork
2527 2 is sleeping
2527 1 has taken the left fork
2527 1 is eating
DBG_EAT: id=1 time_last_meal=2527
2567 3 is thinking
2567 3 has taken the right fork
DBG_EAT2: id=1 meals=15
2587 1 has put down the left fork
2587 1 has put down the right fork
2587 1 is sleeping
2587 3 has taken the left fork
2587 3 is eating
DBG_EAT: id=3 time_last_meal=2587
2627 2 is thinking
DBG_EAT2: id=3 meals=15
2647 3 has put down the left fork
2647 3 has put down the right fork
2647 3 is sleeping
2647 2 has taken the left fork
2647 2 has taken the right fork
2647 2 is eating
DBG_EAT: id=2 time_last_meal=2647
2687 1 is thinking
2687 1 has taken the right fork
DBG_EAT2: id=2 meals=15
2708 2 has put down the right fork
2708 2 has put down the left fork
2708 2 is sleeping
2708 1 has taken the left fork
2708 1 is eating
DBG_EAT: id=1 time_last_meal=2708
2748 3 is thinking
2748 3 has taken the right fork
DBG_EAT2: id=1 meals=16
2768 1 has put down the left fork
2768 1 has put down the right fork
2768 1 is sleeping
2768 3 has taken the left fork
2768 3 is eating
DBG_EAT: id=3 time_last_meal=2768
2808 2 is thinking
DBG_EAT2: id=3 meals=16
2828 3 has put down the left fork
2828 3 has put down the right fork
2828 3 is sleeping
2828 2 has taken the left fork
2828 2 has taken the right fork
2828 2 is eating
DBG_EAT: id=2 time_last_meal=2828
2868 1 is thinking
2868 1 has taken the right fork
DBG_EAT2: id=2 meals=16
2888 2 has put down the right fork
2888 2 has put down the left fork
2888 2 is sleeping
2888 1 has taken the left fork
2888 1 is eating
DBG_EAT: id=1 time_last_meal=2888
2928 3 is thinking
2928 3 has taken the right fork
DBG_EAT2: id=1 meals=17
2948 1 has put down the left fork
2948 1 has put down the right fork
2948 1 is sleeping
2948 3 has taken the left fork
2948 3 is eating
DBG_EAT: id=3 time_last_meal=2948
2988 2 is thinking
DBG_EAT2: id=3 meals=17
3008 3 has put down the left fork
3008 3 has put down the right fork
3008 3 is sleeping
3008 2 has taken the left fork
3008 2 has taken the right fork
3008 2 is eating
DBG_EAT: id=2 time_last_meal=3008
3048 1 is thinking
3048 1 has taken the right fork
DBG_EAT2: id=2 meals=17
3069 2 has put down the right fork
3069 2 has put down the left fork
3069 2 is sleeping
3069 1 has taken the left fork
3069 1 is eating
DBG_EAT: id=1 time_last_meal=3069
3109 3 is thinking
3109 3 has taken the right fork
DBG_EAT2: id=1 meals=18
3129 1 has put down the left fork
3129 1 has put down the right fork
3129 1 is sleeping
3129 3 has taken the left fork
3129 3 is eating
DBG_EAT: id=3 time_last_meal=3129
3169 2 is thinking
DBG_EAT2: id=3 meals=18
3189 3 has put down the left fork
3189 3 has put down the right fork
3189 3 is sleeping
3189 2 has taken the left fork
3189 2 has taken the right fork
3189 2 is eating
DBG_EAT: id=2 time_last_meal=3189
3229 1 is thinking
3229 1 has taken the right fork
DBG_EAT2: id=2 meals=18
3249 2 has put down the right fork
3249 2 has put down the left fork
3249 2 is sleeping
3249 1 has taken the left fork
3249 1 is eating
DBG_EAT: id=1 time_last_meal=3249
3289 3 is thinking
3289 3 has taken the right fork
DBG_EAT2: id=1 meals=19
3309 1 has put down the left fork
3309 1 has put down the right fork
3309 1 is sleeping
3309 3 has taken the left fork
3309 3 is eating
DBG_EAT: id=3 time_last_meal=3309
3349 2 is thinking
DBG_EAT2: id=3 meals=19
3369 3 has put down the left fork
3369 3 has put down the right fork
3369 3 is sleeping
3369 2 has taken the left fork
3369 2 has taken the right fork
3369 2 is eating
DBG_EAT: id=2 time_last_meal=3369
3409 1 is thinking
3409 1 has taken the right fork
DBG_EAT2: id=2 meals=19
3429 2 has put down the right fork
3429 2 has put down the left fork
3429 2 is sleeping
3429 1 has taken the left fork
3430 1 is eating
DBG_EAT: id=1 time_last_meal=3430
3469 3 is thinking
3469 3 has taken the right fork
DBG_EAT2: id=1 meals=20
3490 1 has put down the left fork
3490 1 has put down the right fork
3490 1 is sleeping
3490 3 has taken the left fork
3490 3 is eating
DBG_EAT: id=3 time_last_meal=3490
3530 2 is thinking
DBG_EAT2: id=3 meals=20
3550 3 has put down the left fork
3550 3 has put down the right fork
3550 2 has taken the left fork
3550 2 has taken the right fork
3550 2 is eating
DBG_EAT: id=2 time_last_meal=3550
3550 3 is sleeping
3590 1 is thinking
3590 1 has taken the right fork
DBG_EAT2: id=2 meals=20
3610 2 has put down the right fork
3610 2 has put down the left fork
3610 2 is sleeping
3610 1 has taken the left fork
3610 1 is eating
DBG_EAT: id=1 time_last_meal=3610
3650 3 is thinking
3650 3 has taken the right fork
DBG_EAT2: id=1 meals=21
3670 1 has put down the left fork
3670 1 has put down the right fork
3670 1 is sleeping
3670 3 has taken the left fork
3670 3 is eating
DBG_EAT: id=3 time_last_meal=3670
3710 2 is thinking
DBG_EAT2: id=3 meals=21
3730 3 has put down the left fork
3730 3 has put down the right fork
3730 3 is sleeping
3730 2 has taken the left fork
3730 2 has taken the right fork
3730 2 is eating
DBG_EAT: id=2 time_last_meal=3730
3770 1 is thinking
3770 1 has taken the right fork
DBG_EAT2: id=2 meals=21
3790 2 has put down the right fork
3790 2 has put down the left fork
3790 2 is sleeping
3790 1 has taken the left fork
3790 1 is eating
DBG_EAT: id=1 time_last_meal=3790
3830 3 is thinking
3830 3 has taken the right fork
DBG_EAT2: id=1 meals=22
3850 1 has put down the left fork
3850 1 has put down the right fork
3851 1 is sleeping
3851 3 has taken the left fork
3851 3 is eating
DBG_EAT: id=3 time_last_meal=3851
3890 2 is thinking
DBG_EAT2: id=3 meals=22
3911 3 has put down the left fork
3911 3 has put down the right fork
3911 3 is sleeping
3911 2 has taken the left fork
3911 2 has taken the right fork
3911 2 is eating
DBG_EAT: id=2 time_last_meal=3911
3951 1 is thinking
3951 1 has taken the right fork
DBG_EAT2: id=2 meals=22
3971 2 has put down the right fork
3971 2 has put down the left fork
3971 2 is sleeping
3971 1 has taken the left fork
3971 1 is eating
DBG_EAT: id=1 time_last_meal=3971
4011 3 is thinking
4011 3 has taken the right fork
DBG_EAT2: id=1 meals=23
4031 1 has put down the left fork
4031 1 has put down the right fork
4031 1 is sleeping
4031 3 has taken the left fork
4031 3 is eating
DBG_EAT: id=3 time_last_meal=4031
4071 2 is thinking
DBG_EAT2: id=3 meals=23
4091 3 has put down the left fork
4091 3 has put down the right fork
4091 3 is sleeping
4091 2 has taken the left fork
4091 2 has taken the right fork
4091 2 is eating
DBG_EAT: id=2 time_last_meal=4091
4131 1 is thinking
4131 1 has taken the right fork
DBG_EAT2: id=2 meals=23
4151 2 has put down the right fork
4151 2 has put down the left fork
4151 2 is sleeping
4151 1 has taken the left fork
4151 1 is eating
DBG_EAT: id=1 time_last_meal=4151
4191 3 is thinking
4191 3 has taken the right fork
DBG_EAT2: id=1 meals=24
4211 1 has put down the left fork
4211 1 has put down the right fork
4211 1 is sleeping
4211 3 has taken the left fork
4211 3 is eating
DBG_EAT: id=3 time_last_meal=4211
4251 2 is thinking
DBG_EAT2: id=3 meals=24
4272 3 has put down the left fork
4272 3 has put down the right fork
4272 3 is sleeping
4272 2 has taken the left fork
4272 2 has taken the right fork
4272 2 is eating
DBG_EAT: id=2 time_last_meal=4272
4312 1 is thinking
4312 1 has taken the right fork
DBG_EAT2: id=2 meals=24
4332 2 has put down the right fork
4332 2 has put down the left fork
4332 2 is sleeping
4332 1 has taken the left fork
4332 1 is eating
DBG_EAT: id=1 time_last_meal=4332
4372 3 is thinking
4372 3 has taken the right fork
DBG_EAT2: id=1 meals=25
4392 1 has put down the left fork
4392 1 has put down the right fork
4392 1 is sleeping
4392 3 has taken the left fork
4392 3 is eating
DBG_EAT: id=3 time_last_meal=4392
4432 2 is thinking
DBG_EAT2: id=3 meals=25
4452 3 has put down the left fork
4452 3 has put down the right fork
4452 3 is sleeping
4452 2 has taken the left fork
4452 2 has taken the right fork
4452 2 is eating
DBG_EAT: id=2 time_last_meal=4452
4492 1 is thinking
4492 1 has taken the right fork
DBG_EAT2: id=2 meals=25
4512 2 has put down the right fork
4512 2 has put down the left fork
4512 2 is sleeping
4512 1 has taken the left fork
4512 1 is eating
DBG_EAT: id=1 time_last_meal=4512
4552 3 is thinking
4552 3 has taken the right fork
DBG_EAT2: id=1 meals=26
4572 1 has put down the left fork
4572 1 has put down the right fork
4572 1 is sleeping
4572 3 has taken the left fork
4572 3 is eating
DBG_EAT: id=3 time_last_meal=4572
4612 2 is thinking
DBG_EAT2: id=3 meals=26
4632 3 has put down the left fork
4633 3 has put down the right fork
4633 3 is sleeping
4633 2 has taken the left fork
4633 2 has taken the right fork
4633 2 is eating
DBG_EAT: id=2 time_last_meal=4633
4672 1 is thinking
4672 1 has taken the right fork
DBG_EAT2: id=2 meals=26
4693 2 has put down the right fork
4693 2 has put down the left fork
4693 2 is sleeping
4693 1 has taken the left fork
4693 1 is eating
DBG_EAT: id=1 time_last_meal=4693
4733 3 is thinking
4733 3 has taken the right fork
DBG_EAT2: id=1 meals=27
4753 1 has put down the left fork
4753 1 has put down the right fork
4753 1 is sleeping
4753 3 has taken the left fork
4753 3 is eating
DBG_EAT: id=3 time_last_meal=4753
4793 2 is thinking
DBG_EAT2: id=3 meals=27
4813 3 has put down the left fork
4813 3 has put down the right fork
4813 3 is sleeping
4813 2 has taken the left fork
4813 2 has taken the right fork
4813 2 is eating
DBG_EAT: id=2 time_last_meal=4813
4853 1 is thinking
4853 1 has taken the right fork
DBG_EAT2: id=2 meals=27
4873 2 has put down the right fork
4873 2 has put down the left fork
4873 2 is sleeping
4873 1 has taken the left fork
4873 1 is eating
DBG_EAT: id=1 time_last_meal=4873
4913 3 is thinking
4913 3 has taken the right fork
DBG_EAT2: id=1 meals=28
4933 1 has put down the left fork
4933 1 has put down the right fork
4933 1 is sleeping
4933 3 has taken the left fork
4933 3 is eating
DBG_EAT: id=3 time_last_meal=4933
4973 2 is thinking
DBG_EAT2: id=3 meals=28
4993 3 has put down the left fork
4993 3 has put down the right fork
4993 3 is sleeping
4993 2 has taken the left fork
4993 2 has taken the right fork
4993 2 is eating
DBG_EAT: id=2 time_last_