DBG_INIT: meal_mutex init for philo 1
DBG_INIT: meal_mutex init for philo 2
DBG_INIT: meal_mutex init for philo 3
DBG: init philo[1].time_last_meal=0
DBG: init philo[2].time_last_meal=0
DBG: init philo[3].time_last_meal=0
1 1 has taken the right fork
1 1 has taken the left fork
1 1 is eating
DBG_EAT: id=1 time_last_meal=1
1 3 has taken the right fork
DBG: start_time=1758403404577
DBG_EAT2: id=1 meals=1
201 1 has put down the left fork
201 1 has put down the right fork
201 1 is sleeping
201 3 has taken the left fork
201 3 is eating
DBG_EAT: id=3 time_last_meal=201
201 1 has died (last meal at 1)
DBG_EAT2: id=3 meals=1
