DBG_INIT: meal_mutex init for philo 1
DBG_INIT: meal_mutex init for philo 2
DBG_INIT: meal_mutex init for philo 3
DBG_INIT: meal_mutex init for philo 4
DBG_INIT: meal_mutex init for philo 5
DBG: init philo[1].time_last_meal=0
DBG: init philo[2].time_last_meal=0
DBG: init philo[3].time_last_meal=0
DBG: init philo[4].time_last_meal=0
DBG: init philo[5].time_last_meal=0
1 1 has taken the right fork
1 1 has taken the left fork
1 1 is eating
DBG_EAT: id=1 time_last_meal=1
1 3 has taken the right fork
1 3 has taken the left fork
1 3 is eating
DBG_EAT: id=3 time_last_meal=1
1 5 has taken the right fork
DBG: start_time=1758387674312
DBG_EAT2: id=1 meals=1
201 1 has put down the left fork
201 1 has put down the right fork
201 1 is sleeping
201 5 has taken the left fork
201 5 is eating
DBG_EAT: id=5 time_last_meal=201
DBG_EAT2: id=3 meals=1
201 3 has put down the left fork
201 3 has put down the right fork
201 2 has taken the left fork
201 2 has taken the right fork
201 2 is eating
DBG_EAT: id=2 time_last_meal=201
201 3 is sleeping
401 1 is thinking
DBG_EAT2: id=5 meals=1
401 5 has put down the left fork
401 5 has put down the right fork
DBG_EAT2: id=2 meals=1
401 2 has put down the right fork
401 1 has taken the right fork
401 1 has taken the left fork
401 2 has put down the left fork
401 1 is eating
401 2 is sleeping
401 5 is sleeping
401 3 is thinking
DBG_EAT: id=1 time_last_meal=401
402 3 has taken the right fork
402 3 has taken the left fork
402 3 is eating
DBG_EAT: id=3 time_last_meal=402
402 4 has taken the left fork
602 2 is thinking
602 5 is thinking
DBG_EAT2: id=3 meals=2
602 3 has put down the left fork
602 3 has put down the right fork
602 3 is sleeping
DBG_EAT2: id=1 meals=2
602 1 has put down the left fork
602 1 has put down the right fork
602 4 has taken the right fork
602 4 is eating
DBG_EAT: id=4 time_last_meal=602
602 2 has taken the left fork
602 2 has taken the right fork
602 2 is eating
DBG_EAT: id=2 time_last_meal=602
602 1 is sleeping
802 3 is thinking
DBG_EAT2: id=4 meals=1
802 4 has put down the right fork
DBG_EAT2: id=2 meals=2
802 2 has put down the right fork
802 1 is thinking
802 1 has taken the right fork
802 1 has taken the left fork
802 1 is eating
DBG_EAT: id=1 time_last_meal=802
802 4 has put down the left fork
802 4 is sleeping
802 2 has put down the left fork
802 3 has taken the right fork
802 3 has taken the left fork
802 3 is eating
DBG_EAT: id=3 time_last_meal=802
802 2 is sleeping
802 5 has taken the right fork
DBG_EAT2: id=1 meals=3
1002 4 is thinking
1002 1 has put down the left fork
DBG_EAT2: id=3 meals=3
1002 3 has put down the left fork
1002 3 has put down the right fork
1002 2 is thinking
1002 1 has put down the right fork
1002 1 is sleeping
1003 3 is sleeping
1003 5 has taken the left fork
1003 5 is eating
DBG_EAT: id=5 time_last_meal=1003
1003 4 has died (last meal at 602)
DBG_EAT2: id=5 meals=2
