DBG_INIT: meal_mutex init for philo 1
DBG_INIT: meal_mutex init for philo 2
DBG_INIT: meal_mutex init for philo 3
DBG_INIT: meal_mutex init for philo 4
DBG: init philo[1].time_last_meal=0
DBG: init philo[2].time_last_meal=0
DBG: init philo[3].time_last_meal=0
DBG: init philo[4].time_last_meal=0
1 1 has taken the right fork
1 1 has taken the left fork
1 1 is eating
DBG_EAT: id=1 time_last_meal=1
1 3 has taken the right fork
1 3 has taken the left fork
1 3 is eating
DBG_EAT: id=3 time_last_meal=1
DBG: start_time=1758387108821
DBG_EAT2: id=1 meals=1
101 1 has put down the left fork
101 1 has put down the right fork
101 1 is sleeping
101 4 has taken the left fork
DBG_EAT2: id=3 meals=1
101 3 has put down the left fork
101 3 has put down the right fork
101 4 has taken the right fork
101 4 is eating
DBG_EAT: id=4 time_last_meal=101
101 3 is sleeping
101 2 has taken the left fork
101 2 has taken the right fork
101 2 is eating
DBG_EAT: id=2 time_last_meal=101
161 1 is thinking
162 3 is thinking
DBG_EAT2: id=4 meals=1
202 4 has put down the right fork
DBG_EAT2: id=2 meals=1
202 2 has put down the right fork
202 4 has put down the left fork
202 2 has put down the left fork
202 2 is sleeping
202 4 is sleeping
202 3 has taken the right fork
202 3 has taken the left fork
202 3 is eating
DBG_EAT: id=3 time_last_meal=202
202 1 has taken the right fork
202 1 has taken the left fork
202 1 is eating
DBG_EAT: id=1 time_last_meal=202
262 2 is thinking
262 4 is thinking
DBG_EAT2: id=3 meals=2
302 3 has put down the left fork
DBG_EAT2: id=1 meals=2
302 1 has put down the left fork
302 3 has put down the right fork
302 3 is sleeping
302 1 has put down the right fork
302 1 is sleeping
302 2 has taken the left fork
302 2 has taken the right fork
302 2 is eating
DBG_EAT: id=2 time_last_meal=302
302 4 has taken the left fork
302 4 has taken the right fork
302 4 is eating
DBG_EAT: id=4 time_last_meal=302
362 1 is thinking
362 3 is thinking
DBG_EAT2: id=4 meals=2
402 4 has put down the right fork
DBG_EAT2: id=2 meals=2
402 2 has put down the right fork
402 4 has put down the left fork
402 4 is sleeping
402 2 has put down the left fork
403 2 is sleeping
403 1 has taken the right fork
403 1 has taken the left fork
403 1 is eating
DBG_EAT: id=1 time_last_meal=403
403 3 has taken the right fork
403 3 has taken the left fork
403 3 is eating
DBG_EAT: id=3 time_last_meal=403
463 4 is thinking
463 2 is thinking
DBG_EAT2: id=3 meals=3
503 3 has put down the left fork
DBG_EAT2: id=1 meals=3
503 1 has put down the left fork
503 3 has put down the right fork
503 1 has put down the right fork
503 1 is sleeping
503 3 is sleeping
503 2 has taken the left fork
503 2 has taken the right fork
503 2 is eating
DBG_EAT: id=2 time_last_meal=503
503 4 has taken the left fork
503 4 has taken the right fork
503 4 is eating
DBG_EAT: id=4 time_last_meal=503
563 3 is thinking
563 1 is thinking
DBG_EAT2: id=2 meals=3
603 2 has put down the right fork
DBG_EAT2: id=4 meals=3
603 4 has put down the right fork
603 2 has put down the left fork
603 2 is sleeping
603 4 has put down the left fork
603 4 is sleeping
604 3 has taken the right fork
604 3 has taken the left fork
604 3 is eating
DBG_EAT: id=3 time_last_meal=604
604 1 has taken the right fork
604 1 has taken the left fork
604 1 is eating
DBG_EAT: id=1 time_last_meal=604
664 4 is thinking
664 2 is thinking
DBG_EAT2: id=3 meals=4
704 3 has put down the left fork
DBG_EAT2: id=1 meals=4
704 1 has put down the left fork
704 3 has put down the right fork
704 3 is sleeping
704 1 has put down the right fork
704 1 is sleeping
704 2 has taken the left fork
704 2 has taken the right fork
704 2 is eating
DBG_EAT: id=2 time_last_meal=704
704 4 has taken the left fork
704 4 has taken the right fork
704 4 is eating
DBG_EAT: id=4 time_last_meal=704
764 1 is thinking
764 3 is thinking
DBG_EAT2: id=2 meals=4
804 2 has put down the right fork
DBG_EAT2: id=4 meals=4
804 4 has put down the right fork
804 4 has put down the left fork
804 4 is sleeping
804 2 has put down the left fork
804 3 has taken the right fork
804 3 has taken the left fork
804 3 is eating
DBG_EAT: id=3 time_last_meal=804
805 2 is sleeping
805 1 has taken the right fork
805 1 has taken the left fork
805 1 is eating
DBG_EAT: id=1 time_last_meal=805
864 4 is thinking
865 2 is thinking
DBG_EAT2: id=3 meals=5
905 3 has put down the left fork
905 3 has put down the right fork
905 3 is sleeping
905 2 has taken the left fork
DBG_EAT2: id=1 meals=5
905 1 has put down the left fork
905 1 has put down the right fork
905 1 is sleeping
905 2 has taken the right fork
905 2 is eating
DBG_EAT: id=2 time_last_meal=905
905 4 has taken the left fork
905 4 has taken the right fork
905 4 is eating
DBG_EAT: id=4 time_last_meal=905
965 3 is thinking
965 1 is thinking
DBG_EAT2: id=2 meals=5
1006 2 has put down the right fork
DBG_EAT2: id=4 meals=5
1006 4 has put down the right fork
1006 2 has put down the left fork
1006 4 has put down the left fork
1006 4 is sleeping
1006 2 is sleeping
1006 3 has taken the right fork
1006 3 has taken the left fork
1006 3 is eating
DBG_EAT: id=3 time_last_meal=1006
1006 1 has taken the right fork
1006 1 has taken the left fork
1006 1 is eating
DBG_EAT: id=1 time_last_meal=1006
1066 4 is thinking
1066 2 is thinking
DBG_EAT2: id=1 meals=6
1106 1 has put down the left fork
DBG_EAT2: id=3 meals=6
1106 3 has put down the left fork
1106 1 has put down the right fork
1106 3 has put down the right fork
1106 3 is sleeping
1106 1 is sleeping
1106 4 has taken the left fork
1106 4 has taken the right fork
1106 4 is eating
DBG_EAT: id=4 time_last_meal=1106
1106 2 has taken the left fork
1106 2 has taken the right fork
1106 2 is eating
DBG_EAT: id=2 time_last_meal=1106
1166 1 is thinking
1166 3 is thinking
DBG_EAT2: id=2 meals=6
1206 2 has put down the right fork
DBG_EAT2: id=4 meals=6
1206 4 has put down the right fork
1206 2 has put down the left fork
1206 2 is sleeping
1206 4 has put down the left fork
1206 4 is sleeping
1206 3 has taken the right fork
1206 3 has taken the left fork
1206 3 is eating
DBG_EAT: id=3 time_last_meal=1206
1206 1 has taken the right fork
1206 1 has taken the left fork
1206 1 is eating
DBG_EAT: id=1 time_last_meal=1206
1267 2 is thinking
1267 4 is thinking
DBG_EAT2: id=1 meals=7
1307 1 has put down the left fork
DBG_EAT2: id=3 meals=7
1307 3 has put down the left fork
1307 1 has put down the right fork
1307 3 has put down the right fork
1307 3 is sleeping
1307 1 is sleeping
1307 4 has taken the left fork
1307 4 has taken the right fork
1307 4 is eating
DBG_EAT: id=4 time_last_meal=1307
1307 2 has taken the left fork
1307 2 has taken the right fork
1307 2 is eating
DBG_EAT: id=2 time_last_meal=1307
1367 3 is thinking
1367 1 is thinking
DBG_EAT2: id=2 meals=7
1407 2 has put down the right fork
DBG_EAT2: id=4 meals=7
1407 4 has put down the right fork
1407 2 has put down the left fork
1407 2 is sleeping
1407 4 has put down the left fork
1407 4 is sleeping
1407 3 has taken the right fork
1407 3 has taken the left fork
1407 3 is eating
DBG_EAT: id=3 time_last_meal=1407
1407 1 has taken the right fork
1407 1 has taken the left fork
1407 1 is eating
DBG_EAT: id=1 time_last_meal=1407
1468 2 is thinking
1468 4 is thinking
DBG_EAT2: id=3 meals=8
1508 3 has put down the left fork
DBG_EAT2: id=1 meals=8
1508 1 has put down the left fork
1508 3 has put down the right fork
1508 3 is sleeping
1508 1 has put down the right fork
1508 1 is sleeping
1508 2 has taken the left fork
1508 2 has taken the right fork
1508 2 is eating
DBG_EAT: id=2 time_last_meal=1508
1508 4 has taken the left fork
1508 4 has taken the right fork
1508 4 is eating
DBG_EAT: id=4 time_last_meal=1508
1568 3 is thinking
1568 1 is thinking
DBG_EAT2: id=2 meals=8
1608 2 has put down the right fork
DBG_EAT2: id=4 meals=8
1608 4 has put down the right fork
1608 2 has put down the left fork
1608 2 is sleeping
1608 4 has put down the left fork
1608 4 is sleeping
1608 3 has taken the right fork
1608 3 has taken the left fork
1608 3 is eating
DBG_EAT: id=3 time_last_meal=1608
1608 1 has taken the right fork
1608 1 has taken the left fork
1608 1 is eating
DBG_EAT: id=1 time_last_meal=1608
1668 4 is thinking
1668 2 is thinking
DBG_EAT2: id=1 meals=9
1708 1 has put down the left fork
DBG_EAT2: id=3 meals=9
1708 3 has put down the left fork
1708 1 has put down the right fork
1708 1 is sleeping
1708 3 has put down the right fork
1708 4 has taken the left fork
1708 4 has taken the right fork
1708 4 is eating
DBG_EAT: id=4 time_last_meal=1708
1708 2 has taken the left fork
1708 2 has taken the right fork
1708 2 is eating
DBG_EAT: id=2 time_last_meal=1708
1708 3 is sleeping
1769 3 is thinking
1769 1 is thinking
DBG_EAT2: id=4 meals=9
1809 4 has put down the right fork
DBG_EAT2: id=2 meals=9
1809 2 has put down the right fork
1809 4 has put down the left fork
1809 2 has put down the left fork
1809 2 is sleeping
1809 4 is sleeping
1809 1 has taken the right fork
1809 1 has taken the left fork
1809 1 is eating
DBG_EAT: id=1 time_last_meal=1809
1809 3 has taken the right fork
1809 3 has taken the left fork
1809 3 is eating
DBG_EAT: id=3 time_last_meal=1809
1869 2 is thinking
1869 4 is thinking
DBG_EAT2: id=1 meals=10
1909 1 has put down the left fork
DBG_EAT2: id=3 meals=10
1909 3 has put down the left fork
1909 1 has put down the right fork
1909 3 has put down the right fork
1909 3 is sleeping
1909 1 is sleeping
1909 2 has taken the left fork
1909 2 has taken the right fork
1909 2 is eating
DBG_EAT: id=2 time_last_meal=1909
1909 4 has taken the left fork
1909 4 has taken the right fork
1909 4 is eating
DBG_EAT: id=4 time_last_meal=1909
1969 1 is thinking
1969 3 is thinking
DBG_EAT2: id=4 meals=10
2009 4 has put down the right fork
DBG_EAT2: id=2 meals=10
2009 2 has put down the right fork
2009 4 has put down the left fork
2009 4 is sleeping
2009 2 has put down the left fork
2009 1 has taken the right fork
2009 1 has taken the left fork
2009 1 is eating
DBG_EAT: id=1 time_last_meal=2009
2009 3 has taken the right fork
2009 2 is sleeping
2009 3 has taken the left fork
2009 3 is eating
DBG_EAT: id=3 time_last_meal=2009
2070 4 is thinking
2070 2 is thinking
DBG_EAT2: id=1 meals=11
2109 1 has put down the left fork
DBG_EAT2: id=3 meals=11
2109 3 has put down the left fork
2109 1 has put down the right fork
2109 1 is sleeping
2109 3 has put down the right fork
2110 3 is sleeping
2110 4 has taken the left fork
2110 4 has taken the right fork
2110 4 is eating
DBG_EAT: id=4 time_last_meal=2110
2110 2 has taken the left fork
2110 2 has taken the right fork
2110 2 is eating
DBG_EAT: id=2 time_last_meal=2110
2170 1 is thinking
2170 3 is thinking
DBG_EAT2: id=4 meals=11
2210 4 has put down the right fork
DBG_EAT2: id=2 meals=11
2210 2 has put down the right fork
2210 4 has put down the left fork
2210 2 has put down the left fork
2210 2 is sleeping
2210 4 is sleeping
2210 1 has taken the right fork
2210 1 has taken the left fork
2210 1 is eating
DBG_EAT: id=1 time_last_meal=2210
2210 3 has taken the right fork
2210 3 has taken the left fork
2210 3 is eating
DBG_EAT: id=3 time_last_meal=2210
2270 2 is thinking
2270 4 is thinking
DBG_EAT2: id=1 meals=12
2310 1 has put down the left fork
DBG_EAT2: id=3 meals=12
2310 3 has put down the left fork
2310 1 has put down the right fork
2310 3 has put down the right fork
2310 3 is sleeping
2310 1 is sleeping
2310 4 has taken the left fork
2310 4 has taken the right fork
2310 4 is eating
DBG_EAT: id=4 time_last_meal=2310
2310 2 has taken the left fork
2310 2 has taken the right fork
2310 2 is eating
DBG_EAT: id=2 time_last_meal=2310
2371 3 is thinking
2371 1 is thinking
DBG_EAT2: id=4 meals=12
2411 4 has put down the right fork
2411 4 has put down the left fork
DBG_EAT2: id=2 meals=12
2411 2 has put down the right fork
2411 4 is sleeping
2411 2 has put down the left fork
2411 2 is sleeping
2411 1 has taken the right fork
2411 1 has taken the left fork
2411 1 is eating
DBG_EAT: id=1 time_last_meal=2411
2411 3 has taken the right fork
2411 3 has taken the left fork
2411 3 is eating
DBG_EAT: id=3 time_last_meal=2411
2471 2 is thinking
2471 4 is thinking
DBG_EAT2: id=1 meals=13
2511 1 has put down the left fork
DBG_EAT2: id=3 meals=13
2511 3 has put down the left fork
2511 1 has put down the right fork
2511 3 has put down the right fork
2511 2 has taken the left fork
2511 2 has taken the right fork
2511 2 is eating
DBG_EAT: id=2 time_last_meal=2511
2511 4 has taken the left fork
2511 4 has taken the right fork
2511 4 is eating
DBG_EAT: id=4 time_last_meal=2511
2511 3 is sleeping
2511 1 is sleeping
2571 1 is thinking
2571 3 is thinking
DBG_EAT2: id=2 meals=13
2611 2 has put down the right fork
DBG_EAT2: id=4 meals=13
2611 4 has put down the right fork
2611 2 has put down the left fork
2611 2 is sleeping
2611 4 has put down the left fork
2611 4 is sleeping
2611 3 has taken the right fork
2611 3 has taken the left fork
2611 3 is eating
DBG_EAT: id=3 time_last_meal=2611
2611 1 has taken the right fork
2611 1 has taken the left fork
2611 1 is eating
DBG_EAT: id=1 time_last_meal=2611
2671 2 is thinking
2671 4 is thinking
DBG_EAT2: id=3 meals=14
2711 3 has put down the left fork
DBG_EAT2: id=1 meals=14
2711 3 has put down the right fork
2711 3 is sleeping
2711 1 has put down the left fork
2711 1 has put down the right fork
2711 2 has taken the left fork
2711 2 has taken the right fork
2711 2 is eating
DBG_EAT: id=2 time_last_meal=2711
2711 1 is sleeping
2711 4 has taken the left fork
2711 4 has taken the right fork
2711 4 is eating
DBG_EAT: id=4 time_last_meal=2711
2772 1 is thinking
2772 3 is thinking
DBG_EAT2: id=4 meals=14
2812 4 has put down the right fork
DBG_EAT2: id=2 meals=14
2812 4 has put down the left fork
2812 4 is sleeping
2812 2 has put down the right fork
2812 2 has put down the left fork
2812 1 has taken the right fork
2812 1 has taken the left fork
2812 1 is eating
DBG_EAT: id=1 time_last_meal=2812
2812 3 has taken the right fork
2812 3 has taken the left fork
2812 3 is eating
DBG_EAT: id=3 time_last_meal=2812
2812 2 is sleeping
2872 2 is thinking
2872 4 is thinking
DBG_EAT2: id=1 meals=15
2912 1 has put down the left fork
DBG_EAT2: id=3 meals=15
2912 3 has put down the left fork
2912 1 has put down the right fork
2912 1 is sleeping
2912 3 has put down the right fork
2912 3 is sleeping
2912 4 has taken the left fork
2912 4 has taken the right fork
2912 4 is eating
DBG_EAT: id=4 time_last_meal=2912
2912 2 has taken the left fork
2912 2 has taken the right fork
2912 2 is eating
DBG_EAT: id=2 time_last_meal=2912
2972 3 is thinking
2972 1 is thinking
DBG_EAT2: id=4 meals=15
3012 4 has put down the right fork
DBG_EAT2: id=2 meals=15
3012 2 has put down the right fork
3012 4 has put down the left fork
3012 2 has put down the left fork
3012 2 is sleeping
3012 4 is sleeping
3012 1 has taken the right fork
3013 1 has taken the left fork
3013 1 is eating
DBG_EAT: id=1 time_last_meal=3013
3013 3 has taken the right fork
3013 3 has taken the left fork
3013 3 is eating
DBG_EAT: id=3 time_last_meal=3013
3073 2 is thinking
3073 4 is thinking
DBG_EAT2: id=1 meals=16
3113 1 has put down the left fork
DBG_EAT2: id=3 meals=16
3113 3 has put down the left fork
3113 1 has put down the right fork
3113 3 has put down the right fork
3113 3 is sleeping
3113 1 is sleeping
3113 4 has taken the left fork
3113 4 has taken the right fork
3113 4 is eating
DBG_EAT: id=4 time_last_meal=3113
3113 2 has taken the left fork
3113 2 has taken the right fork
3113 2 is eating
DBG_EAT: id=2 time_last_meal=3113
3173 1 is thinking
3173 3 is thinking
DBG_EAT2: id=2 meals=16
3213 2 has put down the right fork
DBG_EAT2: id=4 meals=16
3213 4 has put down the right fork
3213 2 has put down the left fork
3213 4 has put down the left fork
3213 4 is sleeping
3213 2 is sleeping
3213 3 has taken the right fork
3213 1 has taken the right fork
3213 1 has taken the left fork
3213 1 is eating
DBG_EAT: id=1 time_last_meal=3213
3213 3 has taken the left fork
3213 3 is eating
DBG_EAT: id=3 time_last_meal=3213
3274 2 is thinking
3274 4 is thinking
DBG_EAT2: id=3 meals=17
3314 3 has put down the left fork
DBG_EAT2: id=1 meals=17
3314 1 has put down the left fork
3314 3 has put down the right fork
3314 3 is sleeping
3314 1 has put down the right fork
3314 1 is sleeping
3314 2 has taken the left fork
3314 2 has taken the right fork
3314 2 is eating
DBG_EAT: id=2 time_last_meal=3314
3314 4 has taken the left fork
3314 4 has taken the right fork
3314 4 is eating
DBG_EAT: id=4 time_last_meal=3314
3374 1 is thinking
3374 3 is thinking
DBG_EAT2: id=4 meals=17
3414 4 has put down the right fork
DBG_EAT2: id=2 meals=17
3414 2 has put down the right fork
3414 4 has put down the left fork
3414 4 is sleeping
3414 2 has put down the left fork
3414 2 is sleeping
3414 1 has taken the right fork
3414 1 has taken the left fork
3414 1 is eating
DBG_EAT: id=1 time_last_meal=3414
3414 3 has taken the right fork
3414 3 has taken the left fork
3414 3 is eating
DBG_EAT: id=3 time_last_meal=3414
3475 2 is thinking
3475 4 is thinking
DBG_EAT2: id=3 meals=18
3515 3 has put down the left fork
DBG_EAT2: id=1 meals=18
3515 1 has put down the left fork
3515 3 has put down the right fork
3515 1 has put down the right fork
3515 1 is sleeping
3515 3 is sleeping
3515 2 has taken the left fork
3515 2 has taken the right fork
3515 2 is eating
DBG_EAT: id=2 time_last_meal=3515
3515 4 has taken the left fork
3515 4 has taken the right fork
3515 4 is eating
DBG_EAT: id=4 time_last_meal=3515
3575 1 is thinking
3575 3 is thinking
DBG_EAT2: id=4 meals=18
3615 4 has put down the right fork
DBG_EAT2: id=2 meals=18
3615 2 has put down the right fork
3615 4 has put down the left fork
3615 2 has put down the left fork
3615 2 is sleeping
3615 4 is sleeping
3615 1 has taken the right fork
3615 1 has taken the left fork
3615 1 is eating
DBG_EAT: id=1 time_last_meal=3615
3615 3 has taken the right fork
3615 3 has taken the left fork
3615 3 is eating
DBG_EAT: id=3 time_last_meal=3615
3676 2 is thinking
3676 4 is thinking
DBG_EAT2: id=1 meals=19
3716 1 has put down the left fork
DBG_EAT2: id=3 meals=19
3716 3 has put down the left fork
3716 1 has put down the right fork
3716 3 has put down the right fork
3716 3 is sleeping
3716 1 is sleeping
3716 4 has taken the left fork
3716 4 has taken the right fork
3716 4 is eating
DBG_EAT: id=4 time_last_meal=3716
3716 2 has taken the left fork
3716 2 has taken the right fork
3716 2 is eating
DBG_EAT: id=2 time_last_meal=3716
3776 1 is thinking
3776 3 is thinking
DBG_EAT2: id=4 meals=19
3816 4 has put down the right fork
DBG_EAT2: id=2 meals=19
3816 2 has put down the right fork
3816 4 has put down the left fork
3816 2 has put down the left fork
3816 2 is sleeping
3816 4 is sleeping
3816 1 has taken the right fork
3816 1 has taken the left fork
3816 1 is eating
DBG_EAT: id=1 time_last_meal=3816
3816 3 has taken the right fork
3816 3 has taken the left fork
3816 3 is eating
DBG_EAT: id=3 time_last_meal=3816
3876 4 is thinking
3876 2 is thinking
DBG_EAT2: id=1 meals=20
3916 1 has put down the left fork
DBG_EAT2: id=3 meals=20
3916 3 has put down the left fork
3916 1 has put down the right fork
3916 3 has put down the right fork
3916 3 is sleeping
3916 4 has taken the left fork
3916 4 has taken the right fork
3916 4 is eating
DBG_EAT: id=4 time_last_meal=3916
3916 2 has taken the left fork
3916 2 has taken the right fork
3916 2 is eating
DBG_EAT: id=2 time_last_meal=3916
3916 1 is sleeping
3977 1 is thinking
3977 3 is thinking
DBG_EAT2: id=4 meals=20
4017 4 has put down the right fork
DBG_EAT2: id=2 meals=20
4017 2 has put down the right fork
4017 4 has put down the left fork
4017 4 is sleeping
4017 2 has put down the left fork
4017 1 has taken the right fork
4017 1 has taken the left fork
4017 1 is eating
DBG_EAT: id=1 time_last_meal=4017
4017 2 is sleeping
4017 3 has taken the right fork
4017 3 has taken the left fork
4017 3 is eating
DBG_EAT: id=3 time_last_meal=4017
4077 2 is thinking
4077 4 is thinking
DBG_EAT2: id=1 meals=21
4117 1 has put down the left fork
DBG_EAT2: id=3 meals=21
4117 3 has put down the left fork
4117 1 has put down the right fork
4117 1 is sleeping
4117 3 has put down the right fork
4117 3 is sleeping
4117 4 has taken the left fork
4117 4 has taken the right fork
4117 4 is eating
DBG_EAT: id=4 time_last_meal=4117
4117 2 has taken the left fork
4117 2 has taken the right fork
4117 2 is eating
DBG_EAT: id=2 time_last_meal=4117
4177 1 is thinking
4177 3 is thinking
DBG_EAT2: id=4 meals=21
4217 4 has put d