DBG_INIT: meal_mutex init for philo 1
DBG_INIT: meal_mutex init for philo 2
DBG_INIT: meal_mutex init for philo 3
DBG: init philo[1].time_last_meal=0
DBG: init philo[2].time_last_meal=0
DBG: init philo[3].time_last_meal=0
0 1 has taken the right fork
0 1 has taken the left fork
0 1 is eating
DBG_EAT: id=1 time_last_meal=0
1 3 has taken the right fork
DBG: start_time=1758403445789
DBG_EAT2: id=1 meals=1
101 1 has put down the left fork
101 1 has put down the right fork
101 3 has taken the left fork
101 3 is eating
DBG_EAT: id=3 time_last_meal=101
101 1 is sleeping
DBG_EAT2: id=3 meals=1
201 3 has put down the left fork
201 3 has put down the right fork
201 2 has taken the left fork
201 2 has taken the right fork
201 3 is sleeping
201 2 is eating
DBG_EAT: id=2 time_last_meal=201
301 1 is thinking
301 1 has taken the right fork
DBG_EAT2: id=2 meals=1
302 2 has put down the right fork
302 2 has put down the left fork
302 2 is sleeping
302 1 has taken the left fork
302 1 is eating
DBG_EAT: id=1 time_last_meal=302
402 3 is thinking
402 3 has taken the right fork
DBG_EAT2: id=1 meals=2
402 1 has put down the left fork
402 1 has put down the right fork
402 1 is sleeping
402 3 has taken the left fork
402 3 is eating
DBG_EAT: id=3 time_last_meal=402
502 2 is thinking
DBG_EAT2: id=3 meals=2
502 3 has put down the left fork
502 3 has put down the right fork
502 3 is sleeping
502 2 has taken the left fork
502 2 has taken the right fork
502 2 is eating
DBG_EAT: id=2 time_last_meal=502
602 1 is thinking
602 1 has taken the right fork
DBG_EAT2: id=2 meals=2
602 2 has put down the right fork
602 2 has put down the left fork
602 2 is sleeping
603 1 has taken the left fork
603 1 is eating
DBG_EAT: id=1 time_last_meal=603
703 3 is thinking
703 3 has taken the right fork
DBG_EAT2: id=1 meals=3
703 1 has put down the left fork
703 1 has put down the right fork
703 1 is sleeping
703 3 has taken the left fork
703 3 is eating
DBG_EAT: id=3 time_last_meal=703
803 2 is thinking
DBG_EAT2: id=3 meals=3
803 3 has put down the left fork
803 3 has put down the right fork
803 3 is sleeping
803 2 has taken the left fork
803 2 has taken the right fork
803 2 is eating
DBG_EAT: id=2 time_last_meal=803
903 1 is thinking
903 1 has taken the right fork
DBG_EAT2: id=2 meals=3
903 2 has put down the right fork
903 2 has put down the left fork
903 2 is sleeping
903 1 has taken the left fork
903 All philosophers ate enough
