DBG_INIT: meal_mutex init for philo 1
DBG_INIT: meal_mutex init for philo 2
DBG_INIT: meal_mutex init for philo 3
DBG: init philo[1].time_last_meal=0
DBG: init philo[2].time_last_meal=0
DBG: init philo[3].time_last_meal=0
0 1 has taken the right fork
0 1 has taken the left fork
0 1 is eating
DBG_EAT: id=1 time_last_meal=0
1 3 has taken the right fork
DBG: start_time=1758386212859
DBG_EAT2: id=1 meals=1
60 1 has put down the left fork
60 1 has put down the right fork
60 1 is sleeping
60 3 has taken the left fork
60 3 is eating
DBG_EAT: id=3 time_last_meal=60
DBG_EAT2: id=3 meals=1
121 1 is thinking
121 1 has taken the right fork
121 1 has taken the left fork
121 1 is eating
DBG_EAT: id=1 time_last_meal=121
121 3 has put down the left fork
121 3 has put down the right fork
121 2 has taken the left fork
121 3 is sleeping
DBG_EAT2: id=1 meals=2
181 3 is thinking
181 1 has put down the left fork
181 1 has put down the right fork
181 1 is sleeping
181 2 has taken the right fork
181 2 is eating
DBG_EAT: id=2 time_last_meal=181
241 1 is thinking
241 1 has taken the right fork
DBG_EAT2: id=2 meals=1
241 2 has put down the right fork
241 2 has put down the left fork
241 1 has taken the left fork
241 1 is eating
DBG_EAT: id=1 time_last_meal=241
241 2 is sleeping
241 3 has taken the right fork
DBG_EAT2: id=1 meals=3
301 1 has put down the left fork
301 2 is thinking
301 1 has put down the right fork
301 1 is sleeping
301 3 has taken the left fork
301 3 is eating
DBG_EAT: id=3 time_last_meal=301
DBG_EAT2: id=3 meals=2
361 3 has put down the left fork
361 1 is thinking
361 1 has taken the right fork
361 1 has taken the left fork
361 1 is eating
DBG_EAT: id=1 time_last_meal=361
361 3 has put down the right fork
361 3 is sleeping
361 2 has taken the left fork
421 3 is thinking
DBG_EAT2: id=1 meals=4
421 1 has put down the left fork
421 1 has put down the right fork
421 2 has taken the right fork
421 2 is eating
DBG_EAT: id=2 time_last_meal=421
421 1 is sleeping
DBG_EAT2: id=2 meals=2
481 2 has put down the right fork
481 1 is thinking
481 1 has taken the right fork
481 1 has taken the left fork
481 1 is eating
DBG_EAT: id=1 time_last_meal=481
481 2 has put down the left fork
481 2 is sleeping
481 3 has taken the right fork
541 2 is thinking
DBG_EAT2: id=1 meals=5
541 1 has put down the left fork
542 1 has put down the right fork
542 1 is sleeping
542 3 has taken the left fork
542 3 is eating
DBG_EAT: id=3 time_last_meal=542
DBG_EAT2: id=3 meals=3
602 3 has put down the left fork
602 1 is thinking
602 1 has taken the right fork
602 1 has taken the left fork
602 1 is eating
DBG_EAT: id=1 time_last_meal=602
602 3 has put down the right fork
602 3 is sleeping
602 2 has taken the left fork
662 3 is thinking
DBG_EAT2: id=1 meals=6
662 1 has put down the left fork
662 1 has put down the right fork
662 2 has taken the right fork
662 2 is eating
DBG_EAT: id=2 time_last_meal=662
662 1 is sleeping
DBG_EAT2: id=2 meals=3
722 2 has put down the right fork
722 1 is thinking
722 1 has taken the right fork
722 1 has taken the left fork
722 1 is eating
DBG_EAT: id=1 time_last_meal=722
722 2 has put down the left fork
722 2 is sleeping
722 3 has taken the right fork
DBG_EAT2: id=1 meals=7
782 1 has put down the left fork
782 2 is thinking
782 1 has put down the right fork
782 1 is sleeping
782 3 has taken the left fork
782 3 is eating
DBG_EAT: id=3 time_last_meal=782
842 1 is thinking
DBG_EAT2: id=3 meals=4
842 3 has put down the left fork
842 1 has taken the right fork
842 1 has taken the left fork
842 1 is eating
DBG_EAT: id=1 time_last_meal=842
842 3 has put down the right fork
842 3 is sleeping
842 2 has taken the left fork
DBG_EAT2: id=1 meals=8
902 1 has put down the left fork
902 1 has put down the right fork
902 1 is sleeping
902 2 has taken the right fork
902 2 is eating
DBG_EAT: id=2 time_last_meal=902
902 3 is thinking
962 1 is thinking
962 1 has taken the right fork
DBG_EAT2: id=2 meals=4
962 2 has put down the right fork
962 2 has put down the left fork
962 2 is sleeping
962 1 has taken the left fork
962 1 is eating
DBG_EAT: id=1 time_last_meal=962
963 3 has taken the right fork
1023 2 is thinking
DBG_EAT2: id=1 meals=9
1023 1 has put down the left fork
1023 1 has put down the right fork
1023 1 is sleeping
1023 3 has taken the left fork
1023 3 is eating
DBG_EAT: id=3 time_last_meal=1023
1083 1 is thinking
DBG_EAT2: id=3 meals=5
1083 3 has put down the left fork
1083 1 has taken the right fork
1083 1 has taken the left fork
1083 1 is eating
DBG_EAT: id=1 time_last_meal=1083
1083 3 has put down the right fork
1083 3 is sleeping
1083 2 has taken the left fork
DBG_EAT2: id=1 meals=10
1143 1 has put down the left fork
1143 1 has put down the right fork
1143 2 has taken the right fork
1143 1 is sleeping
1143 2 is eating
DBG_EAT: id=2 time_last_meal=1143
1143 3 is thinking
DBG_EAT2: id=2 meals=5
1203 2 has put down the right fork
1203 1 is thinking
1203 1 has taken the right fork
1203 1 has taken the left fork
1203 1 is eating
DBG_EAT: id=1 time_last_meal=1203
1203 2 has put down the left fork
1203 2 is sleeping
1203 3 has taken the right fork
DBG_EAT2: id=1 meals=11
1263 1 has put down the left fork
1263 2 is thinking
1263 1 has put down the right fork
1263 1 is sleeping
1263 3 has taken the left fork
1263 3 is eating
DBG_EAT: id=3 time_last_meal=1263
1323 1 is thinking
DBG_EAT2: id=3 meals=6
1324 3 has put down the left fork
1324 1 has taken the right fork
1324 1 has taken the left fork
1324 1 is eating
DBG_EAT: id=1 time_last_meal=1324
1324 3 has put down the right fork
1324 3 is sleeping
1324 2 has taken the left fork
DBG_EAT2: id=1 meals=12
1384 1 has put down the left fork
1384 1 has put down the right fork
1384 3 is thinking
1384 1 is sleeping
1384 2 has taken the right fork
1384 2 is eating
DBG_EAT: id=2 time_last_meal=1384
1444 1 is thinking
1444 1 has taken the right fork
DBG_EAT2: id=2 meals=6
1444 2 has put down the right fork
1444 2 has put down the left fork
1444 1 has taken the left fork
1444 1 is eating
DBG_EAT: id=1 time_last_meal=1444
1444 2 is sleeping
1444 3 has taken the right fork
DBG_EAT2: id=1 meals=13
1504 1 has put down the left fork
1504 2 is thinking
1504 1 has put down the right fork
1504 1 is sleeping
1504 3 has taken the left fork
1504 3 is eating
DBG_EAT: id=3 time_last_meal=1504
1564 1 is thinking
DBG_EAT2: id=3 meals=7
1564 3 has put down the left fork
1564 1 has taken the right fork
1564 1 has taken the left fork
1564 1 is eating
DBG_EAT: id=1 time_last_meal=1564
1564 3 has put down the right fork
1564 3 is sleeping
1564 2 has taken the left fork
DBG_EAT2: id=1 meals=14
1624 3 is thinking
1624 1 has put down the left fork
1624 1 has put down the right fork
1624 1 is sleeping
1624 2 has taken the right fork
1624 2 is eating
DBG_EAT: id=2 time_last_meal=1624
1684 1 is thinking
1684 1 has taken the right fork
DBG_EAT2: id=2 meals=7
1685 2 has put down the right fork
1685 2 has put down the left fork
1685 1 has taken the left fork
1685 1 is eating
DBG_EAT: id=1 time_last_meal=1685
1685 2 is sleeping
1685 3 has taken the right fork
1745 2 is thinking
DBG_EAT2: id=1 meals=15
1745 1 has put down the left fork
1745 1 has put down the right fork
1745 3 has taken the left fork
1745 3 is eating
DBG_EAT: id=3 time_last_meal=1745
1745 1 is sleeping
DBG_EAT2: id=3 meals=8
1805 3 has put down the left fork
1805 3 has put down the right fork
1805 3 is sleeping
1805 1 is thinking
1805 1 has taken the right fork
1805 1 has taken the left fork
1805 1 is eating
DBG_EAT: id=1 time_last_meal=1805
1805 2 has taken the left fork
1865 3 is thinking
DBG_EAT2: id=1 meals=16
1865 1 has put down the left fork
1865 1 has put down the right fork
1865 1 is sleeping
1865 2 has taken the right fork
1865 2 is eating
DBG_EAT: id=2 time_last_meal=1865
DBG_EAT2: id=2 meals=8
1925 2 has put down the right fork
1925 1 is thinking
1925 1 has taken the right fork
1925 1 has taken the left fork
1925 1 is eating
DBG_EAT: id=1 time_last_meal=1925
1925 2 has put down the left fork
1925 2 is sleeping
1925 3 has taken the right fork
DBG_EAT2: id=1 meals=17
1985 1 has put down the left fork
1985 1 has put down the right fork
1985 1 is sleeping
1985 2 is thinking
1985 3 has taken the left fork
1985 3 is eating
DBG_EAT: id=3 time_last_meal=1985
2045 1 is thinking
DBG_EAT2: id=3 meals=9
2046 3 has put down the left fork
2046 3 has put down the right fork
2046 1 has taken the right fork
2046 1 has taken the left fork
2046 1 is eating
DBG_EAT: id=1 time_last_meal=2046
2046 3 is sleeping
2046 2 has taken the left fork
2106 3 is thinking
DBG_EAT2: id=1 meals=18
2106 1 has put down the left fork
2106 1 has put down the right fork
2106 1 is sleeping
2106 2 has taken the right fork
2106 2 is eating
DBG_EAT: id=2 time_last_meal=2106
2166 1 is thinking
2166 1 has taken the right fork
DBG_EAT2: id=2 meals=9
2166 2 has put down the right fork
2166 2 has put down the left fork
2166 1 has taken the left fork
2166 1 is eating
DBG_EAT: id=1 time_last_meal=2166
2166 2 is sleeping
2166 3 has taken the right fork
DBG_EAT2: id=1 meals=19
2226 1 has put down the left fork
2226 2 is thinking
2226 1 has put down the right fork
2226 1 is sleeping
2226 3 has taken the left fork
2226 3 is eating
DBG_EAT: id=3 time_last_meal=2226
2286 1 is thinking
DBG_EAT2: id=3 meals=10
2286 3 has put down the left fork
2286 3 has put down the right fork
2286 3 is sleeping
2286 1 has taken the right fork
2286 1 has taken the left fork
2286 1 is eating
DBG_EAT: id=1 time_last_meal=2286
2286 2 has taken the left fork
DBG_EAT2: id=1 meals=20
2346 3 is thinking
2346 1 has put down the left fork
2346 1 has put down the right fork
2346 1 is sleeping
2346 2 has taken the right fork
2346 2 is eating
DBG_EAT: id=2 time_last_meal=2346
2407 1 is thinking
2407 1 has taken the right fork
DBG_EAT2: id=2 meals=10
2407 2 has put down the right fork
2407 2 has put down the left fork
2407 1 has taken the left fork
2407 1 is eating
DBG_EAT: id=1 time_last_meal=2407
2407 2 is sleeping
2407 3 has taken the right fork
DBG_EAT2: id=1 meals=21
2467 1 has put down the left fork
2467 2 is thinking
2467 1 has put down the right fork
2467 1 is sleeping
2467 3 has taken the left fork
2467 3 is eating
DBG_EAT: id=3 time_last_meal=2467
2527 1 is thinking
DBG_EAT2: id=3 meals=11
2527 3 has put down the left fork
2527 3 has put down the right fork
2527 1 has taken the right fork
2527 1 has taken the left fork
2527 1 is eating
DBG_EAT: id=1 time_last_meal=2527
2527 3 is sleeping
2527 2 has taken the left fork
DBG_EAT2: id=1 meals=22
2587 3 is thinking
2587 1 has put down the left fork
2587 1 has put down the right fork
2587 1 is sleeping
2587 2 has taken the right fork
2587 2 is eating
DBG_EAT: id=2 time_last_meal=2587
2647 1 is thinking
2647 1 has taken the right fork
DBG_EAT2: id=2 meals=11
2647 2 has put down the right fork
2647 2 has put down the left fork
2647 1 has taken the left fork
2647 1 is eating
DBG_EAT: id=1 time_last_meal=2647
2647 2 is sleeping
2647 3 has taken the right fork
DBG_EAT2: id=1 meals=23
2708 1 has put down the left fork
2708 2 is thinking
2708 1 has put down the right fork
2708 1 is sleeping
2708 3 has taken the left fork
2708 3 is eating
DBG_EAT: id=3 time_last_meal=2708
DBG_EAT2: id=3 meals=12
2768 3 has put down the left fork
2768 1 is thinking
2768 1 has taken the right fork
2768 1 has taken the left fork
2768 1 is eating
DBG_EAT: id=1 time_last_meal=2768
2768 3 has put down the right fork
2768 3 is sleeping
2768 2 has taken the left fork
DBG_EAT2: id=1 meals=24
2828 3 is thinking
2828 1 has put down the left fork
2828 1 has put down the right fork
2828 1 is sleeping
2828 2 has taken the right fork
2828 2 is eating
DBG_EAT: id=2 time_last_meal=2828
2888 1 is thinking
2888 1 has taken the right fork
DBG_EAT2: id=2 meals=12
2888 2 has put down the right fork
2888 2 has put down the left fork
2888 2 is sleeping
2888 1 has taken the left fork
2888 1 is eating
DBG_EAT: id=1 time_last_meal=2888
2888 3 has taken the right fork
DBG_EAT2: id=1 meals=25
2948 1 has put down the left fork
2948 2 is thinking
2948 1 has put down the right fork
2948 1 is sleeping
2948 3 has taken the left fork
2948 3 is eating
DBG_EAT: id=3 time_last_meal=2948
3008 1 is thinking
DBG_EAT2: id=3 meals=13
3008 3 has put down the left fork
3008 3 has put down the right fork
3009 3 is sleeping
3009 1 has taken the right fork
3009 1 has taken the left fork
3009 1 is eating
DBG_EAT: id=1 time_last_meal=3009
3009 2 has taken the left fork
DBG_EAT2: id=1 meals=26
3069 3 is thinking
3069 1 has put down the left fork
3069 1 has put down the right fork
3069 1 is sleeping
3069 2 has taken the right fork
3069 2 is eating
DBG_EAT: id=2 time_last_meal=3069
3129 1 is thinking
3129 1 has taken the right fork
DBG_EAT2: id=2 meals=13
3129 2 has put down the right fork
3129 2 has put down the left fork
3129 1 has taken the left fork
3129 1 is eating
DBG_EAT: id=1 time_last_meal=3129
3129 2 is sleeping
3129 3 has taken the right fork
3189 2 is thinking
DBG_EAT2: id=1 meals=27
3189 1 has put down the left fork
3189 1 has put down the right fork
3189 3 has taken the left fork
3189 3 is eating
DBG_EAT: id=3 time_last_meal=3189
3189 1 is sleeping
DBG_EAT2: id=3 meals=14
3249 3 has put down the left fork
3249 3 has put down the right fork
3249 1 is thinking
3249 1 has taken the right fork
3249 1 has taken the left fork
3249 1 is eating
DBG_EAT: id=1 time_last_meal=3249
3249 3 is sleeping
3249 2 has taken the left fork
DBG_EAT2: id=1 meals=28
3309 3 is thinking
3309 1 has put down the left fork
3309 1 has put down the right fork
3309 1 is sleeping
3309 2 has taken the right fork
3309 2 is eating
DBG_EAT: id=2 time_last_meal=3309
3369 1 is thinking
3370 1 has taken the right fork
DBG_EAT2: id=2 meals=14
3370 2 has put down the right fork
3370 2 has put down the left fork
3370 1 has taken the left fork
3370 1 is eating
DBG_EAT: id=1 time_last_meal=3370
3370 2 is sleeping
3370 3 has taken the right fork
DBG_EAT2: id=1 meals=29
3430 1 has put down the left fork
3430 2 is thinking
3430 1 has put down the right fork
3430 1 is sleeping
3430 3 has taken the left fork
3430 3 is eating
DBG_EAT: id=3 time_last_meal=3430
3490 1 is thinking
DBG_EAT2: id=3 meals=15
3490 3 has put down the left fork
3490 1 has taken the right fork
3490 1 has taken the left fork
3490 1 is eating
DBG_EAT: id=1 time_last_meal=3490
3490 3 has put down the right fork
3490 3 is sleeping
3490 2 has taken the left fork
DBG_EAT2: id=1 meals=30
3550 3 is thinking
3550 1 has put down the left fork
3550 1 has put down the right fork
3550 1 is sleeping
3550 2 has taken the right fork
3550 2 is eating
DBG_EAT: id=2 time_last_meal=3550
3610 1 is thinking
3610 1 has taken the right fork
DBG_EAT2: id=2 meals=15
3610 2 has put down the right fork
3610 1 has taken the left fork
3610 1 is eating
DBG_EAT: id=1 time_last_meal=3610
3610 2 has put down the left fork
3610 2 is sleeping
3610 3 has taken the right fork
DBG_EAT2: id=1 meals=31
3670 1 has put down the left fork
3670 2 is thinking
3670 1 has put down the right fork
3670 1 is sleeping
3670 3 has taken the left fork
3670 3 is eating
DBG_EAT: id=3 time_last_meal=3670
3730 1 is thinking
DBG_EAT2: id=3 meals=16
3731 3 has put down the left fork
3731 3 has put down the right fork
3731 1 has taken the right fork
3731 1 has taken the left fork
3731 1 is eating
DBG_EAT: id=1 time_last_meal=3731
3731 3 is sleeping
3731 2 has taken the left fork
DBG_EAT2: id=1 meals=32
3791 3 is thinking
3791 1 has put down the left fork
3791 1 has put down the right fork
3791 1 is sleeping
3791 2 has taken the right fork
3791 2 is eating
DBG_EAT: id=2 time_last_meal=3791
3851 1 is thinking
3851 1 has taken the right fork
DBG_EAT2: id=2 meals=16
3851 2 has put down the right fork
3851 2 has put down the left fork
3851 1 has taken the left fork
3851 1 is eating
DBG_EAT: id=1 time_last_meal=3851
3851 2 is sleeping
3851 3 has taken the right fork
DBG_EAT2: id=1 meals=33
3911 1 has put down the left fork
3911 2 is thinking
3911 1 has put down the right fork
3911 1 is sleeping
3911 3 has taken the left fork
3911 3 is eating
DBG_EAT: id=3 time_last_meal=3911
3971 1 is thinking
DBG_EAT2: id=3 meals=17
3971 3 has put down the left fork
3971 1 has taken the right fork
3971 1 has taken the left fork
3971 1 is eating
DBG_EAT: id=1 time_last_meal=3971
3971 3 has put down the right fork
3971 3 is sleeping
3971 2 has taken the left fork
DBG_EAT2: id=1 meals=34
4031 1 has put down the left fork
4031 1 has put down the right fork
4031 1 is sleeping
4031 2 has taken the right fork
4031 2 is eating
DBG_EAT: id=2 time_last_meal=4031
4031 3 is thinking
4092 1 is thinking
4092 1 has taken the right fork
DBG_EAT2: id=2 meals=17
4092 2 has put down the right fork
4092 2 has put down the left fork
4092 1 has taken the left fork
4092 2 is sleeping
4092 1 is eating
DBG_EAT: id=1 time_last_meal=4092
4092 3 has taken the right fork
DBG_EAT2: id=1 meals=35
4152 1 has put down the left fork
4152 2 is thinking
4152 1 has put down the right fork
4152 1 is sleeping
4152 3 has taken the left fork
4152 3 is eating
DBG_EAT: id=3 time_last_meal=4152
4212 1 is thinking
DBG_EAT2: id=3 meals=18
4212 3 has put down the left fork
4212 3 has put down the right fork
4212 1 has taken the right fork
4212 1 has taken the left fork
4212 1 is eating
DBG_EAT: id=1 time_last_meal=4212
4212 3 is sleeping
4212 2 has taken the left fork
DBG_EAT2: id=1 meals=36
4272 3 is thinking
4272 1 has put down the left fork
4272 1 has put down the right fork
4272 1 is sleeping
4272 2 has taken the right fork
4272 2 is eating
DBG_EAT: id=2 time_last_meal=4272
DBG_EAT2: id=2 meals=18
4332 2 has put down the right fork
4332 1 is thinking
4332 1 has taken the right fork
4332 1 has taken the left fork
4332 1 is eating
DBG_EAT: id=1 time_last_meal=4332
4332 2 has put down the left fork
4332 2 is sleeping
4332 3 has taken the right fork
DBG_EAT2: id=1 meals=37
4392 1 has put down the left fork
4392 1 has put down the right fork
4392 2 is thinking
4392 1 is sleeping
4392 3 has taken the left fork
4392 3 is eating
DBG_EAT: id=3 time_last_meal=4392
4452 1 is thinking
DBG_EAT2: id=3 meals=19
4452 3 has put down the left fork
4452 3 has put down the right fork
4452 1 has taken the right fork
4452 1 has taken the left fork
4452 1 is eating
DBG_EAT: id=1 time_last_meal=4452
4452 3 is sleeping
4453 2 has taken the left fork
DBG_EAT2: id=1 meals=38
4513 3 is thinking
4513 1 has put down the left fork
4513 1 has put down the right fork
4513 1 is sleeping
4513 2 has taken the right fork
4513 2 is eating
DBG_EAT: id=2 time_last_meal=4513
4573 1 is thinking
4573 1 has taken the right fork
DBG_EAT2: id=2 meals=19
4573 2 has put down the right fork
4573 2 has put down the left fork
4573 1 has taken the left fork
4573 1 is eating
DBG_EAT: id=1 time_last_meal=4573
4573 2 is sleeping
4573 3 has taken the right fork
DBG_EAT2: id=1 meals=39
4633 1 has put down the left fork
4633 2 is thinking
4633 1 has put down the right fork
4633 1 is sleeping
4633 3 has taken the left fork
4633 3 is eating
DBG_EAT: id=3 time_last_meal=4633
4693 1 is thinking
DBG_EAT2: id=3 meals=20
4693 3 has put down the left fork
4693 3 has put down the right fork
4693 3 is sleeping
4693 1 has taken the right fork
4693 1 has taken the left fork
4693 1 is eating
DBG_EAT: id=1 time_last_meal=4693
4693 2 has taken the left fork
4753 3 is thinking
DBG_EAT2: id=1 meals=40
4753 1 has put down the left fork
4753 1 has put down the right fork
4753 2 has taken the right fork
4753 2 is eating
4753 1 is sleeping
DBG_EAT: id=2 time_last_meal=4753
4813 1 is thinking
4813 1 has taken the right fork
DBG_EAT2: id=2 meals=20
4813 2 has put down the right fork
4813 1 has taken the left fork
4813 1 is eating
DBG_EAT: id=1 time_last_meal=4813
4813 2 has put down the left fork
4813 2 is sleeping
4813 3 has taken the right fork
DBG_EAT2: id=1 meals=41
4873 1 has put down the left fork
4873 1 has put down the right fork
4873 2 is thinking
4873 1 is sleeping
4873 3 has taken the left fork
4873 3 is eating
DBG_EAT: id=3 time_last_meal=4873
4934 1 is thinking
DBG_EAT2: id=3 meals=21
4934 3 has put down the left fork
4934 3 has put down the right fork
4934 1 has taken the right fork
4934 1 has taken the left fork
4934 1 is eating
DBG_EAT: id=1 time_last_meal=4934
4934 3 is sleeping
4934 2 has taken the left fork
4994 3 is thinking
DBG_EAT2: id=1 meals=42
4994 1 has put down the left fork
4994 1 has put down the right fork
4994 2 has taken the right fork
4994 2 is eating
DBG_EAT: id=2 time_last_me