DBG_INIT: meal_mutex init for philo 1
DBG_INIT: meal_mutex init for philo 2
DBG_INIT: meal_mutex init for philo 3
DBG: init philo[1].time_last_meal=0
DBG: init philo[2].time_last_meal=0
DBG: init philo[3].time_last_meal=0
0 1 has taken the right fork
0 1 has taken the left fork
0 1 is eating
DBG_EAT: id=1 time_last_meal=0
1 3 has taken the right fork
DBG: start_time=1758403325615
DBG_EAT2: id=1 meals=1
101 1 has put down the left fork
101 1 has put down the right fork
101 1 is sleeping
101 3 has taken the left fork
101 3 is eating
DBG_EAT: id=3 time_last_meal=101
161 1 is thinking
DBG_EAT2: id=3 meals=1
202 3 has put down the left fork
202 3 has put down the right fork
202 3 is sleeping
202 1 has taken the right fork
202 1 has taken the left fork
202 1 is eating
DBG_EAT: id=1 time_last_meal=202
202 2 has taken the left fork
262 3 is thinking
DBG_EAT2: id=1 meals=2
302 1 has put down the left fork
302 1 has put down the right fork
302 2 has taken the right fork
302 1 is sleeping
302 2 is eating
DBG_EAT: id=2 time_last_meal=302
363 1 is thinking
363 1 has taken the right fork
DBG_EAT2: id=2 meals=1
402 2 has put down the right fork
402 2 has put down the left fork
402 1 has taken the left fork
402 1 is eating
DBG_EAT: id=1 time_last_meal=402
402 2 is sleeping
403 3 has died (last meal at 101)
DBG_EAT2: id=1 meals=3
