DBG_INIT: meal_mutex init for philo 1
DBG_INIT: meal_mutex init for philo 2
DBG_INIT: meal_mutex init for philo 3
DBG_INIT: meal_mutex init for philo 4
DBG_INIT: meal_mutex init for philo 5
DBG: init philo[1].time_last_meal=0
DBG: init philo[2].time_last_meal=0
DBG: init philo[3].time_last_meal=0
DBG: init philo[4].time_last_meal=0
DBG: init philo[5].time_last_meal=0
0 1 has taken the right fork
0 1 has taken the left fork
0 1 is eating
DBG_EAT: id=1 time_last_meal=0
1 2 has taken the left fork
1 5 has taken the right fork
DBG: start_time=1758387904439
DBG_EAT2: id=1 meals=1
100 1 has put down the left fork
100 1 has put down the right fork
100 1 is sleeping
100 2 has taken the right fork
100 2 is eating
DBG_EAT: id=2 time_last_meal=100
100 5 has taken the left fork
100 5 is eating
DBG_EAT: id=5 time_last_meal=100
DBG_EAT2: id=2 meals=1
201 2 has put down the right fork
DBG_EAT2: id=5 meals=1
201 5 has put down the left fork
201 1 is thinking
201 1 has taken the right fork
201 1 has taken the left fork
201 1 is eating
DBG_EAT: id=1 time_last_meal=201
201 2 has put down the left fork
201 5 has put down the right fork
201 5 is sleeping
201 2 is sleeping
201 4 has taken the left fork
201 4 has taken the right fork
201 4 is eating
DBG_EAT: id=4 time_last_meal=201
201 3 has taken the right fork
DBG_EAT2: id=1 meals=2
301 5 is thinking
301 1 has put down the left fork
301 1 has put down the right fork
301 2 is thinking
DBG_EAT2: id=4 meals=1
301 1 is sleeping
301 4 has put down the right fork
301 4 has put down the left fork
301 3 has taken the left fork
301 3 is eating
DBG_EAT: id=3 time_last_meal=301
301 4 is sleeping
301 5 has taken the right fork
301 5 has taken the left fork
301 5 is eating
DBG_EAT: id=5 time_last_meal=301
DBG_EAT2: id=3 meals=1
401 3 has put down the left fork
401 4 is thinking
401 1 is thinking
401 3 has put down the right fork
DBG_EAT2: id=5 meals=2
401 3 is sleeping
401 2 has taken the left fork
401 2 has taken the right fork
401 2 is eating
DBG_EAT: id=2 time_last_meal=401
401 5 has put down the left fork
401 5 has put down the right fork
401 5 is sleeping
401 4 has taken the left fork
401 4 has taken the right fork
401 4 is eating
DBG_EAT: id=4 time_last_meal=401
402 1 has taken the right fork
502 5 is thinking
DBG_EAT2: id=2 meals=2
DBG_EAT2: id=4 meals=2
502 4 has put down the right fork
502 3 is thinking
502 2 has put down the right fork
502 4 has put down the left fork
502 1 has taken the left fork
502 1 is eating
502 2 has put down the left fork
502 2 is sleeping
502 5 has taken the right fork
DBG_EAT: id=1 time_last_meal=502
502 4 is sleeping
502 3 has taken the right fork
502 3 has taken the left fork
502 3 is eating
DBG_EAT: id=3 time_last_meal=502
DBG_EAT2: id=1 meals=3
602 2 is thinking
602 1 has put down the left fork
DBG_EAT2: id=3 meals=2
602 4 is thinking
602 3 has put down the left fork
602 3 has put down the right fork
602 3 is sleeping
602 1 has put down the right fork
602 1 is sleeping
602 5 has taken the left fork
602 5 is eating
DBG_EAT: id=5 time_last_meal=602
602 2 has taken the left fork
602 2 has taken the right fork
602 2 is eating
DBG_EAT: id=2 time_last_meal=602
DBG_EAT2: id=2 meals=3
703 1 is thinking
703 2 has put down the right fork
703 2 has put down the left fork
703 2 is sleeping
DBG_EAT2: id=5 meals=3
703 3 is thinking
703 5 has put down the left fork
703 1 has taken the right fork
703 1 has taken the left fork
703 1 is eating
DBG_EAT: id=1 time_last_meal=703
703 3 has taken the right fork
703 3 has taken the left fork
703 3 is eating
DBG_EAT: id=3 time_last_meal=703
703 5 has put down the right fork
703 5 is sleeping
703 4 has taken the left fork
DBG_EAT2: id=1 meals=4
803 5 is thinking
803 1 has put down the left fork
803 1 has put down the right fork
DBG_EAT2: id=3 meals=3
803 2 is thinking
803 1 is sleeping
803 3 has put down the left fork
803 3 has put down the right fork
803 3 is sleeping
803 4 has taken the right fork
803 4 is eating
DBG_EAT: id=4 time_last_meal=803
803 2 has taken the left fork
803 2 has taken the right fork
803 2 is eating
DBG_EAT: id=2 tim