DBG_INIT: meal_mutex init for philo 1
DBG_INIT: meal_mutex init for philo 2
DBG: init philo[1].time_last_meal=0
DBG: init philo[2].time_last_meal=0
1 1 has taken the right fork
1 1 has taken the left fork
1 1 is eating
DBG_EAT: id=1 time_last_meal=1
DBG: start_time=1758403258073
DBG_EAT2: id=1 meals=1
62 1 has put down the left fork
62 1 has put down the right fork
62 1 is sleeping
62 2 has taken the left fork
62 2 has taken the right fork
62 2 is eating
DBG_EAT: id=2 time_last_meal=62
DBG_EAT2: id=2 meals=1
123 2 has put down the right fork
123 2 has put down the left fork
123 2 is sleeping
267 1 is thinking
267 1 has taken the right fork
267 1 has taken the left fork
267 1 is eating
DBG_EAT: id=1 time_last_meal=267
326 2 is thinking
DBG_EAT2: id=1 meals=2
329 1 has put down the left fork
329 1 has put down the right fork
329 1 is sleeping
329 2 has taken the left fork
329 2 has taken the right fork
329 2 is eating
DBG_EAT: id=2 time_last_meal=329
DBG_EAT2: id=2 meals=2
391 2 has put down the right fork
391 2 has put down the left fork
391 2 is sleeping
391 All philosophers ate enough
