DBG_INIT: meal_mutex init for philo 1
DBG_INIT: meal_mutex init for philo 2
DBG_INIT: meal_mutex init for philo 3
DBG: init philo[1].time_last_meal=0
DBG: init philo[2].time_last_meal=0
DBG: init philo[3].time_last_meal=0
0 1 has taken the right fork
0 1 has taken the left fork
0 1 is eating
DBG_EAT: id=1 time_last_meal=0
0 3 has taken the right fork
DBG: start_time=1758386218405
DBG_EAT2: id=1 meals=1
60 1 has put down the left fork
60 1 has put down the right fork
60 1 is sleeping
60 3 has taken the left fork
60 3 is eating
DBG_EAT: id=3 time_last_meal=60
121 1 is thinking
DBG_EAT2: id=3 meals=1
121 3 has put down the left fork
121 3 has put down the right fork
121 3 is sleeping
121 1 has taken the right fork
121 1 has taken the left fork
121 1 is eating
DBG_EAT: id=1 time_last_meal=121
121 2 has taken the left fork
181 3 is thinking
DBG_EAT2: id=1 meals=2
181 1 has put down the left fork
181 1 has put down the right fork
181 1 is sleeping
181 2 has taken the right fork
181 2 is eating
DBG_EAT: id=2 time_last_meal=181
241 1 is thinking
241 1 has taken the right fork
DBG_EAT2: id=2 meals=1
241 2 has put down the right fork
241 2 has put down the left fork
241 1 has taken the left fork
241 1 is eating
DBG_EAT: id=1 time_last_meal=241
241 2 is sleeping
241 3 has taken the right fork
301 2 is thinking
DBG_EAT2: id=1 meals=3
301 1 has put down the left fork
301 1 has put down the right fork
301 3 has taken the left fork
301 3 is eating
DBG_EAT: id=3 time_last_meal=301
301 1 is sleeping
DBG_EAT2: id=3 meals=2
361 3 has put down the left fork
361 3 has put down the right fork
361 1 is thinking
361 1 has taken the right fork
361 1 has taken the left fork
361 1 is eating
DBG_EAT: id=1 time_last_meal=361
361 3 is sleeping
361 2 has taken the left fork
DBG_EAT2: id=1 meals=4
421 3 is thinking
421 1 has put down the left fork
421 1 has put down the right fork
421 1 is sleeping
422 2 has taken the right fork
422 2 is eating
DBG_EAT: id=2 time_last_meal=422
482 1 is thinking
482 1 has taken the right fork
DBG_EAT2: id=2 meals=2
482 2 has put down the right fork
482 2 has put down the left fork
482 1 has taken the left fork
482 1 is eating
DBG_EAT: id=1 time_last_meal=482
482 2 is sleeping
482 3 has taken the right fork
DBG_EAT2: id=1 meals=5
542 1 has put down the left fork
542 2 is thinking
542 1 has put down the right fork
542 1 is sleeping
542 3 has taken the left fork
542 3 is eating
DBG_EAT: id=3 time_last_meal=542
602 1 is thinking
DBG_EAT2: id=3 meals=3
602 3 has put down the left fork
602 3 has put down the right fork
602 1 has taken the right fork
602 1 has taken the left fork
602 1 is eating
DBG_EAT: id=1 time_last_meal=602
602 3 is sleeping
602 2 has taken the left fork
DBG_EAT2: id=1 meals=6
662 3 is thinking
662 1 has put down the left fork
662 1 has put down the right fork
662 1 is sleeping
662 2 has taken the right fork
662 2 is eating
DBG_EAT: id=2 time_last_meal=662
722 1 is thinking
722 1 has taken the right fork
DBG_EAT2: id=2 meals=3
722 2 has put down the right fork
722 2 has put down the left fork
722 1 has taken the left fork
722 1 is eating
DBG_EAT: id=1 time_last_meal=722
722 2 is sleeping
722 3 has taken the right fork
722 All philosophers ate enough
DBG_EAT2: id=1 meals=7
