DBG_INIT: meal_mutex init for philo 1
DBG_INIT: meal_mutex init for philo 2
DBG: init philo[1].time_last_meal=0
DBG: init philo[2].time_last_meal=0
1 1 has taken the right fork
1 1 has taken the left fork
1 1 is eating
DBG_EAT: id=1 time_last_meal=1
DBG: start_time=1758402871283
DBG_EAT2: id=1 meals=1
101 1 has put down the left fork
102 1 has put down the right fork
102 1 is sleeping
102 2 has taken the left fork
102 2 has taken the right fork
102 2 is eating
DBG_EAT: id=2 time_last_meal=102
163 1 is thinking
DBG_EAT2: id=2 meals=1
203 2 has put down the right fork
203 2 has put down the left fork
203 2 is sleeping
203 1 has taken the right fork
203 1 has taken the left fork
203 1 is eating
DBG_EAT: id=1 time_last_meal=203
264 2 is thinking
DBG_EAT2: id=1 meals=2
304 1 has put down the left fork
304 1 has put down the right fork
304 1 is sleeping
304 2 has taken the left fork
304 2 has taken the right fork
304 2 is eating
DBG_EAT: id=2 time_last_meal=304
365 1 is thinking
DBG_EAT2: id=2 meals=2
405 2 has put down the right fork
405 2 has put down the left fork
405 2 is sleeping
406 1 has taken the right fork
406 1 has taken the left fork
406 1 is eating
DBG_EAT: id=1 time_last_meal=406
466 2 is thinking
DBG_EAT2: id=1 meals=3
507 1 has put down the left fork
507 1 has put down the right fork
507 1 is sleeping
507 2 has taken the left fork
507 2 has taken the right fork
507 2 is eating
DBG_EAT: id=2 time_last_meal=507
568 1 is thinking
DBG_EAT2: id=2 meals=3
608 2 has put down the right fork
608 2 has put down the left fork
608 2 is sleeping
608 1 has taken the right fork
608 1 has taken the left fork
608 1 is eating
DBG_EAT: id=1 time_last_meal=608
669 2 is thinking
DBG_EAT2: id=1 meals=4
709 1 has put down the left fork
709 1 has put down the right fork
710 1 is sleeping
710 2 has taken the left fork
710 2 has taken the right fork
710 2 is eating
DBG_EAT: id=2 time_last_meal=710
771 1 is thinking
DBG_EAT2: id=2 meals=4
811 2 has put down the right fork
811 2 has put down the left fork
811 2 is sleeping
811 1 has taken the right fork
811 1 has taken the left fork
811 1 is eating
DBG_EAT: id=1 time_last_meal=811
872 2 is thinking
DBG_EAT2: id=1 meals=5
912 1 has put down the left fork
912 1 has put down the right fork
912 1 is sleeping
912 2 has taken the left fork
912 2 has taken the right fork
912 2 is eating
DBG_EAT: id=2 time_last_meal=912
973 1 is thinking
DBG_EAT2: id=2 meals=5
1014 2 has put down the right fork
1014 2 has put down the left fork
1014 2 is sleeping
1014 1 has taken the right fork
1014 1 has taken the left fork
1014 1 is eating
DBG_EAT: id=1 time_last_meal=1014
1014 All philosophers ate enough
DBG_EAT2: id=1 meals=6
