DBG_INIT: meal_mutex init for philo 1
DBG_INIT: meal_mutex init for philo 2
DBG: init philo[1].time_last_meal=0
DBG: init philo[2].time_last_meal=0
0 1 has taken the right fork
0 1 has taken the left fork
0 1 is eating
DBG_EAT: id=1 time_last_meal=0
DBG: start_time=1758402820126
DBG_EAT2: id=1 meals=1
100 1 has put down the left fork
100 1 has put down the right fork
100 1 is sleeping
100 2 has taken the left fork
100 2 has taken the right fork
100 2 is eating
DBG_EAT: id=2 time_last_meal=100
DBG_EAT2: id=2 meals=1
201 2 has put down the right fork
201 2 has put down the left fork
201 1 is thinking
201 1 has taken the right fork
201 1 has taken the left fork
201 1 is eating
DBG_EAT: id=1 time_last_meal=201
201 2 is sleeping
DBG_EAT2: id=1 meals=2
301 1 has put down the left fork
301 1 has put down the right fork
301 2 is thinking
301 1 is sleeping
301 2 has taken the left fork
301 2 has taken the right fork
301 2 is eating
DBG_EAT: id=2 time_last_meal=301
DBG_EAT2: id=2 meals=2
401 2 has put down the right fork
401 2 has put down the left fork
401 1 is thinking
401 1 has taken the right fork
401 1 has taken the left fork
401 1 is eating
DBG_EAT: id=1 time_last_meal=401
401 2 is sleeping
DBG_EAT2: id=1 meals=3
502 1 has put down the left fork
502 1 has put down the right fork
502 2 is thinking
502 1 is sleeping
502 2 has taken the left fork
502 2 has taken the right fork
502 2 is eating
DBG_EAT: id=2 time_last_meal=502
DBG_EAT2: id=2 meals=3
602 2 has put down the right fork
602 2 has put down the left fork
602 1 is thinking
602 1 has taken the right fork
602 1 has taken the left fork
602 1 is eating
DBG_EAT: id=1 time_last_meal=602
602 2 is sleeping
DBG_EAT2: id=1 meals=4
703 1 has put down the left fork
703 1 has put down the right fork
703 2 is thinking
703 1 is sleeping
703 2 has taken the left fork
703 2 has taken the right fork
703 2 is eating
DBG_EAT: id=2 time_last_meal=703
DBG_EAT2: id=2 meals=4
803 2 has put down the right fork
803 2 has put down the left fork
803 1 is thinking
803 1 has taken the right fork
803 1 has taken the left fork
803 1 is eating
DBG_EAT: id=1 time_last_meal=803
803 2 is sleeping
DBG_EAT2: id=1 meals=5
904 1 has put down the left fork
904 1 has put down the right fork
904 2 is thinking
904 1 is sleeping
904 2 has taken the left fork
904 2 has taken the right fork
904 2 is eating
DBG_EAT: id=2 time_last_meal=904
DBG_EAT2: id=2 meals=5
1004 2 has put down the right fork
1004 2 has put down the left fork
1004 1 is thinking
1004 1 has taken the right fork
1004 1 has taken the left fork
1004 1 is eating
DBG_EAT: id=1 time_last_meal=1004
1004 2 is sleeping
1104 2 is thinking
DBG_EAT2: id=1 meals=6
1104 1 has put down the left fork
1104 1 has put down the right fork
1104 1 is sleeping
1104 2 has taken the left fork
1104 2 has taken the right fork
1104 2 is eating
DBG_EAT: id=2 time_last_meal=1104
DBG_EAT2: id=2 meals=6
1205 2 has put down the right fork
1205 2 has put down the left fork
1205 1 is thinking
1205 1 has taken the right fork
1205 1 has taken the left fork
1205 1 is eating
DBG_EAT: id=1 time_last_meal=1205
1205 2 is sleeping
DBG_EAT2: id=1 meals=7
1305 1 has put down the left fork
1305 1 has put down the right fork
1305 2 is thinking
1305 1 is sleeping
1305 2 has taken the left fork
1305 2 has taken the right fork
1305 2 is eating
DBG_EAT: id=2 time_last_meal=1305
DBG_EAT2: id=2 meals=7
1406 2 has put down the right fork
1406 2 has put down the left fork
1406 1 is thinking
1406 1 has taken the right fork
1406 1 has taken the left fork
1406 1 is eating
DBG_EAT: id=1 time_last_meal=1406
1406 2 is sleeping
1506 2 is thinking
DBG_EAT2: id=1 meals=8
1506 1 has put down the left fork
1506 1 has put down the right fork
1506 1 is sleeping
1506 2 has taken the left fork
1506 2 has taken the right fork
1506 2 is eating
DBG_EAT: id=2 time_last_meal=1506
DBG_EAT2: id=2 meals=8
1607 2 has put down the right fork
1607 2 has put down the left fork
1607 1 is thinking
1607 1 has taken the right fork
1607 1 has taken the left fork
1607 1 is eating
DBG_EAT: id=1 time_last_meal=1607
1607 2 is sleeping
DBG_EAT2: id=1 meals=9
1707 1 has put down the left fork
1707 1 has put down the right fork
1707 1 is sleeping
1707 2 is thinking
1707 2 has taken the left fork
1707 2 has taken the right fork
1707 2 is eating
DBG_EAT: id=2 time_last_meal=1707
1807 1 is thinking
DBG_EAT2: id=2 meals=9
1807 2 has put down the right fork
1807 2 has put down the left fork
1807 2 is sleeping
1808 1 has taken the right fork
1808 1 has taken the left fork
1808 1 is eating
DBG_EAT: id=1 time_last_meal=1808
1908 2 is thinking
DBG_EAT2: id=1 meals=10
1908 1 has put down the left fork
1908 1 has put down the right fork
1908 1 is sleeping
1908 2 has taken the left fork
1908 2 has taken the right fork
1908 2 is eating
DBG_EAT: id=2 time_last_meal=1908
DBG_EAT2: id=2 meals=10
2008 2 has put down the right fork
2008 2 has put down the left fork
2008 1 is thinking
2008 1 has taken the right fork
2008 1 has taken the left fork
2008 1 is eating
DBG_EAT: id=1 time_last_meal=2008
2008 2 is sleeping
DBG_EAT2: id=1 meals=11
2108 1 has put down the left fork
2108 1 has put down the right fork
2109 1 is sleeping
2109 2 is thinking
2109 2 has taken the left fork
2109 2 has taken the right fork
2109 2 is eating
DBG_EAT: id=2 time_last_meal=2109
2209 1 is thinking
DBG_EAT2: id=2 meals=11
2209 2 has put down the right fork
2209 2 has put down the left fork
2209 2 is sleeping
2209 1 has taken the right fork
2209 1 has taken the left fork
2209 1 is eating
DBG_EAT: id=1 time_last_meal=2209
2309 2 is thinking
DBG_EAT2: id=1 meals=12
2309 1 has put down the left fork
2310 1 has put down the right fork
2310 1 is sleeping
2310 2 has taken the left fork
2310 2 has taken the right fork
2310 2 is eating
DBG_EAT: id=2 time_last_meal=2310
DBG_EAT2: id=2 meals=12
2410 2 has put down the right fork
2410 2 has put down the left fork
2410 1 is thinking
2410 1 has taken the right fork
2410 1 has taken the left fork
2410 1 is eating
DBG_EAT: id=1 time_last_meal=2410
2410 2 is sleeping
2510 2 is thinking
DBG_EAT2: id=1 meals=13
2510 1 has put down the left fork
2510 1 has put down the right fork
2511 1 is sleeping
2511 2 has taken the left fork
2511 2 has taken the right fork
2511 2 is eating
DBG_EAT: id=2 time_last_meal=2511
2611 1 is thinking
DBG_EAT2: id=2 meals=13
2611 2 has put down the right fork
2611 2 has put down the left fork
2611 2 is sleeping
2611 1 has taken the right fork
2611 1 has taken the left fork
2611 1 is eating
DBG_EAT: id=1 time_last_meal=2611
2711 2 is thinking
DBG_EAT2: id=1 meals=14
2711 1 has put down the left fork
2711 1 has put down the right fork
2711 1 is sleeping
2711 2 has taken the left fork
2711 2 has taken the right fork
2711 2 is eating
DBG_EAT: id=2 time_last_meal=2711
DBG_EAT2: id=2 meals=14
2811 2 has put down the right fork
2811 2 has put down the left fork
2811 2 is sleeping
2811 1 is thinking
2811 1 has taken the right fork
2811 1 has taken the left fork
2811 1 is eating
DBG_EAT: id=1 time_last_meal=2811
DBG_EAT2: id=1 meals=15
2912 1 has put down the left fork
2912 1 has put down the right fork
2912 1 is sleeping
2912 2 is thinking
2912 2 has taken the left fork
2912 2 has taken the right fork
2912 2 is eating
DBG_EAT: id=2 time_last_meal=2912
3012 1 is thinking
DBG_EAT2: id=2 meals=15
3012 2 has put down the right fork
3012 2 has put down the left fork
3012 2 is sleeping
3012 1 has taken the right fork
3012 1 has taken the left fork
3012 1 is eating
DBG_EAT: id=1 time_last_meal=3012
3112 2 is thinking
DBG_EAT2: id=1 meals=16
3113 1 has put down the left fork
3113 1 has put down the right fork
3113 1 is sleeping
3113 2 has taken the left fork
3113 2 has taken the right fork
3113 2 is eating
DBG_EAT: id=2 time_last_meal=3113
DBG_EAT2: id=2 meals=16
3213 2 has put down the right fork
3213 2 has put down the left fork
3213 1 is thinking
3213 1 has taken the right fork
3213 1 has taken the left fork
3213 1 is eating
DBG_EAT: id=1 time_last_meal=3213
3213 2 is sleeping
DBG_EAT2: id=1 meals=17
3313 1 has put down the left fork
3313 1 has put down the right fork
3313 2 is thinking
3313 1 is sleeping
3313 2 has taken the left fork
3313 2 has taken t