DBG_INIT: meal_mutex init for philo 1
DBG_INIT: meal_mutex init for philo 2
DBG_INIT: meal_mutex init for philo 3
DBG: init philo[1].time_last_meal=0
DBG: init philo[2].time_last_meal=0
DBG: init philo[3].time_last_meal=0
0 1 has taken the right fork
0 1 has taken the left fork
0 1 is eating
DBG_EAT: id=1 time_last_meal=0
0 3 has taken the right fork
DBG: start_time=1758386317433
DBG_EAT2: id=1 meals=1
100 1 has put down the left fork
100 1 has put down the right fork
100 1 is sleeping
100 3 has taken the left fork
100 3 is eating
DBG_EAT: id=3 time_last_meal=100
160 1 is thinking
DBG_EAT2: id=3 meals=1
200 3 has put down the left fork
200 3 has put down the right fork
200 1 has taken the right fork
200 1 has taken the left fork
200 3 is sleeping
200 1 is eating
DBG_EAT: id=1 time_last_meal=200
200 2 has taken the left fork
260 3 is thinking
DBG_EAT2: id=1 meals=2
300 1 has put down the left fork
300 1 has put down the right fork
300 1 is sleeping
300 2 has taken the right fork
300 2 is eating
DBG_EAT: id=2 time_last_meal=300
360 1 is thinking
360 1 has taken the right fork
DBG_EAT2: id=2 meals=1
400 2 has put down the right fork
400 2 has put down the left fork
400 1 has taken the left fork
400 2 is sleeping
400 1 is eating
DBG_EAT: id=1 time_last_meal=400
400 3 has taken the right fork
460 2 is thinking
DBG_EAT2: id=1 meals=3
500 1 has put down the left fork
500 1 has put down the right fork
501 1 is sleeping
501 3 has taken the left fork
501 3 is eating
DBG_EAT: id=3 time_last_meal=501
561 1 is thinking
DBG_EAT2: id=3 meals=2
601 3 has put down the left fork
601 3 has put down the right fork
601 1 has taken the right fork
601 1 has taken the left fork
601 1 is eating
DBG_EAT: id=1 time_last_meal=601
601 3 is sleeping
601 2 has taken the left fork
661 3 is thinking
DBG_EAT2: id=1 meals=4
701 1 has put down the left fork
701 1 has put down the right fork
701 1 is sleeping
701 2 has taken the right fork
701 2 is eating
DBG_EAT: id=2 time_last_meal=701
761 1 is thinking
761 1 has taken the right fork
DBG_EAT2: id=2 meals=2
801 2 has put down the right fork
801 2 has put down the left fork
801 1 has taken the left fork
801 1 is eating
DBG_EAT: id=1 time_last_meal=801
801 2 is sleeping
801 3 has taken the right fork
861 2 is thinking
DBG_EAT2: id=1 meals=5
901 1 has put down the left fork
901 1 has put down the right fork
901 1 is sleeping
901 3 has taken the left fork
901 3 is eating
DBG_EAT: id=3 time_last_meal=901
961 1 is thinking
DBG_EAT2: id=3 meals=3
1001 3 has put down the left fork
1001 3 has put down the right fork
1001 1 has taken the right fork
1001 3 is sleeping
1001 1 has taken the left fork
1001 1 is eating
DBG_EAT: id=1 time_last_meal=1001
1001 2 has taken the left fork
1062 3 is thinking
DBG_EAT2: id=1 meals=6
1102 1 has put down the left fork
1102 1 has put down the right fork
1102 1 is sleeping
1102 2 has taken the right fork
1102 2 is eating
DBG_EAT: id=2 time_last_meal=1102
1162 1 is thinking
1162 1 has taken the right fork
DBG_EAT2: id=2 meals=3
1202 2 has put down the right fork
1202 2 has put down the left fork
1202 1 has taken the left fork
1202 1 is eating
DBG_EAT: id=1 time_last_meal=1202
1202 2 is sleeping
1202 3 has taken the right fork
1262 2 is thinking
DBG_EAT2: id=1 meals=7
1302 1 has put down the left fork
1302 1 has put down the right fork
1302 1 is sleeping
1302 3 has taken the left fork
1302 3 is eating
DBG_EAT: id=3 time_last_meal=1302
1362 1 is thinking
DBG_EAT2: id=3 meals=4
1402 3 has put down the left fork
1402 3 has put down the right fork
1402 1 has taken the right fork
1402 1 has taken the left fork
1402 1 is eating
DBG_EAT: id=1 time_last_meal=1402
1402 3 is sleeping
1402 2 has taken the left fork
1462 3 is thinking
DBG_EAT2: id=1 meals=8
1502 1 has put down the left fork
1502 1 has put down the right fork
1502 1 is sleeping
1502 2 has taken the right fork
1502 2 is eating
DBG_EAT: id=2 time_last_meal=1502
1562 1 is thinking
1562 1 has taken the right fork
DBG_EAT2: id=2 meals=4
1603 2 has put down the right fork
1603 2 has put down the left fork
1603 2 is sleeping
1603 1 has taken the left fork
1603 1 is eating
DBG_EAT: id=1 time_last_meal=1603
1603 3 has taken the right fork
1663 2 is thinking
DBG_EAT2: id=1 meals=9
1703 1 has put down the left fork
1703 1 has put down the right fork
1703 1 is sleeping
1703 3 has taken the left fork
1703 3 is eating
DBG_EAT: id=3 time_last_meal=1703
1763 1 is thinking
DBG_EAT2: id=3 meals=5
1803 3 has put down the left fork
1803 3 has put down the right fork
1803 1 has taken the right fork
1803 1 has taken the left fork
1803 1 is eating
DBG_EAT: id=1 time_last_meal=1803
1803 3 is sleeping
1803 2 has taken the left fork
1863 3 is thinking
DBG_EAT2: id=1 meals=10
1903 1 has put down the left fork
1903 1 has put down the right fork
1903 1 is sleeping
1903 2 has taken the right fork
1903 2 is eating
DBG_EAT: id=2 time_last_meal=1903
1963 1 is thinking
1963 1 has taken the right fork
DBG_EAT2: id=2 meals=5
2003 2 has put down the right fork
2003 2 has put down the left fork
2003 1 has taken the left fork
2003 1 is eating
DBG_EAT: id=1 time_last_meal=2003
2003 2 is sleeping
2003 3 has taken the right fork
2063 2 is thinking
DBG_EAT2: id=1 meals=11
2103 1 has put down the left fork
2103 1 has put down the right fork
2104 1 is sleeping
2104 3 has taken the left fork
2104 3 is eating
DBG_EAT: id=3 time_last_meal=2104
2164 1 is thinking
DBG_EAT2: id=3 meals=6
2204 3 has put down the left fork
2204 3 has put down the right fork
2204 1 has taken the right fork
2204 1 has taken the left fork
2204 1 is eating
DBG_EAT: id=1 time_last_meal=2204
2204 3 is sleeping
2204 2 has taken the left fork
2264 3 is thinking
DBG_EAT2: id=1 meals=12
2304 1 has put down the left fork
2304 1 has put down the right fork
2304 1 is sleeping
2304 2 has taken the right fork
2304 2 is eating
DBG_EAT: id=2 time_last_meal=2304
2364 1 is thinking
2364 1 has taken the right fork
DBG_EAT2: id=2 meals=6
2404 2 has put down the right fork
2404 2 has put down the left fork
2404 1 has taken the left fork
2404 1 is eating
DBG_EAT: id=1 time_last_meal=2404
2404 2 is sleeping
2404 3 has taken the right fork
2464 2 is thinking
DBG_EAT2: id=1 meals=13
2504 1 has put down the left fork
2504 1 has put down the right fork
2504 1 is sleeping
2504 3 has taken the left fork
2504 3 is eating
DBG_EAT: id=3 time_last_meal=2504
2564 1 is thinking
DBG_EAT2: id=3 meals=7
2604 3 has put down the left fork
2604 3 has put down the right fork
2604 3 is sleeping
2604 1 has taken the right fork
2604 1 has taken the left fork
2604 1 is eating
DBG_EAT: id=1 time_last_meal=2604
2604 2 has taken the left fork
2664 3 is thinking
DBG_EAT2: id=1 meals=14
2704 1 has put down the left fork
2704 1 has put down the right fork
2704 1 is sleeping
2704 2 has taken the right fork
2704 2 is eating
DBG_EAT: id=2 time_last_meal=2704
2765 1 is thinking
2765 1 has taken the right fork
DBG_EAT2: id=2 meals=7
2805 2 has put down the right fork
2805 2 has put down the left fork
2805 1 has taken the left fork
2805 1 is eating
DBG_EAT: id=1 time_last_meal=2805
2805 2 is sleeping
2805 3 has taken the right fork
2865 2 is thinking
DBG_EAT2: id=1 meals=15
2905 1 has put down the left fork
2905 1 has put down the right fork
2905 1 is sleeping
2905 3 has taken the left fork
2905 3 is eating
DBG_EAT: id=3 time_last_meal=2905
2965 1 is thinking
DBG_EAT2: id=3 meals=8
3005 3 has put down the left fork
3005 3 has put down the right fork
3005 1 has taken the right fork
3005 1 has taken the left fork
3005 1 is eating
DBG_EAT: id=1 time_last_meal=3005
3005 3 is sleeping
3005 2 has taken the left fork
3065 3 is thinking
DBG_EAT2: id=1 meals=16
3105 1 has put down the left fork
3105 1 has put down the right fork
3105 1 is sleeping
3105 2 has taken the right fork
3105 2 is eating
DBG_EAT: id=2 time_last_meal=3105
3165 1 is thinking
3165 1 has taken the right fork
DBG_EAT2: id=2 meals=8
3205 2 has put down the right fork
3205 2 has put down the left fork
3205 2 is sleeping
3205 1 has taken the left fork
3205 1 is eating
DBG_EAT: id=1 time_last_meal=3205
3205 3 has taken the right fork
3265 2 is thinking
DBG_EAT2: id=1 meals=17
3306 1 has put down the left fork
3306 1 