DBG_INIT: meal_mutex init for philo 1
DBG_INIT: meal_mutex init for philo 2
DBG_INIT: meal_mutex init for philo 3
DBG: init philo[1].time_last_meal=0
DBG: init philo[2].time_last_meal=0
DBG: init philo[3].time_last_meal=0
0 1 has taken the right fork
0 1 has taken the left fork
0 1 is eating
DBG_EAT: id=1 time_last_meal=0
0 3 has taken the right fork
DBG: start_time=1758386309456
DBG_EAT2: id=1 meals=1
60 1 has put down the left fork
60 1 has put down the right fork
60 1 is sleeping
60 3 has taken the left fork
60 3 is eating
DBG_EAT: id=3 time_last_meal=60
DBG_EAT2: id=3 meals=1
121 3 has put down the left fork
121 3 has put down the right fork
121 3 is sleeping
121 2 has taken the left fork
121 2 has taken the right fork
121 2 is eating
DBG_EAT: id=2 time_last_meal=121
DBG_EAT2: id=2 meals=1
181 2 has put down the right fork
181 2 has put down the left fork
181 2 is sleeping
261 1 is thinking
261 1 has taken the right fork
261 1 has taken the left fork
261 1 is eating
DBG_EAT: id=1 time_last_meal=261
DBG_EAT2: id=1 meals=2
321 1 has put down the left fork
321 1 has put down the right fork
321 1 is sleeping
321 3 is thinking
321 3 has taken the right fork
321 3 has taken the left fork
321 3 is eating
DBG_EAT: id=3 time_last_meal=321
DBG_EAT2: id=3 meals=2
381 3 has put down the left fork
381 3 has put down the right fork
381 3 is sleeping
381 2 is thinking
381 2 has taken the left fork
381 2 has taken the right fork
381 2 is eating
DBG_EAT: id=2 time_last_meal=381
DBG_EAT2: id=2 meals=2
441 2 has put down the right fork
441 2 has put down the left fork
441 2 is sleeping
521 1 is thinking
521 1 has taken the right fork
521 1 has taken the left fork
521 1 is eating
DBG_EAT: id=1 time_last_meal=521
DBG_EAT2: id=1 meals=3
581 1 has put down the left fork
581 1 has put down the right fork
581 1 is sleeping
581 3 is thinking
581 3 has taken the right fork
581 3 has taken the left fork
581 3 is eating
DBG_EAT: id=3 time_last_meal=581
DBG_EAT2: id=3 meals=3
641 3 has put down the left fork
641 3 has put down the right fork
641 3 is sleeping
641 2 is thinking
641 2 has taken the left fork
641 2 has taken the right fork
641 2 is eating
DBG_EAT: id=2 time_last_meal=641
DBG_EAT2: id=2 meals=3
701 2 has put down the right fork
701 2 has put down the left fork
701 2 is sleeping
781 1 is thinking
781 1 has taken the right fork
781 1 has taken the left fork
781 1 is eating
DBG_EAT: id=1 time_last_meal=781
DBG_EAT2: id=1 meals=4
841 1 has put down the left fork
841 1 has put down the right fork
841 1 is sleeping
841 3 is thinking
841 3 has taken the right fork
841 3 has taken the left fork
841 3 is eating
DBG_EAT: id=3 time_last_meal=841
DBG_EAT2: id=3 meals=4
901 3 has put down the left fork
901 3 has put down the right fork
901 3 is sleeping
902 2 is thinking
902 2 has taken the left fork
902 2 has taken the right fork
902 2 is eating
DBG_EAT: id=2 time_last_meal=902
DBG_EAT2: id=2 meals=4
962 2 has put down the right fork
962 2 has put down the left fork
962 2 is sleeping
1041 1 is thinking
1041 1 has taken the right fork
1041 1 has taken the left fork
1041 1 is eating
DBG_EAT: id=1 time_last_meal=1041
DBG_EAT2: id=1 meals=5
1101 1 has put down the left fork
1101 1 has put down the right fork
1101 1 is sleeping
1101 3 is thinking
1101 3 has taken the right fork
1101 3 has taken the left fork
1101 3 is eating
DBG_EAT: id=3 time_last_meal=1101
DBG_EAT2: id=3 meals=5
1161 3 has put down the left fork
1161 3 has put down the right fork
1161 3 is sleeping
1162 2 is thinking
1162 2 has taken the left fork
1162 2 has taken the right fork
1162 2 is eating
DBG_EAT: id=2 time_last_meal=1162
DBG_EAT2: id=2 meals=5
1222 2 has put down the right fork
1222 2 has put down the left fork
1222 2 is sleeping
1301 1 is thinking
1301 1 has taken the right fork
1301 1 has taken the left fork
1301 1 is eating
DBG_EAT: id=1 time_last_meal=1301
DBG_EAT2: id=1 meals=6
1361 1 has put down the left fork
1361 1 has put down the right fork
1362 3 is thinking
1362 3 has taken the right fork
1362 3 has taken the left fork
1362 3 is eating
DBG_EAT: id=3 time_last_meal=1362
1362 1 is sleeping
DBG_EAT2: id=3 meals=6
1422 3 has put down the left fork
1422 3 has put down the right fork
1422 3 is sleeping
1422 2 is thinking
1422 2 has taken the left fork
1422 2 has taken the right fork
1422 2 is eating
DBG_EAT: id=2 time_last_meal=1422
DBG_EAT2: id=2 meals=6
1482 2 has put down the right fork
1482 2 has put down the left fork
1482 2 is sleeping
1562 1 is thinking
1562 1 has taken the right fork
1562 1 has taken the left fork
1562 1 is eating
DBG_EAT: id=1 time_last_meal=1562
1622 3 is thinking
1622 3 has taken the right fork
DBG_EAT2: id=1 meals=7
1622 1 has put down the left fork
1622 1 has put down the right fork
1622 1 is sleeping
1622 3 has taken the left fork
1622 3 is eating
DBG_EAT: id=3 time_last_meal=1622
DBG_EAT2: id=3 meals=7
1682 3 has put down the left fork
1682 3 has put down the right fork
1682 3 is sleeping
1682 2 is thinking
1683 2 has taken the left fork
1683 2 has taken the right fork
1683 2 is eating
DBG_EAT: id=2 time_last_meal=1683
DBG_EAT2: id=2 meals=7
1743 2 has put down the right fork
1743 2 has put down the left fork
1743 2 is sleeping
1822 1 is thinking
1822 1 has taken the right fork
1822 1 has taken the left fork
1822 1 is eating
DBG_EAT: id=1 time_last_meal=1822
DBG_EAT2: id=1 meals=8
1882 1 has put down the left fork
1882 1 has put down the right fork
1882 1 is sleeping
1882 3 is thinking
1882 3 has taken the right fork
1882 3 has taken the left fork
1882 3 is eating
DBG_EAT: id=3 time_last_meal=1882
DBG_EAT2: id=3 meals=8
1942 3 has put down the left fork
1942 3 has put down the right fork
1942 3 is sleeping
1943 2 is thinking
1943 2 has taken the left fork
1943 2 has taken the right fork
1943 2 is eating
DBG_EAT: id=2 time_last_meal=1943
DBG_EAT2: id=2 meals=8
2003 2 has put down the right fork
2003 2 has put down the left fork
2003 2 is sleeping
2082 1 is thinking
2082 1 has taken the right fork
2082 1 has taken the left fork
2082 1 is eating
DBG_EAT: id=1 time_last_meal=2082
DBG_EAT2: id=1 meals=9
2142 1 has put down the left fork
2142 1 has put down the right fork
2142 1 is sleeping
2142 3 is thinking
2142 3 has taken the right fork
2142 3 has taken the left fork
2142 3 is eating
DBG_EAT: id=3 time_last_meal=2142
DBG_EAT2: id=3 meals=9
2202 3 has put down the left fork
2202 3 has put down the right fork
2202 3 is sleeping
2203 2 is thinking
2203 2 has taken the left fork
2203 2 has taken the right fork
2203 2 is eating
DBG_EAT: id=2 time_last_meal=2203
DBG_EAT2: id=2 meals=9
2263 2 has put down the right fork
2263 2 has put down the left fork
2263 2 is sleeping
2342 1 is thinking
2342 1 has taken the right fork
2342 1 has taken the left fork
2342 1 is eating
DBG_EAT: id=1 time_last_meal=2342
DBG_EAT2: id=1 meals=10
2403 1 has put down the left fork
2403 1 has put down the right fork
2403 1 is sleeping
2403 3 is thinking
2403 3 has taken the right fork
2403 3 has taken the left fork
2403 3 is eating
DBG_EAT: id=3 time_last_meal=2403
DBG_EAT2: id=3 meals=10
2463 3 has put down the left fork
2463 3 has put down the right fork
2463 3 is sleeping
2463 2 is thinking
2464 2 has taken the left fork
2464 2 has taken the right fork
2464 2 is eating
DBG_EAT: id=2 time_last_meal=2464
DBG_EAT2: id=2 meals=10
2524 2 has put down the right fork
2524 2 has put down the left fork
2524 2 is sleeping
2603 1 is thinking
2603 1 has taken the right fork
2603 1 has taken the left fork
2603 1 is eating
DBG_EAT: id=1 time_last_meal=2603
DBG_EAT2: id=1 meals=11
2663 1 has put down the left fork
2663 1 has put down the right fork
2663 3 is thinking
2663 3 has taken the right fork
2663 3 has taken the left fork
2663 3 is eating
DBG_EAT: id=3 time_last_meal=2663
2663 1 is sleeping
DBG_EAT2: id=3 meals=11
2723 3 has put down the left fork
2723 3 has put down the right fork
2723 3 is sleeping
2724 2 is thinking
2724 2 has taken the left fork
2724 2 has taken the right fork
2724 2 is eating
DBG_EAT: id=2 time_last_meal=2724
DBG_EAT2: id=2 meals=11
2784 2 has put down the right fork
2784 2 has put down the left fork
2784 2 is sleeping
2863 1 is thinking
2863 1 has taken the right fork
2863 1 has taken the left fork
2863 1 is eating
DBG_EAT: id=1 time_last_meal=2863
2923 3 is thinking
2923 3 has taken the right fork
DBG_EAT2: id=1 meals=12
2923 1 has put down the left fork
2923 1 has put down the right fork
2923 3 has taken the left fork
2923 3 is eating
DBG_EAT: id=3 time_last_meal=2923
2923 1 is sleeping
DBG_EAT2: id=3 meals=12
2983 3 has put down the left fork
2983 3 has put down the right fork
2983 3 is sleeping
2984 2 is thinking
2984 2 has taken the left fork
2984 2 has taken the right fork
2984 2 is eating
DBG_EAT: id=2 time_last_meal=2984
DBG_EAT2: id=2 meals=12
3044 2 has put down the right fork
3044 2 has put down the left fork
3044 2 is sleeping
3123 1 is thinking
3123 1 has taken the right fork
3123 1 has taken the left fork
3123 1 is eating
DBG_EAT: id=1 time_last_meal=3123
DBG_EAT2: id=1 meals=13
3183 1 has put down the left fork
3183 1 has put down the right fork
3183 1 is sleeping
3183 3 is thinking
3183 3 has taken the right fork
3183 3 has taken the left fork
3183 3 is eating
DBG_EAT: id=3 time_last_meal=3183
DBG_EAT2: id=3 meals=13
3244 3 has put down the left fork
3244 3 has put down the right fork
3244 3 is sleeping
3244 2 is thinking
3244 2 has taken the left fork
3244 2 has taken the right fork
3244 2 is eating
DBG_EAT: id=2 time_last_meal=3244
DBG_EAT2: id=2 meals=13
3304 2 has put down the right fork
3304 2 has put down the left fork
3305 2 is sleeping
3383 1 is thinking
3383 1 has taken the right fork
3383 1 has taken the left fork
3383 1 is eating
DBG_EAT: id=1 time_last_meal=3383
DBG_EAT2: id=1 meals=14
3444 1 has put down the left fork
3444 1 has put down the right fork
3444 1 is sleeping
3444 3 is thinking
3444 3 has taken the right fork
3444 3 has taken the left fork
3444 3 is eating
DBG_EAT: id=3 time_last_meal=3444
DBG_EAT2: id=3 meals=14
3504 3 has put down the left fork
3504 3 has put down the right fork
3504 3 is sleeping
3505 2 is thinking
3505 2 has taken the left fork
3505 2 has taken the right fork
3505 2 is eating
DBG_EAT: id=2 time_last_meal=3505
DBG_EAT2: id=2 meals=14
3565 2 has put down the right fork
3565 2 has put down the left fork
3565 2 is sleeping
3644 1 is thinking
3644 1 has taken the right fork
3644 1 has taken the left fork
3644 1 is eating
DBG_EAT: id=1 time_last_meal=3644
DBG_EAT2: id=1 meals=15
3704 1 has put down the left fork
3704 1 has put down the right fork
3704 1 is sleeping
3704 3 is thinking
3704 3 has taken the right fork
3704 3 has taken the left fork
3704 3 is eating
DBG_EAT: id=3 time_last_meal=3704
DBG_EAT2: id=3 meals=15
3764 3 has put down the left fork
3764 3 has put down the right fork
3764 3 is sleeping
3765 2 is thinking
3765 2 has taken the left fork
3765 2 has taken the right fork
3765 2 is eating
DBG_EAT: id=2 time_last_meal=3765
DBG_EAT2: id=2 meals=15
3825 2 has put down the right fork
3825 2 has put down the left fork
3825 2 is sleeping
3904 1 is thinking
3904 1 has taken the right fork
3904 1 has taken the left fork
3904 1 is eating
DBG_EAT: id=1 time_last_meal=3904
DBG_EAT2: id=1 meals=16
3964 1 has put down the left fork
3964 1 has put down the right fork
3964 1 is sleeping
3964 3 is thinking
3964 3 has taken the right fork
3964 3 has taken the left fork
3964 3 is eating
DBG_EAT: id=3 time_last_meal=3964
DBG_EAT2: id=3 meals=16
4024 3 has put down the left fork
4024 3 has put down the right fork
4024 3 is sleeping
4025 2 is thinking
4025 2 has taken the left fork
4025 2 has taken the right fork
4025 2 is eating
DBG_EAT: id=2 time_last_meal=4025
DBG_EAT2: id=2 meals=16
4085 2 has put down the right fork
4085 2 has put down the left fork
4086 2 is sleeping
4164 1 is thinking
4164 1 has taken the right fork
4164 1 has taken the left fork
4164 1 is eating
DBG_EAT: id=1 time_last_meal=4164
DBG_EAT2: id=1 meals=17
4224 1 has put down the left fork
4224 1 has put down the right fork
4224 1 is sleeping
4224 3 is thinking
4224 3 has taken the right fork
4224 3 has taken the left fork
4224 3 is eating
DBG_EAT: id=3 time_last_meal=4224
DBG_EAT2: id=3 meals=17
4284 3 has put down the left fork
4284 3 has put down the right for