DBG_INIT: meal_mutex init for philo 1
DBG_INIT: meal_mutex init for philo 2
DBG_INIT: meal_mutex init for philo 3
DBG_INIT: meal_mutex init for philo 4
DBG_INIT: meal_mutex init for philo 5
DBG: init philo[1].time_last_meal=0
DBG: init philo[2].time_last_meal=0
DBG: init philo[3].time_last_meal=0
DBG: init philo[4].time_last_meal=0
DBG: init philo[5].time_last_meal=0
0 1 has taken the right fork
0 1 has taken the left fork
0 1 is eating
DBG_EAT: id=1 time_last_meal=0
1 3 has taken the right fork
1 3 has taken the left fork
1 3 is eating
DBG_EAT: id=3 time_last_meal=1
1 5 has taken the right fork
DBG: start_time=1758387809978
DBG_EAT2: id=1 meals=1
100 1 has put down the left fork
100 1 has put down the right fork
100 1 is sleeping
101 5 has taken the left fork
101 5 is eating
DBG_EAT: id=5 time_last_meal=101
DBG_EAT2: id=3 meals=1
101 3 has put down the left fork
101 3 has put down the right fork
101 3 is sleeping
101 2 has taken the left fork
101 2 has taken the right fork
101 2 is eating
DBG_EAT: id=2 time_last_meal=101
DBG_EAT2: id=5 meals=1
201 5 has put down the left fork
201 5 has put down the right fork
201 5 is sleeping
201 4 has taken the left fork
201 4 has taken the right fork
201 4 is eating
DBG_EAT: id=4 time_last_meal=201
DBG_EAT2: id=2 meals=1
201 2 has put down the right fork
201 2 has put down the left fork
201 2 is sleeping
301 1 is thinking
301 1 has taken the right fork
301 1 has taken the left fork
301 1 is eating
DBG_EAT: id=1 time_last_meal=301
301 3 is thinking
301 3 has taken the right fork
DBG_EAT2: id=4 meals=1
301 4 has put down the right fork
301 4 has put down the left fork
301 4 is sleeping
301 3 has taken the left fork
301 3 is eating
DBG_EAT: id=3 time_last_meal=301
DBG_EAT2: id=1 meals=2
401 1 has put down the left fork
401 1 has put down the right fork
401 1 is sleeping
401 2 is thinking
401 5 is thinking
401 5 has taken the right fork
401 5 has taken the left fork
401 5 is eating
DBG_EAT: id=5 time_last_meal=401
DBG_EAT2: id=3 meals=2
401 3 has put down the left fork
402 3 has put down the right fork
402 3 is sleeping
402 2 has taken the left fork
402 2 has taken the right fork
402 2 is eating
DBG_EAT: id=2 time_last_meal=402
501 4 is thinking
DBG_EAT2: id=5 meals=2
501 5 has put down the left fork
501 5 has put down the right fork
502 5 is sleeping
502 4 has taken the left fork
502 4 has taken the right fork
502 4 is eating
DBG_EAT: id=4 time_last_meal=502
DBG_EAT2: id=2 meals=2
502 2 has put down the right fork
502 2 has put down the left fork
502 2 is sleeping
601 1 is thinking
601 1 has taken the right fork
601 1 has taken the left fork
601 1 is eating
DBG_EAT: id=1 time_last_meal=601
DBG_EAT2: id=4 meals=2
602 4 has put down the right fork
602 4 has put down the left fork
602 3 is thinking
602 3 has taken the right fork
602 3 has taken the left fork
602 3 is eating
DBG_EAT: id=3 time_last_meal=602
602 4 is sleeping
DBG_EAT2: id=1 meals=3
701 1 has put down the left fork
701 1 has put down the right fork
701 1 is sleeping
702 5 is thinking
702 5 has taken the right fork
702 5 has taken the left fork
702 5 is eating
DBG_EAT: id=5 time_last_meal=702
DBG_EAT2: id=3 meals=3
702 3 has put down the left fork
702 3 has put down the right fork
702 2 is thinking
702 3 is sleeping
702 2 has taken the left fork
702 2 has taken the right fork
702 2 is eating
DBG_EAT: id=2 time_last_meal=702
DBG_EAT2: id=5 meals=3
802 5 has put down the left fork
802 5 has put down the right fork
802 4 is thinking
802 5 is sleeping
DBG_EAT2: id=2 meals=3
802 2 has put down the right fork
802 2 has put down the left fork
802 2 is sleeping
802 4 has taken the left fork
802 4 has taken the right fork
802 4 is eating
DBG_EAT: id=4 time_last_meal=802
901 1 is thinking
901 1 has taken the right fork
901 1 has taken the left fork
901 1 is eating
DBG_EAT: id=1 time_last_meal=901
902 3 is thinking
902 3 has taken the right fork
DBG_EAT2: id=4 meals=3
903 4 has put down the right fork
903 4 has put down the left fork
903 4 is sleeping
903 3 has taken the left fork
903 3 is eating
DBG_EAT: id=3 time_last_meal=903
DBG_EAT2: id=1 meals=4
1002 1 has put down the left fork
1002 1 has put down the right fork
1002 1 is sleeping
1003 5 is thinking
1003 5 has taken the right fork
1003 5 has taken the left fork
1003 5 is eating
DBG_EAT: id=5 time_last_meal=1003
1003 2 is thinking
DBG_EAT2: id=3 meals=4
1003 3 has put down the left fork
1003 3 has put down the right fork
1003 3 is sleeping
1003 2 has taken the left fork
1003 2 has taken the right fork
1003 2 is eating
DBG_EAT: id=2 time_last_meal=1003
DBG_EAT2: id=5 meals=4
1103 5 has put down the left fork
1103 5 has put down the right fork
1103 5 is sleeping
1103 4 is thinking
1103 4 has taken the left fork
1103 4 has taken the right fork
1103 4 is eating
DBG_EAT: id=4 time_last_meal=1103
DBG_EAT2: id=2 meals=4
1104 2 has put down the right fork
1104 2 has put down the left fork
1104 2 is sleeping
1202 1 is thinking
1202 1 has taken the right fork
1202 1 has taken the left fork
1202 1 is eating
DBG_EAT: id=1 time_last_meal=1202
DBG_EAT2: id=4 meals=4
1204 4 has put down the right fork
1204 4 has put down the left fork
1204 4 is sleeping
1204 3 is thinking
1204 3 has taken the right fork
1204 3 has taken the left fork
1204 3 is eating
DBG_EAT: id=3 time_last_meal=1204
DBG_EAT2: id=1 meals=5
1302 1 has put down the left fork
1302 1 has put down the right fork
1302 1 is sleeping
1303 5 is thinking
1303 5 has taken the right fork
1303 5 has taken the left fork
1303 5 is eating
DBG_EAT: id=5 time_last_meal=1303
1304 2 is thinking
DBG_EAT2: id=3 meals=5
1304 3 has put down the left fork
1304 3 has put down the right fork
1304 3 is sleeping
1304 2 has taken the left fork
1304 2 has taken the right fork
1304 2 is eating
DBG_EAT: id=2 time_last_meal=1304
DBG_EAT2: id=5 meals=5
1403 5 has put down the left fork
1403 5 has put down the right fork
1403 5 is sleeping
1404 4 is thinking
1404 4 has taken the left fork
1404 4 has taken the right fork
1404 4 is eating
DBG_EAT: id=4 time_last_meal=1404
DBG_EAT2: id=2 meals=5
1404 2 has put down the right fork
1404 2 has put down the left fork
1404 2 is sleeping
1502 1 is thinking
1502 1 has taken the right fork
1502 1 has taken the left fork
1502 1 is eating
DBG_EAT: id=1 time_last_meal=1502
1504 3 is thinking
1504 3 has taken the right fork
DBG_EAT2: id=4 meals=5
1504 4 has put down the right fork
1504 4 has put down the left fork
1504 3 has taken the left fork
1504 3 is eating
DBG_EAT: id=3 time_last_meal=1504
1504 4 is sleeping
DBG_EAT2: id=1 meals=6
1603 1 has put down the left fork
1603 1 has put down the right fork
1603 1 is sleeping
1604 5 is thinking
1604 5 has taken the right fork
1604 5 has taken the left fork
1604 5 is eating
DBG_EAT: id=5 time_last_meal=1604
1604 2 is thinking
DBG_EAT2: id=3 meals=6
1604 3 has put down the left fork
1604 3 has put down the right fork
1604 3 is sleeping
1604 2 has taken the left fork
1605 2 has taken the right fork
1605 2 is eating
DBG_EAT: id=2 time_last_meal=1605
DBG_EAT2: id=5 meals=6
1704 5 has put down the left fork
1704 5 has put down the right fork
1704 5 is sleeping
1704 4 is thinking
1705 4 has taken the left fork
1705 4 has taken the right fork
1705 4 is eating
DBG_EAT: id=4 time_last_meal=1705
DBG_EAT2: id=2 meals=6
1705 2 has put down the right fork
1705 2 has put down the left fork
1705 2 is sleeping
1803 1 is thinking
1803 1 has taken the right fork
1803 1 has taken the left fork
1803 1 is eating
DBG_EAT: id=1 time_last_meal=1803
1805 3 is thinking
1805 3 has taken the right fork
DBG_EAT2: id=4 meals=6
1805 4 has put down the right fork
1805 4 has put down the left fork
1805 4 is sleeping
1805 3 has taken the left fork
1805 3 is eating
DBG_EAT: id=3 time_last_meal=1805
DBG_EAT2: id=1 meals=7
1903 1 has put down the left fork
1903 1 has put down the right fork
1903 1 is sleeping
1904 5 is thinking
1904 5 has taken the right fork
1904 5 has taken the left fork
1904 5 is eating
DBG_EAT: id=5 time_last_meal=1904
1905 2 is thinking
DBG_EAT2: id=3 meals=7
1905 3 has put down the left fork
1905 3 has put down the right fork
1905 3 is sleeping
1905 2 has taken the left fork
1905 2 has taken the right fork
1905 2 is eating
DBG_EAT: id=2 time_last_meal=1905
DBG_EAT2: id=5 meals=7
2004 5 has put down the left fork
2004 5 has put down the right fork
2004 5 is sleeping
2005 4 is thinking
DBG_EAT2: id=2 meals=7
2005 2 has put down the right fork
2005 2 has put down the left fork
2005 4 has taken the left fork
2005 4 has taken the right fork
2005 4 is eating
DBG_EAT: id=4 time_last_meal=2005
2005 2 is sleeping
2103 1 is thinking
2103 1 has taken the right fork
2103 1 has taken the left fork
2103 1 is eating
DBG_EAT: id=1 time_last_meal=2103
2105 3 is thinking
2105 3 has taken the right fork
DBG_EAT2: id=4 meals=7
2106 4 has put down the right fork
2106 4 has put down the left fork
2106 4 is sleeping
2106 3 has taken the left fork
2106 3 is eating
DBG_EAT: id=3 time_last_meal=2106
DBG_EAT2: id=1 meals=8
2203 1 has put down the left fork
2203 1 has put down the right fork
2203 1 is sleeping
2204 5 is thinking
2204 5 has taken the right fork
2204 5 has taken the left fork
2204 5 is eating
DBG_EAT: id=5 time_last_meal=2204
2206 2 is thinking
DBG_EAT2: id=3 meals=8
2206 3 has put down the left fork
2206 3 has put down the right fork
2206 2 has taken the left fork
2206 2 has taken the right fork
2206 2 is eating
DBG_EAT: id=2 time_last_meal=2206
2206 3 is sleeping
DBG_EAT2: id=5 meals=8
2305 5 has put down the left fork
2305 5 has put down the right fork
2305 5 is sleeping
2306 4 is thinking
2306 4 has taken the left fork
DBG_EAT2: id=2 meals=8
2306 2 has put down the right fork
2306 2 has put down the left fork
2306 4 has taken the right fork
2306 4 is eating
DBG_EAT: id=4 time_last_meal=2306
2306 2 is sleeping
2404 1 is thinking
2404 1 has taken the right fork
2404 1 has taken the left fork
2404 1 is eating
DBG_EAT: id=1 time_last_meal=2404
2406 3 is thinking
2406 3 has taken the right fork
DBG_EAT2: id=4 meals=8
2406 4 has put down the right fork
2406 4 has put down the left fork
2406 4 is sleeping
2406 3 has taken the left fork
2406 3 is eating
DBG_EAT: id=3 time_last_meal=2406
DBG_EAT2: id=1 meals=9
2504 1 has put down the left fork
2504 1 has put down the right fork
2504 1 is sleeping
2505 5 is thinking
2505 5 has taken the right fork
2505 5 has taken the left fork
2505 5 is eating
DBG_EAT: id=5 time_last_meal=2505
2506 2 is thinking
DBG_EAT2: id=3 meals=9
2507 3 has put down the left fork
2507 3 has put down the right fork
2507 3 is sleeping
2507 2 has taken the left fork
2507 2 has taken the right fork
2507 2 is eating
DBG_EAT: id=2 time_last_meal=2507
DBG_EAT2: id=5 meals=9
2605 5 has put down the left fork
2605 5 has put down the right fork
2605 5 is sleeping
2607 4 is thinking
DBG_EAT2: id=2 meals=9
2607 2 has put down the right fork
2607 2 has put down the left fork
2607 2 is sleeping
2607 4 has taken the left fork
2607 4 has taken the right fork
2607 4 is eating
DBG_EAT: id=4 time_last_meal=2607
2704 1 is thinking
2704 1 has taken the right fork
2704 1 has taken the left fork
2704 1 is eating
DBG_EAT: id=1 time_last_meal=2704
2707 3 is thinking
2707 3 has taken the right fork
DBG_EAT2: id=4 meals=9
2707 4 has put down the right fork
2707 4 has put down the left fork
2707 4 is sleeping
2707 3 has taken the left fork
2707 3 is eating
DBG_EAT: id=3 time_last_meal=2707
DBG_EAT2: id=1 meals=10
2804 1 has put down the left fork
2804 1 has put down the right fork
2804 1 is sleeping
2805 5 is thinking
2805 5 has taken the right fork
2805 5 has taken the left fork
2805 5 is eating
DBG_EAT: id=5 time_last_meal=2805
2807 2 is thinking
DBG_EAT2: id=3 meals=10
2807 3 has put down the left fork
2807 3 has put down the right fork
2807 3 is sleeping
2807 2 has taken the left fork
2807 2 has taken the right fork
2807 2 is eating
DBG_EAT: id=2 time_last_meal=2807
DBG_EAT2: id=5 meals=10
2906 5 has put down the left fork
2906 5 has put down the right fork
2906 5 is sleeping
2907 4 is thinking
2907 4 has taken the left fork
2907 4 has taken the right fork
2907 4 is eating
DBG_EAT: id=4 time_last_meal=2907
DBG_EAT2: id=2 meals=10
2908 2 has put down the right fork
2908 2 has put down the left fork
2908 2 is sleeping
3004 1 is thinking
3004 1 has taken the right fork
3005 1 has taken the left fork
3005 1 is eating
DBG_EAT: id=1 time_last_meal=3005
3007 3 is thinking
3008 3 has taken the right fork
DBG_EAT2: id=4 meals=10
3008 4 has put down the right fork
3008 4 has put down the left fork
3008 4 is sleeping
3008 3 has taken the left fork
3008 3 is eating
DBG_EAT: id=3 time_last_meal=3008
DBG_EAT2: id=1 meals=11
3105 1 has put down the left fork
3105 1 has put down the right fork
3105 1 is sleeping
3106 5 is thinking
3106 5 has taken the right fork
3106 5 has taken the left fork
3106 5 is eating
DBG_EAT: id=5 time_last_meal=3106
DBG_EAT2: id=3 meals=11
3108 3 has put down the left fork
3108 3 has put down the right fork
3108 2 is thinking
3108 3 is sleeping
3108 2 has taken the left fork
3108 2 has taken the right fork
3108 2 is eating
DBG_EAT: id=2 time_last_meal=3108
DBG_EAT2: id=5 meals=11
3206 5 has put down the left fork
3206 5 has put down the right fork
3206 5 is sleeping
3208 4 is thinking
3208 4 has taken the left fork
3208 4 has taken the right fork
3208 4 is eating
DBG_EAT: id=4 time_last_meal=3208
DBG_EAT2: id=2 meals=11
3208 2 has put down the right fork
3208 2 has put down the left fork
3208 2 is sleeping
3305 1 is thinking
3305 1 has taken the right fork
3305 1 has taken the left fork
3305 1 is eating
DBG_EAT: id=1 time_last_meal=3305
3308 3 is thinking
3308 3 has taken the right fork
DBG_EAT2: id=4 meals=11
3308 4 has put down the right fork
3308 4 has put down the left fork
3308 4 is sleeping
3308 3 has taken the left fork
3308 3 is eating
DBG_EAT: id=3 time_last_meal=3308
DBG_EAT2: id=1 meals=12
3405 1 has put down the left fork
3405 1 has put down the right fork
3405 1 is sleeping
3406 5 is thinking
3406 5 has taken the right fork
3406 5 has taken the left fork
3406 5 is eating
DBG_EAT: id=5 time_last_meal=3406
DBG_EAT2: id=3 meals=12
3409 3 has put down the left fork
3409 3 has put down the right fork
3409 2 is thinking
3409 3 is sleeping
3409 2 has taken the left fork
3409 2 has taken the right fork
3409 2 is eating
DBG_EAT: id=2 time_last_meal=3409
DBG_EAT2: id=5 meals=12
3507 5 has put down the left fork
3507 5 has put down the right fork
3507 5 is sleeping
3508 4 is thinking
3509 4 has taken the left fork
3509 4 has taken the right fork
3509 4 is eating
DBG_EAT: id=4 time_last_meal=3509
DBG_EAT2: id=2 meals=12
3509 2 has put down the right fork
3509 2 has put down the left fork
3509 2 is sleeping
3605 1 is thinking
3605 1 has taken the right fork
3605 1 has taken the left fork
3605 1 is eating
DBG_EAT: id=1 time_last_meal=3605
DBG_EAT2: id=4 meals=12
3609 4 has put down the right fork
3609 4 has put down the left fork
3609 3 is thinking
3609 3 has taken the right fork
3609 3 has taken the left fork
3609 3 is eating
DBG_EAT: id=3 time_last_meal=3609
3609 4 is sleeping
DBG_EAT2: id=1 meals=13
3706 1 has put down the left fork
3706 1 has put down the right fork
3706 1 is sleeping
3707 5 is thinking
3707 5 has taken the right fork
3707 5 has taken the left fork
3707 5 is eating
DBG_EAT: id=5 time_last_meal=3707
DBG_EAT2: id=3 meals=13
3709 3 has put down the left fork
3709 3 has put down the right fork
3709 3 is sleeping
3709 2 is thinking
3709 2 has taken the left fork
3709 2 has taken the right fork
3709 2 is eating
DBG_EAT: id=2 time_last_meal=3709
DBG_EAT2: id=5 meals=13
3807 5 has put down the left fork
3807 5 has put down the right fork
3807 5 is sleeping
3809 4 is thinking
DBG_EAT2: id=2 meals=13
3809 2 has put down the right fork
3809 2 has put down the left fork
3809 2 is sleeping
3809 4 has taken the left fork
3809 4 has taken the right fork
3809 4 is eating
DBG_EAT: id=4 time_last_meal=3809
3906 1 is thinking
3906 1 has taken the right fork
3906 1 has taken the left fork
3906 1 is eating
DBG_EAT: id=1 time_last_meal=3906
3909 3 is thinking
3909 3 has taken the right fork
DBG_EAT2: id=4 meals=13
3910 4 has put down the right fork
3910 4 has put down the left fork
3910 4 is sleeping
3910 3 has taken the left fork
3910 3 is eating
DBG_EAT: id=3 time_last_meal=3910
DBG_EAT2: id=1 meals=14
4006 1 has put down the left fork
4006 1 has put dow