DBG_INIT: meal_mutex init for philo 1
DBG_INIT: meal_mutex init for philo 2
DBG_INIT: meal_mutex init for philo 3
DBG_INIT: meal_mutex init for philo 4
DBG: init philo[1].time_last_meal=0
DBG: init philo[2].time_last_meal=0
DBG: init philo[3].time_last_meal=0
DBG: init philo[4].time_last_meal=0
1 1 has taken the right fork
1 1 has taken the left fork
1 1 is eating
DBG_EAT: id=1 time_last_meal=1
1 3 has taken the right fork
1 3 has taken the left fork
1 3 is eating
DBG_EAT: id=3 time_last_meal=1
DBG: start_time=1758386899256
DBG_EAT2: id=1 meals=1
61 1 has put down the left fork
61 1 has put down the right fork
61 1 is sleeping
61 4 has taken the left fork
DBG_EAT2: id=3 meals=1
61 3 has put down the left fork
62 3 has put down the right fork
62 4 has taken the right fork
62 3 is sleeping
62 4 is eating
DBG_EAT: id=4 time_last_meal=62
62 2 has taken the left fork
62 2 has taken the right fork
62 2 is eating
DBG_EAT: id=2 time_last_meal=62
DBG_EAT2: id=4 meals=1
122 4 has put down the right fork
122 4 has put down the left fork
DBG_EAT2: id=2 meals=1
122 2 has put down the right fork
122 2 has put down the left fork
122 2 is sleeping
122 4 is sleeping
161 1 is thinking
161 1 has taken the right fork
161 1 has taken the left fork
161 1 is eating
DBG_EAT: id=1 time_last_meal=161
162 3 is thinking
162 3 has taken the right fork
162 3 has taken the left fork
162 3 is eating
DBG_EAT: id=3 time_last_meal=162
DBG_EAT2: id=1 meals=2
221 1 has put down the left fork
221 1 has put down the right fork
221 1 is sleeping
DBG_EAT2: id=3 meals=2
222 3 has put down the left fork
222 3 has put down the right fork
222 3 is sleeping
222 4 is thinking
222 2 is thinking
222 2 has taken the left fork
222 2 has taken the right fork
222 2 is eating
DBG_EAT: id=2 time_last_meal=222
222 4 has taken the left fork
222 4 has taken the right fork
222 4 is eating
DBG_EAT: id=4 time_last_meal=222
DBG_EAT2: id=2 meals=2
DBG_EAT2: id=4 meals=2
282 2 has put down the right fork
282 2 has put down the left fork
282 4 has put down the right fork
282 4 has put down the left fork
282 4 is sleeping
282 2 is sleeping
321 1 is thinking
321 1 has taken the right fork
321 1 has taken the left fork
321 1 is eating
DBG_EAT: id=1 time_last_meal=321
322 3 is thinking
322 3 has taken the right fork
322 3 has taken the left fork
322 3 is eating
DBG_EAT: id=3 time_last_meal=322
DBG_EAT2: id=1 meals=3
381 1 has put down the left fork
381 1 has put down the right fork
382 1 is sleeping
DBG_EAT2: id=3 meals=3
382 3 has put down the left fork
382 3 has put down the right fork
382 3 is sleeping
382 4 is thinking
382 2 is thinking
382 4 has taken the left fork
382 4 has taken the right fork
382 4 is eating
DBG_EAT: id=4 time_last_meal=382
382 2 has taken the left fork
382 2 has taken the right fork
382 2 is eating
DBG_EAT: id=2 time_last_meal=382
DBG_EAT2: id=4 meals=3
442 4 has put down the right fork
442 4 has put down the left fork
442 4 is sleeping
DBG_EAT2: id=2 meals=3
442 2 has put down the right fork
442 2 has put down the left fork
442 2 is sleeping
482 1 is thinking
482 1 has taken the right fork
482 1 has taken the left fork
482 1 is eating
DBG_EAT: id=1 time_last_meal=482
482 3 is thinking
482 3 has taken the right fork
482 3 has taken the left fork
482 3 is eating
DBG_EAT: id=3 time_last_meal=482
DBG_EAT2: id=1 meals=4
542 1 has put down the left fork
542 1 has put down the right fork
542 1 is sleeping
DBG_EAT2: id=3 meals=4
542 3 has put down the left fork
542 3 has put down the right fork
542 3 is sleeping
542 4 is thinking
543 4 has taken the left fork
543 4 has taken the right fork
543 4 is eating
DBG_EAT: id=4 time_last_meal=543
543 2 is thinking
543 2 has taken the left fork
543 2 has taken the right fork
543 2 is eating
DBG_EAT: id=2 time_last_meal=543
DBG_EAT2: id=4 meals=4
603 4 has put down the right fork
603 4 has put down the left fork
603 4 is sleeping
DBG_EAT2: id=2 meals=4
603 2 has put down the right fork
603 2 has put down the left fork
603 2 is sleeping
642 1 is thinking
642 1 has taken the right fork
642 1 has taken the left fork
642 1 is eating
DBG_EAT: id=1 time_last_meal=642
642 3 is thinking
642 3 has taken the right fork
642 3 has taken the left fork
642 3 is eating
DBG_EAT: id=3 time_last_meal=642
DBG_EAT2: id=1 meals=5
702 1 has put down the left fork
702 1 has put down the right fork
702 1 is sleeping
DBG_EAT2: id=3 meals=5
702 3 has put down the left fork
702 3 has put down the right fork
702 3 is sleeping
703 4 is thinking
703 4 has taken the left fork
703 4 has taken the right fork
703 4 is eating
DBG_EAT: id=4 time_last_meal=703
703 2 is thinking
703 2 has taken the left fork
703 2 has taken the right fork
703 2 is eating
DBG_EAT: id=2 time_last_meal=703
DBG_EAT2: id=4 meals=5
763 4 has put down the right fork
763 4 has put down the left fork
763 4 is sleeping
DBG_EAT2: id=2 meals=5
763 2 has put down the right fork
763 2 has put down the left fork
763 2 is sleeping
802 1 is thinking
802 1 has taken the right fork
802 1 has taken the left fork
802 1 is eating
DBG_EAT: id=1 time_last_meal=802
802 3 is thinking
802 3 has taken the right fork
802 3 has taken the left fork
802 3 is eating
DBG_EAT: id=3 time_last_meal=802
DBG_EAT2: id=1 meals=6
862 1 has put down the left fork
862 1 has put down the right fork
862 1 is sleeping
DBG_EAT2: id=3 meals=6
862 3 has put down the left fork
862 3 has put down the right fork
863 3 is sleeping
863 4 is thinking
863 4 has taken the left fork
863 4 has taken the right fork
863 4 is eating
DBG_EAT: id=4 time_last_meal=863
863 2 is thinking
864 2 has taken the left fork
864 2 has taken the right fork
864 2 is eating
DBG_EAT: id=2 time_last_meal=864
DBG_EAT2: id=4 meals=6
923 4 has put down the right fork
923 4 has put down the left fork
923 4 is sleeping
DBG_EAT2: id=2 meals=6
924 2 has put down the right fork
924 2 has put down the left fork
924 2 is sleeping
962 1 is thinking
962 1 has taken the right fork
962 1 has taken the left fork
962 1 is eating
DBG_EAT: id=1 time_last_meal=962
963 3 is thinking
963 3 has taken the right fork
963 3 has taken the left fork
963 3 is eating
DBG_EAT: id=3 time_last_meal=963
DBG_EAT2: id=1 meals=7
1022 1 has put down the left fork
1022 1 has put down the right fork
1022 1 is sleeping
DBG_EAT2: id=3 meals=7
1023 3 has put down the left fork
1023 3 has put down the right fork
1023 3 is sleeping
1024 4 is thinking
1024 4 has taken the left fork
1024 4 has taken the right fork
1024 4 is eating
DBG_EAT: id=4 time_last_meal=1024
1024 2 is thinking
1024 2 has taken the left fork
1024 2 has taken the right fork
1024 2 is eating
DBG_EAT: id=2 time_last_meal=1024
DBG_EAT2: id=4 meals=7
1084 4 has put down the right fork
1084 4 has put down the left fork
1084 4 is sleeping
DBG_EAT2: id=2 meals=7
1084 2 has put down the right fork
1084 2 has put down the left fork
1084 2 is sleeping
1122 1 is thinking
1122 1 has taken the right fork
1122 1 has taken the left fork
1122 1 is eating
DBG_EAT: id=1 time_last_meal=1122
1123 3 is thinking
1123 3 has taken the right fork
1123 3 has taken the left fork
1123 3 is eating
DBG_EAT: id=3 time_last_meal=1123
DBG_EAT2: id=1 meals=8
1183 1 has put down the left fork
1183 1 has put down the right fork
1183 1 is sleeping
DBG_EAT2: id=3 meals=8
1183 3 has put down the left fork
1183 3 has put down the right fork
1183 3 is sleeping
1184 4 is thinking
1184 4 has taken the left fork
1184 4 has taken the right fork
1184 4 is eating
DBG_EAT: id=4 time_last_meal=1184
1184 2 is thinking
1184 2 has taken the left fork
1184 2 has taken the right fork
1184 2 is eating
DBG_EAT: id=2 time_last_meal=1184
DBG_EAT2: id=4 meals=8
1244 4 has put down the right fork
1244 4 has put down the left fork
1244 4 is sleeping
DBG_EAT2: id=2 meals=8
1244 2 has put down the right fork
1244 2 has put down the left fork
1244 2 is sleeping
1283 1 is thinking
1283 1 has taken the right fork
1283 1 has taken the left fork
1283 1 is eating
DBG_EAT: id=1 time_last_meal=1283
1283 3 is thinking
1283 3 has taken the right fork
1283 3 has taken the left fork
1283 3 is eating
DBG_EAT: id=3 time_last_meal=1283
DBG_EAT2: id=1 meals=9
1343 1 has put down the left fork
1343 1 has put down the right fork
1343 1 is sleeping
DBG_EAT2: id=3 meals=9
1343 3 has put down the left fork
1343 3 has put down the right fork
1343 3 is sleeping
1344 4 is thinking
1344 4 has taken the left fork
1344 4 has taken the right fork
1344 4 is eating
DBG_EAT: id=4 time_last_meal=1344
1344 2 is thinking
1344 2 has taken the left fork
1344 2 has taken the right fork
1344 2 is eating
DBG_EAT: id=2 time_last_meal=1344
DBG_EAT2: id=4 meals=9
1404 4 has put down the right fork
1404 4 has put down the left fork
1404 4 is sleeping
DBG_EAT2: id=2 meals=9
1405 2 has put down the right fork
1405 2 has put down the left fork
1405 2 is sleeping
1443 1 is thinking
1443 1 has taken the right fork
1443 1 has taken the left fork
1443 1 is eating
DBG_EAT: id=1 time_last_meal=1443
1443 3 is thinking
1443 3 has taken the right fork
1443 3 has taken the left fork
1443 3 is eating
DBG_EAT: id=3 time_last_meal=1443
DBG_EAT2: id=1 meals=10
1503 1 has put down the left fork
1503 1 has put down the right fork
1503 1 is sleeping
DBG_EAT2: id=3 meals=10
1503 3 has put down the left fork
1503 3 has put down the right fork
1503 3 is sleeping
1505 4 is thinking
1505 2 is thinking
1505 4 has taken the left fork
1505 4 has taken the right fork
1505 4 is eating
DBG_EAT: id=4 time_last_meal=1505
1505 2 has taken the left fork
1505 2 has taken the right fork
1505 2 is eating
DBG_EAT: id=2 time_last_meal=1505
DBG_EAT2: id=4 meals=10
1565 4 has put down the right fork
1565 4 has put down the left fork
1565 4 is sleeping
DBG_EAT2: id=2 meals=10
1565 2 has put down the right fork
1565 2 has put down the left fork
1565 2 is sleeping
1603 1 is thinking
1603 1 has taken the right fork
1603 1 has taken the left fork
1603 1 is eating
DBG_EAT: id=1 time_last_meal=1603
1603 3 is thinking
1603 3 has taken the right fork
1603 3 has taken the left fork
1603 3 is eating
DBG_EAT: id=3 time_last_meal=1603
DBG_EAT2: id=1 meals=11
1663 1 has put down the left fork
1663 1 has put down the right fork
1663 1 is sleeping
DBG_EAT2: id=3 meals=11
1663 3 has put down the left fork
1663 3 has put down the right fork
1663 3 is sleeping
1665 4 is thinking
1665 2 is thinking
1665 4 has taken the left fork
1665 4 has taken the right fork
1665 4 is eating
DBG_EAT: id=4 time_last_meal=1665
1665 2 has taken the left fork
1665 2 has taken the right fork
1665 2 is eating
DBG_EAT: id=2 time_last_meal=1665
DBG_EAT2: id=4 meals=11
1725 4 has put down the right fork
1725 4 has put down the left fork
1725 4 is sleeping
DBG_EAT2: id=2 meals=11
1725 2 has put down the right fork
1725 2 has put down the left fork
1725 2 is sleeping
1763 1 is thinking
1763 1 has taken the right fork
1763 1 has taken the left fork
1763 1 is eating
DBG_EAT: id=1 time_last_meal=1763
1763 3 is thinking
1763 3 has taken the right fork
1763 3 has taken the left fork
1763 3 is eating
DBG_EAT: id=3 time_last_meal=1763
DBG_EAT2: id=1 meals=12
1823 1 has put down the left fork
1823 1 has put down the right fork
1823 1 is sleeping
DBG_EAT2: id=3 meals=12
1824 3 has put down the left fork
1824 3 has put down the right fork
1824 3 is sleeping
1825 4 is thinking
1825 2 is thinking
1825 4 has taken the left fork
1825 4 has taken the right fork
1825 4 is eating
DBG_EAT: id=4 time_last_meal=1825
1825 2 has taken the left fork
1825 2 has taken the right fork
1825 2 is eating
DBG_EAT: id=2 time_last_meal=1825
DBG_EAT2: id=4 meals=12
1885 4 has put down the right fork
1885 4 has put down the left fork
1885 4 is sleeping
DBG_EAT2: id=2 meals=12
1886 2 has put down the right fork
1886 2 has put down the left fork
1886 2 is sleeping
1923 1 is thinking
1923 1 has taken the right fork
1923 1 has taken the left fork
1923 1 is eating
DBG_EAT: id=1 time_last_meal=1923
1924 3 is thinking
1924 3 has taken the right fork
1924 3 has taken the left fork
1924 3 is eating
DBG_EAT: id=3 time_last_meal=1924
DBG_EAT2: id=1 meals=13
1984 1 has put down the left fork
1984 1 has put down the right fork
1984 1 is sleeping
DBG_EAT2: id=3 meals=13
1984 3 has put down the left fork
1984 3 has put down the right fork
1984 3 is sleeping
1986 4 is thinking
1986 2 is thinking
1986 4 has taken the left fork
1986 4 has taken the right fork
1986 4 is eating
DBG_EAT: id=4 time_last_meal=1986
1986 2 has taken the left fork
1986 2 has taken the right fork
1986 2 is eating
DBG_EAT: id=2 time_last_meal=1986
DBG_EAT2: id=4 meals=13
2046 4 has put down the right fork
2046 4 has put down the left fork
DBG_EAT2: id=2 meals=13
2046 2 has put down the right fork
2046 2 has put down the left fork
2046 2 is sleeping
2046 4 is sleeping
2084 1 is thinking
2084 1 has taken the right fork
2084 1 has taken the left fork
2084 1 is eating
DBG_EAT: id=1 time_last_meal=2084
2084 3 is thinking
2084 3 has taken the right fork
2084 3 has taken the left fork
2084 3 is eating
DBG_EAT: id=3 time_last_meal=2084
DBG_EAT2: id=1 meals=14
2144 1 has put down the left fork
2144 1 has put down the right fork
2144 1 is sleeping
DBG_EAT2: id=3 meals=14
2144 3 has put down the left fork
2144 3 has put down the right fork
2144 3 is sleeping
2146 4 is thinking
2146 2 is thinking
2146 4 has taken the left fork
2146 4 has taken the right fork
2146 4 is eating
DBG_EAT: id=4 time_last_meal=2146
2146 2 has taken the left fork
2146 2 has taken the right fork
2146 2 is eating
DBG_EAT: id=2 time_last_meal=2146
DBG_EAT2: id=4 meals=14
2206 4 has put down the right fork
2206 4 has put down the left fork
2206 4 is sleeping
DBG_EAT2: id=2 meals=14
2206 2 has put down the right fork
2206 2 has put down the left fork
2206 2 is sleeping
2244 1 is thinking
2244 1 has taken the right fork
2244 1 has taken the left fork
2244 1 is eating
DBG_EAT: id=1 time_last_meal=2244
2244 3 is thinking
2244 3 has taken the right fork
2244 3 has taken the left fork
2244 3 is eating
DBG_EAT: id=3 time_last_meal=2244
DBG_EAT2: id=1 meals=15
2304 1 has put down the left fork
2304 1 has put down the right fork
2304 1 is sleeping
DBG_EAT2: id=3 meals=15
2304 3 has put down the left fork
2304 3 has put down the right fork
2304 3 is sleeping
2306 4 is thinking
2306 2 is thinking
2306 4 has taken the left fork
2306 4 has taken the right fork
2306 4 is eating
DBG_EAT: id=4 time_last_meal=2306
2306 2 has taken the left fork
2306 2 has taken the right fork
2306 2 is eating
DBG_EAT: id=2 time_last_meal=2306
DBG_EAT2: id=4 meals=15
2366 4 has put down the right fork
2366 4 has put down the left fork
2366 4 is sleeping
DBG_EAT2: id=2 meals=15
2366 2 has put down the right fork
2366 2 has put down the left fork
2366 2 is sleeping
2404 1 is thinking
2404 1 has taken the right fork
2404 1 has taken the left fork
2404 1 is eating
DBG_EAT: id=1 time_last_meal=2404
2404 3 is thinking
2404 3 has taken the right fork
2404 3 has taken the left fork
2404 3 is eating
DBG_EAT: id=3 time_last_meal=2404
DBG_EAT2: id=1 meals=16
2464 1 has put down the left fork
2464 1 has put down the right fork
2464 1 is sleeping
DBG_EAT2: id=3 meals=16
2464 3 has put down the left fork
2464 3 has put down the right fork
2464 3 is sleeping
2467 4 is thinking
2467 2 is thinking
2467 4 has taken the left fork
2467 4 has taken the right fork
2467 4 is eating
DBG_EAT: id=4 time_last_meal=2467
2467 2 has taken the left fork
2467 2 has taken the right fork
2467 2 is eating
DBG_EAT: id=2 time_last_meal=2467
DBG_EAT2: id=4 meals=16
2527 4 has put down the right fork
2527 4 has put down the left fork
2527 4 is sleeping
DBG_EAT2: id=2 meals=16
2527 2 has put down the right fork
2527 2 has put down the left fork
2527 2 is sleeping
2564 1 is thinking
2564 1 has taken the right fork
2564 1 has taken the left fork
2564 1 is eating
DBG_EAT: id=1 time_last_meal=2564
2564 3 is thinking
2564 3 has taken the right fork
2564 3 has taken the left fork
2564 3 is eating
DBG_EAT: id=3 time_last_meal=2564
DBG_EAT2: id=1 meals=17
2624 1 has put down the left fork
2624 1 has put down the right fork
2624 1 is sleeping
DBG_EAT2: id=3 meals=17
2625 3 has put down the left fork
2625 3 has put down the right fork
2625 3 is sleeping
2627 4 is thinking
2627 2 is thinking
2627 4 has taken the left fork
2627 4 has taken the right fork
2627 4 is eating
DBG_EAT: id=4 time_last_meal=2627
2627 2 has taken the left fork
2627 2 has taken the right fork
2627 2 is eating
DBG_EAT: id=2 time_last_meal=2627
DBG_EAT2: id=4 meals=17
2687 4 has put down the right fork
2687 4 has put down the left fork
2687 4 is sleeping
DBG_EAT2: id=2 meals=17
2687 2 has put down the right fork
2687 2 has put down the left fork
2687 2 is sleeping
2724 1 is thinking
2724 1 has taken the right fork
2724 1 has taken the left fork
2724 1 is eating
DBG_EAT: id=1 time_last_meal=2724
2725 3 is thinking
2725 3 has taken the right fork
2725 3 has taken the left fork
2725 3 is eating
DBG_EAT: id=3 time_last_meal=2725
DBG_EAT2: id=1 meals=18
2785 1 has put down the left fork
2785 1 has put down the right fork
2785 1 is sleeping
DBG_EAT2: id=3 meals=18
2785 3 has put down the left fork
2785 3 has put down the right fork
2785 3 is sleeping
2787 4 is thinking
2787 4 has taken the left fork
2787 4 has taken the right fork
2787 4 is eating
DBG_EAT: id=4 time_last_meal=2787
2787 2 is thinking
2787 2 has taken the left fork
2787 2 has taken the right fork
2787 2 is eating
DBG_EAT: id=2 time_last_meal=2787
DBG_EAT2: id=4 meals=18
2847 4 has put down the right fork
2847 4 has put down the left fork
2847 4 is sleeping
DBG_EAT2: id=2 meals=18
2848 2 has put down the right fork
2848 2 has put down the left fork
2848 2 is sleeping
2885 1 is thinking
2885 1 has taken the right fork
2885 1 has taken the left fork
2885 1 is eating
DBG_EAT: id=1 time_last_meal=2885
2885 3 is thinking
2885 3 has taken the right fork
2885 3 has taken the left fork
2885 3 is eating
DBG_EAT: id=3 time_last_meal=2885
DBG_EAT2: id=1 meals=19
2945 1 has put down the left fork
2945 1 has put down the right fork
2945 1 is sleeping
DBG_EAT2: id=3 meals=19
2945 3 has put down the left fork
2945 3 has put down the right fork
2945 3 is sleeping
2947 4 is thinking
2948 4 has taken the left fork
2948 4 has taken the right fork
2948 4 is eating
DBG_EAT: id=4 time_last_meal=2948
2948 2 is thinking
2948 2 has taken the left fork
2948 2 has taken the right fork
2948 2 is eating
DBG_EAT: id=2 time_last_meal=2948
DBG_EAT2: id=4 meals=19
3008 4 has put down the right fork
3008 4 has put down the left fork
3008 4 is sleeping
DBG_EAT2: id=2 meals=19
3008 2 has put down the right fork
3008 2 has put down the left fork
3008 2 is sleeping
3045 1 is thinking
3045 1 has taken the right fork
3045 1 has taken the left fork
3045 1 is eating
DBG_EAT: id=1 time_last_meal=3045
3045 3 is thinking
3045 3 has taken the right fork
3045 3 has taken the left fork
3045 3 is eating
DBG_EAT: id=3 time_last_meal=3045
DBG_EAT2: id=1 meals=20
3105 1 has put down the left fork
3105 1 has put down the right fork
3105 1 is sleeping
DBG_EAT2: id=3 meals=20
3105 3 has put down the left fork
3105 3 has put down the right fork
3105 3 is sleeping
3108 4 is thinking
3108 4 has taken the left fork
3108 4 has taken the right fork
3108 4 is eating
DBG_EAT: id=4 time_last_meal=3108
3108 2 is thinking
3108 2 has taken the left fork
3108 2 has taken the right fork
3108 2 is eating
DBG_EAT: id=2 time_last_meal=3108
DBG_EAT2: id=4 meals=20
3168 4 has put down the right fork
3168 4 has put down the left fork
3168 4 is sleeping
DBG_EAT2: id=2 meals=20
3168 2 has put down the right fork
3168 2 has put down the left fork
3168 2 is sleeping
3205 1 is thinking
3205 1 has taken the right fork
3205 1 has taken the left fork
3205 1 is eating
DBG_EAT: id=1 time_last_meal=3205
3205 3 is thinking
3205 3 has taken the right fork
3205 3 has taken the left fork
3205 3 is eating
DBG_EAT: id=3 time_last_meal=3205
DBG_EAT2: id=1 meals=21
3265 1 has put down the left fork
3265 1 has put down the right fork
3265 1 is sleeping
DBG_EAT2: id=3 meals=21
3265 3 has put down the left fork
3265 3 has put down the right fork
3265 3 is sleeping
3268 4 is thinking
3268 4 has taken the left fork
3268 4 has taken the right fork
3268 4 is eating
DBG_EAT: id=4 time_last_meal=3268
3268 2 is thinking
3268 2 has taken the left fork
3268 2 has taken the right fork
3268 2 is eating
DBG_EAT: id=2 time_last_meal=3268
DBG_EAT2: id=4 meals=21
3328 4 has put down the right fork
3328 4 has put down the left fork
3328 4 is sleeping
DBG_EAT2: id=2 meals=21
3328 2 has put down the right fork
3328 2 has put down the left fork
3328 2 is sleeping
3365 1 is thinking
3365 1 has taken the right fork
3365 1 has taken the left fork
3365 1 is eating
DBG_EAT: id=1 time_last_meal=3365
3365 3 is thinking
3365 3 has taken the right fork
3365 3 has taken the left fork
3365 3 is eating
DBG_EAT: id=3 time_last_meal=3365
DBG_EAT2: id=1 meals=22
3425 1 has put down the left fork
3425 1 has put down the right fork
3425 1 is sleeping
DBG_EAT2: id=3 meals=22
3425 3 has put down the left fork
3425 3 has put down the right fork
3426 3 is sleeping
3428 4 is thinking
3429 2 is thinking
3429 4 has taken the left fork
3429 4 has taken the right fork
3429 4 is eating
DBG_EAT: id=4 time_last_meal=3429
3429 2 has taken the left fork
3429 2 has taken the right fork
3429 2 is eating
DBG_EAT: id=2 time_last_meal=3429
DBG_EAT2: id=4 meals=22
3489 4 has put down the right fork
3489 4 has put down the left fork
3489 4 is sleeping
DBG_EAT2: id=2 meals=22
3489 2 has put down the right fork
3489 2 has put down the left fork
3489 2 is sleeping
3525 1 is thinking
3526 1 has taken the right fork
3526 1 has taken the left fork
3526 1 is eating
DBG_EAT: id=1 time_last_meal=3526
3526 3 is thinking
3526 3 has taken the right fork
3526 3 has taken the left fork
3526 3 is eating
DBG_EAT: id=3 time_last_meal=3526
DBG_EAT2: id=1 meals=23
3586 1 has put down the left fork
3586 1 has put down the right fork
3586 1 is sleeping
DBG_EAT2: id=3 meals=23
3586 3 has put down the left fork
3586 3 has put down the right fork
3586 3 is sleeping
3589 4 is thinking
3589 2 is thinking
3589 4 has taken the left fork
3589 4 has taken the right fork
3589 4 is eating
DBG_EAT: id=4 time_last_meal=3589
3589 2 has taken the left fork
3589 2 has taken the right fork
3589 2 is eating
DBG_EAT: id=2 time_last_meal=3589
DBG_EAT2: id=4 meals=23
3649 4 has put down the right fork
3649 4 has put down the left fork
3649 4 is sleeping
DBG_EAT2: id=2 meals=23
3649 2 has put down the right fork
3649 2 has put down the left fork
3649 2 is sleeping
3686 1 is thinking
3686 1 has taken the right fork
3686 1 has taken the left fork
3686 1 is eating
DBG_EAT: id=1 time_last_meal=3686
3686 3 is thinking
3686 3 has taken the right fork
3686 3 has taken the left fork
3686 3 is eating
DBG_EAT: id=3 time_last_meal=3686
DBG_EAT2: id=1 meals=24
3746 1 has put down the left fork
3746 1 has put down the right fork
DBG_EAT2: id=3 meals=24
3746 3 has put down the left fork
3746 3 has put down the right fork
3746 3 is sleeping
3746 1 is sleeping
3749 4 is thinking
3749 2 is thinking
3749 4 has taken the left fork
3749 4 has taken the right fork
3749 4 is eating
DBG_EAT: id=4 time_last_meal=3749
3749 2 has taken the left fork
3749 2 has taken the right fork
3749 2 is eating
DBG_EAT: id=2 time_last_meal=3749
DBG_EAT2: id=4 meals=24
3809 4 has put down the right fork
3809 4 has put down the left fork
3809 4 is sleeping
DBG_EAT2: id=2 meals=24
3810 2 has put down the right fork
3810 2 has put down the left fork
3810 2 is sleeping
3846 3 is thinking
3846 3 has taken the right fork
3846 3 has taken the left fork
3846 3 is eating
DBG_EAT: id=3 time_last_meal=3846
3846 1 is thinking
3846 1 has taken the right fork
3846 1 has taken the left fork
3846 1 is eating
DBG_EAT: id=1 time_last_meal=3846
DBG_EAT2: id=3 meals=25
3906 3 has put down the left fork
3906 3 has put down the right fork
DBG_EAT2: id=1 meals=25
3906 1 has put down the left fork
3906 1 has put down the right fork
3906 3 is sleeping
3906 1 is sleeping
3909 4 is thinking
3910 2 is thinking
3910 4 has taken the left fork
3910 4 has taken the right fork
3910 4 is eating
DBG_EAT: id=4 time_last_meal=3910
3910 2 has taken the left fork
3910 2 has taken the right fork
3910 2 is eating
DBG_EAT: id=2 time_last_meal=3910
DBG_EAT2: id=4 meals=25
3970 4 has put down the right fork
3970 4 has put down the left fork
3970 4 is sleeping
DBG_EAT2: id=2 meals=25
3970 2 has put down the right fork
3970 2 has put down the left fork
3970 2 is sleeping
4006 3 is thinking
4006 3 has taken the right fork
4006 3 has taken the left fork
4006 3 is eating
DBG_EAT: id=3 time_last_meal=4006
4006 1 is thinking
4006 1 has taken the right fork
4006 1 has taken the left fork
4006 1 is eating
DBG_EAT: id=1 time_last_meal=4006
DBG_EAT2: id=3 meals=26
4066 3 has put down the left fork
4066 3 has put down the right fork
4066 3 is sleeping
DBG_EAT2: id=1 meals=26
4066 1 has put down the left fork
4066 1 has put down the right fork
4066 1 is sleeping
4070 4 is thinking
4070 4 has taken the left fork
4070 4 has taken the right fork
4070 4 is eating
DBG_EAT: id=4 time_last_meal=4070
4070 2 is thinking
4070 2 has taken the left fork
4070 2 has taken the right fork
4070 2 is eating
DBG_EAT: id=2 time_last_meal=4070
DBG_EAT2: id=4 meals=26
4130 4 has put down the right fork
4130 4 has put down the left fork
4130 4 is sleeping
DBG_EAT2: id=2 meals=26
4130 2 has put down the right fork
4130 2 has put down the left fork
4130 2 is sleeping
4166 3 is thinking
4166 3 has taken the right fork
4166 3 has taken the left fork
4166 3 is eating
DBG_EAT: id=3 time_last_meal=4166
4166 1 is thinking
4166 1 has taken the right fork
4166 1 has taken the left fork
4166 1 is eating
DBG_EAT: id=1 time_last_meal=4166
DBG_EAT2: id=3 meals=27
4226 3 has put down the left fork
4227 3 has put down the right fork
4227 3 is sleeping
DBG_EAT2: id=1 meals=27
4227 1 has put down the left fork
4227 1 has put down the right fork
4227 1 is sleeping
4230 4 is thinking
4230 2 is thinking
4230 4 has taken the left fork
4230 4 has taken the right fork
4230 4 is eating
DBG_EAT: id=4 time_last_meal=4230
4230 2 has taken the left fork
4230 2 has taken the right fork
4230 2 is eating
DBG_EAT: id=2 time_last_meal=4230
DBG_EAT2: id=4 meals=27
4290 4 has put down the right fork
4290 4 has put down the left fork
4290 4 is sleeping
DBG_EAT2: id=2 meals=27
4290 2 has put down the right fork
4290 2 has put down the left fork
4290 2 is sleeping
4327 3 is thinking
4327 3 has taken the right fork
4327 3 has taken the left fork
4327 3 is eating
DBG_EAT: id=3 time_last_meal=4327
4327 1 is thinking
4327 1 has taken the right fork
4327 1 has taken the left fork
4327 1 is eating
DBG_EAT: id=1 time_last_meal=4327
DBG_EAT2: id=3 meals=28
4387 3 has put down the left fork
4387 3 has put down the right fork
4387 3 is sleeping
DBG_EAT2: id=1 meals=28
4387 1 has put down the left fork
4387 1 has put down the right fork
4387 1 is sleeping
4390 4 is thinking
4391 2 is thinking
4391 4 has taken the left fork
4391 4 has taken the right fork
4391 4 is eating
DBG_EAT: id=4 time_last_meal=4391
4391 2 has taken the left fork
4391 2 has taken the right fork
4391 2 is eating
DBG_EAT: id=2 time_last_meal=4391
DBG_EAT2: id=4 meals=28
4451 4 has put down the right fork
4451 4 has put down the left fork
4451 4 is sleeping
DBG_EAT2: id=2 meals=28
4451 2 has put down the right fork
4451 2 has put down the left fork
4451 2 is sleeping
4487 1 is thinking
4487 1 has taken the right fork
4487 1 has taken the left fork
4487 1 is eating
DBG_EAT: id=1 time_last_meal=4487
4487 3 is thinking
4487 3 has taken the right fork
4487 3 has taken the left fork
4487 3 is eating
DBG_EAT: id=3 time_last_meal=4487
DBG_EAT2: id=1 meals=29
4547 1 has put down the left fork
4547 1 has put down the right fork
4547 1 is sleeping
DBG_EAT2: id=3 meals=29
4547 3 has put down the left fork
4547 3 has put down the right fork
4547 3 is sleeping
4551 4 is thinking
4551 4 has taken the left fork
4551 4 has taken the right fork
4551 4 is eating
DBG_EAT: id=4 time_last_meal=4551
4551 2 is thinking
4551 2 has taken the left fork
4551 2 has taken the right fork
4551 2 is eating
DBG_EAT: id=2 time_last_meal=4551
DBG_EAT2: id=4 meals=29
4611 4 has put down the right fork
4611 4 has put down the left fork
4611 4 is sleeping
DBG_EAT2: id=2 meals=29
4611 2 has put down the right fork
4611 2 has put down the left fork
4611 2 is sleeping
4647 1 is thinking
4647 1 has taken the right fork
4647 1 has taken the left fork
4647 1 is eating
DBG_EAT: id=1 time_last_meal=4647
4647 3 is thinking
4647 3 has taken the right fork
4647 3 has taken the left fork
4647 3 is eating
DBG_EAT: id=3 time_last_meal=4647
