DBG_INIT: meal_mutex init for philo 1
DBG_INIT: meal_mutex init for philo 2
DBG_INIT: meal_mutex init for philo 3
DBG_INIT: meal_mutex init for philo 4
DBG_INIT: meal_mutex init for philo 5
DBG: init philo[1].time_last_meal=0
DBG: init philo[2].time_last_meal=0
DBG: init philo[3].time_last_meal=0
DBG: init philo[4].time_last_meal=0
DBG: init philo[5].time_last_meal=0
0 1 has taken the right fork
0 1 has taken the left fork
0 1 is eating
DBG_EAT: id=1 time_last_meal=0
0 3 has taken the right fork
0 3 has taken the left fork
0 3 is eating
DBG_EAT: id=3 time_last_meal=0
1 5 has taken the right fork
DBG: start_time=1758387780211
DBG_EAT2: id=1 meals=1
60 1 has put down the left fork
60 1 has put down the right fork
60 1 is sleeping
60 5 has taken the left fork
61 5 is eating
DBG_EAT: id=5 time_last_meal=61
DBG_EAT2: id=3 meals=1
61 3 has put down the left fork
61 3 has put down the right fork
61 3 is sleeping
61 2 has taken the left fork
61 2 has taken the right fork
61 2 is eating
DBG_EAT: id=2 time_last_meal=61
DBG_EAT2: id=5 meals=1
121 5 has put down the left fork
121 5 has put down the right fork
121 5 is sleeping
DBG_EAT2: id=2 meals=1
121 2 has put down the right fork
121 2 has put down the left fork
121 2 is sleeping
121 4 has taken the left fork
121 4 has taken the right fork
121 4 is eating
DBG_EAT: id=4 time_last_meal=121
DBG_EAT2: id=4 meals=1
181 4 has put down the right fork
181 4 has put down the left fork
181 4 is sleeping
261 1 is thinking
261 1 has taken the right fork
261 1 has taken the left fork
261 1 is eating
DBG_EAT: id=1 time_last_meal=261
261 3 is thinking
261 3 has taken the right fork
261 3 has taken the left fork
261 3 is eating
DBG_EAT: id=3 time_last_meal=261
DBG_EAT2: id=1 meals=2
321 1 has put down the left fork
321 1 has put down the right fork
321 5 is thinking
321 5 has taken the right fork
321 5 has taken the left fork
321 5 is eating
DBG_EAT: id=5 time_last_meal=321
DBG_EAT2: id=3 meals=2
321 3 has put down the left fork
321 3 has put down the right fork
321 3 is sleeping
321 1 is sleeping
321 2 is thinking
321 2 has taken the left fork
321 2 has taken the right fork
321 2 is eating
DBG_EAT: id=2 time_last_meal=321
DBG_EAT2: id=5 meals=2
381 5 has put down the left fork
381 5 has put down the right fork
381 4 is thinking
381 5 is sleeping
DBG_EAT2: id=2 meals=2
381 2 has put down the right fork
381 2 has put down the left fork
381 2 is sleeping
381 4 has taken the left fork
381 4 has taken the right fork
381 4 is eating
DBG_EAT: id=4 time_last_meal=381
DBG_EAT2: id=4 meals=2
442 4 has put down the right fork
442 4 has put down the left fork
442 4 is sleeping
521 3 is thinking
521 3 has taken the right fork
521 3 has taken the left fork
521 3 is eating
DBG_EAT: id=3 time_last_meal=521
521 1 is thinking
521 1 has taken the right fork
521 1 has taken the left fork
521 1 is eating
DBG_EAT: id=1 time_last_meal=521
DBG_EAT2: id=3 meals=3
581 3 has put down the left fork
581 3 has put down the right fork
581 3 is sleeping
DBG_EAT2: id=1 meals=3
581 1 has put down the left fork
581 1 has put down the right fork
581 1 is sleeping
581 5 is thinking
581 5 has taken the right fork
581 5 has taken the left fork
581 5 is eating
DBG_EAT: id=5 time_last_meal=581
581 2 is thinking
582 2 has taken the left fork
582 2 has taken the right fork
582 2 is eating
DBG_EAT: id=2 time_last_meal=582
DBG_EAT2: id=5 meals=3
642 5 has put down the left fork
642 5 has put down the right fork
642 5 is sleeping
DBG_EAT2: id=2 meals=3
642 2 has put down the right fork
642 2 has put down the left fork
642 2 is sleeping
642 4 is thinking
642 4 has taken the left fork
642 4 has taken the right fork
642 4 is eating
DBG_EAT: id=4 time_last_meal=642
DBG_EAT2: id=4 meals=3
702 4 has put down the right fork
702 4 has put down the left fork
702 4 is sleeping
781 3 is thinking
781 3 has taken the right fork
781 3 has taken the left fork
781 3 is eating
DBG_EAT: id=3 time_last_meal=781
781 1 is thinking
781 1 has taken the right fork
781 1 has taken the left fork
781 1 is eating
DBG_EAT: id=1 time_last_meal=781
DBG_EAT2: id=3 meals=4
842 3 has put down the left fork
842 3 has put down the right fork
842 3 is sleeping
DBG_EAT2: id=1 meals=4
842 1 has put down the left fork
842 1 has put down the right fork
842 1 is sleeping
842 5 is thinking
842 5 has taken the right fork
842 5 has taken the left fork
842 5 is eating
DBG_EAT: id=5 time_last_meal=842
842 2 is thinking
842 2 has taken the left fork
842 2 has taken the right fork
842 2 is eating
DBG_EAT: id=2 time_last_meal=842
DBG_EAT2: id=5 meals=4
902 5 has put down the left fork
902 5 has put down the right fork
902 5 is sleeping
DBG_EAT2: id=2 meals=4
902 2 has put down the right fork
902 2 has put down the left fork
902 2 is sleeping
902 4 is thinking
902 4 has taken the left fork
902 4 has taken the right fork
902 4 is eating
DBG_EAT: id=4 time_last_meal=902
DBG_EAT2: id=4 meals=4
963 4 has put down the right fork
963 4 has put down the left fork
963 4 is sleeping
1042 1 is thinking
1042 1 has taken the right fork
1042 1 has taken the left fork
1042 1 is eating
DBG_EAT: id=1 time_last_meal=1042
1042 3 is thinking
1042 3 has taken the right fork
1042 3 has taken the left fork
1042 3 is eating
DBG_EAT: id=3 time_last_meal=1042
DBG_EAT2: id=3 meals=5
1102 3 has put down the left fork
1102 3 has put down the right fork
1102 3 is sleeping
DBG_EAT2: id=1 meals=5
1102 1 has put down the left fork
1102 1 has put down the right fork
1102 1 is sleeping
1102 5 is thinking
1102 5 has taken the right fork
1102 5 has taken the left fork
1102 5 is eating
DBG_EAT: id=5 time_last_meal=1102
1102 2 is thinking
1103 2 has taken the left fork
1103 2 has taken the right fork
1103 2 is eating
DBG_EAT: id=2 time_last_meal=1103
DBG_EAT2: id=5 meals=5
1162 5 has put down the left fork
1162 5 has put down the right fork
1162 5 is sleeping
DBG_EAT2: id=2 meals=5
1163 2 has put down the right fork
1163 2 has put down the left fork
1163 2 is sleeping
1163 4 is thinking
1163 4 has taken the left fork
1163 4 has taken the right fork
1163 4 is eating
DBG_EAT: id=4 time_last_meal=1163
DBG_EAT2: id=4 meals=5
1223 4 has put down the right fork
1223 4 has put down the left fork
1223 4 is sleeping
1302 3 is thinking
1302 3 has taken the right fork
1302 3 has taken the left fork
1302 3 is eating
DBG_EAT: id=3 time_last_meal=1302
1302 1 is thinking
1302 1 has taken the right fork
1302 1 has taken the left fork
1302 1 is eating
DBG_EAT: id=1 time_last_meal=1302
DBG_EAT2: id=3 meals=6
1362 3 has put down the left fork
1362 3 has put down the right fork
1362 3 is sleeping
DBG_EAT2: id=1 meals=6
1362 1 has put down the left fork
1362 1 has put down the right fork
1362 1 is sleeping
1363 5 is thinking
1363 5 has taken the right fork
1363 5 has taken the left fork
1363 5 is eating
DBG_EAT: id=5 time_last_meal=1363
1363 2 is thinking
1363 2 has taken the left fork
1363 2 has taken the right fork
1363 2 is eating
DBG_EAT: id=2 time_last_meal=1363
DBG_EAT2: id=5 meals=6
1423 5 has put down the left fork
1423 5 has put down the right fork
1423 5 is sleeping
DBG_EAT2: id=2 meals=6
1423 2 has put down the right fork
1423 2 has put down the left fork
1423 2 is sleeping
1423 4 is thinking
1424 4 has taken the left fork
1424 4 has taken the right fork
1424 4 is eating
DBG_EAT: id=4 time_last_meal=1424
DBG_EAT2: id=4 meals=6
1484 4 has put down the right fork
1484 4 has put down the left fork
1484 4 is sleeping
1562 3 is thinking
1562 3 has taken the right fork
1562 3 has taken the left fork
1562 3 is eating
DBG_EAT: id=3 time_last_meal=1562
1562 1 is thinking
1562 1 has taken the right fork
1562 1 has taken the left fork
1562 1 is eating
DBG_EAT: id=1 time_last_meal=1562
DBG_EAT2: id=3 meals=7
1622 3 has put down the left fork
1622 3 has put down the right fork
1622 3 is sleeping
DBG_EAT2: id=1 meals=7
1622 1 has put down the left fork
1622 1 has put down the right fork
1622 1 is sleeping
1623 5 is thinking
1623 5 has taken the right fork
1623 5 has taken the left fork
1623 5 is eating
DBG_EAT: id=5 time_last_meal=1623
1623 2 is thinking
1623 2 has taken the left fork
1623 2 has taken the right fork
1623 2 is eating
DBG_EAT: id=2 time_last_meal=1623
DBG_EAT2: id=5 meals=7
1683 5 has put down the left fork
1683 5 has put down the right fork
DBG_EAT2: id=2 meals=7
1683 2 has put down the right fork
1683 2 has put down the left fork
1683 2 is sleeping
1683 5 is sleeping
1684 4 is thinking
1684 4 has taken the left fork
1684 4 has taken the right fork
1684 4 is eating
DBG_EAT: id=4 time_last_meal=1684
DBG_EAT2: id=4 meals=7
1745 4 has put down the right fork
1745 4 has put down the left fork
1745 4 is sleeping
1822 3 is thinking
1822 3 has taken the right fork
1822 3 has taken the left fork
1822 3 is eating
DBG_EAT: id=3 time_last_meal=1822
1822 1 is thinking
1822 1 has taken the right fork
1822 1 has taken the left fork
1822 1 is eating
DBG_EAT: id=1 time_last_meal=1822
DBG_EAT2: id=3 meals=8
1883 3 has put down the left fork
1883 3 has put down the right fork
1883 3 is sleeping
DBG_EAT2: id=1 meals=8
1883 1 has put down the left fork
1883 1 has put down the right fork
1883 1 is sleeping
1884 5 is thinking
1884 5 has taken the right fork
1884 5 has taken the left fork
1884 5 is eating
DBG_EAT: id=5 time_last_meal=1884
1884 2 is thinking
1884 2 has taken the left fork
1884 2 has taken the right fork
1884 2 is eating
DBG_EAT: id=2 time_last_meal=1884
DBG_EAT2: id=5 meals=8
1944 5 has put down the left fork
1944 5 has put down the right fork
1944 5 is sleeping
DBG_EAT2: id=2 meals=8
1944 2 has put down the right fork
1944 2 has put down the left fork
1944 2 is sleeping
1945 4 is thinking
1945 4 has taken the left fork
1945 4 has taken the right fork
1945 4 is eating
DBG_EAT: id=4 time_last_meal=1945
DBG_EAT2: id=4 meals=8
2005 4 has put down the right fork
2005 4 has put down the left fork
2005 4 is sleeping
2083 3 is thinking
2083 3 has taken the right fork
2083 3 has taken the left fork
2083 3 is eating
DBG_EAT: id=3 time_last_meal=2083
2083 1 is thinking
2083 1 has taken the right fork
2083 1 has taken the left fork
2083 1 is eating
DBG_EAT: id=1 time_last_meal=2083
DBG_EAT2: id=3 meals=9
2143 3 has put down the left fork
2143 3 has put down the right fork
2143 3 is sleeping
DBG_EAT2: id=1 meals=9
2143 1 has put down the left fork
2143 1 has put down the right fork
2143 1 is sleeping
2144 2 is thinking
2144 5 is thinking
2144 5 has taken the right fork
2144 5 has taken the left fork
2144 5 is eating
DBG_EAT: id=5 time_last_meal=2144
2144 2 has taken the left fork
2144 2 has taken the right fork
2144 2 is eating
DBG_EAT: id=2 time_last_meal=2144
DBG_EAT2: id=5 meals=9
2204 5 has put down the left fork
2204 5 has put down the right fork
DBG_EAT2: id=2 meals=9
2204 2 has put down the right fork
2204 2 has put down the left fork
2204 2 is sleeping
2204 5 is sleeping
2206 4 is thinking
2206 4 has taken the left fork
2206 4 has taken the right fork
2206 4 is eating
DBG_EAT: id=4 time_last_meal=2206
DBG_EAT2: id=4 meals=9
2266 4 has put down the right fork
2266 4 has put down the left fork
2266 4 is sleeping
2343 3 is thinking
2343 3 has taken the right fork
2343 3 has taken the left fork
2343 3 is eating
DBG_EAT: id=3 time_last_meal=2343
2343 1 is thinking
2343 1 has taken the right fork
2343 1 has taken the left fork
2343 1 is eating
DBG_EAT: id=1 time_last_meal=2343
DBG_EAT2: id=3 meals=10
2403 3 has put down the left fork
2403 3 has put down the right fork
DBG_EAT2: id=1 meals=10
2403 1 has put down the left fork
2403 1 has put down the right fork
2403 1 is sleeping
2403 3 is sleeping
2404 5 is thinking
2404 5 has taken the right fork
2404 5 has taken the left fork
2404 5 is eating
DBG_EAT: id=5 time_last_meal=2404
2405 2 is thinking
2405 2 has taken the left fork
2405 2 has taken the right fork
2405 2 is eating
DBG_EAT: id=2 time_last_meal=2405
DBG_EAT2: id=5 meals=10
2465 5 has put down the left fork
2465 5 has put down the right fork
2465 5 is sleeping
DBG_EAT2: id=2 meals=10
2465 2 has put down the right fork
2465 2 has put down the left fork
2465 2 is sleeping
2466 4 is thinking
2466 4 has taken the left fork
2466 4 has taken the right fork
2466 4 is eating
DBG_EAT: id=4 time_last_meal=2466
DBG_EAT2: id=4 meals=10
2527 4 has put down the right fork
2527 4 has put down the left fork
2527 4 is sleeping
2603 3 is thinking
2603 3 has taken the right fork
2603 3 has taken the left fork
2603 3 is eating
DBG_EAT: id=3 time_last_meal=2603
2603 1 is thinking
2603 1 has taken the right fork
2603 1 has taken the left fork
2603 1 is eating
DBG_EAT: id=1 time_last_meal=2603
DBG_EAT2: id=1 meals=11
2664 1 has put down the left fork
2664 1 has put down the right fork
DBG_EAT2: id=3 meals=11
2664 3 has put down the left fork
2664 3 has put down the right fork
2664 3 is sleeping
2664 1 is sleeping
2665 5 is thinking
2665 5 has taken the right fork
2665 5 has taken the left fork
2665 5 is eating
DBG_EAT: id=5 time_last_meal=2665
2665 2 is thinking
2665 2 has taken the left fork
2665 2 has taken the right fork
2665 2 is eating
DBG_EAT: id=2 time_last_meal=2665
DBG_EAT2: id=5 meals=11
2725 5 has put down the left fork
2725 5 has put down the right fork
DBG_EAT2: id=2 meals=11
2725 2 has put down the right fork
2725 2 has put down the left fork
2725 2 is sleeping
2725 5 is sleeping
2727 4 is thinking
2727 4 has taken the left fork
2727 4 has taken the right fork
2727 4 is eating
DBG_EAT: id=4 time_last_meal=2727
DBG_EAT2: id=4 meals=11
2788 4 has put down the right fork
2788 4 has put down the left fork
2788 4 is sleeping
2864 3 is thinking
2864 3 has taken the right fork
2864 3 has taken the left fork
2864 3 is eating
DBG_EAT: id=3 time_last_meal=2864
2864 1 is thinking
2864 1 has taken the right fork
2864 1 has taken the left fork
2864 1 is eating
DBG_EAT: id=1 time_last_meal=2864
DBG_EAT2: id=1 meals=12
2924 1 has put down the left fork
2924 1 has put down the right fork
2924 1 is sleeping
DBG_EAT2: id=3 meals=12
2924 3 has put down the left fork
2924 3 has put down the right fork
2924 3 is sleeping
2925 2 is thinking
2925 5 is thinking
2925 5 has taken the right fork
2925 5 has taken the left fork
2925 5 is eating
DBG_EAT: id=5 time_last_meal=2925
2925 2 has taken the left fork
2925 2 has taken the right fork
2925 2 is eating
DBG_EAT: id=2 time_last_meal=2925
DBG_EAT2: id=2 meals=12
2986 2 has put down the right fork
2986 2 has put down the left fork
DBG_EAT2: id=5 meals=12
2986 5 has put down the left fork
2986 5 has put down the right fork
2986 5 is sleeping
2986 2 is sleeping
2988 4 is thinking
2988 4 has taken the left fork
2988 4 has taken the right fork
2988 4 is eating
DBG_EAT: id=4 time_last_meal=2988
DBG_EAT2: id=4 meals=12
3048 4 has put down the right fork
3048 4 has put down the left fork
3048 4 is sleeping
3124 1 is thinking
3124 1 has taken the right fork
3124 1 has taken the left fork
3124 1 is eating
DBG_EAT: id=1 time_last_meal=3124
3124 3 is thinking
3124 3 has taken the right fork
3124 3 has taken the left fork
3124 3 is eating
DBG_EAT: id=3 time_last_meal=3124
DBG_EAT2: id=1 meals=13
3184 1 has put down the left fork
3184 1 has put down the right fork
3184 1 is sleeping
DBG_EAT2: id=3 meals=13
3184 3 has put down the left fork
3184 3 has put down the right fork
3184 3 is sleeping
3186 5 is thinking
3186 5 has taken the right fork
3186 5 has taken the left fork
3186 5 is eating
DBG_EAT: id=5 time_last_meal=3186
3186 2 is thinking
3186 2 has taken the left fork
3186 2 has taken the right fork
3186 2 is eating
DBG_EAT: id=2 time_last_meal=3186
DBG_EAT2: id=2 meals=13
3246 2 has put down the right fork
3246 2 has put down the left fork
3246 2 is sleeping
DBG_EAT2: id=5 meals=13
3246 5 has put down the left fork
3246 5 has put down the right fork
3246 5 is sleeping
3248 4 is thinking
3248 4 has taken the left fork
3248 4 has taken the right fork
3248 4 is eating
DBG_EAT: id=4 time_last_meal=3248
DBG_EAT2: id=4 meals=13
3309 4 has put down the right fork
3309 4 has put down the left fork
3309 4 is sleeping
3384 1 is thinking
3384 1 has taken the right fork
3384 1 has taken the left fork
3384 1 is eating
DBG_EAT: id=1 time_last_meal=3384
3384 3 is thinking
3384 3 has taken the right fork
3384 3 has taken the left fork
3384 3 is eating
DBG_EAT: id=3 time_last_meal=3384
DBG_EAT2: id=3 meals=14
3445 3 has put down the left fork
3445 3 has put down the right fork
3445 3 is sleeping
DBG_EAT2: id=1 meals=14
3445 1 has put down the left fork
3445 1 has put down the right fork
3445 1 is sleeping
3446 2 is thinking
3446 5 is thinking
3446 5 has taken the right fork
3446 5 has taken the left fork
3446 5 is eating
DBG_EAT: id=5 time_last_meal=3446
3446 2 has taken the left fork
3446 2 has taken the right fork
3446 2 is eating
DBG_EAT: id=2 time_last_meal=3446
DBG_EAT2: id=5 meals=14
3507 5 has put down the left fork
3507 5 has put down the right fork
3507 5 is sleeping
DBG_EAT2: id=2 meals=14
3507 2 has put down the right fork
3507 2 has put down the left fork
3507 2 is sleeping
3509 4 is thinking
3509 4 has taken the left fork
3509 4 has taken the right fork
3509 4 is eating
DBG_EAT: id=4 time_last_meal=3509
DBG_EAT2: id=4 meals=14
3569 4 has put down the right fork
3569 4 has put down the left fork
3569 4 is sleeping
3645 3 is thinking
3645 3 has taken the right fork
3645 3 has taken the left fork
3645 3 is eating
DBG_EAT: id=3 time_last_meal=3645
3645 1 is thinking
3645 1 has taken the right fork
3645 1 has taken the left fork
3645 1 is eating
DBG_EAT: id=1 time_last_meal=3645
DBG_EAT2: id=1 meals=15
3705 1 has put down the left fork
3705 1 has put down the right fork
3705 1 is sleeping
DBG_EAT2: id=3 meals=15
3705 3 has put down the left fork
3705 3 has put down the right fork
3705 3 is sleeping
3707 5 is thinking
3707 5 has taken the right fork
3707 5 has taken the left fork
3707 5 is eating
DBG_EAT: id=5 time_last_meal=3707
3707 2 is thinking
3707 2 has taken the left fork
3707 2 has taken the right fork
3707 2 is eating
DBG_EAT: id=2 time_last_meal=3707
DBG_EAT2: id=5 meals=15
3767 5 has put down the left fork
3767 5 has put down the right fork
3767 5 is sleeping
DBG_EAT2: id=2 meals=15
3767 2 has put down the right fork
3767 2 has put down the left fork
3767 2 is sleeping
3770 4 is thinking
3770 4 has taken the left fork
3770 4 has taken the right fork
3770 4 is eating
DBG_EAT: id=4 time_last_meal=3770
DBG_EAT2: id=4 meals=15
3830 4 has put down the right fork
3830 4 has put down the left fork
3830 4 is sleeping
3905 1 is thinking
3905 1 has taken the right fork
3905 1 has taken the left fork
3905 1 is eating
DBG_EAT: id=1 time_last_meal=3905
3905 3 is thinking
3905 3 has taken the right fork
3905 3 has taken the left fork
3905 3 is eating
DBG_EAT: id=3 time_last_meal=3905
DBG_EAT2: id=1 meals=16
3965 1 has put down the left fork
3965 1 has put down the right fork
DBG_EAT2: id=3 meals=16
3965 3 has put down the left fork
3965 3 has put down the right fork
3965 3 is sleeping
3965 1 is sleeping
3967 5 is thinking
3967 5 has taken the right fork
3967 5 has taken the left fork
3967 5 is eating
DBG_EAT: id=5 time_last_meal=3967
3967 2 is thinking
3967 2 has taken the left fork
3967 2 has taken the right fork
3967 2 is eating
DBG_EAT: id=2 time_last_meal=3967
DBG_EAT2: id=5 meals=16
4027 5 has put down the left fork
4027 5 has put down the right fork
4027 5 is sleeping
DBG_EAT2: id=2 meals=16
4028 2 has put down the right fork
4028 2 has put down the left fork
4028 2 is sleeping
4030 4 is thinking
4030 4 has taken the left fork
4030 4 has taken the right fork
4030 4 is eating
DBG_EAT: id=4 time_last_meal=4030
DBG_EAT2: id=4 meals=16
4091 4 has put down the right fork
4091 4 has put down the left fork
4091 4 is sleeping
4166 3 is thinking
4166 3 has taken the right fork
4166 3 has taken the left fork
4166 3 is eating
DBG_EAT: id=3 time_last_meal=4166
4166 1 is thinking
4166 1 has taken the right fork
4166 1 has taken the left fork
4166 1 is eating
DBG_EAT: id=1 time_last_meal=4166
DBG_EAT2: id=3 meals=17
4226 3 has put down the left fork
4226 3 has put down the right fork
4226 3 is sleeping
DBG_EAT2: id=1 meals=17
4226 1 has put down the left fork
4226 1 has put down the right fork
4226 1 is sleeping
4227 5 is thinking
4227 5 has taken the right fork
4227 5 has taken the left fork
4227 5 is eating
DBG_EAT: id=5 time_last_meal=4227
4228 2 is thinking
4228 2 has taken the left fork
4228 2 has taken the right fork
4228 2 is eating
DBG_EAT: id=2 time_last_meal=4228
DBG_EAT2: id=5 meals=17
4288 5 has put down the le