DBG_INIT: meal_mutex init for philo 1
DBG_INIT: meal_mutex init for philo 2
DBG: init philo[1].time_last_meal=0
DBG: init philo[2].time_last_meal=0
1 1 has taken the right fork
1 1 has taken the left fork
1 1 is eating
DBG_EAT: id=1 time_last_meal=1
DBG: start_time=1758402934042
DBG_EAT2: id=1 meals=1
101 1 has put down the left fork
101 1 has put down the right fork
101 1 is sleeping
102 2 has taken the left fork
102 2 has taken the right fork
102 2 is eating
DBG_EAT: id=2 time_last_meal=102
DBG_EAT2: id=2 meals=1
202 2 has put down the right fork
202 2 has put down the left fork
202 2 is sleeping
305 1 is thinking
305 1 has taken the right fork
305 1 has taken the left fork
305 1 is eating
DBG_EAT: id=1 time_last_meal=305
407 2 is thinking
DBG_EAT2: id=1 meals=2
408 1 has put down the left fork
408 1 has put down the right fork
408 1 is sleeping
408 2 has taken the left fork
408 2 has taken the right fork
408 2 is eating
DBG_EAT: id=2 time_last_meal=408
DBG_EAT2: id=2 meals=2
510 2 has put down the right fork
510 2 has put down the left fork
510 2 is sleeping
608 1 is thinking
608 1 has taken the right fork
608 1 has taken the left fork
608 1 is eating
DBG_EAT: id=1 time_last_meal=608
DBG_EAT2: id=1 meals=3
710 1 has put down the left fork
710 1 has put down the right fork
710 2 is thinking
711 1 is sleeping
711 2 has taken the left fork
711 2 has taken the right fork
711 2 is eating
DBG_EAT: id=2 time_last_meal=711
DBG_EAT2: id=2 meals=3
813 2 has put down the right fork
813 2 has put down the left fork
813 2 is sleeping
914 1 is thinking
914 1 has taken the right fork
914 1 has taken the left fork
914 1 is eating
DBG_EAT: id=1 time_last_meal=914
1015 2 is thinking
DBG_EAT2: id=1 meals=4
1017 1 has put down the left fork
1017 1 has put down the right fork
1017 1 is sleeping
1017 2 has taken the left fork
1017 2 has taken the right fork
1017 2 is eating
DBG_EAT: id=2 time_last_meal=1017
DBG_EAT2: id=2 meals=4
1119 2 has put down the right fork
1119 2 has put down the left fork
1119 2 is sleeping
1221 1 is thinking
1221 1 has taken the right fork
1221 1 has taken the left fork
1221 1 is eating
DBG_EAT: id=1 time_last_meal=1221
2260 2 is thinking
DBG_EAT2: id=1 meals=5
2261 1 has put down the left fork
2261 1 has put down the right fork
2261 1 is sleeping
2261 2 has taken the left fork
2261 2 has taken the right fork
2261 2 is eating
DBG_EAT: id=2 time_last_meal=2261
2261 1 has died (last meal at 1221)
DBG_EAT2: id=2 meals=5
