DBG_INIT: meal_mutex init for philo 1
DBG_INIT: meal_mutex init for philo 2
DBG_INIT: meal_mutex init for philo 3
DBG_INIT: meal_mutex init for philo 4
DBG_INIT: meal_mutex init for philo 5
DBG: init philo[1].time_last_meal=0
DBG: init philo[2].time_last_meal=0
DBG: init philo[3].time_last_meal=0
DBG: init philo[4].time_last_meal=0
DBG: init philo[5].time_last_meal=0
1 1 has taken the right fork
1 1 has taken the left fork
1 1 is eating
DBG_EAT: id=1 time_last_meal=1
1 2 has taken the left fork
1 5 has taken the right fork
DBG: start_time=1758387892435
DBG_EAT2: id=1 meals=1
101 1 has put down the left fork
101 1 has put down the right fork
101 2 has taken the right fork
101 2 is eating
DBG_EAT: id=2 time_last_meal=101
101 5 has taken the left fork
101 5 is eating
DBG_EAT: id=5 time_last_meal=101
101 1 is sleeping
DBG_EAT2: id=2 meals=1
201 2 has put down the right fork
201 2 has put down the left fork
201 1 is thinking
201 3 has taken the right fork
201 3 has taken the left fork
201 3 is eating
DBG_EAT: id=3 time_last_meal=201
201 2 is sleeping
DBG_EAT2: id=5 meals=1
202 5 has put down the left fork
202 5 has put down the right fork
202 5 is sleeping
202 1 has taken the right fork
202 1 has taken the left fork
202 1 is eating
DBG_EAT: id=1 time_last_meal=202
202 4 has taken the left fork
302 2 is thinking
DBG_EAT2: id=3 meals=1
302 3 has put down the left fork
302 3 has put down the right fork
302 3 is sleeping
302 5 is thinking
302 4 has taken the right fork
302 4 is eating
DBG_EAT: id=4 time_last_meal=302
302 2 has taken the left fork
DBG_EAT2: id=1 meals=2
302 1 has put down the left fork
302 1 has put down the right fork
302 1 is sleeping
302 2 has taken the right fork
302 2 is eating
DBG_EAT: id=2 time_last_meal=302
DBG_EAT2: id=4 meals=1
402 4 has put down the right fork
402 3 is thinking
402 4 has put down the left fork
402 4 is sleeping
402 1 is thinking
402 1 has taken the right fork
402 5 has taken the right fork
DBG_EAT2: id=2 meals=2
402 2 has put down the right fork
402 2 has put down the left fork
402 2 is sleeping
402 1 has taken the left fork
402 1 is eating
DBG_EAT: id=1 time_last_meal=402
402 3 has taken the right fork
402 3 has taken the left fork
402 3 is eating
DBG_EAT: id=3 time_last_meal=402
502 4 is thinking
502 2 is thinking
DBG_EAT2: id=1 meals=3
502 1 has put down the left fork
502 1 has put down the right fork
DBG_EAT2: id=3 meals=2
502 3 has put down the left fork
502 3 has put down the right fork
502 3 is sleeping
503 5 has taken the left fork
503 5 is eating
DBG_EAT: id=5 time_last_meal=503
503 1 is sleeping
503 2 has taken the left fork
503 2 has taken the right fork
503 2 is eating
DBG_EAT: id=2 time_last_meal=503
603 3 is thinking
DBG_EAT2: id=5 meals=2
DBG_EAT2: id=2 meals=3
603 2 has put down the right fork
603 5 has put down the left fork
603 1 is thinking
603 1 has taken the right fork
603 1 has taken the left fork
603 1 is eating
DBG_EAT: id=1 time_last_meal=603
603 2 has put down the left fork
603 5 has put down the right fork
603 5 is sleeping
603 2 is sleeping
603 4 has taken the left fork
603 4 has taken the right fork
603 4 is eating
DBG_EAT: id=4 time_last_meal=603
603 3 has taken the right fork
DBG_EAT2: id=1 meals=4
703 1 has put down the left fork
703 1 has put down the right fork
703 1 is sleeping
DBG_EAT2: id=4 meals=2
703 2 is thinking
703 5 is thinking
703 4 has put down the right fork
703 3 has taken the left fork
703 3 is eating
DBG_EAT: id=3 time_last_meal=703
703 4 has put down the left fork
703 5 has taken the right fork
703 5 has taken the left fork
703 5 is eating
DBG_EAT: id=5 time_last_meal=703
703 4 is sleeping
DBG_EAT2: id=3 meals=3
803 1 is thinking
803 3 has put down the left fork
803 4 is thinking
DBG_EAT2: id=5 meals=3
803 3 has put down the right fork
803 3 is sleeping
803 5 has put down the left fork
803 5 has put down the right fork
803 5 is sleeping
803 1 has taken the right fork
803 1 has taken the left fork
803 1 is eating
DBG_EAT: id=1 time_last_meal=803
803 2 has taken the left fork
803 4 has taken the left fork
803 4 has taken the right fork
803 4 is eating
DBG_EAT: id=4 time_last_meal=803
DBG_EAT2: id=1 meals=5
903 3 is thinking
903 1 has put down the left fork
903 1 has put down the right fork
903 1 is sleeping
903 5 is thinking
903 2 has taken the right fork
903 2 is eating
DBG_EAT: id=2 time_last_meal=903
DBG_EAT2: id=4 meals=3
903 4 has put down the right fork
903 4 has put down the left fork
903 4 is sleeping
904 5 has taken the right fork
904 5 has taken the left fork
904 5 is eating
DBG_EAT: id=5 time_last_meal=904
DBG_EAT2: id=2 meals=4
1004 2 has put down the right fork
1004 1 is thinking
1004 2 has put down the left fork
1004 4 is thinking
1004 2 is sleeping
1004 3 has taken the right fork
1004 3 has taken the left fork
1004 3 is eating
DBG_EAT: id=3 time_last_meal=1004
DBG_EAT2: id=5 meals=4
1004 5 has put down the left fork
1004 5 has put down the right fork
1004 5 is sleeping
1004 4 has taken the left fork
1004 1 has taken the right fork
1004 1 has taken the left fork
1004 1 is eating
DBG_EAT: id=1 time_last_meal=1004
DBG_EAT2: id=3 meals=4
1104 2 is thinking
1104 5 is thinking
1104 3 has put down the left fork
1104 3 has put down the right fork
1104 4 has taken the right fork
1104 4 is eating
DBG_EAT: id=4 time_last_meal=1104
1104 3 is sleeping
1104 2 has taken the left fork
DBG_EAT2: id=1 meals=6
1104 1 has put down the left fork
1104 1 has put down the right fork
1104 1 is sleeping
1104 2 has taken the right fork
1104 2 is eating
DBG_EAT: id=2 time_last_meal=1104
DBG_EAT2: id=4 meals=4
1204 3 is thinking
1204 4 has put down the right fork
1204 4 has put down the left fork
1204 4 is sleeping
1204 1 is thinking
1204 1 has taken the right fork
1204 5 has taken the right fork
DBG_EAT2: id=2 meals=5
1205 2 has put down the right fork
1205 2 has put down the left fork
1205 2 is sleeping
1205 1 has taken the left fork
1205 1 is eating
DBG_EAT: id=1 time_last_meal=1205
1205 3 has taken the right fork
1205 3 has taken the left fork
1205 3 is eating
DBG_EAT: id=3 time_last_meal=1205
DBG_EAT2: id=1 meals=7
1305 2 is thinking
1305 1 has put down the left fork
1305 4 is thinking
1305 1 has put down the right fork
1305 1 is sleeping
DBG_EAT2: id=3 meals=5
1305 3 has put down the left fork
1305 3 has put down the right fork
1305 3 is sleeping
1305 5 has taken the left fork
1305 5 is eating
DBG_EAT: id=5 time_last_meal=1305
1305 2 has taken the left fork
1305 2 has taken the right fork
1305 2 is eating
DBG_EAT: id=2 time_last_meal=1305
DBG_EAT2: id=2 meals=6
1405 2 has put down the right fork
1405 2 has put down the left fork
1405 2 is sleeping
DBG_EAT2: id=5 meals=5
1405 5 has put down the left fork
1405 5 has put down the right fork
1405 5 is sleeping
1405 1 is thinking
1405 4 has taken the left fork
1405 4 has taken the right fork
1405 4 is eating
DBG_EAT: id=4 time_last_meal=1405
1405 1 has taken the right fork
1405 1 has taken the left fork
1405 1 is eating
DBG_EAT: id=1 time_last_meal=1405
1405 3 is thinking
1405 3 has taken the right fork
DBG_EAT2: id=1 meals=8
1505 1 has put down the left fork
1505 1 has put down the right fork
DBG_EAT2: id=4 meals=5
1505 1 is sleeping
1506 5 is thinking
1506 3 has taken the left fork
1506 3 is eating
DBG_EAT: id=3 time_last_meal=1506
1506 2 is thinking
1506 4 has put down the right fork
1506 4 has put down the left fork
1506 4 is sleeping
1506 5 has taken the right fork
1506 5 has taken the left fork
1506 5 is eating
DBG_EAT: id=5 time_last_meal=1506
DBG_EAT2: id=3 meals=6
1606 3 has put down the left fork
1606 1 is thinking
1606 3 has put down the right fork
1606 3 is sleeping
1606 2 has taken the left fork
1606 2 has taken the right fork
1606 2 is eating
DBG_EAT: id=2 time_last_meal=1606
1606 4 is thinking
DBG_EAT2: id=5 meals=6
1606 5 has put down the left fork
1606 5 has put down the right fork
1606 5 is sleeping
1606 1 has taken the right fork
1606 4 has taken the left fork
1606 4 has taken the right fork
1606 4 is eating
DBG_EAT: id=4 time_last_meal=1606
1706 3 is thinking
DBG_EAT2: id=2 meals=7
1706 2 has put down the right fork
1706 2 has put down the left fork
1706 2 is sleeping
1706 1 has taken the left fork
1706 1 is eating
DBG_EAT: id=1 time_last_meal=1706
1706 3 has taken the right fork
1706 5 is thinking
DBG_EAT2: id=4 meals=6
1707 4 has put down the right fork
1707 4 has put down the left fork
1707 4 is sleeping
1707 3 has taken the left fork
1707 3 is eating
DBG_EAT: id=3 time_last_meal=1707
1707 5 has taken the right fork
DBG_EAT2: id=1 meals=9
1806 2 is thinking
1807 1 has put down the left fork
1807 1 has put down the right fork
1807 5 has taken the left fork
1807 5 is eating
DBG_EAT: id=5 time_last_meal=1807
1807 1 is sleeping
1807 4 is thinking
DBG_EAT2: id=3 meals=7
1807 3 has put down the left fork
1807 3 has put down the right fork
1807 3 is sleeping
1807 2 has taken the left fork
1807 2 has taken the right fork
1807 2 is eating
DBG_EAT: id=2 time_last_meal=1807
DBG_EAT2: id=5 meals=7
1907 5 has put down the left fork
1907 1 is thinking
1907 1 has taken the right fork
1907 5 has put down the right fork
1907 5 is sleeping
1907 4 has taken the left fork
1907 4 has taken the right fork
1907 4 is eating
DBG_EAT: id=4 time_last_meal=1907
1907 3 is thinking
DBG_EAT2: id=2 meals=8
1907 2 has put down the right fork
1907 2 has put down the left fork
1907 2 is sleeping
1907 1 has taken the left fork
1907 1 is eating
DBG_EAT: id=1 time_last_meal=1907
1907 3 has taken the right fork
DBG_EAT2: id=4 meals=7
2007 5 is thinking
2007 4 has put down the right fork
2007 4 has put down the left fork
2007 4 is sleeping
2007 3 has taken the left fork
2007 3 is eating
DBG_EAT: id=3 time_last_meal=2007
2007 5 has taken the right fork
2007 2 is thinking
DBG_EAT2: id=1 meals=10
2008 1 has put down the left fork
2008 1 has put down the right fork
2008 1 is sleeping
2008 5 has taken the left fork
2008 5 is eating
DBG_EAT: id=5 time_last_meal=2008
DBG_EAT2: id=3 meals=8
2108 3 has put down the left fork
2108 4 is thinking
2108 3 has put down the right fork
2108 3 is sleeping
2108 2 has taken the left fork
2108 2 has taken the right fork
2108 2 is eating
DBG_EAT: id=2 time_last_meal=2108
2108 1 is thinking
DBG_EAT2: id=5 meals=8
2108 5 has put down the left fork
2108 5 has put down the right fork
2108 1 has taken the right fork
2108 5 is sleeping
2108 4 has taken the left fork
2108 4 has taken the right fork
2108 4 is eating
DBG_EAT: id=4 time_last_meal=2108
DBG_EAT2: id=2 meals=9
2208 3 is thinking
2208 2 has put down the right fork
2208 2 has put down the left fork
2208 2 is sleeping
2208 3 has taken the right fork
2208 1 has taken the left fork
2208 1 is eating
DBG_EAT: id=1 time_last_meal=2208
DBG_EAT2: id=4 meals=8
2208 5 is thinking
2208 4 has put down the right fork
2208 4 has put down the left fork
2208 3 has taken the left fork
2208 3 is eating
DBG_EAT: id=3 time_last_meal=2208
2208 4 is sleeping
2209 5 has taken the right fork
2308 2 is thinking
DBG_EAT2: id=1 meals=11
2308 1 has put down the left fork
2308 1 has put down the right fork
2308 1 is sleeping
2308 5 has taken the left fork
2308 5 is eating
DBG_EAT: id=5 time_last_meal=2308
2309 4 is thinking
DBG_EAT2: id=3 meals=9
2309 3 has put down the left fork
2309 3 has put down the right fork
2309 3 is sleeping
2309 2 has taken the left fork
2309 2 has taken the right fork
2309 2 is eating
DBG_EAT: id=2 time_last_meal=2309
DBG_EAT2: id=5 meals=9
2409 5 has put down the left fork
2409 1 is thinking
2409 1 has taken the right fork
2409 5 has put down the right fork
2409 5 is sleeping
2409 4 has taken the left fork
2409 4 has taken the right fork
2409 4 is eating
DBG_EAT: id=4 time_last_meal=2409
2409 3 is thinking
DBG_EAT2: id=2 meals=10
2409 2 has put down the right fork
2409 1 has taken the left fork
2409 1 is eating
DBG_EAT: id=1 time_last_meal=2409
2409 2 has put down the left fork
2409 2 is sleeping
2409 3 has taken the right fork
DBG_EAT2: id=4 meals=9
2509 5 is thinking
2509 4 has put down the right fork
2509 4 has put down the left fork
2509 4 is sleeping
2509 3 has taken the left fork
2509 3 is eating
DBG_EAT: id=3 time_last_meal=2509
2509 5 has taken the right fork
2509 2 is thinking
DBG_EAT2: id=1 meals=12
2509 1 has put down the left fork
2509 1 has put down the right fork
2509 5 has taken the left fork
2509 5 is eating
DBG_EAT: id=5 time_last_meal=2509
2509 1 is sleeping
2609 4 is thinking
DBG_EAT2: id=3 meals=10
2609 3 has put down the left fork
2609 3 has put down the right fork
2609 3 is sleeping
DBG_EAT2: id=5 meals=10
2610 5 has put down the left fork
2610 5 has put down the right fork
2610 2 has taken the left fork
2610 2 has taken the right fork
2610 2 is eating
DBG_EAT: id=2 time_last_meal=2610
2610 5 is sleeping
2610 4 has taken the left fork
2610 4 has taken the right fork
2610 1 is thinking
2610 1 has taken the right fork
2610 4 is eating
DBG_EAT: id=4 time_last_meal=2610
DBG_EAT2: id=2 meals=11
2710 3 is thinking
2710 5 is thinking
2710 2 has put down the right fork
2710 2 has put down the left fork
DBG_EAT2: id=4 meals=10
2710 4 has put down the right fork
2710 3 has taken the right fork
2710 2 is sleeping
2710 3 has taken the left fork
2710 3 is eating
DBG_EAT: id=3 time_last_meal=2710
2710 4 has put down the left fork
2710 4 is sleeping
2710 1 has taken the left fork
2710 1 is eating
DBG_EAT: id=1 time_last_meal=2710
2710 5 has taken the right fork
DBG_EAT2: id=1 meals=13
2810 4 is thinking
2810 1 has put down the left fork
DBG_EAT2: id=3 meals=11
2810 3 has put down the left fork
2810 3 has put down the right fork
2810 1 has put down the right fork
2810 2 is thinking
2810 5 has taken the left fork
2810 5 is eating
DBG_EAT: id=5 time_last_meal=2810
2810 1 is sleeping
2810 3 is sleeping
2810 2 has taken the left fork
2810 2 has taken the right fork
2810 2 is eating
DBG_EAT: id=2 time_last_meal=2810
DBG_EAT2: id=5 meals=11
2910 5 has put down the left fork
2910 1 is thinking
2910 5 has put down the right fork
2910 1 has taken the right fork
2910 3 is thinking
2910 5 is sleeping
2910 4 has taken the left fork
2910 4 has taken the right fork
2910 4 is eating
DBG_EAT: id=4 time_last_meal=2910
DBG_EAT2: id=2 meals=12
2911 2 has put down the right fork
2911 2 has put down the left fork
2911 2 is sleeping
2911 1 has taken the left fork
2911 1 is eating
DBG_EAT: id=1 time_last_meal=2911
2911 3 has taken the right fork
DBG_EAT2: id=4 meals=11
3011 5 is thinking
3011 4 has put down the right fork
3011 4 has put down the left fork
3011 4 is sleeping
3011 5 has taken the right fork
3011 3 has taken the left fork
3011 3 is eating
DBG_EAT: id=3 time_last_meal=3011
3011 2 is thinking
DBG_EAT2: id=1 meals=14
3011 1 has put down the left fork
3011 1 has put down the right fork
3011 1 is sleeping
3011 5 has taken the left fork
3011 5 is eating
DBG_EAT: id=5 time_last_meal=3011
3111 4 is thinking
DBG_EAT2: id=3 meals=12
3111 3 has put down the left fork
3111 3 has put down the right fork
3111 3 is sleeping
3111 2 has taken the left fork
3111 2 has taken the right fork
3111 2 is eating
DBG_EAT: id=2 time_last_meal=3111
DBG_EAT2: id=5 meals=12
3111 5 has put down the left fork
3111 1 is thinking
3111 4 has taken the left fork
3111 4 has taken the right fork
3111 4 is eating
DBG_EAT: id=4 time_last_meal=3111
3111 5 has put down the right fork
3111 1 has taken the right fork
3111 5 is sleeping
DBG_EAT2: id=4 meals=12
DBG_EAT2: id=2 meals=13
3211 4 has put down the right fork
3211 4 has put down the left fork
3211 4 is sleeping
3211 5 is thinking
3211 5 has taken the right fork
3211 3 is thinking
3211 2 has put down the right fork
3211 1 has taken the left fork
3211 1 is eating
DBG_EAT: id=1 time_last_meal=3211
3211 2 has put down the left fork
3212 2 is sleeping
3212 3 has taken the right fork
3212 3 has taken the left fork
3212 3 is eating
DBG_EAT: id=3 time_last_meal=3212
DBG_EAT2: id=1 meals=15
3312 1 has put down the left fork
3312 4 is thinking
3312 1 has put down the right fork
3312 1 is sleeping
3312 2 is thinking
DBG_EAT2: id=3 meals=13
3312 3 has put down the left fork
3312 3 has put down the right fork
3312 5 has taken the left fork
3312 5 is eating
DBG_EAT: id=5 time_last_meal=3312
3312 3 is sleeping
3312 2 has taken the left fork
3312 2 has taken the right fork
3312 2 is eating
DBG_EAT: id=2 time_last_meal=3312
3412 1 is thinking
3412 3 is thinking
DBG_EAT2: id=5 meals=13
DBG_EAT2: id=2 meals=14
3412 2 has put down the right fork
3412 2 has put down the left fork
3412 2 is sleeping
3412 5 has put down the left fork
3412 3 has taken the right fork
3412 3 has taken the left fork
3412 3 is eating
DBG_EAT: id=3 time_last_meal=3412
3412 5 has put down the right fork
3412 1 has taken the right fork
3412 1 has taken the left fork
3412 1 is eating
3412 4 has taken the left fork
3412 5 is sleeping
DBG_EAT: id=1 time_last_meal=3412
DBG_EAT2: id=1 meals=16
3513 2 is thinking
3513 1 has put down the left fork
3513 1 has put down the right fork
DBG_EAT2: id=3 meals=14
3513 5 is thinking
3513 1 is sleeping
3513 3 has put down the left fork
3513 3 has put down the right fork
3513 3 is sleeping
3513 4 has taken the right fork
3513 4 is eating
DBG_EAT: id=4 time_last_meal=3513
3513 2 has taken the left fork
3513 2 has taken the right fork
3513 2 is eating
DBG_EAT: id=2 time_last_meal=3513
3613 3 is thinking
3613 1 is thinking
3613 1 has taken the right fork
DBG_EAT2: id=2 meals=15
DBG_EAT2: id=4 meals=13
3613 4 has put down the right fork
3613 2 has put down the right fork
3613 4 has put down the left fork
3613 4 is sleeping
3613 2 has put down the left fork
3613 1 has taken the left fork
3613 1 is eating
DBG_EAT: id=1 time_last_meal=3613
3613 2 is sleeping
3613 3 has taken the right fork
3613 3 has taken the left fork
3613 3 is eating
DBG_EAT: id=3 time_last_meal=3613
3613 5 has taken the right fork
DBG_EAT2: id=1 meals=17
3713 2 is thinking
3713 1 has put down the left fork
3713 4 is thinking
DBG_EAT2: id=3 meals=15
3713 3 has put down the left fork
3713 3 has put down the right fork
3714 1 has put down the right fork
3714 1 is sleeping
3714 3 is sleeping
3714 5 has taken the left fork
3714 5 is eating
DBG_EAT: id=5 time_last_meal=3714
3714 2 has taken the left fork
3714 2 has taken the right fork
3714 2 is eating
DBG_EAT: id=2 time_last_meal=3714
DBG_EAT2: id=5 meals=14
3814 5 has put down the left fork
3814 1 is thinking
3814 5 has put down the right fork
3814 4 has taken the left fork
DBG_EAT2: id=2 meals=16
3814 4 has taken the right fork
3814 4 is eating
DBG_EAT: id=4 time_last_meal=3814
3814 3 is thinking
3814 2 has put down the right fork
3814 2 has put down the left fork
3814 1 has taken the right fork
3814 1 has taken the left fork
3814 1 is eating
DBG_EAT: id=1 time_last_meal=3814
3814 3 has taken the right fork
3814 5 is sleeping
3814 2 is sleeping
3914 2 is thinking
3914 5 is thinking
DBG_EAT2: id=4 meals=14
3915 4 has put down the right fork
DBG_EAT2: id=1 meals=18
3915 1 has put down the left fork
3915 1 has put down the right fork
3915 1 is sleeping
3915 3 has taken the left fork
3915 3 is eating
3915 4 has put down the left fork
DBG_EAT: id=3 time_last_meal=3915
3915 5 has taken the right fork
3915 5 has taken the left fork
3915 5 is eating
DBG_EAT: id=5 time_last_meal=3915
3915 4 is sleeping
4015 4 is thinking
DBG_EAT2: id=5 meals=15
4015 5 has put down the left fork
4015 5 has put down the right fork
4015 5 is sleeping
4015 1 is thinking
4015 4 has taken the left fork
4015 1 has taken the right fork
4015 1 has taken the left fork
4015 1 is eating
DBG_EAT: id=1 time_last_meal=4015
DBG_EAT2: id=3 meals=16
4015 3 has put down the left fork
4015 3 has put down the right fork
4015 3 is sleeping
4015 4 has taken the right fork
4015 4 is eating
DBG_EAT: id=4 time_last_meal=4015
4015 2 has taken the left fork
DBG_EAT2: id=1 meals=19
4115 5 is thinking
4115 1 has put down the left fork
4115 1 has put down the right fork
4115 1 is sleeping
4115 2 has taken the right fork
4115 2 is eating
DBG_EAT: id=2 time_last_meal=4115
4116 3 is thinking
DBG_EAT2: id=4 meals=15
4116 4 has put down the right fork
4116 4 has put down the left fork
4116 4 is sleeping
4116 5 has taken the right fork
4116 5 has taken the left fork
4116 5 is eating
DBG_EAT: id=5 time_last_meal=4116
DBG_EAT2: id=2 meals=17
4216 1 is thinking
4216 2 has put down the right fork
4216 2 has put down the left fork
4216 2 is sleeping
4216 3 has taken the right fork
4216 3 has taken the left fork
4216 3 is eating
DBG_EAT: id=3 time_last_meal=4216