DBG_INIT: meal_mutex init for philo 1
DBG_INIT: meal_mutex init for philo 2
DBG_INIT: meal_mutex init for philo 3
DBG: init philo[1].time_last_meal=0
DBG: init philo[2].time_last_meal=0
DBG: init philo[3].time_last_meal=0
0 1 has taken the right fork
0 1 has taken the left fork
0 1 is eating
DBG_EAT: id=1 time_last_meal=0
0 3 has taken the right fork
DBG: start_time=1758403413389
DBG_EAT2: id=1 meals=1
61 1 has put down the left fork
61 1 has put down the right fork
61 1 is sleeping
61 3 has taken the left fork
61 3 is eating
DBG_EAT: id=3 time_last_meal=61
121 1 is thinking
DBG_EAT2: id=3 meals=1
121 3 has put down the left fork
121 3 has put down the right fork
121 3 is sleeping
121 1 has taken the right fork
121 1 has taken the left fork
121 1 is eating
DBG_EAT: id=1 time_last_meal=121
121 2 has taken the left fork
181 3 is thinking
DBG_EAT2: id=1 meals=2
181 1 has put down the left fork
182 1 has put down the right fork
182 1 is sleeping
182 2 has taken the right fork
182 2 is eating
DBG_EAT: id=2 time_last_meal=182
DBG_EAT2: id=2 meals=1
242 2 has put down the right fork
242 1 is thinking
242 1 has taken the right fork
242 1 has taken the left fork
242 1 is eating
DBG_EAT: id=1 time_last_meal=242
242 2 has put down the left fork
242 2 is sleeping
242 3 has taken the right fork
303 2 is thinking
DBG_EAT2: id=1 meals=3
303 1 has put down the left fork
303 1 has put down the right fork
303 1 is sleeping
303 3 has taken the left fork
303 3 is eating
DBG_EAT: id=3 time_last_meal=303
363 1 is thinking
DBG_EAT2: id=3 meals=2
363 3 has put down the left fork
363 1 has taken the right fork
363 1 has taken the left fork
363 1 is eating
DBG_EAT: id=1 time_last_meal=363
363 3 has put down the right fork
363 2 has taken the left fork
363 3 is sleeping
DBG_EAT2: id=1 meals=4
424 3 is thinking
424 1 has put down the left fork
424 1 has put down the right fork
424 1 is sleeping
424 2 has taken the right fork
424 2 is eating
DBG_EAT: id=2 time_last_meal=424
DBG_EAT2: id=2 meals=2
484 2 has put down the right fork
484 1 is thinking
484 1 has taken the right fork
484 1 has taken the left fork
484 1 is eating
DBG_EAT: id=1 time_last_meal=484
484 2 has put down the left fork
484 2 is sleeping
484 3 has taken the right fork
DBG_EAT2: id=1 meals=5
544 1 has put down the left fork
544 2 is thinking
545 1 has put down the right fork
545 1 is sleeping
545 3 has taken the left fork
545 3 is eating
DBG_EAT: id=3 time_last_meal=545
DBG_EAT2: id=3 meals=3
605 3 has put down the left fork
605 1 is thinking
605 1 has taken the right fork
605 1 has taken the left fork
605 1 is eating
DBG_EAT: id=1 time_last_meal=605
605 3 has put down the right fork
605 3 is sleeping
605 2 has taken the left fork
DBG_EAT2: id=1 meals=6
666 3 is thinking
666 1 has put down the left fork
666 1 has put down the right fork
666 1 is sleeping
666 2 has taken the right fork
666 2 is eating
DBG_EAT: id=2 time_last_meal=666
726 1 is thinking
726 1 has taken the right fork
DBG_EAT2: id=2 meals=3
726 2 has put down the right fork
726 1 has taken the left fork
726 1 is eating
DBG_EAT: id=1 time_last_meal=726
726 2 has put down the left fork
726 2 is sleeping
726 3 has taken the right fork
DBG_EAT2: id=1 meals=7
787 1 has put down the left fork
787 2 is thinking
787 1 has put down the right fork
787 1 is sleeping
787 3 has taken the left fork
787 3 is eating
DBG_EAT: id=3 time_last_meal=787
DBG_EAT2: id=3 meals=4
847 3 has put down the left fork
847 1 is thinking
847 1 has taken the right fork
847 1 has taken the left fork
847 1 is eating
DBG_EAT: id=1 time_last_meal=847
847 3 has put down the right fork
847 3 is sleeping
847 2 has taken the left fork
DBG_EAT2: id=1 meals=8
908 3 is thinking
908 1 has put down the left fork
908 1 has put down the right fork
908 2 has taken the right fork
908 2 is eating
DBG_EAT: id=2 time_last_meal=908
908 1 is sleeping
DBG_EAT2: id=2 meals=4
968 2 has put down the right fork
968 1 is thinking
968 1 has taken the right fork
968 1 has taken the left fork
968 1 is eating
DBG_EAT: id=1 time_last_meal=968
968 2 has put down the left fork
968 2 is sleeping
969 3 has taken the right fork
DBG_EAT2: id=1 meals=9
1029 1 has put down the left fork
1029 2 is thinking
1029 1 has put down the right fork
1029 1 is sleeping
1029 3 has taken the left fork
1029 3 is eating
DBG_EAT: id=3 time_last_meal=1029
DBG_EAT2: id=3 meals=5
1089 3 has put down the left fork
1089 1 is thinking
1089 1 has taken the right fork
1089 1 has taken the left fork
1089 1 is eating
DBG_EAT: id=1 time_last_meal=1089
1089 3 has put down the right fork
1089 3 is sleeping
1089 2 has taken the left fork
1150 3 is thinking
DBG_EAT2: id=1 meals=10
1150 1 has put down the left fork
1150 1 has put down the right fork
1150 1 is sleeping
1150 2 has taken the right fork
1150 2 is eating
DBG_EAT: id=2 time_last_meal=1150
1210 1 is thinking
1210 1 has taken the right fork
DBG_EAT2: id=2 meals=5
1210 2 has put down the right fork
1210 1 has taken the left fork
1210 1 is eating
DBG_EAT: id=1 time_last_meal=1210
1210 2 has put down the left fork
1210 2 is sleeping
1210 3 has taken the right fork
DBG_EAT2: id=1 meals=11
1271 1 has put down the left fork
1271 2 is thinking
1271 1 has put down the right fork
1271 1 is sleeping
1271 3 has taken the left fork
1271 3 is eating
DBG_EAT: id=3 time_last_meal=1271
DBG_EAT2: id=3 meals=6
1331 3 has put down the left fork
1331 1 is thinking
1331 1 has taken the right fork
1331 1 has taken the left fork
1331 1 is eating
DBG_EAT: id=1 time_last_meal=1331
1331 3 has put down the right fork
1331 3 is sleeping
1331 2 has taken the left fork
DBG_EAT2: id=1 meals=12
1392 3 is thinking
1392 1 has put down the left fork
1392 1 has put down the right fork
1392 1 is sleeping
1392 2 has taken the right fork
1392 2 is eating
DBG_EAT: id=2 time_last_meal=1392
DBG_EAT2: id=2 meals=6
1452 2 has put down the right fork
1452 1 is thinking
1452 1 has taken the right fork
1452 1 has taken the left fork
1452 1 is eating
DBG_EAT: id=1 time_last_meal=1452
1452 2 has put down the left fork
1452 2 is sleeping
1452 3 has taken the right fork
DBG_EAT2: id=1 meals=13
1512 1 has put down the left fork
1512 2 is thinking
1512 1 has put down the right fork
1513 1 is sleeping
1513 3 has taken the left fork
1513 3 is eating
DBG_EAT: id=3 time_last_meal=1513
DBG_EAT2: id=3 meals=7
1573 3 has put down the left fork
1573 1 is thinking
1573 1 has taken the right fork
1573 1 has taken the left fork
1573 1 is eating
DBG_EAT: id=1 time_last_meal=1573
1573 3 has put down the right fork
1573 3 is sleeping
1573 2 has taken the left fork
DBG_EAT2: id=1 meals=14
1633 3 is thinking
1634 1 has put down the left fork
1634 1 has put down the right fork
1634 1 is sleeping
1634 2 has taken the right fork
1634 2 is eating
DBG_EAT: id=2 time_last_meal=1634
DBG_EAT2: id=2 meals=7
1694 2 has put down the right fork
1694 1 is thinking
1694 1 has taken the right fork
1694 1 has taken the left fork
1694 1 is eating
DBG_EAT: id=1 time_last_meal=1694
1694 2 has put down the left fork
1694 2 is sleeping
1694 3 has taken the right fork
DBG_EAT2: id=1 meals=15
1754 2 is thinking
1754 1 has put down the left fork
1754 1 has put down the right fork
1755 1 is sleeping
1755 3 has taken the left fork
1755 3 is eating
DBG_EAT: id=3 time_last_meal=1755
DBG_EAT2: id=3 meals=8
1815 3 has put down the left fork
1815 1 is thinking
1815 1 has taken the right fork
1815 1 has taken the left fork
1815 1 is eating
DBG_EAT: id=1 time_last_meal=1815
1815 3 has put down the right fork
1815 2 has taken the left fork
1815 3 is sleeping
DBG_EAT2: id=1 meals=16
1875 3 is thinking
1876 1 has put down the left fork
1876 1 has put down the right fork
1876 1 is sleeping
1876 2 has taken the right fork
1876 2 is eating
DBG_EAT: id=2 time_last_meal=1876
1936 1 is thinking
1936 1 has taken the right fork
DBG_EAT2: id=2 meals=8
1936 2 has put down the right fork
1936 1 has taken the left fork
1936 1 is eating
DBG_EAT: id=1 time_last_meal=1936
1936 2 has put down the left fork
1936 2 is sleeping
1936 3 has taken the right fork
DBG_EAT2: id=1 meals=17
1997 1 has put down the left fork
1997 2 is thinking
1997 1 has put down the right fork
1997 1 is sleeping
1997 3 has take