DBG_INIT: meal_mutex init for philo 1
DBG_INIT: meal_mutex init for philo 2
DBG_INIT: meal_mutex init for philo 3
DBG_INIT: meal_mutex init for philo 4
DBG_INIT: meal_mutex init for philo 5
DBG: init philo[1].time_last_meal=0
DBG: init philo[2].time_last_meal=0
DBG: init philo[3].time_last_meal=0
DBG: init philo[4].time_last_meal=0
DBG: init philo[5].time_last_meal=0
0 1 has taken the right fork
0 1 has taken the left fork
0 1 is eating
DBG_EAT: id=1 time_last_meal=0
0 3 has taken the right fork
0 3 has taken the left fork
0 3 is eating
DBG_EAT: id=3 time_last_meal=0
DBG: start_time=1758387610140
0 5 has taken the right fork
DBG_EAT2: id=1 meals=1
60 1 has put down the left fork
60 1 has put down the right fork
DBG_EAT2: id=3 meals=1
60 3 has put down the left fork
60 1 is sleeping
60 3 has put down the right fork
60 5 has taken the left fork
60 5 is eating
DBG_EAT: id=5 time_last_meal=60
60 3 is sleeping
60 2 has taken the left fork
61 2 has taken the right fork
61 2 is eating
DBG_EAT: id=2 time_last_meal=61
DBG_EAT2: id=5 meals=1
121 5 has put down the left fork
DBG_EAT2: id=2 meals=1
121 2 has put down the right fork
121 2 has put down the left fork
121 2 is sleeping
121 5 has put down the right fork
121 5 is sleeping
121 4 has taken the left fork
121 4 has taken the right fork
121 4 is eating
DBG_EAT: id=4 time_last_meal=121
DBG_EAT2: id=4 meals=1
181 4 has put down the right fork
181 4 has put down the left fork
181 4 is sleeping
260 1 is thinking
260 1 has taken the right fork
260 1 has taken the left fork
260 1 is eating
DBG_EAT: id=1 time_last_meal=260
261 3 is thinking
261 3 has taken the right fork
261 3 has taken the left fork
261 3 is eating
DBG_EAT: id=3 time_last_meal=261
DBG_EAT2: id=3 meals=2
321 3 has put down the left fork
321 3 has put down the right fork
321 3 is sleeping
DBG_EAT2: id=1 meals=2
321 1 has put down the left fork
321 1 has put down the right fork
321 1 is sleeping
321 2 is thinking
321 5 is thinking
321 5 has taken the right fork
321 5 has taken the left fork
321 5 is eating
DBG_EAT: id=5 time_last_meal=321
321 2 has taken the left fork
321 2 has taken the right fork
321 2 is eating
DBG_EAT: id=2 time_last_meal=321
DBG_EAT2: id=2 meals=2
381 2 has put down the right fork
381 2 has put down the left fork
381 2 is sleeping
DBG_EAT2: id=5 meals=2
381 5 has put down the left fork
381 5 has put down the right fork
381 5 is sleeping
381 4 is thinking
381 4 has taken the left fork
381 4 has taken the right fork
381 4 is eating
DBG_EAT: id=4 time_last_meal=381
DBG_EAT2: id=4 meals=2
442 4 has put down the right fork
442 4 has put down the left fork
442 4 is sleeping
521 3 is thinking
521 3 has taken the right fork
521 3 has taken the left fork
521 3 is eating
DBG_EAT: id=3 time_last_meal=521
521 1 is thinking
521 1 has taken the right fork
521 1 has taken the left fork
521 1 is eating
DBG_EAT: id=1 time_last_meal=521
DBG_EAT2: id=1 meals=3
581 1 has put down the left fork
581 1 has put down the right fork
581 1 is sleeping
DBG_EAT2: id=3 meals=3
581 3 has put down the left fork
581 3 has put down the right fork
581 3 is sleeping
581 2 is thinking
581 5 is thinking
581 5 has taken the right fork
581 5 has taken the left fork
581 5 is eating
DBG_EAT: id=5 time_last_meal=581
581 2 has taken the left fork
581 2 has taken the right fork
581 2 is eating
DBG_EAT: id=2 time_last_meal=581
DBG_EAT2: id=5 meals=3
642 5 has put down the left fork
642 5 has put down the right fork
642 5 is sleeping
DBG_EAT2: id=2 meals=3
642 2 has put down the right fork
642 2 has put down the left fork
642 2 is sleeping
642 4 is thinking
642 4 has taken the left fork
642 4 has taken the right fork
642 4 is eating
DBG_EAT: id=4 time_last_meal=642
DBG_EAT2: id=4 meals=3
702 4 has put down the right fork
702 4 has put down the left fork
702 4 is sleeping
703 All philosophers ate enough
