DBG_INIT: meal_mutex init for philo 1
DBG_INIT: meal_mutex init for philo 2
DBG_INIT: meal_mutex init for philo 3
DBG_INIT: meal_mutex init for philo 4
DBG: init philo[1].time_last_meal=0
DBG: init philo[2].time_last_meal=0
DBG: init philo[3].time_last_meal=0
DBG: init philo[4].time_last_meal=0
1 1 has taken the right fork
1 1 has taken the left fork
1 1 is eating
DBG_EAT: id=1 time_last_meal=1
1 3 has taken the right fork
1 3 has taken the left fork
1 3 is eating
DBG_EAT: id=3 time_last_meal=1
DBG: start_time=1758386952474
DBG_EAT2: id=1 meals=1
61 1 has put down the left fork
61 1 has put down the right fork
DBG_EAT2: id=3 meals=1
61 3 has put down the left fork
61 1 is sleeping
61 4 has taken the left fork
61 4 has taken the right fork
61 4 is eating
DBG_EAT: id=4 time_last_meal=61
61 3 has put down the right fork
61 3 is sleeping
61 2 has taken the left fork
61 2 has taken the right fork
61 2 is eating
DBG_EAT: id=2 time_last_meal=61
DBG_EAT2: id=4 meals=1
122 3 is thinking
122 4 has put down the right fork
122 4 has put down the left fork
DBG_EAT2: id=2 meals=1
122 2 has put down the right fork
122 1 is thinking
122 1 has taken the right fork
122 1 has taken the left fork
122 1 is eating
DBG_EAT: id=1 time_last_meal=122
122 4 is sleeping
122 2 has put down the left fork
122 2 is sleeping
122 3 has taken the right fork
122 3 has taken the left fork
122 3 is eating
DBG_EAT: id=3 time_last_meal=122
DBG_EAT2: id=1 meals=2
182 1 has put down the left fork
182 1 has put down the right fork
DBG_EAT2: id=3 meals=2
182 4 is thinking
182 1 is sleeping
182 3 has put down the left fork
182 3 has put down the right fork
182 3 is sleeping
182 2 is thinking
182 4 has taken the left fork
182 4 has taken the right fork
182 4 is eating
DBG_EAT: id=4 time_last_meal=182
182 2 has taken the left fork
182 2 has taken the right fork
182 2 is eating
DBG_EAT: id=2 time_last_meal=182
242 1 is thinking
242 3 is thinking
DBG_EAT2: id=4 meals=2
242 4 has put down the right fork
242 4 has put down the left fork
242 4 is sleeping
DBG_EAT2: id=2 meals=2
242 2 has put down the right fork
243 1 has taken the right fork
243 1 has taken the left fork
243 1 is eating
DBG_EAT: id=1 time_last_meal=243
243 2 has put down the left fork
243 2 is sleeping
243 3 has taken the right fork
243 3 has taken the left fork
243 3 is eating
DBG_EAT: id=3 time_last_meal=243
DBG_EAT2: id=1 meals=3
303 2 is thinking
303 1 has put down the left fork
303 1 has put down the right fork
303 1 is sleeping
DBG_EAT2: id=3 meals=3
303 3 has put down the left fork
303 3 has put down the right fork
303 4 is thinking
303 3 is sleeping
303 2 has taken the left fork
303 2 has taken the right fork
303 2 is eating
DBG_EAT: id=2 time_last_meal=303
303 4 has taken the left fork
303 4 has taken the right fork
303 4 is eating
DBG_EAT: id=4 time_last_meal=303
DBG_EAT2: id=4 meals=3
363 4 has put down the right fork
363 4 has put down the left fork
363 4 is sleeping
363 1 is thinking
363 1 has taken the right fork
363 3 is thinking
DBG_EAT2: id=2 meals=3
363 2 has put down the right fork
363 2 has put down the left fork
364 2 is sleeping
364 1 has taken the left fork
364 1 is eating
DBG_EAT: id=1 time_last_meal=364
364 3 has taken the right fork
364 3 has taken the left fork
364 3 is eating
DBG_EAT: id=3 time_last_meal=364
423 4 is thinking
DBG_EAT2: id=1 meals=4
424 1 has put down the left fork
424 2 is thinking
424 1 has put down the right fork
424 1 is sleeping
DBG_EAT2: id=3 meals=4
424 3 has put down the left fork
424 3 has put down the right fork
424 3 is sleeping
424 4 has taken the left fork
424 4 has taken the right fork
424 4 is eating
DBG_EAT: id=4 time_last_meal=424
424 2 has taken the left fork
424 2 has taken the right fork
424 2 is eating
DBG_EAT: id=2 time_last_meal=424
DBG_EAT2: id=4 meals=4
484 1 is thinking
484 4 has put down the right fork
484 1 has taken the right fork
484 4 has put down the left fork
DBG_EAT2: id=2 meals=4
484 3 is thinking
484 4 is sleeping
484 2 has put down the right fork
484 2 has put down the left fork
484 2 is sleeping
484 1 has taken the left fork
484 1 is eating
DBG_EAT: id=1 time_last_meal=484
484 3 has taken the right fork
484 3 has taken the left fork
484 3 is eating
DBG_EAT: id=3 time_last_meal=484
544 4 is thinking
544 2 is thinking
DBG_EAT2: id=3 meals=5
545 3 has put down the left fork
DBG_EAT2: id=1 meals=5
545 1 has put down the left fork
545 3 has put down the right fork
545 3 is sleeping
545 1 has put down the right fork
545 1 is sleeping
545 2 has taken the left fork
545 2 has taken the right fork
545 2 is eating
DBG_EAT: id=2 time_last_meal=545
545 4 has taken the left fork
545 4 has taken the right fork
545 4 is eating
DBG_EAT: id=4 time_last_meal=545
DBG_EAT2: id=4 meals=5
605 3 is thinking
605 4 has put down the right fork
605 4 has put down the left fork
605 4 is sleeping
DBG_EAT2: id=2 meals=5
605 2 has put down the right fork
605 1 is thinking
605 1 has taken the right fork
605 1 has taken the left fork
605 1 is eating
DBG_EAT: id=1 time_last_meal=605
605 2 has put down the left fork
605 3 has taken the right fork
605 3 has taken the left fork
605 3 is eating
DBG_EAT: id=3 time_last_meal=605
605 2 is sleeping
DBG_EAT2: id=1 meals=6
665 4 is thinking
665 1 has put down the left fork
665 1 has put down the right fork
665 1 is sleeping
665 2 is thinking
DBG_EAT2: id=3 meals=6
665 3 has put down the left fork
665 3 has put down the right fork
665 3 is sleeping
666 4 has taken the left fork
666 4 has taken the right fork
666 4 is eating
DBG_EAT: id=4 time_last_meal=666
666 2 has taken the left fork
666 2 has taken the right fork
666 2 is eating
DBG_EAT: id=2 time_last_meal=666
DBG_EAT2: id=4 meals=6
726 1 is thinking
726 4 has put down the right fork
726 4 has put down the left fork
726 1 has taken the right fork
726 3 is thinking
DBG_EAT2: id=2 meals=6
726 4 is sleeping
726 2 has put down the right fork
726 2 has put down the left fork
726 2 is sleeping
726 1 has taken the left fork
726 1 is eating
DBG_EAT: id=1 time_last_meal=726
726 3 has taken the right fork
726 3 has taken the left fork
726 3 is eating
DBG_EAT: id=3 time_last_meal=726
DBG_EAT2: id=1 meals=7
786 4 is thinking
786 1 has put down the left fork
786 1 has put down the right fork
786 2 is thinking
DBG_EAT2: id=3 meals=7
786 3 has put down the left fork
786 3 has put down the right fork
786 3 is sleeping
786 1 is sleeping
786 4 has taken the left fork
786 4 has taken the right fork
786 4 is eating
DBG_EAT: id=4 time_last_meal=786
786 2 has taken the left fork
786 2 has taken the right fork
786 2 is eating
DBG_EAT: id=2 time_last_meal=786
DBG_EAT2: id=4 meals=7
847 3 is thinking
847 4 has put down the right fork
847 4 has put down the left fork
847 4 is sleeping
847 1 is thinking
847 1 has taken the right fork
DBG_EAT2: id=2 meals=7
847 2 has put down the right fork
847 1 has taken the left fork
847 1 is eating
DBG_EAT: id=1 time_last_meal=847
847 2 has put down the left fork
847 3 has taken the right fork
847 3 has taken the left fork
847 3 is eating
DBG_EAT: id=3 time_last_meal=847
847 2 is sleeping
907 4 is thinking
DBG_EAT2: id=1 meals=8
907 1 has put down the left fork
907 1 has put down the right fork
907 1 is sleeping
DBG_EAT2: id=3 meals=8
907 3 has put down the left fork
907 3 has put down the right fork
907 3 is sleeping
907 4 has taken the left fork
907 4 has taken the right fork
907 4 is eating
DBG_EAT: id=4 time_last_meal=907
907 2 is thinking
907 2 has taken the left fork
907 2 has taken the right fork
907 2 is eating
DBG_EAT: id=2 time_last_meal=907
DBG_EAT2: id=4 meals=8
967 4 has put down the right fork
967 4 has put down the left fork
967 1 is thinking
967 4 is sleeping
967 1 has taken the right fork
DBG_EAT2: id=2 meals=8
967 3 is thinking
967 2 has put down the right fork
967 2 has put down the left fork
967 2 is sleeping
967 3 has taken the right fork
967 3 has taken the left fork
967 3 is eating
DBG_EAT: id=3 time_last_meal=967
967 1 has taken the left fork
967 1 is eating
DBG_EAT: id=1 time_last_meal=967
DBG_EAT2: id=1 meals=9
1028 2 is thinking
1028 1 has put down the left fork
1028 1 has put down the right fork
1028 4 is thinking
1028 1 is sleeping
DBG_EAT2: id=3 meals=9
1028 3 has put down the left fork
1028 4 has taken the left fork
1028 4 has taken the right fork
1028 4 is eating
DBG_EAT: id=4 time_last_meal=1028
1028 3 has put down the right fork
1028 3 is sleeping
1028 2 has taken the left fork
1028 2 has taken the right fork
1028 2 is eating
DBG_EAT: id=2 time_last_meal=1028
DBG_EAT2: id=4 meals=9
1088 4 has put down the right fork
1088 4 has put down the left fork
1088 1 is thinking
1088 1 has taken the right fork
1088 3 is thinking
1088 4 is sleeping
DBG_EAT2: id=2 meals=9
1088 2 has put down the right fork
1088 2 has put down the left fork
1088 2 is sleeping
1088 1 has taken the left fork
1088 3 has taken the right fork
1088 3 has taken the left fork
1088 3 is eating
DBG_EAT: id=3 time_last_meal=1088
1088 1 is eating
DBG_EAT: id=1 time_last_meal=1088
1148 4 is thinking
1148 2 is thinking
DBG_EAT2: id=3 meals=10
1148 3 has put down the left fork
1148 3 has put down the right fork
1148 3 is sleeping
DBG_EAT2: id=1 meals=10
1148 1 has put down the left fork
1148 1 has put down the right fork
1148 1 is sleeping
1149 4 has taken the left fork
1149 4 has taken the right fork
1149 4 is eating
DBG_EAT: id=4 time_last_meal=1149
1149 2 has taken the left fork
1149 2 has taken the right fork
1149 2 is eating
DBG_EAT: id=2 time_last_meal=1149
1209 3 is thinking
DBG_EAT2: id=2 meals=10
1209 2 has put down the right fork
DBG_EAT2: id=4 meals=10
1209 2 has put down the left fork
1209 2 is sleeping
1209 3 has taken the right fork
1209 1 is thinking
1209 4 has put down the right fork
1209 4 has put down the left fork
1209 1 has taken the right fork
1209 1 has taken the left fork
1209 1 is eating
DBG_EAT: id=1 time_last_meal=1209
1209 4 is sleeping
1209 3 has taken the left fork
1209 3 is eating
DBG_EAT: id=3 time_last_meal=1209
DBG_EAT2: id=1 meals=11
DBG_EAT2: id=3 meals=11
1269 1 has put down the left fork
1269 1 has put down the right fork
1269 3 has put down the left fork
1269 3 has put down the right fork
1269 3 is sleeping
1269 4 is thinking
1269 2 is thinking
1269 1 is sleeping
1269 2 has taken the left fork
1269 2 has taken the right fork
1269 2 is eating
DBG_EAT: id=2 time_last_meal=1269
1269 4 has taken the left fork
1269 4 has taken the right fork
1269 4 is eating
DBG_EAT: id=4 time_last_meal=1269
1329 1 is thinking
1329 3 is thinking
DBG_EAT2: id=2 meals=11
1329 2 has put down the right fork
DBG_EAT2: id=4 meals=11
1329 2 has put down the left fork
1329 4 has put down the right fork
1329 2 is sleeping
1330 4 has put down the left fork
1330 4 is sleeping
1330 3 has taken the right fork
1330 3 has taken the left fork
1330 3 is eating
DBG_EAT: id=3 time_last_meal=1330
1330 1 has taken the right fork
1330 1 has taken the left fork
1330 1 is eating
DBG_EAT: id=1 time_last_meal=1330
DBG_EAT2: id=1 meals=12
1390 1 has put down the left fork
1390 1 has put down the right fork
1390 1 is sleeping
DBG_EAT2: id=3 meals=12
1390 3 has put down the left fork
1390 3 has put down the right fork
1390 2 is thinking
1390 4 is thinking
1390 3 is sleeping
1390 2 has taken the left fork
1390 4 has taken the left fork
1390 4 has taken the right fork
1390 4 is eating
DBG_EAT: id=4 time_last_meal=1390
1390 2 has taken the right fork
1390 2 is eating
DBG_EAT: id=2 time_last_meal=1390
DBG_EAT2: id=4 meals=12
1450 3 is thinking
1450 4 has put down the right fork
1450 4 has put down the left fork
1450 4 is sleeping
1450 1 is thinking
1450 1 has taken the right fork
DBG_EAT2: id=2 meals=12
1450 2 has put down the right fork
1450 1 has taken the left fork
1450 1 is eating
DBG_EAT: id=1 time_last_meal=1450
1450 2 has put down the left fork
1450 3 has taken the right fork
1450 3 has taken the left fork
1450 3 is eating
DBG_EAT: id=3 time_last_meal=1450
1450 2 is sleeping
DBG_EAT2: id=1 meals=13
1510 2 is thinking
1510 1 has put down the left fork
1510 1 has put down the right fork
1510 1 is sleeping
DBG_EAT2: id=3 meals=13
1510 3 has put down the left fork
1510 3 has put down the right fork
1510 4 is thinking
1511 3 is sleeping
1511 2 has taken the left fork
1511 2 has taken the right fork
1511 2 is eating
DBG_EAT: id=2 time_last_meal=1511
1511 4 has taken the left fork
1511 4 has taken the right fork
1511 4 is eating
DBG_EAT: id=4 time_last_meal=1511
1571 1 is thinking
1571 3 is thinking
DBG_EAT2: id=2 meals=13
1571 2 has put down the right fork
1571 2 has put down the left fork
DBG_EAT2: id=4 meals=13
1571 4 has put down the right fork
1571 3 has taken the right fork
1571 3 has taken the left fork
1571 3 is eating
DBG_EAT: id=3 time_last_meal=1571
1571 2 is sleeping
1571 4 has put down the left fork
1571 4 is sleeping
1571 1 has taken the right fork
1571 1 has taken the left fork
1571 1 is eating
DBG_EAT: id=1 time_last_meal=1571
DBG_EAT2: id=1 meals=14
1631 2 is thinking
1631 1 has put down the left fork
1631 1 has put down the right fork
1631 1 is sleeping
DBG_EAT2: id=3 meals=14
1631 3 has put down the left fork
1631 3 has put down the right fork
1631 4 is thinking
1631 3 is sleeping
1631 2 has taken the left fork
1631 2 has taken the right fork
1631 2 is eating
DBG_EAT: id=2 time_last_meal=1631
1631 4 has taken the left fork
1631 4 has taken the right fork
1631 4 is eating
DBG_EAT: id=4 time_last_meal=1631
DBG_EAT2: id=4 meals=14
DBG_EAT2: id=2 meals=14
1692 4 has put down the right fork
1692 2 has put down the right fork
1692 2 has put down the left fork
1692 1 is thinking
1692 1 has taken the right fork
1692 1 has taken the left fork
1692 1 is eating
DBG_EAT: id=1 time_last_meal=1692
1692 4 has put down the left fork
1692 4 is sleeping
1692 3 is thinking
1692 3 has taken the right fork
1692 3 has taken the left fork
1692 3 is eating
DBG_EAT: id=3 time_last_meal=1692
1692 2 is sleeping
DBG_EAT2: id=1 meals=15
1752 4 is thinking
1752 1 has put down the left fork
1752 1 has put down the right fork
1752 1 is sleeping
DBG_EAT2: id=3 meals=15
1752 3 has put down the left fork
1752 3 has put down the right fork
1752 2 is thinking
1752 3 is sleeping
1752 4 has taken the left fork
1752 4 has taken the right fork
1752 4 is eating
DBG_EAT: id=4 time_last_meal=1752
1752 2 has taken the left fork
1752 2 has taken the right fork
1752 2 is eating
DBG_EAT: id=2 time_last_meal=1752
DBG_EAT2: id=4 meals=15
1812 3 is thinking
1812 4 has put down the right fork
1812 4 has put down the left fork
1812 4 is sleeping
1812 1 is thinking
1812 1 has taken the right fork
DBG_EAT2: id=2 meals=15
1812 2 has put down the right fork
1812 1 has taken the left fork
1812 1 is eating
DBG_EAT: id=1 time_last_meal=1812
1812 2 has put down the left fork
1812 3 has taken the right fork
1812 2 is sleeping
1812 3 has taken the left fork
1812 3 is eating
DBG_EAT: id=3 time_last_meal=1812
DBG_EAT2: id=1 meals=16
1873 2 is thinking
1873 1 has put down the left fork
1873 1 has put down the right fork
1873 1 is sleeping
1873 4 is thinking
DBG_EAT2: id=3 meals=16
1873 3 has put down the left fork
1873 3 has put down the right fork
1873 3 is sleeping
1873 2 has taken the left fork
1873 2 has taken the right fork
1873 2 is eating
DBG_EAT: id=2 time_last_meal=1873
1873 4 has taken the left fork
1873 4 has taken the right fork
1873 4 is eating
DBG_EAT: id=4 time_last_meal=1873
1933 1 is thinking
1933 3 is thinking
DBG_EAT2: id=2 meals=16
1933 2 has put down the right fork
DBG_EAT2: id=4 meals=16
1933 4 has put down the right fork
1933 2 has put down the left fork
1933 2 is sleeping
1933 4 has put down the left fork
1933 3 has taken the right fork
1933 3 has taken the left fork
1933 3 is eating
DBG_EAT: id=3 time_last_meal=1933
1933 4 is sleeping
1933 1 has taken the right fork
1933 1 has taken the left fork
1933 1 is eating
DBG_EAT: id=1 time_last_meal=1933
1993 2 is thinking
DBG_EAT2: id=3 meals=17
1993 3 has put down the left fork
1993 4 is thinking
1993 3 has put down the right fork
1993 3 is sleeping
DBG_EAT2: id=1 meals=17
1993 1 has put down the left fork
1993 1 has put down the right fork
1993 1 is sleeping
1993 2 has taken the left fork
1993 2 has taken the right fork
1993 2 is eating
DBG_EAT: id=2 time_last_meal=1993
1993 4 has taken the left fork
1993 4 has taken the right fork
1993 4 is eating
DBG_EAT: id=4 time_last_meal=1993
DBG_EAT2: id=4 meals=17
2054 3 is thinking
DBG_EAT2: id=2 meals=17
2054 2 has put down the right fork
2054 2 has put down the left fork
2054 4 has put down the right fork
2054 2 is sleeping
2054 3 has taken the right fork
2054 3 has taken the left fork
2054 3 is eating
DBG_EAT: id=3 time_last_meal=2054
2054 4 has put down the left fork
2054 4 is sleeping
2054 1 is thinking
2054 1 has taken the right fork
2054 1 has taken the left fork
2054 1 is eating
DBG_EAT: id=1 time_last_meal=2054
DBG_EAT2: id=1 meals=18
DBG_EAT2: id=3 meals=18
2114 3 has put down the left fork
2114 3 has put down the right fork
2114 1 has put down the left fork
2114 1 has put down the right fork
2114 1 is sleeping
2114 2 is thinking
2114 3 is sleeping
2114 4 is thinking
2114 2 has taken the left fork
2114 2 has taken the right fork
2115 2 is eating
DBG_EAT: id=2 time_last_meal=2115
2115 4 has taken the left fork
2115 4 has taken the right fork
2115 4 is eating
DBG_EAT: id=4 time_last_meal=2115
2174 1 is thinking
2174 3 is thinking
DBG_EAT2: id=2 meals=18
2175 2 has put down the right fork
2175 2 has put down the left fork
2175 2 is sleeping
2175 3 has taken the right fork
DBG_EAT2: id=4 meals=18
2175 4 has put down the right fork
2175 4 has put down the left fork
2175 3 has taken the left fork
2175 3 is eating
DBG_EAT: id=3 time_last_meal=2175
2175 4 is sleeping
2175 1 has taken the right fork
2175 1 has taken the left fork
2175 1 is eating
DBG_EAT: id=1 time_last_meal=2175
2235 2 is thinking
DBG_EAT2: id=3 meals=19
2235 3 has put down the left fork
2235 3 has put down the right fork
2235 3 is sleeping
DBG_EAT2: id=1 meals=19
2235 1 has put down the left fork
2235 1 has put down the right fork
2235 4 is thinking
2235 1 is sleeping
2235 2 has taken the left fork
2235 2 has taken the right fork
2235 2 is eating
DBG_EAT: id=2 time_last_meal=2235
2235 4 has taken the left fork
2235 4 has taken the right fork
2235 4 is eating
DBG_EAT: id=4 time_last_meal=2235
2295 3 is thinking
DBG_EAT2: id=2 meals=19
2295 2 has put down the right fork
2295 2 has put down the left fork
2295 3 has taken the right fork
2296 1 is thinking
2296 2 is sleeping
DBG_EAT2: id=4 meals=19
2296 4 has put down the right fork
2296 3 has taken the left fork
2296 3 is eating
DBG_EAT: id=3 time_last_meal=2296
2296 4 has put down the left fork
2296 4 is sleeping
2296 1 has taken the right fork
2296 1 has taken the left fork
2296 1 is eating
DBG_EAT: id=1 time_last_meal=2296
DBG_EAT2: id=1 meals=20
2356 2 is thinking
2356 1 has put down the left fork
2356 1 has put down the right fork
2356 4 is thinking
DBG_EAT2: id=3 meals=20
2356 3 has put down the left fork
2356 3 has put down the right fork
2356 3 is sleeping
2356 1 is sleeping
2356 2 has taken the left fork
2356 2 has taken the right fork
2356 2 is eating
2356 4 has taken the left fork
2356 4 has taken the right fork
2356 4 is eating
DBG_EAT: id=4 time_last_meal=2356
DBG_EAT: id=2 time_last_meal=2356
2416 3 is thinking
DBG_EAT2: id=4 meals=20
2416 4 has put down the right fork
2416 4 has put down the left fork
2416 4 is sleeping
DBG_EAT2: id=2 meals=20
2416 2 has put down the right fork
2416 1 is thinking
2416 1 has taken the right fork
2416 1 has taken the left fork
2416 1 is eating
DBG_EAT: id=1 time_last_meal=2416
2416 2 has put down the left fork
2416 2 is sleeping
2416 3 has taken the right fork
2416 3 has taken the left fork
2416 3 is eating
DBG_EAT: id=3 time_last_meal=2416
DBG_EAT2: id=1 meals=21
2477 1 has put down the left fork
2477 1 has put down the right fork
2477 4 is thinking
2477 1 is sleeping
DBG_EAT2: id=3 meals=21
2477 3 has put down the left fork
2477 3 has put down the right fork
2477 3 is sleeping
2477 2 is thinking
2477 4 has taken the left fork
2477 4 has taken the right fork
2477 4 is eating
DBG_EAT: id=4 time_last_meal=2477
2477 2 has taken the left fork
2477 2 has taken the right fork
2477 2 is eating
DBG_EAT: id=2 time_last_meal=2477
DBG_EAT2: id=4 meals=21
2537 1 is thinking
2537 4 has put down the right fork
2537 4 has put down the left fork
2537 1 has taken the right fork
2537 3 is thinking
DBG_EAT2: id=2 meals=21
2537 4 is sleeping
2537 2 has put down the right fork
2537 2 has put down the left fork
2537 2 is sleeping
2537 1 has taken the left fork
2537 1 is eating
DBG_EAT: id=1 time_last_meal=2537
2537 3 has taken the right fork
2537 3 has taken the left fork
2537 3 is eating
DBG_EAT: id=3 time_last_meal=2537
DBG_EAT2: id=1 meals=22
2597 2 is thinking
2597 1 has put down the left fork
2597 1 has put down the right fork
DBG_EAT2: id=3 meals=22
2597 3 has put down the left fork
2597 3 has put down the right fork
2597 3 is sleeping
2597 4 is thinking
2598 1 is sleeping
2598 2 has taken the left fork
2598 2 has taken the right fork
2598 2 is eating
DBG_EAT: id=2 time_last_meal=2598
2598 4 has taken the left fork
2598 4 has taken the right fork
2598 4 is eating
DBG_EAT: id=4 time_last_meal=2598
DBG_EAT2: id=2 meals=22
2658 2 has put down the right fork
2658 2 has put down the left fork
2658 3 is thinking
2658 2 is sleeping
2658 3 has taken the right fork
DBG_EAT2: id=4 meals=22
2658 1 is thinking
2658 4 has put down the right fork
2658 4 has put down the left fork
2658 3 has taken the left fork
2658 3 is eating
DBG_EAT: id=3 time_last_meal=2658
2658 4 is sleeping
2658 1 has taken the right fork
2658 1 has taken the left fork
2658 1 is eating
DBG_EAT: id=1 time_last_meal=2658
DBG_EAT2: id=1 meals=23
2718 2 is thinking
2718 1 has put down the left fork
2718 1 has put down the right fork
DBG_EAT2: id=3 meals=23
2718 3 has put down the left fork
2718 3 has put down the right fork
2718 3 is sleeping
2718 4 is thinking
2718 1 is sleeping
2718 2 has taken the left fork
2718 2 has taken the right fork
2718 2 is eating
DBG_EAT: id=2 time_last_meal=2718
2718 4 has taken the left fork
2718 4 has taken the right fork
2718 4 is eating
DBG_EAT: id=4 time_last_meal=2718
2779 1 is thinking
2779 3 is thinking
DBG_EAT2: id=4 meals=23
2779 4 has put down the right fork
2779 4 has put down the left fork
2779 4 is sleeping
DBG_EAT2: id=2 meals=23
2779 2 has put down the right fork
2779 1 has taken the right fork
2779 1 has taken the left fork
2779 1 is eating
DBG_EAT: id=1 time_last_meal=2779
2779 2 has put down the left fork
2779 2 is sleeping
2779 3 has taken the right fork
2779 3 has taken the left fork
2779 3 is eating
DBG_EAT: id=3 time_last_meal=2779
DBG_EAT2: id=1 meals=24
2839 1 has put down the left fork
2839 1 has put down the right fork
2839 1 is sleeping
2839 2 is thinking
2839 4 is thinking
DBG_EAT2: id=3 meals=24
2839 3 has put down the left fork
2839 3 has put down the right fork
2839 3 is sleeping
2840 4 has taken the left fork
2840 4 has taken the right fork
2840 4 is eating
DBG_EAT: id=4 time_last_meal=2840
2840 2 has taken the left fork
2840 2 has taken the right fork
2840 2 is eating
DBG_EAT: id=2 time_last_meal=2840
DBG_EAT2: id=4 meals=24
2900 1 is thinking
2900 4 has put down the right fork
2900 4 has put down the left fork
DBG_EAT2: id=2 meals=24
2900 2 has put down the right fork
2900 2 has put down the left fork
2900 2 is sleeping
2900 3 is thinking
2900 3 has taken the right fork
2900 1 has taken the right fork
2900 1 has taken the left fork
2900 1 is eating
DBG_EAT: id=1 time_last_meal=2900
2900 3 has taken the left fork
2900 3 is eating
DBG_EAT: id=3 time_last_meal=2900
2900 4 is sleeping
DBG_EAT2: id=1 meals=25
2960 2 is thinking
2960 1 has put down the left fork
2960 1 has put down the right fork
DBG_EAT2: id=3 meals=25
2960 1 is sleeping
2960 3 has put down the left fork
2960 3 has put down the right fork
2960 3 is sleeping
2960 4 is thinking
2960 2 has taken the left fork
2960 2 has taken the right fork
2960 2 is eating
DBG_EAT: id=2 time_last_meal=2960
2960 4 has taken the left fork
2960 4 has taken the right fork
2960 4 is eating
DBG_EAT: id=4 time_last_meal=2960
3020 3 is thinking
3020 1 is thinking
DBG_EAT2: id=2 meals=25
3020 2 has put down the right fork
3020 2 has put down the left fork
3020 2 is sleeping
3020 3 has taken the right fork
DBG_EAT2: id=4 meals=25
3021 4 has put down the right fork
3021 4 has put down the left fork
3021 4 is sleeping
3021 3 has taken the left fork
3021 3 is eating
DBG_EAT: id=3 time_last_meal=3021
3021 1 has taken the right fork
3021 1 has taken the left fork
3021 1 is eating
DBG_EAT: id=1 time_last_meal=3021
3080 2 is thinking
3081 4 is thinking
DBG_EAT2: id=3 meals=26
3081 3 has put down the left fork
3081 3 has put down the right fork
3081 3 is sleeping
3081 2 has taken the left fork
DBG_EAT2: id=1 meals=26
3081 1 has put down the left fork
3081 1 has put down the right fork
3081 1 is sleeping
3081 2 has taken the right fork
3081 2 is eating
DBG_EAT: id=2 time_last_meal=3081
3081 4 has taken the left fork
3081 4 has taken the right fork
3081 4 is eating
DBG_EAT: id=4 time_last_meal=3081
3141 3 is thinking
DBG_EAT2: id=2 meals=26
3141 2 has put down the right fork
3141 1 is thinking
3141 2 has put down the left fork
DBG_EAT2: id=4 meals=26
3141 4 has put down the right fork
3141 2 is sleeping
3141 4 has put down the left fork
3141 4 is sleeping
3141 3 has taken the right fork
3141 3 has taken the left fork
3141 3 is eating
DBG_EAT: id=3 time_last_meal=3141
3142 1 has taken the right fork
3142 1 has taken the left fork
3142 1 is eating
DBG_EAT: id=1 time_last_meal=3142
DBG_EAT2: id=1 meals=27
3202 2 is thinking
3202 1 has put down the left fork
3202 1 has put down the right fork
3202 1 is sleeping
3202 4 is thinking
DBG_EAT2: id=3 meals=27
3202 3 has put down the left fork
3202 3 has put down the right fork
3202 3 is sleeping
3202 4 has taken the left fork
3202 4 has taken the right fork
3202 4 is eating
DBG_EAT: id=4 time_last_meal=3202
3202 2 has taken the left fork
3202 2 has taken the right fork
3202 2 is eating
DBG_EAT: id=2 time_last_meal=3202
3262 3 is thinking
3262 1 is thinking
DBG_EAT2: id=2 meals=27
3262 2 has put down the right fork
DBG_EAT2: id=4 meals=27
3262 4 has put down the right fork
3262 2 has put down the left fork
3262 2 is sleeping
3262 4 has put down the left fork
3262 3 has taken the right fork
3262 3 has taken the left fork
3262 3 is eating
DBG_EAT: id=3 time_last_meal=3262
3262 4 is sleeping
3262 1 has taken the right fork
3262 1 has taken the left fork
3262 1 is eating
DBG_EAT: id=1 time_last_meal=3262
DBG_EAT2: id=1 meals=28
3323 4 is thinking
3323 1 has put down the left fork
3323 1 has put down the right fork
DBG_EAT2: id=3 meals=28
3323 3 has put down the left fork
3323 3 has put down the right fork
3323 3 is sleeping
3323 2 is thinking
3323 1 is sleeping
3323 4 has taken the left fork
3323 4 has taken the right fork
3323 4 is eating
DBG_EAT: id=4 time_last_meal=3323
3323 2 has taken the left fork
3323 2 has taken the right fork
3323 2 is eating
DBG_EAT: id=2 time_last_meal=3323
DBG_EAT2: id=4 meals=28
3383 4 has put down the right fork
3383 4 has put down the left fork
3383 4 is sleeping
3383 1 is thinking
3383 1 has taken the right fork
DBG_EAT2: id=2 meals=28
3383 2 has put down the right fork
3383 2 has put down the left fork
3383 2 is sleeping
3383 3 is thinking
3383 3 has taken the right fork
3383 3 has taken the left fork
3383 3 is eating
DBG_EAT: id=3 time_last_meal=3383
3383 1 has taken the left fork
3383 1 is eating
DBG_EAT: id=1 time_last_meal=3383
3443 4 is thinking
3443 2 is thinking
DBG_EAT2: id=3 meals=29
3443 3 has put down the left fork
3443 3 has put down the right fork
3443 3 is sleeping
DBG_EAT2: id=1 meals=29
3444 1 has put down the left fork
3444 1 has put down the right fork
3444 1 is sleeping
3444 4 has taken the left fork
3444 4 has taken the right fork
3444 4 is eating
DBG_EAT: id=4 time_last_meal=3444
3444 2 has taken the left fork
3444 2 has taken the right fork
3444 2 is eating
DBG_EAT: id=2 time_last_meal=3444
DBG_EAT2: id=4 meals=29
3504 4 has put down the right fork
3504 4 has put down the left fork
3504 4 is sleeping
3504 1 is thinking
3504 1 has taken the right fork
3504 3 is thinking
DBG_EAT2: id=2 meals=29
3504 2 has put down the right fork
3504 2 has put down the left fork
3504 2 is sleeping
3504 1 has taken the left fork
3504 1 is eating
DBG_EAT: id=1 time_last_meal=3504
3504 3 has taken the right fork
3504 3 has taken the left fork
3504 3 is eating
DBG_EAT: id=3 time_last_meal=3504
3564 4 is thinking
3564 2 is thinking
DBG_EAT2: id=1 meals=30
3564 1 has put down the left fork
3564 1 has put down the right fork
3564 1 is sleeping
DBG_EAT2: id=3 meals=30
3564 3 has put down the left fork
3564 4 has taken the left fork
3564 4 has taken the right fork
3564 4 is eating
DBG_EAT: id=4 time_last_meal=3564
3565 3 has put down the right fork
3565 3 is sleeping
3565 2 has taken the left fork
3565 2 has taken the right fork
3565 2 is eating
DBG_EAT: id=2 time_last_meal=3565
DBG_EAT2: id=4 meals=30
3625 4 has put down the right fork
3625 4 has put down the left fork
3625 3 is thinking
3625 4 is sleeping
3625 1 is thinking
3625 1 has taken the right fork
DBG_EAT2: id=2 meals=30
3625 2 has put down the right fork
3625 2 has put down the left fork
3625 1 has taken the left fork
3625 1 is eating
DBG_EAT: id=1 time_last_meal=3625
3625 2 is sleeping
3625 3 has taken the right fork
3625 3 has taken the left fork
3625 3 is eating
DBG_EAT: id=3 time_last_meal=3625
3685 4 is thinking
DBG_EAT2: id=1 meals=31
3685 1 has put down the left fork
3685 1 has put down the right fork
3685 2 is thinking
3685 1 is sleeping
DBG_EAT2: id=3 meals=31
3685 3 has put down the left fork
3685 3 has put down the right fork
3685 3 is sleeping
3685 4 has taken the left fork
3685 4 has taken the right fork
3685 4 is eating
DBG_EAT: id=4 time_last_meal=3685
3686 2 has taken the left fork
3686 2 has taken the right fork
3686 2 is eating
DBG_EAT: id=2 time_last_meal=3686
3746 1 is thinking
3746 3 is thinking
DBG_EAT2: id=4 meals=31
3746 4 has put down the right fork
DBG_EAT2: id=2 meals=31
3746 2 has put down the right fork
3746 4 has put down the left fork
3746 4 is sleeping
3746 2 has put down the left fork
3746 2 is sleeping
3746 1 has taken the right fork
3746 1 has taken the left fork
3746 1 is eating
DBG_EAT: id=1 time_last_meal=3746
3746 3 has taken the right fork
3746 3 has taken the left fork
3746 3 is eating
DBG_EAT: id=3 time_last_meal=3746
DBG_EAT2: id=3 meals=32
3806 2 is thinking
3806 3 has put down the left fork
3806 3 has put down the right fork
3806 3 is sleeping
DBG_EAT2: id=1 meals=32
3806 4 is thinking
3806 1 has put down the left fork
3806 1 has put down the right fork
3806 1 is sleeping
3806 2 has taken the left fork
3806 2 has taken the right fork
3806 2 is eating
DBG_EAT: id=2 time_last_meal=3806
3807 4 has taken the left fork
3807 4 has taken the right fork
3807 4 is eating
DBG_EAT: id=4 time_last_meal=3807
DBG_EAT2: id=2 meals=32
DBG_EAT2: id=4 meals=32
3867 4 has put down the right fork
3867 4 has put down the left fork
3867 4 is sleeping
3867 2 has put down the right fork
3867 2 has put down the left fork
3867 1 is thinking
3867 2 is sleeping
3867 1 has taken the right fork
3867 1 has taken the left fork
3867 1 is eating
DBG_EAT: id=1 time_last_meal=3867
3867 3 is thinking
3867 3 has taken the right fork
3867 3 has taken the left fork
3867 3 is eating
DBG_EAT: id=3 time_last_meal=3867
DBG_EAT2: id=1 meals=33
3927 2 is thinking
3927 1 has put down the left fork
3927 1 has put down the right fork
3927 1 is sleeping
DBG_EAT2: id=3 meals=33
3927 3 has put down the left fork
3927 3 has put down the right fork
3927 4 is thinking
3927 3 is sleeping
3927 2 has taken the left fork
3927 2 has taken the right fork
3927 2 is eating
DBG_EAT: id=2 time_last_meal=3927
3927 4 has taken the left fork
3927 4 has taken the right fork
3927 4 is eating
DBG_EAT: id=4 time_last_meal=3927
DBG_EAT2: id=4 meals=33
3987 4 has put down the right fork
3987 4 has put down the left fork
3987 4 is sleeping
3987 1 is thinking
3987 1 has taken the right fork
DBG_EAT2: id=2 meals=33
3988 2 has put down the right fork
3988 2 has put down the left fork
3988 2 is sleeping
3988 3 is thinking
3988 3 has taken the right fork
3988 3 has taken the left fork
3988 3 is eating
DBG_EAT: id=3 time_last_meal=3988
3988 1 has taken the left fork
3988 1 is eating
DBG_EAT: id=1 time_last_meal=3988
4047 4 is thinking
4048 2 is thinking
DBG_EAT2: id=3 meals=34
4048 3 has put down the left fork
4048 3 has put down the right fork
DBG_EAT2: id=1 meals=34
4048 3 is sleeping
4048 1 has put down the left fork
4048 2 has taken the left fork
4048 2 has taken the right fork
4048 4 has taken the left fork
4048 4 has taken the right fork
4048 4 is eating
DBG_EAT: id=4 time_last_meal=4048
4048 2 is eating
DBG_EAT: id=2 time_last_meal=4048
4048 1 has put down the right fork
4048 1 is sleeping
DBG_EAT2: id=2 meals=34
4108 2 has put down the right fork
4108 2 has put down the left fork
4108 1 is thinking
4108 2 is sleeping
DBG_EAT2: id=4 meals=34
4108 4 has put down the right fork
4108 3 is thinking
4108 3 has taken the right fork
4108 3 has taken the left fork
4108 3 is eating
DBG_EAT: id=3 time_last_meal=4108
4108 4 has put down the left fork
4108 4 is sleeping
4108 1 has taken the right fork
4108 1 has taken the left fork
4108 1 is eating
DBG_EAT: id=1 time_last_meal=4108
DBG_EAT2: id=1 meals=35
4169 1 has put down the left fork
4169 1 has put down the right fork
4169 1 is sleeping
4169 4 is thinking
DBG_EAT2: id=3 meals=35
4169 3 has put down the left fork
4169 3 has put down the right fork
4169 2 is thinking
4169 3 is sleeping
4169 4 has taken the left fork
4169 4 has taken the right fork
4169 4 is eating
DBG_EAT: id=4 time_last_meal=4169
4169 2 has taken the left fork
4169 2 has taken the right fork
4169 2 is eating
DBG_EAT: id=2 time_last_meal=4169
4229 1 is thinking
DBG_EAT2: id=4 meals=35
4229 4 has put down the right fork
4229 3 is thinking
4229 4 has put down the left fork
DBG_EAT2: id=2 meals=35
4229 2 has put down the right fork
4229 4 is sleeping
4229 2 has put down the left fork
4229 2 is sleeping
4229 1 has taken the right fork
4229 1 has taken the left fork
4229 1 is eating
DBG_EAT: id=1 time_last_meal=4229
4229 3 has taken the right fork
4229 3 has taken the left fork
4229 3 is eating
DBG_EAT: id=3 time_last_meal=4229
DBG_EAT2: id=3 meals=36
4289 2 is thinking
4289 3 has put down the left fork
4289 3 has put down the right fork
4289 3 is sleeping
DBG_EAT2: id=1 meals=36
4289 1 has put down the left fork
4289 1 has put down the right fork
4289 4 is thinking
4289 1 is sleeping
4290 2 has taken the left fork
4290 2 has taken the right fork
4290 2 is eating
DBG_EAT: id=2 time_last_meal=4290
4290 4 has taken the left fork
4290 4 has taken the right fork
4290 4 is eating
DBG_EAT: id=4 time_last_meal=4290
4350 1 is thinking
4350 3 is thinking
DBG_EAT2: id=2 meals=36
4350 2 has put down the right fork
4350 2 has put down the left fork
4350 3 has taken the right fork
4350 2 is sleeping
DBG_EAT2: id=4 meals=36
4350 4 has put down the right fork
4350 4 has put down the left fork
4350 3 has taken the left fork
4350 3 is eating
4350 1 has taken the right fork
4350 1 has taken the left fork
4350 1 is eating
DBG_EAT: id=1 time_last_meal=4350
4350 4 is sleeping
DBG_EAT: id=3 time_last_meal=4350
4410 2 is thinking
DBG_EAT2: id=3 meals=37
4410 3 has put down the left fork
4410 3 has put down the right fork
4410 3 is sleeping
DBG_EAT2: id=1 meals=37
4410 1 has put down the left fork
4410 1 has put down the right fork
4410 1 is sleeping
4410 2 has taken the left fork
4410 2 has taken the right fork
4410 2 is eating
DBG_EAT: id=2 time_last_meal=4410
4410 4 is thinking
4411 4 has taken the left fork
4411 4 has taken the right fork
4411 4 is eating
DBG_EAT: id=4 time_last_meal=4411
4470 3 is thinking
DBG_EAT2: id=2 meals=37
4470 2 has put down the right fork
4470 2 has put down the left fork
4470 1 is thinking
4470 2 is sleeping
4470 3 has taken the right fork
DBG_EAT2: id=4 meals=37
4471 4 has put down the right fork
4471 4 has put down the left fork
4471 4 is sleeping
4471 3 has taken the left fork
4471 3 is eating
DBG_EAT: id=3 time_last_meal=4471
4471 1 has taken the right fork
4471 1 has taken the left fork
4471 1 is eating
DBG_EAT: id=1 time_last_meal=4471
4531 2 is thinking
4531 4 is thinking
DBG_EAT2: id=3 meals=38
4531 3 has put down the left fork
4531 3 has put down the right fork
4531 3 is sleeping
DBG_EAT2: id=1 meals=38
4531 1 has put down the left fork
4531 1 has put down the right fork
4531 2 has taken the left fork
4531 2 has taken the right fork
4531 2 is eating
DBG_EAT: id=2 time_last_meal=4531
4531 1 is sleeping
4531 4 has taken the left fork
4531 4 ha