DBG_INIT: meal_mutex init for philo 1
DBG_INIT: meal_mutex init for philo 2
DBG_INIT: meal_mutex init for philo 3
DBG_INIT: meal_mutex init for philo 4
DBG_INIT: meal_mutex init for philo 5
DBG: init philo[1].time_last_meal=0
DBG: init philo[2].time_last_meal=0
DBG: init philo[3].time_last_meal=0
DBG: init philo[4].time_last_meal=0
DBG: init philo[5].time_last_meal=0
0 1 has taken the right fork
0 1 has taken the left fork
0 1 is eating
DBG_EAT: id=1 time_last_meal=0
1 3 has taken the right fork
1 3 has taken the left fork
1 3 is eating
DBG_EAT: id=3 time_last_meal=1
1 5 has taken the right fork
DBG: start_time=1758387859019
DBG_EAT2: id=1 meals=1
61 1 has put down the left fork
61 1 has put down the right fork
61 1 is sleeping
61 5 has taken the left fork
61 5 is eating
DBG_EAT: id=5 time_last_meal=61
DBG_EAT2: id=3 meals=1
61 3 has put down the left fork
61 3 has put down the right fork
61 3 is sleeping
61 2 has taken the left fork
61 2 has taken the right fork
61 2 is eating
DBG_EAT: id=2 time_last_meal=61
121 1 is thinking
121 3 is thinking
DBG_EAT2: id=5 meals=1
121 5 has put down the left fork
DBG_EAT2: id=2 meals=1
121 2 has put down the right fork
121 5 has put down the right fork
121 1 has taken the right fork
121 1 has taken the left fork
121 1 is eating
DBG_EAT: id=1 time_last_meal=121
121 2 has put down the left fork
121 2 is sleeping
121 5 is sleeping
122 4 has taken the left fork
122 4 has taken the right fork
122 4 is eating
DBG_EAT: id=4 time_last_meal=122
122 3 has taken the right fork
DBG_EAT2: id=4 meals=1
182 5 is thinking
182 2 is thinking
182 4 has put down the right fork
182 4 has put down the left fork
182 4 is sleeping
DBG_EAT2: id=1 meals=2
182 1 has put down the left fork
182 1 has put down the right fork
182 3 has taken the left fork
182 3 is eating
DBG_EAT: id=3 time_last_meal=182
182 1 is sleeping
182 5 has taken the right fork
182 5 has taken the left fork
182 5 is eating
DBG_EAT: id=5 time_last_meal=182
242 4 is thinking
242 1 is thinking
DBG_EAT2: id=3 meals=2
242 3 has put down the left fork
242 3 has put down the right fork
DBG_EAT2: id=5 meals=2
242 3 is sleeping
243 2 has taken the left fork
243 2 has taken the right fork
243 2 is eating
243 5 has put down the left fork
DBG_EAT: id=2 time_last_meal=243
243 1 has taken the right fork
243 5 has put down the right fork
243 5 is sleeping
243 4 has taken the left fork
243 4 has taken the right fork
243 4 is eating
DBG_EAT: id=4 time_last_meal=243
DBG_EAT2: id=4 meals=2
303 4 has put down the right fork
303 4 has put down the left fork
303 4 is sleeping
DBG_EAT2: id=2 meals=2
303 5 is thinking
303 5 has taken the right fork
303 3 is thinking
303 2 has put down the right fork
303 2 has put down the left fork
303 1 has taken the left fork
303 1 is eating
DBG_EAT: id=1 time_last_meal=303
303 3 has taken the right fork
303 3 has taken the left fork
303 3 is eating
DBG_EAT: id=3 time_last_meal=303
303 2 is sleeping
DBG_EAT2: id=1 meals=3
363 1 has put down the left fork
363 2 is thinking
DBG_EAT2: id=3 meals=3
363 1 has put down the right fork
363 1 is sleeping
363 3 has put down the left fork
363 3 has put down the right fork
363 5 has taken the left fork
363 5 is eating
DBG_EAT: id=5 time_last_meal=363
363 4 is thinking
363 3 is sleeping
363 2 has taken the left fork
363 2 has taken the right fork
363 2 is eating
DBG_EAT: id=2 time_last_meal=363
DBG_EAT2: id=2 meals=3
424 2 has put down the right fork
424 2 has put down the left fork
424 2 is sleeping
424 1 is thinking
DBG_EAT2: id=5 meals=3
424 5 has put down the left fork
424 1 has taken the right fork
424 1 has taken the left fork
424 1 is eating
DBG_EAT: id=1 time_last_meal=424
424 3 is thinking
424 3 has taken the right fork
424 3 has taken the left fork
424 5 has put down the right fork
424 3 is eating
DBG_EAT: id=3 time_last_meal=424
424 4 has taken the left fork
424 5 is sleeping
DBG_EAT2: id=1 meals=4
484 5 is thinking
484 1 has put down the left fork
484 1 has put down the right fork
484 2 is thinking
DBG_EAT2: id=3 meals=4
484 1 is sleeping
484 3 has put down the left fork
484 3 has put down the right fork
484 3 is sleeping
484 4 has taken the right fork
484 4 is eating
DBG_EAT: id=4 time_last_meal=484
484 2 has taken the left fork
484 2 has taken the right fork
484 2 is eating
DBG_EAT: id=2 time_last_meal=484
DBG_EAT2: id=4 meals=3
544 4 has put down the right fork
544 3 is thinking
544 4 has put down the left fork
544 4 is sleeping
DBG_EAT2: id=2 meals=4
544 2 has put down the right fork
544 5 has taken the right fork
544 5 has taken the left fork
544 5 is eating
DBG_EAT: id=5 time_last_meal=544
544 2 has put down the left fork
544 1 is thinking
544 2 is sleeping
544 3 has taken the right fork
544 3 has taken the left fork
544 3 is eating
DBG_EAT: id=3 time_last_meal=544
DBG_EAT2: id=3 meals=5
605 3 has put down the left fork
605 3 has put down the right fork
DBG_EAT2: id=5 meals=4
605 4 is thinking
605 3 is sleeping
605 2 is thinking
605 5 has put down the left fork
605 5 has put down the right fork
605 1 has taken the right fork
605 1 has taken the left fork
605 1 is eating
DBG_EAT: id=1 time_last_meal=605
605 5 is sleeping
605 4 has taken the left fork
605 4 has taken the right fork
605 4 is eating
DBG_EAT: id=4 time_last_meal=605
605 2 has taken the left fork
DBG_EAT2: id=1 meals=5
665 5 is thinking
665 3 is thinking
DBG_EAT2: id=4 meals=4
665 1 has put down the left fork
665 1 has put down the right fork
665 4 has put down the right fork
665 1 is sleeping
665 4 has put down the left fork
665 4 is sleeping
665 2 has taken the right fork
665 2 is eating
DBG_EAT: id=2 time_last_meal=665
665 5 has taken the right fork
665 5 has taken the left fork
665 5 is eating
DBG_EAT: id=5 time_last_meal=665
DBG_EAT2: id=5 meals=5
725 4 is thinking
725 5 has put down the left fork
726 5 has put down the right fork
726 5 is sleeping
DBG_EAT2: id=2 meals=5
726 2 has put down the right fork
726 1 is thinking
726 1 has taken the right fork
726 1 has taken the left fork
726 1 is eating
DBG_EAT: id=1 time_last_meal=726
726 2 has put down the left fork
726 2 is sleeping
726 3 has taken the right fork
726 3 has taken the left fork
726 3 is eating
DBG_EAT: id=3 time_last_meal=726
726 4 has taken the left fork
DBG_EAT2: id=1 meals=6
786 2 is thinking
786 1 has put down the left fork
786 1 has put down the right fork
786 1 is sleeping
786 5 is thinking
DBG_EAT2: id=3 meals=6
786 3 has put down the left fork
786 3 has put down the right fork
786 3 is sleeping
786 2 has taken the left fork
786 2 has taken the right fork
786 2 is eating
DBG_EAT: id=2 time_last_meal=786
786 4 has taken the right fork
786 4 is eating
DBG_EAT: id=4 time_last_meal=786
846 1 is thinking
DBG_EAT2: id=4 meals=5
846 4 has put down the right fork
846 1 has taken the right fork
DBG_EAT2: id=2 meals=6
846 4 has put down the left fork
846 5 has taken the right fork
846 4 is sleeping
846 3 is thinking
846 2 has put down the right fork
846 1 has taken the left fork
846 1 is eating
DBG_EAT: id=1 time_last_meal=846
846 2 has put down the left fork
846 2 is sleeping
846 3 has taken the right fork
846 3 has taken the left fork
846 3 is eating
DBG_EAT: id=3 time_last_meal=846
DBG_EAT2: id=1 meals=7
907 2 is thinking
907 1 has put down the left fork
907 4 is thinking
907 1 has put down the right fork
DBG_EAT2: id=3 meals=7
907 3 has put down the left fork
907 3 has put down the right fork
907 3 is sleeping
907 1 is sleeping
907 5 has taken the left fork
907 5 is eating
DBG_EAT: id=5 time_last_meal=907
907 2 has taken the left fork
907 2 has taken the right fork
907 2 is eating
DBG_EAT: id=2 time_last_meal=907
DBG_EAT2: id=2 meals=7
967 3 is thinking
967 2 has put down the right fork
967 2 has put down the left fork
967 3 has taken the right fork
967 3 has taken the left fork
967 3 is eating
DBG_EAT: id=3 time_last_meal=967
967 2 is sleeping
967 1 is thinking
DBG_EAT2: id=5 meals=6
967 5 has put down the left fork
967 1 has taken the right fork
967 1 has taken the left fork
967 1 is eating
DBG_EAT: id=1 time_last_meal=967
967 5 has put down the right fork
967 5 is sleeping
967 4 has taken the left fork
1027 2 is thinking
1027 5 is thinking
DBG_EAT2: id=1 meals=8
1028 1 has put down the left fork
1028 1 has put down the right fork
1028 1 is sleeping
DBG_EAT2: id=3 meals=8
1028 3 has put down the left fork
1028 3 has put down the right fork
1028 4 has taken the right fork
1028 4 is eating
DBG_EAT: id=4 time_last_meal=1028
1028 2 has taken the left fork
1028 2 has taken the right fork
1028 2 is eating
DBG_EAT: id=2 time_last_meal=1028
1028 3 is sleeping
DBG_EAT2: id=2 meals=8
1088 2 has put down the right fork
1088 2 has put down the left fork
1088 2 is sleeping
DBG_EAT2: id=4 meals=6
1088 4 has put down the right fork
1088 3 is thinking
1088 3 has taken the right fork
1088 3 has taken the left fork
1088 3 is eating
DBG_EAT: id=3 time_last_meal=1088
1088 4 has put down the left fork
1088 4 is sleeping
1088 1 is thinking
1088 1 has taken the right fork
1088 1 has taken the left fork
1088 1 is eating
DBG_EAT: id=1 time_last_meal=1088
1088 5 has taken the right fork
DBG_EAT2: id=3 meals=9
1148 2 is thinking
1148 3 has put down the left fork
1148 3 has put down the right fork
1148 3 is sleeping
DBG_EAT2: id=1 meals=9
1148 1 has put down the left fork
1148 4 is thinking
1148 1 has put down the right fork
1148 1 is sleeping
1149 5 has taken the left fork
1149 5 is eating
DBG_EAT: id=5 time_last_meal=1149
1149 2 has taken the left fork
1149 2 has taken the right fork
1149 2 is eating
DBG_EAT: id=2 time_last_meal=1149
DBG_EAT2: id=2 meals=9
1209 2 has put down the right fork
1209 2 has put down the left fork
1209 2 is sleeping
1209 1 is thinking
DBG_EAT2: id=5 meals=7
1209 5 has put down the left fork
1209 5 has put down the right fork
1209 5 is sleeping
1209 3 is thinking
1209 3 has taken the right fork
1209 3 has taken the left fork
1209 3 is eating
DBG_EAT: id=3 time_last_meal=1209
1209 1 has taken the right fork
1209 1 has taken the left fork
1209 1 is eating
DBG_EAT: id=1 time_last_meal=1209
1209 4 has taken the left fork
DBG_EAT2: id=1 meals=10
1269 1 has put down the left fork
1269 1 has put down the right fork
1269 2 is thinking
DBG_EAT2: id=3 meals=10
1269 5 is thinking
1269 1 is sleeping
1269 3 has put down the left fork
1269 3 has put down the right fork
1269 3 is sleeping
1269 4 has taken the right fork
1269 4 is eating
DBG_EAT: id=4 time_last_meal=1269
1269 2 has taken the left fork
1269 2 has taken the right fork
1269 2 is eating
DBG_EAT: id=2 time_last_meal=1269
DBG_EAT2: id=4 meals=7
1329 4 has put down the right fork
1329 1 is thinking
1329 1 has taken the right fork
1329 3 is thinking
1329 4 has put down the left fork
DBG_EAT2: id=2 meals=10
1329 2 has put down the right fork
1329 5 has taken the right fork
1329 2 has put down the left fork
1329 2 is sleeping
1329 3 has taken the right fork
1329 1 has taken the left fork
1329 1 is eating
DBG_EAT: id=1 time_last_meal=1329
1329 3 has taken the left fork
1329 3 is eating
DBG_EAT: id=3 time_last_meal=1329
1329 4 is sleeping
DBG_EAT2: id=1 meals=11
1389 1 has put down the left fork
1389 2 is thinking
1389 4 is thinking
1389 1 has put down the right fork
DBG_EAT2: id=3 meals=11
1389 3 has put down the left fork
1389 3 has put down the right fork
1389 3 is sleeping
1390 1 is sleeping
1390 5 has taken the left fork
1390 5 is eating
DBG_EAT: id=5 time_last_meal=1390
1390 2 has taken the left fork
1390 2 has taken the right fork
1390 2 is eating
DBG_EAT: id=2 time_last_meal=1390
DBG_EAT2: id=2 meals=11
DBG_EAT2: id=5 meals=8
1450 3 is thinking
1450 1 is thinking
1450 1 has taken the right fork
1450 1 has taken the left fork
1450 1 is eating
DBG_EAT: id=1 time_last_meal=1450
1450 5 has put down the left fork
1450 2 has put down the right fork
1450 5 has put down the right fork
1450 2 has put down the left fork
1450 2 is sleeping
1450 5 is sleeping
1450 4 has taken the left fork
1450 4 has taken the right fork
1450 4 is eating
DBG_EAT: id=4 time_last_meal=1450
1450 3 has taken the right fork
DBG_EAT2: id=1 meals=12
1510 1 has put down the left fork
1510 1 has put down the right fork
1510 5 is thinking
1510 1 is sleeping
1510 2 is thinking
DBG_EAT2: id=4 meals=8
1510 4 has put down the right fork
1510 4 has put down the left fork
1510 3 has taken the left fork
1510 3 is eating
DBG_EAT: id=3 time_last_meal=1510
1511 4 is sleeping
1511 5 has taken the right fork
1511 5 has taken the left fork
1511 5 is eating
DBG_EAT: id=5 time_last_meal=1511
1570 1 is thinking
DBG_EAT2: id=3 meals=12
1570 3 has put down the left fork
1571 3 has put down the right fork
1571 3 is sleeping
1571 2 has taken the left fork
1571 2 has taken the right fork
1571 2 is eating
DBG_EAT: id=2 time_last_meal=1571
1571 4 is thinking
DBG_EAT2: id=5 meals=9
1571 5 has put down the left fork
1571 5 has put down the right fork
1571 5 is sleeping
1571 1 has taken the right fork
1571 4 has taken the left fork
1571 4 has taken the right fork
1571 4 is eating
DBG_EAT: id=4 time_last_meal=1571
1631 3 is thinking
DBG_EAT2: id=2 meals=12
1631 2 has put down the right fork
1631 2 has put down the left fork
1631 5 is thinking
1631 1 has taken the left fork
1631 1 is eating
DBG_EAT: id=1 time_last_meal=1631
1631 3 has taken the right fork
1631 2 is sleeping
DBG_EAT2: id=4 meals=9
1631 4 has put down the right fork
1631 4 has put down the left fork
1631 4 is sleeping
1631 3 has taken the left fork
1631 3 is eating
DBG_EAT: id=3 time_last_meal=1631
1631 5 has taken the right fork
1691 2 is thinking
DBG_EAT2: id=1 meals=13
1691 1 has put down the left fork
1691 1 has put down the right fork
1691 1 is sleeping
1691 5 has taken the left fork
1691 5 is eating
DBG_EAT: id=5 time_last_meal=1691
1691 4 is thinking
DBG_EAT2: id=3 meals=13
1691 3 has put down the left fork
1692 3 has put down the right fork
1692 3 is sleeping
1692 2 has taken the left fork
1692 2 has taken the right fork
1692 2 is eating
DBG_EAT: id=2 time_last_meal=1692
1752 1 is thinking
DBG_EAT2: id=2 meals=13
1752 2 has put down the right fork
1752 2 has put down the left fork
1752 2 is sleeping
DBG_EAT2: id=5 meals=10
1752 3 is thinking
1752 3 has taken the right fork
1752 3 has taken the left fork
1752 3 is eating
DBG_EAT: id=3 time_last_meal=1752
1752 5 has put down the left fork
1752 5 has put down the right fork
1752 1 has taken the right fork
1752 1 has taken the left fork
1752 1 is eating
DBG_EAT: id=1 time_last_meal=1752
1752 5 is sleeping
1752 4 has taken the left fork
1812 2 is thinking
DBG_EAT2: id=3 meals=14
1812 5 is thinking
1812 3 has put down the left fork
1812 3 has put down the right fork
1812 3 is sleeping
1812 4 has taken the right fork
1812 4 is eating
DBG_EAT: id=4 time_last_meal=1812
DBG_EAT2: id=1 meals=14
1812 1 has put down the left fork
1812 1 has put down the right fork
1812 2 has taken the left fork
1812 2 has taken the right fork
1812 2 is eating
DBG_EAT: id=2 time_last_meal=1812
1812 1 is sleeping
DBG_EAT2: id=2 meals=14
1872 1 is thinking
1872 1 has taken the right fork
1872 2 has put down the right fork
1872 2 has put down the left fork
1872 3 is thinking
1872 3 has taken the right fork
DBG_EAT2: id=4 meals=10
1872 1 has taken the left fork
1872 1 is eating
DBG_EAT: id=1 time_last_meal=1872
1872 2 is sleeping
1872 4 has put down the right fork
1872 3 has taken the left fork
1872 3 is eating
DBG_EAT: id=3 time_last_meal=1872
1872 4 has put down the left fork
1872 4 is sleeping
1873 5 has taken the right fork
DBG_EAT2: id=1 meals=15
DBG_EAT2: id=3 meals=15
1933 1 has put down the left fork
1933 3 has put down the left fork
1933 3 has put down the right fork
1933 4 is thinking
1933 1 has put down the right fork
1933 1 is sleeping
1933 3 is sleeping
1933 5 has taken the left fork
1933 5 is eating
DBG_EAT: id=5 time_last_meal=1933
1933 2 is thinking
1933 2 has taken the left fork
1933 2 has taken the right fork
1933 2 is eating
DBG_EAT: id=2 time_last_meal=1933
1993 1 is thinking
1993 3 is thinking
DBG_EAT2: id=5 meals=11
DBG_EAT2: id=2 meals=15
1993 2 has put down the right fork
1993 5 has put down the left fork
1993 5 has put down the right fork
1993 2 has put down the left fork
1993 2 is sleeping
1993 1 has taken the right fork
1993 1 has taken the left fork
1993 1 is eating
DBG_EAT: id=1 time_last_meal=1993
1993 5 is sleeping
1993 3 has taken the right fork
1993 3 has taken the left fork
1993 3 is eating
DBG_EAT: id=3 time_last_meal=1993
1994 4 has taken the left fork
2054 2 is thinking
DBG_EAT2: id=1 meals=16
2054 1 has put down the left fork
2054 1 has put down the right fork
2054 5 is thinking
2054 1 is sleeping
DBG_EAT2: id=3 meals=16
2054 3 has put down the left fork
2054 4 has taken the right fork
2054 4 is eating
DBG_EAT: id=4 time_last_meal=2054
2054 3 has put down the right fork
2054 3 is sleeping
2054 2 has taken the left fork
2054 2 has taken the right fork
2054 2 is eating
DBG_EAT: id=2 time_last_meal=2054
DBG_EAT2: id=4 meals=11
2114 1 is thinking
2114 1 has taken the right fork
2114 4 has put down the right fork
2114 3 is thinking
2114 4 has put down the left fork
2114 4 is sleeping
2114 5 has taken the right fork
DBG_EAT2: id=2 meals=16
2114 2 has put down the right fork
2114 2 has put down the left fork
2114 2 is sleeping
2114 1 has taken the left fork
2114 1 is eating
DBG_EAT: id=1 time_last_meal=2114
2114 3 has taken the right fork
2114 3 has taken the left fork
2114 3 is eating
DBG_EAT: id=3 time_last_meal=2114
DBG_EAT2: id=1 meals=17
2174 1 has put down the left fork
2174 4 is thinking
2174 1 has put down the right fork
2174 1 is sleeping
DBG_EAT2: id=3 meals=17
2174 2 is thinking
2175 3 has put down the left fork
2175 3 has put down the right fork
2175 3 is sleeping
2175 5 has taken the left fork
2175 5 is eating
DBG_EAT: id=5 time_last_meal=2175
2175 2 has taken the left fork
2175 2 has taken the right fork
2175 2 is eating
DBG_EAT: id=2 time_last_meal=2175
DBG_EAT2: id=2 meals=17
DBG_EAT2: id=5 meals=12
2235 2 has put down the right fork
2235 5 has put down the left fork
2235 1 is thinking
2235 3 is thinking
2235 3 has taken the right fork
2235 3 has taken the left fork
2235 3 is eating
DBG_EAT: id=3 time_last_meal=2235
2235 5 has put down the right fork
2235 1 has taken the right fork
2235 1 has taken the left fork
2235 1 is eating
DBG_EAT: id=1 time_last_meal=2235
2235 5 is sleeping
2235 4 has taken the left fork
2235 2 has put down the left fork
2235 2 is sleeping
DBG_EAT2: id=1 meals=18
2295 5 is thinking
2295 1 has put down the left fork
2295 1 has put down the right fork
DBG_EAT2: id=3 meals=18
2295 1 is sleeping
2295 3 has put down the left fork
2295 3 has put down the right fork
2295 2 is thinking
2295 3 is sleeping
2295 4 has taken the right fork
2295 4 is eating
DBG_EAT: id=4 time_last_meal=2295
2296 2 has taken the left fork
2296 2 has taken the right fork
2296 2 is eating
DBG_EAT: id=2 time_last_meal=2296
2355 1 is thinking
2355 1 has taken the right fork
2355 3 is thinking
DBG_EAT2: id=4 meals=12
2356 4 has put down the right fork
2356 4 has put down the left fork
2356 4 is sleeping
2356 5 has taken the right fork
DBG_EAT2: id=2 meals=18
2356 2 has put down the right fork
2356 2 has put down the left fork
2356 2 is sleeping
2356 1 has taken the left fork
2356 1 is eating
DBG_EAT: id=1 time_last_meal=2356
2356 3 has taken the right fork
2356 3 has taken the left fork
2356 3 is eating
DBG_EAT: id=3 time_last_meal=2356
2416 4 is thinking
2416 2 is thinking
DBG_EAT2: id=3 meals=19
2416 3 has put down the left fork
2416 3 has put down the right fork
DBG_EAT2: id=1 meals=19
2416 1 has put down the left fork
2416 3 is sleeping
2416 1 has put down the right fork
2416 1 is sleeping
2416 5 has taken the left fork
2416 2 has taken the left fork
2416 2 has taken the right fork
2416 2 is eating
DBG_EAT: id=2 time_last_meal=2416
2416 5 is eating
DBG_EAT: id=5 time_last_meal=2416
DBG_EAT2: id=2 meals=19
2476 3 is thinking
2476 2 has put down the right fork
2476 2 has put down the left fork
2476 3 has taken the right fork
2476 3 has taken the left fork
2476 3 is eating
DBG_EAT: id=3 time_last_meal=2476
2476 1 is thinking
DBG_EAT2: id=5 meals=13
2476 2 is sleeping
2477 5 has put down the left fork
2477 5 has put down the right fork
2477 5 is sleeping
2477 1 has taken the right fork
2477 1 has taken the left fork
2477 1 is eating
DBG_EAT: id=1 time_last_meal=2477
2477 4 has taken the left fork
DBG_EAT2: id=1 meals=20
2537 2 is thinking
2537 1 has put down the left fork
2537 1 has put down the right fork
2537 1 is sleeping
2537 5 is thinking
DBG_EAT2: id=3 meals=20
2537 3 has put down the left fork
2537 3 has put down the right fork
2537 3 is sleeping
2537 4 has taken the right fork
2537 4 is eating
DBG_EAT: id=4 time_last_meal=2537
2537 2 has taken the left fork
2537 2 has taken the right fork
2537 2 is eating
DBG_EAT: id=2 time_last_meal=2537
2597 1 is thinking
2597 1 has taken the right fork
DBG_EAT2: id=4 meals=13
2597 4 has put down the right fork
2597 4 has put down the left fork
2597 3 is thinking
2597 4 is sleeping
2597 5 has taken the right fork
DBG_EAT2: id=2 meals=20
2598 2 has put down the right fork
2598 2 has put down the left fork
2598 2 is sleeping
2598 1 has taken the left fork
2598 1 is eating
DBG_EAT: id=1 time_last_meal=2598
2598 3 has taken the right fork
2598 3 has taken the left fork
2598 3 is eating
DBG_EAT: id=3 time_last_meal=2598
2658 4 is thinking
DBG_EAT2: id=1 meals=21
2658 1 has put down the left fork
2658 1 has put down the right fork
2658 2 is thinking
2658 1 is sleeping
2658 5 has taken the left fork
2658 5 is eating
DBG_EAT: id=5 time_last_meal=2658
DBG_EAT2: id=3 meals=21
2658 3 has put down the left fork
2658 3 has put down the right fork
2658 3 is sleeping
2658 2 has taken the left fork
2658 2 has taken the right fork
2658 2 is eating
DBG_EAT: id=2 time_last_meal=2658
2718 1 is thinking
DBG_EAT2: id=5 meals=14
DBG_EAT2: id=2 meals=21
2718 2 has put down the right fork
2718 2 has put down the left fork
2718 2 is sleeping
2718 5 has put down the left fork
2718 3 is thinking
2718 3 has taken the right fork
2718 3 has taken the left fork
2718 3 is eating
DBG_EAT: id=3 time_last_meal=2718
2718 5 has put down the right fork
2718 5 is sleeping
2718 1 has taken the right fork
2718 1 has taken the left fork
2718 1 is eating
DBG_EAT: id=1 time_last_meal=2718
2718 4 has taken the left fork
DBG_EAT2: id=1 meals=22
DBG_EAT2: id=3 meals=22
2779 1 has put down the left fork
2779 1 has put down the right fork
2779 2 is thinking
2779 5 is thinking
2779 1 is sleeping
2779 3 has put down the left fork
2779 3 has put down the right fork
2779 3 is sleeping
2779 4 has taken the right fork
2779 4 is eating
DBG_EAT: id=4 time_last_meal=2779
2779 2 has taken the left fork
2779 2 has taken the right fork
2779 2 is eating
DBG_EAT: id=2 time_last_meal=2779
2839 3 is thinking
2839 1 is thinking
2839 1 has taken the right fork
DBG_EAT2: id=2 meals=22
DBG_EAT2: id=4 meals=14
2839 4 has put down the right fork
2839 2 has put down the right fork
2839 4 has put down the left fork
2839 4 is sleeping
2839 2 has put down the left fork
2839 1 has taken the left fork
2839 5 has taken the right fork
2839 3 has taken the right fork
2839 3 has taken the left fork
2839 3 is eating
DBG_EAT: id=3 time_last_meal=2839
2839 2 is sleeping
2839 1 is eating
DBG_EAT: id=1 time_last_meal=2839
2899 4 is thinking
2899 2 is thinking
DBG_EAT2: id=1 meals=23
2899 1 has put down the left fork
DBG_EAT2: id=3 meals=23
2899 3 has put down the left fork
2899 3 has put down the right fork
2899 1 has put down the right fork
2899 1 is sleeping
2899 3 is sleeping
2899 5 has taken the left fork
2899 5 is eating
DBG_EAT: id=5 time_last_meal=2899
2899 2 has taken the left fork
2899 2 has taken the right fork
2899 2 is eating
DBG_EAT: id=2 time_last_meal=2899
2959 3 is thinking
2959 1 is thinking
DBG_EAT2: id=5 meals=15
DBG_EAT2: id=2 meals=23
2960 2 has put down the right fork
2960 5 has put down the left fork
2960 2 has put down the left fork
2960 5 has put down the right fork
2960 5 is sleeping
2960 4 has taken the left fork
2960 4 has taken the right fork
2960 4 is eating
DBG_EAT: id=4 time_last_meal=2960
2960 3 has taken the right fork
2960 1 has taken the right fork
2960 1 has taken the left fork
2960 1 is eating
DBG_EAT: id=1 time_last_meal=2960
2960 2 is sleeping
DBG_EAT2: id=4 meals=15
DBG_EAT2: id=1 meals=24
3020 1 has put down the left fork
3020 1 has put down the right fork
3020 1 is sleeping
3020 5 is thinking
3020 4 has put down the right fork
3020 4 has put down the left fork
3020 5 has taken the right fork
3020 3 has taken the left fork
3020 3 is eating
3020 2 is thinking
DBG_EAT: id=3 time_last_meal=3020
3020 5 has taken the left fork
3020 4 is sleeping
3020 5 is eating
DBG_EAT: id=5 time_last_meal=3020
3080 1 is thinking
DBG_EAT2: id=3 meals=24
3080 3 has put down the left fork
3080 3 has put down the right fork
3080 4 is thinking
3080 3 is sleeping
3080 2 has taken the left fork
3080 2 has taken the right fork
3080 2 is eating
DBG_EAT: id=2 time_last_meal=3080
DBG_EAT2: id=5 meals=16
3081 5 has put down the left fork
3081 5 has put down the right fork
3081 1 has taken the right fork
3081 5 is sleeping
3081 4 has taken the left fork
3081 4 has taken the right fork
3081 4 is eating
DBG_EAT: id=4 time_last_meal=3081
DBG_EAT2: id=2 meals=24
3141 3 is thinking
3141 2 has put down the right fork
3141 2 has put down the left fork
3141 1 has taken the left fork
3141 1 is eating
DBG_EAT: id=1 time_last_meal=3141
3141 2 is sleeping
3141 5 is thinking
3141 3 has taken the right fork
DBG_EAT2: id=4 meals=16
3141 4 has put down the right fork
3141 4 has put down the left fork
3141 4 is sleeping
3141 3 has taken the left fork
3141 3 is eating
DBG_EAT: id=3 time_last_meal=3141
3141 5 has taken the right fork
DBG_EAT2: id=3 meals=25
3201 2 is thinking
3201 3 has put down the left fork
3201 3 has put down the right fork
3201 3 is sleeping
DBG_EAT2: id=1 meals=25
3201 1 has put down the left fork
3201 4 is thinking
3201 1 has put down the right fork
3201 1 is sleeping
3201 5 has taken the left fork
3201 5 is eating
DBG_EAT: id=5 time_last_meal=3201
3201 2 has taken the left fork
3201 2 has taken the right fork
3201 2 is eating
DBG_EAT: id=2 time_last_meal=3201
DBG_EAT2: id=2 meals=25
3261 3 is thinking
3261 2 has put down the right fork
3261 2 has put down the left fork
3261 2 is sleeping
3261 3 has taken the right fork
3261 3 has taken the left fork
3261 3 is eating
DBG_EAT: id=3 time_last_meal=3261
3261 1 is thinking
DBG_EAT2: id=5 meals=17
3261 5 has put down the left fork
3261 5 has put down the right fork
3261 5 is sleeping
3262 1 has taken the right fork
3262 1 has taken the left fork
3262 1 is eating
DBG_EAT: id=1 time_last_meal=3262
3262 4 has taken the left fork
DBG_EAT2: id=3 meals=26
3321 2 is thinking
3321 3 has put down the left fork
3321 3 has put down the right fork
3321 3 is sleeping
3322 5 is thinking
3322 4 has taken the right fork
3322 4 is eating
DBG_EAT: id=4 time_last_meal=3322
DBG_EAT2: id=1 meals=26
3322 1 has put down the left fork
3322 1 has put down the right fork
3322 1 is sleeping
3322 2 has taken the left fork
3322 2 has taken the right fork
3322 2 is eating
DBG_EAT: id=2 time_last_meal=3322
DBG_EAT2: id=4 meals=17
3382 1 is thinking
3382 1 has taken the right fork
3382 4 has put down the right fork
3382 3 is thinking
3382 4 has put down the left fork
3382 4 is sleeping
DBG_EAT2: id=2 meals=26
3382 5 has taken the right fork
3382 2 has put down the right fork
3382 1 has taken the left fork
3382 1 is eating
DBG_EAT: id=1 time_last_meal=3382
3382 2 has put down the left fork
3382 2 is sleeping
3382 3 has taken the right fork
3382 3 has taken the left fork
3382 3 is eating
DBG_EAT: id=3 time_last_meal=3382
DBG_EAT2: id=1 meals=27
3442 4 is thinking
3442 1 has put down the left fork
3442 2 is thinking
DBG_EAT2: id=3 meals=27
3442 3 has put down the left fork
3442 3 has put down the right fork
3442 3 is sleeping
3442 1 has put down the right fork
3442 1 is sleeping
3442 5 has taken the left fork
3442 5 is eating
DBG_EAT: id=5 time_last_meal=3442
3442 2 has taken the left fork
3442 2 has taken the right fork
3442 2 is eating
DBG_EAT: id=2 time_last_meal=3442
DBG_EAT2: id=2 meals=27
3503 3 is thinking
3503 2 has put down the right fork
3503 1 is thinking
3503 2 has put down the left fork
3503 2 is sleeping
DBG_EAT2: id=5 meals=18
3503 3 has taken the right fork
3503 3 has taken the left fork
3503 3 is eating
DBG_EAT: id=3 time_last_meal=3503
3503 5 has put down the left fork
3503 1 has taken the right fork
3503 1 has taken the left fork
3503 1 is eating
DBG_EAT: id=1 time_last_meal=3503
3503 5 has put down the right fork
3503 5 is sleeping
3503 4 has taken the left fork
DBG_EAT2: id=1 meals=28
DBG_EAT2: id=3 meals=28
3563 1 has put down the left fork
3563 1 has put down the right fork
3563 2 is thinking
3563 5 is thinking
3563 1 is sleeping
3563 3 has put down the left fork
3563 3 has put down the right fork
3563 3 is sleeping
3563 4 has taken the right fork
3563 4 is eating
DBG_EAT: id=4 time_last_meal=3563
3563 2 has taken the left fork
3563 2 has taken the right fork
3563 2 is eating
DBG_EAT: id=2 time_last_meal=3563
DBG_EAT2: id=4 meals=18
3623 1 is thinking
3623 4 has put down the right fork
3623 1 has taken the right fork
3623 3 is thinking
DBG_EAT2: id=2 meals=28
3623 4 has put down the left fork
3623 4 is sleeping
3623 2 has put down the right fork
3623 1 has taken the left fork
3623 1 is eating
DBG_EAT: id=1 time_last_meal=3623
3623 5 has taken the right fork
3624 2 has put down the left fork
3624 3 has taken the right fork
3624 3 has taken the left fork
3624 3 is eating
DBG_EAT: id=3 time_last_meal=3624
3624 2 is sleeping
DBG_EAT2: id=1 meals=29
DBG_EAT2: id=3 meals=29
3684 3 has put down the left fork
3684 3 has put down the right fork
3684 1 has put down the left fork
3684 2 is thinking
3684 3 is sleeping
3684 1 has put down the right fork
3684 1 is sleeping
3684 5 has taken the left fork
3684 4 is thinking
3684 5 is eating
DBG_EAT: id=5 time_last_meal=3684
3684 2 has taken the left fork
3684 2 has taken the right fork
3684 2 is eating
DBG_EAT: id=2 time_last_meal=3684
3744 1 is thinking
3744 3 is thinking
DBG_EAT2: id=5 meals=19
3744 5 has put down the left fork
3744 5 has put down the right fork
3744 5 is sleeping
DBG_EAT2: id=2 meals=29
3744 2 has put down the right fork
3744 1 has taken the right fork
3744 1 has taken the left fork
3744 1 is eating
DBG_EAT: id=1 time_last_meal=3744
3744 4 has taken the left fork
3744 4 has taken the right fork
3744 4 is eating
DBG_EAT: id=4 time_last_meal=3744
3744 2 has put down the left fork
3744 2 is sleeping
3744 3 has taken the right fork
3804 5 is thinking
DBG_EAT2: id=1 meals=30
3804 1 has put down the left fork
3804 1 has put down the right fork
3804 1 is sleeping
DBG_EAT2: id=4 meals=19
3805 4 has put down the right fork
3805 4 has put down the left fork
3805 3 has taken the left fork
3805 3 is eating
DBG_EAT: id=3 time_last_meal=3805
3805 2 is thinking
3805 4 is sleeping
3805 5 has taken the right fork
3805 5 has taken the left fork
3805 5 is eating
DBG_EAT: id=5 time_last_meal=3805
3865 1 is thinking
DBG_EAT2: id=3 meals=30
3865 3 has put down the left fork
3865 3 has put down the right fork
3865 3 is sleeping
3865 4 is thinking
3865 2 has taken the left fork
3865 2 has taken the right fork
3865 2 is eating
DBG_EAT: id=2 time_last_meal=3865
DBG_EAT2: id=5 meals=20
3865 5 has put down the left fork
3865 5 has put down the right fork
3865 1 has taken the right fork
3865 5 is sleeping
3865 4 has taken the left fork
3865 4 has taken the right fork
3865 4 is eating
DBG_EAT: id=4 time_last_meal=3865
DBG_EAT2: id=2 meals=30
3925 3 is thinking
3925 2 has put down the right fork
3925 2 has put down the left fork
3925 2 is sleeping
3925 3 has taken the right fork
3925 1 has taken the left fork
3925 1 is eating
DBG_EAT: id=1 time_last_meal=3925
3925 5 is thinking
DBG_EAT2: id=4 meals=20
3925 4 has put down the right fork
3925 4 has put down the left fork
3925 4 is sleeping
3925 3 has taken the left fork
3925 3 is eating
DBG_EAT: id=3 time_last_meal=3925
3925 5 has taken the right fork
3985 2 is thinking
DBG_EAT2: id=1 meals=31
3985 1 has put down the left fork
3985 1 has put down the right fork
3985 5 has taken the left fork
3985 5 is eating
DBG_EAT: id=5 time_last_meal=3985
3985 1 is sleeping
3985 4 is thinking
DBG_EAT2: id=3 meals=31
3985 3 has put down the left fork
3985 3 has put down the right fork
3985 2 has taken the left fork
3985 2 has taken the right fork
3985 2 is eating
DBG_EAT: id=2 time_last_meal=3985
3985 3 is sleeping
DBG_EAT2: id=2 meals=31
4045 2 has put down the right fork
4045 2 has put down the left fork
4045 2 is sleeping
4045 1 is thinking
4045 3 is thinking
4045 3 has taken the right fork
4046 3 has taken the left fork
4046 3 is eating
DBG_EAT: id=3 time_last_meal=4046
DBG_EAT2: id=5 meals=21
4046 5 has put down the left fork
4046 5 has put down the right fork
4046 5 is sleeping
4046 1 has taken the right fork
4046 1 has taken the left fork
4046 1 is eating
DBG_EAT: id=1 time_last_meal=4046
4046 4 has taken the left fork
4106 2 is thinking
DBG_EAT2: id=3 meals=32
4106 3 has put down the left fork
4106 3 has put down the right fork
4106 3 is sleeping
4106 4 has taken the right fork
4106 4 is eating
DBG_EAT: id=4 time_last_meal=4106
4106 2 has taken the left fork
DBG_EAT2: id=1 meals=32
4106 5 is thinking
4106 1 has put down the left fork
4106 1 has put down the right fork
4106 1 is sleeping
4106 2 has taken the right fork
4106 2 is eating
DBG_EAT: id=2 time_last_meal=4106
4166 3 is thinking
DBG_EAT2: id=4 meals=21
4166 4 has put down the right fork
4166 4 has put down the left fork
4166 4 is sleeping
4166 5 has taken the right fork
4166 5 has taken the left fork
4166 5 is eating
DBG_EAT: id=5 time_last_meal=4166
4166 1 is thinking
DBG_EAT2: id=2 meals=32
4166 2 has put down the right fork
4166 2 has put down the left fork
4166 2 is sleeping
4166 3 has taken the right fork
4166 3 has taken the left fork
4166 3 is eating
DBG_EAT: id=3 time_last_meal=4166
DBG_EAT2: id=5 meals=22
4226 5 has put down the left fork
4226 5 has put down the right fork
4226 5 is sleeping
4226 4 is thinking
4226 1 has taken the right fork
4226 1 has taken the left fork
4226 1 is eating
DBG_EAT: id=1 time_last_meal=4226
4227 2 is thinking
4227 4 has taken the left fork
DBG_EAT2: id=3 meals=33
4227 3 has put down the left fork
4227 3 has put down the right fork
4227 3 is sleeping
4227 4 has taken the right fork
4227 4 is eating
DBG_EAT: id=4 time_last_meal=4227
4227 2 has taken the left fork
DBG_EAT2: id=1 meals=33
4287 1 has put down the left fork
4287 1 has put down the right fork
4287 1 is sleeping
4287 5 is thinking
4287 2 has taken the right fork
4287 2 is eating
DBG_EAT: id=2 time_last_meal=4287
4287 3 is thinking
DBG_EAT2: id=4 meals=22
4287 4 has put down the right fork
4287 4 has put down the left fork
4287 4 is sleeping
4287 5 has taken the right fork
4287 5 has taken the left fork
4287 5 is eating
DBG_EAT: id=5 time_last_meal=4287
DBG_EAT2: id=2 meals=33
4347 2 has put down the right fork
4347 1 is thinking
4347 2 has put down the left fork
4347 2 is sleeping
4347 3 has taken the right fork
4347 3 has taken the left fork
4347 3 is eating
DBG_EAT: id=3 time_last_meal=4347
DBG_EAT2: id=5 meals=23
4347 4 is thinking
4347 5 has put down the left fork
4347 5 has put down the right fork
4347 5 is sleeping
4347 1 has taken the right fork
4347 1 has taken the left fork
4347 1 is eating
DBG_EAT: id=1 time_last_meal=4347
4347 4 has taken the left fork
DBG_EAT2: id=3 meals=34
4407 2 is thinking
4407 3 has put down the left fork
4407 3 has put down the right fork
4407 3 is sleeping
4407 5 is thinking
4407 4 has taken the right fork
4407 4 is eating
DBG_EAT: id=4 time_last_meal=4407
4408 2 has taken the left fork
DBG_EAT2: id=1 meals=34
4408 1 has put down the left fork
4408 1 has put down the right fork
4408 1 is sleeping
4408 2 has taken the right fork
4408 2 is eating
DBG_EAT: id=2 time_last_meal=4408
4467 3 is thinking
DBG_EAT2: id=4 meals=23
4468 4 has put down the right fork
4468 4 has put down the left fork
4468 4 is sleeping
4468 5 has taken the right fork
4468 5 has taken the left fork
4468 5 is eating
DBG_EAT: id=5 time_last_meal=4468
DBG_EAT2: id=2 meals=34
4468 2 has put down the right fork
4468 1 is thinking
4468 2 has put down the left fork
4468 2 is sleeping
4468 3 has taken the right fork
4468 3 has taken the left fork
4468 3 is eating
DBG_EAT: id=3 time_last_meal=4468
4528 4 is thinking
DBG_EAT2: id=5 meals=24
4528 5 has put down the left fork
4528 5 has put down the right fork
4528 5 is sleeping
4528 2 is thinking
DBG_EAT2: id=3 meals=35
4528 1 has taken the right fork
4528 4 has taken the left fork
4528 4 has taken the right fork
4528 4 is eating
DBG_EAT: id=4 time_last_meal=4528
4528 3 has put down the left fork