DBG_INIT: meal_mutex init for philo 1
DBG_INIT: meal_mutex init for philo 2
DBG: init philo[1].time_last_meal=0
DBG: init philo[2].time_last_meal=0
0 1 has taken the right fork
0 1 has taken the left fork
0 1 is eating
DBG_EAT: id=1 time_last_meal=0
DBG: start_time=1758402870556
DBG_EAT2: id=1 meals=1
101 1 has put down the left fork
101 1 has put down the right fork
101 1 is sleeping
101 2 has taken the left fork
101 2 has taken the right fork
101 2 is eating
DBG_EAT: id=2 time_last_meal=101
161 1 is thinking
DBG_EAT2: id=2 meals=1
202 2 has put down the right fork
202 2 has put down the left fork
202 2 is sleeping
202 1 has taken the right fork
202 1 has taken the left fork
202 1 is eating
DBG_EAT: id=1 time_last_meal=202
262 2 is thinking
DBG_EAT2: id=1 meals=2
302 1 has put down the left fork
303 1 has put down the right fork
303 1 is sleeping
303 2 has taken the left fork
303 2 has taken the right fork
303 2 is eating
DBG_EAT: id=2 time_last_meal=303
363 1 is thinking
DBG_EAT2: id=2 meals=2
403 2 has put down the right fork
404 2 has put down the left fork
404 2 is sleeping
404 1 has taken the right fork
404 1 has taken the left fork
404 1 is eating
DBG_EAT: id=1 time_last_meal=404
464 2 is thinking
DBG_EAT2: id=1 meals=3
505 1 has put down the left fork
505 1 has put down the right fork
505 1 is sleeping
505 2 has taken the left fork
505 2 has taken the right fork
505 2 is eating
DBG_EAT: id=2 time_last_meal=505
566 1 is thinking
DBG_EAT2: id=2 meals=3
606 2 has put down the right fork
606 2 has put down the left fork
606 2 is sleeping
606 1 has taken the right fork
606 1 has taken the left fork
606 1 is eating
DBG_EAT: id=1 time_last_meal=606
606 All philosophers ate enough
DBG_EAT2: id=1 meals=4
