DBG_INIT: meal_mutex init for philo 1
DBG_INIT: meal_mutex init for philo 2
DBG_INIT: meal_mutex init for philo 3
DBG: init philo[1].time_last_meal=0
DBG: init philo[2].time_last_meal=0
DBG: init philo[3].time_last_meal=0
0 1 has taken the right fork
0 1 has taken the left fork
0 1 is eating
DBG_EAT: id=1 time_last_meal=0
0 3 has taken the right fork
DBG: start_time=1758386554090
DBG_EAT2: id=1 meals=1
60 1 has put down the left fork
60 1 has put down the right fork
60 1 is sleeping
60 3 has taken the left fork
60 3 is eating
DBG_EAT: id=3 time_last_meal=60
DBG_EAT2: id=3 meals=1
120 3 has put down the left fork
120 3 has put down the right fork
120 3 is sleeping
120 2 has taken the left fork
120 2 has taken the right fork
120 2 is eating
DBG_EAT: id=2 time_last_meal=120
160 1 is thinking
160 1 has taken the right fork
DBG_EAT2: id=2 meals=1
180 2 has put down the right fork
180 2 has put down the left fork
180 2 is sleeping
180 1 has taken the left fork
180 1 is eating
DBG_EAT: id=1 time_last_meal=180
220 3 is thinking
220 3 has taken the right fork
DBG_EAT2: id=1 meals=2
241 1 has put down the left fork
241 1 has put down the right fork
241 1 is sleeping
241 3 has taken the left fork
241 3 is eating
DBG_EAT: id=3 time_last_meal=241
281 2 is thinking
DBG_EAT2: id=3 meals=2
301 3 has put down the left fork
301 3 has put down the right fork
301 3 is sleeping
301 2 has taken the left fork
301 2 has taken the right fork
301 2 is eating
DBG_EAT: id=2 time_last_meal=301
341 1 is thinking
341 1 has taken the right fork
DBG_EAT2: id=2 meals=2
361 2 has put down the right fork
361 2 has put down the left fork
361 2 is sleeping
361 1 has taken the left fork
361 1 is eating
DBG_EAT: id=1 time_last_meal=361
401 3 is thinking
401 3 has taken the right fork
DBG_EAT2: id=1 meals=3
421 1 has put down the left fork
421 1 has put down the right fork
421 1 is sleeping
421 3 has taken the left fork
421 3 is eating
DBG_EAT: id=3 time_last_meal=421
461 2 is thinking
DBG_EAT2: id=3 meals=3
481 3 has put down the left fork
481 3 has put down the right fork
481 3 is sleeping
481 2 has taken the left fork
481 2 has taken the right fork
481 2 is eating
DBG_EAT: id=2 time_last_meal=481
521 1 is thinking
521 1 has taken the right fork
DBG_EAT2: id=2 meals=3
541 2 has put down the right fork
541 2 has put down the left fork
541 2 is sleeping
541 1 has taken the left fork
541 1 is eating
DBG_EAT: id=1 time_last_meal=541
581 3 is thinking
581 3 has taken the right fork
DBG_EAT2: id=1 meals=4
601 1 has put down the left fork
601 1 has put down the right fork
601 1 is sleeping
601 3 has taken the left fork
601 3 is eating
DBG_EAT: id=3 time_last_meal=601
641 2 is thinking
DBG_EAT2: id=3 meals=4
662 3 has put down the left fork
662 3 has put down the right fork
662 3 is sleeping
662 2 has taken the left fork
662 2 has taken the right fork
662 2 is eating
DBG_EAT: id=2 time_last_meal=662
702 1 is thinking
702 1 has taken the right fork
DBG_EAT2: id=2 meals=4
722 2 has put down the right fork
722 2 has put down the left fork
722 2 is sleeping
722 1 has taken the left fork
722 1 is eating
DBG_EAT: id=1 time_last_meal=722
762 3 is thinking
762 3 has taken the right fork
DBG_EAT2: id=1 meals=5
782 1 has put down the left fork
782 1 has put down the right fork
782 1 is sleeping
782 3 has taken the left fork
782 3 is eating
DBG_EAT: id=3 time_last_meal=782
822 2 is thinking
DBG_EAT2: id=3 meals=5
842 3 has put down the left fork
842 3 has put down the right fork
842 3 is sleeping
842 2 has taken the left fork
842 2 has taken the right fork
842 2 is eating
DBG_EAT: id=2 time_last_meal=842
882 1 is thinking
882 1 has taken the right fork
DBG_EAT2: id=2 meals=5
902 2 has put down the right fork
902 2 has put down the left fork
902 2 is sleeping
902 1 has taken the left fork
902 1 is eating
DBG_EAT: id=1 time_last_meal=902
942 3 is thinking
942 3 has taken the right fork
DBG_EAT2: id=1 meals=6
962 1 has put down the left fork
962 1 has put down the right fork
962 3 has taken the left fork
962 3 is eating
DBG_EAT: id=3 time_last_meal=962
962 1 is sleeping
1002 2 is thinking
DBG_EAT2: id=3 meals=6
1022 3 has put down the left fork
1022 3 has put down the right fork
1022 3 is sleeping
1022 2 has taken the left fork
1022 2 has taken the right fork
1022 2 is eating
DBG_EAT: id=2 time_last_meal=1022
1062 1 is thinking
1062 1 has taken the right fork
DBG_EAT2: id=2 meals=6
1083 2 has put down the right fork
1083 2 has put down the left fork
1083 2 is sleeping
1083 1 has taken the left fork
1083 1 is eating
DBG_EAT: id=1 time_last_meal=1083
1123 3 is thinking
1123 3 has taken the right fork
DBG_EAT2: id=1 meals=7
1143 1 has put down the left fork
1143 1 has put down the right fork
1143 1 is sleeping
1143 3 has taken the left fork
1143 3 is eating
DBG_EAT: id=3 time_last_meal=1143
1183 2 is thinking
DBG_EAT2: id=3 meals=7
1203 3 has put down the left fork
1203 3 has put down the right fork
1203 3 is sleeping
1203 2 has taken the left fork
1203 2 has taken the right fork
1203 2 is eating
DBG_EAT: id=2 time_last_meal=1203
1243 1 is thinking
1243 1 has taken the right fork
DBG_EAT2: id=2 meals=7
1263 2 has put down the right fork
1263 2 has put down the left fork
1263 2 is sleeping
1263 1 has taken the left fork
1263 1 is eating
DBG_EAT: id=1 time_last_meal=1263
1303 3 is thinking
1303 3 has taken the right fork
DBG_EAT2: id=1 meals=8
1323 1 has put down the left fork
1323 1 has put down the right fork
1323 1 is sleeping
1323 3 has taken the left fork
1323 3 is eating
DBG_EAT: id=3 time_last_meal=1323
1363 2 is thinking
DBG_EAT2: id=3 meals=8
1383 3 has put down the left fork
1383 3 has put down the right fork
1383 3 is sleeping
1383 2 has taken the left fork
1383 2 has taken the right fork
1383 2 is eating
DBG_EAT: id=2 time_last_meal=1383
1423 1 is thinking
1423 1 has taken the right fork
DBG_EAT2: id=2 meals=8
1443 2 has put down the right fork
1443 2 has put down the left fork
1443 2 is sleeping
1443 1 has taken the left fork
1444 1 is eating
DBG_EAT: id=1 time_last_meal=1444
1483 3 is thinking
1483 3 has taken the right fork
DBG_EAT2: id=1 meals=9
1504 1 has put down the left fork
1504 1 has put down the right fork
1504 1 is sleeping
1504 3 has taken the left fork
1504 3 is eating
DBG_EAT: id=3 time_last_meal=1504
1544 2 is thinking
DBG_EAT2: id=3 meals=9
1564 3 has put down the left fork
1564 3 has put down the right fork
1564 3 is sleeping
1564 2 has taken the left fork
1564 2 has taken the right fork
1564 2 is eating
DBG_EAT: id=2 time_last_meal=1564
1604 1 is thinking
1604 1 has taken the right fork
DBG_EAT2: id=2 meals=9
1624 2 has put down the right fork
1624 2 has put down the left fork
1624 2 is sleeping
1624 1 has taken the left fork
1624 1 is eating
DBG_EAT: id=1 time_last_meal=1624
1664 3 is thinking
1664 3 has taken the right fork
DBG_EAT2: id=1 meals=10
1684 1 has put down the left fork
1684 1 has put down the right fork
1684 1 is sleeping
1684 3 has taken the left fork
1684 3 is eating
DBG_EAT: id=3 time_last_meal=1684
1724 2 is thinking
DBG_EAT2: id=3 meals=10
1744 3 has put down the left fork
1744 3 has put down the right fork
1744 3 is sleeping
1744 2 has taken the left fork
1744 2 has taken the right fork
1744 2 is eating
DBG_EAT: id=2 time_last_meal=1744
1784 1 is thinking
1784 1 has taken the right fork
DBG_EAT2: id=2 meals=10
1804 2 has put down the right fork
1804 2 has put down the left fork
1804 2 is sleeping
1804 1 has taken the left fork
1804 1 is eating
DBG_EAT: id=1 time_last_meal=1804
1844 3 is thinking
1844 3 has taken the right fork
DBG_EAT2: id=1 meals=11
1864 1 has put down the left fork
1865 1 has put down the right fork
1865 1 is sleeping
1865 3 has taken the left fork
1865 3 is eating
DBG_EAT: id=3 time_last_meal=1865
1904 2 is thinking
DBG_EAT2: id=3 meals=11
1925 3 has put down the left fork
1925 3 has put down the right fork
1925 3 is sleeping
1925 2 has taken the left fork
1925 2 has taken the right fork
1925 2 is eating
DBG_EAT: id=2 time_last_meal=1925
1965 1 is thinking
1965 1 has taken the right fork
DBG_EAT2: id=2 meals=11
1985 2 has put down the right fork
1985 2 has put down the left fork
1985 2 is sleeping
1985 1 has taken the left fork
1985 1 is eating
DBG_EAT: id=1 time_last_meal=1985
2025 3 is thinking
2025 3 has taken the right fork
DBG_EAT2: id=1 meals=12
2045 1 has put down the left fork
2045 1 has put down the right fork
2045 1 is sleeping
2045 3 has taken the left fork
2045 3 is eating
DBG_EAT: id=3 time_last_meal=2045
2085 2 is thinking
DBG_EAT2: id=3 meals=12
2105 3 has put down the left fork
2105 3 has put down the right fork
2105 3 is sleeping
2105 2 has taken the left fork
2105 2 has taken the right fork
2105 2 is eating
DBG_EAT: id=2 time_last_meal=2105
2145 1 is thinking
2145 1 has taken the right fork
DBG_EAT2: id=2 meals=12
2165 2 has put down the right fork
2165 2 has put down the left fork
2165 2 is sleeping
2165 1 has taken the left fork
2165 1 is eating
DBG_EAT: id=1 time_last_meal=2165
2205 3 is thinking
2205 3 has taken the right fork
DBG_EAT2: id=1 meals=13
2225 1 has put down the left fork
2225 1 has put down the right fork
2225 1 is sleeping
2225 3 has taken the left fork
2225 3 is eating
DBG_EAT: id=3 time_last_meal=2225
2265 2 is thinking
DBG_EAT2: id=3 meals=13
2286 3 has put down the left fork
2286 3 has put down the right fork
2286 3 is sleeping
2286 2 has taken the left fork
2286 2 has taken the right fork
2286 2 is eating
DBG_EAT: id=2 time_last_meal=2286
2326 1 is thinking
2326 1 has taken the right fork
DBG_EAT2: id=2 meals=13
2346 2 has put down the right fork
2346 2 has put down the left fork
2346 2 is sleeping
2346 1 has taken the left fork
2346 1 is eating
DBG_EAT: id=1 time_last_meal=2346
2386 3 is thinking
2386 3 has taken the right fork
DBG_EAT2: id=1 meals=14
2406 1 has put down the left fork
2406 1 has put down the right fork
2406 1 is sleeping
2406 3 has taken the left fork
2406 3 is eating
DBG_EAT: id=3 time_last_meal=2406
2446 2 is thinking
DBG_EAT2: id=3 meals=14
2466 3 has put down the left fork
2466 3 has put down the right fork
2466 3 is sleeping
2466 2 has taken the left fork
2466 2 has taken the right fork
2466 2 is eating
DBG_EAT: id=2 time_last_meal=2466
2506 1 is thinking
2506 1 has taken the right fork
DBG_EAT2: id=2 meals=14
2526 2 has put down the right fork
2526 2 has put down the left fork
2526 2 is sleeping
2526 1 has taken the left fork
2526 1 is eating
DBG_EAT: id=1 time_last_meal=2526
2566 3 is thinking
2566 3 has taken the right fork
DBG_EAT2: id=1 meals=15
2586 1 has put down the left fork
2586 1 has put down the right fork
2586 3 has taken the left fork
2586 3 is eating
DBG_EAT: id=3 time_last_meal=2586
2586 1 is sleeping
2626 2 is thinking
DBG_EAT2: id=3 meals=15
2646 3 has put down the left fork
2646 3 has put down the right fork
2646 3 is sleeping
2646 2 has taken the left fork
2646 2 has taken the right fork
2646 2 is eating
DBG_EAT: id=2 time_last_meal=2646
2686 1 is thinking
2686 1 has taken the right fork
DBG_EAT2: id=2 meals=15
2707 2 has put down the right fork
2707 2 has put down the left fork
2707 2 is sleeping
2707 1 has taken the left fork
2707 1 is eating
DBG_EAT: id=1 time_last_meal=2707
2747 3 is thinking
2747 3 has taken the right fork
DBG_EAT2: id=1 meals=16
2767 1 has put down the left fork
2767 1 has put down the right fork
2767 1 is sleeping
2767 3 has taken the left fork
2767 3 is eating
DBG_EAT: id=3 time_last_meal=2767
2807 2 is thinking
DBG_EAT2: id=3 meals=16
2827 3 has put down the left fork
2827 3 has put down the right fork
2827 3 is sleeping
2827 2 has taken the left fork
2827 2 has taken the right fork
2827 2 is eating
DBG_EAT: id=2 time_last_meal=2827
2867 1 is thinking
2867 1 has taken the right fork
DBG_EAT2: id=2 meals=16
2887 2 has put down the right fork
2887 2 has put down the left fork
2887 2 is sleeping
2887 1 has taken the left fork
2887 1 is eating
DBG_EAT: id=1 time_last_meal=2887
2927 3 is thinking
2927 3 has taken the right fork
DBG_EAT2: id=1 meals=17
2947 1 has put down the left fork
2947 1 has put down the right fork
2947 1 is sleeping
2947 3 has taken the left fork
2947 3 is eating
DBG_EAT: id=3 time_last_meal=2947
2987 2 is thinking
DBG_EAT2: id=3 meals=17
3007 3 has put down the left fork
3007 3 has put down the right fork
3007 3 is sleeping
3007 2 has taken the left fork
3007 2 has taken the right fork
3007 2 is eating
DBG_EAT: id=2 time_last_meal=3007
3047 1 is thinking
3047 1 has taken the right fork
DBG_EAT2: id=2 meals=17
3067 2 has put down the right fork
3067 2 has put down the left fork
3068 2 is sleeping
3068 1 has taken the left fork
3068 1 is eating
DBG_EAT: id=1 time_last_meal=3068
3107 3 is thinking
3107 3 has taken the right fork
DBG_EAT2: id=1 meals=18
3128 1 has put down the left fork
3128 1 has put down the right fork
3128 1 is sleeping
3128 3 has taken the left fork
3128 3 is eating
DBG_EAT: id=3 time_last_meal=3128
3168 2 is thinking
DBG_EAT2: id=3 meals=18
3188 3 has put down the left fork
3188 3 has put down the right fork
3188 3 is sleeping
3188 2 has taken the left fork
3188 2 has taken the right fork
3188 2 is eating
DBG_EAT: id=2 time_last_meal=3188
3228 1 is thinking
3228 1 has taken the right fork
DBG_EAT2: id=2 meals=18
3248 2 has put down the right fork
3248 2 has put down the left fork
3248 2 is sleeping
3248 1 has taken the left fork
3248 1 is eating
DBG_EAT: id=1 time_last_meal=3248
3288 3 is thinking
3288 3 has taken the right fork
DBG_EAT2: id=1 meals=19
3308 1 has put down the left fork
3308 1 has put down the right fork
3308 1 is sleeping
3308 3 has taken the left fork
3308 3 is eating
DBG_EAT: id=3 time_last_meal=3308
3348 2 is thinking
DBG_EAT2: id=3 meals=19
3368 3 has put down the left fork
3368 3 has put down the right fork
3368 3 is sleeping
3368 2 has taken the left fork
3368 2 has taken the right fork
3368 2 is eating
DBG_EAT: id=2 time_last_meal=3368
3408 1 is thinking
3408 1 has taken the right fork
DBG_EAT2: id=2 meals=19
3428 2 has put down the right fork
3428 2 has put down the left fork
3428 2 is sleeping
3428 1 has taken the left fork
3428 1 is eating
DBG_EAT: id=1 time_last_meal=3428
3468 3 is thinking
3468 3 has taken the right fork
DBG_EAT2: id=1 meals=20
3488 1 has put down the left fork
3489 1 has put down the right fork
3489 1 is sleeping
3489 3 has taken the left fork
3489 3 is eating
DBG_EAT: id=3 time_last_meal=3489
3528 2 is thinking
DBG_EAT2: id=3 meals=20
3549 3 has put down the left fork
3549 3 has put down the right fork
3549 3 is sleeping
3549 2 has taken the left fork
3549 2 has taken the right fork
3549 2 is eating
DBG_EAT: id=2 time_last_meal=3549
3589 1 is thinking
3589 1 has taken the right fork
DBG_EAT2: id=2 meals=20
3609 2 has put down the right fork
3609 2 has put down the left fork
3609 2 is sleeping
3609 1 has taken the left fork
3609 1 is eating
DBG_EAT: id=1 time_last_meal=3609
3649 3 is thinking
3649 3 has taken the right fork
DBG_EAT2: id=1 meals=21
3669 1 has put down the left fork
3669 1 has put down the right fork
3669 1 is sleeping
3669 3 has taken the left fork
3669 3 is eating
DBG_EAT: id=3 time_last_meal=3669
3709 2 is thinking
DBG_EAT2: id=3 meals=21
3729 3 has put down the left fork
3729 3 has put down the right fork
3729 3 is sleeping
3729 2 has taken the left fork
3729 2 has taken the right fork
3729 2 is eating
DBG_EAT: id=2 time_last_meal=3729
3769 1 is thinking
3769 1 has taken the right fork
DBG_EAT2: id=2 meals=21
3789 2 has put down the right fork
3789 2 has put down the left fork
3789 2 is sleeping
3789 1 has taken the left fork
3789 1 is eating
DBG_EAT: id=1 time_last_meal=3789
3829 3 is thinking
3829 3 has taken the right fork
DBG_EAT2: id=1 meals=22
3849 1 has put down the left fork
3849 1 has put down the right fork
3849 1 is sleeping
3849 3 has taken the left fork
3849 3 is eating
DBG_EAT: id=3 time_last_meal=3849
3889 2 is thinking
DBG_EAT2: id=3 meals=22
3909 3 has put down the left fork
3910 3 has put down the right fork
3910 3 is sleeping
3910 2 has taken the left fork
3910 2 has taken the right fork
3910 2 is eating
DBG_EAT: id=2 time_last_meal=3910
3949 1 is thinking
3950 1 has taken the right fork
DBG_EAT2: id=2 meals=22
3970 2 has put down the right fork
3970 2 has put down the left fork
3970 2 is sleeping
3970 1 has taken the left fork
3970 1 is eating
DBG_EAT: id=1 time_last_meal=3970
4010 3 is thinking
4010 3 has taken the right fork
DBG_EAT2: id=1 meals=23
4030 1 has put down the left fork
4030 1 has put down the right fork
4030 1 is sleeping
4030 3 has taken the left fork
4030 3 is eating
DBG_EAT: id=3 time_last_meal=4030
4070 2 is thinking
DBG_EAT2: id=3 meals=23
4090 3 has put down the left fork
4090 3 has put down the right fork
4090 3 is sleeping
4090 2 has taken the left fork
4090 2 has taken the right fork
4090 2 is eating
DBG_EAT: id=2 time_last_meal=4090
4130 1 is thinking
4130 1 has taken the right fork
DBG_EAT2: id=2 meals=23
4150 2 has put down the right fork
4150 2 has put down the left fork
4150 2 is sleeping
4150 1 has taken the left fork
4150 1 is eating
DBG_EAT: id=1 time_last_meal=4150
4190 3 is thinking
4190 3 has taken the right fork
DBG_EAT2: id=1 meals=24
4210 1 has put down the left fork
4210 1 has put down the right fork
4210 3 has taken the left fork
4210 1 is sleeping
4210 3 is eating
DBG_EAT: id=3 time_last_meal=4210
4250 2 is thinking
DBG_EAT2: id=3 meals=24
4270 3 has put down the left fork
4270 3 has put down the right fork
4270 3 is sleeping
4270 2 has taken the left fork
4270 2 has taken the right fork
4270 2 is eating
DBG_EAT: id=2 time_last_meal=4270
4310 1 is thinking
4310 1 has taken the right fork
DBG_EAT2: id=2 meals=24
4331 2 has put down the right fork
4331 2 has put down the left fork
4331 2 is sleeping
4331 1 has taken the left fork
4331 1 is eating
DBG_EAT: id=1 time_last_meal=4331
4371 3 is thinking
4371 3 has taken the right fork
DBG_EAT2: id=1 meals=25
4391 1 has put down the left fork
4391 1 has put down the right fork
4391 1 is sleeping
4391 3 has taken the left fork
4391 3 is eating
DBG_EAT: id=3 time_last_meal=4391
4431 2 is thinking
DBG_EAT2: id=3 meals=25
4451 3 has put down the left fork
4451 3 has put down the right fork
4451 3 is sleeping
4451 2 has taken the left fork
4451 2 has taken the right fork
4451 2 is eating
DBG_EAT: id=2 time_last_meal=4451
4491 1 is thinking
4491 1 has taken the right fork
DBG_EAT2: id=2 meals=25
4511 2 has put down the right fork
4511 2 has put down the left fork
4511 2 is sleeping
4511 1 has taken the left fork
4511 1 is eating
DBG_EAT: id=1 time_last_meal=4511
4551 3 is thinking
4551 3 has taken the right fork
DBG_EAT2: id=1 meals=26
4571 1 has put down the left fork
4571 1 has put down the right fork
4571 1 is sleeping
4571 3 has taken the left fork
4571 3 is eating
DBG_EAT: id=3 time_last_meal=4571
4611 2 is thinking
DBG_EAT2: id=3 meals=26
4631 3 has put down the left fork
4631 3 has put down the right fork
4631 3 is sleeping
4631 2 has taken the left fork
4631 2 has taken the right fork
4631 2 is eating
DBG_EAT: id=2 time_last_meal=4631
4671 1 is thinking
4671 1 has taken the right fork
DBG_EAT2: id=2 meals=26
4691 2 has put down the right fork
4691 2 has put down the left fork
4691 2 is sleeping
4691 1 has taken the left fork
4691 1 is eating
DBG_EAT: id=1 time_last_meal=4691
4731 3 is thinking
4731 3 has taken the right fork
DBG_EAT2: id=1 meals=27
4752 1 has put down the left fork
4752 1 has put down the right fork
4752 1 is sleeping
4752 3 has taken the left fork
4752 3 is eating
DBG_EAT: id=3 time_last_meal=4752
4792 2 is thinking
DBG_EAT2: id=3 meals=27
4812 3 has put down the left fork
4812 3 has put down the right fork
4812 3 is sleeping
4812 2 has taken the left fork
4812 2 has taken the right fork
4812 2 is eating
DBG_EAT: id=2 time_last_meal=4812
4852 1 is thinking
4852 1 has taken the right fork
DBG_EAT2: id=2 meals=27
4872 2 has put down the right fork
4872 2 has put down the left fork
4872 2 is sleeping
4872 1 has taken the left fork
4872 1 is eating
DBG_EAT: id=1 time_last_meal=4872
4912 3 is thinking
4912 3 has taken the right fork
DBG_EAT2: id=1 meals=28
4932 1 has put down the left fork
4932 1 has put down the right fork
4932 1 is sleeping
4932 3 has taken the left fork
4932 3 is eating
DBG_EAT: id=3 time_last_meal=4932
4972 2 is thinking
DBG_EAT2: id=3 meals=28
4992 3 has put down the left fork
4992 3 has put down the right fork
4992 3 is sleeping
4992 2 has taken the left fork
4992 2 has taken the right fork
4992 2 is eating
DBG_EAT: id=2 time_last_