DBG_INIT: meal_mutex init for philo 1
DBG_INIT: meal_mutex init for philo 2
DBG_INIT: meal_mutex init for philo 3
DBG: init philo[1].time_last_meal=0
DBG: init philo[2].time_last_meal=0
DBG: init philo[3].time_last_meal=0
1 1 has taken the right fork
1 1 has taken the left fork
1 1 is eating
DBG_EAT: id=1 time_last_meal=1
1 3 has taken the right fork
DBG: start_time=1758386358085
DBG_EAT2: id=1 meals=1
101 1 has put down the left fork
101 1 has put down the right fork
101 1 is sleeping
101 3 has taken the left fork
101 3 is eating
DBG_EAT: id=3 time_last_meal=101
DBG_EAT2: id=3 meals=1
201 3 has put down the left fork
201 3 has put down the right fork
201 3 is sleeping
201 2 has taken the left fork
201 2 has taken the right fork
201 2 is eating
DBG_EAT: id=2 time_last_meal=201
301 1 is thinking
301 1 has taken the right fork
DBG_EAT2: id=2 meals=1
301 2 has put down the right fork
301 2 has put down the left fork
301 2 is sleeping
301 1 has taken the left fork
301 1 is eating
DBG_EAT: id=1 time_last_meal=301
401 3 is thinking
401 3 has taken the right fork
DBG_EAT2: id=1 meals=2
401 1 has put down the left fork
401 1 has put down the right fork
401 1 is sleeping
401 3 has taken the left fork
401 3 is eating
DBG_EAT: id=3 time_last_meal=401
501 2 is thinking
DBG_EAT2: id=3 meals=2
501 3 has put down the left fork
501 3 has put down the right fork
501 3 is sleeping
501 2 has taken the left fork
501 2 has taken the right fork
501 2 is eating
DBG_EAT: id=2 time_last_meal=501
601 1 is thinking
601 1 has taken the right fork
DBG_EAT2: id=2 meals=2
601 2 has put down the right fork
601 2 has put down the left fork
601 2 is sleeping
601 1 has taken the left fork
601 1 is eating
DBG_EAT: id=1 time_last_meal=601
701 3 is thinking
701 3 has taken the right fork
DBG_EAT2: id=1 meals=3
702 1 has put down the left fork
702 1 has put down the right fork
702 1 is sleeping
702 3 has taken the left fork
702 3 is eating
DBG_EAT: id=3 time_last_meal=702
802 2 is thinking
DBG_EAT2: id=3 meals=3
802 3 has put down the left fork
802 3 has put down the right fork
802 3 is sleeping
802 2 has taken the left fork
802 2 has taken the right fork
802 2 is eating
DBG_EAT: id=2 time_last_meal=802
902 1 is thinking
902 1 has taken the right fork
DBG_EAT2: id=2 meals=3
902 2 has put down the right fork
902 2 has put down the left fork
902 2 is sleeping
902 All philosophers ate enough
