DBG_INIT: meal_mutex init for philo 1
DBG_INIT: meal_mutex init for philo 2
DBG: init philo[1].time_last_meal=0
DBG: init philo[2].time_last_meal=0
0 1 has taken the right fork
0 1 has taken the left fork
0 1 is eating
DBG_EAT: id=1 time_last_meal=0
DBG: start_time=1758403294533
DBG_EAT2: id=1 meals=1
201 1 has put down the left fork
201 1 has put down the right fork
201 1 is sleeping
201 2 has taken the left fork
201 2 has taken the right fork
201 2 is eating
DBG_EAT: id=2 time_last_meal=201
301 1 is thinking
DBG_EAT2: id=2 meals=1
401 2 has put down the right fork
401 2 has put down the left fork
401 2 is sleeping
401 1 has taken the right fork
401 1 has taken the left fork
401 1 is eating
DBG_EAT: id=1 time_last_meal=401
501 2 is thinking
DBG_EAT2: id=1 meals=2
602 1 has put down the left fork
602 1 has put down the right fork
602 1 is sleeping
602 2 has taken the left fork
602 2 has taken the right fork
602 2 is eating
DBG_EAT: id=2 time_last_meal=602
702 1 is thinking
DBG_EAT2: id=2 meals=2
802 2 has put down the right fork
802 2 has put down the left fork
802 2 is sleeping
802 1 has taken the right fork
802 1 has taken the left fork
802 1 is eating
DBG_EAT: id=1 time_last_meal=802
903 2 is thinking
DBG_EAT2: id=1 meals=3
1003 1 has put down the left fork
1003 1 has put down the right fork
1003 1 is sleeping
1003 2 has taken the left fork
1003 2 has taken the right fork
1003 2 is eating
DBG_EAT: id=2 time_last_meal=1003
1103 1 is thinking
DBG_EAT2: id=2 meals=3
1203 2 has put down the right fork
1203 2 has put down the left fork
1204 2 is sleeping
1204 1 has taken the right fork
1204 1 has taken the left fork
1204 1 is eating
DBG_EAT: id=1 time_last_meal=1204
1304 2 is thinking
DBG_EAT2: id=1 meals=4
1404 1 has put down the left fork
1404 1 has put down the right fork
1404 1 is sleeping
1404 2 has taken the left fork
1404 2 has taken the right fork
1404 2 is eating
DBG_EAT: id=2 time_last_meal=1404
1504 1 is thinking
DBG_EAT2: id=2 meals=4
1604 2 has put down the right fork
1604 2 has put down the left fork
1604 2 is sleeping
1604 1 has taken the right fork
1604 1 has taken the left fork
1604 1 is eating
DBG_EAT: id=1 time_last_meal=1604
1705 2 is thinking
DBG_EAT2: id=1 meals=5
1805 1 has put down the left fork
1805 1 has put down the right fork
1805 1 is sleeping
1805 2 has taken the left fork
1805 2 has taken the right fork
1805 2 is eating
DBG_EAT: id=2 time_last_meal=1805
1905 1 is thinking
DBG_EAT2: id=2 meals=5
2005 2 has put down the right fork
2005 2 has put down the left fork
2005 2 is sleeping
2006 1 has taken the right fork
2006 1 has taken the left fork
2006 1 is eating
DBG_EAT: id=1 time_last_meal=2006
2106 2 is thinking
DBG_EAT2: id=1 meals=6
2206 1 has put down the left fork
2206 1 has put down the right fork
2206 2 has taken the left fork
2206 2 has taken the right fork
2206 2 is eating
2206 1 is sleeping
DBG_EAT: id=2 time_last_meal=2206
2307 1 is thinking
DBG_EAT2: id=2 meals=6
2406 2 has put down the right fork
2407 2 has put down the left fork
2407 2 is sleeping
2407 1 has taken the right fork
2407 1 has taken the left fork
2407 1 is eating
DBG_EAT: id=1 time_last_meal=2407
2507 2 is thinking
DBG_EAT2: id=1 meals=7
2607 1 has put down the left fork
2607 1 has put down the right fork
2607 1 is sleeping
2607 2 has taken the left fork
2607 2 has taken the right fork
2607 2 is eating
DBG_EAT: id=2 time_last_meal=2607
2708 1 is thinking
DBG_EAT2: id=2 meals=7
2808 2 has put down the right fork
2808 2 has put down the left fork
2808 2 is sleeping
2808 1 has taken the right fork
2808 1 has taken the left fork
2808 1 is eating
DBG_EAT: id=1 time_last_meal=2808
2908 2 is thinking
DBG_EAT2: id=1 meals=8
3008 1 has put down the left fork
3008 1 has put down the right fork
3008 1 is sleeping
3008 2 has taken the left fork
3008 2 has taken the right fork
3008 2 is eating
DBG_EAT: id=2 time_last_meal=3008
3108 1 is thinking
DBG_EAT2: id=2 meals=8
3208 2 has put down the right fork
3208 2 has put down the left fork
3208 2 is sleeping
3208 1 has taken the right fork
3208 1 has taken the left fork
3208 1 is eati