DBG_INIT: meal_mutex init for philo 1
DBG_INIT: meal_mutex init for philo 2
DBG_INIT: meal_mutex init for philo 3
DBG: init philo[1].time_last_meal=0
DBG: init philo[2].time_last_meal=0
DBG: init philo[3].time_last_meal=0
0 1 has taken the right fork
0 1 has taken the left fork
0 1 is eating
DBG_EAT: id=1 time_last_meal=0
0 3 has taken the right fork
DBG: start_time=1758403464733
DBG_EAT2: id=1 meals=1
200 1 has put down the left fork
200 1 has put down the right fork
200 1 is sleeping
200 3 has taken the left fork
200 3 is eating
DBG_EAT: id=3 time_last_meal=200
400 1 is thinking
DBG_EAT2: id=3 meals=1
401 3 has put down the left fork
401 1 has taken the right fork
401 1 has taken the left fork
401 1 is eating
DBG_EAT: id=1 time_last_meal=401
401 3 has put down the right fork
401 2 has taken the left fork
401 3 is sleeping
601 3 is thinking
DBG_EAT2: id=1 meals=2
601 1 has put down the left fork
601 1 has put down the right fork
601 1 is sleeping
601 2 has taken the right fork
601 2 is eating
DBG_EAT: id=2 time_last_meal=601
1590 1 is thinking
1590 1 has taken the right fork
DBG_EAT2: id=2 meals=1
1590 2 has put down the right fork
1590 1 has taken the left fork
1590 1 is eating
DBG_EAT: id=1 time_last_meal=1590
1590 2 has put down the left fork
1590 2 is sleeping
1590 3 has taken the right fork
1590 2 has died (last meal at 601)
DBG_EAT2: id=1 meals=3
