DBG_INIT: meal_mutex init for philo 1
DBG_INIT: meal_mutex init for philo 2
DBG_INIT: meal_mutex init for philo 3
DBG_INIT: meal_mutex init for philo 4
DBG: init philo[1].time_last_meal=0
DBG: init philo[2].time_last_meal=0
DBG: init philo[3].time_last_meal=0
DBG: init philo[4].time_last_meal=0
0 1 has taken the right fork
0 1 has taken the left fork
0 1 is eating
DBG_EAT: id=1 time_last_meal=0
0 3 has taken the right fork
0 3 has taken the left fork
0 3 is eating
DBG_EAT: id=3 time_last_meal=0
DBG: start_time=1758387017647
DBG_EAT2: id=1 meals=1
60 1 has put down the left fork
60 1 has put down the right fork
60 1 is sleeping
60 4 has taken the left fork
DBG_EAT2: id=3 meals=1
61 3 has put down the left fork
61 4 has taken the right fork
61 4 is eating
DBG_EAT: id=4 time_last_meal=61
61 3 has put down the right fork
61 2 has taken the left fork
61 2 has taken the right fork
61 2 is eating
DBG_EAT: id=2 time_last_meal=61
61 3 is sleeping
DBG_EAT2: id=4 meals=1
DBG_EAT2: id=2 meals=1
121 4 has put down the right fork
121 2 has put down the right fork
121 2 has put down the left fork
121 2 is sleeping
121 4 has put down the left fork
121 4 is sleeping
160 1 is thinking
160 1 has taken the right fork
160 1 has taken the left fork
160 1 is eating
DBG_EAT: id=1 time_last_meal=160
161 3 is thinking
161 3 has taken the right fork
161 3 has taken the left fork
161 3 is eating
DBG_EAT: id=3 time_last_meal=161
DBG_EAT2: id=1 meals=2
221 1 has put down the left fork
221 1 has put down the right fork
221 1 is sleeping
221 2 is thinking
DBG_EAT2: id=3 meals=2
221 3 has put down the left fork
221 3 has put down the right fork
221 4 is thinking
221 3 is sleeping
221 2 has taken the left fork
221 2 has taken the right fork
221 2 is eating
DBG_EAT: id=2 time_last_meal=221
221 4 has taken the left fork
221 4 has taken the right fork
221 4 is eating
DBG_EAT: id=4 time_last_meal=221
DBG_EAT2: id=2 meals=2
281 2 has put down the right fork
281 2 has put down the left fork
281 2 is sleeping
DBG_EAT2: id=4 meals=2
281 4 has put down the right fork
281 4 has put down the left fork
281 4 is sleeping
321 1 is thinking
321 1 has taken the right fork
321 1 has taken the left fork
321 1 is eating
DBG_EAT: id=1 time_last_meal=321
321 3 is thinking
321 3 has taken the right fork
321 3 has taken the left fork
321 3 is eating
DBG_EAT: id=3 time_last_meal=321
DBG_EAT2: id=1 meals=3
381 1 has put down the left fork
381 1 has put down the right fork
381 1 is sleeping
DBG_EAT2: id=3 meals=3
381 3 has put down the left fork
381 3 has put down the right fork
381 3 is sleeping
381 2 is thinking
381 4 is thinking
381 2 has taken the left fork
381 2 has taken the right fork
381 2 is eating
DBG_EAT: id=2 time_last_meal=381
381 4 has taken the left fork
381 4 has taken the right fork
381 4 is eating
DBG_EAT: id=4 time_last_meal=381
DBG_EAT2: id=2 meals=3
441 2 has put down the right fork
441 2 has put down the left fork
DBG_EAT2: id=4 meals=3
441 4 has put down the right fork
441 4 has put down the left fork
441 4 is sleeping
441 2 is sleeping
481 1 is thinking
481 3 is thinking
481 3 has taken the right fork
481 3 has taken the left fork
481 3 is eating
DBG_EAT: id=3 time_last_meal=481
481 1 has taken the right fork
481 1 has taken the left fork
481 1 is eating
DBG_EAT: id=1 time_last_meal=481
DBG_EAT2: id=1 meals=4
541 1 has put down the left fork
541 1 has put down the right fork
DBG_EAT2: id=3 meals=4
541 3 has put down the left fork
541 3 has put down the right fork
541 3 is sleeping
541 1 is sleeping
541 4 is thinking
541 2 is thinking
541 4 has taken the left fork
541 4 has taken the right fork
541 4 is eating
DBG_EAT: id=4 time_last_meal=541
541 2 has taken the left fork
541 2 has taken the right fork
541 2 is eating
DBG_EAT: id=2 time_last_meal=541
DBG_EAT2: id=2 meals=4
602 2 has put down the right fork
602 2 has put down the left fork
DBG_EAT2: id=4 meals=4
602 4 has put down the right fork
602 4 has put down the left fork
602 4 is sleeping
602 2 is sleeping
641 1 is thinking
641 1 has taken the right fork
641 1 has taken the left fork
641 1 is eating
DBG_EAT: id=1 time_last_meal=641
641 3 is thinking
641 3 has taken the right fork
641 3 has taken the left fork
641 3 is eating
DBG_EAT: id=3 time_last_meal=641
DBG_EAT2: id=1 meals=5
701 1 has put down the left fork
701 1 has put down the right fork
702 1 is sleeping
DBG_EAT2: id=3 meals=5
702 3 has put down the left fork
702 3 has put down the right fork
702 3 is sleeping
702 4 is thinking
702 2 is thinking
702 4 has taken the left fork
702 4 has taken the right fork
702 4 is eating
DBG_EAT: id=4 time_last_meal=702
702 2 has taken the left fork
702 2 has taken the right fork
702 2 is eating
DBG_EAT: id=2 time_last_meal=702
DBG_EAT2: id=4 meals=5
762 4 has put down the right fork
762 4 has put down the left fork
DBG_EAT2: id=2 meals=5
762 2 has put down the right fork
762 2 has put down the left fork
762 2 is sleeping
762 4 is sleeping
802 1 is thinking
802 1 has taken the right fork
802 1 has taken the left fork
802 1 is eating
DBG_EAT: id=1 time_last_meal=802
802 3 is thinking
802 3 has taken the right fork
802 3 has taken the left fork
802 3 is eating
DBG_EAT: id=3 time_last_meal=802
DBG_EAT2: id=1 meals=6
862 1 has put down the left fork
862 1 has put down the right fork
DBG_EAT2: id=3 meals=6
862 3 has put down the left fork
862 3 has put down the right fork
862 3 is sleeping
862 1 is sleeping
862 2 is thinking
862 4 is thinking
862 2 has taken the left fork
862 2 has taken the right fork
862 2 is eating
DBG_EAT: id=2 time_last_meal=862
862 4 has taken the left fork
862 4 has taken the right fork
862 4 is eating
DBG_EAT: id=4 time_last_meal=862
DBG_EAT2: id=2 meals=6
923 2 has put down the right fork
923 2 has put down the left fork
DBG_EAT2: id=4 meals=6
923 4 has put down the right fork
923 4 has put down the left fork
923 4 is sleeping
923 2 is sleeping
962 3 is thinking
962 3 has taken the right fork
962 3 has taken the left fork
962 3 is eating
DBG_EAT: id=3 time_last_meal=962
962 1 is thinking
962 1 has taken the right fork
962 1 has taken the left fork
962 1 is eating
DBG_EAT: id=1 time_last_meal=962
DBG_EAT2: id=1 meals=7
1022 1 has put down the left fork
1022 1 has put down the right fork
DBG_EAT2: id=3 meals=7
1022 3 has put down the left fork
1022 3 has put down the right fork
1022 3 is sleeping
1022 1 is sleeping
1023 4 is thinking
1023 2 is thinking
1023 4 has taken the left fork
1023 4 has taken the right fork
1023 4 is eating
DBG_EAT: id=4 time_last_meal=1023
1023 2 has taken the left fork
1023 2 has taken the right fork
1023 2 is eating
DBG_EAT: id=2 time_last_meal=1023
DBG_EAT2: id=2 meals=7
1083 2 has put down the right fork
1083 2 has put down the left fork
1083 2 is sleeping
DBG_EAT2: id=4 meals=7
1083 4 has put down the right fork
1083 4 has put down the left fork
1083 4 is sleeping
1122 3 is thinking
1122 3 has taken the right fork
1122 3 has taken the left fork
1122 3 is eating
DBG_EAT: id=3 time_last_meal=1122
1122 1 is thinking
1122 1 has taken the right fork
1122 1 has taken the left fork
1122 1 is eating
DBG_EAT: id=1 time_last_meal=1122
DBG_EAT2: id=3 meals=8
1183 3 has put down the left fork
1183 3 has put down the right fork
1183 3 is sleeping
DBG_EAT2: id=1 meals=8
1183 1 has put down the left fork
1183 1 has put down the right fork
1183 1 is sleeping
1184 2 is thinking
1184 4 is thinking
1184 2 has taken the left fork
1184 2 has taken the right fork
1184 2 is eating
DBG_EAT: id=2 time_last_meal=1184
1184 4 has taken the left fork
1184 4 has taken the right fork
1184 4 is eating
DBG_EAT: id=4 time_last_meal=1184
DBG_EAT2: id=2 meals=8
1244 2 has put down the right fork
1244 2 has put down the left fork
DBG_EAT2: id=4 meals=8
1244 4 has put down the right fork
1244 4 has put down the left fork
1244 4 is sleeping
1244 2 is sleeping
1283 3 is thinking
1283 3 has taken the right fork
1283 3 has taken the left fork
1283 3 is eating
DBG_EAT: id=3 time_last_meal=1283
1283 1 is thinking
1283 1 has taken the right fork
1283 1 has taken the left fork
1283 1 is eating
DBG_EAT: id=1 time_last_meal=1283
DBG_EAT2: id=1 meals=9
1343 1 has put down the left fork
1343 1 has put down the right fork
DBG_EAT2: id=3 meals=9
1343 3 has put down the left fork
1343 3 has put down the right fork
1343 3 is sleeping
1343 1 is sleeping
1344 4 is thinking
1344 2 is thinking
1344 4 has taken the left fork
1344 4 has taken the right fork
1344 4 is eating
DBG_EAT: id=4 time_last_meal=1344
1344 2 has taken the left fork
1344 2 has taken the right fork
1344 2 is eating
DBG_EAT: id=2 time_last_meal=1344
DBG_EAT2: id=2 meals=9
1405 2 has put down the right fork
1405 2 has put down the left fork
1405 2 is sleeping
DBG_EAT2: id=4 meals=9
1405 4 has put down the right fork
1405 4 has put down the left fork
1405 4 is sleeping
1443 3 is thinking
1443 3 has taken the right fork
1443 3 has taken the left fork
1443 3 is eating
DBG_EAT: id=3 time_last_meal=1443
1443 1 is thinking
1443 1 has taken the right fork
1443 1 has taken the left fork
1443 1 is eating
DBG_EAT: id=1 time_last_meal=1443
DBG_EAT2: id=1 meals=10
1503 1 has put down the left fork
1503 1 has put down the right fork
1503 1 is sleeping
DBG_EAT2: id=3 meals=10
1503 3 has put down the left fork
1503 3 has put down the right fork
1503 3 is sleeping
1505 2 is thinking
1505 4 is thinking
1505 2 has taken the left fork
1505 2 has taken the right fork
1505 2 is eating
DBG_EAT: id=2 time_last_meal=1505
1505 4 has taken the left fork
1505 4 has taken the right fork
1505 4 is eating
DBG_EAT: id=4 time_last_meal=1505
DBG_EAT2: id=2 meals=10
1565 2 has put down the right fork
1565 2 has put down the left fork
DBG_EAT2: id=4 meals=10
1565 4 has put down the right fork
1565 4 has put down the left fork
1565 4 is sleeping
1565 2 is sleeping
1603 1 is thinking
1603 1 has taken the right fork
1603 1 has taken the left fork
1603 1 is eating
DBG_EAT: id=1 time_last_meal=1603
1603 3 is thinking
1603 3 has taken the right fork
1603 3 has taken the left fork
1603 3 is eating
DBG_EAT: id=3 time_last_meal=1603
DBG_EAT2: id=1 meals=11
1664 1 has put down the left fork
1664 1 has put down the right fork
DBG_EAT2: id=3 meals=11
1664 3 has put down the left fork
1664 3 has put down the right fork
1664 3 is sleeping
1664 1 is sleeping
1665 4 is thinking
1666 2 is thinking
1666 4 has taken the left fork
1666 4 has taken the right fork
1666 4 is eating
DBG_EAT: id=4 time_last_meal=1666
1666 2 has taken the left fork
1666 2 has taken the right fork
1666 2 is eating
DBG_EAT: id=2 time_last_meal=1666
DBG_EAT2: id=2 meals=11
1726 2 has put down the right fork
1726 2 has put down the left fork
DBG_EAT2: id=4 meals=11
1726 4 has put down the right fork
1726 4 has put down the left fork
1726 4 is sleeping
1726 2 is sleeping
1764 3 is thinking
1764 3 has taken the right fork
1764 3 has taken the left fork
1764 3 is eating
DBG_EAT: id=3 time_last_meal=1764
1764 1 is thinking
1764 1 has taken the right fork
1764 1 has taken the left fork
1764 1 is eating
DBG_EAT: id=1 time_last_meal=1764
DBG_EAT2: id=3 meals=12
1824 3 has put down the left fork
1824 3 has put down the right fork
1824 3 is sleeping
DBG_EAT2: id=1 meals=12
1824 1 has put down the left fork
1824 1 has put down the right fork
1824 1 is sleeping
1826 2 is thinking
1826 4 is thinking
1826 4 has taken the left fork
1826 4 has taken the right fork
1826 4 is eating
DBG_EAT: id=4 time_last_meal=1826
1826 2 has taken the left fork
1826 2 has taken the right fork
1826 2 is eating
DBG_EAT: id=2 time_last_meal=1826
DBG_EAT2: id=2 meals=12
1887 2 has put down the right fork
1887 2 has put down the left fork
DBG_EAT2: id=4 meals=12
1887 4 has put down the right fork
1887 4 has put down the left fork
1887 4 is sleeping
1887 2 is sleeping
1924 3 is thinking
1924 3 has taken the right fork
1924 3 has taken the left fork
1924 3 is eating
DBG_EAT: id=3 time_last_meal=1924
1924 1 is thinking
1924 1 has taken the right fork
1924 1 has taken the left fork
1924 1 is eating
DBG_EAT: id=1 time_last_meal=1924
DBG_EAT2: id=3 meals=13
1984 3 has put down the left fork
1984 3 has put down the right fork
1984 3 is sleeping
DBG_EAT2: id=1 meals=13
1984 1 has put down the left fork
1984 1 has put down the right fork
1984 1 is sleeping
1987 4 is thinking
1987 2 is thinking
1987 4 has taken the left fork
1987 4 has taken the right fork
1987 4 is eating
DBG_EAT: id=4 time_last_meal=1987
1987 2 has taken the left fork
1987 2 has taken the right fork
1987 2 is eating
DBG_EAT: id=2 time_last_meal=1987
DBG_EAT2: id=4 meals=13
2047 4 has put down the right fork
2047 4 has put down the left fork
2047 4 is sleeping
DBG_EAT2: id=2 meals=13
2047 2 has put down the right fork
2047 2 has put down the left fork
2047 2 is sleeping
2084 3 is thinking
2084 3 has taken the right fork
2084 3 has taken the left fork
2084 3 is eating
DBG_EAT: id=3 time_last_meal=2084
2084 1 is thinking
2084 1 has taken the right fork
2084 1 has taken the left fork
2084 1 is eating
DBG_EAT: id=1 time_last_meal=2084
DBG_EAT2: id=1 meals=14
2145 1 has put down the left fork
2145 1 has put down the right fork
DBG_EAT2: id=3 meals=14
2145 3 has put down the left fork
2145 3 has put down the right fork
2145 3 is sleeping
2145 1 is sleeping
2147 4 is thinking
2147 2 is thinking
2147 4 has taken the left fork
2147 4 has taken the right fork
2147 4 is eating
DBG_EAT: id=4 time_last_meal=2147
2147 2 has taken the left fork
2147 2 has taken the right fork
2147 2 is eating
DBG_EAT: id=2 time_last_meal=2147
DBG_EAT2: id=2 meals=14
2208 2 has put down the right fork
2208 2 has put down the left fork
2208 2 is sleeping
DBG_EAT2: id=4 meals=14
2208 4 has put down the right fork
2208 4 has put down the left fork
2208 4 is sleeping
2245 1 is thinking
2245 1 has taken the right fork
2245 1 has taken the left fork
2245 1 is eating
DBG_EAT: id=1 time_last_meal=2245
2245 3 is thinking
2245 3 has taken the right fork
2245 3 has taken the left fork
2245 3 is eating
DBG_EAT: id=3 time_last_meal=2245
DBG_EAT2: id=3 meals=15
2305 3 has put down the left fork
2305 3 has put down the right fork
2305 3 is sleeping
DBG_EAT2: id=1 meals=15
2305 1 has put down the left fork
2305 1 has put down the right fork
2305 1 is sleeping
2308 2 is thinking
2308 4 is thinking
2308 2 has taken the left fork
2308 2 has taken the right fork
2308 2 is eating
DBG_EAT: id=2 time_last_meal=2308
2308 4 has taken the left fork
2308 4 has taken the right fork
2308 4 is eating
DBG_EAT: id=4 time_last_meal=2308
DBG_EAT2: id=4 meals=15
2368 4 has put down the right fork
2368 4 has put down the left fork
2368 4 is sleeping
DBG_EAT2: id=2 meals=15
2368 2 has put down the right fork
2368 2 has put down the left fork
2368 2 is sleeping
2405 1 is thinking
2405 1 has taken the right fork
2405 1 has taken the left fork
2405 1 is eating
DBG_EAT: id=1 time_last_meal=2405
2405 3 is thinking
2405 3 has taken the right fork
2405 3 has taken the left fork
2405 3 is eating
DBG_EAT: id=3 time_last_meal=2405
DBG_EAT2: id=3 meals=16
2466 3 has put down the left fork
2466 3 has put down the right fork
2466 3 is sleeping
DBG_EAT2: id=1 meals=16
2466 1 has put down the left fork
2466 1 has put down the right fork
2466 1 is sleeping
2468 4 is thinking
2468 2 is thinking
2468 4 has taken the left fork
2468 4 has taken the right fork
2468 4 is eating
DBG_EAT: id=4 time_last_meal=2468
2468 2 has taken the left fork
2468 2 has taken the right fork
2468 2 is eating
DBG_EAT: id=2 time_last_meal=2468
DBG_EAT2: id=4 meals=16
2529 4 has put down the right fork
2529 4 has put down the left fork
DBG_EAT2: id=2 meals=16
2529 2 has put down the right fork
2529 2 has put down the left fork
2529 2 is sleeping
2529 4 is sleeping
2566 1 is thinking
2566 1 has taken the right fork
2566 1 has taken the left fork
2566 1 is eating
DBG_EAT: id=1 time_last_meal=2566
2566 3 is thinking
2566 3 has taken the right fork
2566 3 has taken the left fork
2566 3 is eating
DBG_EAT: id=3 time_last_meal=2566
DBG_EAT2: id=1 meals=17
2626 1 has put down the left fork
2626 1 has put down the right fork
DBG_EAT2: id=3 meals=17
2626 3 has put down the left fork
2626 3 has put down the right fork
2626 3 is sleeping
2626 1 is sleeping
2629 2 is thinking
2629 4 is thinking
2629 2 has taken the left fork
2629 2 has taken the right fork
2629 2 is eating
DBG_EAT: id=2 time_last_meal=2629
2629 4 has taken the left fork
2629 4 has taken the right fork
2629 4 is eating
DBG_EAT: id=4 time_last_meal=2629
DBG_EAT2: id=4 meals=17
2689 4 has put down the right fork
2689 4 has put down the left fork
2689 4 is sleeping
DBG_EAT2: id=2 meals=17
2689 2 has put down the right fork
2689 2 has put down the left fork
2689 2 is sleeping
2726 3 is thinking
2726 3 has taken the right fork
2726 3 has taken the left fork
2726 3 is eating
DBG_EAT: id=3 time_last_meal=2726
2726 1 is thinking
2726 1 has taken the right fork
2726 1 has taken the left fork
2726 1 is eating
DBG_EAT: id=1 time_last_meal=2726
DBG_EAT2: id=1 meals=18
2786 1 has put down the left fork
2786 1 has put down the right fork
DBG_EAT2: id=3 meals=18
2786 3 has put down the left fork
2786 3 has put down the right fork
2786 3 is sleeping
2786 1 is sleeping
2789 4 is thinking
2789 2 is thinking
2789 4 has taken the left fork
2789 4 has taken the right fork
2789 4 is eating
DBG_EAT: id=4 time_last_meal=2789
2790 2 has taken the left fork
2790 2 has taken the right fork
2790 2 is eating
DBG_EAT: id=2 time_last_meal=2790
DBG_EAT2: id=4 meals=18
2850 4 has put down the right fork
2850 4 has put down the left fork
2850 4 is sleeping
DBG_EAT2: id=2 meals=18
2850 2 has put down the right fork
2850 2 has put down the left fork
2850 2 is sleeping
2886 1 is thinking
2886 1 has taken the right fork
2886 1 has taken the left fork
2886 1 is eating
DBG_EAT: id=1 time_last_meal=2886
2887 3 is thinking
2887 3 has taken the right fork
2887 3 has taken the left fork
2887 3 is eating
DBG_EAT: id=3 time_last_meal=2887
DBG_EAT2: id=3 meals=19
2947 3 has put down the left fork
2947 3 has put down the right fork
2947 3 is sleeping
DBG_EAT2: id=1 meals=19
2947 1 has put down the left fork
2947 1 has put down the right fork
2947 1 is sleeping
2950 4 is thinking
2950 2 is thinking
2950 4 has taken the left fork
2950 4 has taken the right fork
2950 4 is eating
DBG_EAT: id=4 time_last_meal=2950
2950 2 has taken the left fork
2950 2 has taken the right fork
2950 2 is eating
DBG_EAT: id=2 time_last_meal=2950
DBG_EAT2: id=4 meals=19
3010 4 has put down the right fork
3010 4 has put down the left fork
DBG_EAT2: id=2 meals=19
3010 2 has put down the right fork
3010 2 has put down the left fork
3010 2 is sleeping
3010 4 is sleeping
3047 1 is thinking
3047 1 has taken the right fork
3047 1 has taken the left fork
3047 1 is eating
DBG_EAT: id=1 time_last_meal=3047
3047 3 is thinking
3047 3 has taken the right fork
3047 3 has taken the left fork
3047 3 is eating
DBG_EAT: id=3 time_last_meal=3047
DBG_EAT2: id=1 meals=20
3107 1 has put down the left fork
3107 1 has put down the right fork
DBG_EAT2: id=3 meals=20
3107 3 has put down the left fork
3107 3 has put down the right fork
3107 3 is sleeping
3107 1 is sleeping
3111 4 is thinking
3111 2 is thinking
3111 4 has taken the left fork
3111 4 has taken the right fork
3111 4 is eating
DBG_EAT: id=4 time_last_meal=3111
3111 2 has taken the left fork
3111 2 has taken the right fork
3111 2 is eating
DBG_EAT: id=2 time_last_meal=3111
DBG_EAT2: id=4 meals=20
3171 4 has put down the right fork
3171 4 has put down the left fork
3171 4 is sleeping
DBG_EAT2: id=2 meals=20
3171 2 has put down the right fork
3171 2 has put down the left fork
3171 2 is sleeping
3207 1 is thinking
3207 1 has taken the right fork
3207 1 has taken the left fork
3207 1 is eating
DBG_EAT: id=1 time_last_meal=3207
3207 3 is thinking
3207 3 has taken the right fork
3207 3 has taken the left fork
3207 3 is eating
DBG_EAT: id=3 time_last_meal=3207
DBG_EAT2: id=1 meals=21
3267 1 has put down the left fork
3267 1 has put down the right fork
3267 1 is sleeping
DBG_EAT2: id=3 meals=21
3268 3 has put down the left fork
3268 3 has put down the right fork
3268 3 is sleeping
3271 4 is thinking
3271 2 is thinking
3271 4 has taken the left fork
3271 4 has taken the right fork
3271 4 is eating
DBG_EAT: id=4 time_last_meal=3271
3271 2 has taken the left fork
3271 2 has taken the right fork
3271 2 is eating
DBG_EAT: id=2 time_last_meal=3271
DBG_EAT2: id=2 meals=21
3332 2 has put down the right fork
3332 2 has put down the left fork
3332 2 is sleeping
DBG_EAT2: id=4 meals=21
3332 4 has put down the right fork
3332 4 has put down the left fork
3332 4 is sleeping
3368 1 is thinking
3368 1 has taken the right fork
3368 1 has taken the left fork
3368 1 is eating
DBG_EAT: id=1 time_last_meal=3368
3368 3 is thinking
3368 3 has taken the right fork
3368 3 has taken the left fork
3368 3 is eating
DBG_EAT: id=3 time_last_meal=3368
DBG_EAT2: id=1 meals=22
3428 1 has put down the left fork
3428 1 has put down the right fork
DBG_EAT2: id=3 meals=22
3428 3 has put down the left fork
3428 3 has put down the right fork
3428 3 is sleeping
3428 1 is sleeping
3432 2 is thinking
3432 4 is thinking
3432 2 has taken the left fork
3432 2 has taken the right fork
3432 2 is eating
DBG_EAT: id=2 time_last_meal=3432
3432 4 has taken the left fork
3432 4 has taken the right fork
3432 4 is eating
DBG_EAT: id=4 time_last_meal=3432
DBG_EAT2: id=2 meals=22
3492 2 has put down the right fork
3492 2 has put down the left fork
DBG_EAT2: id=4 meals=22
3492 4 has put down the right fork
3492 4 has put down the left fork
3492 4 is sleeping
3492 2 is sleeping
3528 1 is thinking
3528 1 has taken the right fork
3528 1 has taken the left fork
3528 1 is eating
DBG_EAT: id=1 time_last_meal=3528
3528 3 is thinking
3528 3 has taken the right fork
3528 3 has taken the left fork
3528 3 is eating
DBG_EAT: id=3 time_last_meal=3528
DBG_EAT2: id=1 meals=23
3588 1 has put down the left fork
3588 1 has put down the right fork
3588 1 is sleeping
DBG_EAT2: id=3 meals=23
3588 3 has put down the left fork
3588 3 has put down the right fork
3588 3 is sleeping
3592 4 is thinking
3592 2 is thinking
3592 4 has taken the left fork
3592 4 has taken the right fork
3592 4 is eating
DBG_EAT: id=4 time_last_meal=3592
3592 2 has taken the left fork
3592 2 has taken the right fork
3592 2 is eating
DBG_EAT: id=2 time_last_meal=3592
DBG_EAT2: id=2 meals=23
3653 2 has put down the right fork
3653 2 has put down the left fork
3653 2 is sleeping
DBG_EAT2: id=4 meals=23
3653 4 has put down the right fork
3653 4 has put down the left fork
3653 4 is sleeping
3688 1 is thinking
3688 1 has taken the right fork
3688 1 has taken the left fork
3688 1 is eating
DBG_EAT: id=1 time_last_meal=3688
3688 3 is thinking
3688 3 has taken the right fork
3688 3 has taken the left fork
3688 3 is eating
DBG_EAT: id=3 time_last_meal=3688
DBG_EAT2: id=3 meals=24
3748 3 has put down the left fork
3748 3 has put down the right fork
3748 3 is sleeping
DBG_EAT2: id=1 meals=24
3748 1 has put down the left fork
3748 1 has put down the right fork
3748 1 is sleeping
3753 2 is thinking
3753 4 is thinking
3753 2 has taken the left fork
3753 2 has taken the right fork
3753 2 is eating
DBG_EAT: id=2 time_last_meal=3753
3753 4 has taken the left fork
3753 4 has taken the right fork
3753 4 is eating
DBG_EAT: id=4 time_last_meal=3753
DBG_EAT2: id=2 meals=24
3813 2 has put down the right fork
3813 2 has put down the left fork
3813 2 is sleeping
DBG_EAT2: id=4 meals=24
3813 4 has put down the right fork
3813 4 has put down the left fork
3813 4 is sleeping
3848 3 is thinking
3848 3 has taken the right fork
3848 3 has taken the left fork
3848 3 is eating
DBG_EAT: id=3 time_last_meal=3848
3848 1 is thinking
3848 1 has taken the right fork
3848 1 has taken the left fork
3848 1 is eating
DBG_EAT: id=1 time_last_meal=3848
DBG_EAT2: id=1 meals=25
3909 1 has put down the left fork
3909 1 has put down the right fork
DBG_EAT2: id=3 meals=25
3909 3 has put down the left fork
3909 3 has put down the right fork
3909 3 is sleeping
3909 1 is sleeping
3913 2 is thinking
3913 4 is thinking
3913 2 has taken the left fork
3913 2 has taken the right fork
3913 2 is eating
DBG_EAT: id=2 time_last_meal=3913
3913 4 has taken the left fork
3913 4 has taken the right fork
3913 4 is eating
DBG_EAT: id=4 time_last_meal=3913
DBG_EAT2: id=2 meals=25
3974 2 has put down the right fork
3974 2 has put down the left fork
DBG_EAT2: id=4 meals=25
3974 4 has put down the right fork
3974 4 has put down the left fork
3974 4 is sleeping
3974 2 is sleeping
4009 1 is thinking
4009 1 has taken the right fork
4009 1 has taken the left fork
4009 1 is eating
DBG_EAT: id=1 time_last_meal=4009
4009 3 is thinking
4009 3 has taken the right fork
4009 3 has taken the left fork
4009 3 is eating
DBG_EAT: id=3 time_last_meal=4009
DBG_EAT2: id=1 meals=26
4069 1 has put down the left fork
4069 1 has put down the right fork
DBG_EAT2: id=3 meals=26
4069 3 has put down the left fork
4069 3 has put down the right fork
4069 3 is sleeping
4069 1 is sleeping
4074 2 is thinking
4074 4 is thinking
4074 2 has taken the left fork
4074 2 has taken the right fork
4074 2 is eating
DBG_EAT: id=2 time_last_meal=4074
4074 4 has taken the left fork
4074 4 has taken the right fork
4074 4 is eating
DBG_EAT: id=4 time_last_meal=4074
DBG_EAT2: id=2 meals=26
4134 2 has put down the right fork
4134 2 has put down the left fork
DBG_EAT2: id=4 meals=26
4134 4 has put down the right fork
4134 4 has put down the left fork
4134 4 is sleeping
4134 2 is sleeping
4169 1 is thinking
4169 1 has taken the right fork
4169 1 has taken the left fork
4169 1 is eating
DBG_EAT: id=1 time_last_meal=4169
4169 3 is thinking
4169 3 has taken the right fork
4169 3 has taken the left fork
4169 3 is eating
DBG_EAT: id=3 time_last_meal=4169
DBG_EAT2: id=1 meals=27
4230 1 has put down the left fork
4230 1 has put down the right fork
DBG_EAT2: id=3 meals=27
4230 3 has put down the left fork
4230 3 has put down the right fork
4230 3 is sleeping
4230 1 is sleeping
4234 4 is thinking
4234 2 is thinking
4235 4 has taken the left fork
4235 4 has taken the right fork
4235 4 is eating
DBG_EAT: id=4 time_last_meal=4235
4235 2 has taken the left fork
4235 2 has taken the right fork
4235 2 is eating
DBG_EAT: id=2 time_last_meal=4235
DBG_EAT2: id=4 meals=27
4295 4 has put down the right fork
4295 4 has put down the left fork
4295 4 is sleeping
DBG_EAT2: id=2 meals=27
4295 2 has put down the right fork
4295 2 has put down the left fork
4295 2 is sleeping
4330 1 is thinking
4330 1 has taken the right fork
4330 1 has taken the left fork
4330 1 is eating
DBG_EAT: id=1 time_last_meal=4330
4330 3 is thinking
4330 3 has taken the right fork
4330 3 has taken the left fork
4330 3 is eating
DBG_EAT: id=3 time_last_meal=4330
DBG_EAT2: id=3 meals=28
4390 3 has put down the left fork
4390 3 has put down the right fork
4390 3 is sleeping
DBG_EAT2: id=1 meals=28
4390 1 has put down the left fork
4390 1 has put down the right fork
4390 1 is sleeping
4395 4 is thinking
4395 2 is thinking
4395 4 has taken the left fork
4395 4 has taken the right fork
4395 4 is eating
DBG_EAT: id=4 time_last_meal=4395
4395 2 has taken the left fork
4395 2 has taken the right fork
4395 2 is eating
DBG_EAT: id=2 time_last_meal=4395
DBG_EAT2: id=2 meals=28
4455 2 has put down the right fork
4455 2 has put down the left fork
DBG_EAT2: id=4 meals=28
4455 4 has put down the right fork
4455 4 has put down the left fork
4455 4 is sleeping
4455 2 is sleeping
4490 1 is thinking
4490 1 has taken the right fork
4490 1 has taken the left fork
4490 1 is eating
DBG_EAT: id=1 time_last_meal=4490
4490 3 is thinking
4490 3 has taken the right fork
4490 3 has taken the left fork
4490 3 is eating
DBG_EAT: id=3 time_last_meal=4490
DBG_EAT2: id=3 meals=29
4550 3 has put down the left fork
4550 3 has put down the right fork
4550 3 is sleeping
DBG_EAT2: id=1 meals=29
4550 1 has put down the left fork
4550 1 has put down the right fork
4551 1 is sleeping
4556 4 is thinking
4556 2 is thinking
4556 4 has taken the left fork
4556 4 has taken the right fork
4556 4 is eating
DBG_EAT: id=4 time_last_meal=4556
4556 2 has taken the left fork
4556 2 has taken the right fork
4556 2 is eating
DBG_EAT: id=2 time_last_meal=4556
DBG_EAT2: id=4 meals=29
4616 4 has put down the right fork
4616 4 has put down the left fork
4616 4 is sleeping
DBG_EAT2: id=2 meals=29
4616 2 has put down the right fork
4616 2 has put down the left fork
4616 2 is sleeping
4651 3 is thinking
4651 3 has taken the right fork
4651 3 has taken the left fork
4651 3 is eating
DBG_EAT: id=3 time_last_meal=4651
4651 1 is thinking
4651 1 has taken the right fork
4651 1 has taken the left fork
4651 1 is eating
DBG_EAT: id=1 time_last_meal=4651
