DBG_INIT: meal_mutex init for philo 1
DBG_INIT: meal_mutex init for philo 2
DBG: init philo[1].time_last_meal=0
DBG: init philo[2].time_last_meal=0
1 1 has taken the right fork
1 1 has taken the left fork
1 1 is eating
DBG_EAT: id=1 time_last_meal=1
DBG: start_time=1758403066125
DBG_EAT2: id=1 meals=1
102 1 has put down the left fork
102 1 has put down the right fork
102 1 is sleeping
102 2 has taken the left fork
102 2 has taken the right fork
102 2 is eating
DBG_EAT: id=2 time_last_meal=102
DBG_EAT2: id=2 meals=1
204 2 has put down the right fork
204 2 has put down the left fork
204 2 is sleeping
304 1 is thinking
304 1 has taken the right fork
304 1 has taken the left fork
304 1 is eating
DBG_EAT: id=1 time_last_meal=304
405 2 is thinking
DBG_EAT2: id=1 meals=2
406 1 has put down the left fork
406 1 has put down the right fork
406 1 is sleeping
406 2 has taken the left fork
406 2 has taken the right fork
406 2 is eating
DBG_EAT: id=2 time_last_meal=406
DBG_EAT2: id=2 meals=2
508 2 has put down the right fork
508 2 has put down the left fork
508 2 is sleeping
609 1 is thinking
609 1 has taken the right fork
609 1 has taken the left fork
609 1 is eating
DBG_EAT: id=1 time_last_meal=609
709 2 is thinking
DBG_EAT2: id=1 meals=3
709 1 has put down the left fork
709 1 has put down the right fork
709 1 is sleeping
709 2 has taken the left fork
709 2 has taken the right fork
709 2 is eating
DBG_EAT: id=2 time_last_meal=709
DBG_EAT2: id=2 meals=3
810 2 has put down the right fork
810 2 has put down the left fork
810 2 is sleeping
810 All philosophers ate enough
