DBG_INIT: meal_mutex init for philo 1
DBG_INIT: meal_mutex init for philo 2
DBG_INIT: meal_mutex init for philo 3
DBG: init philo[1].time_last_meal=0
DBG: init philo[2].time_last_meal=0
DBG: init philo[3].time_last_meal=0
0 1 has taken the right fork
0 1 has taken the left fork
0 1 is eating
DBG_EAT: id=1 time_last_meal=0
0 3 has taken the right fork
DBG: start_time=1758386552824
DBG_EAT2: id=1 meals=1
60 1 has put down the left fork
60 1 has put down the right fork
60 1 is sleeping
60 3 has taken the left fork
60 3 is eating
DBG_EAT: id=3 time_last_meal=60
120 1 is thinking
DBG_EAT2: id=3 meals=1
120 3 has put down the left fork
120 1 has taken the right fork
120 1 has taken the left fork
120 1 is eating
DBG_EAT: id=1 time_last_meal=120
120 3 has put down the right fork
120 2 has taken the left fork
120 3 is sleeping
DBG_EAT2: id=1 meals=2
180 1 has put down the left fork
180 3 is thinking
180 1 has put down the right fork
180 1 is sleeping
180 2 has taken the right fork
180 2 is eating
DBG_EAT: id=2 time_last_meal=180
240 1 is thinking
240 1 has taken the right fork
DBG_EAT2: id=2 meals=1
240 2 has put down the right fork
240 2 has put down the left fork
240 1 has taken the left fork
240 1 is eating
DBG_EAT: id=1 time_last_meal=240
240 3 has taken the right fork
240 2 is sleeping
DBG_EAT2: id=1 meals=3
300 1 has put down the left fork
300 1 has put down the right fork
300 1 is sleeping
300 3 has taken the left fork
300 3 is eating
DBG_EAT: id=3 time_last_meal=300
300 2 is thinking
360 1 is thinking
DBG_EAT2: id=3 meals=2
360 3 has put down the left fork
360 1 has taken the right fork
360 1 has taken the left fork
360 1 is eating
DBG_EAT: id=1 time_last_meal=360
360 3 has put down the right fork
360 3 is sleeping
361 2 has taken the left fork
DBG_EAT2: id=1 meals=4
421 3 is thinking
421 1 has put down the left fork
421 1 has put down the right fork
421 1 is sleeping
421 2 has taken the right fork
421 2 is eating
DBG_EAT: id=2 time_last_meal=421
481 1 is thinking
481 1 has taken the right fork
DBG_EAT2: id=2 meals=2
481 2 has put down the right fork
481 2 has put down the left fork
481 2 is sleeping
481 1 has taken the left fork
481 1 is eating
DBG_EAT: id=1 time_last_meal=481
481 3 has taken the right fork
541 2 is thinking
DBG_EAT2: id=1 meals=5
541 1 has put down the left fork
541 1 has put down the right fork
541 3 has taken the left fork
541 3 is eating
DBG_EAT: id=3 time_last_meal=541
541 1 is sleeping
DBG_EAT2: id=3 meals=3
601 3 has put down the left fork
601 1 is thinking
601 1 has taken the right fork
601 1 has taken the left fork
601 1 is eating
DBG_EAT: id=1 time_last_meal=601
601 3 has put down the right fork
601 3 is sleeping
601 2 has taken the left fork
DBG_EAT2: id=1 meals=6
661 1 has put down the left fork
661 1 has put down the right fork
661 2 has taken the right fork
661 1 is sleeping
661 2 is eating
DBG_EAT: id=2 time_last_meal=661
661 3 is thinking
DBG_EAT2: id=2 meals=3
721 2 has put down the right fork
721 2 has put down the left fork
721 1 is thinking
721 1 has taken the right fork
721 1 has taken the left fork
721 1 is eating
DBG_EAT: id=1 time_last_meal=721
721 2 is sleeping
721 3 has taken the right fork
DBG_EAT2: id=1 meals=7
781 1 has put down the left fork
781 2 is thinking
781 1 has put down the right fork
781 1 is sleeping
781 3 has taken the left fork
781 3 is eating
DBG_EAT: id=3 time_last_meal=781
841 1 is thinking
DBG_EAT2: id=3 meals=4
841 3 has put down the left fork
842 3 has put down the right fork
842 1 has taken the right fork
842 1 has taken the left fork
842 1 is eating
DBG_EAT: id=1 time_last_meal=842
842 3 is sleeping
842 2 has taken the left fork
DBG_EAT2: id=1 meals=8
902 3 is thinking
902 1 has put down the left fork
902 1 has put down the right fork
902 1 is sleeping
902 2 has taken the right fork
902 2 is eating
DBG_EAT: id=2 time_last_meal=902
962 1 is thinking
962 1 has taken the right fork
DBG_EAT2: id=2 meals=4
962 2 has put down the right fork
962 2 has put down the left fork
962 1 has taken the left fork
962 1 is eating
DBG_EAT: id=1 time_last_meal=962
962 2 is sleeping
962 3 has taken the right fork
DBG_EAT2: id=1 meals=9
1022 1 has put down the left fork
1022 1 has put down the right fork
1022 2 is thinking
1022 1 is sleeping
1022 3 has taken the left fork
1022 3 is eating
DBG_EAT: id=3 time_last_meal=1022
1082 1 is thinking
DBG_EAT2: id=3 meals=5
1082 3 has put down the left fork
1082 3 has put down the right fork
1082 3 is sleeping
1082 1 has taken the right fork
1082 1 has taken the left fork
1082 1 is eating
DBG_EAT: id=1 time_last_meal=1082
1082 2 has taken the left fork
1142 3 is thinking
DBG_EAT2: id=1 meals=10
1142 1 has put down the left fork
1142 1 has put down the right fork
1142 1 is sleeping
1142 2 has taken the right fork
1142 2 is eating
DBG_EAT: id=2 time_last_meal=1142
1202 1 is thinking
1202 1 has taken the right fork
DBG_EAT2: id=2 meals=5
1203 2 has put down the right fork
1203 2 has put down the left fork
1203 1 has taken the left fork
1203 1 is eating
DBG_EAT: id=1 time_last_meal=1203
1203 2 is sleeping
1203 3 has taken the right fork
1203 All philosophers ate enough
DBG_EAT2: id=1 meals=11
