DBG_INIT: meal_mutex init for philo 1
DBG_INIT: meal_mutex init for philo 2
DBG_INIT: meal_mutex init for philo 3
DBG: init philo[1].time_last_meal=0
DBG: init philo[2].time_last_meal=0
DBG: init philo[3].time_last_meal=0
0 1 has taken the right fork
0 1 has taken the left fork
0 1 is eating
DBG_EAT: id=1 time_last_meal=0
1 3 has taken the right fork
DBG: start_time=1758403472162
DBG_EAT2: id=1 meals=1
61 1 has put down the left fork
61 1 has put down the right fork
61 1 is sleeping
61 3 has taken the left fork
61 3 is eating
DBG_EAT: id=3 time_last_meal=61
121 1 is thinking
DBG_EAT2: id=3 meals=1
121 3 has put down the left fork
121 1 has taken the right fork
121 1 has taken the left fork
121 1 is eating
DBG_EAT: id=1 time_last_meal=121
121 3 has put down the right fork
121 3 is sleeping
121 2 has taken the left fork
DBG_EAT2: id=1 meals=2
182 3 is thinking
182 1 has put down the left fork
182 1 has put down the right fork
182 1 is sleeping
182 2 has taken the right fork
182 2 is eating
DBG_EAT: id=2 time_last_meal=182
DBG_EAT2: id=2 meals=1
242 2 has put down the right fork
242 1 is thinking
242 1 has taken the right fork
242 1 has taken the left fork
242 1 is eating
DBG_EAT: id=1 time_last_meal=242
242 2 has put down the left fork
242 2 is sleeping
242 3 has taken the right fork
302 2 is thinking
DBG_EAT2: id=1 meals=3
302 1 has put down the left fork
302 1 has put down the right fork
303 1 is sleeping
303 3 has taken the left fork
303 3 is eating
DBG_EAT: id=3 time_last_meal=303
DBG_EAT2: id=3 meals=2
363 3 has put down the left fork
363 1 is thinking
363 1 has taken the right fork
363 1 has taken the left fork
363 1 is eating
DBG_EAT: id=1 time_last_meal=363
363 3 has put down the right fork
363 3 is sleeping
363 2 has taken the left fork
DBG_EAT2: id=1 meals=4
423 3 is thinking
424 1 has put down the left fork
424 1 has put down the right fork
424 1 is sleeping
424 2 has taken the right fork
424 2 is eating
DBG_EAT: id=2 time_last_meal=424
DBG_EAT2: id=2 meals=2
484 2 has put down the right fork
484 1 is thinking
484 1 has taken the right fork
484 1 has taken the left fork
484 1 is eating
DBG_EAT: id=1 time_last_meal=484
484 2 has put down the left fork
484 2 is sleeping
484 3 has taken the right fork
484 All philosophers ate enough
DBG_EAT2: id=1 meals=5
