DBG_INIT: meal_mutex init for philo 1
DBG_INIT: meal_mutex init for philo 2
DBG: init philo[1].time_last_meal=0
DBG: init philo[2].time_last_meal=0
1 1 has taken the right fork
1 1 has taken the left fork
1 1 is eating
DBG_EAT: id=1 time_last_meal=1
DBG: start_time=1758403060397
DBG_EAT2: id=1 meals=1
101 1 has put down the left fork
101 1 has put down the right fork
101 1 is sleeping
101 2 has taken the left fork
101 2 has taken the right fork
101 2 is eating
DBG_EAT: id=2 time_last_meal=101
DBG_EAT2: id=2 meals=1
201 2 has put down the right fork
201 2 has put down the left fork
201 2 is sleeping
301 1 is thinking
301 1 has taken the right fork
301 1 has taken the left fork
301 1 is eating
DBG_EAT: id=1 time_last_meal=301
DBG_EAT2: id=1 meals=2
401 1 has put down the left fork
401 1 has put down the right fork
401 1 is sleeping
402 2 is thinking
402 2 has taken the left fork
402 2 has taken the right fork
402 2 is eating
DBG_EAT: id=2 time_last_meal=402
DBG_EAT2: id=2 meals=2
502 2 has put down the right fork
502 2 has put down the left fork
502 2 is sleeping
602 1 is thinking
602 1 has taken the right fork
602 1 has taken the left fork
602 1 is eating
DBG_EAT: id=1 time_last_meal=602
DBG_EAT2: id=1 meals=3
702 1 has put down the left fork
702 1 has put down the right fork
702 1 is sleeping
702 2 is thinking
703 2 has taken the left fork
703 2 has taken the right fork
703 2 is eating
DBG_EAT: id=2 time_last_meal=703
DBG_EAT2: id=2 meals=3
803 2 has put down the right fork
803 2 has put down the left fork
803 2 is sleeping
902 1 is thinking
902 1 has taken the right fork
902 1 has taken the left fork
902 1 is eating
DBG_EAT: id=1 time_last_meal=902
DBG_EAT2: id=1 meals=4
1002 1 has put down the left fork
1002 1 has put down the right fork
1002 1 is sleeping
1003 2 is thinking
1004 2 has taken the left fork
1004 2 has taken the right fork
1004 2 is eating
DBG_EAT: id=2 time_last_meal=1004
DBG_EAT2: id=2 meals=4
1104 2 has put down the right fork
1104 2 has put down the left fork
1104 2 is sleeping
1202 1 is thinking
1202 1 has taken the right fork
1202 1 has taken the left fork
1202 1 is eating
DBG_EAT: id=1 time_last_meal=1202
DBG_EAT2: id=1 meals=5
1303 1 has put down the left fork
1303 1 has put down the right fork
1303 1 is sleeping
1304 2 is thinking
1304 2 has taken the left fork
1304 2 has taken the right fork
1304 2 is eating
DBG_EAT: id=2 time_last_meal=1304
DBG_EAT2: id=2 meals=5
1404 2 has put down the right fork
1404 2 has put down the left fork
1405 2 is sleeping
1503 1 is thinking
1503 1 has taken the right fork
1503 1 has taken the left fork
1503 1 is eating
DBG_EAT: id=1 time_last_meal=1503
DBG_EAT2: id=1 meals=6
1603 1 has put down the left fork
1603 1 has put down the right fork
1603 1 is sleeping
1605 2 is thinking
1605 2 has taken the left fork
1605 2 has taken the right fork
1605 2 is eating
DBG_EAT: id=2 time_last_meal=1605
DBG_EAT2: id=2 meals=6
1705 2 has put down the right fork
1705 2 has put down the left fork
1705 2 is sleeping
1803 1 is thinking
1803 1 has taken the right fork
1803 1 has taken the left fork
1803 1 is eating
DBG_EAT: id=1 time_last_meal=1803
DBG_EAT2: id=1 meals=7
1904 1 has put down the left fork
1904 1 has put down the right fork
1904 1 is sleeping
1905 2 is thinking
1906 2 has taken the left fork
1906 2 has taken the right fork
1906 2 is eating
DBG_EAT: id=2 time_last_meal=1906
DBG_EAT2: id=2 meals=7
2006 2 has put down the right fork
2006 2 has put down the left fork
2006 2 is sleeping
2104 1 is thinking
2104 1 has taken the right fork
2104 1 has taken the left fork
2104 1 is eating
DBG_EAT: id=1 time_last_meal=2104
DBG_EAT2: id=1 meals=8
2204 1 has put down the left fork
2204 1 has put down the right fork
2204 1 is sleeping
2206 2 is thinking
2206 2 has taken the left fork
2206 2 has taken the right fork
2206 2 is eating
DBG_EAT: id=2 time_last_meal=2206
DBG_EAT2: id=2 meals=8
2307 2 has put down the right fork
2307 2 has put down the left fork
2307 2 is sleeping
2404 1 is thinking
2404 1 has taken the right fork
2404 1 has taken the left fork
2404 1 is eating
DBG_EAT: id=1 time_last_meal=2404
DBG_EAT2: id=1 meals=9
2504 1 has put down the left fork
2504 1 has put down the right fork
2504 1 is sleeping
2507 2 is thinking
2507 2 has taken the left fork
2507 2 has taken the right fork
2507 2 is eating
DBG_EAT: id=2 time_last_meal=2507
DBG_EAT2: id=2 meals=9
2607 2 has put down the right fork
2607 2 has put down the left fork
2607 2 is sleeping
2704 1 is thinking
2704 1 has taken the right fork
2704 1 has taken the left fork
2704 1 is eating
DBG_EAT: id=1 time_last_meal=2704
DBG_EAT2: id=1 meals=10
2805 1 has put down the left fork
2805 1 has put down the right fork
2805 1 is sleeping
2807 2 is thinking
2807 2 has taken the left fork
2807 2 has taken the right fork
2807 2 is eating
DBG_EAT: id=2 time_last_meal=2807
DBG_EAT2: id=2 meals=10
2908 2 has put down the right fork
2908 2 has put down the left fork
2908 2 is sleeping
3005 1 is thinking
3005 1 has taken the right fork
3005 1 has taken the left fork
3005 1 is eating
DBG_EAT: id=1 time_last_meal=3005
DBG_EAT2: id=1 meals=11
3105 1 has put down the left fork
3105 1 has put down the right fork
3105 1 is sleeping
3108 2 is thinking
3108 2 has taken the left fork
3108 2 has taken the right fork
3108 2 is eating
DBG_EAT: id=2 time_last_meal=3108
DBG_EAT2: id=2 meals=11
3209 2 has put down the right fork
3209 2 has put down the left fork
3209 2 is sleeping
3305 1 is thinking
3305 1 has taken the right fork
3305 1 has taken the left fork
3305 1 is eating
DBG_EAT: id=1 time_last_meal=3305
DBG_EAT2: id=1 meals=12
3405 1 has put down the left fork
3405 1 has put down the right fork
3405 1 is sleeping
3409 2 is thinking
3409 2 has taken the left fork
3409 2 has taken the right fork
3409 2 is eating
DBG_EAT: id=2 time_last_meal=3409
DBG_EAT2: id=2 meals=12
3509 2 has put down the right fork
3509 2 has put down the left fork
3509 2 is sleeping
3605 1 is thinking
3605 1 has taken the right fork
3605 1 has taken the left fork
3605 1 is eating
DBG_EAT: id=1 time_last_meal=3605
DBG_EAT2: id=1 meals=13
3706 1 has put down the left fork
3706 1 has put down the right fork
3706 1 is sleeping
3710 2 is thinking
3710 2 has taken the left fork
3710 2 has taken the right fork
3710 2 is eating
DBG_EAT: id=2 time_last_meal=3710
DBG_EAT2: id=2 meals=13
3810 2 has put down the right fork
3810 2 has put down the left fork
3810 2 is sleeping
3906 1 is thinking
3906 1 has taken the right fork
3906 1 has taken the left fork
3906 1 is eating
DBG_EAT: id=1 time_last_meal=3906
DBG_EAT2: id=1 meals=14
4006 1 has put down the left fork
4006 1 has put down the right fork
4006 1 is sleeping
4010 2 is thinking
4011 2 has taken the left fork
4011 2 has taken the right fork
4011 2 is eating
DBG_EAT: id=2 time_last_meal=4011
DBG_EAT2: id=2 meals=14
4111 2 has put down the right fork
4111 2 has put down the left fork
4111 2 is sleeping
4206 1 is thinking
4206 1 has taken the right fork
4206 1 has taken the left fork
4206 1 is eating
DBG_EAT: id=1 time_last_meal=4206
DBG_EAT2: id=1 meals=15
4307 1 has put down the left fork
4307 1 has put down the right fork
4307 1 is sleeping
4311 2 is thinking
4311 2 has taken the left fork
4311 2 has taken the right fork
4311 2 is eating
DBG_EAT: id=2 time_last_meal=4311
DBG_EAT2: id=2 meals=15
4411 2 has put down the right fork
4411 2 has put down the left fork
4411 2 is sleeping
4507 1 is thinking
4507 1 has taken the right fork
4507 1 has taken the left fork
4507 1 is eating
DBG_EAT: id=1 time_last_meal=4507
DBG_EAT2: id=1 meals=16
4607 1 has put down the left fork
4607 1 has put down the right fork
4607 1 is sleeping
4611 2 is thinking
4612 2 has taken the left fork
4612 2 has taken the right fork
4612 2 is eating
DBG_EAT: id=2 time_last_meal=4612
DBG_EAT2: id=2 meals=16
4712 2 has put down the right fork
4712 2 has put down the left fork
4712 2 is sleeping
4807 1 is thinking
4807 1 has taken the right fork
4807 1 has taken the left fork
4807 1 is eating
DBG_EAT: id=1 time_last_meal=4807
DBG_EAT2: id=1 meals=17
4908 1 has put down the left fork
4908 1 has put down the right fork
4908 1 is sleeping
4912 2 is thinking
4912 2 has taken the left