DBG_INIT: meal_mutex init for philo 1
DBG_INIT: meal_mutex init for philo 2
DBG: init philo[1].time_last_meal=0
DBG: init philo[2].time_last_meal=0
0 1 has taken the right fork
0 1 has taken the left fork
0 1 is eating
DBG_EAT: id=1 time_last_meal=0
DBG: start_time=1758403281510
DBG_EAT2: id=1 meals=1
101 1 has put down the left fork
101 1 has put down the right fork
101 1 is sleeping
101 2 has taken the left fork
101 2 has taken the right fork
101 2 is eating
DBG_EAT: id=2 time_last_meal=101
DBG_EAT2: id=2 meals=1
202 2 has put down the right fork
202 2 has put down the left fork
202 2 is sleeping
303 1 is thinking
303 1 has taken the right fork
303 1 has taken the left fork
303 1 is eating
DBG_EAT: id=1 time_last_meal=303
404 2 is thinking
DBG_EAT2: id=1 meals=2
404 1 has put down the left fork
404 1 has put down the right fork
404 2 has taken the left fork
404 2 has taken the right fork
404 2 is eating
DBG_EAT: id=2 time_last_meal=404
404 1 is sleeping
DBG_EAT2: id=2 meals=2
505 2 has put down the right fork
505 2 has put down the left fork
506 2 is sleeping
506 All philosophers ate enough
