DBG_INIT: meal_mutex init for philo 1
DBG_INIT: meal_mutex init for philo 2
DBG_INIT: meal_mutex init for philo 3
DBG: init philo[1].time_last_meal=0
DBG: init philo[2].time_last_meal=0
DBG: init philo[3].time_last_meal=0
0 1 has taken the right fork
0 1 has taken the left fork
0 1 is eating
DBG_EAT: id=1 time_last_meal=0
0 2 has taken the left fork
DBG: start_time=1758386251172
DBG_EAT2: id=1 meals=1
100 1 has put down the left fork
100 1 has put down the right fork
100 1 is sleeping
100 2 has taken the right fork
100 2 is eating
DBG_EAT: id=2 time_last_meal=100
200 1 is thinking
200 1 has taken the right fork
DBG_EAT2: id=2 meals=1
200 2 has put down the right fork
200 1 has taken the left fork
200 1 is eating
DBG_EAT: id=1 time_last_meal=200
200 2 has put down the left fork
200 2 is sleeping
200 3 has taken the right fork
DBG_EAT2: id=1 meals=2
300 1 has put down the left fork
300 2 is thinking
300 1 has put down the right fork
300 1 is sleeping
300 3 has taken the left fork
300 3 is eating
DBG_EAT: id=3 time_last_meal=300
DBG_EAT2: id=3 meals=1
400 3 has put down the left fork
400 1 is thinking
400 1 has taken the right fork
400 1 has taken the left fork
400 1 is eating
DBG_EAT: id=1 time_last_meal=400
400 3 has put down the right fork
400 3 is sleeping
400 2 has taken the left fork
DBG_EAT2: id=1 meals=3
500 3 is thinking
500 1 has put down the left fork
500 1 has put down the right fork
500 2 has taken the right fork
500 2 is eating
DBG_EAT: id=2 time_last_meal=500
500 1 is sleeping
DBG_EAT2: id=2 meals=2
601 2 has put down the right fork
601 1 is thinking
601 1 has taken the right fork
601 1 has taken the left fork
601 1 is eating
DBG_EAT: id=1 time_last_meal=601
601 2 has put down the left fork
601 2 is sleeping
601 3 has taken the right fork
DBG_EAT2: id=1 meals=4
701 1 has put down the left fork
701 1 has put down the right fork
701 3 has taken the left fork
701 3 is eating
701 1 is sleeping
DBG_EAT: id=3 time_last_meal=701
701 2 is thinking
801 1 is thinking
DBG_EAT2: id=3 meals=2
801 3 has put down the left fork
801 1 has taken the right fork
801 1 has taken the left fork
801 1 is eating
DBG_EAT: id=1 time_last_meal=801
801 3 has put down the right fork
801 2 has taken the left fork
801 3 is sleeping
DBG_EAT2: id=1 meals=5
901 1 has put down the left fork
901 1 has put down the right fork
901 3 is thinking
901 2 has taken the right fork
901 2 is eating
DBG_EAT: id=2 time_last_meal=901
901 1 is sleeping
1001 1 is thinking
1001 1 has taken the right fork
DBG_EAT2: id=2 meals=3
1001 2 has put down the right fork
1001 1 has taken the left fork
1001 1 is eating
DBG_EAT: id=1 time_last_meal=1001
1001 2 has put down the left fork
1001 2 is sleeping
1001 3 has taken the right fork
1101 2 is thinking
DBG_EAT2: id=1 meals=6
1101 1 has put down the left fork
1101 1 has put down the right fork
1101 3 has taken the left fork
1101 3 is eating
DBG_EAT: id=3 time_last_meal=1101
1101 1 is sleeping
DBG_EAT2: id=3 meals=3
1201 3 has put down the left fork
1201 1 is thinking
1201 1 has taken the right fork
1201 1 has taken the left fork
1201 1 is eating
DBG_EAT: id=1 time_last_meal=1201
1201 3 has put down the right fork
1201 2 has taken the left fork
1202 3 is sleeping
DBG_EAT2: id=1 meals=7
1302 1 has put down the left fork
1302 1 has put down the right fork
1302 2 has taken the right fork
1302 2 is eating
DBG_EAT: id=2 time_last_meal=1302
1302 1 is sleeping
1302 3 is thinking
DBG_EAT2: id=2 meals=4
1402 2 has put down the right fork
1402 1 is thinking
1402 1 has taken the right fork
1402 1 has taken the left fork
1402 1 is eating
DBG_EAT: id=1 time_last_meal=1402
1402 2 has put down the left fork
1402 2 is sleeping
1402 3 has taken the right fork
DBG_EAT2: id=1 meals=8
1502 1 has put down the left fork
1502 2 is thinking
1502 1 has put down the right fork
1502 1 is sleeping
1502 3 has taken the left fork
1502 3 is eating
DBG_EAT: id=3 time_last_meal=1502
1602 1 is thinking
DBG_EAT2: id=3 meals=4
1602 3 has put down the left fork
1602 1 has taken the right fork
1602 1 has taken the left fork
1602 1 is eating
DBG_EAT: id=1 time_last_meal=1602
1602 3 has put down the right fork
1602 2 has taken the left fork
1602 3 is sleeping
DBG_EAT2: id=1 meals=9
1702 1 has put down the left fork
1702 1 has put down the right fork
1702 2 has taken the right fork
1702 2 is eating
DBG_EAT: id=2 time_last_meal=1702
1702 3 is thinking
1702 1 is sleeping
1802 1 is thinking
1802 1 has taken the right fork
DBG_EAT2: id=2 meals=5
1802 2 has put down the right fork
1802 1 has taken the left fork
1802 1 is eating
DBG_EAT: id=1 time_last_meal=1802
1802 2 has put down the left fork
1802 2 is sleeping
1802 3 has taken the right fork
1902 2 is thinking
DBG_EAT2: id=1 meals=10
1902 1 has put down the left fork
1902 1 has put down the right fork
1903 3 has taken the left fork
1903 3 is eating
DBG_EAT: id=3 time_last_meal=1903
1903 1 is sleeping
DBG_EAT2: id=3 meals=5
2003 3 has put down the left fork
2003 1 is thinking
2003 1 has taken the right fork
2003 1 has taken the left fork
2003 1 is eating
DBG_EAT: id=1 time_last_meal=2003
2003 3 has put down the right fork
2003 2 has taken the left fork
2003 3 is sleeping
DBG_EAT2: id=1 meals=11
2103 1 has put down the left fork
2103 1 has put down the right fork
2103 1 is sleeping
2103 2 has taken the right fork
2103 2 is eating
DBG_EAT: id=2 time_last_meal=2103
2103 3 is thinking
DBG_EAT2: id=2 meals=6
2203 2 has put down the right fork
2203 1 is thinking
2203 1 has taken the right fork
2203 1 has taken the left fork
2203 1 is eating
DBG_EAT: id=1 time_last_meal=2203
2203 2 has put down the left fork
2203 3 has taken the right fork
2203 2 is sleeping
DBG_EAT2: id=1 meals=12
2303 1 has put down the left fork
2303 1 has put down the right fork
2303 1 is sleeping
2303 3 has taken the left fork
2303 3 is eating
DBG_EAT: id=3 time_last_meal=2303
2303 2 is thinking
DBG_EAT2: id=3 meals=6
2403 3 has put down the left fork
2403 1 is thinking
2403 1 has taken the right fork
2403 1 has taken the left fork
2403 1 is eating
DBG_EAT: id=1 time_last_meal=2403
2403 3 has put down the right fork
2403 3 is sleeping
2403 2 has taken the left fork
2503 3 is thinking
DBG_EAT2: id=1 meals=13
2503 1 has put down the left fork
2503 1 has put down the right fork
2503 2 has taken the right fork
2503 2 is eating
DBG_EAT: id=2 time_last_meal=2503
2503 1 is sleeping
DBG_EAT2: id=2 meals=7
2603 2 has put down the right fork
2603 1 is thinking
2603 1 has taken the right fork
2603 1 has taken the left fork
2603 1 is eating
DBG_EAT: id=1 time_last_meal=2603
2603 2 has put down the left fork
2603 2 is sleeping
2603 3 has taken the right fork
DBG_EAT2: id=1 meals=14
2703 1 has put down the left fork
2703 2 is thinking
2703 1 has put down the right fork
2703 1 is sleeping
2703 3 has taken the left fork
2703 3 is eating
DBG_EAT: id=3 time_last_meal=2703
2804 1 is thinking
DBG_EAT2: id=3 meals=7
2804 3 has put down the left fork
2804 1 has taken the right fork
2804 1 has taken the left fork
2804 1 is eating
DBG_EAT: id=1 time_last_meal=2804
2804 3 has put down the right fork
2804 2 has taken the left fork
2804 3 is sleeping
DBG_EAT2: id=1 meals=15
2904 3 is thinking
2904 1 has put down the left fork
2904 1 has put down the right fork
2904 1 is sleeping
2904 2 has taken the right fork
2904 2 is eating
DBG_EAT: id=2 time_last_meal=2904
DBG_EAT2: id=2 meals=8
3004 2 has put down the right fork
3004 1 is thinking
3004 1 has taken the right fork
3004 1 has taken the left fork
3004 1 is eating
DBG_EAT: id=1 time_last_meal=3004
3004 2 has put down the left fork
3004 2 is sleeping
3004 3 has taken the right fork
DBG_EAT2: id=1 meals=16
3104 1 has put down the left fork
3104 2 is thinking
3104 1 has put down the right fork
3104 1 is sleeping
3104 3 has taken the left fork
3104 3 is eating
DBG_EAT: id=3 time_last_meal=3104
DBG_EAT2: id=3 meals=8
3204 3 has put down the left fork
3204 1 is thinking
3204 1 has taken the right fork
3204 1 has taken the left fork
3204 1 is eating
DBG_EAT: id=1 time_last_meal=3204
3204 3 has put down the right fork
3204 2 has taken the left fork
3204 3 is sleeping
DBG_EAT2: id=1 meals=17
3304 3 is thinking
3304 1 has put down the left fork
3304 1 