DBG_INIT: meal_mutex init for philo 1
DBG_INIT: meal_mutex init for philo 2
DBG_INIT: meal_mutex init for philo 3
DBG_INIT: meal_mutex init for philo 4
DBG_INIT: meal_mutex init for philo 5
DBG: init philo[1].time_last_meal=0
DBG: init philo[2].time_last_meal=0
DBG: init philo[3].time_last_meal=0
DBG: init philo[4].time_last_meal=0
DBG: init philo[5].time_last_meal=0
0 1 has taken the right fork
0 1 has taken the left fork
0 1 is eating
DBG_EAT: id=1 time_last_meal=0
0 3 has taken the right fork
0 3 has taken the left fork
0 3 is eating
DBG_EAT: id=3 time_last_meal=0
0 5 has taken the right fork
DBG: start_time=1758387950077
DBG_EAT2: id=1 meals=1
200 1 has put down the left fork
200 1 has put down the right fork
200 1 is sleeping
200 5 has taken the left fork
200 5 is eating
DBG_EAT2: id=3 meals=1
200 3 has put down the left fork
DBG_EAT: id=5 time_last_meal=200
200 3 has put down the right fork
200 3 is sleeping
201 2 has taken the left fork
201 2 has taken the right fork
201 2 is eating
DBG_EAT: id=2 time_last_meal=201
301 3 is thinking
301 1 is thinking
DBG_EAT2: id=5 meals=1
401 5 has put down the left fork
401 5 has put down the right fork
401 5 is sleeping
401 1 has taken the right fork
401 4 has taken the left fork
401 4 has taken the right fork
401 4 is eating
DBG_EAT: id=4 time_last_meal=401
DBG_EAT2: id=2 meals=1
401 2 has put down the right fork
401 2 has put down the left fork
401 2 is sleeping
401 1 has taken the left fork
401 1 is eating
DBG_EAT: id=1 time_last_meal=401
401 3 has taken the right fork
501 5 is thinking
501 2 is thinking
DBG_EAT2: id=4 meals=1
601 4 has put down the right fork
601 4 has put down the left fork
601 4 is sleeping
601 5 has taken the right fork
601 3 has taken the left fork
601 3 is eating
DBG_EAT: id=3 time_last_meal=601
DBG_EAT2: id=1 meals=2
601 1 has put down the left fork
601 1 has put down the right fork
601 5 has taken the left fork
601 5 is eating
DBG_EAT: id=5 time_last_meal=601
601 1 is sleeping
701 4 is thinking
702 1 is thinking
DBG_EAT2: id=3 meals=2
801 3 has put down the left fork
801 3 has put down the right fork
801 2 has taken the left fork
801 2 has taken the right fork
801 2 is eating
DBG_EAT: id=2 time_last_meal=801
DBG_EAT2: id=5 meals=2
801 3 is sleeping
801 5 has put down the left fork
802 1 has taken the right fork
802 5 has put down the right fork
802 4 has taken the left fork
802 4 has taken the right fork
802 4 is eating
DBG_EAT: id=4 time_last_meal=802
802 5 is sleeping
902 5 is thinking
902 3 is thinking
DBG_EAT2: id=2 meals=2
DBG_EAT2: id=4 meals=2
1002 4 has put down the right fork
1002 2 has put down the right fork
1002 4 has put down the left fork
1002 4 is sleeping
1002 2 has put down the left fork
1002 1 has taken the left fork
1002 1 is eating
DBG_EAT: id=1 time_last_meal=1002
1002 5 has taken the right fork
1002 3 has taken the right fork
1002 2 is sleeping
1002 3 has taken the left fork
1002 3 is eating
DBG_EAT: id=3 time_last_meal=1002
1102 2 is thinking
1102 4 is thinking
DBG_EAT2: id=1 meals=3
1202 1 has put down the left fork
DBG_EAT2: id=3 meals=3
1202 3 has put down the left fork
1202 1 has put down the right fork
1202 1 is sleeping
1202 3 has put down the right fork
1202 3 is sleeping
1202 5 has taken the left fork
1202 5 is eating
DBG_EAT: id=5 time_last_meal=1202
1202 2 has taken the left fork
1202 2 has taken the right fork
1202 2 is eating
DBG_EAT: id=2 time_last_meal=1202
1302 3 is thinking
1302 1 is thinking
DBG_EAT2: id=5 meals=3
DBG_EAT2: id=2 meals=3
1402 2 has put down the right fork
1402 5 has put down the left fork
1402 2 has put down the left fork
1402 2 is sleeping
1402 5 has put down the right fork
1403 1 has taken the right fork
1403 1 has taken the left fork
1403 5 is sleeping
1403 4 has taken the left fork
1403 1 is eating
DBG_EAT: id=1 time_last_meal=1403
1403 4 has taken the right fork
1403 4 is eating
DBG_EAT: id=4 time_last_meal=1403
1403 3 has taken the right fork
1403 All philosophers ate enough
DBG_EAT2: id=1 meals=4
DBG_EAT2: id=4 meals=3
