DBG_INIT: meal_mutex init for philo 1
DBG_INIT: meal_mutex init for philo 2
DBG: init philo[1].time_last_meal=0
DBG: init philo[2].time_last_meal=0
0 1 has taken the right fork
0 1 has taken the left fork
0 1 is eating
DBG_EAT: id=1 time_last_meal=0
DBG: start_time=1758403006119
DBG_EAT2: id=1 meals=1
200 1 has put down the left fork
200 1 has put down the right fork
200 1 is sleeping
200 2 has taken the left fork
200 2 has taken the right fork
200 2 is eating
DBG_EAT: id=2 time_last_meal=200
261 1 is thinking
DBG_EAT2: id=2 meals=1
401 2 has put down the right fork
401 2 has put down the left fork
401 2 is sleeping
401 1 has taken the right fork
401 1 has taken the left fork
401 1 is eating
DBG_EAT: id=1 time_last_meal=401
461 2 is thinking
DBG_EAT2: id=1 meals=2
601 1 has put down the left fork
601 1 has put down the right fork
601 1 is sleeping
601 2 has taken the left fork
601 2 has taken the right fork
601 2 is eating
DBG_EAT: id=2 time_last_meal=601
662 1 is thinking
DBG_EAT2: id=2 meals=2
802 2 has put down the right fork
802 2 has put down the left fork
802 2 is sleeping
802 1 has taken the right fork
802 1 has taken the left fork
802 1 is eating
DBG_EAT: id=1 time_last_meal=802
862 2 is thinking
DBG_EAT2: id=1 meals=3
1002 1 has put down the left fork
1002 1 has put down the right fork
1002 1 is sleeping
1002 2 has taken the left fork
1002 2 has taken the right fork
1002 2 is eating
DBG_EAT: id=2 time_last_meal=1002
1063 1 is thinking
DBG_EAT2: id=2 meals=3
1203 2 has put down the right fork
1203 2 has put down the left fork
1203 2 is sleeping
1203 1 has taken the right fork
1203 1 has taken the left fork
1203 1 is eating
DBG_EAT: id=1 time_last_meal=1203
1263 2 is thinking
DBG_EAT2: id=1 meals=4
1403 1 has put down the left fork
1403 1 has put down the right fork
1403 1 is sleeping
1404 2 has taken the left fork
1404 2 has taken the right fork
1404 2 is eating
DBG_EAT: id=2 time_last_meal=1404
1464 1 is thinking
DBG_EAT2: id=2 meals=4
1604 2 has put down the right fork
1604 2 has put down the left fork
1604 2 is sleeping
1604 1 has taken the right fork
1604 1 has taken the left fork
1604 1 is eating
DBG_EAT: id=1 time_last_meal=1604
1664 2 is thinking
DBG_EAT2: id=1 meals=5
1804 1 has put down the left fork
1804 1 has put down the right fork
1805 1 is sleeping
1805 2 has taken the left fork
1805 2 has taken the right fork
1805 2 is eating
DBG_EAT: id=2 time_last_meal=1805
1865 1 is thinking
DBG_EAT2: id=2 meals=5
2005 2 has put down the right fork
2005 2 has put down the left fork
2005 2 is sleeping
2005 1 has taken the right fork
2005 1 has taken the left fork
2005 1 is eating
DBG_EAT: id=1 time_last_meal=2005
2066 2 is thinking
DBG_EAT2: id=1 meals=6
2205 1 has put down the left fork
2205 1 has put down the right fork
2205 1 is sleeping
2205 2 has taken the left fork
2205 2 has taken the right fork
2205 2 is eating
DBG_EAT: id=2 time_last_meal=2205
2266 1 is thinking
DBG_EAT2: id=2 meals=6
2406 2 has put down the right fork
2406 2 has put down the left fork
2406 2 is sleeping
2406 1 has taken the right fork
2406 1 has taken the left fork
2406 1 is eating
DBG_EAT: id=1 time_last_meal=2406
2466 2 is thinking
DBG_EAT2: id=1 meals=7
2606 1 has put down the left fork
2606 1 has put down the right fork
2607 1 is sleeping
2607 2 has taken the left fork
2607 2 has taken the right fork
2607 2 is eating
DBG_EAT: id=2 time_last_meal=2607
2667 1 is thinking
DBG_EAT2: id=2 meals=7
2807 2 has put down the right fork
2807 2 has put down the left fork
2807 2 is sleeping
2807 1 has taken the right fork
2807 1 has taken the left fork
2807 1 is eating
DBG_EAT: id=1 time_last_meal=2807
2868 2 is thinking
DBG_EAT2: id=1 meals=8
3007 1 has put down the left fork
3008 1 has put down the right fork
3008 1 is sleeping
3008 2 has taken the left fork
3008 2 has taken the right fork
3008 2 is eating
DBG_EAT: id=2 time_last_meal=3008
3068 1 is thinking
DBG_EAT2: id=2 meals=8
3208 2 has put down the right fork
3208 2 has put down the left fork
3208 2 is sleeping
3208 1 has taken the right fork
3208 1 has taken the left fork
3208 1 is eati