DBG_INIT: meal_mutex init for philo 1
DBG_INIT: meal_mutex init for philo 2
DBG_INIT: meal_mutex init for philo 3
DBG: init philo[1].time_last_meal=0
DBG: init philo[2].time_last_meal=0
DBG: init philo[3].time_last_meal=0
0 1 has taken the right fork
0 1 has taken the left fork
0 1 is eating
DBG_EAT: id=1 time_last_meal=0
1 3 has taken the right fork
DBG: start_time=1758386394674
DBG_EAT2: id=1 meals=1
61 1 has put down the left fork
61 1 has put down the right fork
61 1 is sleeping
61 3 has taken the left fork
61 3 is eating
DBG_EAT: id=3 time_last_meal=61
DBG_EAT2: id=3 meals=1
121 3 has put down the left fork
121 3 has put down the right fork
121 3 is sleeping
121 2 has taken the left fork
121 2 has taken the right fork
121 2 is eating
DBG_EAT: id=2 time_last_meal=121
161 1 is thinking
161 1 has taken the right fork
DBG_EAT2: id=2 meals=1
181 2 has put down the right fork
181 2 has put down the left fork
181 2 is sleeping
181 1 has taken the left fork
181 1 is eating
DBG_EAT: id=1 time_last_meal=181
221 3 is thinking
221 3 has taken the right fork
DBG_EAT2: id=1 meals=2
241 1 has put down the left fork
241 1 has put down the right fork
241 1 is sleeping
241 3 has taken the left fork
241 3 is eating
DBG_EAT: id=3 time_last_meal=241
281 2 is thinking
DBG_EAT2: id=3 meals=2
301 3 has put down the left fork
301 3 has put down the right fork
301 3 is sleeping
301 2 has taken the left fork
301 2 has taken the right fork
301 2 is eating
DBG_EAT: id=2 time_last_meal=301
341 1 is thinking
341 1 has taken the right fork
DBG_EAT2: id=2 meals=2
362 2 has put down the right fork
362 2 has put down the left fork
362 2 is sleeping
362 1 has taken the left fork
362 1 is eating
DBG_EAT: id=1 time_last_meal=362
401 3 is thinking
401 3 has taken the right fork
DBG_EAT2: id=1 meals=3
422 1 has put down the left fork
422 1 has put down the right fork
422 1 is sleeping
422 3 has taken the left fork
422 3 is eating
DBG_EAT: id=3 time_last_meal=422
462 2 is thinking
DBG_EAT2: id=3 meals=3
482 3 has put down the left fork
482 3 has put down the right fork
482 3 is sleeping
482 2 has taken the left fork
482 2 has taken the right fork
482 2 is eating
DBG_EAT: id=2 time_last_meal=482
522 1 is thinking
522 1 has taken the right fork
DBG_EAT2: id=2 meals=3
542 2 has put down the right fork
542 2 has put down the left fork
542 2 is sleeping
542 1 has taken the left fork
542 1 is eating
DBG_EAT: id=1 time_last_meal=542
542 All philosophers ate enough
DBG_EAT2: id=1 meals=4
