DBG_INIT: meal_mutex init for philo 1
DBG_INIT: meal_mutex init for philo 2
DBG_INIT: meal_mutex init for philo 3
DBG_INIT: meal_mutex init for philo 4
DBG_INIT: meal_mutex init for philo 5
DBG: init philo[1].time_last_meal=0
DBG: init philo[2].time_last_meal=0
DBG: init philo[3].time_last_meal=0
DBG: init philo[4].time_last_meal=0
DBG: init philo[5].time_last_meal=0
1 1 has taken the right fork
1 1 has taken the left fork
1 1 is eating
DBG_EAT: id=1 time_last_meal=1
1 3 has taken the right fork
1 3 has taken the left fork
1 3 is eating
DBG_EAT: id=3 time_last_meal=1
1 5 has taken the right fork
DBG: start_time=1758387513713
DBG_EAT2: id=1 meals=1
61 1 has put down the left fork
61 1 has put down the right fork
61 1 is sleeping
61 5 has taken the left fork
61 5 is eating
DBG_EAT: id=5 time_last_meal=61
DBG_EAT2: id=3 meals=1
61 3 has put down the left fork
61 3 has put down the right fork
61 3 is sleeping
62 2 has taken the left fork
62 2 has taken the right fork
62 2 is eating
DBG_EAT: id=2 time_last_meal=62
DBG_EAT2: id=5 meals=1
122 5 has put down the left fork
122 5 has put down the right fork
DBG_EAT2: id=2 meals=1
122 2 has put down the right fork
122 2 has put down the left fork
122 2 is sleeping
122 5 is sleeping
122 4 has taken the left fork
122 4 has taken the right fork
122 4 is eating
DBG_EAT: id=4 time_last_meal=122
161 1 is thinking
161 1 has taken the right fork
161 1 has taken the left fork
161 1 is eating
DBG_EAT: id=1 time_last_meal=161
162 3 is thinking
162 3 has taken the right fork
DBG_EAT2: id=4 meals=1
182 4 has put down the right fork
182 4 has put down the left fork
182 4 is sleeping
182 3 has taken the left fork
182 3 is eating
DBG_EAT: id=3 time_last_meal=182
DBG_EAT2: id=1 meals=2
222 1 has put down the left fork
222 1 has put down the right fork
222 1 is sleeping
222 2 is thinking
222 5 is thinking
222 5 has taken the right fork
222 5 has taken the left fork
222 5 is eating
DBG_EAT: id=5 time_last_meal=222
DBG_EAT2: id=3 meals=2
243 3 has put down the left fork
243 3 has put down the right fork
243 3 is sleeping
243 2 has taken the left fork
243 2 has taken the right fork
243 2 is eating
DBG_EAT: id=2 time_last_meal=243
DBG_EAT2: id=5 meals=2
282 5 has put down the left fork
282 5 has put down the right fork
282 5 is sleeping
283 4 is thinking
283 4 has taken the left fork
283 4 has taken the right fork
283 4 is eating
DBG_EAT: id=4 time_last_meal=283
DBG_EAT2: id=2 meals=2
303 2 has put down the right fork
303 2 has put down the left fork
303 2 is sleeping
322 1 is thinking
322 1 has taken the right fork
322 1 has taken the left fork
322 1 is eating
DBG_EAT: id=1 time_last_meal=322
DBG_EAT2: id=4 meals=2
343 4 has put down the right fork
343 4 has put down the left fork
343 4 is sleeping
343 3 is thinking
343 3 has taken the right fork
343 3 has taken the left fork
343 3 is eating
DBG_EAT: id=3 time_last_meal=343
DBG_EAT2: id=1 meals=3
383 1 has put down the left fork
383 1 has put down the right fork
383 1 is sleeping
383 5 is thinking
383 5 has taken the right fork
383 5 has taken the left fork
383 5 is eating
DBG_EAT: id=5 time_last_meal=383
DBG_EAT2: id=3 meals=3
404 3 has put down the left fork
404 3 has put down the right fork
404 2 is thinking
404 3 is sleeping
404 2 has taken the left fork
404 2 has taken the right fork
404 2 is eating
DBG_EAT: id=2 time_last_meal=404
DBG_EAT2: id=5 meals=3
443 5 has put down the left fork
443 5 has put down the right fork
443 5 is sleeping
443 4 is thinking
444 4 has taken the left fork
444 4 has taken the right fork
444 4 is eating
DBG_EAT: id=4 time_last_meal=444
DBG_EAT2: id=2 meals=3
464 2 has put down the right fork
464 2 has put down the left fork
464 2 is sleeping
483 1 is thinking
483 1 has taken the right fork
483 1 has taken the left fork
483 1 is eating
DBG_EAT: id=1 time_last_meal=483
DBG_EAT2: id=4 meals=3
504 4 has put down the right fork
504 4 has put down the left fork
504 3 is thinking
504 3 has taken the right fork
504 3 has taken the left fork
504 3 is eating
DBG_EAT: id=3 time_last_meal=504
504 4 is sleeping
DBG_EAT2: id=1 meals=4
543 1 has put down the left fork
543 1 has put down the right fork
543 1 is sleeping
543 5 is thinking
543 5 has taken the right fork
543 5 has taken the left fork
543 5 is eating
DBG_EAT: id=5 time_last_meal=543
DBG_EAT2: id=3 meals=4
564 3 has put down the left fork
564 3 has put down the right fork
564 2 is thinking
564 3 is sleeping
565 2 has taken the left fork
565 2 has taken the right fork
565 2 is eating
DBG_EAT: id=2 time_last_meal=565
DBG_EAT2: id=5 meals=4
604 5 has put down the left fork
604 5 has put down the right fork
604 5 is sleeping
604 4 is thinking
604 4 has taken the left fork
604 4 has taken the right fork
604 4 is eating
DBG_EAT: id=4 time_last_meal=604
DBG_EAT2: id=2 meals=4
625 2 has put down the right fork
625 2 has put down the left fork
625 2 is sleeping
643 1 is thinking
643 1 has taken the right fork
643 1 has taken the left fork
643 1 is eating
DBG_EAT: id=1 time_last_meal=643
DBG_EAT2: id=4 meals=4
665 4 has put down the right fork
665 4 has put down the left fork
665 3 is thinking
665 3 has taken the right fork
665 3 has taken the left fork
665 3 is eating
DBG_EAT: id=3 time_last_meal=665
665 4 is sleeping
DBG_EAT2: id=1 meals=5
704 1 has put down the left fork
704 1 has put down the right fork
704 1 is sleeping
704 5 is thinking
704 5 has taken the right fork
704 5 has taken the left fork
704 5 is eating
DBG_EAT: id=5 time_last_meal=704
DBG_EAT2: id=3 meals=5
725 3 has put down the left fork
725 3 has put down the right fork
725 3 is sleeping
725 2 is thinking
725 2 has taken the left fork
725 2 has taken the right fork
725 2 is eating
DBG_EAT: id=2 time_last_meal=725
DBG_EAT2: id=5 meals=5
764 5 has put down the left fork
764 5 has put down the right fork
764 5 is sleeping
765 4 is thinking
765 4 has taken the left fork
765 4 has taken the right fork
765 4 is eating
DBG_EAT: id=4 time_last_meal=765
DBG_EAT2: id=2 meals=5
786 2 has put down the right fork
786 2 has put down the left fork
786 2 is sleeping
804 1 is thinking
804 1 has taken the right fork
804 1 has taken the left fork
804 1 is eating
DBG_EAT: id=1 time_last_meal=804
DBG_EAT2: id=4 meals=5
825 4 has put down the right fork
825 4 has put down the left fork
825 3 is thinking
825 3 has taken the right fork
825 3 has taken the left fork
825 3 is eating
DBG_EAT: id=3 time_last_meal=825
826 4 is sleeping
826 All philosophers ate enough
DBG_EAT2: id=1 meals=6
DBG_EAT2: id=3 meals=6
