DBG_INIT: meal_mutex init for philo 1
DBG_INIT: meal_mutex init for philo 2
DBG_INIT: meal_mutex init for philo 3
DBG: init philo[1].time_last_meal=0
DBG: init philo[2].time_last_meal=0
DBG: init philo[3].time_last_meal=0
0 1 has taken the right fork
0 1 has taken the left fork
0 1 is eating
DBG_EAT: id=1 time_last_meal=0
0 3 has taken the right fork
DBG: start_time=1758386414462
DBG_EAT2: id=1 meals=1
100 1 has put down the left fork
100 1 has put down the right fork
100 1 is sleeping
100 3 has taken the left fork
100 3 is eating
DBG_EAT: id=3 time_last_meal=100
200 1 is thinking
DBG_EAT2: id=3 meals=1
200 3 has put down the left fork
200 3 has put down the right fork
200 1 has taken the right fork
200 1 has taken the left fork
200 1 is eating
DBG_EAT: id=1 time_last_meal=200
200 2 has taken the left fork
200 3 is sleeping
300 3 is thinking
DBG_EAT2: id=1 meals=2
300 1 has put down the left fork
300 1 has put down the right fork
300 1 is sleeping
301 2 has taken the right fork
301 2 is eating
DBG_EAT: id=2 time_last_meal=301
401 1 is thinking
401 1 has taken the right fork
DBG_EAT2: id=2 meals=1
401 2 has put down the right fork
401 2 has put down the left fork
401 1 has taken the left fork
401 1 is eating
DBG_EAT: id=1 time_last_meal=401
401 2 is sleeping
401 3 has taken the right fork
DBG_EAT2: id=1 meals=3
501 1 has put down the left fork
501 1 has put down the right fork
501 1 is sleeping
501 3 has taken the left fork
501 3 is eating
DBG_EAT: id=3 time_last_meal=501
501 2 is thinking
601 1 is thinking
DBG_EAT2: id=3 meals=2
601 3 has put down the left fork
601 1 has taken the right fork
601 1 has taken the left fork
601 1 is eating
DBG_EAT: id=1 time_last_meal=601
601 3 has put down the right fork
601 2 has taken the left fork
601 3 is sleeping
DBG_EAT2: id=1 meals=4
701 1 has put down the left fork
701 1 has put down the right fork
701 1 is sleeping
701 2 has taken the right fork
701 2 is eating
DBG_EAT: id=2 time_last_meal=701
701 3 is thinking
801 1 is thinking
801 1 has taken the right fork
DBG_EAT2: id=2 meals=2
801 2 has put down the right fork
801 1 has taken the left fork
801 1 is eating
DBG_EAT: id=1 time_last_meal=801
801 2 has put down the left fork
801 2 is sleeping
801 3 has taken the right fork
DBG_EAT2: id=1 meals=5
901 1 has put down the left fork
901 2 is thinking
901 1 has put down the right fork
901 1 is sleeping
901 3 has taken the left fork
901 3 is eating
DBG_EAT: id=3 time_last_meal=901
1002 1 is thinking
DBG_EAT2: id=3 meals=3
1002 3 has put down the left fork
1002 1 has taken the right fork
1002 1 has taken the left fork
1002 1 is eating
DBG_EAT: id=1 time_last_meal=1002
1002 3 has put down the right fork
1002 2 has taken the left fork
1002 3 is sleeping
DBG_EAT2: id=1 meals=6
1102 3 is thinking
1102 1 has put down the left fork
1102 1 has put down the right fork
1102 2 has taken the right fork
1102 2 is eating
DBG_EAT: id=2 time_last_meal=1102
1102 1 is sleeping
1202 1 is thinking
1202 1 has taken the right fork
DBG_EAT2: id=2 meals=3
1202 2 has put down the right fork
1202 1 has taken the left fork
1202 1 is eating
DBG_EAT: id=1 time_last_meal=1202
1202 2 has put down the left fork
1202 3 has taken the right fork
1202 2 is sleeping
DBG_EAT2: id=1 meals=7
1302 1 has put down the left fork
1302 2 is thinking
1302 1 has put down the right fork
1302 3 has taken the left fork
1302 3 is eating
1302 1 is sleeping
DBG_EAT: id=3 time_last_meal=1302
DBG_EAT2: id=3 meals=4
1402 3 has put down the left fork
1402 3 has put down the right fork
1402 1 is thinking
1402 1 has taken the right fork
1402 1 has taken the left fork
1402 1 is eating
DBG_EAT: id=1 time_last_meal=1402
1402 3 is sleeping
1402 2 has taken the left fork
DBG_EAT2: id=1 meals=8
1502 1 has put down the left fork
1502 1 has put down the right fork
1502 2 has taken the right fork
1502 1 is sleeping
1502 3 is thinking
1502 2 is eating
DBG_EAT: id=2 time_last_meal=1502
1602 1 is thinking
1602 1 has taken the right fork
DBG_EAT2: id=2 meals=4
1602 2 has put down the right fork
1602 2 has put down the left fork
1602 1 has taken the left fork
1602 1 is eating
DBG_EAT: id=1 time_last_meal=1602
1603 3 has taken the right fork
1603 2 is sleeping
DBG_EAT2: id=1 meals=9
1703 1 has put down the left fork
1703 2 is thinking
1703 1 has put down the right fork
1703 1 is sleeping
1703 3 has taken the left fork
1703 3 is eating
DBG_EAT: id=3 time_last_meal=1703
DBG_EAT2: id=3 meals=5
1803 3 has put down the left fork
1803 1 is thinking
1803 1 has taken the right fork
1803 1 has taken the left fork
1803 1 is eating
DBG_EAT: id=1 time_last_meal=1803
1803 3 has put down the right fork
1803 3 is sleeping
1803 2 has taken the left fork
DBG_EAT2: id=1 meals=10
1903 3 is thinking
1903 1 has put down the left fork
1903 1 has put down the right fork
1903 1 is sleeping
1903 2 has taken the right fork
1903 2 is eating
DBG_EAT: id=2 time_last_meal=1903
2003 1 is thinking
2003 1 has taken the right fork
DBG_EAT2: id=2 meals=5
2003 2 has put down the right fork
2003 1 has taken the left fork
2003 1 is eating
DBG_EAT: id=1 time_last_meal=2003
2003 2 has put down the left fork
2003 2 is sleeping
2003 3 has taken the right fork
DBG_EAT2: id=1 meals=11
2103 1 has put down the left fork
2103 1 has put down the right fork
2103 2 is thinking
2103 1 is sleeping
2103 3 has taken the left fork
2103 3 is eating
DBG_EAT: id=3 time_last_meal=2103
2204 1 is thinking
DBG_EAT2: id=3 meals=6
2204 3 has put down the left fork
2204 1 has taken the right fork
2204 1 has taken the left fork
2204 1 is eating
DBG_EAT: id=1 time_last_meal=2204
2204 3 has put down the right fork
2204 2 has taken the left fork
2204 3 is sleeping
DBG_EAT2: id=1 meals=12
2304 1 has put down the left fork
2304 1 has put down the right fork
2304 3 is thinking
2304 1 is sleeping
2304 2 has taken the right fork
2304 2 is eating
DBG_EAT: id=2 time_last_meal=2304
2404 1 is thinking
2404 1 has taken the right fork
DBG_EAT2: id=2 meals=6
2404 2 has put down the right fork
2404 1 has taken the left fork
2404 1 is eating
DBG_EAT: id=1 time_last_meal=2404
2404 2 has put down the left fork
2404 3 has taken the right fork
2404 2 is sleeping
DBG_EAT2: id=1 meals=13
2504 1 has put down the left fork
2504 2 is thinking
2504 1 has put down the right fork
2504 1 is sleeping
2504 3 has taken the left fork
2504 3 is eating
DBG_EAT: id=3 time_last_meal=2504
DBG_EAT2: id=3 meals=7
2604 3 has put down the left fork
2604 1 is thinking
2604 1 has taken the right fork
2604 1 has taken the left fork
2604 1 is eating
DBG_EAT: id=1 time_last_meal=2604
2604 3 has put down the right fork
2604 2 has taken the left fork
2604 3 is sleeping
DBG_EAT2: id=1 meals=14
2704 3 is thinking
2704 1 has put down the left fork
2704 1 has put down the right fork
2704 1 is sleeping
2704 2 has taken the right fork
2704 2 is eating
DBG_EAT: id=2 time_last_meal=2704
DBG_EAT2: id=2 meals=7
2804 1 is thinking
2804 1 has taken the right fork
2804 1 has taken the left fork
2804 1 is eating
DBG_EAT: id=1 time_last_meal=2804
2804 2 has put down the right fork
2805 2 has put down the left fork
2805 2 is sleeping
2805 3 has taken the right fork
DBG_EAT2: id=1 meals=15
2905 1 has put down the left fork
2905 1 has put down the right fork
2905 1 is sleeping
2905 3 has taken the left fork
2905 3 is eating
DBG_EAT: id=3 time_last_meal=2905
2905 2 is thinking
3005 1 is thinking
DBG_EAT2: id=3 meals=8
3005 3 has put down the left fork
3005 3 has put down the right fork
3005 3 is sleeping
3005 1 has taken the right fork
3005 1 has taken the left fork
3005 1 is eating
DBG_EAT: id=1 time_last_meal=3005
3005 2 has taken the left fork
DBG_EAT2: id=1 meals=16
3105 3 is thinking
3105 1 has put down the left fork
3105 1 has put down the right fork
3105 1 is sleeping
3105 2 has taken the right fork
3105 2 is eating
DBG_EAT: id=2 time_last_meal=3105
3205 1 is thinking
3205 1 has taken the right fork
DBG_EAT2: id=2 meals=8
3205 2 has put down the right fork
3205 2 has put down the left fork
3205 1 has taken the left fork
3205 1 is eating
DBG_EAT: id=1 time_last_meal=3205
3205 2 is sleeping
3205 3 has taken the right fork
3305 2 is thinking
DBG_EAT2: id=1 meals=17
3305 1 has put down the left fork
3305 1