DBG_INIT: meal_mutex init for philo 1
DBG_INIT: meal_mutex init for philo 2
DBG_INIT: meal_mutex init for philo 3
DBG_INIT: meal_mutex init for philo 4
DBG_INIT: meal_mutex init for philo 5
DBG: init philo[1].time_last_meal=0
DBG: init philo[2].time_last_meal=0
DBG: init philo[3].time_last_meal=0
DBG: init philo[4].time_last_meal=0
DBG: init philo[5].time_last_meal=0
0 1 has taken the right fork
0 1 has taken the left fork
0 1 is eating
DBG_EAT: id=1 time_last_meal=0
1 2 has taken the left fork
1 4 has taken the left fork
1 4 has taken the right fork
1 4 is eating
DBG_EAT: id=4 time_last_meal=1
DBG: start_time=1758387502036
DBG_EAT2: id=1 meals=1
60 1 has put down the left fork
60 1 has put down the right fork
61 1 is sleeping
61 2 has taken the right fork
61 2 is eating
DBG_EAT: id=2 time_last_meal=61
DBG_EAT2: id=4 meals=1
62 4 has put down the right fork
62 4 has put down the left fork
62 4 is sleeping
62 5 has taken the right fork
62 5 has taken the left fork
62 5 is eating
DBG_EAT: id=5 time_last_meal=62
DBG_EAT2: id=2 meals=1
121 2 has put down the right fork
121 1 is thinking
121 2 has put down the left fork
121 2 is sleeping
121 3 has taken the right fork
121 3 has taken the left fork
121 3 is eating
DBG_EAT: id=3 time_last_meal=121
122 4 is thinking
DBG_EAT2: id=5 meals=1
122 5 has put down the left fork
122 5 has put down the right fork
122 5 is sleeping
122 1 has taken the right fork
122 1 has taken the left fork
122 1 is eating
DBG_EAT: id=1 time_last_meal=122
122 4 has taken the left fork
DBG_EAT2: id=3 meals=1
181 2 is thinking
181 3 has put down the left fork
181 3 has put down the right fork
181 3 is sleeping
182 4 has taken the right fork
182 4 is eating
DBG_EAT: id=4 time_last_meal=182
182 2 has taken the left fork
DBG_EAT2: id=1 meals=2
182 5 is thinking
182 1 has put down the left fork
182 1 has put down the right fork
182 1 is sleeping
183 2 has taken the right fork
183 2 is eating
DBG_EAT: id=2 time_last_meal=183
DBG_EAT2: id=4 meals=2
242 4 has put down the right fork
242 3 is thinking
242 4 has put down the left fork
242 4 is sleeping
242 5 has taken the right fork
242 5 has taken the left fork
242 5 is eating
DBG_EAT: id=5 time_last_meal=242
DBG_EAT2: id=2 meals=2
243 2 has put down the right fork
243 1 is thinking
243 2 has put down the left fork
243 2 is sleeping
243 3 has taken the right fork
243 3 has taken the left fork
243 3 is eating
DBG_EAT: id=3 time_last_meal=243
DBG_EAT2: id=5 meals=2
302 4 is thinking
302 5 has put down the left fork
302 5 has put down the right fork
302 5 is sleeping
302 1 has taken the right fork
302 1 has taken the left fork
302 1 is eating
DBG_EAT: id=1 time_last_meal=302
302 4 has taken the left fork
303 2 is thinking
DBG_EAT2: id=3 meals=2
303 3 has put down the left fork
303 3 has put down the right fork
303 3 is sleeping
303 2 has taken the left fork
303 4 has taken the right fork
303 4 is eating
DBG_EAT: id=4 time_last_meal=303
362 5 is thinking
DBG_EAT2: id=1 meals=3
363 1 has put down the left fork
363 1 has put down the right fork
363 1 is sleeping
363 2 has taken the right fork
363 2 is eating
DBG_EAT: id=2 time_last_meal=363
363 3 is thinking
DBG_EAT2: id=4 meals=3
364 4 has put down the right fork
364 4 has put down the left fork
364 4 is sleeping
364 5 has taken the right fork
364 5 has taken the left fork
364 5 is eating
DBG_EAT: id=5 time_last_meal=364
DBG_EAT2: id=2 meals=3
423 2 has put down the right fork
423 1 is thinking
423 2 has put down the left fork
423 2 is sleeping
423 3 has taken the right fork
423 3 has taken the left fork
423 3 is eating
DBG_EAT: id=3 time_last_meal=423
DBG_EAT2: id=5 meals=3
424 4 is thinking
424 5 has put down the left fork
424 5 has put down the right fork
424 5 is sleeping
424 1 has taken the right fork
424 1 has taken the left fork
424 1 is eating
DBG_EAT: id=1 time_last_meal=424
424 4 has taken the left fork
483 2 is thinking
DBG_EAT2: id=3 meals=3
483 3 has put down the left fork
483 3 has put down the right fork
483 3 is sleeping
484 4 has taken the right fork
484 4 is eating
DBG_EAT: id=4 time_last_meal=484
484 2 has taken the left fork
DBG_EAT2: id=1 meals=4
484 5 is thinking
484 1 has put down the left fork
484 1 has put down the right fork
484 1 is sleeping
484 2 has taken the right fork
484 2 is eating
DBG_EAT: id=2 time_last_meal=484
544 3 is thinking
DBG_EAT2: id=4 meals=4
544 4 has put down the right fork
544 4 has put down the left fork
544 4 is sleeping
544 All philosophers ate enough
DBG_EAT2: id=2 meals=4
