DBG_INIT: meal_mutex init for philo 1
DBG_INIT: meal_mutex init for philo 2
DBG_INIT: meal_mutex init for philo 3
DBG_INIT: meal_mutex init for philo 4
DBG_INIT: meal_mutex init for philo 5
DBG: init philo[1].time_last_meal=0
DBG: init philo[2].time_last_meal=0
DBG: init philo[3].time_last_meal=0
DBG: init philo[4].time_last_meal=0
DBG: init philo[5].time_last_meal=0
0 1 has taken the right fork
0 1 has taken the left fork
0 1 is eating
DBG_EAT: id=1 time_last_meal=0
0 2 has taken the left fork
1 4 has taken the left fork
1 4 has taken the right fork
1 4 is eating
DBG_EAT: id=4 time_last_meal=1
DBG: start_time=1758387408926
DBG_EAT2: id=1 meals=1
60 1 has put down the left fork
60 1 has put down the right fork
60 1 is sleeping
60 2 has taken the right fork
61 2 is eating
DBG_EAT: id=2 time_last_meal=61
DBG_EAT2: id=4 meals=1
61 4 has put down the right fork
62 4 has put down the left fork
62 4 is sleeping
62 5 has taken the right fork
62 5 has taken the left fork
62 5 is eating
DBG_EAT: id=5 time_last_meal=62
DBG_EAT2: id=2 meals=1
121 2 has put down the right fork
121 2 has put down the left fork
121 2 is sleeping
121 3 has taken the right fork
121 3 has taken the left fork
121 3 is eating
DBG_EAT: id=3 time_last_meal=121
DBG_EAT2: id=5 meals=1
122 5 has put down the left fork
122 5 has put down the right fork
122 5 is sleeping
161 1 is thinking
161 1 has taken the right fork
161 1 has taken the left fork
161 1 is eating
DBG_EAT: id=1 time_last_meal=161
162 4 is thinking
162 4 has taken the left fork
DBG_EAT2: id=3 meals=1
181 3 has put down the left fork
181 3 has put down the right fork
182 3 is sleeping
182 4 has taken the right fork
182 4 is eating
DBG_EAT: id=4 time_last_meal=182
DBG_EAT2: id=1 meals=2
221 1 has put down the left fork
221 1 has put down the right fork
221 1 is sleeping
221 2 is thinking
221 2 has taken the left fork
221 2 has taken the right fork
221 2 is eating
DBG_EAT: id=2 time_last_meal=221
222 5 is thinking
DBG_EAT2: id=4 meals=2
242 4 has put down the right fork
242 4 has put down the left fork
242 4 is sleeping
242 5 has taken the right fork
242 5 has taken the left fork
242 5 is eating
DBG_EAT: id=5 time_last_meal=242
DBG_EAT2: id=2 meals=2
282 2 has put down the right fork
282 2 has put down the left fork
282 2 is sleeping
282 3 is thinking
282 3 has taken the right fork
282 3 has taken the left fork
282 3 is eating
DBG_EAT: id=3 time_last_meal=282
DBG_EAT2: id=5 meals=2
302 5 has put down the left fork
302 5 has put down the right fork
302 5 is sleeping
321 1 is thinking
321 1 has taken the right fork
321 1 has taken the left fork
321 1 is eating
DBG_EAT: id=1 time_last_meal=321
DBG_EAT2: id=3 meals=2
342 3 has put down the left fork
342 3 has put down the right fork
342 3 is sleeping
342 4 is thinking
342 4 has taken the left fork
342 4 has taken the right fork
342 4 is eating
DBG_EAT: id=4 time_last_meal=342
DBG_EAT2: id=1 meals=3
382 1 has put down the left fork
382 1 has put down the right fork
382 2 is thinking
382 1 is sleeping
382 2 has taken the left fork
382 2 has taken the right fork
382 2 is eating
DBG_EAT: id=2 time_last_meal=382
DBG_EAT2: id=4 meals=3
403 4 has put down the right fork
403 4 has put down the left fork
403 5 is thinking
403 5 has taken the right fork
403 5 has taken the left fork
403 5 is eating
DBG_EAT: id=5 time_last_meal=403
403 4 is sleeping
DBG_EAT2: id=2 meals=3
442 2 has put down the right fork
442 2 has put down the left fork
442 2 is sleeping
442 3 is thinking
442 3 has taken the right fork
442 3 has taken the left fork
442 3 is eating
DBG_EAT: id=3 time_last_meal=442
DBG_EAT2: id=5 meals=3
463 5 has put down the left fork
463 5 has put down the right fork
463 5 is sleeping
482 1 is thinking
482 1 has taken the right fork
482 1 has taken the left fork
482 1 is eating
DBG_EAT: id=1 time_last_meal=482
DBG_EAT2: id=3 meals=3
502 3 has put down the left fork
502 3 has put down the right fork
503 3 is sleeping
503 4 is thinking
503 4 has taken the left fork
503 4 has taken the right fork
503 4 is eating
DBG_EAT: id=4 time_last_meal=503
DBG_EAT2: id=1 meals=4
542 1 has put down the left fork
542 1 has put down the right fork
542 1 is sleeping
542 2 is thinking
543 2 has taken the left fork
543 2 has taken the right fork
543 2 is eating
DBG_EAT: id=2 time_last_meal=543
DBG_EAT2: id=4 meals=4
564 4 has put down the right fork
564 4 has put down the left fork
564 5 is thinking
564 5 has taken the right fork
564 5 has taken the left fork
564 5 is eating
DBG_EAT: id=5 time_last_meal=564
564 4 is sleeping
603 3 is thinking
DBG_EAT2: id=2 meals=4
603 2 has put down the right fork
603 2 has put down the left fork
603 2 is sleeping
603 3 has taken the right fork
603 3 has taken the left fork
603 3 is eating
DBG_EAT: id=3 time_last_meal=603
DBG_EAT2: id=5 meals=4
624 5 has put down the left fork
624 5 has put down the right fork
624 5 is sleeping
643 1 is thinking
643 1 has taken the right fork
643 1 has taken the left fork
643 1 is eating
DBG_EAT: id=1 time_last_meal=643
DBG_EAT2: id=3 meals=4
663 3 has put down the left fork
663 3 has put down the right fork
663 3 is sleeping
664 4 is thinking
664 4 has taken the left fork
664 4 has taken the right fork
664 4 is eating
DBG_EAT: id=4 time_last_meal=664
DBG_EAT2: id=1 meals=5
703 1 has put down the left fork
703 1 has put down the right fork
703 2 is thinking
703 1 is sleeping
703 2 has taken the left fork
703 2 has taken the right fork
703 2 is eating
DBG_EAT: id=2 time_last_meal=703
DBG_EAT2: id=4 meals=5
724 4 has put down the right fork
724 4 has put down the left fork
724 5 is thinking
724 5 has taken the right fork
724 5 has taken the left fork
724 5 is eating
DBG_EAT: id=5 time_last_meal=724
724 4 is sleeping
DBG_EAT2: id=2 meals=5
763 2 has put down the right fork
763 2 has put down the left fork
763 2 is sleeping
764 3 is thinking
764 3 has taken the right fork
764 3 has taken the left fork
764 3 is eating
DBG_EAT: id=3 time_last_meal=764
DBG_EAT2: id=5 meals=5
785 5 has put down the left fork
785 5 has put down the right fork
785 5 is sleeping
803 1 is thinking
803 1 has taken the right fork
803 1 has taken the left fork
803 1 is eating
DBG_EAT: id=1 time_last_meal=803
DBG_EAT2: id=3 meals=5
824 3 has put down the left fork
824 3 has put down the right fork
824 3 is sleeping
824 All philosophers ate enough
DBG_EAT2: id=1 meals=6
