DBG_INIT: meal_mutex init for philo 1
DBG_INIT: meal_mutex init for philo 2
DBG_INIT: meal_mutex init for philo 3
DBG_INIT: meal_mutex init for philo 4
DBG: init philo[1].time_last_meal=0
DBG: init philo[2].time_last_meal=0
DBG: init philo[3].time_last_meal=0
DBG: init philo[4].time_last_meal=0
0 1 has taken the right fork
0 1 has taken the left fork
0 1 is eating
DBG_EAT: id=1 time_last_meal=0
1 3 has taken the right fork
1 3 has taken the left fork
1 3 is eating
DBG_EAT: id=3 time_last_meal=1
DBG: start_time=1758387224531
DBG_EAT2: id=1 meals=1
201 1 has put down the left fork
201 1 has put down the right fork
DBG_EAT2: id=3 meals=1
201 3 has put down the left fork
201 1 is sleeping
201 3 has put down the right fork
201 3 is sleeping
201 4 has taken the left fork
201 4 has taken the right fork
201 4 is eating
DBG_EAT: id=4 time_last_meal=201
201 2 has taken the left fork
201 2 has taken the right fork
201 2 is eating
DBG_EAT: id=2 time_last_meal=201
302 3 is thinking
302 1 is thinking
DBG_EAT2: id=4 meals=1
402 4 has put down the right fork
DBG_EAT2: id=2 meals=1
402 2 has put down the right fork
402 2 has put down the left fork
402 2 is sleeping
402 4 has put down the left fork
402 4 is sleeping
402 3 has taken the right fork
402 3 has taken the left fork
402 3 is eating
DBG_EAT: id=3 time_last_meal=402
402 1 has taken the right fork
402 1 has taken the left fork
402 1 is eating
DBG_EAT: id=1 time_last_meal=402
503 4 is thinking
503 2 is thinking
DBG_EAT2: id=3 meals=2
603 3 has put down the left fork
DBG_EAT2: id=1 meals=2
603 1 has put down the left fork
603 3 has put down the right fork
603 3 is sleeping
603 1 has put down the right fork
603 1 is sleeping
603 4 has taken the left fork
603 4 has taken the right fork
603 4 is eating
DBG_EAT: id=4 time_last_meal=603
603 2 has taken the left fork
603 2 has taken the right fork
603 2 is eating
DBG_EAT: id=2 time_last_meal=603
704 3 is thinking
704 1 is thinking
DBG_EAT2: id=2 meals=2
804 2 has put down the right fork
DBG_EAT2: id=4 meals=2
804 4 has put down the right fork
804 2 has put down the left fork
804 4 has put down the left fork
804 4 is sleeping
804 2 is sleeping
804 3 has taken the right fork
804 1 has taken the right fork
804 1 has taken the left fork
804 1 is eating
DBG_EAT: id=1 time_last_meal=804
804 3 has taken the left fork
804 3 is eating
DBG_EAT: id=3 time_last_meal=804
905 4 is thinking
905 2 is thinking
DBG_EAT2: id=3 meals=3
1005 3 has put down the left fork
DBG_EAT2: id=1 meals=3
1005 1 has put down the left fork
1005 3 has put down the right fork
1005 1 has put down the right fork
1005 1 is sleeping
1005 3 is sleeping
1005 2 has taken the left fork
1005 2 has taken the right fork
1005 2 is eating
DBG_EAT: id=2 time_last_meal=1005
1005 4 has taken the left fork
1005 4 has taken the right fork
1005 4 is eating
DBG_EAT: id=4 time_last_meal=1005
1105 3 is thinking
1105 1 is thinking
DBG_EAT2: id=2 meals=3
1205 2 has put down the right fork
DBG_EAT2: id=4 meals=3
1205 4 has put down the right fork
1205 2 has put down the left fork
1206 4 has put down the left fork
1206 4 is sleeping
1206 2 is sleeping
1206 1 has taken the right fork
1206 1 has taken the left fork
1206 1 is eating
DBG_EAT: id=1 time_last_meal=1206
1206 3 has taken the right fork
1206 3 has taken the left fork
1206 3 is eating
DBG_EAT: id=3 time_last_meal=1206
1306 4 is thinking
1306 2 is thinking
DBG_EAT2: id=3 meals=4
1406 3 has put down the left fork
DBG_EAT2: id=1 meals=4
1406 1 has put down the left fork
1406 3 has put down the right fork
1406 1 has put down the right fork
1406 1 is sleeping
1407 3 is sleeping
1407 2 has taken the left fork
1407 2 has taken the right fork
1407 2 is eating
DBG_EAT: id=2 time_last_meal=1407
1407 4 has taken the left fork
1407 4 has taken the right fork
1407 4 is eating
DBG_EAT: id=4 time_last_meal=1407
1507 3 is thinking
1507 1 is thinking
DBG_EAT2: id=4 meals=4
1607 4 has put down the right fork
DBG_EAT2: id=2 meals=4
1607 2 has put down the right fork
1607 4 has put down the left fork
1607 4 is sleeping
1607 2 has put down the left fork
1607 2 is sleeping
1608 3 has taken the right fork
1608 3 has taken the left fork
1608 3 is eating
DBG_EAT: id=3 time_last_meal=1608
1608 1 has taken the right fork
1608 1 has taken the left fork
1608 1 is eating
DBG_EAT: id=1 time_last_meal=1608
1708 2 is thinking
1708 4 is thinking
DBG_EAT2: id=3 meals=5
1808 3 has put down the left fork
DBG_EAT2: id=1 meals=5
1808 1 has put down the left fork
1808 3 has put down the right fork
1808 3 is sleeping
1808 1 has put down the right fork
1808 1 is sleeping
1808 2 has taken the left fork
1808 2 has taken the right fork
1808 2 is eating
DBG_EAT: id=2 time_last_meal=1808
1808 4 has taken the left fork
1808 4 has taken the right fork
1808 4 is eating
DBG_EAT: id=4 time_last_meal=1808
1909 3 is thinking
1909 1 is thinking
DBG_EAT2: id=4 meals=5
2009 4 has put down the right fork
DBG_EAT2: id=2 meals=5
2009 2 has put down the right fork
2009 4 has put down the left fork
2009 4 is sleeping
2009 2 has put down the left fork
2009 2 is sleeping
2009 1 has taken the right fork
2009 1 has taken the left fork
2009 1 is eating
DBG_EAT: id=1 time_last_meal=2009
2009 3 has taken the right fork
2009 3 has taken the left fork
2009 3 is eating
DBG_EAT: id=3 time_last_meal=2009
2110 2 is thinking
2110 4 is thinking
DBG_EAT2: id=3 meals=6
2210 3 has put down the left fork
DBG_EAT2: id=1 meals=6
2210 1 has put down the left fork
2210 3 has put down the right fork
2210 1 has put down the right fork
2210 1 is sleeping
2210 2 has taken the left fork
2210 2 has taken the right fork
2210 2 is eating
DBG_EAT: id=2 time_last_meal=2210
2210 3 is sleeping
2210 4 has taken the left fork
2210 All philosophers ate enough
DBG_EAT2: id=2 meals=6
