DBG_INIT: meal_mutex init for philo 1
DBG_INIT: meal_mutex init for philo 2
DBG_INIT: meal_mutex init for philo 3
DBG: init philo[1].time_last_meal=0
DBG: init philo[2].time_last_meal=0
DBG: init philo[3].time_last_meal=0
0 1 has taken the right fork
0 1 has taken the left fork
0 1 is eating
DBG_EAT: id=1 time_last_meal=0
0 3 has taken the right fork
DBG: start_time=1758386681854
DBG_EAT2: id=1 meals=1
200 1 has put down the left fork
200 1 has put down the right fork
200 1 is sleeping
200 3 has taken the left fork
200 3 is eating
DBG_EAT: id=3 time_last_meal=200
260 1 is thinking
DBG_EAT2: id=3 meals=1
400 3 has put down the left fork
400 3 has put down the right fork
400 1 has taken the right fork
400 1 has taken the left fork
400 3 is sleeping
400 1 is eating
DBG_EAT: id=1 time_last_meal=400
400 2 has taken the left fork
461 3 is thinking
DBG_EAT2: id=1 meals=2
601 1 has put down the left fork
601 1 has put down the right fork
601 1 is sleeping
601 2 has taken the right fork
601 2 is eating
DBG_EAT: id=2 time_last_meal=601
661 1 is thinking
661 1 has taken the right fork
DBG_EAT2: id=2 meals=1
801 2 has put down the right fork
801 2 has put down the left fork
801 2 is sleeping
801 1 has taken the left fork
801 1 is eating
DBG_EAT: id=1 time_last_meal=801
801 3 has taken the right fork
861 2 is thinking
DBG_EAT2: id=1 meals=3
1001 1 has put down the left fork
1001 1 has put down the right fork
1001 1 is sleeping
1001 3 has taken the left fork
1001 3 is eating
DBG_EAT: id=3 time_last_meal=1001
1061 1 is thinking
DBG_EAT2: id=3 meals=2
1201 3 has put down the left fork
1201 3 has put down the right fork
1201 3 is sleeping
1201 1 has taken the right fork
1201 1 has taken the left fork
1201 1 is eating
DBG_EAT: id=1 time_last_meal=1201
1201 2 has taken the left fork
1261 3 is thinking
DBG_EAT2: id=1 meals=4
1401 1 has put down the left fork
1401 1 has put down the right fork
1401 1 is sleeping
1401 2 has taken the right fork
1401 2 is eating
DBG_EAT: id=2 time_last_meal=1401
1462 1 is thinking
1462 1 has taken the right fork
DBG_EAT2: id=2 meals=2
1602 2 has put down the right fork
1602 2 has put down the left fork
1602 1 has taken the left fork
1602 1 is eating
DBG_EAT: id=1 time_last_meal=1602
1602 2 is sleeping
1602 3 has taken the right fork
1602 All philosophers ate enough
DBG_EAT2: id=1 meals=5
