DBG_INIT: meal_mutex init for philo 1
DBG_INIT: meal_mutex init for philo 2
DBG_INIT: meal_mutex init for philo 3
DBG: init philo[1].time_last_meal=0
DBG: init philo[2].time_last_meal=0
DBG: init philo[3].time_last_meal=0
1 1 has taken the right fork
1 1 has taken the left fork
1 1 is eating
DBG_EAT: id=1 time_last_meal=1
1 2 has taken the left fork
DBG: start_time=1758386410132
DBG_EAT2: id=1 meals=1
101 1 has put down the left fork
101 1 has put down the right fork
101 1 is sleeping
101 2 has taken the right fork
101 2 is eating
DBG_EAT: id=2 time_last_meal=101
161 1 is thinking
161 1 has taken the right fork
DBG_EAT2: id=2 meals=1
201 2 has put down the right fork
201 2 has put down the left fork
201 2 is sleeping
201 3 has taken the right fork
201 1 has taken the left fork
201 1 is eating
DBG_EAT: id=1 time_last_meal=201
262 2 is thinking
DBG_EAT2: id=1 meals=2
302 1 has put down the left fork
302 1 has put down the right fork
302 1 is sleeping
302 3 has taken the left fork
302 3 is eating
DBG_EAT: id=3 time_last_meal=302
362 1 is thinking
DBG_EAT2: id=3 meals=1
402 3 has put down the left fork
402 3 has put down the right fork
402 3 is sleeping
402 1 has taken the right fork
402 1 has taken the left fork
402 1 is eating
DBG_EAT: id=1 time_last_meal=402
402 2 has taken the left fork
462 3 is thinking
DBG_EAT2: id=1 meals=3
502 1 has put down the left fork
502 1 has put down the right fork
502 1 is sleeping
502 2 has taken the right fork
502 2 is eating
DBG_EAT: id=2 time_last_meal=502
562 1 is thinking
562 1 has taken the right fork
DBG_EAT2: id=2 meals=2
602 2 has put down the right fork
603 2 has put down the left fork
603 2 is sleeping
603 1 has taken the left fork
603 1 is eating
DBG_EAT: id=1 time_last_meal=603
603 3 has taken the right fork
663 2 is thinking
DBG_EAT2: id=1 meals=4
703 1 has put down the left fork
703 1 has put down the right fork
703 1 is sleeping
703 3 has taken the left fork
703 3 is eating
DBG_EAT: id=3 time_last_meal=703
763 1 is thinking
DBG_EAT2: id=3 meals=2
803 3 has put down the left fork
803 1 has taken the right fork
803 1 has taken the left fork
803 1 is eating
DBG_EAT: id=1 time_last_meal=803
803 3 has put down the right fork
803 3 is sleeping
803 2 has taken the left fork
803 All philosophers ate enough
DBG_EAT2: id=1 meals=5
