DBG_INIT: meal_mutex init for philo 1
DBG_INIT: meal_mutex init for philo 2
DBG: init philo[1].time_last_meal=0
DBG: init philo[2].time_last_meal=0
1 1 has taken the right fork
1 1 has taken the left fork
1 1 is eating
DBG_EAT: id=1 time_last_meal=1
DBG: start_time=1758402897453
DBG_EAT2: id=1 meals=1
61 1 has put down the left fork
61 1 has put down the right fork
61 1 is sleeping
61 2 has taken the left fork
61 2 has taken the right fork
61 2 is eating
DBG_EAT: id=2 time_last_meal=61
121 1 is thinking
DBG_EAT2: id=2 meals=1
121 2 has put down the right fork
121 2 has put down the left fork
121 1 has taken the right fork
121 1 has taken the left fork
121 1 is eating
DBG_EAT: id=1 time_last_meal=121
121 2 is sleeping
DBG_EAT2: id=1 meals=2
181 1 has put down the left fork
181 1 has put down the right fork
181 2 is thinking
181 1 is sleeping
181 2 has taken the left fork
181 2 has taken the right fork
181 2 is eating
DBG_EAT: id=2 time_last_meal=181
DBG_EAT2: id=2 meals=2
241 2 has put down the right fork
241 2 has put down the left fork
242 1 is thinking
242 1 has taken the right fork
242 1 has taken the left fork
242 1 is eating
DBG_EAT: id=1 time_last_meal=242
242 2 is sleeping
DBG_EAT2: id=1 meals=3
302 1 has put down the left fork
302 1 has put down the right fork
302 2 is thinking
302 1 is sleeping
302 2 has taken the left fork
302 2 has taken the right fork
302 2 is eating
DBG_EAT: id=2 time_last_meal=302
362 1 is thinking
DBG_EAT2: id=2 meals=3
363 2 has put down the right fork
363 2 has put down the left fork
363 1 has taken the right fork
363 1 has taken the left fork
363 1 is eating
DBG_EAT: id=1 time_last_meal=363
363 2 is sleeping
DBG_EAT2: id=1 meals=4
423 1 has put down the left fork
423 1 has put down the right fork
423 2 is thinking
423 1 is sleeping
423 2 has taken the left fork
423 2 has taken the right fork
423 2 is eating
DBG_EAT: id=2 time_last_meal=423
484 1 is thinking
DBG_EAT2: id=2 meals=4
484 2 has put down the right fork
484 2 has put down the left fork
484 2 is sleeping
484 1 has taken the right fork
484 1 has taken the left fork
484 1 is eating
DBG_EAT: id=1 time_last_meal=484
DBG_EAT2: id=1 meals=5
544 1 has put down the left fork
544 1 has put down the right fork
544 2 is thinking
544 1 is sleeping
544 2 has taken the left fork
544 2 has taken the right fork
544 2 is eating
DBG_EAT: id=2 time_last_meal=544
604 1 is thinking
DBG_EAT2: id=2 meals=5
605 2 has put down the right fork
605 2 has put down the left fork
605 1 has taken the right fork
605 1 has taken the left fork
605 1 is eating
DBG_EAT: id=1 time_last_meal=605
605 2 is sleeping
DBG_EAT2: id=1 meals=6
665 1 has put down the left fork
665 1 has put down the right fork
665 2 is thinking
665 1 is sleeping
665 2 has taken the left fork
665 2 has taken the right fork
665 2 is eating
DBG_EAT: id=2 time_last_meal=665
725 1 is thinking
DBG_EAT2: id=2 meals=6
725 2 has put down the right fork
725 2 has put down the left fork
725 1 has taken the right fork
725 1 has taken the left fork
725 1 is eating
DBG_EAT: id=1 time_last_meal=725
725 2 is sleeping
785 2 is thinking
DBG_EAT2: id=1 meals=7
785 1 has put down the left fork
785 1 has put down the right fork
786 1 is sleeping
786 2 has taken the left fork
786 2 has taken the right fork
786 2 is eating
DBG_EAT: id=2 time_last_meal=786
DBG_EAT2: id=2 meals=7
846 2 has put down the right fork
846 2 has put down the left fork
846 1 is thinking
846 1 has taken the right fork
846 1 has taken the left fork
846 1 is eating
DBG_EAT: id=1 time_last_meal=846
846 2 is sleeping
DBG_EAT2: id=1 meals=8
906 1 has put down the left fork
906 1 has put down the right fork
906 2 is thinking
906 1 is sleeping
907 2 has taken the left fork
907 2 has taken the right fork
907 2 is eating
DBG_EAT: id=2 time_last_meal=907
DBG_EAT2: id=2 meals=8
967 2 has put down the right fork
967 2 has put down the left fork
967 1 is thinking
967 1 has taken the right fork
967 1 has taken the left fork
967 1 is eating
DBG_EAT: id=1 time_last_meal=967
967 2 is sleeping
DBG_EAT2: id=1 meals=9
1027 1 has put down the left fork
1027 1 has put down the right fork
1028 1 is sleeping
1028 2 is thinking
1028 2 has taken the left fork
1028 2 has taken the right fork
1028 2 is eating
DBG_EAT: id=2 time_last_meal=1028
1088 1 is thinking
DBG_EAT2: id=2 meals=9
1088 2 has put down the right fork
1088 2 has put down the left fork
1088 1 has taken the right fork
1088 1 has taken the left fork
1088 1 is eating
DBG_EAT: id=1 time_last_meal=1088
1088 2 is sleeping
1148 2 is thinking
DBG_EAT2: id=1 meals=10
1148 1 has put down the left fork
1148 1 has put down the right fork
1149 1 is sleeping
1149 2 has taken the left fork
1149 2 has taken the right fork
1149 2 is eating
DBG_EAT: id=2 time_last_meal=1149
1209 1 is thinking
DBG_EAT2: id=2 meals=10
1209 2 has put down the right fork
1209 2 has put down the left fork
1209 2 is sleeping
1209 1 has taken the right fork
1209 1 has taken the left fork
1209 1 is eating
DBG_EAT: id=1 time_last_meal=1209
1270 2 is thinking
DBG_EAT2: id=1 meals=11
1270 1 has put down the left fork
1270 1 has put down the right fork
1270 1 is sleeping
1270 2 has taken the left fork
1270 2 has taken the right fork
1270 2 is eating
DBG_EAT: id=2 time_last_meal=1270
1330 1 is thinking
DBG_EAT2: id=2 meals=11
1330 2 has put down the right fork
1330 2 has put down the left fork
1330 1 has taken the right fork
1330 1 has taken the left fork
1330 1 is eating
DBG_EAT: id=1 time_last_meal=1330
1330 2 is sleeping
1391 2 is thinking
DBG_EAT2: id=1 meals=12
1391 1 has put down the left fork
1391 1 has put down the right fork
1391 1 is sleeping
1391 2 has taken the left fork
1391 2 has taken the right fork
1391 2 is eating
DBG_EAT: id=2 time_last_meal=1391
1451 1 is thinking
DBG_EAT2: id=2 meals=12
1451 2 has put down the right fork
1451 2 has put down the left fork
1451 2 is sleeping
1451 1 has taken the right fork
1451 1 has taken the left fork
1451 1 is eating
DBG_EAT: id=1 time_last_meal=1451
DBG_EAT2: id=1 meals=13
1512 1 has put down the left fork
1512 1 has put down the right fork
1512 2 is thinking
1512 1 is sleeping
1512 2 has taken the left fork
1512 2 has taken the right fork
1512 2 is eating
DBG_EAT: id=2 time_last_meal=1512
DBG_EAT2: id=2 meals=13
1572 2 has put down the right fork
1572 2 has put down the left fork
1572 1 is thinking
1572 1 has taken the right fork
1572 1 has taken the left fork
1572 1 is eating
DBG_EAT: id=1 time_last_meal=1572
1572 2 is sleeping
DBG_EAT2: id=1 meals=14
1633 1 has put down the left fork
1633 1 has put down the right fork
1633 2 is thinking
1633 1 is sleeping
1633 2 has taken the left fork
1633 2 has taken the right fork
1633 2 is eating
DBG_EAT: id=2 time_last_meal=1633
DBG_EAT2: id=2 meals=14
1693 2 has put down the right fork
1693 2 has put down the left fork
1693 1 is thinking
1693 1 has taken the right fork
1693 1 has taken the left fork
1693 1 is eating
DBG_EAT: id=1 time_last_meal=1693
1693 2 is sleeping
1754 2 is thinking
DBG_EAT2: id=1 meals=15
1754 1 has put down the left fork
1754 1 has put down the right fork
1754 1 is sleeping
1754 2 has taken the left fork
1754 2 has taken the right fork
1754 2 is eating
DBG_EAT: id=2 time_last_meal=1754
DBG_EAT2: id=2 meals=15
1814 2 has put down the right fork
1814 2 has put down the left fork
1814 1 is thinking
1814 1 has taken the right fork
1814 1 has taken the left fork
1814 1 is eating
DBG_EAT: id=1 time_last_meal=1814
1814 2 is sleeping
DBG_EAT2: id=1 meals=16
1875 1 has put down the left fork
1875 1 has put down the right fork
1875 2 is thinking
1875 1 is sleeping
1875 2 has taken the left fork
1875 2 has taken the right fork
1875 2 is eating
DBG_EAT: id=2 time_last_meal=1875
1935 1 is thinking
DBG_EAT2: id=2 meals=16
1935 2 has put down the right fork
1936 2 has put down the left fork
1936 1 has taken the right fork
1936 1 has taken the left fork
1936 1 is eating
DBG_EAT: id=1 time_last_meal=1936
1936 2 is sleeping
DBG_EAT2: id=1 meals=17
1996 1 has put down the left fork
1996 1 has put down the right fork
1996 2 is thinking
1996 1 is sleeping
1996 2 has taken the left fork
1996 2 has taken the right fork
1996 2 is eating
DBG_EAT: id=2 time_last_meal=1996
DBG_EAT2: id=2 meals=17
2057 2 has put down the right fork
2057 2 has put down the left fork
2057 2 is sleeping
2057 1 is thinking
2057 1 has taken the right fork
2057 1 has taken the left fork
2057 1 is eating
DBG_EAT: id=1 time_last_meal=2057
DBG_EAT2: id=1 meals=18
2117 1 has put down the left fork
2117 1 has put down the right fork
2117 2 is thinking
2117 1 is sleeping
2117 2 has taken the left fork
2117 2 has taken the right fork
2117 2 is eating
DBG_EAT: id=2 time_last_meal=2117
2177 1 is thinking
DBG_EAT2: id=2 meals=18
2177 2 has put down the right fork
2177 2 has put down the left fork
2177 1 has taken the right fork
2177 1 has taken the left fork
2177 1 is eating
DBG_EAT: id=1 time_last_meal=2177
2177 2 is sleeping
2238 2 is thinking
DBG_EAT2: id=1 meals=19
2238 1 has put down the left fork
2238 1 has put down the right fork
2238 1 is sleeping
2238 2 has taken the left fork
2238 2 has taken the right fork
2238 2 is eating
DBG_EAT: id=2 time_last_meal=2238
2298 1 is thinking
DBG_EAT2: id=2 meals=19
2298 2 has put down the right fork
2298 2 has put down the left fork
2298 1 has taken the right fork
2298 1 has taken the left fork
2298 1 is eating
DBG_EAT: id=1 time_last_meal=2298
2298 2 is sleeping
DBG_EAT2: id=1 meals=20
2359 1 has put down the left fork
2359 1 has put down the right fork
2359 2 is thinking
2359 1 is sleeping
2359 2 has taken the left fork
2359 2 has taken the right fork
2359 2 is eating
DBG_EAT: id=2 time_last_meal=2359
2419 1 is thinking
DBG_EAT2: id=2 meals=20
2419 2 has put down the right fork
2419 2 has put down the left fork
2419 2 is sleeping
2419 1 has taken the right fork
2419 1 has taken the left fork
2419 1 is eating
DBG_EAT: id=1 time_last_meal=2419
DBG_EAT2: id=1 meals=21
2479 1 has put down the left fork
2479 1 has put down the right fork
2479 2 is thinking
2479 1 is sleeping
2479 2 has taken the left fork
2479 2 has taken the right fork
2479 2 is eating
DBG_EAT: id=2 time_last_meal=2479
2539 1 is thinking
DBG_EAT2: id=2 meals=21
2540 2 has put down the right fork
2540 2 has put down the left fork
2540 2 is sleeping
2540 1 has taken the right fork
2540 1 has taken the left fork
2540 1 is eating
DBG_EAT: id=1 time_last_meal=2540
2600 2 is thinking
DBG_EAT2: id=1 meals=22
2600 1 has put down the left fork
2600 1 has put down the right fork
2600 1 is sleeping
2600 2 has taken the left fork
2600 2 has taken the right fork
2600 2 is eating
DBG_EAT: id=2 time_last_meal=2600
DBG_EAT2: id=2 meals=22
2660 2 has put down the right fork
2660 2 has put down the left fork
2660 1 is thinking
2660 1 has taken the right fork
2660 1 has taken the left fork
2660 1 is eating
DBG_EAT: id=1 time_last_meal=2660
2660 2 is sleeping
DBG_EAT2: id=1 meals=23
2721 1 has put down the left fork
2721 1 has put down the right fork
2721 2 is thinking
2721 1 is sleeping
2721 2 has taken the left fork
2721 2 has taken the right fork
2721 2 is eating
DBG_EAT: id=2 time_last_meal=2721
2781 1 is thinking
DBG_EAT2: id=2 meals=23
2781 2 has put down the right fork
2781 2 has put down the left fork
2781 1 has taken the right fork
2781 1 has taken the left fork
2781 1 is eating
DBG_EAT: id=1 time_last_meal=2781
2781 2 is sleeping
DBG_EAT2: id=1 meals=24
2842 1 has put down the left fork
2842 1 has put down the right fork
2842 2 is thinking
2842 1 is sleeping
2842 2 has taken the left fork
2842 2 has taken the right fork
2842 2 is eating
DBG_EAT: id=2 time_last_meal=2842
2902 1 is thinking
DBG_EAT2: id=2 meals=24
2902 2 has put down the right fork
2902 2 has put down the left fork
2902 2 is sleeping
2902 1 has taken the right fork
2902 1 has taken the left fork
2902 1 is eating
DBG_EAT: id=1 time_last_meal=2902
DBG_EAT2: id=1 meals=25
2963 1 has put down the left fork
2963 1 has put down the right fork
2963 2 is thinking
2963 1 is sleeping
2963 2 has taken the left fork
2963 2 has taken the right fork
2963 2 is eating
DBG_EAT: id=2 time_last_meal=2963
DBG_EAT2: id=2 meals=25
3023 2 has put down the right fork
3023 2 has put down the left fork
3023 1 is thinking
3023 1 has taken the right fork
3023 1 has taken the left fork
3023 1 is eating
DBG_EAT: id=1 time_last_meal=3023
3023 2 is sleeping
DBG_EAT2: id=1 meals=26
3083 1 has put down the left fork
3083 1 has put down the right fork
3083 2 is thinking
3083 1 is sleeping
3084 2 has taken the left fork
3084 2 has taken the right fork
3084 2 is eating
DBG_EAT: id=2 time_last_meal=3084
3144 1 is thinking
DBG_EAT2: id=2 meals=26
3144 2 has put down the right fork
3144 2 has put down the left fork
3144 2 is sleeping
3144 1 has taken the right fork
3144 1 has taken the left fork
3144 1 is eating
DBG_EAT: id=1 time_last_meal=3144
DBG_EAT2: id=1 meals=27
3204 1 has put down the left fork
3204 1 has put down the right fork
3205 2 is thinking
3205 1 is sleeping
3205 2 has taken the left fork
3205 2 has taken the right fork
3205 2 is eating
DBG_EAT: id=2 time_last_meal=3205
DBG_EAT2: id=2 meals=27
3265 2 has put down the right fork
3265 2 has put down the left fork
3265 1 is thinking
3265 1 has taken the right fork
3265 1 has taken the left fork
3265 1 is eating
DBG_EAT: id=1 time_last_meal=3265
3265 2 is sleeping
DBG_EAT2: id=1 meals=28
3325 1 has put down the left fork
3325 1 has put down the right fork
3325 2 is thinking
3325 1 is sleeping
3325 2 has taken the left fork
3326 2 has taken the right fork
3326 2 is eating
DBG_EAT: id=2 time_last_meal=3326
3386 1 is thinking
DBG_EAT2: id=2 meals=28
3386 2 has put down the right fork
3386 2 has put down the left fork
3386 2 is sleeping
3386 1 has taken the right fork
3386 1 has taken the left fork
3386 1 is eating
DBG_EAT: id=1 time_last_meal=3386
DBG_EAT2: id=1 meals=29
3446 1 has put down the left fork
3446 1 has put down the right fork
3446 2 is thinking
3446 1 is sleeping
3447 2 has taken the left fork
3447 2 has taken the right fork
3447 2 is eating
DBG_EAT: id=2 time_last_meal=3447
3507 1 is thinking
DBG_EAT2: id=2 meals=29
3507 2 has put down the right fork
3507 2 has put down the left fork
3507 2 is sleeping
3507 1 has taken the right fork
3507 1 has taken the left fork
3507 1 is eating
DBG_EAT: id=1 time_last_meal=3507
3568 2 is thinking
DBG_EAT2: id=1 meals=30
3568 1 has put down the left fork
3568 1 has put down the right fork
3569 1 is sleeping
3569 2 has taken the left fork
3569 2 has taken the right fork
3569 2 is eating
DBG_EAT: id=2 time_last_meal=3569
3630 1 is thinking
DBG_EAT2: id=2 meals=30
3630 2 has put down the right fork
3630 2 has put down the left fork
3630 1 has taken the right fork
3630 1 has taken the left fork
3630 1 is eating
DBG_EAT: id=1 time_last_meal=3630
3630 2 is sleeping
3691 2 is thinking
DBG_EAT2: id=1 meals=31
3691 1 has put down the left fork
3691 1 has put down the right fork
3691 1 is sleeping
3691 2 has taken the left fork
3691 2 has taken the right fork
3691 2 is eating
DBG_EAT: id=2 time_last_meal=3691
DBG_EAT2: id=2 meals=31
3753 2 has put down the right fork
3753 2 has put down the left fork
3753 1 is thinking
3753 1 has taken the right fork
3753 1 has taken the left fork
3753 1 is eating
DBG_EAT: id=1 time_last_meal=3753
3753 2 is sleeping
DBG_EAT2: id=1 meals=32
3814 1 has put down the left fork
3814 1 has put down the right fork
3814 2 is thinking
3814 1 is sleeping
3815 2 has taken the left fork
3815 2 has taken the right fork
3815 2 is eating
DBG_EAT: id=2 time_last_meal=3815
DBG_EAT2: id=2 meals=32
3876 2 has put down the right fork
3876 2 has put down the left fork
3876 1 is thinking
3876 1 has taken the right fork
3876 1 has taken the left fork
3876 1 is eating
DBG_EAT: id=1 time_last_meal=3876
3876 2 is sleeping
DBG_EAT2: id=1 meals=33
3937 1 has put down the left fork
3937 1 has put down the right fork
3937 2 is thinking
3937 1 is sleeping
3938 2 has taken the left fork
3938 2 has taken the right fork
3938 2 is eating
DBG_EAT: id=2 time_last_meal=3938
DBG_EAT2: id=2 meals=33
3999 2 has put down the right fork
3999 2 has put down the left fork
3999 1 is thinking
3999 1 has taken the right fork
3999 1 has taken the left fork
3999 1 is eating
DBG_EAT: id=1 time_last_meal=3999
3999 2 is sleeping
DBG_EAT2: id=1 meals=34
4060 1 has put down the left fork
4060 1 has put down the right fork
4060 2 is thinking
4061 1 is sleeping
4061 2 has taken the left fork
4061 2 has taken the right fork
4061 2 is eating
DBG_EAT: id=2 time_last_meal=4061
4122 1 is thinking
DBG_EAT2: id=2 meals=34
4122 2 has put down the right fork
4122 2 has put down the left fork
4122 2 is sleeping
4123 1 has taken the right fork
4123 1 has taken the left fork
4123 1 is eating
DBG_EAT: id=1 time_last_meal=4123
4183 2 is thinking
DBG_EAT2: id=1 meals=35
4184 1 has put down the left fork
4184 1 has put down the right fork
4184 1 is sleeping
4184 2 has taken the left fork
4184 2 has taken the right fork
4184 2 is eating
DBG_EAT: id=2 time_last_meal=4184
DBG_EAT2: id=2 meals=35
4245 2 has put down the right fork
4245 2 has put down the left fork
4245 1 is thinking
4245 1 has taken the right fork
4245 1 has taken the left fork
4245 1 is eating
DBG_EAT: id=1 time_last_meal=4245
4245 2 is sleeping
DBG_EAT2: id=1 meals=36
4307 1 has put down the left fork
4307 1 has put down the right fork
4307 2 is thinking
4307 1 is sleeping
4307 2 has taken the left fork
4307 2 has taken the right fork
4307 2 is eating
DBG_EAT: id=2 time_last_meal=4307
DBG_EAT2: id=2 meals=36
4368 2 has put down the right fork
4368 2 has put down the left fork
4368 1 is thinking
4368 1 has taken the right fork
4368 1 has taken the left fork
4368 1 is eating
DBG_EAT: id=1 time_last_meal=4368
4368 2 is sleeping
DBG_EAT2: id=1 meals=37
4429 1 has put down the left fork
4429 1 has put down the right fork
4429 2 is thinking
4429 1 is sleeping
4430 2 has taken the left fork
4430 2 has taken the right fork
4430 2 is eating
DBG_EAT: id=2 time_last_meal=4430
4491 1 is thinking
DBG_EAT2: id=2 meals=37
4491 2 has put down the right fork
4491 2 has put down the left fork
4491 1 has taken the right fork
4491 1 has taken the left fork
4491 1 is eating
DBG_EAT: id=1 time_last_meal=4491
4491 2 is sleeping
DBG_EAT2: id=1 meals=38
4552 1 has put down the left fork
4552 1 has put down the right fork
4552 2 is thinking
4552 1 is sleeping
4552 2 has taken the left fork
4552 2 has taken the right fork
4552 2 is eating
DBG_EAT: id=2 time_last_meal=4552
4613 1 is thinking
DBG_EAT2: id=2 meals=38
4613 2 has put down the right fork
4613 2 has put down the left fork
4613 2 is sleeping
4613 1 has taken the right fork
4613 1 has taken the left fork
4613 1 is eating
DBG_EAT: id=1 time_last_meal=4613
DBG_EAT2: id=1 meals=39
5625 1 has put down the left fork
5625 1 has put down the right fork
5625 2 is thinking
5625 1 is sleeping
5625 1 has died (last meal at 4613)
