DBG_INIT: meal_mutex init for philo 1
DBG_INIT: meal_mutex init for philo 2
DBG_INIT: meal_mutex init for philo 3
DBG_INIT: meal_mutex init for philo 4
DBG_INIT: meal_mutex init for philo 5
DBG: init philo[1].time_last_meal=0
DBG: init philo[2].time_last_meal=0
DBG: init philo[3].time_last_meal=0
DBG: init philo[4].time_last_meal=0
DBG: init philo[5].time_last_meal=0
0 1 has taken the right fork
0 1 has taken the left fork
0 1 is eating
DBG_EAT: id=1 time_last_meal=0
1 3 has taken the right fork
1 3 has taken the left fork
1 3 is eating
DBG_EAT: id=3 time_last_meal=1
1 4 has taken the left fork
DBG: start_time=1758387807453
DBG_EAT2: id=1 meals=1
101 1 has put down the left fork
101 1 has put down the right fork
101 1 is sleeping
DBG_EAT2: id=3 meals=1
101 3 has put down the left fork
101 3 has put down the right fork
101 3 is sleeping
101 4 has taken the right fork
101 4 is eating
DBG_EAT: id=4 time_last_meal=101
101 2 has taken the left fork
101 2 has taken the right fork
101 2 is eating
DBG_EAT: id=2 time_last_meal=101
201 1 is thinking
201 1 has taken the right fork
201 3 is thinking
DBG_EAT2: id=4 meals=1
201 4 has put down the right fork
201 4 has put down the left fork
201 4 is sleeping
201 5 has taken the right fork
DBG_EAT2: id=2 meals=1
202 2 has put down the right fork
202 2 has put down the left fork
202 2 is sleeping
202 1 has taken the left fork
202 1 is eating
DBG_EAT: id=1 time_last_meal=202
202 3 has taken the right fork
202 3 has taken the left fork
202 3 is eating
DBG_EAT: id=3 time_last_meal=202
302 4 is thinking
302 2 is thinking
DBG_EAT2: id=1 meals=2
302 1 has put down the left fork
302 1 has put down the right fork
302 1 is sleeping
302 5 has taken the left fork
302 5 is eating
DBG_EAT: id=5 time_last_meal=302
DBG_EAT2: id=3 meals=2
302 3 has put down the left fork
302 3 has put down the right fork
302 3 is sleeping
302 2 has taken the left fork
302 2 has taken the right fork
302 2 is eating
DBG_EAT: id=2 time_last_meal=302
402 1 is thinking
DBG_EAT2: id=5 meals=1
402 5 has put down the left fork
402 5 has put down the right fork
402 3 is thinking
402 1 has taken the right fork
402 5 is sleeping
402 4 has taken the left fork
402 4 has taken the right fork
402 4 is eating
DBG_EAT: id=4 time_last_meal=402
DBG_EAT2: id=2 meals=2
402 2 has put down the right fork
403 2 has put down the left fork
403 2 is sleeping
403 1 has taken the left fork
403 1 is eating
DBG_EAT: id=1 time_last_meal=403
403 3 has taken the right fork
DBG_EAT2: id=4 meals=2
503 5 is thinking
503 4 has put down the right fork
503 4 has put down the left fork
503 4 is sleeping
503 3 has taken the left fork
503 2 is thinking
503 3 is eating
DBG_EAT: id=3 time_last_meal=503
503 5 has taken the right fork
DBG_EAT2: id=1 meals=3
503 1 has put down the left fork
503 1 has put down the right fork
503 1 is sleeping
503 5 has taken the left fork
503 5 is eating
DBG_EAT: id=5 time_last_meal=503
DBG_EAT2: id=3 meals=3
603 3 has put down the left fork
603 4 is thinking
603 3 has put down the right fork
603 2 has taken the left fork
603 2 has taken the right fork
603 2 is eating
DBG_EAT: id=2 time_last_meal=603
603 3 is sleeping
603 1 is thinking
DBG_EAT2: id=5 meals=2
603 5 has put down the left fork
603 5 has put down the right fork
603 1 has taken the right fork
604 5 is sleeping
604 4 has taken the left fork
604 4 has taken the right fork
604 4 is eating
DBG_EAT: id=4 time_last_meal=604
DBG_EAT2: id=2 meals=3
703 3 is thinking
703 2 has put down the right fork
703 2 has put down the left fork
703 1 has taken the left fork
703 1 is eating
DBG_EAT: id=1 time_last_meal=703
703 2 is sleeping
703 3 has taken the right fork
704 5 is thinking
DBG_EAT2: id=4 meals=3
704 4 has put down the right fork
704 3 has taken the left fork
704 3 is eating
DBG_EAT: id=3 time_last_meal=704
704 4 has put down the left fork
704 4 is sleeping
704 5 has taken the right fork
DBG_EAT2: id=1 meals=4
804 1 has put down the left fork
804 2 is thinking
804 1 has put down the right fork
804 1 is sleeping
804 5 has taken the left fork
804 5 is eating
DBG_EAT: id=5 time_last_meal=804
804 4 is thinking
DBG_EAT2: id=3 meals=4
804 3 has put down the left fork
804 3 has put down the right fork
804 3 is sleeping
804 2 has taken the left fork
804 2 has taken the right fork
804 2 is eating
DBG_EAT: id=2 time_last_meal=804
904 1 is thinking
DBG_EAT2: id=5 meals=3
904 5 has put down the left fork
904 5 has put down the right fork
904 1 has taken the right fork
904 5 is sleeping
904 All philosophers ate enough
DBG_EAT2: id=2 meals=4
