DBG_INIT: meal_mutex init for philo 1
DBG_INIT: meal_mutex init for philo 2
DBG_INIT: meal_mutex init for philo 3
DBG_INIT: meal_mutex init for philo 4
DBG_INIT: meal_mutex init for philo 5
DBG: init philo[1].time_last_meal=0
DBG: init philo[2].time_last_meal=0
DBG: init philo[3].time_last_meal=0
DBG: init philo[4].time_last_meal=0
DBG: init philo[5].time_last_meal=0
0 1 has taken the right fork
0 1 has taken the left fork
0 1 is eating
DBG_EAT: id=1 time_last_meal=0
0 3 has taken the right fork
0 3 has taken the left fork
0 3 is eating
DBG_EAT: id=3 time_last_meal=0
0 5 has taken the right fork
DBG: start_time=1758387909440
DBG_EAT2: id=1 meals=1
100 1 has put down the left fork
100 1 has put down the right fork
100 1 is sleeping
100 5 has taken the left fork
100 5 is eating
DBG_EAT: id=5 time_last_meal=100
DBG_EAT2: id=3 meals=1
100 3 has put down the left fork
100 3 has put down the right fork
100 2 has taken the left fork
100 2 has taken the right fork
100 2 is eating
DBG_EAT: id=2 time_last_meal=100
100 3 is sleeping
200 1 is thinking
DBG_EAT2: id=5 meals=1
200 5 has put down the left fork
200 1 has taken the right fork
200 5 has put down the right fork
200 5 is sleeping
200 4 has taken the left fork
200 4 has taken the right fork
200 4 is eating
DBG_EAT: id=4 time_last_meal=200
200 3 is thinking
DBG_EAT2: id=2 meals=1
200 2 has put down the right fork
200 1 has taken the left fork
200 1 is eating
DBG_EAT: id=1 time_last_meal=200
200 2 has put down the left fork
200 2 is sleeping
200 3 has taken the right fork
DBG_EAT2: id=4 meals=1
300 4 has put down the right fork
300 4 has put down the left fork
300 4 is sleeping
300 3 has taken the left fork
300 3 is eating
DBG_EAT: id=3 time_last_meal=300
300 5 is thinking
300 5 has taken the right fork
300 2 is thinking
DBG_EAT2: id=1 meals=2
301 1 has put down the left fork
301 1 has put down the right fork
301 1 is sleeping
301 5 has taken the left fork
301 5 is eating
DBG_EAT: id=5 time_last_meal=301
400 4 is thinking
DBG_EAT2: id=3 meals=2
400 3 has put down the left fork
400 3 has put down the right fork
400 2 has taken the left fork
400 2 has taken the right fork
400 2 is eating
DBG_EAT: id=2 time_last_meal=400
400 3 is sleeping
401 1 is thinking
DBG_EAT2: id=5 meals=2
401 5 has put down the left fork
401 5 has put down the right fork
401 5 is sleeping
401 4 has taken the left fork
401 4 has taken the right fork
401 4 is eating
DBG_EAT: id=4 time_last_meal=401
401 1 has taken the right fork
501 3 is thinking
DBG_EAT2: id=2 meals=2
501 2 has put down the right fork
501 1 has taken the left fork
501 1 is eating
DBG_EAT: id=1 time_last_meal=501
501 2 has put down the left fork
501 3 has taken the right fork
501 2 is sleeping
DBG_EAT2: id=4 meals=2
501 4 has put down the right fork
501 4 has put down the left fork
501 4 is sleeping
501 3 has taken the left fork
501 3 is eating
DBG_EAT: id=3 time_last_meal=501
501 5 is thinking
501 5 has taken the right fork
DBG_EAT2: id=1 meals=3
601 1 has put down the left fork
601 2 is thinking
601 1 has put down the right fork
601 1 is sleeping
601 5 has taken the left fork
601 5 is eating
DBG_EAT: id=5 time_last_meal=601
601 4 is thinking
DBG_EAT2: id=3 meals=3
601 3 has put down the left fork
601 3 has put down the right fork
601 2 has taken the left fork
601 2 has taken the right fork
601 2 is eating
DBG_EAT: id=2 time_last_meal=601
601 3 is sleeping
DBG_EAT2: id=5 meals=3
701 5 has put down the left fork
DBG_EAT2: id=2 meals=3
701 2 has put down the right fork
701 2 has put down the left fork
701 2 is sleeping
701 1 is thinking
701 1 has taken the right fork
701 1 has taken the left fork
701 1 is eating
DBG_EAT: id=1 time_last_meal=701
701 5 has put down the right fork
701 3 is thinking
701 3 has taken the right fork
701 3 has taken the left fork
701 3 is eating
DBG_EAT: id=3 time_last_meal=701
701 5 is sleeping
701 4 has taken the left fork
801 2 is thinking
DBG_EAT2: id=1 meals=4
801 1 has put down the left fork
801 1 has put down the right fork
DBG_EAT2: id=3 meals=4
801 5 is thinking
801 3 has put down the left fork
801 3 has put 