DBG_INIT: meal_mutex init for philo 1
DBG_INIT: meal_mutex init for philo 2
DBG_INIT: meal_mutex init for philo 3
DBG: init philo[1].time_last_meal=0
DBG: init philo[2].time_last_meal=0
DBG: init philo[3].time_last_meal=0
0 1 has taken the right fork
0 1 has taken the left fork
0 1 is eating
DBG_EAT: id=1 time_last_meal=0
0 3 has taken the right fork
DBG: start_time=1758403481980
DBG_EAT2: id=1 meals=1
60 1 has put down the left fork
60 1 has put down the right fork
60 1 is sleeping
60 3 has taken the left fork
60 3 is eating
DBG_EAT: id=3 time_last_meal=60
DBG_EAT2: id=3 meals=1
121 3 has put down the left fork
121 3 has put down the right fork
121 3 is sleeping
121 2 has taken the left fork
121 2 has taken the right fork
121 2 is eating
DBG_EAT: id=2 time_last_meal=121
DBG_EAT2: id=2 meals=1
181 2 has put down the right fork
181 2 has put down the left fork
181 2 is sleeping
260 1 is thinking
260 1 has taken the right fork
260 1 has taken the left fork
260 1 is eating
DBG_EAT: id=1 time_last_meal=260
DBG_EAT2: id=1 meals=2
321 1 has put down the left fork
321 1 has put down the right fork
321 1 is sleeping
321 3 is thinking
321 3 has taken the right fork
321 3 has taken the left fork
321 3 is eating
DBG_EAT: id=3 time_last_meal=321
DBG_EAT2: id=3 meals=2
381 3 has put down the left fork
381 3 has put down the right fork
381 3 is sleeping
382 2 is thinking
382 2 has taken the left fork
382 2 has taken the right fork
382 2 is eating
DBG_EAT: id=2 time_last_meal=382
DBG_EAT2: id=2 meals=2
442 2 has put down the right fork
442 2 has put down the left fork
442 2 is sleeping
521 1 is thinking
521 1 has taken the right fork
521 1 has taken the left fork
521 1 is eating
DBG_EAT: id=1 time_last_meal=521
DBG_EAT2: id=1 meals=3
581 1 has put down the left fork
581 1 has put down the right fork
581 1 is sleeping
582 3 is thinking
582 3 has taken the right fork
582 3 has taken the left fork
582 3 is eating
DBG_EAT: id=3 time_last_meal=582
DBG_EAT2: id=3 meals=3
642 3 has put down the left fork
642 3 has put down the right fork
642 3 is sleeping
642 2 is thinking
643 2 has taken the left fork
643 2 has taken the right fork
643 2 is eating
DBG_EAT: id=2 time_last_meal=643
DBG_EAT2: id=2 meals=3
703 2 has put down the right fork
703 2 has put down the left fork
703 2 is sleeping
781 1 is thinking
781 1 has taken the right fork
781 1 has taken the left fork
781 1 is eating
DBG_EAT: id=1 time_last_meal=781
DBG_EAT2: id=1 meals=4
841 1 has put down the left fork
841 1 has put down the right fork
842 1 is sleeping
842 3 is thinking
842 3 has taken the right fork
842 3 has taken the left fork
842 3 is eating
DBG_EAT: id=3 time_last_meal=842
DBG_EAT2: id=3 meals=4
902 3 has put down the left fork
902 3 has put down the right fork
902 3 is sleeping
903 2 is thinking
903 2 has taken the left fork
903 2 has taken the right fork
903 2 is eating
DBG_EAT: id=2 time_last_meal=903
DBG_EAT2: id=2 meals=4
964 2 has put down the right fork
964 2 has put down the left fork
964 2 is sleeping
1042 1 is thinking
1042 1 has taken the right fork
1042 1 has taken the left fork
1042 1 is eating
DBG_EAT: id=1 time_last_meal=1042
DBG_EAT2: id=1 meals=5
1102 1 has put down the left fork
1102 1 has put down the right fork
1102 1 is sleeping
1103 3 is thinking
1103 3 has taken the right fork
1103 3 has taken the left fork
1103 3 is eating
DBG_EAT: id=3 time_last_meal=1103
DBG_EAT2: id=3 meals=5
1163 3 has put down the left fork
1163 3 has put down the right fork
1163 3 is sleeping
1164 2 is thinking
1164 2 has taken the left fork
1164 2 has taken the right fork
1164 2 is eating
DBG_EAT: id=2 time_last_meal=1164
DBG_EAT2: id=2 meals=5
1224 2 has put down the right fork
1224 2 has put down the left fork
1224 2 is sleeping
1302 1 is thinking
1302 1 has taken the right fork
1302 1 has taken the left fork
1302 1 is eating
DBG_EAT: id=1 time_last_meal=1302
DBG_EAT2: id=1 meals=6
1363 1 has put down the left fork
1363 1 has put down the right fork
1363 1 is sleeping
1363 3 is thinking
1363 3 has taken the right fork
1363 3 has taken the left fork
1363 3 is eating
DBG_EAT: id=3 time_last_meal=1363
DBG_EAT2: id=3 meals=6
1423 3 has put down the left fork
1423 3 has put down the right fork
1423 3 is sleeping
1425 2 is thinking
1425 2 has taken the left fork
1425 2 has taken the right fork
1425 2 is eating
DBG_EAT: id=2 time_last_meal=1425
DBG_EAT2: id=2 meals=6
1485 2 has put down the right fork
1485 2 has put down the left fork
1485 2 is sleeping
1563 1 is thinking
1563 1 has taken the right fork
1563 1 has taken the left fork
1563 1 is eating
DBG_EAT: id=1 time_last_meal=1563
DBG_EAT2: id=1 meals=7
1623 1 has put down the left fork
1623 1 has put down the right fork
1623 1 is sleeping
1623 3 is thinking
1623 3 has taken the right fork
1623 3 has taken the left fork
1623 3 is eating
DBG_EAT: id=3 time_last_meal=1623
DBG_EAT2: id=3 meals=7
1684 3 has put down the left fork
1684 3 has put down the right fork
1684 3 is sleeping
1685 2 is thinking
1685 2 has taken the left fork
1685 2 has taken the right fork
1685 2 is eating
DBG_EAT: id=2 time_last_meal=1685
DBG_EAT2: id=2 meals=7
1746 2 has put down the right fork
1746 2 has put down the left fork
1746 2 is sleeping
1823 1 is thinking
1823 1 has taken the right fork
1823 1 has taken the left fork
1823 1 is eating
DBG_EAT: id=1 time_last_meal=1823
DBG_EAT2: id=1 meals=8
1883 1 has put down the left fork
1883 1 has put down the right fork
1883 1 is sleeping
1884 3 is thinking
1884 3 has taken the right fork
1884 3 has taken the left fork
1884 3 is eating
DBG_EAT: id=3 time_last_meal=1884
DBG_EAT2: id=3 meals=8
1944 3 has put down the left fork
1944 3 has put down the right fork
1944 3 is sleeping
1946 2 is thinking
1946 2 has taken the left fork
1946 2 has taken the right fork
1946 2 is eating
DBG_EAT: id=2 time_last_meal=1946
DBG_EAT2: id=2 meals=8
2006 2 has put down the right fork
2006 2 has put down the left fork
2006 2 is sleeping
2083 1 is thinking
2083 1 has taken the right fork
2083 1 has taken the left fork
2083 1 is eating
DBG_EAT: id=1 time_last_meal=2083
DBG_EAT2: id=1 meals=9
2144 1 has put down the left fork
2144 1 has put down the right fork
2144 1 is sleeping
2144 3 is thinking
2144 3 has taken the right fork
2144 3 has taken the left fork
2144 3 is eating
DBG_EAT: id=3 time_last_meal=2144
DBG_EAT2: id=3 meals=9
2205 3 has put down the left fork
2205 3 has put down the right fork
2205 3 is sleeping
2207 2 is thinking
2207 2 has taken the left fork
2207 2 has taken the right fork
2207 2 is eating
DBG_EAT: id=2 time_last_meal=2207
DBG_EAT2: id=2 meals=9
2267 2 has put down the right fork
2267 2 has put down the left fork
2267 2 is sleeping
2344 1 is thinking
2344 1 has taken the right fork
2344 1 has taken the left fork
2344 1 is eating
DBG_EAT: id=1 time_last_meal=2344
DBG_EAT2: id=1 meals=10
2404 1 has put down the left fork
2404 1 has put down the right fork
2404 1 is sleeping
2405 3 is thinking
2405 3 has taken the right fork
2405 3 has taken the left fork
2405 3 is eating
DBG_EAT: id=3 time_last_meal=2405
DBG_EAT2: id=3 meals=10
2465 3 has put down the left fork
2465 3 has put down the right fork
2465 3 is sleeping
2467 2 is thinking
2468 2 has taken the left fork
2468 2 has taken the right fork
2468 2 is eating
DBG_EAT: id=2 time_last_meal=2468
DBG_EAT2: id=2 meals=10
2528 2 has put down the right fork
2528 2 has put down the left fork
2528 2 is sleeping
2604 1 is thinking
2604 1 has taken the right fork
2604 1 has taken the left fork
2604 1 is eating
DBG_EAT: id=1 time_last_meal=2604
DBG_EAT2: id=1 meals=11
2665 1 has put down the left fork
2665 1 has put down the right fork
2665 1 is sleeping
2665 3 is thinking
2665 3 has taken the right fork
2665 3 has taken the left fork
2665 3 is eating
DBG_EAT: id=3 time_last_meal=2665
DBG_EAT2: id=3 meals=11
2726 3 has put down the left fork
2726 3 has put down the right fork
2726 3 is sleeping
2728 2 is thinking
2728 2 has taken the left fork
2728 2 has taken the right fork
2728 2 is eating
DBG_EAT: id=2 time_last_meal=2728
DBG_EAT2: id=2 meals=11
2788 2 has put down the right fork
2788 2 has put down the left fork
2788 2 is sleeping
2865 1 is thinking
2865 1 has taken the right fork
2865 1 has taken the left fork
2865 1 is eating
DBG_EAT: id=1 time_last_meal=2865
DBG_EAT2: id=1 meals=12
2925 1 has put down the left fork
2925 1 has put down the right fork
2925 1 is sleeping
2926 3 is thinking
2926 3 has taken the right fork
2926 3 has taken the left fork
2926 3 is eating
DBG_EAT: id=3 time_last_meal=2926
DBG_EAT2: id=3 meals=12
2986 3 has put down the left fork
2986 3 has put down the right fork
2986 3 is sleeping
2988 2 is thinking
2988 2 has taken the left fork
2988 2 has taken the right fork
2988 2 is eating
DBG_EAT: id=2 time_last_meal=2988
DBG_EAT2: id=2 meals=12
3049 2 has put down the right fork
3049 2 has put down the left fork
3049 2 is sleeping
3125 1 is thinking
3125 1 has taken the right fork
3125 1 has taken the left fork
3125 1 is eating
DBG_EAT: id=1 time_last_meal=3125
DBG_EAT2: id=1 meals=13
3185 1 has put down the left fork
3185 1 has put down the right fork
3185 1 is sleeping
3186 3 is thinking
3186 3 has taken the right fork
3186 3 has taken the left fork
3186 3 is eating
DBG_EAT: id=3 time_last_meal=3186
DBG_EAT2: id=3 meals=13
3246 3 has put down the left fork
3246 3 has put down the right fork
3247 3 is sleeping
3249 2 is thinking
3249 2 has taken the left fork
3249 2 has taken the right fork
3249 2 is eating
DBG_EAT: id=2 time_last_meal=3249
DBG_EAT2: id=2 meals=13
3309 2 has put down the right fork
3309 2 has put down the left fork
3309 2 is sleeping
3385 1 is thinking
3385 1 has taken the right fork
3385 1 has taken the left fork
3385 1 is eating
DBG_EAT: id=1 time_last_meal=3385
DBG_EAT2: id=1 meals=14
3446 1 has put down the left fork
3446 1 has put down the right fork
3446 1 is sleeping
3447 3 is thinking
3447 3 has taken the right fork
3447 3 has taken the left fork
3447 3 is eating
DBG_EAT: id=3 time_last_meal=3447
DBG_EAT2: id=3 meals=14
3507 3 has put down the left fork
3507 3 has put down the right fork
3507 3 is sleeping
3509 2 is thinking
3510 2 has taken the left fork
3510 2 has taken the right fork
3510 2 is eating
DBG_EAT: id=2 time_last_meal=3510
DBG_EAT2: id=2 meals=14
3570 2 has put down the right fork
3570 2 has put down the left fork
3570 2 is sleeping
3646 1 is thinking
3646 1 has taken the right fork
3646 1 has taken the left fork
3646 1 is eating
DBG_EAT: id=1 time_last_meal=3646
DBG_EAT2: id=1 meals=15
3706 1 has put down the left fork
3706 1 has put down the right fork
3706 1 is sleeping
3707 3 is thinking
3707 3 has taken the right fork
3707 3 has taken the left fork
3707 3 is eating
DBG_EAT: id=3 time_last_meal=3707
DBG_EAT2: id=3 meals=15
3767 3 has put down the left fork
3767 3 has put down the right fork
3767 3 is sleeping
3770 2 is thinking
3770 2 has taken the left fork
3770 2 has taken the right fork
3770 2 is eating
DBG_EAT: id=2 time_last_meal=3770
DBG_EAT2: id=2 meals=15
3831 2 has put down the right fork
3831 2 has put down the left fork
3831 2 is sleeping
3906 1 is thinking
3906 1 has taken the right fork
3906 1 has taken the left fork
3906 1 is eating
DBG_EAT: id=1 time_last_meal=3906
DBG_EAT2: id=1 meals=16
3967 1 has put down the left fork
3967 1 has put down the right fork
3967 1 is sleeping
3968 3 is thinking
3968 3 has taken the right fork
3968 3 has taken the left fork
3968 3 is eating
DBG_EAT: id=3 time_last_meal=3968
DBG_EAT2: id=3 meals=16
4028 3 has put down the left fork
4028 3 has put down the right fork
4028 3 is sleeping
4031 2 is thinking
4031 2 has taken the left fork
4031 2 has taken the right fork
4031 2 is eating
DBG_EAT: id=2 time_last_meal=4031
DBG_EAT2: id=2 meals=16
4091 2 has put down the right fork
4091 2 has put down the left fork
4092 2 is sleeping
4167 1 is thinking
4167 1 has taken the right fork
4167 1 has taken the left fork
4167 1 is eating
DBG_EAT: id=1 time_last_meal=4167
DBG_EAT2: id=1 meals=17
4227 1 has put down the left fork
4227 1 has put down the right fork
4227 1 is sleeping
4228 3 is thinking
4228 3 has taken the right fork
4228 3 has taken the left fork
4228 3 is eating
DBG_EAT: id=3 time_last_meal=4228
DBG_EAT2: id=3 meals=17
4289 3 has put down the left fork
4289 3 has put down the right for