DBG_INIT: meal_mutex init for philo 1
DBG_INIT: meal_mutex init for philo 2
DBG_INIT: meal_mutex init for philo 3
DBG_INIT: meal_mutex init for philo 4
DBG: init philo[1].time_last_meal=0
DBG: init philo[2].time_last_meal=0
DBG: init philo[3].time_last_meal=0
DBG: init philo[4].time_last_meal=0
0 1 has taken the right fork
0 1 has taken the left fork
0 1 is eating
DBG_EAT: id=1 time_last_meal=0
0 2 has taken the left fork
DBG: start_time=1758387226949
DBG_EAT2: id=1 meals=1
200 1 has put down the left fork
200 1 has put down the right fork
200 1 is sleeping
200 2 has taken the right fork
200 2 is eating
DBG_EAT: id=2 time_last_meal=200
200 4 has taken the left fork
200 4 has taken the right fork
200 4 is eating
DBG_EAT: id=4 time_last_meal=200
401 1 is thinking
DBG_EAT2: id=4 meals=1
401 4 has put down the right fork
DBG_EAT2: id=2 meals=1
401 2 has put down the right fork
401 4 has put down the left fork
401 4 is sleeping
401 2 has put down the left fork
401 1 has taken the right fork
401 1 has taken the left fork
401 1 is eating
DBG_EAT: id=1 time_last_meal=401
401 2 is sleeping
401 3 has taken the right fork
401 3 has taken the left fork
401 3 is eating
DBG_EAT: id=3 time_last_meal=401
DBG_EAT2: id=3 meals=1
602 3 has put down the left fork
602 3 has put down the right fork
DBG_EAT2: id=1 meals=2
602 3 is sleeping
602 1 has put down the left fork
602 1 has put down the right fork
602 1 is sleeping
602 4 is thinking
602 2 is thinking
602 4 has taken the left fork
602 4 has taken the right fork
602 4 is eating
DBG_EAT: id=4 time_last_meal=602
603 2 has taken the left fork
603 2 has taken the right fork
603 2 is eating
DBG_EAT: id=2 time_last_meal=603
803 1 is thinking
803 3 is thinking
DBG_EAT2: id=4 meals=2
803 4 has put down the right fork
803 4 has put down the left fork
803 4 is sleeping
803 1 has taken the right fork
DBG_EAT2: id=2 meals=2
803 2 has put down the right fork
803 1 has taken the left fork
803 1 is eating
DBG_EAT: id=1 time_last_meal=803
803 2 has put down the left fork
803 2 is sleeping
803 3 has taken the right fork
803 3 has taken the left fork
803 3 is eating
DBG_EAT: id=3 time_last_meal=803
1003 4 is thinking
DBG_EAT2: id=1 meals=3
1003 1 has put down the left fork
1003 1 has put down the right fork
1003 1 is sleeping
1003 2 is thinking
DBG_EAT2: id=3 meals=2
1003 3 has put down the left fork
1003 3 has put down the right fork
1003 4 has taken the left fork
1003 4 has taken the right fork
1003 4 is eating
DBG_EAT: id=4 time_last_meal=1003
1003 3 is sleeping
1003 2 has taken the left fork
1003 2 has taken the right fork
1003 2 is eating
DBG_EAT: id=2 time_last_meal=1003
1203 1 is thinking
DBG_EAT2: id=4 meals=3
1203 4 has put down the right fork
DBG_EAT2: id=2 meals=3
1203 2 has put down the right fork
1203 2 has put down the left fork
1203 2 is sleeping
1203 4 has put down the left fork
1203 3 is thinking
1203 3 has taken the right fork
1203 3 has taken the left fork
1203 3 is eating
DBG_EAT: id=3 time_last_meal=1203
1203 4 is sleeping
1204 1 has taken the right fork
1204 1 has taken the left fork
1204 1 is eating
DBG_EAT: id=1 time_last_meal=1204
DBG_EAT2: id=3 meals=3
1404 3 has put down the left fork
1404 3 has put down the right fork
1404 3 is sleeping
1404 4 is thinking
1404 2 is thinking
DBG_EAT2: id=1 meals=4
1404 1 has put down the left fork
1404 1 has put down the right fork
1404 1 is sleeping
1404 4 has taken the left fork
1404 4 has taken the right fork
1404 4 is eating
DBG_EAT: id=4 time_last_meal=1404
1404 2 has taken the left fork
1404 2 has taken the right fork
1404 2 is eating
DBG_EAT: id=2 time_last_meal=1404
1604 3 is thinking
1604 1 is thinking
DBG_EAT2: id=4 meals=4
1604 4 has put down the right fork
1604 4 has put down the left fork
1604 4 is sleeping
DBG_EAT2: id=2 meals=4
1604 2 has put down the right fork
1604 1 has taken the right fork
1604 2 has put down the left fork
1604 1 has taken the left fork
1604 1 is eating
DBG_EAT: id=1 time_last_meal=1604
1604 3 has taken the right fork
1604 3 has taken the left fork
1604 3 is eating
DBG_EAT: id=3 time_last_meal=1604
1604 2 is sleeping
DBG_EAT2: id=1 meals=5
1804 1 has put down the left fork
1804 1 has put down the right fork
1804 1 is sleeping
1804 4 is thinking
DBG_EAT2: id=3 meals=4
1804 3 has put down the left fork
1804 3 has put down the right fork
1804 4 has taken the left fork
1804 4 has taken the right fork
1804 4 is eating
DBG_EAT: id=4 time_last_meal=1804
1804 3 is sleeping
1804 2 is thinking
1805 2 has taken the left fork
1805 2 has taken the right fork
1805 2 is eating
DBG_EAT: id=2 time_last_meal=1805
2004 1 is thinking
DBG_EAT2: id=4 meals=5
2005 4 has put down the right fork
2005 3 is thinking
2005 4 has put down the left fork
2005 4 is sleeping
2005 1 has taken the right fork
DBG_EAT2: id=2 meals=5
2005 2 has put down the right fork
2005 2 has put down the left fork
2005 2 is sleeping
2005 1 has taken the left fork
2005 1 is eating
DBG_EAT: id=1 time_last_meal=2005
2005 3 has taken the right fork
2005 3 has taken the left fork
2005 3 is eating
DBG_EAT: id=3 time_last_meal=2005
2205 4 is thinking
2205 2 is thinking
DBG_EAT2: id=1 meals=6
2205 1 has put down the left fork
2205 1 has put down the right fork
2205 1 is sleeping
DBG_EAT2: id=3 meals=5
2205 3 has put down the left fork
2205 3 has put down the right fork
2205 3 is sleeping
2205 4 has taken the left fork
2205 4 has taken the right fork
2205 4 is eating
DBG_EAT: id=4 time_last_meal=2205
2205 2 has taken the left fork
2205 2 has taken the right fork
2205 2 is eating
DBG_EAT: id=2 time_last_meal=2205
2405 1 is thinking
2405 3 is thinking
DBG_EAT2: id=4 meals=6
2405 4 has put down the right fork
2405 4 has put down the left fork
2405 4 is sleeping
DBG_EAT2: id=2 meals=6
2406 2 has put down the right fork
2406 1 has taken the right fork
2406 1 has taken the left fork
2406 1 is eating
DBG_EAT: id=1 time_last_meal=2406
2406 2 has put down the left fork
2406 2 is sleeping
2406 3 has taken the right fork
2406 3 has taken the left fork
2406 3 is eating
DBG_EAT: id=3 time_last_meal=2406
2606 4 is thinking
DBG_EAT2: id=1 meals=7
2606 1 has put down the left fork
2606 1 has put down the right fork
2606 1 is sleeping
2606 4 has taken the left fork
DBG_EAT2: id=3 meals=6
2606 2 is thinking
2606 3 has put down the left fork
2606 3 has put down the right fork
2606 3 is sleeping
2606 4 has taken the right fork
2606 4 is eating
DBG_EAT: id=4 time_last_meal=2606
2606 2 has taken the left fork
2606 2 has taken the right fork
2606 2 is eating
DBG_EAT: id=2 time_last_meal=2606
2806 1 is thinking
2806 3 is thinking
DBG_EAT2: id=4 meals=7
2806 4 has put down the right fork
2806 4 has put down the left fork
2806 4 is sleeping
DBG_EAT2: id=2 meals=7
2806 2 has put down the right fork
2806 1 has taken the right fork
2806 1 has taken the left fork
2806 1 is eating
DBG_EAT: id=1 time_last_meal=2806
2806 2 has put down the left fork
2806 2 is sleeping
2806 3 has taken the right fork
2806 3 has taken the left fork
2806 3 is eating
DBG_EAT: id=3 time_last_meal=2806
DBG_EAT2: id=1 meals=8
3006 1 has put down the left fork
3006 1 has put down the right fork
3006 4 is thinking
3006 1 is sleeping
3006 2 is thinking
DBG_EAT2: id=3 meals=7
3007 3 has put down the left fork
3007 3 has put down the right fork
3007 4 has taken the left fork
3007 4 has taken the right fork
3007 4 is eating
DBG_EAT: id=4 time_last_meal=3007
3007 3 is sleeping
3007 2 has taken the left fork
3007 2 has taken the right fork
3007 2 is eating
DBG_EAT: id=2 time_last_meal=3007
3207 1 is thinking
DBG_EAT2: id=4 meals=8
3207 4 has put down the right fork
3207 4 has put down the left fork
3207 3 is thinking
DBG_EAT2: id=2 meals=8
3207 2 has put down the right fork
3207 4 is sleeping
3207 1 has taken the right fork
3207 1 has taken the left fork
3207 1 is eating
DBG_EAT: id=1 time_last_meal=3207
3207 2 has put down the left fork
3207 2 is sleeping
3207 3 has taken the right fork
3207 3 has taken the left fork
3207 3 is eating
DBG_EAT: id=3 time_last_meal=3207
3407 4 is thinking
DBG_EAT2: id=1 meals=9
3407 1 has put down the left fork
3407 1 has put down the right fork
3407 2 is thinking
3407 1 is sleeping
3407 4 has taken the left fork
DBG_