DBG_INIT: meal_mutex init for philo 1
DBG_INIT: meal_mutex init for philo 2
DBG: init philo[1].time_last_meal=0
DBG: init philo[2].time_last_meal=0
0 1 has taken the right fork
0 1 has taken the left fork
0 1 is eating
DBG_EAT: id=1 time_last_meal=0
DBG: start_time=1758403269143
DBG_EAT2: id=1 meals=1
101 1 has put down the left fork
101 1 has put down the right fork
101 1 is sleeping
101 2 has taken the left fork
101 2 has taken the right fork
101 2 is eating
DBG_EAT: id=2 time_last_meal=101
201 1 is thinking
DBG_EAT2: id=2 meals=1
201 2 has put down the right fork
201 2 has put down the left fork
201 1 has taken the right fork
201 1 has taken the left fork
201 1 is eating
DBG_EAT: id=1 time_last_meal=201
201 2 is sleeping
DBG_EAT2: id=1 meals=2
301 1 has put down the left fork
301 1 has put down the right fork
301 2 is thinking
302 1 is sleeping
302 2 has taken the left fork
302 2 has taken the right fork
302 2 is eating
DBG_EAT: id=2 time_last_meal=302
DBG_EAT2: id=2 meals=2
402 2 has put down the right fork
402 2 has put down the left fork
402 1 is thinking
402 1 has taken the right fork
402 1 has taken the left fork
402 1 is eating
DBG_EAT: id=1 time_last_meal=402
402 2 is sleeping
502 2 is thinking
DBG_EAT2: id=1 meals=3
502 1 has put down the left fork
502 1 has put down the right fork
502 1 is sleeping
502 2 has taken the left fork
502 2 has taken the right fork
502 2 is eating
DBG_EAT: id=2 time_last_meal=502
603 1 is thinking
DBG_EAT2: id=2 meals=3
603 2 has put down the right fork
603 2 has put down the left fork
603 2 is sleeping
603 1 has taken the right fork
603 1 has taken the left fork
603 1 is eating
DBG_EAT: id=1 time_last_meal=603
703 2 is thinking
DBG_EAT2: id=1 meals=4
703 1 has put down the left fork
703 1 has put down the right fork
703 1 is sleeping
704 2 has taken the left fork
704 2 has taken the right fork
704 2 is eating
DBG_EAT: id=2 time_last_meal=704
DBG_EAT2: id=2 meals=4
804 2 has put down the right fork
804 2 has put down the left fork
804 1 is thinking
804 1 has taken the right fork
804 1 has taken the left fork
804 1 is eating
DBG_EAT: id=1 time_last_meal=804
804 2 is sleeping
904 2 is thinking
DBG_EAT2: id=1 meals=5
904 1 has put down the left fork
904 1 has put down the right fork
904 1 is sleeping
904 2 has taken the left fork
904 2 has taken the right fork
904 2 is eating
DBG_EAT: id=2 time_last_meal=904
DBG_EAT2: id=2 meals=5
1005 2 has put down the right fork
1005 2 has put down the left fork
1005 1 is thinking
1005 1 has taken the right fork
1005 1 has taken the left fork
1005 1 is eating
DBG_EAT: id=1 time_last_meal=1005
1005 2 is sleeping
DBG_EAT2: id=1 meals=6
1105 1 has put down the left fork
1105 1 has put down the right fork
1105 2 is thinking
1105 1 is sleeping
1105 2 has taken the left fork
1105 2 has taken the right fork
1105 2 is eating
DBG_EAT: id=2 time_last_meal=1105
DBG_EAT2: id=2 meals=6
1206 2 has put down the right fork
1206 2 has put down the left fork
1206 1 is thinking
1206 1 has taken the right fork
1206 1 has taken the left fork
1206 1 is eating
DBG_EAT: id=1 time_last_meal=1206
1206 2 is sleeping
1306 2 is thinking
DBG_EAT2: id=1 meals=7
1306 1 has put down the left fork
1306 1 has put down the right fork
1306 1 is sleeping
1306 2 has taken the left fork
1306 2 has taken the right fork
1306 2 is eating
DBG_EAT: id=2 time_last_meal=1306
1406 1 is thinking
DBG_EAT2: id=2 meals=7
1406 2 has put down the right fork
1407 2 has put down the left fork
1407 2 is sleeping
1407 1 has taken the right fork
1407 1 has taken the left fork
1407 1 is eating
DBG_EAT: id=1 time_last_meal=1407
DBG_EAT2: id=1 meals=8
1507 1 has put down the left fork
1507 1 has put down the right fork
1507 2 is thinking
1507 1 is sleeping
1507 2 has taken the left fork
1507 2 has taken the right fork
1507 2 is eating
DBG_EAT: id=2 time_last_meal=1507
DBG_EAT2: id=2 meals=8
1608 2 has put down the right fork
1608 2 has put down the left fork
1608 1 is thinking
1608 1 has taken the right fork
1608 1 has taken the left fork
1608 1 is eating
DBG_EAT: id=1 time_last_meal=1608
1608 2 is sleeping
DBG_EAT2: id=1 meals=9
1708 1 has put down the left fork
1708 1 has put down the right fork
1708 2 is thinking
1708 1 is sleeping
1708 2 has taken the left fork
1708 2 has taken the right fork
1708 2 is eating
DBG_EAT: id=2 time_last_meal=1708
1808 1 is thinking
DBG_EAT2: id=2 meals=9
1808 2 has put down the right fork
1808 2 has put down the left fork
1808 1 has taken the right fork
1808 1 has taken the left fork
1808 1 is eating
DBG_EAT: id=1 time_last_meal=1808
1808 2 is sleeping
1909 2 is thinking
DBG_EAT2: id=1 meals=10
1909 1 has put down the left fork
1909 1 has put down the right fork
1909 1 is sleeping
1909 2 has taken the left fork
1909 2 has taken the right fork
1909 2 is eating
DBG_EAT: id=2 time_last_meal=1909
2009 1 is thinking
DBG_EAT2: id=2 meals=10
2009 2 has put down the right fork
2009 2 has put down the left fork
2009 2 is sleeping
2009 1 has taken the right fork
2009 1 has taken the left fork
2009 1 is eating
DBG_EAT: id=1 time_last_meal=2009
DBG_EAT2: id=1 meals=11
2109 1 has put down the left fork
2109 1 has put down the right fork
2109 2 is thinking
2109 1 is sleeping
2109 2 has taken the left fork
2109 2 has taken the right fork
2109 2 is eating
DBG_EAT: id=2 time_last_meal=2109
DBG_EAT2: id=2 meals=11
2210 2 has put down the right fork
2210 2 has put down the left fork
2210 1 is thinking
2210 1 has taken the right fork
2210 1 has taken the left fork
2210 1 is eating
DBG_EAT: id=1 time_last_meal=2210
2210 2 is sleeping
2310 2 is thinking
DBG_EAT2: id=1 meals=12
2310 1 has put down the left fork
2310 1 has put down the right fork
2310 1 is sleeping
2310 2 has taken the left fork
2310 2 has taken the right fork
2310 2 is eating
DBG_EAT: id=2 time_last_meal=2310
2410 1 is thinking
DBG_EAT2: id=2 meals=12
2410 2 has put down the right fork
2410 2 has put down the left fork
2410 1 has taken the right fork
2410 1 has taken the left fork
2410 1 is eating
DBG_EAT: id=1 time_last_meal=2410
2410 2 is sleeping
DBG_EAT2: id=1 meals=13
2511 1 has put down the left fork
2511 1 has put down the right fork
2511 2 is thinking
2511 1 is sleeping
2511 2 has taken the left fork
2511 2 has taken the right fork
2511 2 is eating
DBG_EAT: id=2 time_last_meal=2511
2611 1 is thinking
DBG_EAT2: id=2 meals=13
2611 2 has put down the right fork
2611 2 has put down the left fork
2611 1 has taken the right fork
2611 1 has taken the left fork
2611 1 is eating
DBG_EAT: id=1 time_last_meal=2611
2611 2 is sleeping
2711 2 is thinking
DBG_EAT2: id=1 meals=14
2711 1 has put down the left fork
2711 1 has put down the right fork
2712 1 is sleeping
2712 2 has taken the left fork
2712 2 has taken the right fork
2712 2 is eating
DBG_EAT: id=2 time_last_meal=2712
DBG_EAT2: id=2 meals=14
2812 2 has put down the right fork
2812 2 has put down the left fork
2812 1 is thinking
2812 1 has taken the right fork
2812 1 has taken the left fork
2812 1 is eating
DBG_EAT: id=1 time_last_meal=2812
2812 2 is sleeping
DBG_EAT2: id=1 meals=15
2912 1 has put down the left fork
2912 1 has put down the right fork
2912 2 is thinking
2912 1 is sleeping
2912 2 has taken the left fork
2912 2 has taken the right fork
2912 2 is eating
DBG_EAT: id=2 time_last_meal=2912
3013 1 is thinking
DBG_EAT2: id=2 meals=15
3013 2 has put down the right fork
3013 2 has put down the left fork
3013 1 has taken the right fork
3013 1 has taken the left fork
3013 1 is eating
DBG_EAT: id=1 time_last_meal=3013
3013 2 is sleeping
3113 2 is thinking
DBG_EAT2: id=1 meals=16
3113 1 has put down the left fork
3113 1 has put down the right fork
3113 1 is sleeping
3113 2 has taken the left fork
3113 2 has taken the right fork
3113 2 is eating
DBG_EAT: id=2 time_last_meal=3113
DBG_EAT2: id=2 meals=16
3214 2 has put down the right fork
3214 2 has put down the left fork
3214 1 is thinking
3214 1 has taken the right fork
3214 1 has taken the left fork
3214 1 is eating
DBG_EAT: id=1 time_last_meal=3214
3214 2 is sleeping
DBG_EAT2: id=1 meals=17
3314 1 has put down the left fork
3314 1 has put down the right fork
3314 2 is thinking
3314 1 is sleeping
3314 2 has taken the left fork
3314 2 has taken t