DBG_INIT: meal_mutex init for philo 1
DBG_INIT: meal_mutex init for philo 2
DBG_INIT: meal_mutex init for philo 3
DBG_INIT: meal_mutex init for philo 4
DBG: init philo[1].time_last_meal=0
DBG: init philo[2].time_last_meal=0
DBG: init philo[3].time_last_meal=0
DBG: init philo[4].time_last_meal=0
0 1 has taken the right fork
0 1 has taken the left fork
0 1 is eating
DBG_EAT: id=1 time_last_meal=0
0 3 has taken the right fork
0 3 has taken the left fork
0 3 is eating
DBG_EAT: id=3 time_last_meal=0
DBG: start_time=1758387053655
DBG_EAT2: id=1 meals=1
200 1 has put down the left fork
200 1 has put down the right fork
200 1 is sleeping
200 4 has taken the left fork
DBG_EAT2: id=3 meals=1
200 3 has put down the left fork
200 3 has put down the right fork
200 4 has taken the right fork
200 4 is eating
DBG_EAT: id=4 time_last_meal=200
200 2 has taken the left fork
200 3 is sleeping
200 2 has taken the right fork
200 2 is eating
DBG_EAT: id=2 time_last_meal=200
260 1 is thinking
260 3 is thinking
DBG_EAT2: id=4 meals=1
400 4 has put down the right fork
DBG_EAT2: id=2 meals=1
400 2 has put down the right fork
400 4 has put down the left fork
400 2 has put down the left fork
400 2 is sleeping
400 4 is sleeping
400 1 has taken the right fork
400 1 has taken the left fork
400 1 is eating
DBG_EAT: id=1 time_last_meal=400
400 3 has taken the right fork
400 3 has taken the left fork
400 3 is eating
DBG_EAT: id=3 time_last_meal=400
460 2 is thinking
460 4 is thinking
DBG_EAT2: id=3 meals=2
600 3 has put down the left fork
DBG_EAT2: id=1 meals=2
600 1 has put down the left fork
600 3 has put down the right fork
600 3 is sleeping
600 1 has put down the right fork
600 2 has taken the left fork
600 2 has taken the right fork
600 2 is eating
DBG_EAT: id=2 time_last_meal=600
600 1 is sleeping
600 4 has taken the left fork
600 4 has taken the right fork
600 4 is eating
DBG_EAT: id=4 time_last_meal=600
660 3 is thinking
660 1 is thinking
DBG_EAT2: id=4 meals=2
800 4 has put down the right fork
DBG_EAT2: id=2 meals=2
801 2 has put down the right fork
801 4 has put down the left fork
801 4 is sleeping
801 2 has put down the left fork
801 2 is sleeping
801 1 has taken the right fork
801 1 has taken the left fork
801 1 is eating
DBG_EAT: id=1 time_last_meal=801
801 3 has taken the right fork
801 3 has taken the left fork
801 3 is eating
DBG_EAT: id=3 time_last_meal=801
861 4 is thinking
861 2 is thinking
DBG_EAT2: id=1 meals=3
1001 1 has put down the left fork
1001 1 has put down the right fork
1001 1 is sleeping
DBG_EAT2: id=3 meals=3
1001 3 has put down the left fork
1001 3 has put down the right fork
1001 4 has taken the left fork
1001 4 has taken the right fork
1001 4 is eating
DBG_EAT: id=4 time_last_meal=1001
1001 2 has taken the left fork
1001 2 has taken the right fork
1001 2 is eating
DBG_EAT: id=2 time_last_meal=1001
1001 3 is sleeping
1061 1 is thinking
1061 3 is thinking
DBG_EAT2: id=2 meals=3
1201 2 has put down the right fork
DBG_EAT2: id=4 meals=3
1201 4 has put down the right fork
1201 2 has put down the left fork
1201 2 is sleeping
1201 4 has put down the left fork
1201 4 is sleeping
1201 1 has taken the right fork
1201 1 has taken the left fork
1201 1 is eating
DBG_EAT: id=1 time_last_meal=1201
1201 3 has taken the right fork
1201 3 has taken the left fork
1201 3 is eating
DBG_EAT: id=3 time_last_meal=1201
1261 2 is thinking
1261 4 is thinking
DBG_EAT2: id=1 meals=4
1401 1 has put down the left fork
DBG_EAT2: id=3 meals=4
1401 3 has put down the left fork
1401 1 has put down the right fork
1401 3 has put down the right fork
1401 3 is sleeping
1401 1 is sleeping
1401 2 has taken the left fork
1401 2 has taken the right fork
1401 2 is eating
DBG_EAT: id=2 time_last_meal=1401
1401 4 has taken the left fork
1401 4 has taken the right fork
1401 4 is eating
DBG_EAT: id=4 time_last_meal=1401
1461 1 is thinking
1461 3 is thinking
DBG_EAT2: id=4 meals=4
1602 4 has put down the right fork
DBG_EAT2: id=2 meals=4
1602 2 has put down the right fork
1602 4 has put down the left fork
1602 4 is sleeping
1602 2 has put down the left fork
1602 2 is sleeping
1602 1 has taken the right fork
1602 1 has taken the left fork
1602 1 is eating
DBG_EAT: id=1 time_last_meal=1602
1602 3 has taken the right fork
1602 3 has taken the left fork
1602 3 is eating
DBG_EAT: id=3 time_last_meal=1602
1662 4 is thinking
1662 2 is thinking
DBG_EAT2: id=3 meals=5
1803 3 has put down the left fork
DBG_EAT2: id=1 meals=5
1803 1 has put down the left fork
1803 3 has put down the right fork
1803 3 is sleeping
1803 1 has put down the right fork
1803 1 is sleeping
1803 2 has taken the left fork
1803 2 has taken the right fork
1803 2 is eating
DBG_EAT: id=2 time_last_meal=1803
1803 4 has taken the left fork
1803 4 has taken the right fork
1803 4 is eating
DBG_EAT: id=4 time_last_meal=1803
1863 3 is thinking
1863 1 is thinking
DBG_EAT2: id=4 meals=5
2003 4 has put down the right fork
DBG_EAT2: id=2 meals=5
2003 2 has put down the right fork
2003 4 has put down the left fork
2003 4 is sleeping
2003 2 has put down the left fork
2003 2 is sleeping
2003 1 has taken the right fork
2003 1 has taken the left fork
2003 1 is eating
DBG_EAT: id=1 time_last_meal=2003
2003 3 has taken the right fork
2003 3 has taken the left fork
2003 3 is eating
DBG_EAT: id=3 time_last_meal=2003
2064 2 is thinking
2064 4 is thinking
DBG_EAT2: id=1 meals=6
2204 1 has put down the left fork
DBG_EAT2: id=3 meals=6
2204 3 has put down the left fork
2204 1 has put down the right fork
2204 3 has put down the right fork
2204 3 is sleeping
2204 1 is sleeping
2204 4 has taken the left fork
2204 4 has taken the right fork
2204 4 is eating
DBG_EAT: id=4 time_last_meal=2204
2204 2 has taken the left fork
2204 2 has taken the right fork
2204 2 is eating
DBG_EAT: id=2 time_last_meal=2204
2264 3 is thinking
2264 1 is thinking
DBG_EAT2: id=4 meals=6
2404 4 has put down the right fork
DBG_EAT2: id=2 meals=6
2404 2 has put down the right fork
2404 4 has put down the left fork
2404 2 has put down the left fork
2404 2 is sleeping
2404 4 is sleeping
2404 1 has taken the right fork
2404 1 has taken the left fork
2404 1 is eating
DBG_EAT: id=1 time_last_meal=2404
2404 3 has taken the right fork
2404 3 has taken the left fork
2404 3 is eating
DBG_EAT: id=3 time_last_meal=2404
2465 2 is thinking
2465 4 is thinking
DBG_EAT2: id=3 meals=7
2605 3 has put down the left fork
DBG_EAT2: id=1 meals=7
2605 1 has put down the left fork
2605 1 has put down the right fork
2605 2 has taken the left fork
2605 2 has taken the right fork
2605 2 is eating
DBG_EAT: id=2 time_last_meal=2605
2605 3 has put down the right fork
2605 3 is sleeping
2605 1 is sleeping
2605 4 has taken the left fork
2605 4 has taken the right fork
2605 4 is eating
DBG_EAT: id=4 time_last_meal=2605
2665 3 is thinking
2665 1 is thinking
DBG_EAT2: id=2 meals=7
2805 2 has put down the right fork
DBG_EAT2: id=4 meals=7
2805 4 has put down the right fork
2805 2 has put down the left fork
2805 4 has put down the left fork
2805 4 is sleeping
2805 2 is sleeping
2805 3 has taken the right fork
2805 3 has taken the left fork
2805 3 is eating
DBG_EAT: id=3 time_last_meal=2805
2805 1 has taken the right fork
2805 1 has taken the left fork
2805 1 is eating
DBG_EAT: id=1 time_last_meal=2805
2866 2 is thinking
2866 4 is thinking
DBG_EAT2: id=1 meals=8
3006 1 has put down the left fork
DBG_EAT2: id=3 meals=8
3006 3 has put down the left fork
3006 1 has put down the right fork
3006 1 is sleeping
3006 3 has put down the right fork
3006 3 is sleeping
3006 4 has taken the left fork
3006 4 has taken the right fork
3006 4 is eating
DBG_EAT: id=4 time_last_meal=3006
3006 2 has taken the left fork
3006 2 has taken the right fork
3006 2 is eating
DBG_EAT: id=2 time_last_meal=3006
3066 3 is thinking
3066 1 is thinking
DBG_EAT2: id=4 meals=8
3206 4 has put down the right fork
DBG_EAT2: id=2 meals=8
3206 2 has put down the right fork
3206 4 has put down the left fork
3206 2 has put down the left fork
3206 2 is sleeping
3206 4 is sleeping
3206 1 has taken the right fork
3206 1 has taken the left fork
3206 1 is eating
DBG_EAT: id=1 time_last_meal=3206
3206 3 has taken the right fork
3206 3 has taken the left fork
3206 3 