DBG_INIT: meal_mutex init for philo 1
DBG_INIT: meal_mutex init for philo 2
DBG_INIT: meal_mutex init for philo 3
DBG_INIT: meal_mutex init for philo 4
DBG_INIT: meal_mutex init for philo 5
DBG: init philo[1].time_last_meal=0
DBG: init philo[2].time_last_meal=0
DBG: init philo[3].time_last_meal=0
DBG: init philo[4].time_last_meal=0
DBG: init philo[5].time_last_meal=0
0 1 has taken the right fork
0 1 has taken the left fork
0 1 is eating
DBG_EAT: id=1 time_last_meal=0
0 2 has taken the left fork
1 4 has taken the left fork
1 4 has taken the right fork
1 4 is eating
DBG_EAT: id=4 time_last_meal=1
DBG: start_time=1758387793819
DBG_EAT2: id=1 meals=1
100 1 has put down the left fork
100 1 has put down the right fork
100 1 is sleeping
100 2 has taken the right fork
100 2 is eating
DBG_EAT: id=2 time_last_meal=100
DBG_EAT2: id=4 meals=1
101 4 has put down the right fork
101 4 has put down the left fork
101 4 is sleeping
101 5 has taken the right fork
101 5 has taken the left fork
101 5 is eating
DBG_EAT: id=5 time_last_meal=101
161 1 is thinking
162 4 is thinking
DBG_EAT2: id=2 meals=1
201 2 has put down the right fork
201 2 has put down the left fork
201 2 is sleeping
201 3 has taken the right fork
201 3 has taken the left fork
201 3 is eating
DBG_EAT: id=3 time_last_meal=201
DBG_EAT2: id=5 meals=1
202 5 has put down the left fork
202 5 has put down the right fork
202 5 is sleeping
202 1 has taken the right fork
202 1 has taken the left fork
202 1 is eating
DBG_EAT: id=1 time_last_meal=202
202 4 has taken the left fork
261 2 is thinking
262 5 is thinking
DBG_EAT2: id=3 meals=1
301 3 has put down the left fork
301 3 has put down the right fork
301 4 has taken the right fork
301 4 is eating
DBG_EAT: id=4 time_last_meal=301
301 3 is sleeping
301 2 has taken the left fork
DBG_EAT2: id=1 meals=2
302 1 has put down the left fork
302 1 has put down the right fork
302 1 is sleeping
302 2 has taken the right fork
302 2 is eating
DBG_EAT: id=2 time_last_meal=302
361 3 is thinking
362 1 is thinking
362 1 has taken the right fork
DBG_EAT2: id=4 meals=2
401 4 has put down the right fork
401 4 has put down the left fork
401 4 is sleeping
401 5 has taken the right fork
DBG_EAT2: id=2 meals=2
402 2 has put down the right fork
402 2 has put down the left fork
402 2 is sleeping
402 1 has taken the left fork
402 1 is eating
DBG_EAT: id=1 time_last_meal=402
402 3 has taken the right fork
402 3 has taken the left fork
402 3 is eating
DBG_EAT: id=3 time_last_meal=402
462 4 is thinking
463 2 is thinking
DBG_EAT2: id=1 meals=3
503 1 has put down the left fork
DBG_EAT2: id=3 meals=2
503 3 has put down the left fork
503 1 has put down the right fork
503 3 has put down the right fork
503 3 is sleeping
503 1 is sleeping
503 5 has taken the left fork
503 5 is eating
DBG_EAT: id=5 time_last_meal=503
503 2 has taken the left fork
503 2 has taken the right fork
503 2 is eating
DBG_EAT: id=2 time_last_meal=503
563 3 is thinking
563 1 is thinking
DBG_EAT2: id=5 meals=2
DBG_EAT2: id=2 meals=3
603 2 has put down the right fork
603 5 has put down the left fork
603 2 has put down the left fork
603 5 has put down the right fork
603 5 is sleeping
603 2 is sleeping
603 1 has taken the right fork
603 1 has taken the left fork
603 1 is eating
DBG_EAT: id=1 time_last_meal=603
603 3 has taken the right fork
603 3 has taken the left fork
603 3 is eating
DBG_EAT: id=3 time_last_meal=603
603 4 has taken the left fork
663 2 is thinking
663 5 is thinking
DBG_EAT2: id=1 meals=4
703 1 has put down the left fork
703 1 has put down the right fork
703 1 is sleeping
DBG_EAT2: id=3 meals=3
703 3 has put down the left fork
703 3 has put down the right fork
704 3 is sleeping
704 4 has taken the right fork
704 4 is eating
DBG_EAT: id=4 time_last_meal=704
704 2 has taken the left fork
704 2 has taken the right fork
704 2 is eating
DBG_EAT: id=2 time_last_meal=704
764 1 is thinking
764 1 has taken the right fork
764 3 is thinking
DBG_EAT2: id=4 meals=3
804 4 has put down the right fork
804 4 has put down the left fork
DBG_EAT2: id=2 meals=4
804 4 is sleeping
804 2 has put down the right fork
804 1 has taken the left fork
804 1 is eating
DBG_EAT: id=1 time_last_meal=804
804 2 has put down the left fork
804 2 is sleeping
804 5 has taken the right fork
804 3 has taken the right fork
804 3 has taken the left fork
804 3 is eating
DBG_EAT: id=3 time_last_meal=804
864 4 is thinking
864 2 is thinking
DBG_EAT2: id=1 meals=5
904 1 has put down the left fork
904 1 has put down the right fork
DBG_EAT2: id=3 meals=4
904 3 has put down the left fork
905 1 is sleeping
905 3 has put down the right fork
905 3 is sleeping
905 5 has taken the left fork
905 5 is eating
DBG_EAT: id=5 time_last_meal=905
905 2 has taken the left fork
905 2 has taken the right fork
905 2 is eating
DBG_EAT: id=2 time_last_meal=905
965 1 is thinking
965 3 is thinking
DBG_EAT2: id=2 meals=5
1005 2 has put down the right fork
DBG_EAT2: id=5 meals=3
1005 2 has put down the left fork
1005 2 is sleeping
1005 5 has put down the left fork
1005 5 has put down the right fork
1005 3 has taken the right fork
1005 3 has taken the left fork
1005 3 is eating
DBG_EAT: id=3 time_last_meal=1005
1005 1 has taken the right fork
1005 1 has taken the left fork
1005 1 is eating
DBG_EAT: id=1 time_last_meal=1005
1005 5 is sleeping
1005 4 has taken the left fork
1005 All philosophers ate enough
DBG_EAT2: id=3 meals=5
DBG_EAT2: id=1 meals=6
