DBG_INIT: meal_mutex init for philo 1
DBG_INIT: meal_mutex init for philo 2
DBG: init philo[1].time_last_meal=0
DBG: init philo[2].time_last_meal=0
0 1 has taken the right fork
0 1 has taken the left fork
0 1 is eating
DBG_EAT: id=1 time_last_meal=0
DBG: start_time=1758403132006
DBG_EAT2: id=1 meals=1
101 1 has put down the left fork
101 1 has put down the right fork
101 1 is sleeping
101 2 has taken the left fork
101 2 has taken the right fork
101 2 is eating
DBG_EAT: id=2 time_last_meal=101
203 1 is thinking
DBG_EAT2: id=2 meals=1
203 2 has put down the right fork
203 2 has put down the left fork
203 2 is sleeping
203 1 has taken the right fork
203 1 has taken the left fork
203 1 is eating
DBG_EAT: id=1 time_last_meal=203
DBG_EAT2: id=1 meals=2
305 1 has put down the left fork
305 1 has put down the right fork
305 2 is thinking
305 1 is sleeping
306 2 has taken the left fork
306 2 has taken the right fork
306 2 is eating
DBG_EAT: id=2 time_last_meal=306
408 1 is thinking
DBG_EAT2: id=2 meals=2
408 2 has put down the right fork
408 2 has put down the left fork
408 1 has taken the right fork
408 1 has taken the left fork
408 1 is eating
DBG_EAT: id=1 time_last_meal=408
408 2 is sleeping
DBG_EAT2: id=1 meals=3
510 1 has put down the left fork
510 1 has put down the right fork
510 2 is thinking
510 1 is sleeping
511 2 has taken the left fork
511 2 has taken the right fork
511 2 is eating
DBG_EAT: id=2 time_last_meal=511
DBG_EAT2: id=2 meals=3
613 2 has put down the right fork
613 2 has put down the left fork
613 1 is thinking
613 1 has taken the right fork
613 1 has taken the left fork
613 1 is eating
DBG_EAT: id=1 time_last_meal=613
613 2 is sleeping
713 2 is thinking
DBG_EAT2: id=1 meals=4
715 1 has put down the left fork
715 1 has put down the right fork
715 1 is sleeping
715 2 has taken the left fork
715 2 has taken the right fork
715 2 is eating
DBG_EAT: id=2 time_last_meal=715
DBG_EAT2: id=2 meals=4
817 2 has put down the right fork
817 2 has put down the left fork
817 1 is thinking
817 1 has taken the right fork
817 1 has taken the left fork
817 1 is eating
DBG_EAT: id=1 time_last_meal=817
817 2 is sleeping
DBG_EAT2: id=1 meals=5
919 1 has put down the left fork
919 1 has put down the right fork
919 2 is thinking
919 1 is sleeping
920 2 has taken the left fork
920 2 has taken the right fork
920 2 is eating
DBG_EAT: id=2 time_last_meal=920
DBG_EAT2: id=2 meals=5
1022 2 has put down the right fork
1022 2 has put down the left fork
1022 1 is thinking
1022 1 has taken the right fork
1022 1 has taken the left fork
1022 1 is eating
DBG_EAT: id=1 time_last_meal=1022
1022 2 is sleeping
1022 All philosophers ate enough
DBG_EAT2: id=1 meals=6
