DBG_INIT: meal_mutex init for philo 1
DBG_INIT: meal_mutex init for philo 2
DBG_INIT: meal_mutex init for philo 3
DBG_INIT: meal_mutex init for philo 4
DBG: init philo[1].time_last_meal=0
DBG: init philo[2].time_last_meal=0
DBG: init philo[3].time_last_meal=0
DBG: init philo[4].time_last_meal=0
0 1 has taken the right fork
0 1 has taken the left fork
0 1 is eating
DBG_EAT: id=1 time_last_meal=0
0 3 has taken the right fork
0 3 has taken the left fork
0 3 is eating
DBG_EAT: id=3 time_last_meal=0
DBG: start_time=1758387016489
DBG_EAT2: id=1 meals=1
61 1 has put down the left fork
61 1 has put down the right fork
DBG_EAT2: id=3 meals=1
61 3 has put down the left fork
61 1 is sleeping
61 3 has put down the right fork
61 3 is sleeping
61 4 has taken the left fork
61 4 has taken the right fork
61 4 is eating
DBG_EAT: id=4 time_last_meal=61
61 2 has taken the left fork
61 2 has taken the right fork
61 2 is eating
DBG_EAT: id=2 time_last_meal=61
DBG_EAT2: id=4 meals=1
121 4 has put down the right fork
121 4 has put down the left fork
DBG_EAT2: id=2 meals=1
121 2 has put down the right fork
121 1 is thinking
121 2 has put down the left fork
121 2 is sleeping
121 1 has taken the right fork
121 1 has taken the left fork
121 1 is eating
DBG_EAT: id=1 time_last_meal=121
121 4 is sleeping
121 3 is thinking
121 3 has taken the right fork
121 3 has taken the left fork
121 3 is eating
DBG_EAT: id=3 time_last_meal=121
181 4 is thinking
181 2 is thinking
DBG_EAT2: id=1 meals=2
181 1 has put down the left fork
181 1 has put down the right fork
DBG_EAT2: id=3 meals=2
181 3 has put down the left fork
181 3 has put down the right fork
181 3 is sleeping
181 1 is sleeping
182 4 has taken the left fork
182 4 has taken the right fork
182 4 is eating
DBG_EAT: id=4 time_last_meal=182
182 2 has taken the left fork
182 2 has taken the right fork
182 2 is eating
DBG_EAT: id=2 time_last_meal=182
DBG_EAT2: id=4 meals=2
DBG_EAT2: id=2 meals=2
242 4 has put down the right fork
242 4 has put down the left fork
242 3 is thinking
242 1 is thinking
242 1 has taken the right fork
242 1 has taken the left fork
242 1 is eating
DBG_EAT: id=1 time_last_meal=242
242 2 has put down the right fork
242 4 is sleeping
242 2 has put down the left fork
242 2 is sleeping
242 3 has taken the right fork
242 3 has taken the left fork
242 3 is eating
DBG_EAT: id=3 time_last_meal=242
DBG_EAT2: id=3 meals=3
302 4 is thinking
302 3 has put down the left fork
302 3 has put down the right fork
302 3 is sleeping
DBG_EAT2: id=1 meals=3
302 1 has put down the left fork
302 1 has put down the right fork
302 2 is thinking
302 1 is sleeping
302 4 has taken the left fork
302 4 has taken the right fork
302 4 is eating
DBG_EAT: id=4 time_last_meal=302
302 2 has taken the left fork
302 2 has taken the right fork
302 2 is eating
DBG_EAT: id=2 time_last_meal=302
DBG_EAT2: id=2 meals=3
363 2 has put down the right fork
363 2 has put down the left fork
363 1 is thinking
363 2 is sleeping
363 3 is thinking
363 3 has taken the right fork
DBG_EAT2: id=4 meals=3
363 4 has put down the right fork
363 4 has put down the left fork
363 4 is sleeping
363 3 has taken the left fork
363 3 is eating
DBG_EAT: id=3 time_last_meal=363
363 1 has taken the right fork
363 1 has taken the left fork
363 1 is eating
DBG_EAT: id=1 time_last_meal=363
363 All philosophers ate enough
DBG_EAT2: id=1 meals=4
DBG_EAT2: id=3 meals=4
