DBG_INIT: meal_mutex init for philo 1
DBG_INIT: meal_mutex init for philo 2
DBG: init philo[1].time_last_meal=0
DBG: init philo[2].time_last_meal=0
0 1 has taken the right fork
0 1 has taken the left fork
0 1 is eating
DBG_EAT: id=1 time_last_meal=0
DBG: start_time=1758402724056
DBG_EAT2: id=1 meals=1
60 1 has put down the left fork
60 1 has put down the right fork
60 1 is sleeping
60 2 has taken the left fork
60 2 has taken the right fork
60 2 is eating
DBG_EAT: id=2 time_last_meal=60
121 1 is thinking
DBG_EAT2: id=2 meals=1
121 2 has put down the right fork
121 2 has put down the left fork
121 1 has taken the right fork
121 1 has taken the left fork
121 1 is eating
DBG_EAT: id=1 time_last_meal=121
121 2 is sleeping
181 2 is thinking
DBG_EAT2: id=1 meals=2
181 1 has put down the left fork
181 1 has put down the right fork
181 1 is sleeping
182 2 has taken the left fork
182 2 has taken the right fork
182 2 is eating
DBG_EAT: id=2 time_last_meal=182
DBG_EAT2: id=2 meals=2
242 2 has put down the right fork
242 2 has put down the left fork
242 1 is thinking
242 1 has taken the right fork
242 1 has taken the left fork
242 1 is eating
DBG_EAT: id=1 time_last_meal=242
242 2 is sleeping
DBG_EAT2: id=1 meals=3
302 1 has put down the left fork
302 1 has put down the right fork
302 1 is sleeping
302 2 is thinking
303 2 has taken the left fork
303 2 has taken the right fork
303 2 is eating
DBG_EAT: id=2 time_last_meal=303
363 1 is thinking
DBG_EAT2: id=2 meals=3
363 2 has put down the right fork
363 2 has put down the left fork
363 2 is sleeping
363 1 has taken the right fork
363 1 has taken the left fork
363 1 is eating
DBG_EAT: id=1 time_last_meal=363
423 2 is thinking
DBG_EAT2: id=1 meals=4
423 1 has put down the left fork
423 1 has put down the right fork
423 1 is sleeping
423 2 has taken the left fork
423 2 has taken the right fork
423 2 is eating
DBG_EAT: id=2 time_last_meal=423
484 1 is thinking
DBG_EAT2: id=2 meals=4
484 2 has put down the right fork
484 2 has put down the left fork
484 2 is sleeping
484 1 has taken the right fork
484 1 has taken the left fork
484 1 is eating
DBG_EAT: id=1 time_last_meal=484
DBG_EAT2: id=1 meals=5
544 1 has put down the left fork
544 1 has put down the right fork
544 2 is thinking
544 1 is sleeping
544 2 has taken the left fork
544 2 has taken the right fork
544 2 is eating
DBG_EAT: id=2 time_last_meal=544
605 1 is thinking
DBG_EAT2: id=2 meals=5
605 2 has put down the right fork
605 2 has put down the left fork
605 1 has taken the right fork
605 1 has taken the left fork
605 1 is eating
DBG_EAT: id=1 time_last_meal=605
605 2 is sleeping
605 All philosophers ate enough
DBG_EAT2: id=1 meals=6
