DBG_INIT: meal_mutex init for philo 1
DBG_INIT: meal_mutex init for philo 2
DBG_INIT: meal_mutex init for philo 3
DBG_INIT: meal_mutex init for philo 4
DBG_INIT: meal_mutex init for philo 5
DBG: init philo[1].time_last_meal=0
DBG: init philo[2].time_last_meal=0
DBG: init philo[3].time_last_meal=0
DBG: init philo[4].time_last_meal=0
DBG: init philo[5].time_last_meal=0
0 1 has taken the right fork
0 1 has taken the left fork
0 1 is eating
DBG_EAT: id=1 time_last_meal=0
1 3 has taken the right fork
1 3 has taken the left fork
1 3 is eating
DBG_EAT: id=3 time_last_meal=1
1 5 has taken the right fork
DBG: start_time=1758387676938
DBG_EAT2: id=1 meals=1
61 1 has put down the left fork
61 1 has put down the right fork
61 1 is sleeping
61 5 has taken the left fork
61 5 is eating
DBG_EAT: id=5 time_last_meal=61
DBG_EAT2: id=3 meals=1
61 3 has put down the left fork
61 3 has put down the right fork
61 3 is sleeping
61 2 has taken the left fork
61 2 has taken the right fork
61 2 is eating
DBG_EAT: id=2 time_last_meal=61
DBG_EAT2: id=5 meals=1
121 5 has put down the left fork
121 1 is thinking
121 1 has taken the right fork
121 5 has put down the right fork
121 5 is sleeping
121 3 is thinking
121 4 has taken the left fork
121 4 has taken the right fork
121 4 is eating
DBG_EAT: id=4 time_last_meal=121
DBG_EAT2: id=2 meals=1
121 2 has put down the right fork
121 2 has put down the left fork
121 2 is sleeping
121 1 has taken the left fork
121 1 is eating
DBG_EAT: id=1 time_last_meal=121
121 3 has taken the right fork
DBG_EAT2: id=4 meals=1
181 5 is thinking
181 2 is thinking
181 4 has put down the right fork
182 4 has put down the left fork
182 4 is sleeping
182 3 has taken the left fork
182 3 is eating
DBG_EAT: id=3 time_last_meal=182
DBG_EAT2: id=1 meals=2
182 1 has put down the left fork
182 1 has put down the right fork
182 5 has taken the right fork
182 5 has taken the left fork
182 5 is eating
DBG_EAT: id=5 time_last_meal=182
182 1 is sleeping
DBG_EAT2: id=5 meals=2
242 4 is thinking
242 5 has put down the left fork
242 5 has put down the right fork
242 5 is sleeping
DBG_EAT2: id=3 meals=2
242 3 has put down the left fork
242 1 is thinking
242 1 has taken the right fork
242 1 has taken the left fork
242 1 is eating
DBG_EAT: id=1 time_last_meal=242
242 3 has put down the right fork
242 2 has taken the left fork
242 3 is sleeping
242 4 has taken the left fork
242 4 has taken the right fork
242 4 is eating
DBG_EAT: id=4 time_last_meal=242
302 5 is thinking
DBG_EAT2: id=1 meals=3
302 1 has put down the left fork
302 1 has put down the right fork
302 3 is thinking
302 1 is sleeping
302 2 has taken the right fork
302 2 is eating
DBG_EAT: id=2 time_last_meal=302
DBG_EAT2: id=4 meals=2
302 4 has put down the right fork
302 4 has put down the left fork
302 4 is sleeping
302 5 has taken the right fork
302 5 has taken the left fork
302 5 is eating
DBG_EAT: id=5 time_last_meal=302
362 1 is thinking
363 4 is thinking
DBG_EAT2: id=2 meals=2
363 2 has put down the right fork
363 2 has put down the left fork
DBG_EAT2: id=5 meals=3
363 2 is sleeping
363 3 has taken the right fork
363 3 has taken the left fork
363 3 is eating
DBG_EAT: id=3 time_last_meal=363
363 5 has put down the left fork
363 5 has put down the right fork
363 5 is sleeping
363 4 has taken the left fork
363 1 has taken the right fork
363 1 has taken the left fork
363 1 is eating
DBG_EAT: id=1 time_last_meal=363
DBG_EAT2: id=3 meals=3
423 5 is thinking
DBG_EAT2: id=1 meals=4
423 2 is thinking
423 1 has put down the left fork
423 1 has put down the right fork
423 1 is sleeping
423 3 has put down the left fork
423 3 has put down the right fork
423 3 is sleeping
423 4 has taken the right fork
423 4 is eating
DBG_EAT: id=4 time_last_meal=423
423 2 has taken the left fork
423 2 has taken the right fork
423 2 is eating
DBG_EAT: id=2 time_last_meal=423
483 1 is thinking
483 1 has taken the right fork
DBG_EAT2: id=2 meals=3
483 2 has put down the right fork
483 2 has put down the left fork
483 3 is thinking
483 1 has taken the left fork
DBG_EAT2: id=4 meals=3
483 2 is sleeping
483 4 has put down the right fork
484 4 has put down the left fork
484 1 is eating
484 4 is sleeping
484 5 has taken the right fork
DBG_EAT: id=1 time_last_meal=483
484 3 has taken the right fork
484 3 has taken the left fork
484 3 is eating
DBG_EAT: id=3 time_last_meal=484
544 2 is thinking
544 4 is thinking
DBG_EAT2: id=3 meals=4
544 3 has put down the left fork
DBG_EAT2: id=1 meals=5
544 1 has put down the left fork
544 3 has put down the right fork
544 3 is sleeping
544 1 has put down the right fork
544 1 is sleeping
544 5 has taken the left fork
544 5 is eating
DBG_EAT: id=5 time_last_meal=544
544 2 has taken the left fork
544 2 has taken the right fork
544 2 is eating
DBG_EAT: id=2 time_last_meal=544
604 3 is thinking
DBG_EAT2: id=5 meals=4
604 5 has put down the left fork
604 5 has put down the right fork
604 5 is sleeping
604 1 is thinking
604 1 has taken the right fork
DBG_EAT2: id=2 meals=4
604 4 has taken the left fork
604 4 has taken the right fork
604 4 is eating
DBG_EAT: id=4 time_last_meal=604
604 2 has put down the right fork
604 2 has put down the left fork
604 1 has taken the left fork
604 1 is eating
DBG_EAT: id=1 time_last_meal=604
604 2 is sleeping
605 3 has taken the right fork
DBG_EAT2: id=4 meals=4
664 5 is thinking
665 4 has put down the right fork
665 3 has taken the left fork
665 4 has put down the left fork
665 3 is eating
DBG_EAT: id=3 time_last_meal=665
665 2 is thinking
665 4 is sleeping
665 5 has taken the right fork
DBG_EAT2: id=1 meals=6
665 1 has put down the left fork
665 1 has put down the right fork
665 1 is sleeping
665 5 has taken the left fork
665 5 is eating
DBG_EAT: id=5 time_last_meal=665
725 1 is thinking
725 4 is thinking
DBG_EAT2: id=5 meals=5
DBG_EAT2: id=3 meals=5
725 3 has put down the left fork
725 5 has put down the left fork
725 5 has put down the right fork
725 5 is sleeping
725 3 has put down the right fork
725 1 has taken the right fork
725 3 is sleeping
725 2 has taken the left fork
725 4 has taken the left fork
725 4 has taken the right fork
725 4 is eating
DBG_EAT: id=4 time_last_meal=725
725 1 has taken the left fork
725 1 is eating
DBG_EAT: id=1 time_last_meal=725
785 5 is thinking
786 3 is thinking
DBG_EAT2: id=1 meals=7
786 1 has put down the left fork
786 1 has put down the right fork
786 1 is sleeping
DBG_EAT2: id=4 meals=5
786 4 has put down the right fork
786 4 has put down the left fork
786 2 has taken the right fork
786 2 is eating
DBG_EAT: id=2 time_last_meal=786
786 5 has taken the right fork
786 5 has taken the left fork
786 5 is eating
DBG_EAT: id=5 time_last_meal=786
786 4 is sleeping
DBG_EAT2: id=2 meals=5
DBG_EAT2: id=5 meals=6
846 5 has put down the left fork
846 5 has put down the right fork
846 4 is thinking
846 1 is thinking
846 5 is sleeping
846 1 has taken the right fork
846 1 has taken the left fork
846 1 is eating
DBG_EAT: id=1 time_last_meal=846
846 2 has put down the right fork
846 4 has taken the left fork
846 2 has put down the left fork
846 2 is sleeping
846 3 has taken the right fork
846 4 has taken the right fork
846 4 is eating
DBG_EAT: id=4 time_last_meal=846
DBG_EAT2: id=1 meals=8
906 1 has put down the left fork
906 1 has put down the right fork
906 5 is thinking
906 1 is sleeping
906 2 is thinking
DBG_EAT2: id=4 meals=6
907 4 has put down the right fork
907 4 has put down the left fork
907 3 has taken the left fork
907 3 is eating
DBG_EAT: id=3 time_last_meal=907
907 4 is sleeping
907 5 has taken the right fork
907 5 has taken the left fork
907 5 is eating
DBG_EAT: id=5 time_last_meal=907
967 1 is thinking
DBG_EAT2: id=3 meals=6
967 3 has put down the left fork
967 3 has put down the right fork
967 3 is sleeping
967 4 is thinking
967 2 has taken the left fork
967 2 has taken the right fork
967 2 is eating
DBG_EAT: id=2 time_last_meal=967
DBG_EAT2: id=5 meals=7
967 5 has put down the left fork
967 5 has put down the right fork
967 1 has taken the right fork
967 5 is sleeping
967 4 has taken the left fork
967 4 has taken the right fork
967 4 is eating
DBG_EAT: id=4 time_last_meal=967
1027 3 is thinking
DBG_EAT2: id=2 meals=6
1027 2 has put down the right fork
1027 2 has put down the left fork
DBG_EAT2: id=4 meals=7
1027 4 has put down the right fork
1027 4 has put down the left fork
1027 4 is sleeping
1027 1 has taken the left fork
1027 2 is sleeping
1027 3 has taken the right fork
1027 3 has taken the left fork
1027 3 is eating
DBG_EAT: id=3 time_last_meal=1027
1027 1 is eating
DBG_EAT: id=1 time_last_meal=1027
1027 5 is thinking
1027 5 has taken the right fork
DBG_EAT2: id=1 meals=9
1088 2 is thinking
1088 1 has put down the left fork
DBG_EAT2: id=3 meals=7
1088 3 has put down the left fork
1088 3 has put down the right fork
1088 1 has put down the right fork
1088 1 is sleeping
1088 4 is thinking
1088 3 is sleeping
1088 5 has taken the left fork
1088 5 is eating
DBG_EAT: id=5 time_last_meal=1088
1088 2 has taken the left fork
1088 2 has taken the right fork
1088 2 is eating
DBG_EAT: id=2 time_last_meal=1088
DBG_EAT2: id=2 meals=7
DBG_EAT2: id=5 meals=8
1148 2 has put down the right fork
1148 2 has put down the left fork
1148 2 is sleeping
1148 5 has put down the left fork
1148 3 is thinking
1148 3 has taken the right fork
1148 3 has taken the left fork
1148 3 is eating
DBG_EAT: id=3 time_last_meal=1148
1148 1 is thinking
1148 1 has taken the right fork
1148 1 has taken the left fork
1148 1 is eating
DBG_EAT: id=1 time_last_meal=1148
1148 5 has put down the right fork
1148 5 is sleeping
1148 4 has taken the left fork
DBG_EAT2: id=1 meals=10
1208 2 is thinking
1208 1 has put down the left fork
1208 1 has put down the right fork
1208 5 is thinking
DBG_EAT2: id=3 meals=8
1208 1 is sleeping
1208 3 has put down the left fork
1208 3 has put down the right fork
1208 3 is sleeping
1208 4 has taken the right fork
1208 4 is eating
DBG_EAT: id=4 time_last_meal=1208
1209 2 has taken the left fork
1209 2 has taken the right fork
1209 2 is eating
DBG_EAT: id=2 time_last_meal=1209
1268 1 is thinking
1268 1 has taken the right fork
1269 3 is thinking
DBG_EAT2: id=4 meals=8
1269 4 has put down the right fork
1269 4 has put down the left fork
1269 4 is sleeping
1269 5 has taken the right fork
DBG_EAT2: id=2 meals=8
1269 2 has put down the right fork
1269 1 has taken the left fork
1269 1 is eating
DBG_EAT: id=1 time_last_meal=1269
1269 2 has put down the left fork
1269 2 is sleeping
1269 3 has taken the right fork
1269 3 has taken the left fork
1269 3 is eating
DBG_EAT: id=3 time_last_meal=1269
1329 4 is thinking
DBG_EAT2: id=1 meals=11
1329 1 has put down the left fork
DBG_EAT2: id=3 meals=9
1329 3 has put down the left fork
1329 3 has put down the right fork
1329 1 has put down the right fork
1329 1 is sleeping
1329 2 is thinking
1329 3 is sleeping
1329 5 has taken the left fork
1329 5 is eating
DBG_EAT: id=5 time_last_meal=1329
1329 2 has taken the left fork
1329 2 has taken the right fork
1329 2 is eating
DBG_EAT: id=2 time_last_meal=1329
DBG_EAT2: id=5 meals=9
1389 5 has put down the left fork
1389 5 has put down the right fork
1389 5 is sleeping
1389 3 is thinking
1389 1 is thinking
1389 1 has taken the right fork
1389 4 has taken the left fork
1389 4 has taken the right fork
1389 4 is eating
DBG_EAT: id=4 time_last_meal=1389
DBG_EAT2: id=2 meals=9
1389 2 has put down the right fork
1389 2 has put down the left fork
1389 2 is sleeping
1389 1 has taken the left fork
1389 1 is eating
DBG_EAT: id=1 time_last_meal=1389
1389 3 has taken the right fork
DBG_EAT2: id=4 meals=9
1449 5 is thinking
DBG_EAT2: id=1 meals=12
1449 1 has put down the left fork
1449 1 has put down the right fork
1449 1 is sleeping
1449 2 is thinking
1449 4 has put down the right fork
1449 4 has put down the left fork
1449 3 has taken the left fork
1450 3 is eating
DBG_EAT: id=3 time_last_meal=1450
1450 4 is sleeping
1450 5 has taken the right fork
1450 5 has taken the left fork
1450 5 is eating
DBG_EAT: id=5 time_last_meal=1450
DBG_EAT2: id=5 meals=10
1510 5 has put down the left fork
1510 5 has put down the right fork
1510 5 is sleeping
1510 4 is thinking
DBG_EAT2: id=3 meals=10
1510 3 has put down the left fork
1510 3 has put down the right fork
1510 1 is thinking
1510 4 has taken the left fork
1510 4 has taken the right fork
1510 4 is eating
DBG_EAT: id=4 time_last_meal=1510
1510 3 is sleeping
1510 1 has taken the right fork
1510 1 has taken the left fork
1510 1 is eating
DBG_EAT: id=1 time_last_meal=1510
1510 2 has taken the left fork
1570 5 is thinking
DBG_EAT2: id=4 meals=10
1570 4 has put down the right fork
1570 4 has put down the left fork
1570 4 is sleeping
1570 5 has taken the right fork
1570 3 is thinking
DBG_EAT2: id=1 meals=13
1570 1 has put down the left fork
1571 2 has taken the right fork
1571 2 is eating
1571 1 has put down the right fork
DBG_EAT: id=2 time_last_meal=1571
1571 1 is sleeping
1571 5 has taken the left fork
1571 5 is eating
DBG_EAT: id=5 time_last_meal=1571
1631 4 is thinking
DBG_EAT2: id=2 meals=10
1631 2 has put down the right fork
1631 1 is thinking
1631 2 has put down the left fork
DBG_EAT2: id=5 meals=11
1631 2 is sleeping
1631 3 has taken the right fork
1631 3 has taken the left fork
1631 3 is eating
DBG_EAT: id=3 time_last_meal=1631
1631 5 has put down the left fork
1631 5 has put down the right fork
1631 1 has taken the right fork
1631 1 has taken the left fork
1631 1 is eating
DBG_EAT: id=1 time_last_meal=1631
1631 5 is sleeping
1631 4 has taken the left fork
DBG_EAT2: id=3 meals=11
1691 5 is thinking
1691 2 is thinking
DBG_EAT2: id=1 meals=14
1691 1 has put down the left fork
1691 1 has put down the right fork
1691 1 is sleeping
1691 3 has put down the left fork
1691 3 has put down the right fork
1691 4 has taken the right fork
1691 3 is sleeping
1691 4 is eating
DBG_EAT: id=4 time_last_meal=1691
1691 2 has taken the left fork
1691 2 has taken the right fork
1691 2 is eating
DBG_EAT: id=2 time_last_meal=1691
1751 1 is thinking
1751 1 has taken the right fork
DBG_EAT2: id=2 meals=11
DBG_EAT2: id=4 meals=11
1752 2 has put down the right fork
1752 2 has put down the left fork
1752 2 is sleeping
1752 4 has put down the right fork
1752 1 has taken the left fork
1752 1 is eating
DBG_EAT: id=1 time_last_meal=1752
1752 4 has put down the left fork
1752 3 is thinking
1752 5 has taken the right fork
1752 3 has taken the right fork
1752 3 has taken the left fork
1752 3 is eating
DBG_EAT: id=3 time_last_meal=1752
1752 4 is sleeping
DBG_EAT2: id=1 meals=15
1812 4 is thinking
1812 1 has put down the left fork
DBG_EAT2: id=3 meals=12
1812 3 has put down the left fork
1812 3 has put down the right fork
1812 3 is sleeping
1812 2 is thinking
1812 1 has put down the right fork
1812 1 is sleeping
1812 5 has taken the left fork
1812 5 is eating
DBG_EAT: id=5 time_last_meal=1812
1812 2 has taken the left fork
1812 2 has taken the right fork
1812 2 is eating
DBG_EAT: id=2 time_last_meal=1812
1872 1 is thinking
1872 3 is thinking
DBG_EAT2: id=5 meals=12
1872 5 has put down the left fork
1872 5 has put down the right fork
1872 1 has taken the right fork
1872 5 is sleeping
1872 4 has taken the left fork
1872 4 has taken the right fork
1872 4 is eating
DBG_EAT: id=4 time_last_meal=1872
DBG_EAT2: id=2 meals=12
1872 2 has put down the right fork
1872 1 has taken the left fork
1872 1 is eating
DBG_EAT: id=1 time_last_meal=1872
1872 2 has put down the left fork
1872 2 is sleeping
1873 3 has taken the right fork
DBG_EAT2: id=4 meals=12
1932 5 is thinking
1932 4 has put down the right fork
1933 2 is thinking
1933 4 has put down the left fork
1933 4 is sleeping
1933 3 has taken the left fork
1933 3 is eating
DBG_EAT: id=3 time_last_meal=1933
DBG_EAT2: id=1 meals=16
1933 1 has put down the left fork
1933 1 has put down the right fork
1933 5 has taken the right fork
1933 5 has taken the left fork
1933 5 is eating
DBG_EAT: id=5 time_last_meal=1933
1933 1 is sleeping
DBG_EAT2: id=5 meals=13
1993 4 is thinking
1993 5 has put down the left fork
1993 5 has put down the right fork
1993 5 is sleeping
DBG_EAT2: id=3 meals=13
1993 3 has put down the left fork
1993 1 is thinking
1993 1 has taken the right fork
1993 1 has taken the left fork
1993 1 is eating
DBG_EAT: id=1 time_last_meal=1993
1993 3 has put down the right fork
1993 2 has taken the left fork
1993 3 is sleeping
1993 4 has taken the left fork
1993 4 has taken the right fork
1993 4 is eating
DBG_EAT: id=4 time_last_meal=1993
DBG_EAT2: id=1 meals=17
2053 3 is thinking
2053 1 has put down the left fork
2053 1 has put down the right fork
2053 1 is sleeping
2053 2 has taken the right fork
2053 2 is eating
DBG_EAT: id=2 time_last_meal=2053
2053 5 is thinking
DBG_EAT2: id=4 meals=13
2053 4 has put down the right fork
2053 4 has put down the left fork
2053 4 is sleeping
2053 5 has taken the right fork
2053 5 has taken the left fork
2053 5 is eating
DBG_EAT: id=5 time_last_meal=2053
DBG_EAT2: id=2 meals=13
2113 4 is thinking
2113 2 has put down the right fork
2113 1 is thinking
2114 2 has put down the left fork
2114 2 is sleeping
2114 3 has taken the right fork
2114 3 has taken the left fork
2114 3 is eating
DBG_EAT: id=3 time_last_meal=2114
DBG_EAT2: id=5 meals=14
2114 5 has put down the left fork
2114 5 has put down the right fork
2114 1 has taken the right fork
2114 1 has taken the left fork
2114 1 is eating
DBG_EAT: id=1 time_last_meal=2114
2114 5 is sleeping
2114 4 has taken the left fork
2174 2 is thinking
DBG_EAT2: id=3 meals=14
2174 3 has put down the left fork
2174 3 has put down the right fork
2174 3 is sleeping
2174 2 has taken the left fork
DBG_EAT2: id=1 meals=18
2174 4 has taken the right fork
2174 4 is eating
DBG_EAT: id=4 time_last_meal=2174
2174 5 is thinking
2174 1 has put down the left fork
2174 1 has put down the right fork
2174 1 is sleeping
2174 2 has taken the right fork
2174 2 is eating
DBG_EAT: id=2 time_last_meal=2174
DBG_EAT2: id=2 meals=14
DBG_EAT2: id=4 meals=14
2234 2 has put down the right fork
2234 4 has put down the right fork
2234 1 is thinking
2234 1 has taken the right fork
2234 1 has taken the left fork
2234 3 is thinking
2234 2 has put down the left fork
2234 3 has taken the right fork
2234 3 has taken the left fork
2234 3 is eating
DBG_EAT: id=3 time_last_meal=2234
2234 1 is eating
DBG_EAT: id=1 time_last_meal=2234
2234 4 has put down the left fork
2234 4 is sleeping
2234 2 is sleeping
2234 5 has taken the right fork
DBG_EAT2: id=1 meals=19
2295 2 is thinking
2295 1 has put down the left fork
2295 4 is thinking
DBG_EAT2: id=3 meals=15
2295 3 has put down the left fork
2295 3 has put down the right fork
2295 1 has put down the right fork
2295 1 is sleeping
2295 3 is sleeping
2295 5 has taken the left fork
2295 5 is eating
DBG_EAT: id=5 time_last_meal=2295
2295 2 has taken the left fork
2295 2 has taken the right fork
2295 2 is eating
DBG_EAT: id=2 time_last_meal=2295
2355 3 is thinking
2355 1 is thinking
DBG_EAT2: id=5 meals=15
2355 5 has put down the left fork
2355 5 has put down the right fork
DBG_EAT2: id=2 meals=15
2355 2 has put down the right fork
2355 5 is sleeping
2355 1 has taken the right fork
2355 1 has taken the left fork
2355 1 is eating
DBG_EAT: id=1 time_last_meal=2355
2355 2 has put down the left fork
2355 2 is sleeping
2355 4 has taken the left fork
2355 4 has taken the right fork
2355 4 is eating
DBG_EAT: id=4 time_last_meal=2355
2355 3 has taken the right fork
DBG_EAT2: id=4 meals=15
DBG_EAT2: id=1 meals=20
2416 4 has put down the right fork
2416 4 has put down the left fork
2416 4 is sleeping
2416 1 has put down the left fork
2416 1 has put down the right fork
2416 3 has taken the left fork
2416 3 is eating
DBG_EAT: id=3 time_last_meal=2416
2416 1 is sleeping
2416 5 is thinking
2416 5 has taken the right fork
2416 5 has taken the left fork
2416 5 is eating
DBG_EAT: id=5 time_last_meal=2416
2416 2 is thinking
DBG_EAT2: id=3 meals=16
2476 3 has put down the left fork
2476 1 is thinking
2476 3 has put down the right fork
DBG_EAT2: id=5 meals=16
2476 4 is thinking
2476 3 is sleeping
2476 2 has taken the left fork
2476 2 has taken the right fork
2476 2 is eating
DBG_EAT: id=2 time_last_meal=2476
2476 5 has put down the left fork
2476 5 has put down the right fork
2476 1 has taken the right fork
2476 5 is sleeping
2476 4 has taken the left fork
2476 4 has taken the right fork
2476 4 is eating
DBG_EAT: id=4 time_last_meal=2476
DBG_EAT2: id=2 meals=16
2536 3 is thinking
2536 5 is thinking
2536 2 has put down the right fork
2536 2 has put down the left fork
2537 2 is sleeping
DBG_EAT2: id=4 meals=16
2537 4 has put down the right fork
2537 4 has put down the left fork
2537 1 has taken the left fork
2537 5 has taken the right fork
2537 4 is sleeping
2537 1 is eating
DBG_EAT: id=1 time_last_meal=2537
2537 3 has taken the right fork
2537 3 has taken the left fork
2537 3 is eating
DBG_EAT: id=3 time_last_meal=2537
2597 2 is thinking
2597 4 is thinking
DBG_EAT2: id=1 meals=21
2597 1 has put down the left fork
2597 1 has put down the right fork
2597 5 has taken the left fork
2597 5 is eating
DBG_EAT: id=5 time_last_meal=2597
DBG_EAT2: id=3 meals=17
2597 3 has put down the left fork
2597 1 is sleeping
2597 3 has put down the right fork
2597 3 is sleeping
2597 2 has taken the left fork
2597 2 has taken the right fork
2597 2 is eating
DBG_EAT: id=2 time_last_meal=2597
DBG_EAT2: id=5 meals=17
2657 1 is thinking
2657 5 has put down the left fork
2657 1 has taken the right fork
DBG_EAT2: id=2 meals=17
2657 3 is thinking
2658 5 has put down the right fork
2658 2 has put down the right fork
2658 1 has taken the left fork
2658 1 is eating
DBG_EAT: id=1 time_last_meal=2658
2658 5 is sleeping
2658 4 has taken the left fork
2658 4 has taken the right fork
2658 4 is eating
DBG_EAT: id=4 time_last_meal=2658
2658 2 has put down the left fork
2658 2 is sleeping
2658 3 has taken the right fork
DBG_EAT2: id=4 meals=17
2718 5 is thinking
DBG_EAT2: id=1 meals=22
2718 1 has put down the left fork
2718 1 has put down the right fork
2718 2 is thinking
2718 4 has put down the right fork
2718 1 is sleeping
2718 3 has taken the left fork
2718 4 has put down the left fork
2718 4 is sleeping
2718 3 is eating
DBG_EAT: id=3 time_last_meal=2718
2718 5 has taken the right fork
2718 5 has taken the left fork
2718 5 is eating
DBG_EAT: id=5 time_last_meal=2718
DBG_EAT2: id=5 meals=18
2778 4 is thinking
2778 5 has put down the left fork
2778 5 has put down the right fork
2778 5 is sleeping
2778 1 is thinking
2778 1 has taken the right fork
DBG_EAT2: id=3 meals=18
2778 3 has put down the left fork
2778 1 has taken the left fork
2778 1 is eating
DBG_EAT: id=1 time_last_meal=2778
2778 3 has put down the right fork
2779 3 is sleeping
2779 2 has taken the left fork
2779 4 has taken the left fork
2779 4 has taken the right fork
2779 4 is eating
DBG_EAT: id=4 time_last_meal=2779
DBG_EAT2: id=1 meals=23
2839 5 is thinking
2839 1 has put down the left fork
2839 1 has put down the right fork
2839 1 is sleeping
2839 3 is thinking
2839 2 has taken the right fork
2839 2 is eating
DBG_EAT: id=2 time_last_meal=2839
DBG_EAT2: id=4 meals=18
2839 4 has put down the right fork
2839 4 has put down the left fork
2839 4 is sleeping
2839 5 has taken the right fork
2839 5 has taken the left fork
2839 5 is eating
DBG_EAT: id=5 time_last_meal=2839
DBG_EAT2: id=2 meals=18
2899 2 has put down the right fork
2899 1 is thinking
2899 4 is thinking
2899 2 has put down the left fork
2899 2 is sleeping
DBG_EAT2: id=5 meals=19
2899 3 has taken the right fork
2899 3 has taken the left fork
2899 3 is eating
DBG_EAT: id=3 time_last_meal=2899
2899 5 has put down the left fork
2899 5 has put down the right fork
2899 4 has taken the left fork
2899 5 is sleeping
2899 1 has taken the right fork
2899 1 has taken the left fork
2899 1 is eating
DBG_EAT: id=1 time_last_meal=2899
2959 2 is thinking
DBG_EAT2: id=3 meals=19
2959 3 has put down the left fork
2959 5 is thinking
DBG_EAT2: id=1 meals=24
2960 1 has put down the left fork
2960 1 has put down the right fork
2960 4 has taken the right fork
2960 3 has put down the right fork
2960 3 is sleeping
2960 4 is eating
DBG_EAT: id=4 time_last_meal=2960
2960 1 is sleeping
2960 2 has taken the left fork
2960 2 has taken the right fork
2960 2 is eating
DBG_EAT: id=2 time_last_meal=2960
DBG_EAT2: id=2 meals=19
3020 1 is thinking
3020 2 has put down the right fork
3020 1 has taken the right fork
3020 1 has taken the left fork
3020 2 has put down the left fork
DBG_EAT2: id=4 meals=19
3020 4 has put down the right fork
3020 1 is eating
DBG_EAT: id=1 time_last_meal=3020
3020 3 is thinking
3020 3 has taken the right fork
3020 3 has taken the left fork
3020 3 is eating
DBG_EAT: id=3 time_last_meal=3020
3020 5 has taken the right fork
3020 2 is sleeping
3020 4 has put down the left fork
3020 4 is sleeping
DBG_EAT2: id=3 meals=20
3080 3 has put down the left fork
3080 3 has put down the right fork
DBG_EAT2: id=1 meals=25
3080 1 has put down the left fork
3080 3 is sleeping
3080 1 has put down the right fork
3080 1 is sleeping
3080 5 has taken the left fork
3080 5 is eating
DBG_EAT: id=5 time_last_meal=3080
3080 2 is thinking
3080 4 is thinking
3080 2 has taken the left fork
3080 2 has taken the right fork
3080 2 is eating
DBG_EAT: id=2 time_last_meal=3080
DBG_EAT2: id=5 meals=20
DBG_EAT2: id=2 meals=20
3141 2 has put down the right fork
3141 2 has put down the left fork
3141 2 is sleeping
3141 5 has put down the left fork
3141 5 has put down the right fork
3141 3 is thinking
3141 5 is sleeping
3141 4 has taken the left fork
3141 4 has taken the right fork
3141 4 is eating
DBG_EAT: id=4 time_last_meal=3141
3141 3 has taken the right fork
3141 1 is thinking
3141 1 has taken the right fork
3141 1 has taken the left fork
3141 1 is eating
DBG_EAT: id=1 time_last_meal=3141
DBG_EAT2: id=4 meals=20
DBG_EAT2: id=1 meals=26
3201 1 has put down the left fork
3201 1 has put down the right fork
3201 5 is thinking
3201 2 is thinking
3201 1 is sleeping
3201 4 has put down the right fork
3201 4 has put down the left fork
3201 3 has taken the left fork
3201 3 is eating
DBG_EAT: id=3 time_last_meal=3201
3201 5 has taken the right fork
3201 5 has taken the left fork
3201 5 is eating
DBG_EAT: id=5 time_last_meal=3201
3201 4 is sleeping
DBG_EAT2: id=5 meals=21
3261 4 is thinking
3261 5 has put down the left fork
3261 5 has put down the right fork
3261 1 is thinking
3261 1 has taken the right fork
3261 1 has taken the left fork
3261 1 is eating
DBG_EAT: id=1 time_last_meal=3261
DBG_EAT2: id=3 meals=21
3261 3 has put down the left fork
3262 5 is sleeping
3262 3 has put down the right fork
3262 3 is sleeping
3262 4 has taken the left fork
3262 4 has taken the right fork
3262 4 is eating
DBG_EAT: id=4 time_last_meal=3262
3262 2 has taken the left fork
DBG_EAT2: id=1 meals=27
DBG_EAT2: id=4 meals=21
3322 4 has put down the right fork
3322 4 has put down the left fork
3322 4 is sleeping
3322 5 is thinking
3322 3 is thinking
3322 5 has taken the right fork
3322 1 has put down the left fork
3322 1 has put down the right fork
3322 5 has taken the left fork
3322 5 is eating
DBG_EAT: id=5 time_last_meal=3322
3322 1 is sleeping
3322 2 has taken the right fork
3322 2 is eating
DBG_EAT: id=2 time_last_meal=3322
DBG_EAT2: id=5 meals=22
3382 1 is thinking
3382 5 has put down the left fork
3382 4 is thinking
DBG_EAT2: id=2 meals=21
3382 2 has put down the right fork
3382 1 has taken the right fork
3382 1 has taken the left fork
3382 1 is eating
DBG_EAT: id=1 time_last_meal=3382
3382 5 has put down the right fork
3382 5 is sleeping
3382 2 has put down the left fork
3382 2 is sleeping
3382 3 has taken the right fork
3382 3 has taken the left fork
3382 3 is eating
DBG_EAT: id=3 time_last_meal=3382
3382 4 has taken the left fork
DBG_EAT2: id=3 meals=22
3443 2 is thinking
DBG_EAT2: id=1 meals=28
3443 1 has put down the left fork
3443 1 has put down the right fork
3443 1 is sleeping
3443 5 is thinking
3443 3 has put down the left fork
3443 3 has put down the right fork
3443 4 has taken the right fork
3443 4 is eating
3443 3 is sleeping
DBG_EAT: id=4 time_last_meal=3443
3443 2 has taken the left fork
3443 2 has taken the right fork
3443 2 is eating
DBG_EAT: id=2 time_last_meal=3443
DBG_EAT2: id=2 meals=22
3503 2 has put down the right fork
3503 2 has put down the left fork
3503 2 is sleeping
DBG_EAT2: id=4 meals=22
3503 4 has put down the right fork
3503 3 is thinking
3503 4 has put down the left fork
3503 3 has taken the right fork
3503 3 has taken the left fork
3503 3 is eating
DBG_EAT: id=3 time_last_meal=3503
3503 4 is sleeping
3503 5 has taken the right fork
3503 5 has taken the left fork
3503 5 is eating
DBG_EAT: id=5 time_last_meal=3503
3503 1 is thinking
DBG_EAT2: id=5 meals=23
3563 5 has put down the left fork
3563 5 has put down the right fork
3563 5 is sleeping
DBG_EAT2: id=3 meals=23
3564 1 has taken the right fork
3564 1 has taken the left fork
3564 1 is eating
DBG_EAT: id=1 time_last_meal=3564
3564 3 has put down the left fork
3564 3 has put down the right fork
3564 3 is sleeping
3564 4 is thinking
3564 2 is thinking
3564 4 has taken the left fork
3564 4 has taken the right fork
3564 4 is eating
DBG_EAT: id=4 time_last_meal=3564
3564 2 has taken the left fork
DBG_EAT2: id=1 meals=29
3624 5 is thinking
3624 1 has put down the left fork
3624 1 has put down the right fork
3624 1 is sleeping
3624 3 is thinking
3624 2 has taken the right fork
3624 2 is eating
DBG_EAT: id=2 time_last_meal=3624
DBG_EAT2: id=4 meals=23
3624 4 has put down the right fork
3624 4 has put down the left fork
3624 4 is sleeping
3624 5 has taken the right fork
3624 5 has taken the left fork
3624 5 is eating
DBG_EAT: id=5 time_last_meal=3624
DBG_EAT2: id=2 meals=23
3684 2 has put down the right fork
3684 1 is thinking
3684 2 has put down the left fork
3684 2 is sleeping
3684 3 has taken the right fork
3684 3 has taken the left fork
3684 3 is eating
DBG_EAT: id=3 time_last_meal=3684
3684 4 is thinking
DBG_EAT2: id=5 meals=24
3684 5 has put down the left fork
3684 5 has put down the right fork
3684 5 is sleeping
3685 1 has taken the right fork
3685 1 has taken the left fork
3685 1 is eating
DBG_EAT: id=1 time_last_meal=3685
3685 4 has taken the left fork
DBG_EAT2: id=3 meals=24
3745 2 is thinking
3745 3 has put down the left fork
3745 3 has put down the right fork
DBG_EAT2: id=1 meals=30
3745 1 has put down the left fork
3745 1 has put down the right fork
3745 1 is sleeping
3745 5 is thinking
3745 3 is sleeping
3745 4 has taken the right fork
3745 4 is eating
DBG_EAT: id=4 time_last_meal=3745
3745 2 has taken the left fork
3745 2 has taken the right fork
3745 2 is eating
DBG_EAT: id=2 time_last_meal=3745
DBG_EAT2: id=2 meals=24
3805 3 is thinking
3805 2 has put down the right fork
3805 2 has put down the left fork
3805 1 is thinking
3805 3 has taken the right fork
DBG_EAT2: id=4 meals=24
3805 2 is sleeping
3805 4 has put down the right fork
3805 1 has taken the right fork
3805 1 has taken the left fork
3805 1 is eating
DBG_EAT: id=1 time_last_meal=3805
3805 4 has put down the left fork
3805 3 has taken the left fork
3805 3 is eating
DBG_EAT: id=3 time_last_meal=3805
3805 5 has taken the right fork
3805 4 is sleeping
DBG_EAT2: id=1 meals=31
3865 1 has put down the left fork
3865 1 has put down the right fork
3865 5 has taken the left fork
3865 5 is eating
DBG_EAT: id=5 time_last_meal=3865
3865 4 is thinking
3865 1 is sleeping
DBG_EAT2: id=3 meals=25
3866 3 has put down the left fork
3866 3 has put down the right fork
3866 3 is sleeping
3866 2 is thinking
3866 2 has taken the left fork
3866 2 has taken the right fork
3866 2 is eating
DBG_EAT: id=2 time_last_meal=3866
DBG_EAT2: id=5 meals=25
3926 5 has put down the left fork
3926 1 is thinking
3926 5 has put down the right fork
3926 1 has taken the right fork
DBG_EAT2: id=2 meals=25
3926 5 is sleeping
3926 4 has taken the left fork
3926 4 has taken the right fork
3926 4 is eating
DBG_EAT: id=4 time_last_meal=3926
3926 2 has put down the right fork
3926 2 has put down the left fork
3926 2 is sleeping
3926 3 is thinking
3926 3 has taken the right fork
3926 1 has taken the left fork
3926 1 is eating
DBG_EAT: id=1 time_last_meal=3926
3986 2 is thinking
3986 5 is thinking
DBG_EAT2: id=4 meals=25
DBG_EAT2: id=1 meals=32
3986 1 has put down the left fork
3986 1 has put down the right fork
3986 4 has put down the right fork
3986 1 is sleeping
3986 4 has put down the left fork
3986 4 is sleeping
3986 3 has taken the left fork
3986 3 is eating
DBG_EAT: id=3 time_last_meal=3986
3986 5 has taken the right fork
3986 5 has taken the left fork
3986 5 is eating
DBG_EAT: id=5 time_last_meal=3986
DBG_EAT2: id=5 meals=26
DBG_EAT2: id=3 meals=26
4047 5 has put down the left fork
4047 3 has put down the left fork
4047 4 is thinking
4047 1 is thinking
4047 3 has put down the right fork
4047 1 has taken the right fork
4047 1 has taken the left fork
4047 1 is eating
DBG_EAT: id=1 time_last_meal=4047
4047 2 has taken the left fork
4047 3 is sleeping
4047 5 has put down the right fork
4047 5 is sleeping
4047 4 has taken the left fork
4047 4 has taken the right fork
4047 4 is eating
DBG_EAT: id=4 time_last_meal=4047
DBG_EAT2: id=1 meals=33
DBG_EAT2: id=4 meals=26
4107 4 has put down the right fork
4107 4 has put down the left fork
4107 5 is thinking
4107 4 is sleeping
4107 5 has taken the right fork
4107 1 has put down the left fork
4107 2 has taken the right fork
4107 2 is eating
DBG_EAT: id=2 time_last_meal=4107
4107 1 has put down the right fork
4107 1 is sleeping
4107 3 is thinking
4107 5 has taken the left fork
4107 5 is eating
DBG_EAT: id=5 time_last_meal=4107
4167 4 is thinking
DBG_EAT2: id=2 meals=26
4167 2 has put down the right fork
4167 2 has put down the left fork
4167 2 is sleeping
4167 3 has taken the right fork
4167 3 has taken the left fork
4167 3 is eating
DBG_EAT: id=3 time_last_meal=4167
DBG_EAT2: id=5 meals=27
4167 1 is thinking
4167 1 has taken the right fork
4167 1 has taken the left fork
4167 1 is eating
DBG_EAT: id=1 time_last_meal=4167
4167 5 has put down the left fork
4167 5 has put down the right fork
4167 5 is sleeping
4167 4 has taken the left fork
DBG_EAT2: id=3 meals=27
DBG_EAT2: id=1 meals=34
4227 3 has put down the left fork
4227 3 has put down the right fork
4227 1 has put down the left fork
4227 1 has put down the right fork
4227 1 is sleeping
4228 3 is sleeping
4228 4 has taken the right fork
4228 4 is eating
DBG_EAT: id=4 time_last_meal=4228
4228 5 is thinking
4228 2 is thinking
4228 2 has taken the left fork
4228 2 has taken the right fork
4228 2 is eating
DBG_EAT: id=2 time_last_meal=4228
DBG_EAT2: id=4 meals=27
4288 4 has put down the right fork
4288 3 is thinking
4288 1 is thinking
4288 1 has taken the right fork
4288 4 has put down the left fork
4288 5 has taken the right fork
4288 4 is sleeping
DBG_EAT2: id=2 meals=27
4288 2 has put down the right fork
4288 2 has put down the left fork
4288 1 has taken the left fork
4288 1 is eating
DBG_EAT: id=1 time_last_meal=4288
4288 2 is sleeping
4288 3 has taken the right fork
4288 3 has taken the left fork
4288 3 is eating
DBG_EAT: id=3 time_last_meal=4288
4348 4 is thinking
4348 2 is thinking
DBG_EAT2: id=3 meals=28
4348 3 has put down the left fork
4348 3 has put down the right fork
4348 3 is sleeping
DBG_EAT2: id=1 meals=35
4348 1 has put down the left fork
4348 1 has put down the right fork
4348 5 has taken the left fork
4348 5 is eating
DBG_EAT: id=5 time_last_meal=4348
4348 1 is sleeping
4349 2 has taken the left fork
4349 2 has taken the right fork
4349 2 is eating
DBG_EAT: id=2 time_last_meal=4349
DBG_EAT2: id=5 meals=28
4409 3 is thinking
4409 5 has put down the left fork
DBG_EAT2: id=2 meals=28
4409 2 has put down the right fork
4409 1 is thinking
4409 1 has taken the right fork
4409 1 has taken the left fork
4409 1 is eating
DBG_EAT: id=1 time_last_meal=4409
4409 5 has put down the right fork
4409 5 is sleeping
4409 2 has put down the left fork
4409 3 has taken the right fork
4409 3 has taken the left fork
4409 3 is eating
DBG_EAT: id=3 time_last_meal=4409
4409 4 has taken the left fork
4409 2 is sleeping
DBG_EAT2: id=3 meals=29
4469 5 is thinking
4469 2 is thinking
DBG_EAT2: id=1 meals=36
4469 1 has put down the left fork
4469 1 has put down the right fork
4469 1 is sleeping
4469 3 has put down the left fork
4469 3 has put down the right fork
4469 4 has taken the right fork
4469 4 is eating
DBG_EAT: id=4 time_last_meal=4469
4469 3 is sleeping
4469 2 has taken the left fork
4469 2 has taken the right fork
4469 2 is eating
DBG_EAT: id=2 time_last_meal=4469
DBG_EAT2: id=2 meals=29
4529 1 is thinking
4529 1 has taken the right fork
4529 2 has put down the right fork
4529 2 has put down the left fork
4529 2 is sleeping
4529 3 is thinking
4529 1 has taken the left fork
4529 1 is eating
DBG_EAT: id=1 time_last_meal=4529
4529 3 has taken the right fork
DBG_EAT2: id=4 meals=28
4530 4 has put down the right for