DBG_INIT: meal_mutex init for philo 1
DBG_INIT: meal_mutex init for philo 2
DBG: init philo[1].time_last_meal=0
DBG: init philo[2].time_last_meal=0
0 1 has taken the right fork
0 1 has taken the left fork
0 1 is eating
DBG_EAT: id=1 time_last_meal=0
DBG: start_time=1758403258689
DBG_EAT2: id=1 meals=1
61 1 has put down the left fork
61 1 has put down the right fork
61 1 is sleeping
62 2 has taken the left fork
62 2 has taken the right fork
62 2 is eating
DBG_EAT: id=2 time_last_meal=62
DBG_EAT2: id=2 meals=1
122 2 has put down the right fork
122 2 has put down the left fork
123 2 is sleeping
262 1 is thinking
262 1 has taken the right fork
262 1 has taken the left fork
262 1 is eating
DBG_EAT: id=1 time_last_meal=262
DBG_EAT2: id=1 meals=2
324 1 has put down the left fork
324 1 has put down the right fork
324 1 is sleeping
328 2 is thinking
328 2 has taken the left fork
328 2 has taken the right fork
328 2 is eating
DBG_EAT: id=2 time_last_meal=328
DBG_EAT2: id=2 meals=2
390 2 has put down the right fork
390 2 has put down the left fork
390 2 is sleeping
528 1 is thinking
528 1 has taken the right fork
528 1 has taken the left fork
528 1 is eating
DBG_EAT: id=1 time_last_meal=528
DBG_EAT2: id=1 meals=3
589 1 has put down the left fork
589 1 has put down the right fork
589 1 is sleeping
590 2 is thinking
590 2 has taken the left fork
590 2 has taken the right fork
590 2 is eating
DBG_EAT: id=2 time_last_meal=590
DBG_EAT2: id=2 meals=3
650 2 has put down the right fork
650 2 has put down the left fork
651 2 is sleeping
651 All philosophers ate enough
