DBG_INIT: meal_mutex init for philo 1
DBG_INIT: meal_mutex init for philo 2
DBG: init philo[1].time_last_meal=0
DBG: init philo[2].time_last_meal=0
0 1 has taken the right fork
0 1 has taken the left fork
0 1 is eating
DBG_EAT: id=1 time_last_meal=0
DBG: start_time=1758402991618
DBG_EAT2: id=1 meals=1
100 1 has put down the left fork
100 1 has put down the right fork
100 2 has taken the left fork
100 2 has taken the right fork
100 2 is eating
DBG_EAT: id=2 time_last_meal=100
100 1 is sleeping
DBG_EAT2: id=2 meals=1
201 2 has put down the right fork
201 2 has put down the left fork
201 1 is thinking
201 1 has taken the right fork
201 1 has taken the left fork
201 1 is eating
DBG_EAT: id=1 time_last_meal=201
201 2 is sleeping
DBG_EAT2: id=1 meals=2
301 1 has put down the left fork
301 1 has put down the right fork
301 2 is thinking
301 1 is sleeping
301 2 has taken the left fork
301 2 has taken the right fork
301 2 is eating
DBG_EAT: id=2 time_last_meal=301
402 1 is thinking
DBG_EAT2: id=2 meals=2
402 2 has put down the right fork
402 2 has put down the left fork
402 2 is sleeping
402 1 has taken the right fork
402 1 has taken the left fork
402 1 is eating
DBG_EAT: id=1 time_last_meal=402
DBG_EAT2: id=1 meals=3
502 1 has put down the left fork
502 1 has put down the right fork
502 2 is thinking
502 1 is sleeping
503 2 has taken the left fork
503 2 has taken the right fork
503 2 is eating
DBG_EAT: id=2 time_last_meal=503
603 1 is thinking
DBG_EAT2: id=2 meals=3
603 2 has put down the right fork
603 2 has put down the left fork
603 1 has taken the right fork
603 1 has taken the left fork
603 1 is eating
DBG_EAT: id=1 time_last_meal=603
603 2 is sleeping
DBG_EAT2: id=1 meals=4
703 1 has put down the left fork
703 1 has put down the right fork
703 2 is thinking
703 1 is sleeping
704 2 has taken the left fork
704 2 has taken the right fork
704 2 is eating
DBG_EAT: id=2 time_last_meal=704
DBG_EAT2: id=2 meals=4
804 2 has put down the right fork
804 2 has put down the left fork
804 1 is thinking
804 1 has taken the right fork
804 1 has taken the left fork
804 1 is eating
DBG_EAT: id=1 time_last_meal=804
804 2 is sleeping
DBG_EAT2: id=1 meals=5
904 1 has put down the left fork
904 1 has put down the right fork
904 2 is thinking
904 1 is sleeping
905 2 has taken the left fork
905 2 has taken the right fork
905 2 is eating
DBG_EAT: id=2 time_last_meal=905
1005 1 is thinking
DBG_EAT2: id=2 meals=5
1005 2 has put down the right fork
1005 2 has put down the left fork
1005 2 is sleeping
1005 1 has taken the right fork
1005 1 has taken the left fork
1005 1 is eating
DBG_EAT: id=1 time_last_meal=1005
DBG_EAT2: id=1 meals=6
1105 1 has put down the left fork
1105 1 has put down the right fork
1105 2 is thinking
1105 1 is sleeping
1105 2 has taken the left fork
1105 2 has taken the right fork
1105 2 is eating
DBG_EAT: id=2 time_last_meal=1105
1205 1 is thinking
DBG_EAT2: id=2 meals=6
1206 2 has put down the right fork
1206 2 has put down the left fork
1206 2 is sleeping
1206 1 has taken the right fork
1206 1 has taken the left fork
1206 1 is eating
DBG_EAT: id=1 time_last_meal=1206
1306 2 is thinking
DBG_EAT2: id=1 meals=7
1306 1 has put down the left fork
1306 1 has put down the right fork
1306 1 is sleeping
1306 2 has taken the left fork
1306 2 has taken the right fork
1306 2 is eating
DBG_EAT: id=2 time_last_meal=1306
DBG_EAT2: id=2 meals=7
1406 2 has put down the right fork
1406 2 has put down the left fork
1406 1 is thinking
1406 1 has taken the right fork
1406 1 has taken the left fork
1406 1 is eating
DBG_EAT: id=1 time_last_meal=1406
1406 2 is sleeping
DBG_EAT2: id=1 meals=8
1507 1 has put down the left fork
1507 1 has put down the right fork
1507 2 is thinking
1507 1 is sleeping
1507 2 has taken the left fork
1507 2 has taken the right fork
1507 2 is eating
DBG_EAT: id=2 time_last_meal=1507
DBG_EAT2: id=2 meals=8
1608 2 has put down the right fork
1608 2 has put down the left fork
1608 1 is thinking
1608 1 has taken the right fork
1608 1 has taken the left fork
1608 1 is eating
DBG_EAT: id=1 time_last_meal=1608
1608 2 is sleeping
DBG_EAT2: id=1 meals=9
1708 1 has put down the left fork
1708 1 has put down the right fork
1708 1 is sleeping
1708 2 is thinking
1708 2 has taken the left fork
1708 2 has taken the right fork
1708 2 is eating
DBG_EAT: id=2 time_last_meal=1708
1808 1 is thinking
DBG_EAT2: id=2 meals=9
1808 2 has put down the right fork
1809 2 has put down the left fork
1809 2 is sleeping
1809 1 has taken the right fork
1809 1 has taken the left fork
1809 1 is eating
DBG_EAT: id=1 time_last_meal=1809
DBG_EAT2: id=1 meals=10
1909 1 has put down the left fork
1909 1 has put down the right fork
1909 2 is thinking
1909 1 is sleeping
1909 2 has taken the left fork
1909 2 has taken the right fork
1909 2 is eating
DBG_EAT: id=2 time_last_meal=1909
2009 1 is thinking
DBG_EAT2: id=2 meals=10
2009 2 has put down the right fork
2009 2 has put down the left fork
2009 2 is sleeping
2009 1 has taken the right fork
2009 1 has taken the left fork
2009 1 is eating
DBG_EAT: id=1 time_last_meal=2009
DBG_EAT2: id=1 meals=11
2110 1 has put down the left fork
2110 1 has put down the right fork
2110 2 is thinking
2110 1 is sleeping
2110 2 has taken the left fork
2110 2 has taken the right fork
2110 2 is eating
DBG_EAT: id=2 time_last_meal=2110
2210 1 is thinking
DBG_EAT2: id=2 meals=11
2210 2 has put down the right fork
2210 2 has put down the left fork
2210 2 is sleeping
2210 1 has taken the right fork
2210 1 has taken the left fork
2210 1 is eating
DBG_EAT: id=1 time_last_meal=2210
DBG_EAT2: id=1 meals=12
2311 1 has put down the left fork
2311 1 has put down the right fork
2311 2 is thinking
2311 1 is sleeping
2311 2 has taken the left fork
2311 2 has taken the right fork
2311 2 is eating
DBG_EAT: id=2 time_last_meal=2311
2411 1 is thinking
DBG_EAT2: id=2 meals=12
2411 2 has put down the right fork
2411 2 has put down the left fork
2411 2 is sleeping
2411 1 has taken the right fork
2411 1 has taken the left fork
2411 1 is eating
DBG_EAT: id=1 time_last_meal=2411
DBG_EAT2: id=1 meals=13
2512 1 has put down the left fork
2512 1 has put down the right fork
2512 2 is thinking
2512 1 is sleeping
2512 2 has taken the left fork
2512 2 has taken the right fork
2512 2 is eating
DBG_EAT: id=2 time_last_meal=2512
DBG_EAT2: id=2 meals=13
2612 2 has put down the right fork
2612 2 has put down the left fork
2612 1 is thinking
2612 1 has taken the right fork
2612 1 has taken the left fork
2612 1 is eating
DBG_EAT: id=1 time_last_meal=2612
2612 2 is sleeping
DBG_EAT2: id=1 meals=14
2713 1 has put down the left fork
2713 1 has put down the right fork
2713 2 is thinking
2713 1 is sleeping
2713 2 has taken the left fork
2713 2 has taken the right fork
2713 2 is eating
DBG_EAT: id=2 time_last_meal=2713
2813 1 is thinking
DBG_EAT2: id=2 meals=14
2813 2 has put down the right fork
2813 2 has put down the left fork
2813 2 is sleeping
2813 1 has taken the right fork
2813 1 has taken the left fork
2813 1 is eating
DBG_EAT: id=1 time_last_meal=2813
2913 2 is thinking
DBG_EAT2: id=1 meals=15
2913 1 has put down the left fork
2913 1 has put down the right fork
2913 1 is sleeping
2913 2 has taken the left fork
2913 2 has taken the right fork
2913 2 is eating
DBG_EAT: id=2 time_last_meal=2913
3014 1 is thinking
DBG_EAT2: id=2 meals=15
3014 2 has put down the right fork
3014 2 has put down the left fork
3014 1 has taken the right fork
3014 1 has taken the left fork
3014 1 is eating
DBG_EAT: id=1 time_last_meal=3014
3014 2 is sleeping
DBG_EAT2: id=1 meals=16
3114 1 has put down the left fork
3114 1 has put down the right fork
3114 2 is thinking
3114 1 is sleeping
3114 2 has taken the left fork
3114 2 has taken the right fork
3114 2 is eating
DBG_EAT: id=2 time_last_meal=3114
3214 1 is thinking
DBG_EAT2: id=2 meals=16
3214 2 has put down the right fork
3215 2 has put down the left fork
3215 2 is sleeping
3215 1 has taken the right fork
3215 1 has taken the left fork
3215 1 is eating
DBG_EAT: id=1 time_last_meal=3215
DBG_EAT2: id=1 meals=17
3315 1 has put down the left fork
3315 1 has put down the right fork
3315 2 is thinking
3315 1 is sleeping
3315 2 has taken the left fork
3315 2 has taken t