DBG_INIT: meal_mutex init for philo 1
DBG_INIT: meal_mutex init for philo 2
DBG_INIT: meal_mutex init for philo 3
DBG_INIT: meal_mutex init for philo 4
DBG: init philo[1].time_last_meal=0
DBG: init philo[2].time_last_meal=0
DBG: init philo[3].time_last_meal=0
DBG: init philo[4].time_last_meal=0
0 1 has taken the right fork
0 1 has taken the left fork
0 1 is eating
DBG_EAT: id=1 time_last_meal=0
1 2 has taken the left fork
DBG: start_time=1758387255493
DBG_EAT2: id=1 meals=1
61 1 has put down the left fork
61 1 has put down the right fork
61 2 has taken the right fork
61 1 is sleeping
61 2 is eating
DBG_EAT: id=2 time_last_meal=61
61 4 has taken the left fork
61 4 has taken the right fork
61 4 is eating
DBG_EAT: id=4 time_last_meal=61
DBG_EAT2: id=2 meals=1
122 2 has put down the right fork
DBG_EAT2: id=4 meals=1
122 4 has put down the right fork
122 4 has put down the left fork
122 4 is sleeping
122 2 has put down the left fork
122 2 is sleeping
122 3 has taken the right fork
122 3 has taken the left fork
122 3 is eating
DBG_EAT: id=3 time_last_meal=122
DBG_EAT2: id=3 meals=1
182 3 has put down the left fork
182 3 has put down the right fork
182 3 is sleeping
261 1 is thinking
261 1 has taken the right fork
261 1 has taken the left fork
261 1 is eating
DBG_EAT: id=1 time_last_meal=261
DBG_EAT2: id=1 meals=2
322 1 has put down the left fork
322 1 has put down the right fork
322 1 is sleeping
322 4 is thinking
322 2 is thinking
322 4 has taken the left fork
322 4 has taken the right fork
322 4 is eating
DBG_EAT: id=4 time_last_meal=322
322 2 has taken the left fork
322 2 has taken the right fork
322 2 is eating
DBG_EAT: id=2 time_last_meal=322
DBG_EAT2: id=4 meals=2
382 4 has put down the right fork
382 4 has put down the left fork
382 4 is sleeping
DBG_EAT2: id=2 meals=2
382 2 has put down the right fork
382 2 has put down the left fork
382 2 is sleeping
383 3 is thinking
383 3 has taken the right fork
383 3 has taken the left fork
383 3 is eating
DBG_EAT: id=3 time_last_meal=383
DBG_EAT2: id=3 meals=2
443 3 has put down the left fork
443 3 has put down the right fork
443 3 is sleeping
522 1 is thinking
522 1 has taken the right fork
522 1 has taken the left fork
522 1 is eating
DBG_EAT: id=1 time_last_meal=522
DBG_EAT2: id=1 meals=3
582 1 has put down the left fork
582 1 has put down the right fork
582 1 is sleeping
582 4 is thinking
583 2 is thinking
583 4 has taken the left fork
583 4 has taken the right fork
583 4 is eating
DBG_EAT: id=4 time_last_meal=583
583 2 has taken the left fork
583 2 has taken the right fork
583 2 is eating
DBG_EAT: id=2 time_last_meal=583
DBG_EAT2: id=2 meals=3
643 2 has put down the right fork
643 2 has put down the left fork
643 2 is sleeping
DBG_EAT2: id=4 meals=3
643 4 has put down the right fork
643 4 has put down the left fork
643 4 is sleeping
643 3 is thinking
643 3 has taken the right fork
643 3 has taken the left fork
643 3 is eating
DBG_EAT: id=3 time_last_meal=643
DBG_EAT2: id=3 meals=3
704 3 has put down the left fork
704 3 has put down the right fork
704 3 is sleeping
704 All philosophers ate enough
