DBG_INIT: meal_mutex init for philo 1
DBG_INIT: meal_mutex init for philo 2
DBG_INIT: meal_mutex init for philo 3
DBG_INIT: meal_mutex init for philo 4
DBG_INIT: meal_mutex init for philo 5
DBG: init philo[1].time_last_meal=0
DBG: init philo[2].time_last_meal=0
DBG: init philo[3].time_last_meal=0
DBG: init philo[4].time_last_meal=0
DBG: init philo[5].time_last_meal=0
0 1 has taken the right fork
0 1 has taken the left fork
0 1 is eating
DBG_EAT: id=1 time_last_meal=0
1 2 has taken the left fork
1 5 has taken the right fork
DBG: start_time=1758387865186
DBG_EAT2: id=1 meals=1
60 1 has put down the left fork
60 1 has put down the right fork
60 2 has taken the right fork
60 2 is eating
DBG_EAT: id=2 time_last_meal=60
61 5 has taken the left fork
61 5 is eating
DBG_EAT: id=5 time_last_meal=61
61 1 is sleeping
DBG_EAT2: id=2 meals=1
121 2 has put down the right fork
121 1 is thinking
121 3 has taken the right fork
121 3 has taken the left fork
121 3 is eating
DBG_EAT: id=3 time_last_meal=121
DBG_EAT2: id=5 meals=1
121 5 has put down the left fork
121 5 has put down the right fork
121 5 is sleeping
121 2 has put down the left fork
121 1 has taken the right fork
121 1 has taken the left fork
121 1 is eating
DBG_EAT: id=1 time_last_meal=121
121 2 is sleeping
121 4 has taken the left fork
181 5 is thinking
DBG_EAT2: id=1 meals=2
181 1 has put down the left fork
181 1 has put down the right fork
181 1 is sleeping
DBG_EAT2: id=3 meals=1
181 2 is thinking
181 3 has put down the left fork
181 3 has put down the right fork
181 4 has taken the right fork
181 4 is eating
DBG_EAT: id=4 time_last_meal=181
181 3 is sleeping
182 2 has taken the left fork
182 2 has taken the right fork
182 2 is eating
DBG_EAT: id=2 time_last_meal=182
DBG_EAT2: id=2 meals=2
242 3 is thinking
242 2 has put down the right fork
242 2 has put down the left fork
242 2 is sleeping
242 1 is thinking
DBG_EAT2: id=4 meals=1
242 4 has put down the right fork
242 3 has taken the right fork
242 3 has taken the left fork
242 1 has taken the right fork
242 1 has taken the left fork
242 1 is eating
DBG_EAT: id=1 time_last_meal=242
242 3 is eating
DBG_EAT: id=3 time_last_meal=242
242 4 has put down the left fork
242 5 has taken the right fork
242 4 is sleeping
DBG_EAT2: id=1 meals=3
302 2 is thinking
302 1 has put down the left fork
DBG_EAT2: id=3 meals=2
302 3 has put down the left fork
302 3 has put down the right fork
302 3 is sleeping
302 4 is thinking
302 1 has put down the right fork
302 1 is sleeping
302 5 has taken the left fork
302 5 is eating
DBG_EAT: id=5 time_last_meal=302
302 2 has taken the left fork
302 2 has taken the right fork
302 2 is eating
DBG_EAT: id=2 time_last_meal=302
DBG_EAT2: id=5 meals=2
362 5 has put down the left fork
362 1 is thinking
362 5 has put down the right fork
362 1 has taken the right fork
DBG_EAT2: id=2 meals=3
362 4 has taken the left fork
362 5 is sleeping
362 4 has taken the right fork
362 1 has taken the left fork
362 1 is eating
DBG_EAT: id=1 time_last_meal=362
362 2 has put down the right fork
362 3 is thinking
362 2 has put down the left fork
362 2 is sleeping
362 4 is eating
DBG_EAT: id=4 time_last_meal=362
362 3 has taken the right fork
DBG_EAT2: id=1 meals=4
423 2 is thinking
423 1 has put down the left fork
423 1 has put down the right fork
423 5 is thinking
DBG_EAT2: id=4 meals=2
423 1 is sleeping
423 4 has put down the right fork
423 4 has put down the left fork
423 4 is sleeping
423 3 has taken the left fork
423 3 is eating
DBG_EAT: id=3 time_last_meal=423
423 5 has taken the right fork
423 5 has taken the left fork
423 5 is eating
DBG_EAT: id=5 time_last_meal=423
483 4 is thinking
DBG_EAT2: id=3 meals=3
483 3 has put down the left fork
DBG_EAT2: id=5 meals=3
483 5 has put down the left fork
483 5 has put down the right fork
483 5 is sleeping
483 1 is thinking
483 1 has taken the right fork
483 1 has taken the left fork
483 1 is eating
DBG_EAT: id=1 time_last_meal=483
483 3 has put down the right fork
483 3 is sleeping
483 2 has taken the left fork
483 4 has taken the left fork
483 4 has taken the right fork
483 4 is eating
DBG_EAT: id=4 time_last_meal=483
543 3 is thinking
DBG_EAT2: id=1 meals=5
543 1 has put down the left fork
543 1 has put down the right fork
543 5 is thinking
543 1 is sleeping
DBG_EAT2: id=4 meals=3
544 4 has put down the right fork
544 2 has taken the right fork
544 2 is eating
DBG_EAT: id=2 time_last_meal=544
544 4 has put down the left fork
544 4 is sleeping
544 5 has taken the right fork
544 5 has taken the left fork
544 5 is eating
DBG_EAT: id=5 time_last_meal=544
DBG_EAT2: id=5 meals=4
604 5 has put down the left fork
604 5 has put down the right fork
604 5 is sleeping
604 4 is thinking
DBG_EAT2: id=2 meals=4
604 2 has put down the right fork
604 2 has put down the left fork
604 1 is thinking
604 1 has taken the right fork
604 1 has taken the left fork
604 1 is eating
DBG_EAT: id=1 time_last_meal=604
604 2 is sleeping
604 3 has taken the right fork
604 3 has taken the left fork
604 3 is eating
DBG_EAT: id=3 time_last_meal=604
604 4 has taken the left fork
664 5 is thinking
664 2 is thinking
DBG_EAT2: id=1 meals=6
664 1 has put down the left fork
664 1 has put down the right fork
664 1 is sleeping
DBG_EAT2: id=3 meals=4
664 3 has put down the left fork
664 3 has put down the right fork
664 2 has taken the left fork
664 2 has taken the right fork
664 2 is eating
DBG_EAT: id=2 time_last_meal=664
664 3 is sleeping
664 4 has taken the right fork
664 4 is eating
DBG_EAT: id=4 time_last_meal=664
DBG_EAT2: id=2 meals=5
724 2 has put down the right fork
724 2 has put down the left fork
724 2 is sleeping
724 3 is thinking
724 3 has taken the right fork
724 1 is thinking
724 1 has taken the right fork
724 1 has taken the left fork
724 1 is eating
DBG_EAT: id=1 time_last_meal=724
DBG_EAT2: id=4 meals=4
725 4 has put down the right fork
725 4 has put down the left fork
725 4 is sleeping
725 3 has taken the left fork
725 3 is eating
DBG_EAT: id=3 time_last_meal=725
725 5 has taken the right fork
785 2 is thinking
DBG_EAT2: id=1 meals=7
785 1 has put down the left fork
785 1 has put down the right fork
785 4 is thinking
785 1 is sleeping
DBG_EAT2: id=3 meals=5
785 5 has taken the left fork
785 5 is eating
DBG_EAT: id=5 time_last_meal=785
785 3 has put down the left fork
785 3 has put down the right fork
785 3 is sleeping
785 2 has taken the left fork
785 2 has taken the right fork
785 2 is eating
DBG_EAT: id=2 time_last_meal=785
845 1 is thinking
DBG_EAT2: id=5 meals=5
DBG_EAT2: id=2 meals=6
845 2 has put down the right fork
845 2 has put down the left fork
845 2 is sleeping
845 5 has put down the left fork
845 3 is thinking
845 3 has taken the right fork
845 3 has taken the left fork
845 3 is eating
DBG_EAT: id=3 time_last_meal=845
845 1 has taken the right fork
845 1 has taken the left fork
845 1 is eating
DBG_EAT: id=1 time_last_meal=845
845 5 has put down the right fork
845 5 is sleeping
845 4 has taken the left fork
DBG_EAT2: id=3 meals=6
DBG_EAT2: id=1 meals=8
905 3 has put down the left fork
905 1 has put down the left fork
905 1 has put down the right fork
905 3 has put down the right fork
905 3 is sleeping
905 1 is sleeping
905 4 has taken the right fork
905 4 is eating
DBG_EAT: id=4 time_last_meal=905
905 2 is thinking
905 5 is thinking
906 2 has taken the left fork
906 2 has taken the right fork
906 2 is eating
DBG_EAT: id=2 time_last_meal=906
DBG_EAT2: id=2 meals=7
966 3 is thinking
966 2 has put down the right fork
966 2 has put down the left fork
966 2 is sleeping
966 3 has taken the right fork
DBG_EAT2: id=4 meals=5
966 4 has put down the right fork
966 3 has taken the left fork
966 3 is eating
DBG_EAT: id=3 time_last_meal=966
966 1 is thinking
966 1 has taken the right fork
966 1 has taken the left fork
966 1 is eating
DBG_EAT: id=1 time_last_meal=966
966 4 has put down the left fork
966 4 is sleeping
966 5 has taken the right fork
966 All philosophers ate enough
DBG_EAT2: id=1 meals=9
DBG_EAT2: id=3 meals=7
