DBG_INIT: meal_mutex init for philo 1
DBG_INIT: meal_mutex init for philo 2
DBG_INIT: meal_mutex init for philo 3
DBG_INIT: meal_mutex init for philo 4
DBG_INIT: meal_mutex init for philo 5
DBG: init philo[1].time_last_meal=0
DBG: init philo[2].time_last_meal=0
DBG: init philo[3].time_last_meal=0
DBG: init philo[4].time_last_meal=0
DBG: init philo[5].time_last_meal=0
0 1 has taken the right fork
0 1 has taken the left fork
0 1 is eating
DBG_EAT: id=1 time_last_meal=0
0 2 has taken the left fork
1 5 has taken the right fork
DBG: start_time=1758387645917
DBG_EAT2: id=1 meals=1
100 1 has put down the left fork
100 1 has put down the right fork
100 1 is sleeping
100 2 has taken the right fork
100 2 is eating
DBG_EAT: id=2 time_last_meal=100
100 5 has taken the left fork
100 5 is eating
DBG_EAT: id=5 time_last_meal=100
DBG_EAT2: id=2 meals=1
200 2 has put down the right fork
201 2 has put down the left fork
201 2 is sleeping
201 3 has taken the right fork
201 3 has taken the left fork
201 3 is eating
DBG_EAT: id=3 time_last_meal=201
DBG_EAT2: id=5 meals=1
201 5 has put down the left fork
201 5 has put down the right fork
201 5 is sleeping
201 4 has taken the left fork
300 1 is thinking
300 1 has taken the right fork
300 1 has taken the left fork
300 1 is eating
DBG_EAT: id=1 time_last_meal=300
DBG_EAT2: id=3 meals=1
301 3 has put down the left fork
301 3 has put down the right fork
301 3 is sleeping
301 4 has taken the right fork
301 4 is eating
DBG_EAT: id=4 time_last_meal=301
DBG_EAT2: id=1 meals=2
401 1 has put down the left fork
401 1 has put down the right fork
401 1 is sleeping
401 2 is thinking
401 2 has taken the left fork
401 2 has taken the right fork
401 2 is eating
DBG_EAT: id=2 time_last_meal=401
401 5 is thinking
DBG_EAT2: id=4 meals=1
401 4 has put down the right fork
401 4 has put down the left fork
401 4 is sleeping
401 5 has taken the right fork
401 5 has taken the left fork
401 5 is eating
DBG_EAT: id=5 time_last_meal=401
501 3 is thinking
DBG_EAT2: id=2 meals=2
501 2 has put down the right fork
501 2 has put down the left fork
501 2 is sleeping
501 3 has taken the right fork
501 3 has taken the left fork
501 3 is eating
DBG_EAT: id=3 time_last_meal=501
DBG_EAT2: id=5 meals=2
501 5 has put down the left fork
501 5 has put down the right fork
502 5 is sleeping
601 1 is thinking
601 1 has taken the right fork
601 1 has taken the left fork
601 1 is eating
DBG_EAT: id=1 time_last_meal=601
601 4 is thinking
DBG_EAT2: id=3 meals=2
601 3 has put down the left fork
601 3 has put down the right fork
601 3 is sleeping
601 4 has died (last meal at 301)
DBG_EAT2: id=1 meals=3
