DBG_INIT: meal_mutex init for philo 1
DBG_INIT: meal_mutex init for philo 2
DBG_INIT: meal_mutex init for philo 3
DBG_INIT: meal_mutex init for philo 4
DBG_INIT: meal_mutex init for philo 5
DBG: init philo[1].time_last_meal=0
DBG: init philo[2].time_last_meal=0
DBG: init philo[3].time_last_meal=0
DBG: init philo[4].time_last_meal=0
DBG: init philo[5].time_last_meal=0
0 1 has taken the right fork
0 1 has taken the left fork
0 1 is eating
DBG_EAT: id=1 time_last_meal=0
0 3 has taken the right fork
0 3 has taken the left fork
0 3 is eating
DBG_EAT: id=3 time_last_meal=0
1 5 has taken the right fork
DBG: start_time=1758387332185
DBG_EAT2: id=1 meals=1
100 1 has put down the left fork
100 1 has put down the right fork
DBG_EAT2: id=3 meals=1
100 3 has put down the left fork
100 1 is sleeping
101 5 has taken the left fork
101 5 is eating
DBG_EAT: id=5 time_last_meal=101
101 3 has put down the right fork
101 3 is sleeping
101 2 has taken the left fork
101 2 has taken the right fork
101 2 is eating
DBG_EAT: id=2 time_last_meal=101
161 1 is thinking
161 3 is thinking
DBG_EAT2: id=2 meals=1
201 2 has put down the right fork
DBG_EAT2: id=5 meals=1
201 2 has put down the left fork
201 2 is sleeping
201 5 has put down the left fork
201 5 has put down the right fork
201 4 has taken the left fork
201 4 has taken the right fork
201 4 is eating
DBG_EAT: id=4 time_last_meal=201
201 5 is sleeping
201 3 has taken the right fork
201 1 has taken the right fork
201 1 has taken the left fork
201 1 is eating
DBG_EAT: id=1 time_last_meal=201
261 2 is thinking
261 5 is thinking
DBG_EAT2: id=4 meals=1
301 4 has put down the right fork
301 4 has put down the left fork
301 4 is sleeping
DBG_EAT2: id=1 meals=2
301 1 has put down the left fork
301 1 has put down the right fork
301 3 has taken the left fork
301 3 is eating
DBG_EAT: id=3 time_last_meal=301
301 5 has taken the right fork
301 5 has taken the left fork
301 5 is eating
DBG_EAT: id=5 time_last_meal=301
301 1 is sleeping
301 2 has died (last meal at 101)
DBG_EAT2: id=5 meals=2
DBG_EAT2: id=3 meals=2
