DBG_INIT: meal_mutex init for philo 1
DBG_INIT: meal_mutex init for philo 2
DBG_INIT: meal_mutex init for philo 3
DBG_INIT: meal_mutex init for philo 4
DBG_INIT: meal_mutex init for philo 5
DBG: init philo[1].time_last_meal=0
DBG: init philo[2].time_last_meal=0
DBG: init philo[3].time_last_meal=0
DBG: init philo[4].time_last_meal=0
DBG: init philo[5].time_last_meal=0
0 1 has taken the right fork
0 1 has taken the left fork
0 1 is eating
DBG_EAT: id=1 time_last_meal=0
0 2 has taken the left fork
0 5 has taken the right fork
DBG: start_time=1758387801838
DBG_EAT2: id=1 meals=1
100 1 has put down the left fork
100 1 has put down the right fork
100 1 is sleeping
100 2 has taken the right fork
100 2 is eating
DBG_EAT: id=2 time_last_meal=100
100 5 has taken the left fork
100 5 is eating
DBG_EAT: id=5 time_last_meal=100
DBG_EAT2: id=5 meals=1
200 5 has put down the left fork
DBG_EAT2: id=2 meals=1
200 1 is thinking
201 1 has taken the right fork
201 1 has taken the left fork
201 1 is eating
DBG_EAT: id=1 time_last_meal=201
201 2 has put down the right fork
201 5 has put down the right fork
201 5 is sleeping
201 2 has put down the left fork
201 3 has taken the right fork
201 4 has taken the left fork
201 4 has taken the right fork
201 4 is eating
DBG_EAT: id=4 time_last_meal=201
201 2 is sleeping
DBG_EAT2: id=1 meals=2
301 5 is thinking
301 1 has put down the left fork
301 1 has put down the right fork
301 1 is sleeping
DBG_EAT2: id=4 meals=1
301 4 has put down the right fork
301 2 is thinking
301 4 has put down the left fork
301 3 has taken the left fork
301 3 is eating
DBG_EAT: id=3 time_last_meal=301
301 4 is sleeping
301 5 has taken the right fork
301 5 has taken the left fork
301 5 is eating
DBG_EAT: id=5 time_last_meal=301
401 1 is thinking
401 4 is thinking
DBG_EAT2: id=3 meals=1
401 3 has put down the left fork
401 3 has put down the right fork
401 3 is sleeping
DBG_EAT2: id=5 meals=2
401 5 has put down the left fork
401 1 has taken the right fork
401 1 has taken the left fork
401 1 is eating
DBG_EAT: id=1 time_last_meal=401
401 5 has put down the right fork
401 2 has taken the left fork
401 5 is sleeping
401 4 has taken the left fork
401 4 has taken the right fork
401 4 is eating
DBG_EAT: id=4 time_last_meal=401
501 3 is thinking
DBG_EAT2: id=1 meals=3
DBG_EAT2: id=4 meals=2
502 4 has put down the right fork
502 4 has put down the left fork
502 4 is sleeping
502 1 has put down the left fork
502 1 has put down the right fork
502 5 is thinking
502 5 has taken the right fork
502 5 has taken the left fork
502 5 is eating
DBG_EAT: id=5 time_last_meal=502
502 1 is sleeping
502 2 has taken the right fork
502 2 is eating
DBG_EAT: id=2 time_last_meal=502
DBG_EAT2: id=5 meals=3
602 5 has put down the left fork
602 5 has put down the right fork
602 5 is sleeping
602 1 is thinking
602 1 has taken the right fork
602 4 is thinking
DBG_EAT2: id=2 meals=2
602 2 has put down the right fork
602 1 has taken the left fork
602 1 is eating
DBG_EAT: id=1 time_last_meal=602
602 2 has put down the left fork
602 2 is sleeping
602 3 has taken the right fork
602 3 has taken the left fork
602 3 is eating
DBG_EAT: id=3 time_last_meal=602
602 4 has taken the left fork
702 5 is thinking
DBG_EAT2: id=1 meals=4
702 1 has put down the left fork
702 1 has put down the right fork
702 1 is sleeping
702 2 is thinking
DBG_EAT2: id=3 meals=2
702 3 has put down the left fork
703 3 has put down the right fork
703 2 has taken the left fork
703 2 has taken the right fork
703 2 is eating
DBG_EAT: id=2 time_last_meal=703
703 3 is sleeping
703 4 has taken the right fork
703 4 is eating
DBG_EAT: id=4 time_last_meal=703
802 1 is thinking
802 1 has taken the right fork
DBG_EAT2: id=2 meals=3
803 2 has put down the right fork
803 2 has put down the left fork
803 2 is sleeping
803 3 is thinking
803 3 has taken the right fork
803 1 has taken the left fork
803 1 is eating
DBG_EAT: id=1 time_last_meal=803
DBG_EAT2: id=4 meals=3
803 4 has put down the right fork
803 4 has put down the left fork
803 3 has taken the left fork
803 3 is eating
DBG_EAT: id=3 time_last_meal=803
803 4 is sleeping
803 5 has taken the right fork
DBG_EAT2: id=1 meals=5
903 1 has put down the left fork
903 2 is thinking
903 1 has put down the right fork
903 1 is sleeping
903 5 has taken the left fork
903 5 is eating
DBG_EAT: id=5 time_last_meal=903
903 4 is thinking
DBG_EAT2: id=3 meals=3
903 3 has put down the left fork
903 3 has put down the right fork
903 3 is sleeping
903 2 has taken the left fork
903 2 has taken the right fork
903 2 is eating
DBG_EAT: id=2 time_last_meal=903
1003 1 is thinking
DBG_EAT2: id=5 meals=4
1003 5 has put down the left fork
1003 5 has put down the right fork
1003 5 is sleeping
1003 4 has taken the left fork
1003 4 has taken the right fork
1003 4 is eating
DBG_EAT: id=4 time_last_meal=1003
1003 3 is thinking
1004 1 has taken the right fork
DBG_EAT2: id=2 meals=4
1004 2 has put down the right fork
1004 2 has put down the left fork
1004 2 is sleeping
1004 1 has taken the left fork
1004 1 is eating
DBG_EAT: id=1 time_last_meal=1004
1004 3 has taken the right fork
DBG_EAT2: id=4 meals=4
1104 5 is thinking
1104 4 has put down the right fork
1104 4 has put down the left fork
1104 4 is sleeping
1104 3 has taken the left fork
1104 3 is eating
DBG_EAT: id=3 time_last_meal=1104
1104 5 has taken the right fork
1104 2 is thinking
DBG_EAT2: id=1 meals=6
1104 1 has put down the left fork
1104 1 has put down the right fork
1104 1 is sleeping
1104 5 has taken the left fork
1104 5 is eating
DBG_EAT: id=5 time_last_meal=1104
DBG_EAT2: id=3 meals=4
1204 3 has put down the left fork
1204 4 is thinking
1204 3 has put down the right fork
1204 2 has taken the left fork
1204 2 has taken the right fork
1204 2 is eating
DBG_EAT: id=2 time_last_meal=1204
1204 3 is sleeping
1204 1 is thinking
DBG_EAT2: id=5 meals=5
1204 5 has put down the left fork
1204 5 has put down the right fork
1204 5 is sleeping
1204 1 has taken the right fork
1204 4 has taken the left fork
1204 4 has taken the right fork
1204 4 is eating
DBG_EAT: id=4 time_last_meal=1204
DBG_EAT2: id=2 meals=5
1304 3 is thinking
1304 2 has put down the right fork
1304 2 has put down the left fork
1304 3 has taken the right fork
1304 2 is sleeping
1304 1 has taken the left fork
1304 1 is eating
DBG_EAT: id=1 time_last_meal=1304
1305 5 is thinking
DBG_EAT2: id=4 meals=5
1305 4 has put down the right fork
1305 4 has put down the left fork
1305 4 is sleeping
1305 3 has taken the left fork
1305 3 is eating
DBG_EAT: id=3 time_last_meal=1305
1305 5 has taken the right fork
DBG_EAT2: id=1 meals=7
1404 1 has put down the left fork
1404 2 is thinking
1405 1 has put down the right fork
1405 1 is sleeping
1405 5 has taken the left fork
1405 5 is eating
DBG_EAT: id=5 time_last_meal=1405
1405 4 is thinking
DBG_EAT2: id=3 meals=5
1405 3 has put down the left fork
1405 3 has put down the right fork
1405 3 is sleeping
1405 2 has taken the left fork
1405 2 has taken the right fork
1405 2 is eating
DBG_EAT: id=2 time_last_meal=1405
DBG_EAT2: id=5 meals=6
1505 5 has put down the left fork
1505 5 has put down the right fork
1505 1 is thinking
1505 1 has taken the right fork
1505 5 is sleeping
1505 4 has taken the left fork
1505 4 has taken the right fork
1505 4 is eating
DBG_EAT: id=4 time_last_meal=1505
1505 3 is thinking
DBG_EAT2: id=2 meals=6
1505 2 has put down the right fork
1505 2 has put down the left fork
1506 1 has taken the left fork
1506 1 is eating
DBG_EAT: id=1 time_last_meal=1506
1506 2 is sleeping
1506 3 has taken the right fork
DBG_EAT2: id=4 meals=6
1605 5 is thinking
1605 4 has put down the right fork
1605 4 has put down the left fork
1605 4 is sleeping
1605 3 has taken the left fork
1605 3 is eating
DBG_EAT: id=3 time_last_meal=1605
1605 5 has taken the right fork
DBG_EAT2: id=1 meals=8
1606 1 has put down the left fork
1606 1 has put down the right fork
1606 1 is sleeping
1606 5 has taken the left fork
1606 5 is eating
DBG_EAT: id=5 time_last_meal=1606
1606 2 is thinking
1706 4 is thinking
DBG_EAT2: id=3 meals=6
1706 3 has put down the left fork
1706 3 has put down the right fork
1706 2 has taken the left fork
1706 2 has taken the right fork
1706 2 is eating
DBG_EAT: id=2 time_last_meal=1706
1706 3 is sleeping
1706 1 is thinking
DBG_EAT2: id=5 meals=7
1706 5 has put down the left fork
1706 5 has put down the right fork
1706 1 has taken the right fork
1706 5 is sleeping
1706 4 has taken the left fork
1706 4 has taken the right fork
1706 4 is eating
DBG_EAT: id=4 time_last_meal=1706
1806 3 is thinking
DBG_EAT2: id=2 meals=7
1806 2 has put down the right fork
1806 2 has put down the left fork
1806 1 has taken the left fork
1806 1 is eating
DBG_EAT: id=1 time_last_meal=1806
1806 2 is sleeping
1806 3 has taken the right fork
DBG_EAT2: id=4 meals=7
1806 5 is thinking
1806 4 has put down the right fork
1806 4 has put down the left fork
1806 3 has taken the left fork
1806 3 is eating
DBG_EAT: id=3 time_last_meal=1806
1806 4 is sleeping
1806 5 has taken the right fork
DBG_EAT2: id=1 meals=9
1906 1 has put down the left fork
1906 2 is thinking
1906 1 has put down the right fork
1906 1 is sleeping
1906 5 has taken the left fork
1906 5 is eating
DBG_EAT: id=5 time_last_meal=1906
DBG_EAT2: id=3 meals=7
1907 3 has put down the left fork
1907 3 has put down the right fork
1907 2 has taken the left fork
1907 2 has taken the right fork
1907 2 is eating
DBG_EAT: id=2 time_last_meal=1907
1907 3 is sleeping
1907 4 is thinking
2007 1 is thinking
DBG_EAT2: id=5 meals=8
2007 5 has put down the left fork
2007 5 has put down the right fork
2007 5 is sleeping
2007 1 has taken the right fork
DBG_EAT2: id=2 meals=8
2007 3 is thinking
2007 4 has taken the left fork
2007 4 has taken the right fork
2007 4 is eating
DBG_EAT: id=4 time_last_meal=2007
2007 2 has put down the right fork
2007 1 has taken the left fork
2007 1 is eating
DBG_EAT: id=1 time_last_meal=2007
2007 3 has taken the right fork
2007 2 has put down the left fork
2007 2 is sleeping
2107 5 is thinking
DBG_EAT2: id=1 meals=10
2107 1 has put down the left fork
2107 1 has put down the right fork
DBG_EAT2: id=4 meals=8
2107 1 is sleeping
2107 4 has put down the right fork
2107 2 is thinking
2107 4 has put down the left fork
2107 3 has taken the left fork
2107 3 is eating
DBG_EAT: id=3 time_last_meal=2107
2107 4 is sleeping
2107 5 has taken the right fork
2107 5 has taken the left fork
2107 5 is eating
DBG_EAT: id=5 time_last_meal=2107
2207 1 is thinking
DBG_EAT2: id=3 meals=8
2207 3 has put down the left fork
2207 4 is thinking
2207 3 has put down the right fork
DBG_EAT2: id=5 meals=9
2207 3 is sleeping
2207 5 has put down the left fork
2207 5 has put down the right fork
2207 5 is sleeping
2207 2 has taken the left fork
2207 2 has taken the right fork
2207 2 is eating
DBG_EAT: id=2 time_last_meal=2207
2207 4 has taken the left fork
2207 4 has taken the right fork
2207 4 is eating
DBG_EAT: id=4 time_last_meal=2207
2207 1 has taken the right fork
2307 3 is thinking
2308 5 is thinking
DBG_EAT2: id=2 meals=9
DBG_EAT2: id=4 meals=9
2308 4 has put down the right fork
2308 2 has put down the right fork
2308 4 has put down the left fork
2308 2 has put down the left fork
2308 2 is sleeping
2308 4 is sleeping
2308 3 has taken the right fork
2308 3 has taken the left fork
2308 3 is eating
DBG_EAT: id=3 time_last_meal=2308
2308 1 has taken the left fork
2308 1 is eating
DBG_EAT: id=1 time_last_meal=2308
2308 5 has taken the right fork
2408 2 is thinking
DBG_EAT2: id=3 meals=9
2408 3 has put down the left fork
2408 3 has put down the right fork
2408 3 is sleeping
2408 4 is thinking
DBG_EAT2: id=1 meals=11
2408 1 has put down the left fork
2408 1 has put down the right fork
2408 1 is sleeping
2408 5 has taken the left fork
2408 5 is eating
DBG_EAT: id=5 time_last_meal=2408
2408 2 has taken the left fork
2408 2 has taken the right fork
2408 2 is eating
DBG_EAT: id=2 time_last_meal=2408
2508 3 is thinking
DBG_EAT2: id=2 meals=10
2508 2 has put down the right fork
2508 1 is thinking
2508 2 has put down the left fork
DBG_EAT2: id=5 meals=10
2508 2 is sleeping
2508 5 has put down the left fork
2508 3 has taken the right fork
2508 3 has taken the left fork
2508 3 is eating
DBG_EAT: id=3 time_last_meal=2508
2508 5 has put down the right fork
2508 5 is sleeping
2508 1 has taken the right fork
2508 1 has taken the left fork
2508 1 is eating
DBG_EAT: id=1 time_last_meal=2508
2508 4 has taken the left fork
DBG_EAT2: id=1 meals=12
DBG_EAT2: id=3 meals=10
2608 1 has put down the left fork
2608 1 has put down the right fork
2608 1 is sleeping
2608 5 is thinking
2608 2 is thinking
2608 3 has put down the left fork
2608 3 has put down the right fork
2608 3 is sleeping
2608 4 has taken the right fork
2608 4 is eating
DBG_EAT: id=4 time_last_meal=2608
2608 2 has taken the left fork
2608 2 has taken the right fork
2608 2 is eating
DBG_EAT: id=2 time_last_meal=2608
2708 1 is thinking
2708 1 has taken the right fork
2708 3 is thinking
DBG_EAT2: id=4 meals=10
2709 4 has put down the right fork
DBG_EAT2: id=2 meals=11
2709 4 has put down the left fork
2709 2 has put down the right fork
2709 4 is sleeping
2709 2 has put down the left fork
2709 2 is sleeping
2709 5 has taken the right fork
2709 1 has taken the left fork
2709 1 is eating
DBG_EAT: id=1 time_last_meal=2709
2709 3 has taken the right fork
2709 3 has taken the left fork
2709 3 is eating
DBG_EAT: id=3 time_last_meal=2709
2809 4 is thinking
2809 2 is thinking
DBG_EAT2: id=3 meals=11
2809 3 has put down the left fork
2809 3 has put down the right fork
2809 3 is sleeping
2809 2 has taken the left fork
DBG_EAT2: id=1 meals=13
2809 1 has put down the left fork
2809 1 has put down the right fork
2809 1 is sleeping
2809 2 has taken the right fork
2809 2 is eating
DBG_EAT: id=2 time_last_meal=2809
2809 5 has taken the left fork
2809 5 is eating
DBG_EAT: id=5 time_last_meal=2809
2909 3 is thinking
2909 1 is thinking
DBG_EAT2: id=5 meals=11
DBG_EAT2: id=2 meals=12
2909 2 has put down the right fork
2910 5 has put down the left fork
2910 2 has put down the left fork
2910 5 has put down the right fork
2910 5 is sleeping
2910 2 is sleeping
2910 1 has taken the right fork
2910 1 has taken the left fork
2910 1 is eating
DBG_EAT: id=1 time_last_meal=2910
2910 4 has taken the left fork
2910 4 has taken the right fork
2910 4 is eating
DBG_EAT: id=4 time_last_meal=2910
2910 3 has taken the right fork
DBG_EAT2: id=4 meals=11
3010 5 is thinking
3010 2 is thinking
DBG_EAT2: id=1 meals=14
3010 1 has put down the left fork
3010 1 has put down the right fork
3010 1 is sleeping
3010 4 has put down the right fork
3010 4 has put down the left fork
3010 3 has taken the left fork
3010 3 is eating
DBG_EAT: id=3 time_last_meal=3010
3010 4 is sleeping
3010 5 has taken the right fork
3010 5 has taken the left fork
3010 5 is eating
DBG_EAT: id=5 time_last_meal=3010
DBG_EAT2: id=3 meals=12
3110 3 has put down the left fork
3110 4 is thinking
3110 3 has put down the right fork
3110 3 is sleeping
DBG_EAT2: id=5 meals=12
3110 5 has put down the left fork
3110 5 has put down the right fork
3110 1 is thinking
3110 1 has taken the right fork
3110 1 has taken the left fork
3110 1 is eating
DBG_EAT: id=1 time_last_meal=3110
3110 2 has taken the left fork
3110 5 is sleeping
3110 4 has taken the left fork
3110 4 has taken the right fork
3110 4 is eating
DBG_EAT: id=4 time_last_meal=3110
3210 5 is thinking
3210 3 is thinking
DBG_EAT2: id=1 meals=15
3210 1 has put down the left fork
3210 1 has put down the right fork
DBG_EAT2: id=4 meals=12
3210 4 has put down the right fork
3210 1 is sleeping
3211 4 has put down the left fork
3211 4 is sleeping
3211 2 has taken the right fork
3211 2 is eating
DBG_EAT: id=2 time_last_meal=3211
3211 5 has taken the right fork
3211 5 has taken the left fork
3211 5 is eating
DBG_EAT: id=5 time_last_meal=3211
DBG_EAT2: id=2 meals=13
3311 2 has put down the right fork
3311 4 is thinking
3311 1 is thinking
3311 2 has put down the left fork
DBG_EAT2: id=5 meals=13
3311 5 has put down the left fork
3311 5 has put down the right fork
3311 5 is sleeping
3311 2 is sleeping
3311 1 has taken the right fork
3311 1 has taken the left fork
3311 1 is eating
DBG_EAT: id=1 time_last_meal=3311
3311 4 has taken the left fork
3311 4 has taken the right fork
3311 4 is eating
DBG_EAT: id=4 time_last_meal=3311
3311 3 has taken the right fork
DBG_EAT2: id=1 meals=16
3411 1 has p