DBG_INIT: meal_mutex init for philo 1
DBG_INIT: meal_mutex init for philo 2
DBG_INIT: meal_mutex init for philo 3
DBG_INIT: meal_mutex init for philo 4
DBG_INIT: meal_mutex init for philo 5
DBG: init philo[1].time_last_meal=0
DBG: init philo[2].time_last_meal=0
DBG: init philo[3].time_last_meal=0
DBG: init philo[4].time_last_meal=0
DBG: init philo[5].time_last_meal=0
0 1 has taken the right fork
1 1 has taken the left fork
1 1 is eating
DBG_EAT: id=1 time_last_meal=1
1 3 has taken the right fork
1 3 has taken the left fork
1 3 is eating
DBG_EAT: id=3 time_last_meal=1
1 5 has taken the right fork
DBG: start_time=1758387597373
DBG_EAT2: id=1 meals=1
61 1 has put down the left fork
61 1 has put down the right fork
61 1 is sleeping
61 5 has taken the left fork
61 5 is eating
DBG_EAT: id=5 time_last_meal=61
DBG_EAT2: id=3 meals=1
61 3 has put down the left fork
61 3 has put down the right fork
61 3 is sleeping
61 2 has taken the left fork
61 2 has taken the right fork
61 2 is eating
DBG_EAT: id=2 time_last_meal=61
DBG_EAT2: id=5 meals=1
121 5 has put down the left fork
121 5 has put down the right fork
DBG_EAT2: id=2 meals=1
121 2 has put down the right fork
121 2 has put down the left fork
121 2 is sleeping
122 5 is sleeping
122 4 has taken the left fork
122 4 has taken the right fork
122 4 is eating
DBG_EAT: id=4 time_last_meal=122
161 1 is thinking
161 1 has taken the right fork
161 1 has taken the left fork
161 1 is eating
DBG_EAT: id=1 time_last_meal=161
161 3 is thinking
161 3 has taken the right fork
DBG_EAT2: id=4 meals=1
182 4 has put down the right fork
182 4 has put down the left fork
182 4 is sleeping
182 3 has taken the left fork
182 3 is eating
DBG_EAT: id=3 time_last_meal=182
DBG_EAT2: id=1 meals=2
222 2 is thinking
222 1 has put down the left fork
222 1 has put down the right fork
222 5 is thinking
222 5 has taken the right fork
222 5 has taken the left fork
222 5 is eating
DBG_EAT: id=5 time_last_meal=222
222 1 is sleeping
DBG_EAT2: id=3 meals=2
242 3 has put down the left fork
242 3 has put down the right fork
242 3 is sleeping
242 2 has taken the left fork
242 2 has taken the right fork
242 2 is eating
DBG_EAT: id=2 time_last_meal=242
DBG_EAT2: id=5 meals=2
282 5 has put down the left fork
282 5 has put down the right fork
282 5 is sleeping
282 4 is thinking
282 4 has taken the left fork
282 4 has taken the right fork
282 4 is eating
DBG_EAT: id=4 time_last_meal=282
DBG_EAT2: id=2 meals=2
303 2 has put down the right fork
303 2 has put down the left fork
303 2 is sleeping
322 1 is thinking
322 1 has taken the right fork
322 1 has taken the left fork
322 1 is eating
DBG_EAT: id=1 time_last_meal=322
343 3 is thinking
343 3 has taken the right fork
DBG_EAT2: id=4 meals=2
343 4 has put down the right fork
343 4 has put down the left fork
343 4 is sleeping
343 3 has taken the left fork
343 3 is eating
DBG_EAT: id=3 time_last_meal=343
DBG_EAT2: id=1 meals=3
382 1 has put down the left fork
382 1 has put down the right fork
382 5 is thinking
382 5 has taken the right fork
382 5 has taken the left fork
382 5 is eating
DBG_EAT: id=5 time_last_meal=382
382 1 is sleeping
403 2 is thinking
DBG_EAT2: id=3 meals=3
403 3 has put down the left fork
403 3 has put down the right fork
403 3 is sleeping
403 2 has taken the left fork
403 2 has taken the right fork
403 2 is eating
DBG_EAT: id=2 time_last_meal=403
DBG_EAT2: id=5 meals=3
443 5 has put down the left fork
443 5 has put down the right fork
443 5 is sleeping
443 4 is thinking
443 4 has taken the left fork
443 4 has taken the right fork
443 4 is eating
DBG_EAT: id=4 time_last_meal=443
DBG_EAT2: id=2 meals=3
463 2 has put down the right fork
463 2 has put down the left fork
464 2 is sleeping
483 1 is thinking
483 1 has taken the right fork
483 1 has taken the left fork
483 1 is eating
DBG_EAT: id=1 time_last_meal=483
503 3 is thinking
503 3 has taken the right fork
DBG_EAT2: id=4 meals=3
503 4 has put down the right fork
503 4 has put down the left fork
503 3 has taken the left fork
503 3 is eating
DBG_EAT: id=3 time_last_meal=503
503 4 is sleeping
DBG_EAT2: id=1 meals=4
543 1 has put down the left fork
543 1 has put down the right fork
543 1 is sleeping
543 5 is thinking
543 5 has taken the right fork
543 5 has taken the left fork
543 5 is eating
DBG_EAT: id=5 time_last_meal=543
DBG_EAT2: id=3 meals=4
564 3 has put down the left fork
564 3 has put down the right fork
564 3 is sleeping
564 2 is thinking
564 2 has taken the left fork
564 2 has taken the right fork
564 2 is eating
DBG_EAT: id=2 time_last_meal=564
DBG_EAT2: id=5 meals=4
604 5 has put down the left fork
604 5 has put down the right fork
604 4 is thinking
604 5 is sleeping
604 4 has taken the left fork
604 4 has taken the right fork
604 4 is eating
DBG_EAT: id=4 time_last_meal=604
DBG_EAT2: id=2 meals=4
624 2 has put down the right fork
624 2 has put down the left fork
624 2 is sleeping
644 1 is thinking
644 1 has taken the right fork
644 1 has taken the left fork
644 1 is eating
DBG_EAT: id=1 time_last_meal=644
664 3 is thinking
664 3 has taken the right fork
DBG_EAT2: id=4 meals=4
664 4 has put down the right fork
664 4 has put down the left fork
664 4 is sleeping
664 3 has taken the left fork
664 3 is eating
DBG_EAT: id=3 time_last_meal=664
DBG_EAT2: id=1 meals=5
704 1 has put down the left fork
704 1 has put down the right fork
704 5 is thinking
704 5 has taken the right fork
704 5 has taken the left fork
704 5 is eating
DBG_EAT: id=5 time_last_meal=704
704 1 is sleeping
DBG_EAT2: id=3 meals=5
724 3 has put down the left fork
724 3 has put down the right fork
724 3 is sleeping
724 2 is thinking
725 2 has taken the left fork
725 2 has taken the right fork
725 2 is eating
DBG_EAT: id=2 time_last_meal=725
DBG_EAT2: id=5 meals=5
764 5 has put down the left fork
764 5 has put down the right fork
764 4 is thinking
764 5 is sleeping
765 4 has taken the left fork
765 4 has taken the right fork
765 4 is eating
DBG_EAT: id=4 time_last_meal=765
DBG_EAT2: id=2 meals=5
785 2 has put down the right fork
785 2 has put down the left fork
785 2 is sleeping
804 1 is thinking
804 1 has taken the right fork
804 1 has taken the left fork
804 1 is eating
DBG_EAT: id=1 time_last_meal=804
DBG_EAT2: id=4 meals=5
825 4 has put down the right fork
825 4 has put down the left fork
825 3 is thinking
825 3 has taken the right fork
825 3 has taken the left fork
825 3 is eating
DBG_EAT: id=3 time_last_meal=825
825 4 is sleeping
DBG_EAT2: id=1 meals=6
865 1 has put down the left fork
865 1 has put down the right fork
865 5 is thinking
865 5 has taken the right fork
865 5 has taken the left fork
865 5 is eating
DBG_EAT: id=5 time_last_meal=865
865 1 is sleeping
DBG_EAT2: id=3 meals=6
885 3 has put down the left fork
885 3 has put down the right fork
885 3 is sleeping
885 2 is thinking
886 2 has taken the left fork
886 2 has taken the right fork
886 2 is eating
DBG_EAT: id=2 time_last_meal=886
DBG_EAT2: id=5 meals=6
925 5 has put down the left fork
925 5 has put down the right fork
925 4 is thinking
925 5 is sleeping
925 4 has taken the left fork
925 4 has taken the right fork
925 4 is eating
DBG_EAT: id=4 time_last_meal=925
DBG_EAT2: id=2 meals=6
946 2 has put down the right fork
946 2 has put down the left fork
946 2 is sleeping
965 1 is thinking
965 1 has taken the right fork
965 1 has taken the left fork
965 1 is eating
DBG_EAT: id=1 time_last_meal=965
985 3 is thinking
985 3 has taken the right fork
DBG_EAT2: id=4 meals=6
985 4 has put down the right fork
985 4 has put down the left fork
985 4 is sleeping
986 3 has taken the left fork
986 3 is eating
DBG_EAT: id=3 time_last_meal=986
1025 5 is thinking
1025 5 has taken the right fork
DBG_EAT2: id=1 meals=7
1025 1 has put down the left fork
1025 1 has put down the right fork
1025 1 is sleeping
1025 5 has taken the left fork
1025 5 is eating
DBG_EAT: id=5 time_last_meal=1025
DBG_EAT2: id=3 meals=7
1046 3 has put down the left fork
1046 3 has put down the right fork
1046 3 is sleeping
1046 2 is thinking
1046 2 has taken the left fork
1046 2 has taken the right fork
1046 2 is eating
DBG_EAT: id=2 time_last_meal=1046
1086 4 is thinking
DBG_EAT2: id=5 meals=7
1086 5 has put down the left fork
1086 5 has put down the right fork
1086 5 is sleeping
1086 4 has taken the left fork
1086 4 has taken the right fork
1086 4 is eating
DBG_EAT: id=4 time_last_meal=1086
DBG_EAT2: id=2 meals=7
1107 2 has put down the right fork
1107 2 has put down the left fork
1107 2 is sleeping
1126 1 is thinking
1126 1 has taken the right fork
1126 1 has taken the left fork
1126 1 is eating
DBG_EAT: id=1 time_last_meal=1126
1146 3 is thinking
1146 3 has taken the right fork
DBG_EAT2: id=4 meals=7
1146 4 has put down the right fork
1146 4 has put down the left fork
1146 4 is sleeping
1146 3 has taken the left fork
1146 3 is eating
DBG_EAT: id=3 time_last_meal=1146
DBG_EAT2: id=1 meals=8
1186 1 has put down the left fork
1186 1 has put down the right fork
1186 5 is thinking
1186 5 has taken the right fork
1186 5 has taken the left fork
1186 5 is eating
DBG_EAT: id=5 time_last_meal=1186
1186 1 is sleeping
DBG_EAT2: id=3 meals=8
1206 3 has put down the left fork
1206 3 has put down the right fork
1206 3 is sleeping
1207 2 is thinking
1207 2 has taken the left fork
1207 2 has taken the right fork
1207 2 is eating
DBG_EAT: id=2 time_last_meal=1207
DBG_EAT2: id=5 meals=8
1246 5 has put down the left fork
1246 5 has put down the right fork
1246 4 is thinking
1247 5 is sleeping
1247 4 has taken the left fork
1247 4 has taken the right fork
1247 4 is eating
DBG_EAT: id=4 time_last_meal=1247
DBG_EAT2: id=2 meals=8
1267 2 has put down the right fork
1267 2 has put down the left fork
1267 2 is sleeping
1286 1 is thinking
1286 1 has taken the right fork
1286 1 has taken the left fork
1286 1 is eating
DBG_EAT: id=1 time_last_meal=1286
1306 3 is thinking
1306 3 has taken the right fork
DBG_EAT2: id=4 meals=8
1307 4 has put down the right fork
1307 4 has put down the left fork
1307 4 is sleeping
1307 3 has taken the left fork
1307 3 is eating
DBG_EAT: id=3 time_last_meal=1307
DBG_EAT2: id=1 meals=9
1346 1 has put down the left fork
1346 1 has put down the right fork
1346 1 is sleeping
1347 5 is thinking
1347 5 has taken the right fork
1347 5 has taken the left fork
1347 5 is eating
DBG_EAT: id=5 time_last_meal=1347
DBG_EAT2: id=3 meals=9
1367 3 has put down the left fork
1367 3 has put down the right fork
1367 3 is sleeping
1367 2 is thinking
1367 2 has taken the left fork
1367 2 has taken the right fork
1367 2 is eating
DBG_EAT: id=2 time_last_meal=1367
DBG_EAT2: id=5 meals=9
1407 5 has put down the left fork
1407 5 has put down the right fork
1407 5 is sleeping
1407 4 is thinking
1407 4 has taken the left fork
1407 4 has taken the right fork
1407 4 is eating
DBG_EAT: id=4 time_last_meal=1407
DBG_EAT2: id=2 meals=9
1428 2 has put down the right fork
1428 2 has put down the left fork
1428 2 is sleeping
1447 1 is thinking
1447 1 has taken the right fork
1447 1 has taken the left fork
1447 1 is eating
DBG_EAT: id=1 time_last_meal=1447
1467 3 is thinking
1467 3 has taken the right fork
DBG_EAT2: id=4 meals=9
1467 4 has put down the right fork
1467 4 has put down the left fork
1467 4 is sleeping
1467 3 has taken the left fork
1467 3 is eating
DBG_EAT: id=3 time_last_meal=1467
DBG_EAT2: id=1 meals=10
1507 1 has put down the left fork
1507 1 has put down the right fork
1507 5 is thinking
1507 5 has taken the right fork
1507 5 has taken the left fork
1507 5 is eating
DBG_EAT: id=5 time_last_meal=1507
1507 1 is sleeping
DBG_EAT2: id=3 meals=10
1528 3 has put down the left fork
1528 3 has put down the right fork
1528 3 is sleeping
1528 2 is thinking
1528 2 has taken the left fork
1528 2 has taken the right fork
1528 2 is eating
DBG_EAT: id=2 time_last_meal=1528
DBG_EAT2: id=5 meals=10
1567 5 has put down the left fork
1567 5 has put down the right fork
1567 5 is sleeping
1567 4 is thinking
1567 4 has taken the left fork
1567 4 has taken the right fork
1567 4 is eating
DBG_EAT: id=4 time_last_meal=1567
DBG_EAT2: id=2 meals=10
1588 2 has put down the right fork
1588 2 has put down the left fork
1588 2 is sleeping
1607 1 is thinking
1607 1 has taken the right fork
1607 1 has taken the left fork
1607 1 is eating
DBG_EAT: id=1 time_last_meal=1607
DBG_EAT2: id=4 meals=10
1628 4 has put down the right fork
1628 4 has put down the left fork
1628 4 is sleeping
1628 3 is thinking
1628 3 has taken the right fork
1628 3 has taken the left fork
1628 3 is eating
DBG_EAT: id=3 time_last_meal=1628
1667 5 is thinking
1668 5 has taken the right fork
DBG_EAT2: id=1 meals=11
1668 1 has put down the left fork
1668 1 has put down the right fork
1668 5 has taken the left fork
1668 5 is eating
DBG_EAT: id=5 time_last_meal=1668
1668 1 is sleeping
DBG_EAT2: id=3 meals=11
1688 3 has put down the left fork
1688 3 has put down the right fork
1688 3 is sleeping
1689 2 is thinking
1689 2 has taken the left fork
1689 2 has taken the right fork
1689 2 is eating
DBG_EAT: id=2 time_last_meal=1689
DBG_EAT2: id=5 meals=11
1728 5 has put down the left fork
1728 5 has put down the right fork
1728 4 is thinking
1728 5 is sleeping
1728 4 has taken the left fork
1728 4 has taken the right fork
1728 4 is eating
DBG_EAT: id=4 time_last_meal=1728
DBG_EAT2: id=2 meals=11
1749 2 has put down the right fork
1749 2 has put down the left fork
1749 2 is sleeping
1768 1 is thinking
1768 1 has taken the right fork
1768 1 has taken the left fork
1768 1 is eating
DBG_EAT: id=1 time_last_meal=1768
1788 3 is thinking
1788 3 has taken the right fork
DBG_EAT2: id=4 meals=11
1788 4 has put down the right fork
1788 4 has put down the left fork
1788 4 is sleeping
1789 3 has taken the left fork
1789 3 is eating
DBG_EAT: id=3 time_last_meal=1789
DBG_EAT2: id=1 meals=12
1828 1 has put down the left fork
1828 1 has put down the right fork
1828 1 is sleeping
1828 5 is thinking
1828 5 has taken the right fork
1828 5 has taken the left fork
1828 5 is eating
DBG_EAT: id=5 time_last_meal=1828
DBG_EAT2: id=3 meals=12
1849 3 has put down the left fork
1849 3 has put down the right fork
1849 3 is sleeping
1850 2 is thinking
1850 2 has taken the left fork
1850 2 has taken the right fork
1850 2 is eating
DBG_EAT: id=2 time_last_meal=1850
1889 4 is thinking
DBG_EAT2: id=5 meals=12
1889 5 has put down the left fork
1889 5 has put down the right fork
1889 5 is sleeping
1889 4 has taken the left fork
1889 4 has taken the right fork
1889 4 is eating
DBG_EAT: id=4 time_last_meal=1889
DBG_EAT2: id=2 meals=12
1910 2 has put down the right fork
1910 2 has put down the left fork
1910 2 is sleeping
1929 1 is thinking
1929 1 has taken the right fork
1929 1 has taken the left fork
1929 1 is eating
DBG_EAT: id=1 time_last_meal=1929
DBG_EAT2: id=4 meals=12
1949 4 has put down the right fork
1949 4 has put down the left fork
1949 3 is thinking
1949 3 has taken the right fork
1949 3 has taken the left fork
1949 3 is eating
DBG_EAT: id=3 time_last_meal=1949
1949 4 is sleeping
DBG_EAT2: id=1 meals=13
1989 1 has put down the left fork
1989 1 has put down the right fork
1989 5 is thinking
1989 5 has taken the right fork
1989 5 has taken the left fork
1989 5 is eating
DBG_EAT: id=5 time_last_meal=1989
1989 1 is sleeping
DBG_EAT2: id=3 meals=13
2009 3 has put down the left fork
2009 3 has put down the right fork
2009 3 is sleeping
2011 2 is thinking
2011 2 has taken the left fork
2011 2 has taken the right fork
2011 2 is eating
DBG_EAT: id=2 time_last_meal=2011
2049 4 is thinking
DBG_EAT2: id=5 meals=13
2049 5 has put down the left fork
2049 5 has put down the right fork
2049 5 is sleeping
2049 4 has taken the left fork
2049 4 has taken the right fork
2049 4 is eating
DBG_EAT: id=4 time_last_meal=2049
DBG_EAT2: id=2 meals=13
2071 2 has put down the right fork
2071 2 has put down the left fork
2071 2 is sleeping
2089 1 is thinking
2089 1 has taken the right fork
2089 1 has taken the left fork
2089 1 is eating
DBG_EAT: id=1 time_last_meal=2089
DBG_EAT2: id=4 meals=13
2110 4 has put down the right fork
2110 4 has put down the left fork
2110 3 is thinking
2110 3 has taken the right fork
2110 3 has taken the left fork
2110 3 is eating
DBG_EAT: id=3 time_last_meal=2110
2110 4 is sleeping
DBG_EAT2: id=1 meals=14
2149 1 has put down the left fork
2149 1 has put down the right fork
2149 1 is sleeping
2150 5 is thinking
2150 5 has taken the right fork
2150 5 has taken the left fork
2150 5 is eating
DBG_EAT: id=5 time_last_meal=2150
DBG_EAT2: id=3 meals=14
2170 3 has put down the left fork
2170 3 has put down the right fork
2170 3 is sleeping
2172 2 is thinking
2172 2 has taken the left fork
2172 2 has taken the right fork
2172 2 is eating
DBG_EAT: id=2 time_last_meal=2172
DBG_EAT2: id=5 meals=14
2210 5 has put down the left fork
2210 5 has put down the right fork
2210 5 is sleeping
2210 4 is thinking
2210 4 has taken the left fork
2210 4 has taken the right fork
2210 4 is eating
DBG_EAT: id=4 time_last_meal=2210
DBG_EAT2: id=2 meals=14
2232 2 has put down the right fork
2232 2 has put down the left fork
2232 2 is sleeping
2250 1 is thinking
2250 1 has taken the right fork
2250 1 has taken the left fork
2250 1 is eating
DBG_EAT: id=1 time_last_meal=2250
DBG_EAT2: id=4 meals=14
2270 4 has put down the right fork
2270 4 has put down the left fork
2270 3 is thinking
2270 3 has taken the right fork
2270 3 has taken the left fork
2270 3 is eating
DBG_EAT: id=3 time_last_meal=2270
2270 4 is sleeping
DBG_EAT2: id=1 meals=15
2310 1 has put down the left fork
2310 1 has put down the right fork
2310 5 is thinking
2310 5 has taken the right fork
2310 5 has taken the left fork
2310 5 is eating
DBG_EAT: id=5 time_last_meal=2310
2310 1 is sleeping
DBG_EAT2: id=3 meals=15
2330 3 has put down the left fork
2330 3 has put down the right fork
2330 3 is sleeping
2332 2 is thinking
2333 2 has taken the left fork
2333 2 has taken the right fork
2333 2 is eating
DBG_EAT: id=2 time_last_meal=2333
2370 4 is thinking
DBG_EAT2: id=5 meals=15
2370 5 has put down the left fork
2370 5 has put down the right fork
2371 4 has taken the left fork
2371 4 has taken the right fork
2371 4 is eating
DBG_EAT: id=4 time_last_meal=2371
2371 5 is sleeping
DBG_EAT2: id=2 meals=15
2393 2 has put down the right fork
2393 2 has put down the left fork
2393 2 is sleeping
2410 1 is thinking
2410 1 has taken the right fork
2410 1 has taken the left fork
2410 1 is eating
DBG_EAT: id=1 time_last_meal=2410
2431 3 is thinking
2431 3 has taken the right fork
DBG_EAT2: id=4 meals=15
2431 4 has put down the right fork
2431 4 has put down the left fork
2431 4 is sleeping
2431 3 has taken the left fork
2431 3 is eating
DBG_EAT: id=3 time_last_meal=2431
DBG_EAT2: id=1 meals=16
2471 1 has put down the left fork
2471 1 has put down the right fork
2471 1 is sleeping
2471 5 is thinking
2471 5 has taken the right fork
2471 5 has taken the left fork
2471 5 is eating
DBG_EAT: id=5 time_last_meal=2471
DBG_EAT2: id=3 meals=16
2491 3 has put down the left fork
2491 3 has put down the right fork
2491 3 is sleeping
2494 2 is thinking
2494 2 has taken the left fork
2494 2 has taken the right fork
2494 2 is eating
DBG_EAT: id=2 time_last_meal=2494
DBG_EAT2: id=5 meals=16
2531 5 has put down the left fork
2531 5 has put down the right fork
2531 5 is sleeping
2531 4 is thinking
2531 4 has taken the left fork
2531 4 has taken the right fork
2531 4 is eating
DBG_EAT: id=4 time_last_meal=2531
DBG_EAT2: id=2 meals=16
2554 2 has put down the right fork
2554 2 has put down the left fork
2554 2 is sleeping
2571 1 is thinking
2571 1 has taken the right fork
2571 1 has taken the left fork
2571 1 is eating
DBG_EAT: id=1 time_last_meal=2571
DBG_EAT2: id=4 meals=16
2592 4 has put down the right fork
2592 4 has put down the left fork
2592 3 is thinking
2592 3 has taken the right fork
2592 3 has taken the left fork
2592 3 is eating
DBG_EAT: id=3 time_last_meal=2592
2592 4 is sleeping
DBG_EAT2: id=1 meals=17
2631 1 has put down the left fork
2631 1 has put down the right fork
2631 5 is thinking
2631 5 has taken the right fork
2631 5 has taken the left fork
2631 5 is eating
DBG_EAT: id=5 time_last_meal=2631
2631 1 is sleeping
DBG_EAT2: id=3 meals=17
2652 3 has put down the left fork
2652 3 has put down the right fork
2652 3 is sleeping
2654 2 is thinking
2655 2 has taken the left fork
2655 2 has taken the right fork
2655 2 is eating
DBG_EAT: id=2 time_last_meal=2655
DBG_EAT2: id=5 meals=17
2692 5 has put down the left fork
2692 5 has put down the right fork
2692 5 is sleeping
2692 4 is thinking
2692 4 has taken the left fork
2692 4 has taken the right fork
2692 4 is eating
DBG_EAT: id=4 time_last_meal=2692
DBG_EAT2: id=2 meals=17
2715 2 has put down the right fork
2715 2 has put down the left fork
2715 2 is sleeping
2731 1 is thinking
2731 1 has taken the right fork
2731 1 has taken the left fork
2731 1 is eating
DBG_EAT: id=1 time_last_meal=2731
2752 3 is thinking
2752 3 has taken the right fork
DBG_EAT2: id=4 meals=17
2752 4 has put down the right fork
2752 4 has put down the left fork
2752 4 is sleeping
2752 3 has taken the left fork
2752 3 is eating
DBG_EAT: id=3 time_last_meal=2752
DBG_EAT2: id=1 meals=18
2792 1 has put down the left fork
2792 1 has put down the right fork
2792 5 is thinking
2792 5 has taken the right fork
2792 5 has taken the left fork
2792 5 is eating
DBG_EAT: id=5 time_last_meal=2792
2792 1 is sleeping
DBG_EAT2: id=3 meals=18
2813 3 has put down the left fork
2813 3 has put down the right fork
2813 3 is sleeping
2816 2 is thinking
2816 2 has taken the left fork
2816 2 has taken the right fork
2816 2 is eating
DBG_EAT: id=2 time_last_meal=2816
DBG_EAT2: id=5 meals=18
2852 5 has put down the left fork
2852 5 has put down the right fork
2852 5 is sleeping
2853 4 is thinking
2853 4 has taken the left fork
2853 4 has taken the right fork
2853 4 is eating
DBG_EAT: id=4 time_last_meal=2853
DBG_EAT2: id=2 meals=18
2876 2 has put down the right fork
2876 2 has put down the left fork
2876 2 is sleeping
2892 1 is thinking
2892 1 has taken the right fork
2892 1 has taken the left fork
2892 1 is eating
DBG_EAT: id=1 time_last_meal=2892
2913 3 is thinking
2913 3 has taken the right fork
DBG_EAT2: id=4 meals=18
2913 4 has put down the right fork
2913 4 has put down the left fork
2913 4 is sleeping
2913 3 has taken the left fork
2913 3 is eating
DBG_EAT: id=3 time_last_meal=2913
DBG_EAT2: id=1 meals=19
2953 1 has put down the left fork
2953 1 has put down the right fork
2953 5 is thinking
2953 5 has taken the right fork
2953 5 has taken the left fork
2953 5 is eating
DBG_EAT: id=5 time_last_meal=2953
2953 1 is sleeping
DBG_EAT2: id=3 meals=19
2974 3 has put down the left fork
2974 3 has put down the right fork
2974 3 is sleeping
2977 2 is thinking
2977 2 has taken the left fork
2977 2 has taken the right fork
2977 2 is eating
DBG_EAT: id=2 time_last_meal=2977
DBG_EAT2: id=5 meals=19
3013 5 has put down the left fork
3013 5 has put down the right fork
3013 5 is sleeping
3013 4 is thinking
3014 4 has taken the left fork
3014 4 has taken the right fork
3014 4 is eating
DBG_EAT: id=4 time_last_meal=3014
DBG_EAT2: id=2 meals=19
3037 2 has put down the right fork
3037 2 has put down the left fork
3037 2 is sleeping
3053 1 is thinking
3053 1 has taken the right fork
3053 1 has taken the left fork
3053 1 is eating
DBG_EAT: id=1 time_last_meal=3053
DBG_EAT2: id=4 meals=19
3074 4 has put down the right fork
3074 4 has put down the left fork
3074 3 is thinking
3074 3 has taken the right fork
3074 3 has taken the left fork
3074 3 is eating
DBG_EAT: id=3 time_last_meal=3074
3074 4 is sleeping
DBG_EAT2: id=1 meals=20
3113 1 has put down the left fork
3113 1 has put down the right fork
3113 5 is thinking
3113 5 has taken the right fork
3113 5 has taken the left fork
3113 5 is eating
DBG_EAT: id=5 time_last_meal=3113
3113 1 is sleeping
DBG_EAT2: id=3 meals=20
3134 3 has put down the left fork
3134 3 has put down the right fork
3134 3 is sleeping
3138 2 is thinking
3138 2 has taken the left fork
3138 2 has taken the right fork
3138 2 is eating
DBG_EAT: id=2 time_last_meal=3138
DBG_EAT2: id=5 meals=20
3173 5 has put down the left fork
3173 5 has put down the right fork
3173 5 is sleeping
3174 4 is thinking
3174 4 has taken the left fork
3174 4 has taken the right fork
3174 4 is eating
DBG_EAT: id=4 time_last_meal=3174
DBG_EAT2: id=2 meals=20
3198 2 has put down the right fork
3198 2 has put down the left fork
3198 2 is sleeping
3214 1 is thinking
3214 1 has taken the right fork
3214 1 has taken the left fork
3214 1 is eating
DBG_EAT: id=1 time_last_meal=3214
3234 3 is thinking
3234 3 has taken the right fork
DBG_EAT2: id=4 meals=20
3235 4 has put down the right fork
3235 4 has put down the left fork
3235 4 is sleeping
3235 3 has taken the left fork
3235 3 is eating
DBG_EAT: id=3 time_last_meal=3235
3274 5 is thinking
3274 5 has taken the right fork
DBG_EAT2: id=1 meals=21
3274 1 has put down the left fork
3274 1 has put down the right fork
3274 1 is sleeping
3274 5 has taken the left fork
3274 5 is eating
DBG_EAT: id=5 time_last_meal=3274
DBG_EAT2: id=3 meals=21
3295 3 has put down the left fork
3295 3 has put down the right fork
3295 3 is sleeping
3298 2 is thinking
3298 2 has taken the left fork
3298 2 has taken the right fork
3298 2 is eating
DBG_EAT: id=2 time_last_meal=3298
DBG_EAT2: id=5 meals=21
3334 5 has put down the left fork
3334 5 has put down the right fork
3334 5 is sleeping
3335 4 is thinking
3335 4 has taken the left fork
3335 4 has taken the right fork
3335 4 is eating
DBG_EAT: id=4 time_last_meal=3335
DBG_EAT2: id=2 meals=21
3359 2 has put down the right fork
3359 2 has put down the left fork
3359 2 is sleeping
3374 1 is thinking
3374 1 has taken the right fork
3374 1 has taken the left fork
3374 1 is eating
DBG_EAT: id=1 time_last_meal=3374
DBG_EAT2: id=4 meals=21
3395 4 has put down the right fork
3395 4 has put down the left fork
3395 4 is sleeping
3395 3 is thinking
3395 3 has taken the right fork
3395 3 has taken the left fork
3395 3 is eating
DBG_EAT: id=3 time_last_meal=3395
DBG_EAT2: id=1 meals=22
3434 1 has put down the left fork
3434 1 has put down the right fork
3434 1 is sleeping
3434 5 is thinking
3434 5 has taken the right fork
3434 5 has taken the left fork
3434 5 is eating
DBG_EAT: id=5 time_last_meal=3434
DBG_EAT2: id=3 meals=22
3455 3 has put down the left fork
3455 3 has put down the right fork
3455 3 is sleeping
3459 2 is thinking
3459 2 has taken the left fork
3459 2 has taken the right fork
3459 2 is eating
DBG_EAT: id=2 time_last_meal=3459
DBG_EAT2: id=5 meals=22
3495 5 has put down the left fork
3495 5 has put down the right fork
3495 5 is sleeping
3495 4 is thinking
3495 4 has taken the left fork
3495 4 has taken the right fork
3495 4 is eating
DBG_EAT: id=4 time_last_meal=3495
DBG_EAT2: id=2 meals=22
3519 2 has put down the right fork
3519 2 has put down the left fork
3519 2 is sleeping
3534 1 is thinking
3534 1 has taken the right fork
3534 1 has taken the left fork
3534 1 is eating
DBG_EAT: id=1 time_last_meal=3534
DBG_EAT2: id=4 meals=22
3556 4 has put down the right fork
3556 4 has put down the left fork
3556 3 is thinking
3556 3 has taken the right fork
3556 3 has taken the left fork
3556 3 is eating
DBG_EAT: id=3 time_last_meal=3556
3556 4 is sleeping
DBG_EAT2: id=1 meals=23
3595 1 has put down the left fork
3595 1 has put down the right fork
3595 5 is thinking
3595 5 has taken the right fork
3595 5 has taken the left fork
3595 5 is eating
DBG_EAT: id=5 time_last_meal=3595
3595 1 is sleeping
DBG_EAT2: id=3 meals=23
3616 3 has put down the left fork
3616 3 has put down the right fork
3616 3 is sleeping
3620 2 is thinking
3620 2 has taken the left fork
3620 2 has taken the right fork
3620 2 is eating
DBG_EAT: id=2 time_last_meal=3620
DBG_EAT2: id=5 meals=23
3655 5 has put down the left fork
3655 5 has put down the right fork
3655 5 is sleeping
3656 4 is thinking
3656 4 has taken the left fork
3656 4 has taken the right fork
3656 4 is eating
DBG_EAT: id=4 time_last_meal=3656
DBG_EAT2: id=2 meals=23
3680 2 has put down the right fork
3680 2 has put down the left fork
3680 2 is sleeping
3695 1 is thinking
3695 1 has taken the right fork
3695 1 has taken the left fork
3695 1 is eating
DBG_EAT: id=1 time_last_meal=3695
DBG_EAT2: id=4 meals=23
3716 4 has put down the right fork
3716 4 has put down the left fork
3716 3 is thinking
3716 3 has taken the right fork
3716 3 has taken the left fork
3716 3 is eating
DBG_EAT: id=3 time_last_meal=3716
3716 4 is sleeping
DBG_EAT2: id=1 meals=24
3755 1 has put down the left fork
3755 1 has put down the right fork
3755 5 is thinking
3755 5 has taken the right fork
3755 5 has taken the left fork
3755 5 is eating
DBG_EAT: id=5 time_last_meal=3755
3756 1 is sleeping
DBG_EAT2: id=3 meals=24
3776 3 has put down the left fork
3776 3 has put down the right fork
3777 3 is sleeping
3781 2 is thinking
3781 2 has taken the left fork
3781 2 has taken the right fork
3781 2 is eating
DBG_EAT: id=2 time_last_meal=3781
DBG_EAT2: id=5 meals=24
3816 5 has put down the left fork
3816 5 has put down the right fork
3816 5 is sleeping
3816 4 is thinking
3817 4 has taken the left fork
3817 4 has taken the right fork
3817 4 is eating
DBG_EAT: id=4 time_last_meal=3817
DBG_EAT2: id=2 meals=24
3841 2 has put down the right fork
3841 2 has put down the left fork
3841 2 is sleeping
3856 1 is thinking
3856 1 has taken the right fork
3856 1 has taken the left fork
3856 1 is eating
DBG_EAT: id=1 time_last_meal=3856
DBG_EAT2: id=4 meals=24
3877 4 has put down the right fork
3877 4 has put down the left fork
3877 3 is thinking
3877 3 has taken the right fork
3877 3 has taken the left fork
3877 3 is eating
DBG_EAT: id=3 time_last_meal=3877
3877 4 is sleeping
DBG_EAT2: id=1 meals=25
3916 1 has put down the left fork
3916 1 has put down the right fork
3916 5 is thinking
3916 5 has taken the right fork
3916 5 has taken the left fork
3916 5 is eating
DBG_EAT: id=5 time_last_meal=3916
3916 1 is sleeping
DBG_EAT2: id=3 meals=25
3937 3 has put down the left fork
3937 3 has put down the right fork
3937 3 is sleeping
3942 2 is thinking
3942 2 has taken the left fork
3942 2 has taken the right fork
3942 2 is eating
DBG_EAT: id=2 time_last_meal=3942
DBG_EAT2: id=5 meals=25
3977 5 has put down the left fork
3977 5 has put down the right fork
3977 5 is sleeping
3977 4 is thinking
3977 4 has taken the left fork
3977 4 has taken the right fork
3977 4 is eating
DBG_EAT: id=4 time_last_meal=3977
DBG_EAT2: id=2 meals=25
4002 2 has put down the right fork
4002 2 has put down the left fork
4002 2 is sleeping
4017 1 is thinking
4017 1 has taken the right fork
4017 1 has taken the left fork
4017 1 is eating
DBG_EAT: id=1 time_last_meal=4017
DBG_EAT2: id=4 meals=25
4038 4 has put down the right fork
4038 4 has put down the left fork
4038 3 is thinking
4038 3 has taken the right fork
4038 3 has taken the left fork
4038 3 is eating
DBG_EAT: id=3 time_last_meal=4038
4038 4 is sleeping
DBG_EAT2: id=1 meals=26
4077 1 has put down the left fork
4077 1 has put down the right fork
4077 5 is thinking
4077 5 has taken the right fork
4077 5 has taken the left fork
4077 5 is eating
DBG_EAT: id=5 time_last_meal=4077
4077 1 is sleeping
DBG_EAT2: id=3 meals=26
4098 3 has put down the left fork
4098 3 has put down the right fork
4098 3 is sleeping
4103 2 is thinking
4103 2 has taken the left fork
4103 2 has taken the right fork
4103 2 is eating
DBG_EAT: id=2 time_last_meal=4103
DBG_EAT2: id=5 meals=26
4137 5 has put down the left fork
4137 5 has put down the right fork
4137 5 is sleeping
4138 4 is thinking
4138 4 has taken the left fork
4138 4 has taken the right fork
4138 4 is eating
DBG_EAT: id=4 time_last_meal=4138
DBG_EAT2: id=2 meals=26
4163 2 has put down the right fork
4163 2 has put down the left fork
4163 2 is sleeping
4177 1 is thinking
4177 1 has taken the right fork
4177 1 has taken the left fork
4177 1 is eating
DBG_EAT: id=1 time_last_meal=4177
4198 3 is thinking
4198 3 has taken the right fork
DBG_EAT2: id=4 meals=26
4198 4 has put down the right fork
4198 4 has put down the left fork
4198 4 is sleeping
4198 3 has taken the left fork
4198 3 is eating
DBG_EAT: id=3 time_last_meal=4198
DBG_EAT2: id=1 meals=27
4238 1 has put down the left fork
4238 1 has put down the right fork
4238 5 is thinking
4238 5 has taken the right fork
4238 5 has taken the left fork
4238 5 is eating
DBG_EAT: id=5 time_last_meal=4238
4238 1 is sleeping
DBG_EAT2: id=3 meals=27
4259 3 has put down the left fork
4259 3 has put down the right fork
4259 3 is sleeping
4264 2 is thinking
4264 2 has taken the left fork
4264 2 has taken the right fork
4264 2 is eating
DBG_EAT: id=2 time_last_meal=4264
DBG_EAT2: id=5 meals=27
4298 5 has put down the left fork
4298 5 has put down the right fork
4298 5 is sleeping
4298 4 is thinking
4299 4 has taken the left fork
4299 4 has taken the right fork
4299 4 is eating
DBG_EAT: id=4 time_last_meal=4299
DBG_EAT2: id=2 meals=27
4324 2 has put down the right fork
4324 2 has put down the left fork
4324 2 is sleeping
4338 1 is thinking
4338 1 has taken the right fork
4338 1 has taken the left fork
4338 1 is eating
DBG_EAT: id=1 time_last_meal=4338
DBG_EAT2: id=4 meals=27
4359 4 has put down the right fork
4359 4 has put down the left fork
4359 4 is sleeping
4359 3 is thinking
4359 3 has taken the right fork
4359 3 has taken the left fork
4359 3 is eating
DBG_EAT: id=3 time_last_meal=4359
DBG_EAT2: id=1 meals=28
4398 1 has put down the left fork
4398 1 has put down the right fork
4398 5 is thinking
4398 5 has taken the right fork
4398 5 has taken the left fork
4398 5 is eating
DBG_EAT: id=5 time_last_meal=4398
4398 1 is sleeping
DBG_EAT2: id=3 meals=28
4419 3 has put down the left fork
4419 3 has put down the right fork
4419 3 is sleeping
4425 2 is thinking
4425 2 has taken the left fork
4425 2 has taken the right fork
4425 2 is eating
DBG_EAT: id=2 time_last_meal=4425
DBG_EAT2: id=5 meals=28
4458 5 has put down the left fork
4458 5 has put down the right fork
4458 5 is sleeping
4459 4 is thinking
4460 4 has taken the left fork
4460 4 has taken the right fork
4460 4 is eating
DBG_EAT: id=4 time_last_meal=4460
DBG_EAT2: id=2 meals=28
4485 2 has put down the right fork
4485 2 has put down the left fork
4485 2 is sleeping
4498 1 is thinking
4498 1 has taken the right fork
4498 1 has taken the left fork
4498 1 is eating
DBG_EAT: id=1 time_last_meal=4498
4520 3 is thinking
4520 3 has taken the right fork
DBG_EAT2: id=4 meals=28
4520 4 has put down the right fork
4520 4 has put down the left fork
4520 4 is sleeping
4520 3 has taken the left fork
4520 3 is eating
DBG_EAT: id=3 time_last_meal=4520
DBG_EAT2: id=1 meals=29
4559 1 has put down the left fork
4559 1 has put down the right fork
4559 5 is thinking
4559 5 has taken the right fork
4559 5 has taken the left fork
4559 5 is eating
DBG_EAT: id=5 time_last_meal=4559
4559 1 is sleeping
DBG_EAT2: id=3 meals=29
4580 3 has put down the left fork
4580 3 has put down the right fork
4580 3 is sleeping
4586 2 is thinking
4586 2 has taken the left fork
4586 2 has taken the right fork
4586 2 is eating
DBG_EAT: id=2 time_last_meal=4586
DBG_EAT2: id=5 meals=29
4619 5 has put down the left fork
4619 5 has put down the right fork
4619 5 is sleeping
4620 4 is thinking
4621 4 has taken the left fork
4621 4 has taken the right fork
4621 4 is eating
DBG_EAT: id=4 time_last_meal=4621
DBG_EAT2: id=2 meals=29
4646 2 has put down the right fork
4646 2 has put down the left fork
4646 2 is sleeping
4659 1 is thinking
4659 1 has taken the right fork
4659 1 has taken the left fork
4659 1 is eating
DBG_EAT: id=1 time_last_meal=4659
4681 3 is thinking
4681 3 has taken the right fork
DBG_EAT2: id=4 meals=29
4681 4 has put down the right fork
4681 4 has put down the left fork
4681 4 is sleeping
4681 3 has taken the left fork
4681 3 is eating
DBG_EAT: id=3 time_last_meal=4681
DBG_EAT2: id=1 meals=30
4719 1 has put down the left fork
4719 1 has put down the right fork
4719 5 is thinking
4719 5 has taken the right fork
4719 5 has taken the left fork
4719 5 is eating
DBG_EAT: id=5 time_last_meal=4719
4719 1 is sleeping
DBG_EAT2: id=3 meals=30
4741 3 has put down the left fork
4741 3 has put down the right fork
4741 3 is sleeping
4747 2 is thinking
4747 2 has taken the left fork
4747 2 has taken the right fork
4747 2 is eating
DBG_EAT: id=2 time_last_meal=4747
DBG_EAT2: id=5 meals=30
4780 5 has put down the left fork
4780 5 has put down the right fork
4780 5 is sleeping
4781 4 is thinking
4781 4 has taken the left fork
4781 4 has taken the right fork
4781 4 is eating
DBG_EAT: id=4 time_last_meal=4781
DBG_EAT2: id=2 meals=30
4807 2 has put down the right fork
4807 2 has put down the left fork
4807 2 is sleeping
4820 1 is thinking
4820 1 has taken the right fork
4820 1 has taken the left fork
4820 1 is eating
DBG_EAT: id=1 time_last_meal=4820
4842 3 is thinking
4842 3 has taken the right fork
DBG_EAT2: id=4 meals=30
4842 4 has put down the right fork