DBG_INIT: meal_mutex init for philo 1
DBG_INIT: meal_mutex init for philo 2
DBG_INIT: meal_mutex init for philo 3
DBG_INIT: meal_mutex init for philo 4
DBG: init philo[1].time_last_meal=0
DBG: init philo[2].time_last_meal=0
DBG: init philo[3].time_last_meal=0
DBG: init philo[4].time_last_meal=0
1 1 has taken the right fork
1 1 has taken the left fork
1 1 is eating
DBG_EAT: id=1 time_last_meal=1
1 3 has taken the right fork
1 3 has taken the left fork
1 3 is eating
DBG_EAT: id=3 time_last_meal=1
DBG: start_time=1758387242612
DBG_EAT2: id=1 meals=1
61 1 has put down the left fork
61 1 has put down the right fork
61 1 is sleeping
61 4 has taken the left fork
DBG_EAT2: id=3 meals=1
61 3 has put down the left fork
61 3 has put down the right fork
61 3 is sleeping
61 4 has taken the right fork
61 4 is eating
DBG_EAT: id=4 time_last_meal=61
62 2 has taken the left fork
62 2 has taken the right fork
62 2 is eating
DBG_EAT: id=2 time_last_meal=62
121 1 is thinking
DBG_EAT2: id=4 meals=1
122 4 has put down the right fork
122 3 is thinking
122 4 has put down the left fork
122 4 is sleeping
122 1 has taken the right fork
DBG_EAT2: id=2 meals=1
122 2 has put down the right fork
122 2 has put down the left fork
122 2 is sleeping
122 1 has taken the left fork
122 1 is eating
DBG_EAT: id=1 time_last_meal=122
122 3 has taken the right fork
122 3 has taken the left fork
122 3 is eating
DBG_EAT: id=3 time_last_meal=122
182 4 is thinking
182 2 is thinking
DBG_EAT2: id=1 meals=2
182 1 has put down the left fork
DBG_EAT2: id=3 meals=2
182 3 has put down the left fork
182 3 has put down the right fork
182 3 is sleeping
182 1 has put down the right fork
182 1 is sleeping
182 4 has taken the left fork
182 4 has taken the right fork
182 4 is eating
DBG_EAT: id=4 time_last_meal=182
182 2 has taken the left fork
182 2 has taken the right fork
182 2 is eating
DBG_EAT: id=2 time_last_meal=182
242 3 is thinking
242 1 is thinking
DBG_EAT2: id=4 meals=2
243 4 has put down the right fork
243 4 has put down the left fork
DBG_EAT2: id=2 meals=2
243 2 has put down the right fork
243 4 is sleeping
243 2 has put down the left fork
243 2 is sleeping
243 1 has taken the right fork
243 1 has taken the left fork
243 1 is eating
DBG_EAT: id=1 time_last_meal=243
243 3 has taken the right fork
243 3 has taken the left fork
243 3 is eating
DBG_EAT: id=3 time_last_meal=243
DBG_EAT2: id=1 meals=3
303 1 has put down the left fork
303 1 has put down the right fork
303 2 is thinking
303 4 is thinking
DBG_EAT2: id=3 meals=3
303 3 has put down the left fork
303 3 has put down the right fork
303 3 is sleeping
303 1 is sleeping
303 2 has taken the left fork
303 2 has taken the right fork
303 2 is eating
DBG_EAT: id=2 time_last_meal=303
303 4 has taken the left fork
303 4 has taken the right fork
303 4 is eating
DBG_EAT: id=4 time_last_meal=303
363 1 is thinking
363 3 is thinking
DBG_EAT2: id=2 meals=3
363 2 has put down the right fork
363 2 has put down the left fork
363 2 is sleeping
DBG_EAT2: id=4 meals=3
363 4 has put down the right fork
363 3 has taken the right fork
363 3 has taken the left fork
363 3 is eating
DBG_EAT: id=3 time_last_meal=363
363 4 has put down the left fork
363 4 is sleeping
363 1 has taken the right fork
363 1 has taken the left fork
363 1 is eating
DBG_EAT: id=1 time_last_meal=363
423 2 is thinking
DBG_EAT2: id=3 meals=4
424 3 has put down the left fork
424 3 has put down the right fork
424 4 is thinking
424 3 is sleeping
DBG_EAT2: id=1 meals=4
424 1 has put down the left fork
424 1 has put down the right fork
424 1 is sleeping
424 All philosophers ate enough
