DBG_INIT: meal_mutex init for philo 1
DBG_INIT: meal_mutex init for philo 2
DBG_INIT: meal_mutex init for philo 3
DBG_INIT: meal_mutex init for philo 4
DBG_INIT: meal_mutex init for philo 5
DBG: init philo[1].time_last_meal=0
DBG: init philo[2].time_last_meal=0
DBG: init philo[3].time_last_meal=0
DBG: init philo[4].time_last_meal=0
DBG: init philo[5].time_last_meal=0
0 1 has taken the right fork
0 1 has taken the left fork
0 1 is eating
DBG_EAT: id=1 time_last_meal=0
0 3 has taken the right fork
0 3 has taken the left fork
0 3 is eating
DBG_EAT: id=3 time_last_meal=0
1 5 has taken the right fork
DBG: start_time=1758387968512
DBG_EAT2: id=1 meals=1
200 1 has put down the left fork
200 1 has put down the right fork
200 1 is sleeping
200 5 has taken the left fork
200 5 is eating
DBG_EAT: id=5 time_last_meal=200
DBG_EAT2: id=3 meals=1
200 3 has put down the left fork
200 3 has put down the right fork
200 3 is sleeping
200 2 has taken the left fork
200 2 has taken the right fork
200 2 is eating
DBG_EAT: id=2 time_last_meal=200
DBG_EAT2: id=2 meals=1
401 2 has put down the right fork
401 2 has put down the left fork
401 2 is sleeping
DBG_EAT2: id=5 meals=1
401 5 has put down the left fork
401 5 has put down the right fork
401 4 has taken the left fork
401 4 has taken the right fork
401 4 is eating
DBG_EAT: id=4 time_last_meal=401
401 5 is sleeping
401 1 is thinking
401 1 has taken the right fork
401 1 has taken the left fork
401 1 is eating
DBG_EAT: id=1 time_last_meal=401
401 3 is thinking
401 3 has taken the right fork
601 2 is thinking
DBG_EAT2: id=4 meals=1
601 4 has put down the right fork
601 4 has put down the left fork
601 4 is sleeping
601 5 is thinking
601 5 has taken the right fork
DBG_EAT2: id=1 meals=2
601 1 has put down the left fork
601 3 has taken the left fork
601 3 is eating
DBG_EAT: id=3 time_last_meal=601
601 1 has put down the right fork
601 1 is sleeping
601 5 has taken the left fork
601 5 is eating
DBG_EAT: id=5 time_last_meal=601
801 4 is thinking
DBG_EAT2: id=3 meals=2
801 3 has put down the left fork
DBG_EAT2: id=5 meals=2
801 5 has put down the left fork
801 5 has put down the right fork
801 5 is sleeping
801 3 has put down the right fork
801 4 has taken the left fork
801 4 has taken the right fork
801 4 is eating
DBG_EAT: id=4 time_last_meal=801
801 1 is thinking
801 1 has taken the right fork
801 1 has taken the left fork
801 1 is eating
DBG_EAT: id=1 time_last_meal=801
801 2 has taken the left fork
801 3 is sleeping
1001 3 is thinking
DBG_EAT2: id=4 meals=2
1002 4 has put down the right fork
1002 4 has put down the left fork
1002 5 is thinking
1002 5 has taken the right fork
DBG_EAT2: id=1 meals=3
1002 4 is sleeping
1002 1 has put down the left fork
1002 1 has put down the right fork
1002 1 is sleeping
1002 5 has taken the left fork
1002 5 is eating
DBG_EAT: id=5 time_last_meal=1002
1002 2 has taken the right fork
1002 2 is eating
DBG_EAT: id=2 time_last_meal=1002
1202 1 is thinking
1202 4 is thinking
DBG_EAT2: id=5 meals=3
1202 5 has put down the left fork
1202 5 has put down the right fork
1202 5 is sleeping
DBG_EAT2: id=2 meals=2
1202 2 has put down the right fork
1202 1 has taken the right fork
1202 1 has taken the left fork
1202 1 is eating
DBG_EAT: id=1 time_last_meal=1202
1202 2 has put down the left fork
1202 3 has taken the right fork
1202 3 has taken the left fork
1202 3 is eating
DBG_EAT: id=3 time_last_meal=1202
1202 2 is sleeping
1202 4 has taken the left fork
1402 5 is thinking
DBG_EAT2: id=1 meals=4
1402 1 has put down the left fork
1402 1 has put down the right fork
1402 1 is sleeping
1402 2 is thinking
DBG_EAT2: id=3 meals=3
1402 3 has put down the left fork
1402 3 has put down the right fork
1402 3 is sleeping
1402 2 has taken the left fork
1402 2 has taken the right fork
1402 2 is eating
DBG_EAT: id=2 time_last_meal=1402
1402 4 has taken the right fork
1402 4 is eating
DBG_EAT: id=4 time_last_meal=1402
1602 1 is thinking
1602 1 has taken the right fork
1603 3 is thinking
DBG_EAT2: id=2 meals=3
DBG_EAT2: id=4 meals=3
1603 4 has put down the right fork
1603 2 has put down the right fork
1603 5 has taken the right fork
1603 2 has put down the left fork
1603 2 is sleeping
1603 4 has put down the left fork
1603 3 has taken the right fork
1603 3 has taken the left fork
1603 3 is eating
DBG_EAT: id=3 time_last_meal=1603
1603 1 has taken the left fork
1603 1 is eating
DBG_EAT: id=1 time_last_meal=1603
1603 4 is sleeping
1603 5 has died (last meal at 1002)
DBG_EAT2: id=3 meals=4
DBG_EAT2: id=1 meals=5
