DBG_INIT: meal_mutex init for philo 1
DBG_INIT: meal_mutex init for philo 2
DBG_INIT: meal_mutex init for philo 3
DBG: init philo[1].time_last_meal=0
DBG: init philo[2].time_last_meal=0
DBG: init philo[3].time_last_meal=0
0 1 has taken the right fork
0 1 has taken the left fork
0 1 is eating
DBG_EAT: id=1 time_last_meal=0
0 3 has taken the right fork
DBG: start_time=1758386484248
DBG_EAT2: id=1 meals=1
60 1 has put down the left fork
60 1 has put down the right fork
60 1 is sleeping
60 3 has taken the left fork
60 3 is eating
DBG_EAT: id=3 time_last_meal=60
DBG_EAT2: id=3 meals=1
120 3 has put down the left fork
120 3 has put down the right fork
120 3 is sleeping
120 2 has taken the left fork
120 2 has taken the right fork
120 2 is eating
DBG_EAT: id=2 time_last_meal=120
DBG_EAT2: id=2 meals=1
180 2 has put down the right fork
180 2 has put down the left fork
180 2 is sleeping
260 1 is thinking
260 1 has taken the right fork
260 1 has taken the left fork
260 1 is eating
DBG_EAT: id=1 time_last_meal=260
DBG_EAT2: id=1 meals=2
320 1 has put down the left fork
320 1 has put down the right fork
320 1 is sleeping
320 3 is thinking
320 3 has taken the right fork
320 3 has taken the left fork
320 3 is eating
DBG_EAT: id=3 time_last_meal=320
DBG_EAT2: id=3 meals=2
380 3 has put down the left fork
380 3 has put down the right fork
380 3 is sleeping
380 2 is thinking
380 2 has taken the left fork
380 2 has taken the right fork
380 2 is eating
DBG_EAT: id=2 time_last_meal=380
DBG_EAT2: id=2 meals=2
441 2 has put down the right fork
441 2 has put down the left fork
441 2 is sleeping
520 1 is thinking
520 1 has taken the right fork
520 1 has taken the left fork
520 1 is eating
DBG_EAT: id=1 time_last_meal=520
DBG_EAT2: id=1 meals=3
580 1 has put down the left fork
580 1 has put down the right fork
580 1 is sleeping
580 3 is thinking
580 3 has taken the right fork
580 3 has taken the left fork
580 3 is eating
DBG_EAT: id=3 time_last_meal=580
DBG_EAT2: id=3 meals=3
641 3 has put down the left fork
641 3 has put down the right fork
641 3 is sleeping
641 2 is thinking
641 2 has taken the left fork
641 2 has taken the right fork
641 2 is eating
DBG_EAT: id=2 time_last_meal=641
DBG_EAT2: id=2 meals=3
701 2 has put down the right fork
701 2 has put down the left fork
701 2 is sleeping
701 All philosophers ate enough
