DBG_INIT: meal_mutex init for philo 1
DBG_INIT: meal_mutex init for philo 2
DBG: init philo[1].time_last_meal=0
DBG: init philo[2].time_last_meal=0
0 1 has taken the right fork
0 1 has taken the left fork
0 1 is eating
DBG_EAT: id=1 time_last_meal=0
DBG: start_time=1758403265947
DBG_EAT2: id=1 meals=1
103 1 has put down the left fork
104 1 has put down the right fork
104 1 is sleeping
104 2 has taken the left fork
104 2 has taken the right fork
104 2 is eating
DBG_EAT: id=2 time_last_meal=104
165 1 is thinking
DBG_EAT2: id=2 meals=1
204 2 has put down the right fork
204 2 has put down the left fork
204 2 is sleeping
204 1 has taken the right fork
204 1 has taken the left fork
204 1 is eating
DBG_EAT: id=1 time_last_meal=204
268 2 is thinking
DBG_EAT2: id=1 meals=2
310 1 has put down the left fork
310 1 has put down the right fork
310 1 is sleeping
310 2 has taken the left fork
310 2 has taken the right fork
310 2 is eating
DBG_EAT: id=2 time_last_meal=310
373 1 is thinking
DBG_EAT2: id=2 meals=2
416 2 has put down the right fork
416 2 has put down the left fork
416 2 is sleeping
416 1 has taken the right fork
416 1 has taken the left fork
416 1 is eating
DBG_EAT: id=1 time_last_meal=416
416 All philosophers ate enough
DBG_EAT2: id=1 meals=3
