DBG_INIT: meal_mutex init for philo 1
DBG_INIT: meal_mutex init for philo 2
DBG_INIT: meal_mutex init for philo 3
DBG: init philo[1].time_last_meal=0
DBG: init philo[2].time_last_meal=0
DBG: init philo[3].time_last_meal=0
0 1 has taken the right fork
0 1 has taken the left fork
0 1 is eating
DBG_EAT: id=1 time_last_meal=0
1 3 has taken the right fork
DBG: start_time=1758386576902
DBG_EAT2: id=1 meals=1
101 1 has put down the left fork
101 1 has put down the right fork
101 1 is sleeping
101 3 has taken the left fork
101 3 is eating
DBG_EAT: id=3 time_last_meal=101
201 1 is thinking
DBG_EAT2: id=3 meals=1
201 3 has put down the left fork
201 1 has taken the right fork
201 1 has taken the left fork
201 1 is eating
DBG_EAT: id=1 time_last_meal=201
201 3 has put down the right fork
201 3 is sleeping
201 2 has taken the left fork
DBG_EAT2: id=1 meals=2
301 3 is thinking
301 1 has put down the left fork
301 1 has put down the right fork
301 1 is sleeping
301 2 has taken the right fork
301 2 is eating
DBG_EAT: id=2 time_last_meal=301
401 1 is thinking
401 1 has taken the right fork
DBG_EAT2: id=2 meals=1
401 2 has put down the right fork
401 1 has taken the left fork
401 1 is eating
DBG_EAT: id=1 time_last_meal=401
401 2 has put down the left fork
401 2 is sleeping
401 3 has taken the right fork
DBG_EAT2: id=1 meals=3
501 1 has put down the left fork
501 2 is thinking
501 1 has put down the right fork
501 1 is sleeping
501 3 has taken the left fork
501 3 is eating
DBG_EAT: id=3 time_last_meal=501
601 1 is thinking
DBG_EAT2: id=3 meals=2
601 3 has put down the left fork
601 1 has taken the right fork
601 1 has taken the left fork
601 1 is eating
DBG_EAT: id=1 time_last_meal=601
601 3 has put down the right fork
601 3 is sleeping
601 2 has taken the left fork
DBG_EAT2: id=1 meals=4
702 3 is thinking
702 1 has put down the left fork
702 1 has put down the right fork
702 1 is sleeping
702 2 has taken the right fork
702 2 is eating
DBG_EAT: id=2 time_last_meal=702
DBG_EAT2: id=2 meals=2
802 2 has put down the right fork
802 1 is thinking
802 1 has taken the right fork
802 1 has taken the left fork
802 1 is eating
DBG_EAT: id=1 time_last_meal=802
802 2 has put down the left fork
802 2 is sleeping
802 3 has taken the right fork
DBG_EAT2: id=1 meals=5
902 1 has put down the left fork
902 2 is thinking
902 1 has put down the right fork
902 1 is sleeping
902 3 has taken the left fork
902 3 is eating
DBG_EAT: id=3 time_last_meal=902
DBG_EAT2: id=3 meals=3
1002 3 has put down the left fork
1002 3 has put down the right fork
1002 1 is thinking
1002 1 has taken the right fork
1002 1 has taken the left fork
1002 1 is eating
DBG_EAT: id=1 time_last_meal=1002
1002 3 is sleeping
1002 2 has taken the left fork
DBG_EAT2: id=1 meals=6
1102 3 is thinking
1102 1 has put down the left fork
1102 1 has put down the right fork
1102 1 is sleeping
1102 2 has taken the right fork
1102 2 is eating
DBG_EAT: id=2 time_last_meal=1102
1202 1 is thinking
1202 1 has taken the right fork
DBG_EAT2: id=2 meals=3
1202 2 has put down the right fork
1202 1 has taken the left fork
1202 1 is eating
DBG_EAT: id=1 time_last_meal=1202
1202 2 has put down the left fork
1202 2 is sleeping
1202 3 has taken the right fork
DBG_EAT2: id=1 meals=7
1302 1 has put down the left fork
1302 1 has put down the right fork
1302 2 is thinking
1302 1 is sleeping
1302 3 has taken the left fork
1302 3 is eating
DBG_EAT: id=3 time_last_meal=1302
DBG_EAT2: id=3 meals=4
1403 3 has put down the left fork
1403 1 is thinking
1403 1 has taken the right fork
1403 1 has taken the left fork
1403 1 is eating
DBG_EAT: id=1 time_last_meal=1403
1403 3 has put down the right fork
1403 3 is sleeping
1403 2 has taken the left fork
DBG_EAT2: id=1 meals=8
1503 1 has put down the left fork
1503 1 has put down the right fork
1503 1 is sleeping
1503 2 has taken the right fork
1503 2 is eating
DBG_EAT: id=2 time_last_meal=1503
1503 3 is thinking
1603 1 is thinking
1603 1 has taken the right fork
DBG_EAT2: id=2 meals=4
1603 2 has put down the right fork
1603 1 has taken the left fork
1603 1 is eating
DBG_EAT: id=1 time_last_meal=1603
1603 2 has put down the left fork
1603 2 is sleeping
1603 3 has taken the right fork
DBG_EAT2: id=1 meals=9
1703 1 has put down the left fork
1703 1 has put down the right fork
1703 1 is sleeping
1703 3 has taken the left fork
1703 3 is eating
DBG_EAT: id=3 time_last_meal=1703
1703 2 is thinking
1803 1 is thinking
DBG_EAT2: id=3 meals=5
1803 3 has put down the left fork
1803 1 has taken the right fork
1803 1 has taken the left fork
1803 1 is eating
DBG_EAT: id=1 time_last_meal=1803
1803 3 has put down the right fork
1803 3 is sleeping
1803 2 has taken the left fork
DBG_EAT2: id=1 meals=10
1903 3 is thinking
1903 1 has put down the left fork
1903 1 has put down the right fork
1903 1 is sleeping
1903 2 has taken the right fork
1903 2 is eating
DBG_EAT: id=2 time_last_meal=1903
2004 1 is thinking
2004 1 has taken the right fork
DBG_EAT2: id=2 meals=5
2004 2 has put down the right fork
2004 1 has taken the left fork
2004 1 is eating
DBG_EAT: id=1 time_last_meal=2004
2004 2 has put down the left fork
2004 2 is sleeping
2004 3 has taken the right fork
DBG_EAT2: id=1 meals=11
2104 1 has put down the left fork
2104 2 is thinking
2104 1 has put down the right fork
2104 1 is sleeping
2104 3 has taken the left fork
2104 3 is eating
DBG_EAT: id=3 time_last_meal=2104
2204 1 is thinking
DBG_EAT2: id=3 meals=6
2204 3 has put down the left fork
2204 3 has put down the right fork
2204 3 is sleeping
2204 1 has taken the right fork
2204 1 has taken the left fork
2204 1 is eating
DBG_EAT: id=1 time_last_meal=2204
2204 2 has taken the left fork
2304 3 is thinking
DBG_EAT2: id=1 meals=12
2304 1 has put down the left fork
2304 1 has put down the right fork
2304 1 is sleeping
2304 2 has taken the right fork
2304 2 is eating
DBG_EAT: id=2 time_last_meal=2304
2404 1 is thinking
DBG_EAT2: id=2 meals=6
2404 2 has put down the right fork
2404 1 has taken the right fork
2404 1 has taken the left fork
2404 1 is eating
DBG_EAT: id=1 time_last_meal=2404
2404 2 has put down the left fork
2404 2 is sleeping
2404 3 has taken the right fork
DBG_EAT2: id=1 meals=13
2504 1 has put down the left fork
2504 1 has put down the right fork
2504 2 is thinking
2504 1 is sleeping
2504 3 has taken the left fork
2504 3 is eating
DBG_EAT: id=3 time_last_meal=2504
DBG_EAT2: id=3 meals=7
2605 3 has put down the left fork
2605 3 has put down the right fork
2605 3 is sleeping
2605 1 is thinking
2605 1 has taken the right fork
2605 1 has taken the left fork
2605 1 is eating
DBG_EAT: id=1 time_last_meal=2605
2605 2 has taken the left fork
2705 3 is thinking
DBG_EAT2: id=1 meals=14
2705 1 has put down the left fork
2705 1 has put down the right fork
2705 1 is sleeping
2705 2 has taken the right fork
2705 2 is eating
DBG_EAT: id=2 time_last_meal=2705
2805 1 is thinking
2805 1 has taken the right fork
DBG_EAT2: id=2 meals=7
2805 2 has put down the right fork
2805 2 has put down the left fork
2805 1 has taken the left fork
2805 1 is eating
DBG_EAT: id=1 time_last_meal=2805
2805 2 is sleeping
2805 3 has taken the right fork
DBG_EAT2: id=1 meals=15
2905 2 is thinking
2905 1 has put down the left fork
2905 1 has put down the right fork
2905 1 is sleeping
2905 3 has taken the left fork
2905 3 is eating
DBG_EAT: id=3 time_last_meal=2905
3005 1 is thinking
DBG_EAT2: id=3 meals=8
3005 3 has put down the left fork
3005 1 has taken the right fork
3005 1 has taken the left fork
3005 1 is eating
DBG_EAT: id=1 time_last_meal=3005
3005 3 has put down the right fork
3005 3 is sleeping
3005 2 has taken the left fork
DBG_EAT2: id=1 meals=16
3105 3 is thinking
3105 1 has put down the left fork
3105 1 has put down the right fork
3105 1 is sleeping
3106 2 has taken the right fork
3106 2 is eating
DBG_EAT: id=2 time_last_meal=3106
3206 1 is thinking
3206 1 has taken the right fork
DBG_EAT2: id=2 meals=8
3206 2 has put down the right fork
3206 1 has taken the left fork
3206 1 is eating
DBG_EAT: id=1 time_last_meal=3206
3206 2 has put down the left fork
3206 2 is sleeping
3206 3 has taken the right fork
DBG_EAT2: id=1 meals=17
3306 1 has put down the left fork
3306 2 is thinking
3306 1