DBG_INIT: meal_mutex init for philo 1
DBG_INIT: meal_mutex init for philo 2
DBG_INIT: meal_mutex init for philo 3
DBG_INIT: meal_mutex init for philo 4
DBG_INIT: meal_mutex init for philo 5
DBG: init philo[1].time_last_meal=0
DBG: init philo[2].time_last_meal=0
DBG: init philo[3].time_last_meal=0
DBG: init philo[4].time_last_meal=0
DBG: init philo[5].time_last_meal=0
0 1 has taken the right fork
0 1 has taken the left fork
0 1 is eating
DBG_EAT: id=1 time_last_meal=0
0 2 has taken the left fork
0 5 has taken the right fork
DBG: start_time=1758387330963
DBG_EAT2: id=1 meals=1
60 1 has put down the left fork
60 1 has put down the right fork
60 1 is sleeping
60 2 has taken the right fork
60 2 is eating
DBG_EAT: id=2 time_last_meal=60
60 5 has taken the left fork
60 5 is eating
DBG_EAT: id=5 time_last_meal=60
DBG_EAT2: id=2 meals=1
120 2 has put down the right fork
DBG_EAT2: id=5 meals=1
120 5 has put down the left fork
120 2 has put down the left fork
120 5 has put down the right fork
120 5 is sleeping
120 2 is sleeping
120 3 has taken the right fork
120 3 has taken the left fork
120 3 is eating
DBG_EAT: id=3 time_last_meal=120
120 4 has taken the left fork
DBG_EAT2: id=3 meals=1
181 3 has put down the left fork
181 3 has put down the right fork
181 3 is sleeping
181 4 has taken the right fork
181 4 is eating
DBG_EAT: id=4 time_last_meal=181
DBG_EAT2: id=4 meals=1
241 4 has put down the right fork
241 4 has put down the left fork
241 4 is sleeping
241 5 has died (last meal at 60)
