DBG_INIT: meal_mutex init for philo 1
DBG_INIT: meal_mutex init for philo 2
DBG_INIT: meal_mutex init for philo 3
DBG_INIT: meal_mutex init for philo 4
DBG_INIT: meal_mutex init for philo 5
DBG: init philo[1].time_last_meal=0
DBG: init philo[2].time_last_meal=0
DBG: init philo[3].time_last_meal=0
DBG: init philo[4].time_last_meal=0
DBG: init philo[5].time_last_meal=0
0 1 has taken the right fork
0 1 has taken the left fork
0 1 is eating
DBG_EAT: id=1 time_last_meal=0
0 3 has taken the right fork
0 3 has taken the left fork
0 3 is eating
DBG_EAT: id=3 time_last_meal=0
1 5 has taken the right fork
DBG: start_time=1758387742084
DBG_EAT2: id=1 meals=1
200 1 has put down the left fork
200 1 has put down the right fork
200 1 is sleeping
200 5 has taken the left fork
200 5 is eating
DBG_EAT: id=5 time_last_meal=200
DBG_EAT2: id=3 meals=1
200 3 has put down the left fork
200 3 has put down the right fork
200 3 is sleeping
200 2 has taken the left fork
200 2 has taken the right fork
200 2 is eating
DBG_EAT: id=2 time_last_meal=200
260 1 is thinking
261 3 is thinking
DBG_EAT2: id=5 meals=1
400 5 has put down the left fork
400 5 has put down the right fork
400 1 has taken the right fork
400 4 has taken the left fork
400 5 is sleeping
400 4 has taken the right fork
400 4 is eating
DBG_EAT: id=4 time_last_meal=400
DBG_EAT2: id=2 meals=1
401 2 has put down the right fork
401 2 has put down the left fork
401 2 is sleeping
401 1 has taken the left fork
401 1 is eating
DBG_EAT: id=1 time_last_meal=401
401 3 has taken the right fork
461 2 is thinking
461 5 is thinking
DBG_EAT2: id=4 meals=1
601 4 has put down the right fork
601 4 has put down the left fork
601 4 is sleeping
601 3 has taken the left fork
601 3 is eating
DBG_EAT: id=3 time_last_meal=601
601 5 has taken the right fork
DBG_EAT2: id=1 meals=2
601 1 has put down the left fork
601 1 has put down the right fork
601 1 is sleeping
601 5 has taken the left fork
601 5 is eating
DBG_EAT: id=5 time_last_meal=601
601 2 has died (last meal at 200)
DBG_EAT2: id=3 meals=2
DBG_EAT2: id=5 meals=2
