DBG_INIT: meal_mutex init for philo 1
DBG_INIT: meal_mutex init for philo 2
DBG_INIT: meal_mutex init for philo 3
DBG_INIT: meal_mutex init for philo 4
DBG_INIT: meal_mutex init for philo 5
DBG: init philo[1].time_last_meal=0
DBG: init philo[2].time_last_meal=0
DBG: init philo[3].time_last_meal=0
DBG: init philo[4].time_last_meal=0
DBG: init philo[5].time_last_meal=0
0 1 has taken the right fork
0 1 has taken the left fork
0 1 is eating
DBG_EAT: id=1 time_last_meal=0
1 3 has taken the right fork
1 3 has taken the left fork
1 3 is eating
DBG_EAT: id=3 time_last_meal=1
1 4 has taken the left fork
DBG: start_time=1758387972487
DBG_EAT2: id=1 meals=1
61 1 has put down the left fork
61 1 has put down the right fork
DBG_EAT2: id=3 meals=1
61 1 is sleeping
61 3 has put down the left fork
61 3 has put down the right fork
61 4 has taken the right fork
61 4 is eating
DBG_EAT: id=4 time_last_meal=61
61 3 is sleeping
61 2 has taken the left fork
61 2 has taken the right fork
61 2 is eating
DBG_EAT: id=2 time_last_meal=61
121 1 is thinking
121 1 has taken the right fork
121 3 is thinking
DBG_EAT2: id=2 meals=1
121 2 has put down the right fork
121 2 has put down the left fork
121 2 is sleeping
DBG_EAT2: id=4 meals=1
122 4 has put down the right fork
122 1 has taken the left fork
122 1 is eating
DBG_EAT: id=1 time_last_meal=122
122 4 has put down the left fork
122 3 has taken the right fork
122 3 has taken the left fork
122 3 is eating
DBG_EAT: id=3 time_last_meal=122
122 4 is sleeping
122 5 has taken the right fork
182 2 is thinking
DBG_EAT2: id=1 meals=2
182 1 has put down the left fork
182 1 has put down the right fork
182 5 has taken the left fork
182 5 is eating
DBG_EAT: id=5 time_last_meal=182
182 4 is thinking
182 1 is sleeping
DBG_EAT2: id=3 meals=2
182 3 has put down the left fork
182 3 has put down the right fork
182 2 has taken the left fork
182 2 has taken the right fork
182 2 is eating
DBG_EAT: id=2 time_last_meal=182
182 3 is sleeping
242 3 is thinking
242 1 is thinking
DBG_EAT2: id=5 meals=1
242 5 has put down the left fork
DBG_EAT2: id=2 meals=2
242 2 has put down the right fork
242 1 has taken the right fork
242 1 has taken the left fork
242 1 is eating
DBG_EAT: id=1 time_last_meal=242
242 5 has put down the right fork
242 2 has put down the left fork
242 2 is sleeping
242 5 is sleeping
242 4 has taken the left fork
242 4 has taken the right fork
242 4 is eating
DBG_EAT: id=4 time_last_meal=242
242 3 has taken the right fork
DBG_EAT2: id=4 meals=2
303 2 is thinking
303 5 is thinking
DBG_EAT2: id=1 meals=3
303 1 has put down the left fork
303 1 has put down the right fork
303 4 has put down the right fork
303 1 is sleeping
303 3 has taken the left fork
303 3 is eating
DBG_EAT: id=3 time_last_meal=303
303 4 has put down the left fork
303 4 is sleeping
303 5 has taken the right fork
303 5 has taken the left fork
303 5 is eating
DBG_EAT: id=5 time_last_meal=303
DBG_EAT2: id=5 meals=2
DBG_EAT2: id=3 meals=3
363 5 has put down the left fork
363 5 has put down the right fork
363 3 has put down the left fork
363 1 is thinking
363 4 is thinking
363 5 is sleeping
363 1 has taken the right fork
363 1 has taken the left fork
363 1 is eating
DBG_EAT: id=1 time_last_meal=363
363 3 has put down the right fork
363 3 is sleeping
363 2 has taken the left fork
363 4 has taken the left fork
363 4 has taken the right fork
363 4 is eating
DBG_EAT: id=4 time_last_meal=363
DBG_EAT2: id=1 meals=4
423 5 is thinking
DBG_EAT2: id=4 meals=3
423 4 has put down the right fork
423 1 has put down the left fork
423 1 has put down the right fork
423 4 has put down the left fork
423 3 is thinking
423 1 is sleeping
424 4 is sleeping
424 2 has taken the right fork
424 2 is eating
DBG_EAT: id=2 time_last_meal=424
424 5 has taken the right fork
424 5 has taken the left fork
424 5 is eating
DBG_EAT: id=5 time_last_meal=424
DBG_EAT2: id=2 meals=3
484 1 is thinking
484 2 has put down the right fork
484 4 is thinking
DBG_EAT2: id=5 meals=3
484 2 has put down the left fork
484 5 has put down the left fork
484 5 has put down the right fork
484 5 is sleeping
484 2 is sleeping
484 4 has taken the left fork
484 4 has taken the right fork
484 4 is eating
DBG_EAT: id=4 time_last_meal=484
484 3 has taken the right fork
484 1 has taken the right fork
484 1 has taken the left fork
484 1 is eating
DBG_EAT: id=1 time_last_meal=484
DBG_EAT2: id=4 meals=4
544 5 is thinking
544 4 has put down the right fork
544 4 has put down the left fork
544 5 has taken the right fork
544 4 is sleeping
544 3 has taken the left fork
544 3 is eating
DBG_EAT: id=3 time_last_meal=544
544 2 is thinking
DBG_EAT2: id=1 meals=5
545 1 has put down the left fork
545 1 has put down the right fork
545 1 is sleeping
545 5 has taken the left fork
545 5 is eating
DBG_EAT: id=5 time_last_meal=545
605 4 is thinking
DBG_EAT2: id=3 meals=4
605 3 has put down the left fork
605 3 has put down the right fork
605 1 is thinking
605 3 is sleeping
DBG_EAT2: id=5 meals=4
605 2 has taken the left fork
605 2 has taken the right fork
605 2 is eating
DBG_EAT: id=2 time_last_meal=605
605 5 has put down the left fork
605 5 has put down the right fork
605 1 has taken the right fork
605 5 is sleeping
605 4 has taken the left fork
605 4 has taken the right fork
605 4 is eating
DBG_EAT: id=4 time_last_meal=605
DBG_EAT2: id=2 meals=4
665 3 is thinking
665 2 has put down the right fork
665 2 has put down the left fork
665 1 has taken the left fork
665 1 is eating
DBG_EAT: id=1 time_last_meal=665
665 3 has taken the right fork
665 2 is sleeping
DBG_EAT2: id=4 meals=5
665 4 has put down the right fork
665 4 has put down the left fork
665 5 is thinking
665 5 has taken the right fork
665 3 has taken the left fork
665 3 is eating
DBG_EAT: id=3 time_last_meal=665
665 4 is sleeping
DBG_EAT2: id=3 meals=5
725 3 has put down the left fork
725 3 has put down the right fork
725 3 is sleeping
DBG_EAT2: id=1 meals=6
726 1 has put down the left fork
726 2 is thinking
726 1 has put down the right fork
726 1 is sleeping
726 5 has taken the left fork
726 5 is eating
DBG_EAT: id=5 time_last_meal=726
726 4 is thinking
726 2 has taken the left fork
726 2 has taken the right fork
726 2 is eating
DBG_EAT: id=2 time_last_meal=726
DBG_EAT2: id=5 meals=5
786 5 has put down the left fork
786 1 is thinking
786 5 has put down the right fork
786 1 has taken the right fork
786 5 is sleeping
786 4 has taken the left fork
786 4 has taken the right fork
786 4 is eating
DBG_EAT: id=4 time_last_meal=786
786 3 is thinking
DBG_EAT2: id=2 meals=5
786 2 has put down the right fork
786 2 has put down the left fork
786 2 is sleeping
786 1 has taken the left fork
786 1 is eating
DBG_EAT: id=1 time_last_meal=786
786 3 has taken the right fork
846 5 is thinking
DBG_EAT2: id=4 meals=6
846 4 has put down the right fork
846 2 is thinking
DBG_EAT2: id=1 meals=7
846 1 has put down the left fork
846 1 has put down the right fork
846 1 is sleeping
846 4 has put down the left fork
846 4 is sleeping
846 3 has taken the left fork
846 3 is eating
DBG_EAT: id=3 time_last_meal=846
847 5 has taken the right fork
847 5 has taken the left fork
847 5 is eating
DBG_EAT: id=5 time_last_meal=847
DBG_EAT2: id=5 meals=6
DBG_EAT2: id=3 meals=6
907 5 has put down the left fork
907 5 has put down the right fork
907 1 is thinking
907 4 is thinking
907 3 has put down the left fork
907 5 is sleeping
907 3 has put down the right fork
907 3 is sleeping
907 1 has taken the right fork
907 1 has taken the left fork
907 1 is eating
DBG_EAT: id=1 time_last_meal=907
907 4 has taken the left fork
907 4 has taken the right fork
907 4 is eating
DBG_EAT: id=4 time_last_meal=907
907 2 has taken the left fork
DBG_EAT2: id=1 meals=8
967 3 is thinking
967 5 is thinking
DBG_EAT2: id=4 meals=7
967 4 has put down the right fork
967 1 has put down the left fork
967 1 has put down the right fork
967 4 has put down the left fork
967 4 is sleeping
967 1 is sleeping
967 2 has taken the right fork
967 2 is eating
DBG_EAT: id=2 time_last_meal=967
967 5 has taken the right fork
967 5 has taken the left fork
967 5 is eating
DBG_EAT: id=5 time_last_meal=967
DBG_EAT2: id=5 meals=7
DBG_EAT2: id=2 meals=6
1028 5 has put down the left fork
1028 4 is thinking
1028 1 is thinking
1028 1 has taken the right fork
1028 1 has taken the left fork
1028 1 is eating
DBG_EAT: id=1 time_last_meal=1028
1028 4 has taken the left fork
1028 4 has taken the right fork
1028 4 is eating
DBG_EAT: id=4 time_last_meal=1028
1028 5 has put down the right fork
1028 5 is sleeping
1028 2 has put down the right fork
1028 2 has put down the left fork
1028 2 is sleeping
1028 3 has taken the right fork
DBG_EAT2: id=4 meals=8
DBG_EAT2: id=1 meals=9
1088 1 has put down the left fork
1088 1 has put down the right fork
1088 1 is sleeping
1088 5 is thinking
1088 2 is thinking
1088 4 has put down the right fork
1088 4 has put down the left fork
1088 3 has taken the left fork
1088 3 is eating
DBG_EAT: id=3 time_last_meal=1088
1088 4 is sleeping
1089 5 has taken the right fork
1089 5 has taken the left fork
1089 5 is eating
DBG_EAT: id=5 time_last_meal=1089
1149 1 is thinking
DBG_EAT2: id=3 meals=7
1149 3 has put down the left fork
1149 4 is thinking
1149 3 has put down the right fork
1149 3 is sleeping
1149 2 has taken the left fork
1149 2 has taken the right fork
1149 2 is eating
DBG_EAT: id=2 time_last_meal=1149
DBG_EAT2: id=5 meals=8
1149 5 has put down the left fork
1149 5 has put down the right fork
1149 5 is sleeping
1149 4 has taken the left fork
1149 4 has taken the right fork
1149 4 is eating
DBG_EAT: id=4 time_last_meal=1149
1149 1 has taken the right fork
1209 5 is thinking
DBG_EAT2: id=2 meals=7
1209 2 has put down the right fork
1209 2 has put down the left fork
1209 3 is thinking
1209 2 is sleeping
1210 1 has taken the left fork
1210 1 is eating
DBG_EAT: id=1 time_last_meal=1210
1210 3 has taken the right fork
DBG_EAT2: id=4 meals=9
1210 4 has put down the right fork
1210 4 has put down the left fork
1210 3 has taken the left fork
1210 3 is eating
DBG_EAT: id=3 time_last_meal=1210
1210 4 is sleeping
1210 5 has taken the right fork
DBG_EAT2: id=3 meals=8
1270 4 is thinking
1270 3 has put down the left fork
1270 3 has put down the right fork
1270 3 is sleeping
DBG_EAT2: id=1 meals=10
1270 2 is thinking
1270 1 has put down the left fork
1270 1 has put down the right fork
1270 1 is sleeping
1270 5 has taken the left fork
1270 5 is eating
DBG_EAT: id=5 time_last_meal=1270
1270 2 has taken the left fork
1270 2 has taken the right fork
1270 2 is eating
DBG_EAT: id=2 time_last_meal=1270
DBG_EAT2: id=2 meals=8
1330 3 is thinking
1330 2 has put down the right fork
1330 2 has put down the left fork
1330 3 has taken the right fork
1330 2 is sleeping
1330 3 has taken the left fork
1330 3 is eating
DBG_EAT: id=3 time_last_meal=1330
1330 1 is thinking
DBG_EAT2: id=5 meals=9
1330 5 has put down the left fork
1330 5 has put down the right fork
1330 5 is sleeping
1330 1 has taken the right fork
1330 1 has taken the left fork
1330 1 is eating
DBG_EAT: id=1 time_last_meal=1330
1330 4 has taken the left fork
DBG_EAT2: id=1 meals=11
1391 2 is thinking
1391 1 has put down the left fork
1391 1 has put down the right fork
DBG_EAT2: id=3 meals=9
1391 5 is thinking
1391 1 is sleeping
1391 3 has put down the left fork
1391 3 has put down the right fork
1391 3 is sleeping
1391 4 has taken the right fork
1391 4 is eating
DBG_EAT: id=4 time_last_meal=1391
1391 2 has taken the left fork
1391 2 has taken the right fork
1391 2 is eating
DBG_EAT: id=2 time_last_meal=1391
DBG_EAT2: id=4 meals=10
1451 4 has put down the right fork
1451 1 is thinking
DBG_EAT2: id=2 meals=9
1451 2 has put down the right fork
1451 2 has put down the left fork
1451 4 has put down the left fork
1451 4 is sleeping
1451 1 has taken the right fork
1451 1 has taken the left fork
1451 1 is eating
DBG_EAT: id=1 time_last_meal=1451
1451 2 is sleeping
1451 3 is thinking
1451 3 has taken the right fork
1451 3 has taken the left fork
1451 3 is eating
DBG_EAT: id=3 time_last_meal=1451
1451 5 has taken the right fork
DBG_EAT2: id=1 meals=12
DBG_EAT2: id=3 meals=10
1511 1 has put down the left fork
1511 3 has put down the left fork
1511 3 has put down the right fork
1511 4 is thinking
1511 2 is thinking
1511 1 has put down the right fork
1511 1 is sleeping
1511 3 is sleeping
1511 5 has taken the left fork
1511 5 is eating
DBG_EAT: id=5 time_last_meal=1511
1511 2 has taken the left fork
1511 2 has taken the right fork
1511 2 is eating
DBG_EAT: id=2 time_last_meal=1511
1572 1 is thinking
DBG_EAT2: id=2 meals=10
1572 2 has put down the right fork
1572 2 has put down the left fork
DBG_EAT2: id=5 meals=10
1572 3 is thinking
1572 3 has taken the right fork
1572 3 has taken the left fork
1572 3 is eating
DBG_EAT: id=3 time_last_meal=1572
1572 2 is sleeping
1572 5 has put down the left fork
1572 1 has taken the right fork
1572 1 has taken the left fork
1572 1 is eating
DBG_EAT: id=1 time_last_meal=1572
1572 5 has put down the right fork
1572 5 is sleeping
1572 4 has taken the left fork
DBG_EAT2: id=3 meals=11
1632 3 has put down the left fork
1632 3 has put down the right fork
DBG_EAT2: id=1 meals=13
1632 1 has put down the left fork
1632 1 has put down the right fork
1632 1 is sleeping
1632 2 is thinking
1632 5 is thinking
1632 4 has taken the right fork
1632 4 is eating
DBG_EAT: id=4 time_last_meal=1632
1632 3 is sleeping
1632 2 has taken the left fork
1632 2 has taken the right fork
1632 2 is eating
DBG_EAT: id=2 time_last_meal=1632
DBG_EAT2: id=4 meals=11
1692 4 has put down the right fork
1692 3 is thinking
1692 4 has put down the left fork
1692 4 is sleeping
1692 1 is thinking
1692 5 has taken the right fork
1692 1 has taken the right fork
DBG_EAT2: id=2 meals=11
1692 2 has put down the right fork
1693 2 has put down the left fork
1693 2 is sleeping
1693 1 has taken the left fork
1693 1 is eating
DBG_EAT: id=1 time_last_meal=1693
1693 3 has taken the right fork
1693 3 has taken the left fork
1693 3 is eating
DBG_EAT: id=3 time_last_meal=1693
DBG_EAT2: id=3 meals=12
1753 2 is thinking
1753 3 has put down the left fork
1753 3 has put down the right fork
1753 3 is sleeping
DBG_EAT2: id=1 meals=14
1753 1 has put down the left fork
1753 4 is thinking
1753 1 has put down the right fork
1753 5 has taken the left fork
1753 5 is eating
DBG_EAT: id=5 time_last_meal=1753
1753 1 is sleeping
1753 2 has taken the left fork
1753 2 has taken the right fork
1753 2 is eating
DBG_EAT: id=2 time_last_meal=1753
1813 3 is thinking
1813 1 is thinking
DBG_EAT2: id=2 meals=12
1813 2 has put down the right fork
DBG_EAT2: id=5 meals=11
1813 2 has put down the left fork
1813 2 is sleeping
1813 5 has put down the left fork
1813 3 has taken the right fork
1813 3 has taken the left fork
1813 3 is eating
DBG_EAT: id=3 time_last_meal=1813
1813 5 has put down the right fork
1813 1 has taken the right fork
1813 1 has taken the left fork
1813 1 is eating
DBG_EAT: id=1 time_last_meal=1813
1813 5 is sleeping
1813 4 has taken the left fork
1873 2 is thinking
DBG_EAT2: id=3 meals=13
1873 3 has put down the left fork
1873 5 is thinking
1873 3 has put down the right fork
1873 3 is sleeping
DBG_EAT2: id=1 meals=15
1873 1 has put down the left fork
1873 4 has taken the right fork
1873 4 is eating
DBG_EAT: id=4 time_last_meal=1873
1873 1 has put down the right fork
1873 2 has taken the left fork
1873 2 has taken the right fork
1873 2 is eating
DBG_EAT: id=2 time_last_meal=1873
1873 1 is sleeping
DBG_EAT2: id=2 meals=13
DBG_EAT2: id=4 meals=12
1934 2 has put down the right fork
1934 2 has put down the left fork
1934 4 has put down the right fork
1934 1 is thinking
1934 3 is thinking
1934 3 has taken the right fork
1934 3 has taken the left fork
1934 3 is eating
1934 1 has taken the right fork
1934 1 has taken the left fork
1934 1 is eating
DBG_EAT: id=1 time_last_meal=1934
1934 2 is sleeping
DBG_EAT: id=3 time_last_meal=1934
1934 4 has put down the left fork
1934 4 is sleeping
1934 5 has taken the right fork
DBG_EAT2: id=3 meals=14
1994 3 has put down the left fork
1994 3 has put down the right fork
DBG_EAT2: id=1 meals=16
1994 3 is sleeping
1994 1 has put down the left fork
1994 1 has put down the right fork
1994 1 is sleeping
1994 4 is thinking
1994 2 is thinking
1994 5 has taken the left fork
1994 5 is eating
DBG_EAT: id=5 time_last_meal=1994
1994 2 has taken the left fork
1994 2 has taken the right fork
1994 2 is eating
DBG_EAT: id=2 time_last_meal=1994
2054 1 is thinking
2054 3 is thinking
DBG_EAT2: id=5 meals=12
2054 5 has put down the left fork
2054 1 has taken the right fork
2054 5 has put down the right fork
2054 5 is sleeping
2054 4 has taken the left fork
2054 4 has taken the right fork
2054 4 is eating
DBG_EAT: id=4 time_last_meal=2054
DBG_EAT2: id=2 meals=14
2055 2 has put down the right fork
2055 2 has put down the left fork
2055 2 is sleeping
2055 1 has taken the left fork
2055 1 is eating
DBG_EAT: id=1 time_last_meal=2055
2055 3 has taken the right fork
DBG_EAT2: id=4 meals=13
2115 5 is thinking
2115 4 has put down the right fork
2115 5 has taken the right fork
2115 4 has put down the left fork
2115 4 is sleeping
2115 3 has taken the left fork
2115 3 is eating
DBG_EAT: id=3 time_last_meal=2115
2115 2 is thinking
DBG_EAT2: id=1 meals=17
2115 1 has put down the left fork
2115 1 has put down the right fork
2115 5 has taken the left fork
2115 5 is eating
DBG_EAT: id=5 time_last_meal=2115
2115 1 is sleeping
DBG_EAT2: id=3 meals=15
2175 3 has put down the left fork
2175 3 has put down the right fork
2175 4 is thinking
2175 3 is sleeping
2175 2 has taken the left fork
2175 2 has taken the right fork
2175 2 is eating
DBG_EAT: id=2 time_last_meal=2175
DBG_EAT2: id=5 meals=13
2175 5 has put down the left fork
2175 1 is thinking
2175 1 has taken the right fork
2175 5 has put down the right fork
2175 5 is sleeping
2175 4 has taken the left fork
2175 4 has taken the right fork
2175 4 is eating
DBG_EAT: id=4 time_last_meal=2175
DBG_EAT2: id=2 meals=15
2235 3 is thinking
2235 2 has put down the right fork
2235 2 has put down the left fork
2235 3 has taken the right fork
2235 2 is sleeping
2235 1 has taken the left fork
2235 1 is eating
DBG_EAT: id=1 time_last_meal=2235
2235 5 is thinking
DBG_EAT2: id=4 meals=14
2235 4 has put down the right fork
2235 4 has put down the left fork
2235 4 is sleeping
2235 3 has taken the left fork
2235 3 is eating
DBG_EAT: id=3 time_last_meal=2235
2235 5 has taken the right fork
DBG_EAT2: id=1 meals=18
2295 1 has put down the left fork
2295 2 is thinking
2295 1 has put down the right fork
2295 1 is sleeping
2295 4 is thinking
2295 5 has taken the left fork
2295 5 is eating
DBG_EAT: id=5 time_last_meal=2295
DBG_EAT2: id=3 meals=16
2295 3 has put down the left fork
2295 3 has put down the right fork
2295 3 is sleeping
2295 2 has taken the left fork
2295 2 has taken the right fork
2295 2 is eating
DBG_EAT: id=2 time_last_meal=2295
DBG_EAT2: id=5 meals=14
2356 1 is thinking
2356 5 has put down the left fork
2356 1 has taken the right fork
DBG_EAT2: id=2 meals=16
2356 3 is thinking
2356 5 has put down the right fork
2356 2 has put down the right fork
2356 5 is sleeping
2356 1 has taken the left fork
2356 1 is eating
DBG_EAT: id=1 time_last_meal=2356
2356 4 has taken the left fork
2356 4 has taken the right fork
2356 4 is eating
2356 2 has put down the left fork
2356 2 is sleeping
DBG_EAT: id=4 time_last_meal=2356
2356 3 has taken the right fork
DBG_EAT2: id=4 meals=15
2416 2 is thinking
DBG_EAT2: id=1 meals=19
2416 1 has put down the left fork
2416 1 has put down the right fork
2416 5 is thinking
2416 4 has put down the right fork
2416 1 is sleeping
2416 4 has put down the left fork
2416 4 is sleeping
2416 3 has taken the left fork
2416 3 is eating
DBG_EAT: id=3 time_last_meal=2416
2416 5 has taken the right fork
2416 5 has taken the left fork
2416 5 is eating
DBG_EAT: id=5 time_last_meal=2416
DBG_EAT2: id=5 meals=15
2476 5 has put down the left fork
2476 5 has put down the right fork
2476 5 is sleeping
2476 4 is thinking
DBG_EAT2: id=3 meals=17
2477 3 has put down the left fork
2477 3 has put down the right fork
2477 1 is thinking
2477 1 has taken the right fork
2477 1 has taken the left fork
2477 1 is eating
DBG_EAT: id=1 time_last_meal=2477
2477 3 is sleeping
2477 2 has taken the left fork
2477 4 has taken the left fork
2477 4 has taken the right fork
2477 4 is eating
DBG_EAT: id=4 time_last_meal=2477
2537 5 is thinking
DBG_EAT2: id=1 meals=20
2537 3 is thinking
DBG_EAT2: id=4 meals=16
2537 4 has put down the right fork
2537 1 has put down the left fork
2537 1 has put down the right fork
2537 1 is sleeping
2537 4 has put down the left fork
2537 4 is sleeping
2537 2 has taken the right fork
2537 2 is eating
DBG_EAT: id=2 time_last_meal=2537
2537 5 has taken the right fork
2537 5 has taken the left fork
2537 5 is eating
DBG_EAT: id=5 time_last_meal=2537
2597 1 is thinking
2597 4 is thinking
DBG_EAT2: id=2 meals=17
2597 2 has put down the right fork
2597 2 has put down the left fork
DBG_EAT2: id=5 meals=16
2597 2 is sleeping
2597 5 has put down the left fork
2597 3 has taken the right fork
2597 3 has taken the left fork
2597 3 is eating
DBG_EAT: id=3 time_last_meal=2597
2597 5 has put down the right fork
2597 5 is sleeping
2597 4 has taken the left fork
2597 1 has taken the right fork
2597 1 has taken the left fork
2597 1 is eating
DBG_EAT: id=1 time_last_meal=2597
DBG_EAT2: id=1 meals=21
2658 5 is thinking
2658 1 has put down the left fork
2658 1 has put down the right fork
2658 1 is sleeping
DBG_EAT2: id=3 meals=18
2658 2 is thinking
2658 3 has put down the left fork
2658 3 has put down the right fork
2658 4 has taken the right fork
2658 4 is eating
DBG_EAT: id=4 time_last_meal=2658
2658 3 is sleeping
2658 2 has taken the left fork
2658 2 has taken the right fork
2658 2 is eating
DBG_EAT: id=2 time_last_meal=2658
2718 1 is thinking
2718 1 has taken the right fork
2718 3 is thinking
DBG_EAT2: id=4 meals=17
2718 4 has put down the right fork
DBG_EAT2: id=2 meals=18
2718 4 has put down the left fork
2718 4 is sleeping
2718 2 has put down the right fork
2718 2 has put down the left fork
2718 2 is sleeping
2718 1 has taken the left fork
2718 1 is eating
DBG_EAT: id=1 time_last_meal=2718
2718 3 has taken the right fork
2718 3 has taken the left fork
2718 3 is eating
DBG_EAT: id=3 time_last_meal=2718
2718 5 has taken the right fork
2778 2 is thinking
DBG_EAT2: id=1 meals=22
2778 1 has put down the left fork
DBG_EAT2: id=3 meals=19
2779 5 has taken the left fork
2779 4 is thinking
2779 5 is eating
DBG_EAT: id=5 time_last_meal=2779
2779 1 has put down the right fork
2779 3 has put down the left fork
2779 1 is sleeping
2779 3 has put down the right fork
2779 3 is sleeping
2779 2 has taken the left fork
2779 2 has taken the right fork
2779 2 is eating
DBG_EAT: id=2 time_last_meal=2779
DBG_EAT2: id=5 meals=17
2839 5 has put down the left fork
2839 5 has put down the right fork
2839 1 is thinking
2839 1 has taken the right fork
2839 5 is sleeping
2839 4 has taken the left fork
2839 4 has taken the right fork
2839 4 is eating
DBG_EAT: id=4 time_last_meal=2839
DBG_EAT2: id=2 meals=19
2839 3 is thinking
2839 2 has put down the right fork
2839 1 has taken the left fork
2839 1 is eating
DBG_EAT: id=1 time_last_meal=2839
2839 2 has put down the left fork
2839 2 is sleeping
2839 3 has taken the right fork
DBG_EAT2: id=1 meals=23
2899 2 is thinking
2899 1 has put down the left fork
2899 1 has put down the right fork
2899 5 is thinking
DBG_EAT2: id=4 meals=18
2899 1 is sleeping
2899 4 has put down the right fork
2899 3 has taken the left fork
2899 3 is eating
DBG_EAT: id=3 time_last_meal=2899
2899 5 has taken the right fork
2899 5 has taken the left fork
2899 5 is eating
DBG_EAT: id=5 time_last_meal=2899
2899 4 has put down the left fork
2899 4 is sleeping
DBG_EAT2: id=5 meals=18
2960 4 is thinking
2960 5 has put down the left fork
2960 5 has put down the right fork
2960 5 is sleeping
DBG_EAT2: id=3 meals=20
2960 3 has put down the left fork
2960 1 is thinking
2960 1 has taken the right fork
2960 1 has taken the left fork
2960 1 is eating
DBG_EAT: id=1 time_last_meal=2960
2960 3 has put down the right fork
2960 2 has taken the left fork
2960 3 is sleeping
2960 4 has taken the left fork
2960 4 has taken the right fork
2960 4 is eating
DBG_EAT: id=4 time_last_meal=2960
DBG_EAT2: id=1 meals=24
3020 1 has put down the left fork
3020 1 has put down the right fork
3020 1 is sleeping
3020 5 is thinking
3020 2 has taken the right fork
3020 2 is eating
DBG_EAT: id=2 time_last_meal=3020
3020 3 is thinking
DBG_EAT2: id=4 meals=19
3020 4 has put down the right fork
3020 4 has put down the left fork
3020 4 is sleeping
3020 5 has taken the right fork
3020 5 has taken the left fork
3020 5 is eating
DBG_EAT: id=5 time_last_meal=3020
DBG_EAT2: id=2 meals=20
3080 2 has put down the right fork
3080 4 is thinking
3080 1 is thinking
3080 2 has put down the left fork
DBG_EAT2: id=5 meals=19
3080 2 is sleeping
3080 3 has taken the right fork
3080 3 has taken the left fork
3080 3 is eating
DBG_EAT: id=3 time_last_meal=3080
3080 5 has put down the left fork
3080 5 has put down the right fork
3080 5 is sleeping
3080 1 has taken the right fork
3080 4 has taken the left fork
3080 1 has taken the left fork
3080 1 is eating
DBG_EAT: id=1 time_last_meal=3080
DBG_EAT2: id=1 meals=25
3141 2 is thinking
3141 1 has put down the left fork
3141 1 has put down the right fork
3141 1 is sleeping
DBG_EAT2: id=3 meals=21
3141 5 is thinking
3141 3 has put down the left fork
3141 3 has put down the right fork
3141 3 is sleeping
3141 4 has taken the right fork
3141 4 is eating
DBG_EAT: id=4 time_last_meal=3141
3141 2 has taken the left fork
3141 2 has taken the right fork
3141 2 is eating
DBG_EAT: id=2 time_last_meal=3141
DBG_EAT2: id=2 meals=21
3201 3 is thinking
3201 2 has put down the right fork
3201 2 has put down the left fork
3201 2 is sleeping
DBG_EAT2: id=4 meals=20
3201 4 has put down the right fork
3201 1 is thinking
3201 4 has put down the left fork
3201 1 has taken the right fork
3201 1 has taken the left fork
3201 1 is eating
DBG_EAT: id=1 time_last_meal=3201
3201 4 is sleeping
3201 3 has taken the right fork
3201 3 has taken the left fork
3201 3 is eating
DBG_EAT: id=3 time_last_meal=3201
3201 5 has taken the right fork
DBG_EAT2: id=1 meals=26
DBG_EAT2: id=3 meals=22
3261 1 has put down the left fork
3261 3 has put down the left fork
3261 3 has put down the right fork
3261 2 is thinking
3261 4 is thinking
3261 3 is sleeping
3261 1 has put down the right fork
3261 1 is sleeping
3261 5 has taken the left fork
3261 5 is eating
DBG_EAT: id=5 time_last_meal=3261
3262 2 has taken the left fork
3262 2 has taken the right fork
3262 2 is eating
DBG_EAT: id=2 time_last_meal=3262
DBG_EAT2: id=2 meals=22
3322 2 has put down the right fork
3322 2 has put down the left fork
3322 2 is sleeping
DBG_EAT2: id=5 meals=20
3322 5 has put down the left fork
3322 3 is thinking
3322 5 has put down the right fork
3322 3 has taken the right fork
3322 3 has taken the left fork
3322 5 is sleeping
3322 3 is eating
DBG_EAT: id=3 time_last_meal=3322
3322 4 has taken the left fork
3322 1 is thinking
3322 1 has taken the right fork
3322 1 has taken the left fork
3322 1 is eating
DBG_EAT: id=1 time_last_meal=3322
3382 2 is thinking
DBG_EAT2: id=3 meals=23
3382 5 is thinking
DBG_EAT2: id=1 meals=27
3382 1 has put down the left fork
3382 1 has put down the right fork
3382 3 has put down the left fork
3382 3 has put down the right fork
3382 3 is sleeping
3382 1 is sleeping
3382 4 has taken the right fork
3382 4 is eating
DBG_EAT: id=4 time_last_meal=3382
3382 2 has taken the left fork
3382 2 has taken the right fork
3382 2 is eating
DBG_EAT: id=2 time_last_meal=3382
DBG_EAT2: id=2 meals=23
3442 3 is thinking
3442 2 has put down the right fork
3442 2 has put down the left fork
3442 2 is sleeping
3442 3 has taken the right fork
3442 1 is thinking
3442 1 has taken the right fork
3442 1 has taken the left fork
3442 1 is eating
DBG_EAT: id=1 time_last_meal=3442
DBG_EAT2: id=4 meals=21
3442 4 has put down the right fork
3442 3 has taken the left fork
3442 3 is eating
DBG_EAT: id=3 time_last_meal=3442
3442 4 has put down the left fork
3442 4 is sleeping
3443 5 has taken the right fork
3502 2 is thinking
DBG_EAT2: id=1 meals=28
3502 1 has put down the left fork
3503 1 has put down the right fork
3503 4 is thinking
3503 1 is sleeping
3503 5 has taken the left fork
3503 5 is eating
DBG_EAT: id=5 time_last_meal=3503
DBG_EAT2: id=3 meals=24
3503 3 has put down the left fork
3503 3 has put down the right fork
3503 3 is sleeping
3503 2 has taken the left fork
3503 2 has taken the right fork
3503 2 is eating
DBG_EAT: id=2 time_last_meal=3503
DBG_EAT2: id=5 meals=21
3563 5 has put down the left fork
3563 5 has put down the right fork
3563 5 is sleeping
DBG_EAT2: id=2 meals=24
3563 4 has taken the left fork
3563 4 has taken the right fork
3563 4 is eating
DBG_EAT: id=4 time_last_meal=3563
3563 2 has put down the right fork
3563 2 has put down the left fork
3563 2 is sleeping
3563 3 is thinking
3563 3 has taken the right fork
3563 1 is thinking
3563 1 has taken the right fork
3563 1 has taken the left fork
3563 1 is eating
DBG_EAT: id=1 time_last_meal=3563
3623 5 is thinking
DBG_EAT2: id=4 meals=22
3623 2 is thinking
3623 4 has put down the right fork
3623 4 has put down the left fork
3623 4 is sleeping
3623 5 has taken the right fork
3623 3 has taken the left fork
3623 3 is eating
DBG_EAT: id=3 time_last_meal=3623
DBG_EAT2: id=1 meals=29
3624 1 has put down the left fork
3624 1 has put down the right fork
3624 1 is sleeping
3624 5 has taken the left fork
3624 5 is eating
DBG_EAT: id=5 time_last_meal=3624
3683 4 is thinking
DBG_EAT2: id=3 meals=25
3684 3 has put down the left fork
3684 3 has put down the right fork
3684 3 is sleeping
3684 2 has taken the left fork
3684 2 has taken the right fork
3684 2 is eating
DBG_EAT: id=2 time_last_meal=3684
3684 1 is thinking
DBG_EAT2: id=5 meals=22
3684 5 has put down the left fork
3684 5 has put down the right fork
3684 5 is sleeping
3684 1 has taken the right fork
3684 4 has taken the left fork
3684 4 has taken the right fork
3684 4 is eating
DBG_EAT: id=4 time_last_meal=3684
3744 3 is thinking
DBG_EAT2: id=2 meals=25
3744 2 has put down the right fork
3744 1 has taken the left fork
3744 2 has put down the left fork
3744 1 is eating
DBG_EAT: id=1 time_last_meal=3744
3744 2 is sleeping
3744 3 has taken the right fork
3744 5 is thinking
DBG_EAT2: id=4 meals=23
3744 4 has put down the right fork
3744 4 has put down the left fork
3744 4 is sleeping
3744 3 has taken the left fork
3744 3 is eating
DBG_EAT: id=3 time_last_meal=3744
3744 5 has taken the right fork
DBG_EAT2: id=1 meals=30
3804 1 has put down the left fork
3804 2 is thinking
3804 1 has put down the right fork
3804 1 is sleeping
3804 5 has taken the left fork
3804 5 is eating
DBG_EAT: id=5 time_last_meal=3804
DBG_EAT2: id=3 meals=26
3804 3 has put down the left fork
3804 3 has put down the right fork
3804 4 is thinking
3804 3 is sleeping
3805 2 has taken the left fork
3805 2 has taken the right fork
3805 2 is eating
DBG_EAT: id=2 time_last_meal=3805
3864 1 is thinking
DBG_EAT2: id=5 meals=23
3864 5 has put down the left fork
3864 5 has put down the right fork
3864 5 is sleeping
3864 1 has taken the right fork
3864 4 has taken the left fork
3864 4 has taken the right fork
3864 4 is eating
DBG_EAT: id=4 time_last_meal=3864
3865 3 is thinking
DBG_EAT2: id=2 meals=26
3865 2 has put down the right fork
3865 2 has put down the left fork
3865 2 is sleeping
3865 1 has taken the left fork
3865 1 is eating
DBG_EAT: id=1 time_last_meal=3865
3865 3 has taken the right fork
3924 5 is thinking
DBG_EAT2: id=4 meals=24
3924 4 has put down the right fork
3925 4 has put down the left fork
3925 4 is sleeping
3925 5 has taken the right fork
3925 3 has taken the left fork
3925 3 is eating
DBG_EAT: id=3 time_last_meal=3925
3925 2 is thinking
DBG_EAT2: id=1 meals=31
3925 1 has put down the left fork
3925 1 has put down the right fork
3925 5 has taken the left fork
3925 5 is eating
DBG_EAT: id=5 time_last_meal=3925
3925 1 is sleeping
3985 4 is thinking
DBG_EAT2: id=3 meals=27
3985 3 has put down the left fork
3985 3 has put down the right fork
3985 2 has taken the left fork
3985 2 has taken the right fork
3985 2 is eating
DBG_EAT: id=2 time_last_meal=3985
3985 3 is sleeping
DBG_EAT2: id=5 meals=24
3985 5 has put down the left fork
3985 1 is thinking
3985 1 has taken the right fork
3985 5 has put down the right fork
3985 5 is sleeping
3985 4 has taken the left fork
3985 4 has taken the right fork
3985 4 is eating
DBG_EAT: id=4 time_last_meal=3985
4045 3 is thinking
DBG_EAT2: id=2 meals=27
4045 2 has put down the right fork
4045 2 has put down the left fork
4045 2 is sleeping
4045 1 has taken the left fork
4045 1 is eating
DBG_EAT: id=1 time_last_meal=4045
4045 3 has taken the right fork
4045 5 is thinking
DBG_EAT2: id=4 meals=25
4046 4 has put down the right fork
4046 3 has taken the left fork
4046 3 is eating
DBG_EAT: id=3 time_last_meal=4046
4046 4 has put down the left fork
4046 5 has taken the right fork
4046 4 is sleeping
4105 2 is thinking
DBG_EAT2: id=1 meals=32
4105 1 has put down the left fork
4105 1 has put down the right fork
4105 1 is sleeping
4106 5 has taken the left fork
4106 5 is eating
DBG_EAT: id=5 time_last_meal=4106
DBG_EAT2: id=3 meals=28
4106 3 has put down the left fork
4106 3 has put down the right fork
4106 3 is sleeping
4106 2 has taken the left fork
4106 2 has taken the right fork
4106 2 is eating
DBG_EAT: id=2 time_last_meal=4106
4106 4 is thinking
4166 1 is thinking
DBG_EAT2: id=5 meals=25
4166 5 has put down the left fork
4166 1 has taken the right fork
4166 5 has put down the right fork
4166 5 is sleeping
4166 4 has taken the left fork
4166 4 has taken the right fork
4166 4 is eating
DBG_EAT: id=4 time_last_meal=4166
DBG_EAT2: id=2 meals=28
4166 2 has put down the right fork
4166 2 has put down the left fork
4166 2 is sleeping
4166 3 is thinking
4166 3 has taken the right fork
4166 1 has taken the left fork
4166 1 is eating
DBG_EAT: id=1 time_last_meal=4166
DBG_EAT2: id=4 meals=26
4226 5 is thinking
DBG_EAT2: id=1 meals=33
4226 1 has put down the left fork
4226 1 has put down the right fork
4226 4 has put down the right fork
4226 2 is thinking
4226 1 is sleeping
4226 4 has put down the left fork
4226 4 is sleeping
4226 5 has taken the right fork
4226 5 has taken the left fork
4226 5 is eating
DBG_EAT: id=5 time_last_meal=4226
4226 3 has taken the left fork
4226 3 is eating
DBG_EAT: id=3 time_last_meal=4226
DBG_EAT2: id=5 meals=26
4286 5 has put down the left fork
4286 5 has put down the right fork
4286 5 is sleeping
4286 4 is thinking
DBG_EAT2: id=3 meals=29
4286 3 has put down the left fork
4286 3 has put down the right fork
4286 1 is thinking
4286 1 has taken the right fork
4286 1 has taken the left fork
4286 1 is eating
DBG_EAT: id=1 time_last_meal=4286
4286 3 is sleeping
4286 2 has taken the left fork
4287 4 has taken the left fork
4287 4 has taken the right fork
4287 4 is eating
DBG_EAT: id=4 time_last_meal=4287
DBG_EAT2: id=1 meals=34
4347 5 is thinking
4347 1 has put down the left fork
4347 1 has put down the right fork
4347 1 is sleeping
4347 2 has taken the right fork
4347 2 is eating
DBG_EAT: id=2 time_last_meal=4347
DBG_EAT2: id=4 meals=27
4347 4 has put down the right fork
4347 3 is thinking
4347 4 has put down the left fork
4347 4 is sleeping
4347 5 has taken the right fork
4347 5 has taken the left fork
4347 5 is eating
DBG_EAT: id=5 time_last_meal=4347
DBG_EAT2: id=5 meals=27
4407 1 is thinking
4407 5 has put down the left fork
4407 5 has put down the right fork
4407 1 has taken the right fork
4407 5 is sleeping
DBG_EAT2: id=2 meals=29
4407 4 is thinking
4407 2 has put down the right fork
4407 1 has taken the left fork
4407 1 is eating
DBG_EAT: id=1 time_last_meal=4407
4407 2 has put down the left fork
4407 2 is sleeping
4407 3 has taken the right fork
4407 3 has taken the left fork
4407 3 is eating
DBG_EAT: id=3 time_last_meal=4407
4407 4 has taken the left fork
4467 5 is thinking
4467 2 is thinking
DBG_EAT2: id=1 meals=35
4467 1 has put down the left fork
4467 1 has put down the right fork
4467 1 is sleeping
DBG_EAT2: id=3 meals=30
4467 3 has put down the left fork
4467 3 has put down the right fork
4467 3 is sleeping
4467 4 has taken the right fork
4467 4 is eating
DBG_EAT: id=4 time_last_meal=4467
4467 2 has taken the left fork
4467 2 has taken the right fork
4467 2 is eating
DBG_EAT: id=2 time_last_meal=4467
DBG_EAT2: id=2 meals=30
4528 1 is thinking
4528 1 has taken the right fork
4528 1 has taken the left fork
4528 1 is eating
DBG_EAT: id=1 time_last_meal=4528
4528 2 has put down the right fork
4528 2 has put down the left fork
4528 2 is sleeping
4528 3 is thinking
4528 3 has taken the right fork
DBG_EAT2: id=4 meals=28
4528 4 has put down the right fo