DBG_INIT: meal_mutex init for philo 1
DBG_INIT: meal_mutex init for philo 2
DBG_INIT: meal_mutex init for philo 3
DBG_INIT: meal_mutex init for philo 4
DBG: init philo[1].time_last_meal=0
DBG: init philo[2].time_last_meal=0
DBG: init philo[3].time_last_meal=0
DBG: init philo[4].time_last_meal=0
0 1 has taken the right fork
0 1 has taken the left fork
0 1 is eating
DBG_EAT: id=1 time_last_meal=0
0 3 has taken the right fork
0 3 has taken the left fork
0 3 is eating
DBG_EAT: id=3 time_last_meal=0
DBG: start_time=1758386828460
DBG_EAT2: id=1 meals=1
100 1 has put down the left fork
100 1 has put down the right fork
100 1 is sleeping
100 4 has taken the left fork
DBG_EAT2: id=3 meals=1
100 3 has put down the left fork
100 3 has put down the right fork
100 3 is sleeping
100 4 has taken the right fork
100 4 is eating
DBG_EAT: id=4 time_last_meal=100
100 2 has taken the left fork
100 2 has taken the right fork
100 2 is eating
DBG_EAT: id=2 time_last_meal=100
200 1 is thinking
200 3 is thinking
DBG_EAT2: id=4 meals=1
200 4 has put down the right fork
200 4 has put down the left fork
DBG_EAT2: id=2 meals=1
200 2 has put down the right fork
200 4 is sleeping
200 2 has put down the left fork
200 2 is sleeping
200 1 has taken the right fork
200 1 has taken the left fork
200 1 is eating
DBG_EAT: id=1 time_last_meal=200
200 3 has taken the right fork
200 3 has taken the left fork
200 3 is eating
DBG_EAT: id=3 time_last_meal=200
300 2 is thinking
DBG_EAT2: id=3 meals=2
300 3 has put down the left fork
300 3 has put down the right fork
300 3 is sleeping
300 4 is thinking
DBG_EAT2: id=1 meals=2
300 1 has put down the left fork
300 1 has put down the right fork
300 1 is sleeping
301 4 has taken the left fork
301 4 has taken the right fork
301 4 is eating
DBG_EAT: id=4 time_last_meal=301
301 2 has taken the left fork
301 2 has taken the right fork
301 2 is eating
DBG_EAT: id=2 time_last_meal=301
401 3 is thinking
401 1 is thinking
DBG_EAT2: id=4 meals=2
401 4 has put down the right fork
401 4 has put down the left fork
401 4 is sleeping
DBG_EAT2: id=2 meals=2
401 2 has put down the right fork
401 2 has put down the left fork
401 1 has taken the right fork
401 1 has taken the left fork
401 1 is eating
DBG_EAT: id=1 time_last_meal=401
401 2 is sleeping
401 3 has taken the right fork
401 3 has taken the left fork
401 3 is eating
DBG_EAT: id=3 time_last_meal=401
501 4 is thinking
DBG_EAT2: id=1 meals=3
501 1 has put down the left fork
501 1 has put down the right fork
501 1 is sleeping
DBG_EAT2: id=3 meals=3
501 3 has put down the left fork
501 3 has put down the right fork
501 2 is thinking
501 4 has taken the left fork
501 4 has taken the right fork
501 4 is eating
DBG_EAT: id=4 time_last_meal=501
501 3 is sleeping
501 2 has taken the left fork
501 2 has taken the right fork
501 2 is eating
DBG_EAT: id=2 time_last_meal=501
DBG_EAT2: id=4 meals=3
601 4 has put down the right fork
601 4 has put down the left fork
601 1 is thinking
601 4 is sleeping
601 1 has taken the right fork
601 3 is thinking
DBG_EAT2: id=2 meals=3
601 2 has put down the right fork
601 2 has put down the left fork
601 2 is sleeping
601 1 has taken the left fork
601 1 is eating
DBG_EAT: id=1 time_last_meal=601
601 3 has taken the right fork
601 3 has taken the left fork
601 3 is eating
DBG_EAT: id=3 time_last_meal=601
701 4 is thinking
701 2 is thinking
DBG_EAT2: id=1 meals=4
701 1 has put down the left fork
701 1 has put down the right fork
701 1 is sleeping
701 4 has taken the left fork
DBG_EAT2: id=3 meals=4
701 3 has put down the left fork
701 4 has taken the right fork
701 3 has put down the right fork
701 4 is eating
DBG_EAT: id=4 time_last_meal=701
701 3 is sleeping
701 2 has taken the left fork
701 2 has taken the right fork
701 2 is eating
DBG_EAT: id=2 time_last_meal=701
801 1 is thinking
DBG_EAT2: id=4 meals=4
801 4 has put down the right fork
801 3 is thinking
801 4 has put down the left fork
801 1 has taken the right fork
801 4 is sleeping
DBG_EAT2: id=2 meals=4
802 2 has put down the right fork
802 2 has put down the left fork
802 2 is sleeping
802 1 has taken the left fork
802 1 is eating
DBG_EAT: id=1 time_last_meal=802
802 3 has taken the right fork
802 3 has taken the left fork
802 3 is eating
DBG_EAT: id=3 time_last_meal=802
902 4 is thinking
902 2 is thinking
DBG_EAT2: id=3 meals=5
902 3 has put down the left fork
902 3 has put down the right fork
902 3 is sleeping
DBG_EAT2: id=1 meals=5
902 1 has put down the left fork
902 2 has taken the left fork
902 2 has taken the right fork
902 2 is eating
DBG_EAT: id=2 time_last_meal=902
902 1 has put down the right fork
902 1 is sleeping
902 4 has taken the left fork
902 4 has taken the right fork
902 4 is eating
DBG_EAT: id=4 time_last_meal=902
1002 3 is thinking
1002 1 is thinking
DBG_EAT2: id=2 meals=5
1002 2 has put down the right fork
DBG_EAT2: id=4 meals=5
1002 4 has put down the right fork
1002 2 has put down the left fork
1002 4 has put down the left fork
1002 4 is sleeping
1002 2 is sleeping
1002 1 has taken the right fork
1002 1 has taken the left fork
1002 1 is eating
DBG_EAT: id=1 time_last_meal=1002
1002 3 has taken the right fork
1002 3 has taken the left fork
1002 3 is eating
DBG_EAT: id=3 time_last_meal=1002
DBG_EAT2: id=1 meals=6
1102 1 has put down the left fork
1102 1 has put down the right fork
DBG_EAT2: id=3 meals=6
1102 1 is sleeping
1102 3 has put down the left fork
1102 3 has put down the right fork
1102 3 is sleeping
1102 2 is thinking
1102 4 is thinking
1102 2 has taken the left fork
1102 2 has taken the right fork
1102 2 is eating
DBG_EAT: id=2 time_last_meal=1102
1102 4 has taken the left fork
1102 4 has taken the right fork
1102 4 is eating
DBG_EAT: id=4 time_last_meal=1102
1202 3 is thinking
1202 1 is thinking
DBG_EAT2: id=2 meals=6
1202 2 has put down the right fork
1202 2 has put down the left fork
1202 2 is sleeping
DBG_EAT2: id=4 meals=6
1202 4 has put down the right fork
1202 4 has put down the left fork
1202 4 is sleeping
1202 3 has taken the right fork
1202 3 has taken the left fork
1202 3 is eating
DBG_EAT: id=3 time_last_meal=1202
1202 1 has taken the right fork
1202 1 has taken the left fork
1202 1 is eating
DBG_EAT: id=1 time_last_meal=1202
DBG_EAT2: id=3 meals=7
1302 3 has put down the left fork
1302 3 has put down the right fork
1302 3 is sleeping
1302 2 is thinking
DBG_EAT2: id=1 meals=7
1303 1 has put down the left fork
1303 1 has put down the right fork
1303 4 is thinking
1303 1 is sleeping
1303 2 has taken the left fork
1303 2 has taken the right fork
1303 2 is eating
DBG_EAT: id=2 time_last_meal=1303
1303 4 has taken the left fork
1303 4 has taken the right fork
1303 4 is eating
DBG_EAT: id=4 time_last_meal=1303
1403 3 is thinking
1403 1 is thinking
DBG_EAT2: id=2 meals=7
1403 2 has put down the right fork
1403 2 has put down the left fork
1403 2 is sleeping
1403 3 has taken the right fork
DBG_EAT2: id=4 meals=7
1403 4 has put down the right fork
1403 3 has taken the left fork
1403 3 is eating
DBG_EAT: id=3 time_last_meal=1403
1403 4 has put down the left fork
1403 1 has taken the right fork
1403 1 has taken the left fork
1403 1 is eating
DBG_EAT: id=1 time_last_meal=1403
1403 4 is sleeping
1503 2 is thinking
DBG_EAT2: id=3 meals=8
1503 3 has put down the left fork
1503 3 has put down the right fork
1503 3 is sleeping
1503 4 is thinking
DBG_EAT2: id=1 meals=8
1503 1 has put down the left fork
1503 1 has put down the right fork
1503 2 has taken the left fork
1503 2 has taken the right fork
1503 2 is eating
DBG_EAT: id=2 time_last_meal=1503
1503 1 is sleeping
1503 4 has taken the left fork
1503 4 has taken the right fork
1503 4 is eating
DBG_EAT: id=4 time_last_meal=1503
DBG_EAT2: id=2 meals=8
1603 2 has put down the right fork
1603 2 has put down the left fork
1603 1 is thinking
1603 3 is thinking
1603 3 has taken the right fork
1603 2 is sleeping
DBG_EAT2: id=4 meals=8
1603 4 has put down the right fork
1603 4 has put down the left fork
1603 3 has taken the left fork
1603 3 is eating
DBG_EAT: id=3 time_last_meal=1603
1603 4 is sleeping
1603 1 has taken the right fork
1603 1 has taken the left fork
1603 1 is eating
DBG_EAT: id=1 time_last_meal=1603
1703 2 is thinking
DBG_EAT2: id=3 meals=9
1703 3 has put down the left fork
1703 3 has put down the right fork
1703 4 is thinking
1703 3 is sleeping
1703 2 has taken the left fork
DBG_EAT2: id=1 meals=9
1704 1 has put down the left fork
1704 1 has put down the right fork
1704 1 is sleeping
1704 2 has taken the right fork
1704 2 is eating
DBG_EAT: id=2 time_last_meal=1704
1704 4 has taken the left fork
1704 4 has taken the right fork
1704 4 is eating
DBG_EAT: id=4 time_last_meal=1704
1804 3 is thinking
DBG_EAT2: id=2 meals=9
1804 1 is thinking
1804 2 has put down the right fork
1804 2 has put down the left fork
1804 3 has taken the right fork
1804 2 is sleeping
DBG_EAT2: id=4 meals=9
1804 4 has put down the right fork
1804 4 has put down the left fork
1804 4 is sleeping
1804 3 has taken the left fork
1804 3 is eating
DBG_EAT: id=3 time_last_meal=1804
1804 1 has taken the right fork
1804 1 has taken the left fork
1804 1 is eating
DBG_EAT: id=1 time_last_meal=1804
1904 2 is thinking
DBG_EAT2: id=3 meals=10
1904 3 has put down the left fork
1904 3 has put down the right fork
1904 3 is sleeping
1904 4 is thinking
DBG_EAT2: id=1 meals=10
1904 1 has put down the left fork
1904 1 has put down the right fork
1904 1 is sleeping
1904 2 has taken the left fork
1904 2 has taken the right fork
1904 2 is eating
DBG_EAT: id=2 time_last_meal=1904
1904 4 has taken the left fork
1904 4 has taken the right fork
1904 4 is eating
DBG_EAT: id=4 time_last_meal=1904
2004 3 is thinking
2004 1 is thinking
DBG_EAT2: id=4 meals=10
2004 4 has put down the right fork
2004 4 has put down the left fork
2004 4 is sleeping
DBG_EAT2: id=2 meals=10
2004 2 has put down the right fork
2004 1 has taken the right fork
2004 1 has taken the left fork
2004 1 is eating
DBG_EAT: id=1 time_last_meal=2004
2004 2 has put down the left fork
2004 3 has taken the right fork
2004 3 has taken the left fork
2004 3 is eating
DBG_EAT: id=3 time_last_meal=2004
2004 2 is sleeping
DBG_EAT2: id=1 meals=11
2104 1 has put down the left fork
2104 1 has put down the right fork
2104 1 is sleeping
DBG_EAT2: id=3 meals=11
2104 3 has put down the left fork
2104 3 has put down the right fork
2104 4 is thinking
2104 2 is thinking
2104 3 is sleeping
2104 4 has taken the left fork
2104 4 has taken the right fork
2104 4 is eating
DBG_EAT: id=4 time_last_meal=2104
2104 2 has taken the left fork
2104 2 has taken the right fork
2104 2 is eating
DBG_EAT: id=2 time_last_meal=2104
2204 1 is thinking
2204 3 is thinking
DBG_EAT2: id=4 meals=11
2204 4 has put down the right fork
2204 4 has put down the left fork
2204 4 is sleeping
DBG_EAT2: id=2 meals=11
2204 2 has put down the right fork
2204 2 has put down the left fork
2204 1 has taken the right fork
2204 2 is sleeping
2204 1 has taken the left fork
2204 1 is eating
DBG_EAT: id=1 time_last_meal=2204
2205 3 has taken the right fork
2205 3 has taken the left fork
2205 3 is eating
DBG_EAT: id=3 time_last_meal=2205
2304 4 is thinking
2305 2 is thinking
DBG_EAT2: id=1 meals=12
2305 1 has put down the left fork
2305 1 has put down the right fork
2305 1 is sleeping
DBG_EAT2: id=3 meals=12
2305 3 has put down the left fork
2305 3 has put down the right fork
2305 4 has taken the left fork
2305 4 has taken the right fork
2305 4 is eating
DBG_EAT: id=4 time_last_meal=2305
2305 3 is sleeping
2305 2 has taken the left fork
2305 2 has taken the right fork
2305 2 is eating
DBG_EAT: id=2 time_last_meal=2305
2405 1 is thinking
DBG_EAT2: id=4 meals=12
2405 4 has put down the right fork
2405 4 has put down the left fork
DBG_EAT2: id=2 meals=12
2405 2 has put down the right fork
2405 2 has put down the left fork
2405 2 is sleeping
2405 3 is thinking
2405 3 has taken the right fork
2405 3 has taken the left fork
2405 3 is eating
DBG_EAT: id=3 time_last_meal=2405
2405 4 is sleeping
2405 1 has taken the right fork
2405 1 has taken the left fork
2405 1 is eating
DBG_EAT: id=1 time_last_meal=2405
2505 2 is thinking
2505 4 is thinking
DBG_EAT2: id=1 meals=13
2505 1 has put down the left fork
2505 1 has put down the right fork
DBG_EAT2: id=3 meals=13
2505 3 has put down the left fork
2505 3 has put down the right fork
2505 1 is sleeping
2505 3 is sleeping
2505 2 has taken the left fork
2505 2 has taken the right fork
2505 2 is eating
DBG_EAT: id=2 time_last_meal=2505
2505 4 has taken the left fork
2505 4 has taken the right fork
2505 4 is eating
DBG_EAT: id=4 time_last_meal=2505
2605 3 is thinking
2605 1 is thinking
DBG_EAT2: id=2 meals=13
2605 2 has put down the right fork
2605 2 has put down the left fork
2605 2 is sleeping
DBG_EAT2: id=4 meals=13
2605 4 has put down the right fork
2605 4 has put down the left fork
2605 3 has taken the right fork
2605 3 has taken the left fork
2605 3 is eating
DBG_EAT: id=3 time_last_meal=2605
2605 1 has taken the right fork
2605 4 is sleeping
2605 1 has taken the left fork
2605 1 is eating
DBG_EAT: id=1 time_last_meal=2605
2705 2 is thinking
DBG_EAT2: id=3 meals=14
2705 3 has put down the left fork
2705 3 has put down the right fork
2705 3 is sleeping
2705 4 is thinking
DBG_EAT2: id=1 meals=14
2705 1 has put down the left fork
2705 1 has put down the right fork
2705 2 has taken the left fork
2705 2 has taken the right fork
2705 2 is eating
DBG_EAT: id=2 time_last_meal=2705
2705 1 is sleeping
2705 4 has taken the left fork
2705 4 has taken the right fork
2705 4 is eating
DBG_EAT: id=4 time_last_meal=2705
DBG_EAT2: id=2 meals=14
2805 2 has put down the right fork
2805 2 has put down the left fork
2805 3 is thinking
2805 3 has taken the right fork
2805 2 is sleeping
2806 1 is thinking
DBG_EAT2: id=4 meals=14
2806 4 has put down the right fork
2806 3 has taken the left fork
2806 3 is eating
DBG_EAT: id=3 time_last_meal=2806
2806 4 has put down the left fork
2806 4 is sleeping
2806 1 has taken the right fork
2806 1 has taken the left fork
2806 1 is eating
DBG_EAT: id=1 time_last_meal=2806
2906 2 is thinking
DBG_EAT2: id=3 meals=15
2906 3 has put down the left fork
2906 3 has put down the right fork
2906 3 is sleeping
2906 4 is thinking
2906 2 has taken the left fork
DBG_EAT2: id=1 meals=15
2906 1 has put down the left fork
2906 1 has put down the right fork
2906 1 is sleeping
2906 2 has taken the right fork
2906 2 is eating
DBG_EAT: id=2 time_last_meal=2906
2906 4 has taken the left fork
2906 4 has taken the right fork
2906 4 is eating
DBG_EAT: id=4 time_last_meal=2906
3006 3 is thinking
3006 1 is thinking
DBG_EAT2: id=2 meals=15
3006 2 has put down the right fork
3006 2 has put down the left fork
3006 2 is sleeping
DBG_EAT2: id=4 meals=15
3006 4 has put down the right fork
3006 4 has put down the left fork
3006 4 is sleeping
3006 3 has taken the right fork
3006 3 has taken the left fork
3006 3 is eating
DBG_EAT: id=3 time_last_meal=3006
3006 1 has taken the right fork
3006 1 has taken the left fork
3006 1 is eating
DBG_EAT: id=1 time_last_meal=3006
3106 2 is thinking
3106 4 is thinking
DBG_EAT2: id=1 meals=16
3106 1 has put down the left fork
3106 1 has put down the right fork
DBG_EAT2: id=3 meals=16
3106 3 has put down the left fork
3106 3 has put down the right fork
3106 3 is sleeping
3106 1 is sleeping
3106 2 has taken the left fork
3106 2 has taken the right fork
3106 2 is eating
DBG_EAT: id=2 time_last_meal=3106
3106 4 has taken the left fork
3106 4 has taken the right fork
3106 4 is eating
DBG_EAT: id=4 time_last_meal=3106
3206 3 is thinking
DBG_EAT2: id=2 meals=16
3206 2 has put down the right fork
3206 1 is thinking
3206 2 has put down the left fork
DBG_EAT2: id=4 meals=16
3206 4 has put down the right fork
3206 3 has taken the right fork
3206 3 has taken the left fork
3206 3 is eating
DBG_EAT: id=3 time_last_meal=3206
3206 2 is sleeping
3206 4 has put down the left fork
3206 4 is sleeping
3206 1 has taken the right fork
3206 1 has taken the left fork
3206 1 is eating
DBG_EAT: id=1 time_last_meal=3206
3306 2 is thinking
DBG_EAT2: id=1 meals=17
3307 1 has put down the left fork
3307 1 has put down the right fork
3307 1 is sleeping
3307 4 is thinking
DBG_EAT2: id=3 meals=17
3307 3 has put down the left fork
3307 3 has put down the right fork
3307 3 is sleeping
3307 2 has taken the left fork
3307 2 has taken the right fork
3307 2 is eating
DBG_EAT: id=2 time_last_meal=3307
3307 4 has taken the left fork
3307 4 has taken the right fork
3307 4 is eating
DBG_EAT: id=4 time_last_meal=3307
3407 1 is thinking
3407 3 is thinking
DBG_EAT2: id=2 meals=17
3407 2 has put down the right fork
3407 2 has put down the left fork
3407 2 is sleeping
3407 3 has taken the right fork
DBG_EAT2: id=4 meals=17
3407 4 has put down the right fork
3407 4 has put down the left fork
3407 3 has taken the left fork
3407 3 is eating
DBG_EAT: id=3 time_last_meal=3407
3407 4 is sleeping
3407 1 has taken the right fork
3407 1 has taken the left fork
3407 1 is eating
DBG_EAT: id=1 time_last_meal=3407
3507 2 is thinking
3507 4 is thinking
DBG_EAT2: id=1 meals=18
3507 1 has put down the left fork
3507 1 has put down the right fork
DBG_EAT2: id=3 meals=18
3507 3 has put down the left fork
3507 3 has put down the right fork
3507 3 is sleeping
3507 1 is sleeping
3507 2 has taken the left fork
3507 2 has taken the right fork
3507 2 is eating
DBG_EAT: id=2 time_last_meal=3507
3507 4 has taken the left fork
3507 4 has taken the right fork
3507 4 is eating
DBG_EAT: id=4 time_last_meal=3507
3607 3 is thinking
3607 1 is thinking
DBG_EAT2: id=2 meals=18
3607 2 has put down the right fork
3607 2 has put down the left fork
3607 2 is sleeping
3607 3 has taken the right fork
DBG_EAT2: id=4 meals=18
3607 4 has put down the right fork
3607 4 has put down the left fork
3607 4 is sleeping
3607 3 has taken the left fork
3607 3 is eating
DBG_EAT: id=3 time_last_meal=3607
3607 1 has taken the right fork
3607 1 has taken the left fork
3607 1 is eating
DBG_EAT: id=1 time_last_meal=3607
3707 2 is thinking
3707 4 is thinking
DBG_EAT2: id=3 meals=19
3707 3 has put down the left fork
3707 3 has put down the right fork
DBG_EAT2: id=1 meals=19
3707 1 has put down the left fork
3707 1 has put down the right fork
3707 3 is sleeping
3707 2 has taken the left fork
3707 2 has taken the right fork
3707 2 is eating
DBG_EAT: id=2 time_last_meal=3707
3707 1 is sleeping
3707 4 has taken the left fork
3707 4 has taken the right fork
3707 4 is eating
DBG_EAT: id=4 time_last_meal=3707
3808 3 is thinking
DBG_EAT2: id=2 meals=19
3808 2 has put down the right fork
DBG_EAT2: id=4 meals=19
3808 4 has put down the right fork
3808 4 has put down the left fork
3808 4 is sleeping
3808 1 is thinking
3808 2 has put down the left fork
3808 1 has taken the right fork
3808 1 has taken the left fork
3808 1 is eating
DBG_EAT: id=1 time_last_meal=3808
3808 3 has taken the right fork
3808 3 has taken the left fork
3808 3 is eating
DBG_EAT: id=3 time_last_meal=3808
3808 2 is sleeping
3908 4 is thinking
DBG_EAT2: id=1 meals=20
DBG_EAT2: id=3 meals=20
3908 3 has put down the left fork
3908 3 has put down the right fork
3908 1 has put down the left fork
3908 1 has put down the right fork
3908 1 is sleeping
3908 2 is thinking
3908 3 is sleeping
3908 4 has taken the left fork
3908 4 has taken the right fork
3908 4 is eating
DBG_EAT: id=4 time_last_meal=3908
3908 2 has taken the left fork
3908 2 has taken the right fork
3908 2 is eating
DBG_EAT: id=2 time_last_meal=3908
4008 1 is thinking
4008 3 is thinking
DBG_EAT2: id=2 meals=20
4008 2 has put down the right fork
4008 2 has put down the left fork
4008 2 is sleeping
DBG_EAT2: id=4 meals=20
4008 4 has put down the right fork
4008 4 has put down the left fork
4008 4 is sleeping
4008 3 has taken the right fork
4008 3 has taken the left fork
4008 3 is eating
DBG_EAT: id=3 time_last_meal=4008
4008 1 has taken the right fork
4008 1 has taken the left fork
4008 1 is eating
DBG_EAT: id=1 time_last_meal=4008
4108 2 is thinking
4108 4 is thinking
DBG_EAT2: id=1 meals=21
4108 1 has put down the left fork
4108 1 has put down the right fork
DBG_EAT2: id=3 meals=21
4108 3 has put down the left fork
4108 3 has put down the right fork
4108 3 is sleeping
4108 1 is sleeping
4108 4 has taken the left fork
4108 4 has taken the right fork
4108 4 is eating
DBG_EAT: id=4 time_last_meal=4108
4108 2 has taken the left fork
4108 2 has taken the right fork
4108 2 is eating
DBG_EAT: id=2 time_last_meal=4108
4208 1 is thinking
4208 3 is thinking
DBG_EAT2: id=2 meals=21
4208 2 has put