DBG_INIT: meal_mutex init for philo 1
DBG_INIT: meal_mutex init for philo 2
DBG_INIT: meal_mutex init for philo 3
DBG_INIT: meal_mutex init for philo 4
DBG_INIT: meal_mutex init for philo 5
DBG: init philo[1].time_last_meal=0
DBG: init philo[2].time_last_meal=0
DBG: init philo[3].time_last_meal=0
DBG: init philo[4].time_last_meal=0
DBG: init philo[5].time_last_meal=0
0 1 has taken the right fork
0 1 has taken the left fork
0 1 is eating
DBG_EAT: id=1 time_last_meal=0
0 3 has taken the right fork
0 3 has taken the left fork
0 3 is eating
DBG_EAT: id=3 time_last_meal=0
1 4 has taken the left fork
DBG: start_time=1758387890822
DBG_EAT2: id=1 meals=1
100 1 has put down the left fork
100 1 has put down the right fork
100 1 is sleeping
DBG_EAT2: id=3 meals=1
101 3 has put down the left fork
101 3 has put down the right fork
101 3 is sleeping
101 4 has taken the right fork
101 4 is eating
DBG_EAT: id=4 time_last_meal=101
101 2 has taken the left fork
101 2 has taken the right fork
101 2 is eating
DBG_EAT: id=2 time_last_meal=101
161 1 is thinking
161 1 has taken the right fork
161 3 is thinking
DBG_EAT2: id=4 meals=1
201 4 has put down the right fork
DBG_EAT2: id=2 meals=1
201 4 has put down the left fork
201 2 has put down the right fork
201 4 is sleeping
201 2 has put down the left fork
201 2 is sleeping
201 5 has taken the right fork
201 1 has taken the left fork
201 1 is eating
DBG_EAT: id=1 time_last_meal=201
201 3 has taken the right fork
201 3 has taken the left fork
201 3 is eating
DBG_EAT: id=3 time_last_meal=201
261 4 is thinking
262 2 is thinking
DBG_EAT2: id=1 meals=2
302 1 has put down the left fork
DBG_EAT2: id=3 meals=2
302 3 has put down the left fork
302 1 has put down the right fork
302 3 has put down the right fork
302 3 is sleeping
302 1 is sleeping
302 5 has taken the left fork
302 5 is eating
DBG_EAT: id=5 time_last_meal=302
302 2 has taken the left fork
302 2 has taken the right fork
302 2 is eating
DBG_EAT: id=2 time_last_meal=302
362 3 is thinking
362 1 is thinking
DBG_EAT2: id=5 meals=1
DBG_EAT2: id=2 meals=2
402 2 has put down the right fork
402 5 has put down the left fork
402 2 has put down the left fork
402 2 is sleeping
402 5 has put down the right fork
402 5 is sleeping
402 1 has taken the right fork
402 1 has taken the left fork
402 1 is eating
DBG_EAT: id=1 time_last_meal=402
402 4 has taken the left fork
402 4 has taken the right fork
402 4 is eating
DBG_EAT: id=4 time_last_meal=402
402 3 has taken the right fork
462 5 is thinking
462 2 is thinking
DBG_EAT2: id=1 meals=3
502 1 has put down the left fork
502 1 has put down the right fork
DBG_EAT2: id=4 meals=2
502 1 is sleeping
502 4 has put down the right fork
502 4 has put down the left fork
502 4 is sleeping
502 3 has taken the left fork
502 3 is eating
DBG_EAT: id=3 time_last_meal=502
503 5 has taken the right fork
503 5 has taken the left fork
503 5 is eating
DBG_EAT: id=5 time_last_meal=503
563 1 is thinking
563 4 is thinking
DBG_EAT2: id=5 meals=2
603 5 has put down the left fork
603 5 has put down the right fork
603 5 is sleeping
DBG_EAT2: id=3 meals=3
603 3 has put down the left fork
603 1 has taken the right fork
603 1 has taken the left fork
603 1 is eating
DBG_EAT: id=1 time_last_meal=603
603 3 has put down the right fork
603 4 has taken the left fork
603 4 has taken the right fork
603 4 is eating
DBG_EAT: id=4 time_last_meal=603
603 3 is sleeping
603 2 has taken the left fork
663 5 is thinking
663 3 is thinking
DBG_EAT2: id=1 meals=4
DBG_EAT2: id=4 meals=3
703 4 has put down the right fork
703 1 has put down the left fork
703 1 has put down the right fork
703 1 is sleeping
703 4 has put down the left fork
703 4 is sleeping
703 2 has taken the right fork
703 2 is eating
DBG_EAT: id=2 time_last_meal=703
703 5 has taken the right fork
703 5 has taken the left fork
703 5 is eating
DBG_EAT: id=5 time_last_meal=703
763 1 is thinking
764 4 is thinking
DBG_EAT2: id=5 meals=3
DBG_EAT2: id=2 meals=3
803 2 has put down the right fork
803 5 has put down the left fork
803 2 has put down the left fork
804 5 has put down the right fork
804 5 is sleeping
804 2 is sleeping
804 1 has taken the right fork
804 1 has taken the left fork
804 1 is eating
DBG_EAT: id=1 time_last_meal=804
804 4 has taken the left fork
804 4 has taken the right fork
804 4 is eating
DBG_EAT: id=4 time_last_meal=804
804 3 has taken the right fork
864 5 is thinking
864 2 is thinking
DBG_EAT2: id=1 meals=5
904 1 has put down the left fork
904 1 has put down the right fork
DBG_EAT2: id=4 meals=4
904 1 is sleeping
904 4 has put down the right fork
904 4 has put down the left fork
904 4 is sleeping
904 3 has taken the left fork
904 3 is eating
DBG_EAT: id=3 time_last_meal=904
904 5 has taken the right fork
904 5 has taken the left fork
904 5 is eating
DBG_EAT: id=5 time_last_meal=904
964 1 is thinking
965 4 is thinking
DBG_EAT2: id=5 meals=4
DBG_EAT2: id=3 meals=4
1005 3 has put down the left fork
1005 5 has put down the left fork
1005 3 has put down the right fork
1005 3 is sleeping
1005 1 has taken the right fork
1005 2 has taken the left fork
1005 2 has taken the right fork
1005 2 is eating
DBG_EAT: id=2 time_last_meal=1005
1005 5 has put down the right fork
1005 5 is sleeping
1005 4 has taken the left fork
1005 4 has taken the right fork
1005 4 is eating
DBG_EAT: id=4 time_last_meal=1005
1065 5 is thinking
1065 3 is thinking
DBG_EAT2: id=4 meals=5
1105 4 has put down the right fork
DBG_EAT2: id=2 meals=4
1105 4 has put down the left fork
1105 4 is sleeping
1105 2 has put down the right fork
1105 2 has put down the left fork
1105 5 has taken the right fork
1105 1 has taken the left fork
1105 3 has taken the right fork
1105 3 has taken the left fork
1105 3 is eating
DBG_EAT: id=3 time_last_meal=1105
1105 1 is eating
DBG_EAT: id=1 time_last_meal=1105
1105 2 is sleeping
1166 2 is thinking
1166 4 is thinking
DBG_EAT2: id=3 meals=5
1206 3 has put down the left fork
DBG_EAT2: id=1 meals=6
1206 1 has put down the left fork
1206 3 has put down the right fork
1206 1 has put down the right fork
1206 1 is sleeping
1206 3 is sleeping
1206 2 has taken the left fork
1206 2 has taken the right fork
1206 2 is eating
DBG_EAT: id=2 time_last_meal=1206
1206 5 has taken the left fork
1206 5 is eating
DBG_EAT: id=5 time_last_meal=1206
1266 3 is thinking
1266 1 is thinking
DBG_EAT2: id=2 meals=5
1306 2 has put down the right fork
DBG_EAT2: id=5 meals=5
1306 2 has put down the left fork
1306 5 has put down the left fork
1306 2 is sleeping
1306 5 has put down the right fork
1306 5 is sleeping
1306 3 has taken the right fork
1306 3 has taken the left fork
1306 3 is eating
DBG_EAT: id=3 time_last_meal=1306
1306 1 has taken the right fork
1306 1 has taken the left fork
1306 1 is eating
DBG_EAT: id=1 time_last_meal=1306
1306 4 has taken the left fork
1366 5 is thinking
1367 2 is thinking
DBG_EAT2: id=3 meals=6
DBG_EAT2: id=1 meals=7
1406 1 has put down the left fork
1406 1 has put down the right fork
1406 1 is sleeping
1406 3 has put down the left fork
1406 3 has put down the right fork
1407 3 is sleeping
1407 4 has taken the right fork
1407 4 is eating
DBG_EAT: id=4 time_last_meal=1407
1407 2 has taken the left fork
1407 2 has taken the right fork
1407 2 is eating
DBG_EAT: id=2 time_last_meal=1407
1467 3 is thinking
1467 1 is thinking
1467 1 has taken the right fork
DBG_EAT2: id=2 meals=6
DBG_EAT2: id=4 meals=6
1507 4 has put down the right fork
1507 2 has put down the right fork
1507 4 has put down the left fork
1507 2 has put down the left fork
1507 2 is sleeping
1507 4 is sleeping
1507 1 has taken the left fork
1507 1 is eating
1507 All philosophers ate enough
DBG_EAT: id=1 time_last_meal=1507
DBG_EAT2: id=1 meals=8
