DBG_INIT: meal_mutex init for philo 1
DBG_INIT: meal_mutex init for philo 2
DBG_INIT: meal_mutex init for philo 3
DBG: init philo[1].time_last_meal=0
DBG: init philo[2].time_last_meal=0
DBG: init philo[3].time_last_meal=0
0 1 has taken the right fork
0 1 has taken the left fork
0 1 is eating
DBG_EAT: id=1 time_last_meal=0
0 3 has taken the right fork
DBG: start_time=1758386256175
DBG_EAT2: id=1 meals=1
100 1 has put down the left fork
100 1 has put down the right fork
100 3 has taken the left fork
100 3 is eating
DBG_EAT: id=3 time_last_meal=100
100 1 is sleeping
200 1 is thinking
DBG_EAT2: id=3 meals=1
200 3 has put down the left fork
200 1 has taken the right fork
200 1 has taken the left fork
200 1 is eating
DBG_EAT: id=1 time_last_meal=200
200 3 has put down the right fork
200 3 is sleeping
200 2 has taken the left fork
DBG_EAT2: id=1 meals=2
300 1 has put down the left fork
300 1 has put down the right fork
300 1 is sleeping
300 3 is thinking
300 2 has taken the right fork
300 2 is eating
DBG_EAT: id=2 time_last_meal=300
401 1 is thinking
401 1 has taken the right fork
DBG_EAT2: id=2 meals=1
401 2 has put down the right fork
401 1 has taken the left fork
401 1 is eating
401 2 has put down the left fork
DBG_EAT: id=1 time_last_meal=401
401 2 is sleeping
401 3 has taken the right fork
501 2 is thinking
DBG_EAT2: id=1 meals=3
501 1 has put down the left fork
501 1 has put down the right fork
501 3 has taken the left fork
501 3 is eating
DBG_EAT: id=3 time_last_meal=501
501 1 is sleeping
DBG_EAT2: id=3 meals=2
601 3 has put down the left fork
601 1 is thinking
601 1 has taken the right fork
601 1 has taken the left fork
601 1 is eating
DBG_EAT: id=1 time_last_meal=601
601 3 has put down the right fork
601 3 is sleeping
601 2 has taken the left fork
DBG_EAT2: id=1 meals=4
701 3 is thinking
701 1 has put down the left fork
701 1 has put down the right fork
701 1 is sleeping
701 2 has taken the right fork
701 2 is eating
DBG_EAT: id=2 time_last_meal=701
801 1 is thinking
801 1 has taken the right fork
DBG_EAT2: id=2 meals=2
801 2 has put down the right fork
801 1 has taken the left fork
801 1 is eating
DBG_EAT: id=1 time_last_meal=801
801 2 has put down the left fork
801 2 is sleeping
801 All philosophers ate enough
DBG_EAT2: id=1 meals=5
