DBG_INIT: meal_mutex init for philo 1
DBG_INIT: meal_mutex init for philo 2
DBG_INIT: meal_mutex init for philo 3
DBG: init philo[1].time_last_meal=0
DBG: init philo[2].time_last_meal=0
DBG: init philo[3].time_last_meal=0
0 1 has taken the right fork
0 1 has taken the left fork
0 1 is eating
DBG_EAT: id=1 time_last_meal=0
DBG: start_time=1758386402786
0 3 has taken the right fork
DBG_EAT2: id=1 meals=1
60 1 has put down the left fork
60 1 has put down the right fork
60 3 has taken the left fork
60 3 is eating
DBG_EAT: id=3 time_last_meal=60
60 1 is sleeping
DBG_EAT2: id=3 meals=1
120 3 has put down the left fork
120 3 has put down the right fork
120 3 is sleeping
120 2 has taken the left fork
120 2 has taken the right fork
120 2 is eating
DBG_EAT: id=2 time_last_meal=120
DBG_EAT2: id=2 meals=1
181 2 has put down the right fork
181 2 has put down the left fork
181 2 is sleeping
260 1 is thinking
260 1 has taken the right fork
260 1 has taken the left fork
260 1 is eating
DBG_EAT: id=1 time_last_meal=260
DBG_EAT2: id=1 meals=2
321 1 has put down the left fork
321 1 has put down the right fork
321 1 is sleeping
321 3 is thinking
321 3 has taken the right fork
321 3 has taken the left fork
321 3 is eating
DBG_EAT: id=3 time_last_meal=321
DBG_EAT2: id=3 meals=2
381 2 is thinking
381 3 has put down the left fork
381 3 has put down the right fork
381 3 is sleeping
381 2 has taken the left fork
381 2 has taken the right fork
381 2 is eating
DBG_EAT: id=2 time_last_meal=381
DBG_EAT2: id=2 meals=2
441 2 has put down the right fork
441 2 has put down the left fork
441 2 is sleeping
521 1 is thinking
521 1 has taken the right fork
521 1 has taken the left fork
521 1 is eating
DBG_EAT: id=1 time_last_meal=521
DBG_EAT2: id=1 meals=3
581 1 has put down the left fork
581 1 has put down the right fork
581 1 is sleeping
581 3 is thinking
581 3 has taken the right fork
581 3 has taken the left fork
581 3 is eating
DBG_EAT: id=3 time_last_meal=581
DBG_EAT2: id=3 meals=3
641 3 has put down the left fork
641 3 has put down the right fork
641 3 is sleeping
641 2 is thinking
641 2 has taken the left fork
641 2 has taken the right fork
641 2 is eating
DBG_EAT: id=2 time_last_meal=641
DBG_EAT2: id=2 meals=3
701 2 has put down the right fork
701 2 has put down the left fork
701 2 is sleeping
701 All philosophers ate enough
