DBG_INIT: meal_mutex init for philo 1
DBG_INIT: meal_mutex init for philo 2
DBG_INIT: meal_mutex init for philo 3
DBG: init philo[1].time_last_meal=0
DBG: init philo[2].time_last_meal=0
DBG: init philo[3].time_last_meal=0
0 1 has taken the right fork
0 1 has taken the left fork
0 1 is eating
DBG_EAT: id=1 time_last_meal=0
1 2 has taken the left fork
DBG: start_time=1758386692469
DBG_EAT2: id=1 meals=1
201 1 has put down the left fork
201 1 has put down the right fork
201 1 is sleeping
201 2 has taken the right fork
201 2 is eating
DBG_EAT: id=2 time_last_meal=201
301 1 is thinking
301 1 has taken the right fork
DBG_EAT2: id=2 meals=1
401 2 has put down the right fork
401 2 has put down the left fork
401 2 is sleeping
401 3 has taken the right fork
401 1 has taken the left fork
401 1 is eating
DBG_EAT: id=1 time_last_meal=401
501 2 is thinking
DBG_EAT2: id=1 meals=2
601 1 has put down the left fork
601 1 has put down the right fork
601 1 is sleeping
601 3 has taken the left fork
601 3 is eating
DBG_EAT: id=3 time_last_meal=601
701 1 is thinking
DBG_EAT2: id=3 meals=1
801 3 has put down the left fork
801 3 has put down the right fork
801 3 is sleeping
801 1 has taken the right fork
801 1 has taken the left fork
801 1 is eating
DBG_EAT: id=1 time_last_meal=801
801 2 has taken the left fork
901 3 is thinking
DBG_EAT2: id=1 meals=3
1001 1 has put down the left fork
1001 1 has put down the right fork
1001 1 is sleeping
1001 2 has taken the right fork
1001 2 is eating
DBG_EAT: id=2 time_last_meal=1001
1102 1 is thinking
1102 1 has taken the right fork
DBG_EAT2: id=2 meals=2
1202 2 has put down the right fork
1202 2 has put down the left fork
1202 1 has taken the left fork
1202 1 is eating
DBG_EAT: id=1 time_last_meal=1202
1202 2 is sleeping
1202 3 has taken the right fork
1302 2 is thinking
DBG_EAT2: id=1 meals=4
1402 1 has put down the left fork
1402 1 has put down the right fork
1402 1 is sleeping
1402 3 has taken the left fork
1402 3 is eating
DBG_EAT: id=3 time_last_meal=1402
1502 1 is thinking
DBG_EAT2: id=3 meals=2
1602 3 has put down the left fork
1602 3 has put down the right fork
1602 1 has taken the right fork
1602 1 has taken the left fork
1602 3 is sleeping
1602 1 is eating
DBG_EAT: id=1 time_last_meal=1602
1602 2 has taken the left fork
1702 3 is thinking
DBG_EAT2: id=1 meals=5
1802 1 has put down the left fork
1802 1 has put down the right fork
1802 1 is sleeping
1802 2 has taken the right fork
1802 2 is eating
DBG_EAT: id=2 time_last_meal=1802
1902 1 is thinking
1902 1 has taken the right fork
DBG_EAT2: id=2 meals=3
2002 2 has put down the right fork
2002 2 has put down the left fork
2002 2 is sleeping
2002 1 has taken the left fork
2002 1 is eating
DBG_EAT: id=1 time_last_meal=2002
2002 3 has taken the right fork
2102 2 is thinking
DBG_EAT2: id=1 meals=6
2202 1 has put down the left fork
2202 1 has put down the right fork
2203 1 is sleeping
2203 3 has taken the left fork
2203 3 is eating
DBG_EAT: id=3 time_last_meal=2203
2303 1 is thinking
DBG_EAT2: id=3 meals=3
2403 3 has put down the left fork
2403 3 has put down the right fork
2403 1 has taken the right fork
2403 1 has taken the left fork
2403 1 is eating
DBG_EAT: id=1 time_last_meal=2403
2403 3 is sleeping
2403 2 has taken the left fork
2503 3 is thinking
DBG_EAT2: id=1 meals=7
2603 1 has put down the left fork
2603 1 has put down the right fork
2603 1 is sleeping
2603 2 has taken the right fork
2603 2 is eating
DBG_EAT: id=2 time_last_meal=2603
2703 1 is thinking
2703 1 has taken the right fork
DBG_EAT2: id=2 meals=4
2803 2 has put down the right fork
2803 2 has put down the left fork
2803 1 has taken the left fork
2803 1 is eating
DBG_EAT: id=1 time_last_meal=2803
2803 2 is sleeping
2803 3 has taken the right fork
2903 2 is thinking
DBG_EAT2: id=1 meals=8
3003 1 has put down the left fork
3003 1 has put down the right fork
3003 1 is sleeping
3003 3 has taken the left fork
3003 3 is eating
DBG_EAT: id=3 time_last_meal=3003
3103 1 is thinking
DBG_EAT2: id=3 meals=4
3203 3 has put down the left fork
3203 3 has put down the right fork
3203 3 is sleeping
3203 1