DBG_INIT: meal_mutex init for philo 1
DBG_INIT: meal_mutex init for philo 2
DBG: init philo[1].time_last_meal=0
DBG: init philo[2].time_last_meal=0
0 1 has taken the right fork
0 1 has taken the left fork
0 1 is eating
DBG_EAT: id=1 time_last_meal=0
DBG: start_time=1758403118390
DBG_EAT2: id=1 meals=1
101 1 has put down the left fork
101 1 has put down the right fork
101 1 is sleeping
101 2 has taken the left fork
101 2 has taken the right fork
101 2 is eating
DBG_EAT: id=2 time_last_meal=101
161 1 is thinking
DBG_EAT2: id=2 meals=1
201 2 has put down the right fork
201 2 has put down the left fork
201 2 is sleeping
201 1 has taken the right fork
201 1 has taken the left fork
201 1 is eating
DBG_EAT: id=1 time_last_meal=201
262 2 is thinking
DBG_EAT2: id=1 meals=2
302 1 has put down the left fork
302 1 has put down the right fork
302 2 has taken the left fork
302 2 has taken the right fork
302 2 is eating
DBG_EAT: id=2 time_last_meal=302
302 1 is sleeping
363 1 is thinking
DBG_EAT2: id=2 meals=2
403 2 has put down the right fork
403 2 has put down the left fork
403 2 is sleeping
403 1 has taken the right fork
403 1 has taken the left fork
403 1 is eating
DBG_EAT: id=1 time_last_meal=403
463 2 is thinking
DBG_EAT2: id=1 meals=3
503 1 has put down the left fork
503 1 has put down the right fork
503 1 is sleeping
503 2 has taken the left fork
503 2 has taken the right fork
503 2 is eating
DBG_EAT: id=2 time_last_meal=503
564 1 is thinking
DBG_EAT2: id=2 meals=3
604 2 has put down the right fork
604 2 has put down the left fork
604 2 is sleeping
604 1 has taken the right fork
604 1 has taken the left fork
604 1 is eating
DBG_EAT: id=1 time_last_meal=604
665 2 is thinking
DBG_EAT2: id=1 meals=4
705 1 has put down the left fork
705 1 has put down the right fork
705 1 is sleeping
705 2 has taken the left fork
705 2 has taken the right fork
705 2 is eating
DBG_EAT: id=2 time_last_meal=705
765 1 is thinking
DBG_EAT2: id=2 meals=4
805 2 has put down the right fork
805 2 has put down the left fork
805 2 is sleeping
806 1 has taken the right fork
806 1 has taken the left fork
806 1 is eating
DBG_EAT: id=1 time_last_meal=806
866 2 is thinking
DBG_EAT2: id=1 meals=5
906 1 has put down the left fork
906 1 has put down the right fork
906 1 is sleeping
906 2 has taken the left fork
906 2 has taken the right fork
906 2 is eating
DBG_EAT: id=2 time_last_meal=906
967 1 is thinking
DBG_EAT2: id=2 meals=5
1007 2 has put down the right fork
1007 2 has put down the left fork
1007 2 is sleeping
1007 1 has taken the right fork
1007 1 has taken the left fork
1007 1 is eating
DBG_EAT: id=1 time_last_meal=1007
1067 2 is thinking
DBG_EAT2: id=1 meals=6
1107 1 has put down the left fork
1107 1 has put down the right fork
1107 1 is sleeping
1107 2 has taken the left fork
1107 2 has taken the right fork
1107 2 is eating
DBG_EAT: id=2 time_last_meal=1107
1168 1 is thinking
DBG_EAT2: id=2 meals=6
1208 2 has put down the right fork
1208 2 has put down the left fork
1208 2 is sleeping
1208 1 has taken the right fork
1208 1 has taken the left fork
1208 1 is eating
DBG_EAT: id=1 time_last_meal=1208
1268 2 is thinking
DBG_EAT2: id=1 meals=7
1308 1 has put down the left fork
1308 1 has put down the right fork
1308 1 is sleeping
1309 2 has taken the left fork
1309 2 has taken the right fork
1309 2 is eating
DBG_EAT: id=2 time_last_meal=1309
1369 1 is thinking
DBG_EAT2: id=2 meals=7
1409 2 has put down the right fork
1409 2 has put down the left fork
1409 2 is sleeping
1409 1 has taken the right fork
1409 1 has taken the left fork
1409 1 is eating
DBG_EAT: id=1 time_last_meal=1409
1470 2 is thinking
DBG_EAT2: id=1 meals=8
1510 1 has put down the left fork
1510 1 has put down the right fork
1510 1 is sleeping
1510 2 has taken the left fork
1510 2 has taken the right fork
1510 2 is eating
DBG_EAT: id=2 time_last_meal=1510
1570 1 is thinking
DBG_EAT2: id=2 meals=8
1610 2 has put down the right fork
1610 2 has put down the left fork
1610 2 is sleeping
1610 1 has taken the right fork
1610 1 has taken the left fork
1610 1 is eating
DBG_EAT: id=1 time_last_meal=1610
1670 2 is thinking
DBG_EAT2: id=1 meals=9
1710 1 has put down the left fork
1710 1 has put down the right fork
1710 1 is sleeping
1711 2 has taken the left fork
1711 2 has taken the right fork
1711 2 is eating
DBG_EAT: id=2 time_last_meal=1711
1771 1 is thinking
DBG_EAT2: id=2 meals=9
1811 2 has put down the right fork
1811 2 has put down the left fork
1811 2 is sleeping
1811 1 has taken the right fork
1811 1 has taken the left fork
1811 1 is eating
DBG_EAT: id=1 time_last_meal=1811
1871 2 is thinking
DBG_EAT2: id=1 meals=10
1911 1 has put down the left fork
1911 1 has put down the right fork
1912 1 is sleeping
1912 2 has taken the left fork
1912 2 has taken the right fork
1912 2 is eating
DBG_EAT: id=2 time_last_meal=1912
1972 1 is thinking
DBG_EAT2: id=2 meals=10
2012 2 has put down the right fork
2012 2 has put down the left fork
2012 2 is sleeping
2012 1 has taken the right fork
2012 1 has taken the left fork
2012 1 is eating
DBG_EAT: id=1 time_last_meal=2012
2072 2 is thinking
DBG_EAT2: id=1 meals=11
2112 1 has put down the left fork
2112 1 has put down the right fork
2112 1 is sleeping
2112 2 has taken the left fork
2112 2 has taken the right fork
2112 2 is eating
DBG_EAT: id=2 time_last_meal=2112
2172 1 is thinking
DBG_EAT2: id=2 meals=11
2212 2 has put down the right fork
2212 2 has put down the left fork
2212 2 is sleeping
2212 1 has taken the right fork
2212 1 has taken the left fork
2212 1 is eating
DBG_EAT: id=1 time_last_meal=2212
2273 2 is thinking
DBG_EAT2: id=1 meals=12
2313 1 has put down the left fork
2313 1 has put down the right fork
2313 1 is sleeping
2313 2 has taken the left fork
2313 2 has taken the right fork
2313 2 is eating
DBG_EAT: id=2 time_last_meal=2313
2373 1 is thinking
DBG_EAT2: id=2 meals=12
2413 2 has put down the right fork
2413 2 has put down the left fork
2413 2 is sleeping
2413 1 has taken the right fork
2413 1 has taken the left fork
2413 1 is eating
DBG_EAT: id=1 time_last_meal=2413
2474 2 is thinking
DBG_EAT2: id=1 meals=13
2513 1 has put down the left fork
2513 1 has put down the right fork
2513 1 is sleeping
2513 2 has taken the left fork
2513 2 has taken the right fork
2513 2 is eating
DBG_EAT: id=2 time_last_meal=2513
2574 1 is thinking
DBG_EAT2: id=2 meals=13
2614 2 has put down the right fork
2614 2 has put down the left fork
2614 2 is sleeping
2614 1 has taken the right fork
2614 1 has taken the left fork
2614 1 is eating
DBG_EAT: id=1 time_last_meal=2614
2674 2 is thinking
DBG_EAT2: id=1 meals=14
2714 1 has put down the left fork
2714 1 has put down the right fork
2714 1 is sleeping
2714 2 has taken the left fork
2714 2 has taken the right fork
2714 2 is eating
DBG_EAT: id=2 time_last_meal=2714
2774 1 is thinking
DBG_EAT2: id=2 meals=14
2815 2 has put down the right fork
2815 2 has put down the left fork
2815 2 is sleeping
2815 1 has taken the right fork
2815 1 has taken the left fork
2815 1 is eating
DBG_EAT: id=1 time_last_meal=2815
2875 2 is thinking
DBG_EAT2: id=1 meals=15
2915 1 has put down the left fork
2915 1 has put down the right fork
2915 1 is sleeping
2915 2 has taken the left fork
2915 2 has taken the right fork
2915 2 is eating
DBG_EAT: id=2 time_last_meal=2915
2975 1 is thinking
DBG_EAT2: id=2 meals=15
3016 2 has put down the right fork
3016 2 has put down the left fork
3016 2 is sleeping
3016 1 has taken the right fork
3016 1 has taken the left fork
3016 1 is eating
DBG_EAT: id=1 time_last_meal=3016
3076 2 is thinking
DBG_EAT2: id=1 meals=16
3116 1 has put down the left fork
3116 1 has put down the right fork
3116 1 is sleeping
3116 2 has taken the left fork
3116 2 has taken the right fork
3116 2 is eating
DBG_EAT: id=2 time_last_meal=3116
3177 1 is thinking
DBG_EAT2: id=2 meals=16
3217 2 has put down the right fork
3217 2 has put down the left fork
3217 2 is sleeping
3217 1 has taken the right fork
3217 1 has taken the left fork
3217 1 is eating
DBG_EAT: id=1 time_last_meal=3217
3277 2 is thinking
DBG_EAT2: id=1 meals=17
3317 1 has put down the left fork
3317 1 has put down the right fork
3317 1 is sleeping
3317 2 has taken the left fork
3317 2 has taken th