DBG_INIT: meal_mutex init for philo 1
DBG_INIT: meal_mutex init for philo 2
DBG_INIT: meal_mutex init for philo 3
DBG_INIT: meal_mutex init for philo 4
DBG_INIT: meal_mutex init for philo 5
DBG: init philo[1].time_last_meal=0
DBG: init philo[2].time_last_meal=0
DBG: init philo[3].time_last_meal=0
DBG: init philo[4].time_last_meal=0
DBG: init philo[5].time_last_meal=0
0 1 has taken the right fork
0 1 has taken the left fork
0 1 is eating
DBG_EAT: id=1 time_last_meal=0
0 3 has taken the right fork
0 3 has taken the left fork
0 3 is eating
DBG_EAT: id=3 time_last_meal=0
1 5 has taken the right fork
DBG: start_time=1758387816902
DBG_EAT2: id=1 meals=1
100 1 has put down the left fork
100 1 has put down the right fork
100 1 is sleeping
DBG_EAT2: id=3 meals=1
100 3 has put down the left fork
100 5 has taken the left fork
100 5 is eating
DBG_EAT: id=5 time_last_meal=100
100 3 has put down the right fork
100 3 is sleeping
101 2 has taken the left fork
101 2 has taken the right fork
101 2 is eating
DBG_EAT: id=2 time_last_meal=101
DBG_EAT2: id=5 meals=1
201 5 has put down the left fork
201 5 has put down the right fork
DBG_EAT2: id=2 meals=1
201 2 has put down the right fork
201 2 has put down the left fork
201 2 is sleeping
201 5 is sleeping
201 4 has taken the left fork
201 4 has taken the right fork
201 4 is eating
DBG_EAT: id=4 time_last_meal=201
301 1 is thinking
301 1 has taken the right fork
301 1 has taken the left fork
301 1 is eating
DBG_EAT: id=1 time_last_meal=301
301 3 is thinking
301 3 has taken the right fork
DBG_EAT2: id=4 meals=1
301 4 has put down the right fork
301 4 has put down the left fork
301 4 is sleeping
301 3 has taken the left fork
301 3 is eating
DBG_EAT: id=3 time_last_meal=301
DBG_EAT2: id=1 meals=2
401 1 has put down the left fork
401 1 has put down the right fork
401 5 is thinking
401 1 is sleeping
401 5 has taken the right fork
401 5 has taken the left fork
401 5 is eating
DBG_EAT: id=5 time_last_meal=401
401 2 is thinking
DBG_EAT2: id=3 meals=2
401 3 has put down the left fork
401 3 has put down the right fork
401 3 is sleeping
401 2 has taken the left fork
401 2 has taken the right fork
401 2 is eating
DBG_EAT: id=2 time_last_meal=401
501 4 is thinking
DBG_EAT2: id=5 meals=2
501 5 has put down the left fork
501 5 has put down the right fork
501 5 is sleeping
501 4 has taken the left fork
501 4 has taken the right fork
501 4 is eating
DBG_EAT: id=4 time_last_meal=501
DBG_EAT2: id=2 meals=2
502 2 has put down the right fork
502 2 has put down the left fork
502 2 is sleeping
601 1 is thinking
601 1 has taken the right fork
601 1 has taken the left fork
601 1 is eating
DBG_EAT: id=1 time_last_meal=601
602 3 is thinking
602 3 has taken the right fork
DBG_EAT2: id=4 meals=2
602 4 has put down the right fork
602 4 has put down the left fork
602 4 is sleeping
602 3 has taken the left fork
602 3 is eating
DBG_EAT: id=3 time_last_meal=602
702 5 is thinking
702 5 has taken the right fork
DBG_EAT2: id=1 meals=3
702 1 has put down the left fork
702 1 has put down the right fork
702 5 has taken the left fork
702 5 is eating
DBG_EAT: id=5 time_last_meal=702
702 1 is sleeping
702 2 is thinking
DBG_EAT2: id=3 meals=3
702 3 has put down the left fork
702 3 has put down the right fork
702 2 has taken the left fork
702 2 has taken the right fork
702 2 is eating
DBG_EAT: id=2 time_last_meal=702
702 3 is sleeping
DBG_EAT2: id=5 meals=3
802 5 has put down the left fork
802 5 has put down the right fork
802 5 is sleeping
802 4 is thinking
802 4 has taken the left fork
DBG_EAT2: id=2 meals=3
802 2 has put down the right fork
802 2 has put down the left fork
802 2 is sleeping
802 4 has taken the right fork
802 4 is eating
DBG_EAT: id=4 time_last_meal=802
902 1 is thinking
902 1 has taken the right fork
902 1 has taken the left fork
902 1 is eating
DBG_EAT: id=1 time_last_meal=902
902 3 is thinking
902 3 has taken the right fork
DBG_EAT2: id=4 meals=3
902 4 has put down the right fork
902 4 has put down the left fork
902 4 is sleeping
903 3 has taken the left fork
903 3 is eating
DBG_EAT: id=3 time_last_meal=903
1002 5 is thinking
1002 5 has taken the right fork
DBG_EAT2: id=1 meals=4
1002 1 has put down the left fork
1002 1 has put down the right fork
1002 1 is sleeping
1002 2 is thinking
1002 5 has taken the left fork
1002 5 is eating
DBG_EAT: id=5 time_last_meal=1002
DBG_EAT2: id=3 meals=4
1003 3 has put down the left fork
1003 3 has put down the right fork
1003 3 is sleeping
1003 2 has taken the left fork
1003 2 has taken the right fork
1003 2 is eating
DBG_EAT: id=2 time_last_meal=1003
DBG_EAT2: id=5 meals=4
1103 5 has put down the left fork
1103 5 has put down the right fork
1103 5 is sleeping
1103 4 is thinking
1103 4 has taken the left fork
1103 4 has taken the right fork
1103 4 is eating
DBG_EAT: id=4 time_last_meal=1103
DBG_EAT2: id=2 meals=4
1103 2 has put down the right fork
1103 2 has put down the left fork
1103 2 is sleeping
1203 1 is thinking
1203 1 has taken the right fork
1203 1 has taken the left fork
1203 1 is eating
DBG_EAT: id=1 time_last_meal=1203
1203 3 is thinking
1203 3 has taken the right fork
DBG_EAT2: id=4 meals=4
1203 4 has put down the right fork
1203 4 has put down the left fork
1203 4 is sleeping
1203 3 has taken the left fork
1203 3 is eating
DBG_EAT: id=3 time_last_meal=1203
1303 5 is thinking
1303 5 has taken the right fork
DBG_EAT2: id=1 meals=5
1303 1 has put down the left fork
1303 1 has put down the right fork
1303 1 is sleeping
1303 5 has taken the left fork
1303 5 is eating
DBG_EAT: id=5 time_last_meal=1303
1303 2 is thinking
DBG_EAT2: id=3 meals=5
1303 3 has put down the left fork
1303 3 has put down the right fork
1303 3 is sleeping
1303 2 has taken the left fork
1303 2 has taken the right fork
1303 2 is eating
DBG_EAT: id=2 time_last_meal=1303
DBG_EAT2: id=5 meals=5
1403 5 has put down the left fork
1403 5 has put down the right fork
1403 4 is thinking
1403 5 is sleeping
1403 4 has taken the left fork
1403 4 has taken the right fork
1403 4 is eating
DBG_EAT: id=4 time_last_meal=1403
DBG_EAT2: id=2 meals=5
1404 2 has put down the right fork
1404 2 has put down the left fork
1404 2 is sleeping
1503 1 is thinking
1503 1 has taken the right fork
1503 1 has taken the left fork
1503 1 is eating
DBG_EAT: id=1 time_last_meal=1503
1504 3 is thinking
1504 3 has taken the right fork
DBG_EAT2: id=4 meals=5
1504 4 has put down the right fork
1504 4 has put down the left fork
1504 4 is sleeping
1504 3 has taken the left fork
1504 3 is eating
DBG_EAT: id=3 time_last_meal=1504
1504 All philosophers ate enough
DBG_EAT2: id=1 meals=6
DBG_EAT2: id=3 meals=6
