DBG_INIT: meal_mutex init for philo 1
DBG_INIT: meal_mutex init for philo 2
DBG_INIT: meal_mutex init for philo 3
DBG: init philo[1].time_last_meal=0
DBG: init philo[2].time_last_meal=0
DBG: init philo[3].time_last_meal=0
1 1 has taken the right fork
1 1 has taken the left fork
1 1 is eating
DBG_EAT: id=1 time_last_meal=1
1 3 has taken the right fork
DBG: start_time=1758386227576
DBG_EAT2: id=1 meals=1
61 1 has put down the left fork
61 1 has put down the right fork
61 3 has taken the left fork
61 3 is eating
DBG_EAT: id=3 time_last_meal=61
61 1 is sleeping
DBG_EAT2: id=3 meals=1
121 3 has put down the left fork
121 3 has put down the right fork
121 3 is sleeping
121 2 has taken the left fork
121 2 has taken the right fork
121 2 is eating
DBG_EAT: id=2 time_last_meal=121
DBG_EAT2: id=2 meals=1
181 2 has put down the right fork
181 2 has put down the left fork
181 2 is sleeping
261 1 is thinking
261 1 has taken the right fork
261 1 has taken the left fork
261 1 is eating
DBG_EAT: id=1 time_last_meal=261
DBG_EAT2: id=1 meals=2
321 1 has put down the left fork
321 1 has put down the right fork
321 1 is sleeping
321 3 is thinking
321 3 has taken the right fork
321 3 has taken the left fork
321 3 is eating
DBG_EAT: id=3 time_last_meal=321
DBG_EAT2: id=3 meals=2
381 3 has put down the left fork
381 3 has put down the right fork
381 2 is thinking
381 3 is sleeping
381 2 has taken the left fork
381 2 has taken the right fork
381 2 is eating
DBG_EAT: id=2 time_last_meal=381
DBG_EAT2: id=2 meals=2
441 2 has put down the right fork
441 2 has put down the left fork
441 2 is sleeping
521 1 is thinking
521 1 has taken the right fork
521 1 has taken the left fork
521 1 is eating
DBG_EAT: id=1 time_last_meal=521
DBG_EAT2: id=1 meals=3
581 1 has put down the left fork
581 1 has put down the right fork
581 1 is sleeping
581 3 is thinking
581 3 has taken the right fork
581 3 has taken the left fork
581 3 is eating
DBG_EAT: id=3 time_last_meal=581
DBG_EAT2: id=3 meals=3
641 3 has put down the left fork
641 3 has put down the right fork
641 3 is sleeping
642 2 is thinking
642 2 has taken the left fork
642 2 has taken the right fork
642 2 is eating
DBG_EAT: id=2 time_last_meal=642
DBG_EAT2: id=2 meals=3
702 2 has put down the right fork
702 2 has put down the left fork
702 2 is sleeping
781 1 is thinking
781 1 has taken the right fork
781 1 has taken the left fork
781 1 is eating
DBG_EAT: id=1 time_last_meal=781
DBG_EAT2: id=1 meals=4
841 1 has put down the left fork
841 1 has put down the right fork
841 1 is sleeping
841 3 is thinking
841 3 has taken the right fork
841 3 has taken the left fork
841 3 is eating
DBG_EAT: id=3 time_last_meal=841
DBG_EAT2: id=3 meals=4
902 3 has put down the left fork
902 3 has put down the right fork
902 3 is sleeping
902 2 is thinking
902 2 has taken the left fork
902 2 has taken the right fork
902 2 is eating
DBG_EAT: id=2 time_last_meal=902
DBG_EAT2: id=2 meals=4
962 2 has put down the right fork
962 2 has put down the left fork
962 2 is sleeping
1041 1 is thinking
1041 1 has taken the right fork
1041 1 has taken the left fork
1041 1 is eating
DBG_EAT: id=1 time_last_meal=1041
DBG_EAT2: id=1 meals=5
1101 1 has put down the left fork
1101 1 has put down the right fork
1101 1 is sleeping
1102 3 is thinking
1102 3 has taken the right fork
1102 3 has taken the left fork
1102 3 is eating
DBG_EAT: id=3 time_last_meal=1102
DBG_EAT2: id=3 meals=5
1162 3 has put down the left fork
1162 3 has put down the right fork
1162 3 is sleeping
1162 2 is thinking
1162 2 has taken the left fork
1162 2 has taken the right fork
1162 2 is eating
DBG_EAT: id=2 time_last_meal=1162
DBG_EAT2: id=2 meals=5
1222 2 has put down the right fork
1222 2 has put down the left fork
1222 2 is sleeping
1302 1 is thinking
1302 1 has taken the right fork
1302 1 has taken the left fork
1302 1 is eating
DBG_EAT: id=1 time_last_meal=1302
DBG_EAT2: id=1 meals=6
1362 1 has put down the left fork
1362 1 has put down the right fork
1362 1 is sleeping
1362 3 is thinking
1362 3 has taken the right fork
1362 3 has taken the left fork
1362 3 is eating
DBG_EAT: id=3 time_last_meal=1362
DBG_EAT2: id=3 meals=6
1422 3 has put down the left fork
1422 3 has put down the right fork
1422 3 is sleeping
1422 2 is thinking
1423 2 has taken the left fork
1423 2 has taken the right fork
1423 2 is eating
DBG_EAT: id=2 time_last_meal=1423
DBG_EAT2: id=2 meals=6
1483 2 has put down the right fork
1483 2 has put down the left fork
1483 2 is sleeping
1562 1 is thinking
1562 1 has taken the right fork
1562 1 has taken the left fork
1562 1 is eating
DBG_EAT: id=1 time_last_meal=1562
DBG_EAT2: id=1 meals=7
1622 1 has put down the left fork
1622 1 has put down the right fork
1622 1 is sleeping
1622 3 is thinking
1622 3 has taken the right fork
1622 3 has taken the left fork
1622 3 is eating
DBG_EAT: id=3 time_last_meal=1622
DBG_EAT2: id=3 meals=7
1682 3 has put down the left fork
1682 3 has put down the right fork
1682 3 is sleeping
1683 2 is thinking
1683 2 has taken the left fork
1683 2 has taken the right fork
1683 2 is eating
DBG_EAT: id=2 time_last_meal=1683
DBG_EAT2: id=2 meals=7
1743 2 has put down the right fork
1743 2 has put down the left fork
1743 2 is sleeping
1822 1 is thinking
1822 1 has taken the right fork
1822 1 has taken the left fork
1822 1 is eating
DBG_EAT: id=1 time_last_meal=1822
DBG_EAT2: id=1 meals=8
1882 1 has put down the left fork
1882 1 has put down the right fork
1882 1 is sleeping
1882 3 is thinking
1882 3 has taken the right fork
1882 3 has taken the left fork
1882 3 is eating
DBG_EAT: id=3 time_last_meal=1882
DBG_EAT2: id=3 meals=8
1942 3 has put down the left fork
1942 3 has put down the right fork
1942 3 is sleeping
1943 2 is thinking
1943 2 has taken the left fork
1943 2 has taken the right fork
1943 2 is eating
DBG_EAT: id=2 time_last_meal=1943
DBG_EAT2: id=2 meals=8
2003 2 has put down the right fork
2003 2 has put down the left fork
2003 2 is sleeping
2082 1 is thinking
2082 1 has taken the right fork
2082 1 has taken the left fork
2082 1 is eating
DBG_EAT: id=1 time_last_meal=2082
DBG_EAT2: id=1 meals=9
4095 1 has put down the left fork
4095 1 has put down the right fork
4095 1 is sleeping
4095 1 has died (last meal at 2082)
