DBG_INIT: meal_mutex init for philo 1
DBG_INIT: meal_mutex init for philo 2
DBG_INIT: meal_mutex init for philo 3
DBG: init philo[1].time_last_meal=0
DBG: init philo[2].time_last_meal=0
DBG: init philo[3].time_last_meal=0
0 1 has taken the right fork
0 1 has taken the left fork
0 1 is eating
DBG_EAT: id=1 time_last_meal=0
1 2 has taken the left fork
DBG: start_time=1758386478601
DBG_EAT2: id=1 meals=1
61 1 has put down the left fork
61 1 has put down the right fork
61 1 is sleeping
61 2 has taken the right fork
61 2 is eating
DBG_EAT: id=2 time_last_meal=61
DBG_EAT2: id=2 meals=1
121 2 has put down the right fork
121 2 has put down the left fork
121 2 is sleeping
121 3 has taken the right fork
121 3 has taken the left fork
121 3 is eating
DBG_EAT: id=3 time_last_meal=121
DBG_EAT2: id=3 meals=1
181 3 has put down the left fork
181 3 has put down the right fork
181 3 is sleeping
261 1 is thinking
261 1 has taken the right fork
261 1 has taken the left fork
261 1 is eating
DBG_EAT: id=1 time_last_meal=261
DBG_EAT2: id=1 meals=2
321 1 has put down the left fork
321 1 has put down the right fork
321 1 is sleeping
321 2 is thinking
321 2 has taken the left fork
321 2 has taken the right fork
321 2 is eating
DBG_EAT: id=2 time_last_meal=321
381 3 is thinking
DBG_EAT2: id=2 meals=2
381 2 has put down the right fork
381 2 has put down the left fork
381 2 is sleeping
381 3 has taken the right fork
381 3 has taken the left fork
381 3 is eating
DBG_EAT: id=3 time_last_meal=381
DBG_EAT2: id=3 meals=2
441 3 has put down the left fork
441 3 has put down the right fork
441 3 is sleeping
521 1 is thinking
521 1 has taken the right fork
521 1 has taken the left fork
521 1 is eating
DBG_EAT: id=1 time_last_meal=521
DBG_EAT2: id=1 meals=3
581 1 has put down the left fork
581 1 has put down the right fork
581 1 is sleeping
581 2 is thinking
581 2 has taken the left fork
581 2 has taken the right fork
581 2 is eating
DBG_EAT: id=2 time_last_meal=581
641 3 is thinking
DBG_EAT2: id=2 meals=3
642 2 has put down the right fork
642 2 has put down the left fork
642 3 has taken the right fork
642 3 has taken the left fork
642 3 is eating
DBG_EAT: id=3 time_last_meal=642
642 2 is sleeping
DBG_EAT2: id=3 meals=3
702 3 has put down the left fork
702 3 has put down the right fork
702 3 is sleeping
781 1 is thinking
781 1 has taken the right fork
781 1 has taken the left fork
781 1 is eating
DBG_EAT: id=1 time_last_meal=781
DBG_EAT2: id=1 meals=4
841 1 has put down the left fork
841 1 has put down the right fork
841 1 is sleeping
842 2 is thinking
842 2 has taken the left fork
842 2 has taken the right fork
842 2 is eating
DBG_EAT: id=2 time_last_meal=842
902 3 is thinking
DBG_EAT2: id=2 meals=4
902 2 has put down the right fork
902 2 has put down the left fork
902 3 has taken the right fork
902 3 has taken the left fork
902 3 is eating
DBG_EAT: id=3 time_last_meal=902
902 2 is sleeping
DBG_EAT2: id=3 meals=4
962 3 has put down the left fork
962 3 has put down the right fork
962 3 is sleeping
1041 1 is thinking
1041 1 has taken the right fork
1041 1 has taken the left fork
1041 1 is eating
DBG_EAT: id=1 time_last_meal=1041
DBG_EAT2: id=1 meals=5
1101 1 has put down the left fork
1101 1 has put down the right fork
1101 1 is sleeping
1102 2 is thinking
1102 2 has taken the left fork
1102 2 has taken the right fork
1102 2 is eating
DBG_EAT: id=2 time_last_meal=1102
1162 3 is thinking
DBG_EAT2: id=2 meals=5
1162 2 has put down the right fork
1162 2 has put down the left fork
1162 2 is sleeping
1162 3 has taken the right fork
1162 3 has taken the left fork
1162 3 is eating
DBG_EAT: id=3 time_last_meal=1162
DBG_EAT2: id=3 meals=5
1222 3 has put down the left fork
1222 3 has put down the right fork
1222 3 is sleeping
1301 1 is thinking
1301 1 has taken the right fork
1301 1 has taken the left fork
1301 1 is eating
DBG_EAT: id=1 time_last_meal=1301
DBG_EAT2: id=1 meals=6
1361 1 has put down the left fork
1361 1 has put down the right fork
1362 1 is sleeping
1362 2 is thinking
1362 2 has taken the left fork
1362 2 has taken the right fork
1362 2 is eating
DBG_EAT: id=2 time_last_meal=1362
1422 3 is thinking
DBG_EAT2: id=2 meals=6
1423 2 has put down the right fork
1423 2 has put down the left fork
1423 3 has taken the right fork
1423 3 has taken the left fork
1423 3 is eating
DBG_EAT: id=3 time_last_meal=1423
1423 2 is sleeping
DBG_EAT2: id=3 meals=6
1483 3 has put down the left fork
1483 3 has put down the right fork
1483 3 is sleeping
1562 1 is thinking
1562 1 has taken the right fork
1562 1 has taken the left fork
1562 1 is eating
DBG_EAT: id=1 time_last_meal=1562
DBG_EAT2: id=1 meals=7
1622 1 has put down the left fork
1622 1 has put down the right fork
1622 1 is sleeping
1623 2 is thinking
1623 2 has taken the left fork
1623 2 has taken the right fork
1623 2 is eating
DBG_EAT: id=2 time_last_meal=1623
1683 3 is thinking
DBG_EAT2: id=2 meals=7
1683 2 has put down the right fork
1683 2 has put down the left fork
1683 2 is sleeping
1683 3 has taken the right fork
1683 3 has taken the left fork
1683 3 is eating
DBG_EAT: id=3 time_last_meal=1683
DBG_EAT2: id=3 meals=7
1743 3 has put down the left fork
1743 3 has put down the right fork
1743 3 is sleeping
1822 1 is thinking
1822 1 has taken the right fork
1822 1 has taken the left fork
1822 1 is eating
DBG_EAT: id=1 time_last_meal=1822
DBG_EAT2: id=1 meals=8
1882 1 has put down the left fork
1882 1 has put down the right fork
1882 1 is sleeping
1883 2 is thinking
1883 2 has taken the left fork
1883 2 has taken the right fork
1883 2 is eating
DBG_EAT: id=2 time_last_meal=1883
1943 3 is thinking
DBG_EAT2: id=2 meals=8
1943 2 has put down the right fork
1943 2 has put down the left fork
1943 2 is sleeping
1943 3 has taken the right fork
1943 3 has taken the left fork
1943 3 is eating
DBG_EAT: id=3 time_last_meal=1943
DBG_EAT2: id=3 meals=8
2003 3 has put down the left fork
2003 3 has put down the right fork
2004 3 is sleeping
2082 1 is thinking
2082 1 has taken the right fork
2082 1 has taken the left fork
2082 1 is eating
DBG_EAT: id=1 time_last_meal=2082
DBG_EAT2: id=1 meals=9
2142 1 has put down the left fork
2142 1 has put down the right fork
2142 1 is sleeping
2143 2 is thinking
2144 2 has taken the left fork
2144 2 has taken the right fork
2144 2 is eating
DBG_EAT: id=2 time_last_meal=2144
2204 3 is thinking
DBG_EAT2: id=2 meals=9
2204 2 has put down the right fork
2204 2 has put down the left fork
2204 2 is sleeping
2204 3 has taken the right fork
2204 3 has taken the left fork
2204 3 is eating
DBG_EAT: id=3 time_last_meal=2204
DBG_EAT2: id=3 meals=9
2264 3 has put down the left fork
2264 3 has put down the right fork
2264 3 is sleeping
2342 1 is thinking
2342 1 has taken the right fork
2342 1 has taken the left fork
2342 1 is eating
DBG_EAT: id=1 time_last_meal=2342
DBG_EAT2: id=1 meals=10
2402 1 has put down the left fork
2402 1 has put down the right fork
2402 1 is sleeping
2404 2 is thinking
2404 2 has taken the left fork
2404 2 has taken the right fork
2404 2 is eating
DBG_EAT: id=2 time_last_meal=2404
2464 3 is thinking
DBG_EAT2: id=2 meals=10
2464 2 has put down the right fork
2464 2 has put down the left fork
2464 3 has taken the right fork
2464 3 has taken the left fork
2464 3 is eating
DBG_EAT: id=3 time_last_meal=2464
2464 2 is sleeping
DBG_EAT2: id=3 meals=10
2524 3 has put down the left fork
2524 3 has put down the right fork
2524 3 is sleeping
2602 1 is thinking
2602 1 has taken the right fork
2602 1 has taken the left fork
2602 1 is eating
DBG_EAT: id=1 time_last_meal=2602
DBG_EAT2: id=1 meals=11
2662 1 has put down the left fork
2662 1 has put down the right fork
2662 1 is sleeping
2664 2 is thinking
2664 2 has taken the left fork
2664 2 has taken the right fork
2664 2 is eating
DBG_EAT: id=2 time_last_meal=2664
2724 3 is thinking
DBG_EAT2: id=2 meals=11
2724 2 has put down the right fork
2724 2 has put down the left fork
2724 2 is sleeping
2724 3 has taken the right fork
2724 3 has taken the left fork
2724 3 is eating
DBG_EAT: id=3 time_last_meal=2724
DBG_EAT2: id=3 meals=11
2785 3 has put down the left fork
2785 3 has put down the right fork
2785 3 is sleeping
2862 1 is thinking
2862 1 has taken the right fork
2863 1 has taken the left fork
2863 1 is eating
DBG_EAT: id=1 time_last_meal=2863
2925 2 is thinking
DBG_EAT2: id=1 meals=12
2925 1 has put down the left fork
2925 1 has put down the right fork
2925 1 is sleeping
2925 2 has taken the left fork
2925 2 has taken the right fork
2925 2 is eating
DBG_EAT: id=2 time_last_meal=2925
2985 3 is thinking
DBG_EAT2: id=2 meals=12
2985 2 has put down the right fork
2985 3 has taken the right fork
2985 3 has taken the left fork
2985 3 is eating
DBG_EAT: id=3 time_last_meal=2985
2985 2 has put down the left fork
2985 2 is sleeping
DBG_EAT2: id=3 meals=12
3045 3 has put down the left fork
3045 3 has put down the right fork
3045 3 is sleeping
3125 1 is thinking
3125 1 has taken the right fork
3125 1 has taken the left fork
3125 1 is eating
DBG_EAT: id=1 time_last_meal=3125
DBG_EAT2: id=1 meals=13
3185 1 has put down the left fork
3185 1 has put down the right fork
3185 1 is sleeping
3185 2 is thinking
3185 2 has taken the left fork
3185 2 has taken the right fork
3185 2 is eating
DBG_EAT: id=2 time_last_meal=3185
3245 3 is thinking
DBG_EAT2: id=2 meals=13
3245 2 has put down the right fork
3245 2 has put down the left fork
3245 2 is sleeping
3245 3 has taken the right fork
3245 3 has taken the left fork
3245 3 is eating
DBG_EAT: id=3 time_last_meal=3245
DBG_EAT2: id=3 meals=13
3305 3 has put down the left fork
3305 3 has put down the right fork
3305 3 is sleeping
3385 1 is thinking
3385 1 has taken the right fork
3385 1 has taken the left fork
3385 1 is eating
DBG_EAT: id=1 time_last_meal=3385
DBG_EAT2: id=1 meals=14
3445 1 has put down the left fork
3445 1 has put down the right fork
3445 1 is sleeping
3445 2 is thinking
3445 2 has taken the left fork
3445 2 has taken the right fork
3445 2 is eating
DBG_EAT: id=2 time_last_meal=3445
3505 3 is thinking
DBG_EAT2: id=2 meals=14
3506 2 has put down the right fork
3506 2 has put down the left fork
3506 2 is sleeping
3506 3 has taken the right fork
3506 3 has taken the left fork
3506 3 is eating
DBG_EAT: id=3 time_last_meal=3506
DBG_EAT2: id=3 meals=14
3566 3 has put down the left fork
3566 3 has put down the right fork
3566 3 is sleeping
3645 1 is thinking
3645 1 has taken the right fork
3645 1 has taken the left fork
3645 1 is eating
DBG_EAT: id=1 time_last_meal=3645
DBG_EAT2: id=1 meals=15
3705 1 has put down the left fork
3705 1 has put down the right fork
3705 1 is sleeping
3706 2 is thinking
3706 2 has taken the left fork
3706 2 has taken the right fork
3706 2 is eating
DBG_EAT: id=2 time_last_meal=3706
3766 3 is thinking
DBG_EAT2: id=2 meals=15
3766 2 has put down the right fork
3766 2 has put down the left fork
3766 2 is sleeping
3766 3 has taken the right fork
3766 3 has taken the left fork
3766 3 is eating
DBG_EAT: id=3 time_last_meal=3766
DBG_EAT2: id=3 meals=15
3826 3 has put down the left fork
3826 3 has put down the right fork
3826 3 is sleeping
3905 1 is thinking
3905 1 has taken the right fork
3905 1 has taken the left fork
3905 1 is eating
DBG_EAT: id=1 time_last_meal=3905
DBG_EAT2: id=1 meals=16
3965 1 has put down the left fork
3965 1 has put down the right fork
3965 1 is sleeping
3966 2 is thinking
3966 2 has taken the left fork
3966 2 has taken the right fork
3966 2 is eating
DBG_EAT: id=2 time_last_meal=3966
4026 3 is thinking
DBG_EAT2: id=2 meals=16
4026 2 has put down the right fork
4026 2 has put down the left fork
4026 2 is sleeping
4026 3 has taken the right fork
4026 3 has taken the left fork
4026 3 is eating
DBG_EAT: id=3 time_last_meal=4026
DBG_EAT2: id=3 meals=16
4086 3 has put down the left fork
4086 3 has put down the right fork
4086 3 is sleeping
4165 1 is thinking
4165 1 has taken the right fork
4165 1 has taken the left fork
4165 1 is eating
DBG_EAT: id=1 time_last_meal=4165
DBG_EAT2: id=1 meals=17
4226 1 has put down the left fork
4226 1 has put down the right fork
4226 1 is sleeping
4226 2 is thinking
4227 2 has taken the left fork
4227 2 has taken the right fork
4227 2 is eating
DBG_EAT: id=2 time_last_meal=4227
4287 3 is thinking
DBG_EAT2: id=2 meals=17
4287 2 has put down the right fork
4287 2 has pu