DBG_INIT: meal_mutex init for philo 1
DBG_INIT: meal_mutex init for philo 2
DBG_INIT: meal_mutex init for philo 3
DBG_INIT: meal_mutex init for philo 4
DBG_INIT: meal_mutex init for philo 5
DBG: init philo[1].time_last_meal=0
DBG: init philo[2].time_last_meal=0
DBG: init philo[3].time_last_meal=0
DBG: init philo[4].time_last_meal=0
DBG: init philo[5].time_last_meal=0
0 1 has taken the right fork
0 1 has taken the left fork
0 1 is eating
DBG_EAT: id=1 time_last_meal=0
0 3 has taken the right fork
0 3 has taken the left fork
0 3 is eating
DBG_EAT: id=3 time_last_meal=0
DBG: start_time=1758387788203
0 5 has taken the right fork
DBG_EAT2: id=1 meals=1
100 1 has put down the left fork
100 1 has put down the right fork
DBG_EAT2: id=3 meals=1
100 3 has put down the left fork
100 1 is sleeping
101 3 has put down the right fork
101 3 is sleeping
101 5 has taken the left fork
101 5 is eating
DBG_EAT: id=5 time_last_meal=101
101 2 has taken the left fork
101 2 has taken the right fork
101 2 is eating
DBG_EAT: id=2 time_last_meal=101
161 1 is thinking
161 3 is thinking
DBG_EAT2: id=2 meals=1
201 2 has put down the right fork
DBG_EAT2: id=5 meals=1
201 2 has put down the left fork
201 2 is sleeping
201 5 has put down the left fork
201 5 has put down the right fork
201 3 has taken the right fork
201 3 has taken the left fork
201 3 is eating
DBG_EAT: id=3 time_last_meal=201
201 1 has taken the right fork
201 1 has taken the left fork
201 1 is eating
DBG_EAT: id=1 time_last_meal=201
201 5 is sleeping
201 4 has taken the left fork
261 2 is thinking
261 5 is thinking
DBG_EAT2: id=1 meals=2
301 1 has put down the left fork
301 1 has put down the right fork
DBG_EAT2: id=3 meals=2
301 1 is sleeping
301 3 has put down the left fork
301 3 has put down the right fork
301 3 is sleeping
301 4 has taken the right fork
301 4 is eating
DBG_EAT: id=4 time_last_meal=301
301 2 has taken the left fork
301 2 has taken the right fork
301 2 is eating
DBG_EAT: id=2 time_last_meal=301
361 3 is thinking
362 1 is thinking
362 1 has taken the right fork
DBG_EAT2: id=4 meals=1
402 4 has put down the right fork
DBG_EAT2: id=2 meals=2
402 4 has put down the left fork
402 4 is sleeping
402 2 has put down the right fork
402 2 has put down the left fork
402 5 has taken the right fork
402 1 has taken the left fork
402 1 is eating
DBG_EAT: id=1 time_last_meal=402
402 3 has taken the right fork
402 3 has taken the left fork
402 3 is eating
DBG_EAT: id=3 time_last_meal=402
402 2 is sleeping
462 4 is thinking
462 2 is thinking
DBG_EAT2: id=1 meals=3
502 1 has put down the left fork
DBG_EAT2: id=3 meals=3
502 3 has put down the left fork
502 1 has put down the right fork
502 1 is sleeping
502 3 has put down the right fork
502 3 is sleeping
502 5 has taken the left fork
502 5 is eating
DBG_EAT: id=5 time_last_meal=502
502 2 has taken the left fork
502 2 has taken the right fork
502 2 is eating
DBG_EAT: id=2 time_last_meal=502
562 1 is thinking
562 3 is thinking
DBG_EAT2: id=5 meals=2
DBG_EAT2: id=2 meals=3
602 2 has put down the right fork
602 5 has put down the left fork
602 2 has put down the left fork
602 2 is sleeping
602 5 has put down the right fork
602 1 has taken the right fork
602 1 has taken the left fork
602 1 is eating
DBG_EAT: id=1 time_last_meal=602
602 3 has taken the right fork
603 3 has taken the left fork
603 5 is sleeping
603 4 has taken the left fork
603 3 is eating
DBG_EAT: id=3 time_last_meal=603
663 2 is thinking
663 5 is thinking
DBG_EAT2: id=3 meals=4
DBG_EAT2: id=1 meals=4
703 1 has put down the left fork
703 1 has put down the right fork
703 3 has put down the left fork
703 1 is sleeping
703 3 has put down the right fork
703 3 is sleeping
703 4 has taken the right fork
703 4 is eating
DBG_EAT: id=4 time_last_meal=703
703 2 has taken the left fork
703 2 has taken the right fork
703 2 is eating
DBG_EAT: id=2 time_last_meal=703
763 1 is thinking
763 1 has taken the right fork
763 3 is thinking
DBG_EAT2: id=4 meals=2
803 4 has put down the right fork
DBG_EAT2: id=2 meals=4
803 4 has put down the left fork
803 2 has put down the right fork
803 4 is sleeping
803 2 has put down the left fork
804 2 is sleeping
804 5 has taken the right fork
804 1 has taken the left fork
804 1 is eating
DBG_EAT: id=1 time_last_meal=804
804 3 has taken the right fork
804 3 has taken the left fork
804 3 is eating
DBG_EAT: id=3 time_last_meal=804
864 4 is thinking
864 2 is thinking
DBG_EAT2: id=1 meals=5
904 1 has put down the left fork
DBG_EAT2: id=3 meals=5
904 3 has put down the left fork
904 1 has put down the right fork
904 3 has put down the right fork
904 3 is sleeping
904 1 is sleeping
904 5 has taken the left fork
904 5 is eating
DBG_EAT: id=5 time_last_meal=904
905 2 has taken the left fork
905 2 has taken the right fork
905 2 is eating
DBG_EAT: id=2 time_last_meal=905
965 3 is thinking
965 1 is thinking
DBG_EAT2: id=5 meals=3
DBG_EAT2: id=2 meals=5
1005 2 has put down the right fork
1005 5 has put down the left fork
1005 2 has put down the left fork
1005 2 is sleeping
1005 5 has put down the right fork
1005 1 has taken the right fork
1005 1 has taken the left fork
1005 5 is sleeping
1005 1 is eating
DBG_EAT: id=1 time_last_meal=1005
1005 4 has taken the left fork
1005 4 has taken the right fork
1005 4 is eating
DBG_EAT: id=4 time_last_meal=1005
1005 3 has taken the right fork
1065 5 is thinking
1065 2 is thinking
DBG_EAT2: id=1 meals=6
1105 1 has put down the left fork
1105 1 has put down the right fork
DBG_EAT2: id=4 meals=3
1105 1 is sleeping
1105 4 has put down the right fork
1105 4 has put down the left fork
1105 4 is sleeping
1105 3 has taken the left fork
1105 3 is eating
DBG_EAT: id=3 time_last_meal=1105
1105 5 has taken the right fork
1105 5 has taken the left fork
1105 5 is eating
DBG_EAT: id=5 time_last_meal=1105
1166 1 is thinking
1166 4 is thinking
DBG_EAT2: id=5 meals=4
DBG_EAT2: id=3 meals=6
1206 3 has put down the left fork
1206 5 has put down the left fork
1206 3 has put down the right fork
1206 5 has put down the right fork
1206 5 is sleeping
1206 3 is sleeping
1206 1 has taken the right fork
1206 1 has taken the left fork
1206 1 is eating
DBG_EAT: id=1 time_last_meal=1206
1206 4 has taken the left fork
1206 4 has taken the right fork
1206 4 is eating
DBG_EAT: id=4 time_last_meal=1206
1206 2 has taken the left fork
1266 5 is thinking
1266 3 is thinking
DBG_EAT2: id=4 meals=4
1306 4 has put down the right fork
DBG_EAT2: id=1 meals=7
1306 4 has put down the left fork
1306 4 is sleeping
1306 1 has put down the left fork
1306 1 has put down the right fork
1306 1 is sleeping
1306 5 has taken the right fork
1306 5 has taken the left fork
1306 5 is eating
DBG_EAT: id=5 time_last_meal=1306
1306 2 has taken the right fork
1306 2 is eating
DBG_EAT: id=2 time_last_meal=1306
1366 4 is thinking
1366 1 is thinking
DBG_EAT2: id=2 meals=6
1406 2 has put down the right fork
DBG_EAT2: id=5 meals=5
1406 2 has put down the left fork
1406 5 has put down the left fork
1406 2 is sleeping
1406 5 has put down the right fork
1406 5 is sleeping
1406 3 has taken the right fork
1406 3 has taken the left fork
1406 3 is eating
DBG_EAT: id=3 time_last_meal=1406
1406 1 has taken the right fork
1406 1 has taken the left fork
1406 1 is eating
DBG_EAT: id=1 time_last_meal=1406
1406 4 has taken the left fork
1467 2 is thinking
1467 5 is thinking
DBG_EAT2: id=1 meals=8
1507 1 has put down the left fork
1507 1 has put down the right fork
1507 1 is sleeping
DBG_EAT2: id=3 meals=7
1507 3 has put down the left fork
1507 3 has put down the right fork
1507 3 is sleeping
1507 4 has taken the right fork
1507 4 is eating
DBG_EAT: id=4 time_last_meal=1507
1507 2 has taken the left fork
1507 2 has taken the right fork
1507 2 is eating
DBG_EAT: id=2 time_last_meal=1507
1567 3 is thinking
1567 1 is thinking
1567 1 has taken the right fork
DBG_EAT2: id=4 meals=5
1607 4 has put down the right fork
DBG_EAT2: id=2 meals=7
1607 4 has put down the left fork
1607 2 has put down the right fork
1607 4 is sleeping
1607 2 has put down the left fork
1607 2 is sleeping
1607 5 has taken the right fork
1607 1 has taken the left fork
1607 1 is eating
DBG_EAT: id=1 time_last_meal=1607
1607 3 has taken the right fork
1607 3 has taken the left fork
1607 3 is eating
DBG_EAT: id=3 time_last_meal=1607
1667 2 is thinking
1667 4 is thinking
DBG_EAT2: id=1 meals=9
1707 1 has put down the left fork
1707 1 has put down the right fork
DBG_EAT2: id=3 meals=8
1707 3 has put down the left fork
1707 1 is sleeping
1707 3 has put down the right fork
1707 3 is sleeping
1707 5 has taken the left fork
1707 5 is eating
DBG_EAT: id=5 time_last_meal=1707
1708 2 has taken the left fork
1708 2 has taken the right fork
1708 2 is eating
DBG_EAT: id=2 time_last_meal=1708
1768 1 is thinking
1768 3 is thinking
DBG_EAT2: id=5 meals=6
DBG_EAT2: id=2 meals=8
1808 2 has put down the right fork
1808 2 has put down the left fork
1808 5 has put down the left fork
1808 1 has taken the right fork
1808 1 has taken the left fork
1808 2 is sleeping
1808 3 has taken the right fork
1808 3 has taken the left fork
1808 3 is eating
1808 1 is eating
DBG_EAT: id=1 time_last_meal=1808
1808 4 has taken the left fork
DBG_EAT: id=3 time_last_meal=1808
1808 5 has put down the right fork
1808 5 is sleeping
1868 2 is thinking
1868 5 is thinking
DBG_EAT2: id=1 meals=10
1908 1 has put down the left fork
1908 1 has put down the right fork
1908 1 is sleeping
DBG_EAT2: id=3 meals=9
1908 3 has put down the left fork
1908 3 has put down the right fork
1908 3 is sleeping
1908 4 has taken the right fork
1908 4 is eating
DBG_EAT: id=4 time_last_meal=1908
1908 2 has taken the left fork
1908 2 has taken the right fork
1908 2 is eating
DBG_EAT: id=2 time_last_meal=1908
1968 1 is thinking
1968 1 has taken the right fork
1968 3 is thinking
DBG_EAT2: id=4 meals=6
2009 4 has put down the right fork
DBG_EAT2: id=2 meals=9
2009 4 has put down the left fork
2009 2 has put down the right fork
2009 4 is sleeping
2009 2 has put down the left fork
2009 2 is sleeping
2009 5 has taken the right fork
2009 1 has taken the left fork
2009 1 is eating
DBG_EAT: id=1 time_last_meal=2009
2009 3 has taken the right fork
2009 3 has taken the left fork
2009 3 is eating
DBG_EAT: id=3 time_last_meal=2009
2069 2 is thinking
2069 4 is thinking
DBG_EAT2: id=3 meals=10
2109 3 has put down the left fork
DBG_EAT2: id=1 meals=11
2109 1 has put down the left fork
2109 3 has put down the right fork
2109 3 is sleeping
2109 1 has put down the right fork
2109 1 is sleeping
2109 2 has taken the left fork
2109 2 has taken the right fork
2109 2 is eating
DBG_EAT: id=2 time_last_meal=2109
2109 5 has taken the left fork
2109 5 is eating
DBG_EAT: id=5 time_last_meal=2109
2169 3 is thinking
2169 1 is thinking
DBG_EAT2: id=2 meals=10
2209 2 has put down the right fork
DBG_EAT2: id=5 meals=7
2209 2 has put down the left fork
2209 5 has put down the left fork
2210 2 is sleeping
2210 5 has put down the right fork
2210 5 is sleeping
2210 3 has taken the right fork
2210 3 has taken the left fork
2210 3 is eating
DBG_EAT: id=3 time_last_meal=2210
2210 1 has taken the right fork
2210 1 has taken the left fork
2210 4 has taken the left fork
2210 1 is eating
DBG_EAT: id=1 time_last_meal=2210
2270 2 is thinking
2270 5 is thinking
DBG_EAT2: id=1 meals=12
2310 1 has put down the left fork
2310 1 has put down the right fork
2310 1 is sleeping
DBG_EAT2: id=3 meals=11
2310 3 has put down the left fork
2310 3 has put down the right fork
2310 3 is sleeping
2310 4 has taken the right fork
2310 4 is eating
DBG_EAT: id=4 time_last_meal=2310
2310 2 has taken the left fork
2310 2 has taken the right fork
2310 2 is eating
DBG_EAT: id=2 time_last_meal=2310
2370 1 is thinking
2370 1 has taken the right fork
2370 3 is thinking
DBG_EAT2: id=4 meals=7
2410 4 has put down the right fork
DBG_EAT2: id=2 meals=11
2410 4 has put down the left fork
2410 2 has put down the right fork
2410 4 is sleeping
2410 2 has put down the left fork
2410 2 is sleeping
2410 5 has taken the right fork
2410 1 has taken the left fork
2410 1 is eating
DBG_EAT: id=1 time_last_meal=2410
2410 3 has taken the right fork
2410 3 has taken the left fork
2410 3 is eating
DBG_EAT: id=3 time_last_meal=2410
2471 4 is thinking
2471 2 is thinking
DBG_EAT2: id=1 meals=13
2510 1 has put down the left fork
2511 1 has put down t