DBG_INIT: meal_mutex init for philo 1
DBG_INIT: meal_mutex init for philo 2
DBG: init philo[1].time_last_meal=0
DBG: init philo[2].time_last_meal=0
1 1 has taken the right fork
1 1 has taken the left fork
1 1 is eating
DBG_EAT: id=1 time_last_meal=1
DBG: start_time=1758403174962
DBG_EAT2: id=1 meals=1
61 1 has put down the left fork
61 1 has put down the right fork
61 1 is sleeping
61 2 has taken the left fork
61 2 has taken the right fork
61 2 is eating
DBG_EAT: id=2 time_last_meal=61
DBG_EAT2: id=2 meals=1
121 2 has put down the right fork
121 2 has put down the left fork
121 2 is sleeping
161 1 is thinking
161 1 has taken the right fork
161 1 has taken the left fork
161 1 is eating
DBG_EAT: id=1 time_last_meal=161
DBG_EAT2: id=1 meals=2
221 1 has put down the left fork
221 1 has put down the right fork
221 1 is sleeping
222 2 is thinking
222 2 has taken the left fork
222 2 has taken the right fork
222 2 is eating
DBG_EAT: id=2 time_last_meal=222
DBG_EAT2: id=2 meals=2
282 2 has put down the right fork
282 2 has put down the left fork
282 2 is sleeping
322 1 is thinking
322 1 has taken the right fork
322 1 has taken the left fork
322 1 is eating
DBG_EAT: id=1 time_last_meal=322
DBG_EAT2: id=1 meals=3
382 1 has put down the left fork
382 1 has put down the right fork
382 1 is sleeping
382 2 is thinking
382 2 has taken the left fork
382 2 has taken the right fork
382 2 is eating
DBG_EAT: id=2 time_last_meal=382
DBG_EAT2: id=2 meals=3
442 2 has put down the right fork
442 2 has put down the left fork
442 2 is sleeping
482 1 is thinking
482 1 has taken the right fork
482 1 has taken the left fork
482 1 is eating
DBG_EAT: id=1 time_last_meal=482
DBG_EAT2: id=1 meals=4
542 1 has put down the left fork
542 1 has put down the right fork
542 1 is sleeping
543 2 is thinking
543 2 has taken the left fork
543 2 has taken the right fork
543 2 is eating
DBG_EAT: id=2 time_last_meal=543
DBG_EAT2: id=2 meals=4
603 2 has put down the right fork
603 2 has put down the left fork
603 2 is sleeping
643 1 is thinking
643 1 has taken the right fork
643 1 has taken the left fork
643 1 is eating
DBG_EAT: id=1 time_last_meal=643
DBG_EAT2: id=1 meals=5
703 1 has put down the left fork
703 1 has put down the right fork
703 1 is sleeping
703 2 is thinking
703 2 has taken the left fork
703 2 has taken the right fork
703 2 is eating
DBG_EAT: id=2 time_last_meal=703
DBG_EAT2: id=2 meals=5
764 2 has put down the right fork
764 2 has put down the left fork
764 2 is sleeping
803 1 is thinking
803 1 has taken the right fork
803 1 has taken the left fork
803 1 is eating
DBG_EAT: id=1 time_last_meal=803
DBG_EAT2: id=1 meals=6
863 1 has put down the left fork
863 1 has put down the right fork
863 1 is sleeping
864 2 is thinking
864 2 has taken the left fork
864 2 has taken the right fork
864 2 is eating
DBG_EAT: id=2 time_last_meal=864
DBG_EAT2: id=2 meals=6
924 2 has put down the right fork
924 2 has put down the left fork
924 2 is sleeping
963 1 is thinking
963 1 has taken the right fork
963 1 has taken the left fork
963 1 is eating
DBG_EAT: id=1 time_last_meal=963
DBG_EAT2: id=1 meals=7
1024 1 has put down the left fork
1024 1 has put down the right fork
1024 1 is sleeping
1024 2 is thinking
1025 2 has taken the left fork
1025 2 has taken the right fork
1025 2 is eating
DBG_EAT: id=2 time_last_meal=1025
DBG_EAT2: id=2 meals=7
1085 2 has put down the right fork
1085 2 has put down the left fork
1085 2 is sleeping
1124 1 is thinking
1124 1 has taken the right fork
1124 1 has taken the left fork
1124 1 is eating
DBG_EAT: id=1 time_last_meal=1124
DBG_EAT2: id=1 meals=8
1184 1 has put down the left fork
1184 1 has put down the right fork
1184 1 is sleeping
1185 2 is thinking
1185 2 has taken the left fork
1185 2 has taken the right fork
1185 2 is eating
DBG_EAT: id=2 time_last_meal=1185
DBG_EAT2: id=2 meals=8
1245 2 has put down the right fork
1245 2 has put down the left fork
1245 2 is sleeping
1284 1 is thinking
1284 1 has taken the right fork
1284 1 has taken the left fork
1284 1 is eating
DBG_EAT: id=1 time_last_meal=1284
DBG_EAT2: id=1 meals=9
1344 1 has put down the left fork
1345 1 has put down the right fork
1345 1 is sleeping
1345 2 is thinking
1345 2 has taken the left fork
1345 2 has taken the right fork
1345 2 is eating
DBG_EAT: id=2 time_last_meal=1345
DBG_EAT2: id=2 meals=9
1406 2 has put down the right fork
1406 2 has put down the left fork
1406 2 is sleeping
1445 1 is thinking
1445 1 has taken the right fork
1445 1 has taken the left fork
1445 1 is eating
DBG_EAT: id=1 time_last_meal=1445
DBG_EAT2: id=1 meals=10
1505 1 has put down the left fork
1505 1 has put down the right fork
1505 1 is sleeping
1506 2 is thinking
1506 2 has taken the left fork
1506 2 has taken the right fork
1506 2 is eating
DBG_EAT: id=2 time_last_meal=1506
DBG_EAT2: id=2 meals=10
1566 2 has put down the right fork
1566 2 has put down the left fork
1566 2 is sleeping
1605 1 is thinking
1605 1 has taken the right fork
1605 1 has taken the left fork
1605 1 is eating
DBG_EAT: id=1 time_last_meal=1605
DBG_EAT2: id=1 meals=11
1665 1 has put down the left fork
1665 1 has put down the right fork
1665 1 is sleeping
1666 2 is thinking
1667 2 has taken the left fork
1667 2 has taken the right fork
1667 2 is eating
DBG_EAT: id=2 time_last_meal=1667
DBG_EAT2: id=2 meals=11
1727 2 has put down the right fork
1727 2 has put down the left fork
1727 2 is sleeping
1765 1 is thinking
1765 1 has taken the right fork
1765 1 has taken the left fork
1765 1 is eating
DBG_EAT: id=1 time_last_meal=1765
DBG_EAT2: id=1 meals=12
1826 1 has put down the left fork
1826 1 has put down the right fork
1826 1 is sleeping
1827 2 is thinking
1827 2 has taken the left fork
1827 2 has taken the right fork
1827 2 is eating
DBG_EAT: id=2 time_last_meal=1827
DBG_EAT2: id=2 meals=12
1887 2 has put down the right fork
1887 2 has put down the left fork
1887 2 is sleeping
1926 1 is thinking
1926 1 has taken the right fork
1926 1 has taken the left fork
1926 1 is eating
DBG_EAT: id=1 time_last_meal=1926
DBG_EAT2: id=1 meals=13
1986 1 has put down the left fork
1986 1 has put down the right fork
1986 1 is sleeping
1988 2 is thinking
1988 2 has taken the left fork
1988 2 has taken the right fork
1988 2 is eating
DBG_EAT: id=2 time_last_meal=1988
DBG_EAT2: id=2 meals=13
2048 2 has put down the right fork
2048 2 has put down the left fork
2048 2 is sleeping
2086 1 is thinking
2086 1 has taken the right fork
2086 1 has taken the left fork
2086 1 is eating
DBG_EAT: id=1 time_last_meal=2086
DBG_EAT2: id=1 meals=14
2147 1 has put down the left fork
2147 1 has put down the right fork
2147 1 is sleeping
2148 2 is thinking
2148 2 has taken the left fork
2148 2 has taken the right fork
2148 2 is eating
DBG_EAT: id=2 time_last_meal=2148
DBG_EAT2: id=2 meals=14
2208 2 has put down the right fork
2208 2 has put down the left fork
2208 2 is sleeping
2247 1 is thinking
2247 1 has taken the right fork
2247 1 has taken the left fork
2247 1 is eating
DBG_EAT: id=1 time_last_meal=2247
DBG_EAT2: id=1 meals=15
2307 1 has put down the left fork
2307 1 has put down the right fork
2307 1 is sleeping
2309 2 is thinking
2309 2 has taken the left fork
2309 2 has taken the right fork
2309 2 is eating
DBG_EAT: id=2 time_last_meal=2309
DBG_EAT2: id=2 meals=15
2369 2 has put down the right fork
2369 2 has put down the left fork
2369 2 is sleeping
2407 1 is thinking
2407 1 has taken the right fork
2407 1 has taken the left fork
2407 1 is eating
DBG_EAT: id=1 time_last_meal=2407
DBG_EAT2: id=1 meals=16
2467 1 has put down the left fork
2467 1 has put down the right fork
2467 1 is sleeping
2469 2 is thinking
2469 2 has taken the left fork
2469 2 has taken the right fork
2469 2 is eating
DBG_EAT: id=2 time_last_meal=2469
DBG_EAT2: id=2 meals=16
2530 2 has put down the right fork
2530 2 has put down the left fork
2530 2 is sleeping
2567 1 is thinking
2567 1 has taken the right fork
2567 1 has taken the left fork
2567 1 is eating
DBG_EAT: id=1 time_last_meal=2567
DBG_EAT2: id=1 meals=17
2628 1 has put down the left fork
2628 1 has put down the right fork
2628 1 is sleeping
2630 2 is thinking
2630 2 has taken the left fork
2630 2 has taken the right fork
2630 2 is eating
DBG_EAT: id=2 time_last_meal=2630
DBG_EAT2: id=2 meals=17
2690 2 has put down the right fork
2690 2 has put down the left fork
2690 2 is sleeping
2728 1 is thinking
2728 1 has taken the right fork
2728 1 has taken the left fork
2728 1 is eating
DBG_EAT: id=1 time_last_meal=2728
DBG_EAT2: id=1 meals=18
2788 1 has put down the left fork
2788 1 has put down the right fork
2788 1 is sleeping
2790 2 is thinking
2790 2 has taken the left fork
2790 2 has taken the right fork
2790 2 is eating
DBG_EAT: id=2 time_last_meal=2790
DBG_EAT2: id=2 meals=18
2851 2 has put down the right fork
2851 2 has put down the left fork
2851 2 is sleeping
2888 1 is thinking
2888 1 has taken the right fork
2888 1 has taken the left fork
2888 1 is eating
DBG_EAT: id=1 time_last_meal=2888
DBG_EAT2: id=1 meals=19
2949 1 has put down the left fork
2949 1 has put down the right fork
2949 1 is sleeping
2951 2 is thinking
2951 2 has taken the left fork
2951 2 has taken the right fork
2951 2 is eating
DBG_EAT: id=2 time_last_meal=2951
DBG_EAT2: id=2 meals=19
3011 2 has put down the right fork
3011 2 has put down the left fork
3011 2 is sleeping
3049 1 is thinking
3049 1 has taken the right fork
3049 1 has taken the left fork
3049 1 is eating
DBG_EAT: id=1 time_last_meal=3049
DBG_EAT2: id=1 meals=20
3109 1 has put down the left fork
3109 1 has put down the right fork
3109 1 is sleeping
3111 2 is thinking
3112 2 has taken the left fork
3112 2 has taken the right fork
3112 2 is eating
DBG_EAT: id=2 time_last_meal=3112
DBG_EAT2: id=2 meals=20
3172 2 has put down the right fork
3172 2 has put down the left fork
3172 2 is sleeping
3209 1 is thinking
3209 1 has taken the right fork
3209 1 has taken the left fork
3209 1 is eating
DBG_EAT: id=1 time_last_meal=3209
DBG_EAT2: id=1 meals=21
3269 1 has put down the left fork
3269 1 has put down the right fork
3269 1 is sleeping
3272 2 is thinking
3272 2 has taken the left fork
3272 2 has taken the right fork
3272 2 is eating
DBG_EAT: id=2 time_last_meal=3272
DBG_EAT2: id=2 meals=21
3332 2 has put down the right fork
3332 2 has put down the left fork
3333 2 is sleeping
3369 1 is thinking
3369 1 has taken the right fork
3369 1 has taken the left fork
3369 1 is eating
DBG_EAT: id=1 time_last_meal=3369
DBG_EAT2: id=1 meals=22
3430 1 has put down the left fork
3430 1 has put down the right fork
3430 1 is sleeping
3433 2 is thinking
3433 2 has taken the left fork
3433 2 has taken the right fork
3433 2 is eating
DBG_EAT: id=2 time_last_meal=3433
DBG_EAT2: id=2 meals=22
3493 2 has put down the right fork
3493 2 has put down the left fork
3493 2 is sleeping
3530 1 is thinking
3530 1 has taken the right fork
3530 1 has taken the left fork
3530 1 is eating
DBG_EAT: id=1 time_last_meal=3530
DBG_EAT2: id=1 meals=23
3590 1 has put down the left fork
3590 1 has put down the right fork
3590 1 is sleeping
3593 2 is thinking
3593 2 has taken the left fork
3593 2 has taken the right fork
3593 2 is eating
DBG_EAT: id=2 time_last_meal=3593
DBG_EAT2: id=2 meals=23
3653 2 has put down the right fork
3653 2 has put down the left fork
3653 2 is sleeping
3690 1 is thinking
3690 1 has taken the right fork
3690 1 has taken the left fork
3690 1 is eating
DBG_EAT: id=1 time_last_meal=3690
DBG_EAT2: id=1 meals=24
3750 1 has put down the left fork
3750 1 has put down the right fork
3750 1 is sleeping
3754 2 is thinking
3754 2 has taken the left fork
3754 2 has taken the right fork
3754 2 is eating
DBG_EAT: id=2 time_last_meal=3754
DBG_EAT2: id=2 meals=24
3814 2 has put down the right fork
3814 2 has put down the left fork
3814 2 is sleeping
3851 1 is thinking
3851 1 has taken the right fork
3851 1 has taken the left fork
3851 1 is eating
DBG_EAT: id=1 time_last_meal=3851
DBG_EAT2: id=1 meals=25
3911 1 has put down the left fork
3911 1 has put down the right fork
3911 1 is sleeping
3914 2 is thinking
3914 2 has taken the left fork
3914 2 has taken the right fork
3914 2 is eating
DBG_EAT: id=2 time_last_meal=3914
DBG_EAT2: id=2 meals=25
3974 2 has put down the right fork
3974 2 has put down the left fork
3974 2 is sleeping
4011 1 is thinking
4011 1 has 