DBG_INIT: meal_mutex init for philo 1
DBG_INIT: meal_mutex init for philo 2
DBG_INIT: meal_mutex init for philo 3
DBG: init philo[1].time_last_meal=0
DBG: init philo[2].time_last_meal=0
DBG: init philo[3].time_last_meal=0
1 1 has taken the right fork
1 1 has taken the left fork
1 1 is eating
DBG_EAT: id=1 time_last_meal=1
1 2 has taken the left fork
DBG: start_time=1758403480953
DBG_EAT2: id=1 meals=1
61 1 has put down the left fork
61 1 has put down the right fork
61 1 is sleeping
61 2 has taken the right fork
61 2 is eating
DBG_EAT: id=2 time_last_meal=61
DBG_EAT2: id=2 meals=1
121 2 has put down the right fork
121 2 has put down the left fork
122 2 is sleeping
122 3 has taken the right fork
122 3 has taken the left fork
122 3 is eating
DBG_EAT: id=3 time_last_meal=122
161 1 is thinking
DBG_EAT2: id=3 meals=1
182 3 has put down the left fork
182 3 has put down the right fork
182 3 is sleeping
182 1 has taken the right fork
182 1 has taken the left fork
182 1 is eating
DBG_EAT: id=1 time_last_meal=182
222 2 is thinking
222 2 has taken the left fork
DBG_EAT2: id=1 meals=2
242 1 has put down the left fork
242 1 has put down the right fork
242 1 is sleeping
243 2 has taken the right fork
243 2 is eating
DBG_EAT: id=2 time_last_meal=243
282 3 is thinking
DBG_EAT2: id=2 meals=2
303 2 has put down the right fork
303 2 has put down the left fork
303 2 is sleeping
303 3 has taken the right fork
303 3 has taken the left fork
303 3 is eating
DBG_EAT: id=3 time_last_meal=303
343 1 is thinking
DBG_EAT2: id=3 meals=2
364 3 has put down the left fork
364 3 has put down the right fork
364 3 is sleeping
364 1 has taken the right fork
364 1 has taken the left fork
364 1 is eating
DBG_EAT: id=1 time_last_meal=364
403 2 is thinking
404 2 has taken the left fork
DBG_EAT2: id=1 meals=3
424 1 has put down the left fork
424 1 has put down the right fork
424 1 is sleeping
424 2 has taken the right fork
424 2 is eating
DBG_EAT: id=2 time_last_meal=424
464 3 is thinking
DBG_EAT2: id=2 meals=3
485 2 has put down the right fork
485 2 has put down the left fork
485 2 is sleeping
485 3 has taken the right fork
485 3 has taken the left fork
485 3 is eating
DBG_EAT: id=3 time_last_meal=485
524 1 is thinking
DBG_EAT2: id=3 meals=3
545 3 has put down the left fork
545 3 has put down the right fork
545 3 is sleeping
545 1 has taken the right fork
545 1 has taken the left fork
545 1 is eating
DBG_EAT: id=1 time_last_meal=545
585 2 is thinking
585 2 has taken the left fork
DBG_EAT2: id=1 meals=4
606 1 has put down the left fork
606 1 has put down the right fork
606 2 has taken the right fork
606 2 is eating
DBG_EAT: id=2 time_last_meal=606
606 1 is sleeping
646 3 is thinking
DBG_EAT2: id=2 meals=4
666 2 has put down the right fork
666 2 has put down the left fork
666 2 is sleeping
666 3 has taken the right fork
666 3 has taken the left fork
666 3 is eating
DBG_EAT: id=3 time_last_meal=666
706 1 is thinking
DBG_EAT2: id=3 meals=4
726 3 has put down the left fork
726 3 has put down the right fork
726 3 is sleeping
726 1 has taken the right fork
726 1 has taken the left fork
726 1 is eating
DBG_EAT: id=1 time_last_meal=726
766 2 is thinking
766 2 has taken the left fork
DBG_EAT2: id=1 meals=5
786 1 has put down the left fork
786 1 has put down the right fork
786 1 is sleeping
786 2 has taken the right fork
786 2 is eating
DBG_EAT: id=2 time_last_meal=786
827 3 is thinking
DBG_EAT2: id=2 meals=5
846 2 has put down the right fork
846 2 has put down the left fork
846 2 is sleeping
846 3 has taken the right fork
846 3 has taken the left fork
846 3 is eating
DBG_EAT: id=3 time_last_meal=846
887 1 is thinking
DBG_EAT2: id=3 meals=5
907 3 has put down the left fork
907 3 has put down the right fork
907 3 is sleeping
907 1 has taken the right fork
907 1 has taken the left fork
907 1 is eating
DBG_EAT: id=1 time_last_meal=907
907 All philosophers ate enough
DBG_EAT2: id=1 meals=6
