DBG_INIT: meal_mutex init for philo 1
DBG_INIT: meal_mutex init for philo 2
DBG: init philo[1].time_last_meal=0
DBG: init philo[2].time_last_meal=0
1 1 has taken the right fork
1 1 has taken the left fork
1 1 is eating
DBG_EAT: id=1 time_last_meal=1
DBG: start_time=1758403275381
DBG_EAT2: id=1 meals=1
101 1 has put down the left fork
101 1 has put down the right fork
101 1 is sleeping
101 2 has taken the left fork
101 2 has taken the right fork
101 2 is eating
DBG_EAT: id=2 time_last_meal=101
DBG_EAT2: id=2 meals=1
201 2 has put down the right fork
201 2 has put down the left fork
201 1 is thinking
201 1 has taken the right fork
201 1 has taken the left fork
201 1 is eating
DBG_EAT: id=1 time_last_meal=201
201 2 is sleeping
DBG_EAT2: id=1 meals=2
301 1 has put down the left fork
301 1 has put down the right fork
301 2 is thinking
301 1 is sleeping
301 2 has taken the left fork
301 2 has taken the right fork
301 2 is eating
DBG_EAT: id=2 time_last_meal=301
401 1 is thinking
DBG_EAT2: id=2 meals=2
401 2 has put down the right fork
401 2 has put down the left fork
401 1 has taken the right fork
401 1 has taken the left fork
401 1 is eating
DBG_EAT: id=1 time_last_meal=401
401 2 is sleeping
501 2 is thinking
DBG_EAT2: id=1 meals=3
501 1 has put down the left fork
501 1 has put down the right fork
501 1 is sleeping
501 2 has taken the left fork
501 2 has taken the right fork
501 2 is eating
DBG_EAT: id=2 time_last_meal=501
601 1 is thinking
DBG_EAT2: id=2 meals=3
601 2 has put down the right fork
601 2 has put down the left fork
601 1 has taken the right fork
601 1 has taken the left fork
601 1 is eating
DBG_EAT: id=1 time_last_meal=601
601 2 is sleeping
DBG_EAT2: id=1 meals=4
701 1 has put down the left fork
701 1 has put down the right fork
701 2 is thinking
702 1 is sleeping
702 2 has taken the left fork
702 2 has taken the right fork
702 2 is eating
DBG_EAT: id=2 time_last_meal=702
DBG_EAT2: id=2 meals=4
802 2 has put down the right fork
802 2 has put down the left fork
802 1 is thinking
802 1 has taken the right fork
802 1 has taken the left fork
802 1 is eating
DBG_EAT: id=1 time_last_meal=802
802 2 is sleeping
DBG_EAT2: id=1 meals=5
902 1 has put down the left fork
902 1 has put down the right fork
902 2 is thinking
902 1 is sleeping
902 2 has taken the left fork
902 2 has taken the right fork
902 2 is eating
DBG_EAT: id=2 time_last_meal=902
DBG_EAT2: id=2 meals=5
1002 2 has put down the right fork
1002 2 has put down the left fork
1002 1 is thinking
1002 1 has taken the right fork
1002 1 has taken the left fork
1002 1 is eating
DBG_EAT: id=1 time_last_meal=1002
1003 2 is sleeping
1003 All philosophers ate enough
DBG_EAT2: id=1 meals=6
