DBG_INIT: meal_mutex init for philo 1
DBG_INIT: meal_mutex init for philo 2
DBG_INIT: meal_mutex init for philo 3
DBG: init philo[1].time_last_meal=0
DBG: init philo[2].time_last_meal=0
DBG: init philo[3].time_last_meal=0
0 1 has taken the right fork
0 1 has taken the left fork
0 1 is eating
DBG_EAT: id=1 time_last_meal=0
0 3 has taken the right fork
DBG: start_time=1758403387904
DBG_EAT2: id=1 meals=1
60 1 has put down the left fork
60 1 has put down the right fork
60 1 is sleeping
60 3 has taken the left fork
60 3 is eating
DBG_EAT: id=3 time_last_meal=60
121 1 is thinking
DBG_EAT2: id=3 meals=1
121 3 has put down the left fork
121 1 has taken the right fork
121 1 has taken the left fork
121 1 is eating
DBG_EAT: id=1 time_last_meal=121
121 3 has put down the right fork
121 3 is sleeping
121 2 has taken the left fork
DBG_EAT2: id=1 meals=2
181 3 is thinking
181 1 has put down the left fork
181 1 has put down the right fork
181 2 has taken the right fork
181 2 is eating
DBG_EAT: id=2 time_last_meal=181
181 1 is sleeping
242 1 is thinking
242 1 has taken the right fork
DBG_EAT2: id=2 meals=1
242 2 has put down the right fork
242 2 has put down the left fork
242 1 has taken the left fork
242 1 is eating
DBG_EAT: id=1 time_last_meal=242
242 2 is sleeping
242 3 has taken the right fork
DBG_EAT2: id=1 meals=3
302 1 has put down the left fork
302 2 is thinking
302 1 has put down the right fork
302 1 is sleeping
303 3 has taken the left fork
303 3 is eating
DBG_EAT: id=3 time_last_meal=303
363 1 is thinking
DBG_EAT2: id=3 meals=2
363 3 has put down the left fork
363 3 has put down the right fork
363 1 has taken the right fork
363 1 has taken the left fork
363 1 is eating
DBG_EAT: id=1 time_last_meal=363
363 3 is sleeping
363 2 has taken the left fork
423 3 is thinking
DBG_EAT2: id=1 meals=4
423 1 has put down the left fork
423 1 has put down the right fork
423 1 is sleeping
423 2 has taken the right fork
423 2 is eating
DBG_EAT: id=2 time_last_meal=423
DBG_EAT2: id=2 meals=2
483 2 has put down the right fork
483 1 is thinking
483 1 has taken the right fork
483 1 has taken the left fork
483 1 is eating
DBG_EAT: id=1 time_last_meal=483
484 2 has put down the left fork
484 3 has taken the right fork
484 2 is sleeping
544 2 is thinking
DBG_EAT2: id=1 meals=5
544 1 has put down the left fork
544 1 has put down the right fork
544 3 has taken the left fork
544 3 is eating
DBG_EAT: id=3 time_last_meal=544
544 1 is sleeping
DBG_EAT2: id=3 meals=3
604 1 is thinking
604 1 has taken the right fork
604 1 has taken the left fork
604 1 is eating
DBG_EAT: id=1 time_last_meal=604
604 3 has put down the left fork
604 3 has put down the right fork
604 2 has taken the left fork
604 3 is sleeping
DBG_EAT2: id=1 meals=6
665 3 is thinking
665 1 has put down the left fork
665 1 has put down the right fork
665 1 is sleeping
665 2 has taken the right fork
665 2 is eating
DBG_EAT: id=2 time_last_meal=665
DBG_EAT2: id=2 meals=3
725 2 has put down the right fork
725 1 is thinking
725 1 has taken the right fork
725 1 has taken the left fork
725 1 is eating
DBG_EAT: id=1 time_last_meal=725
725 2 has put down the left fork
725 2 is sleeping
725 3 has taken the right fork
DBG_EAT2: id=1 meals=7
785 1 has put down the left fork
785 2 is thinking
785 1 has put down the right fork
786 1 is sleeping
786 3 has taken the left fork
786 3 is eating
DBG_EAT: id=3 time_last_meal=786
846 1 is thinking
DBG_EAT2: id=3 meals=4
846 3 has put down the left fork
846 1 has taken the right fork
846 1 has taken the left fork
846 1 is eating
DBG_EAT: id=1 time_last_meal=846
846 3 has put down the right fork
846 3 is sleeping
846 2 has taken the left fork
DBG_EAT2: id=1 meals=8
906 3 is thinking
906 1 has put down the left fork
906 1 has put down the right fork
906 1 is sleeping
906 2 has taken the right fork
906 2 is eating
DBG_EAT: id=2 time_last_meal=906
967 1 is thinking
967 1 has taken the right fork
DBG_EAT2: id=2 meals=4
967 2 has put down the right fork
967 1 has taken the left fork
967 1 is eating
967 2 has put down the left fork
DBG_EAT: id=1 time_last_meal=967
967 2 is sleeping
967 3 has taken the right fork
DBG_EAT2: id=1 meals=9
1027 1 has put down the left fork
1027 2 is thinking
1027 1 has put down the right fork
1027 1 is sleeping
1027 3 has taken the left fork
1027 3 is eating
DBG_EAT: id=3 time_last_meal=1027
DBG_EAT2: id=3 meals=5
1088 3 has put down the left fork
1088 1 is thinking
1088 1 has taken the right fork
1088 1 has taken the left fork
1088 1 is eating
DBG_EAT: id=1 time_last_meal=1088
1088 3 has put down the right fork
1088 3 is sleeping
1088 2 has taken the left fork
1148 3 is thinking
DBG_EAT2: id=1 meals=10
1148 1 has put down the left fork
1148 1 has put down the right fork
1148 2 has taken the right fork
1148 2 is eating
DBG_EAT: id=2 time_last_meal=1148
1149 1 is sleeping
DBG_EAT2: id=2 meals=5
1209 1 is thinking
1209 1 has taken the right fork
1209 1 has taken the left fork
1209 1 is eating
DBG_EAT: id=1 time_last_meal=1209
1209 2 has put down the right fork
1209 2 has put down the left fork
1209 2 is sleeping
1209 3 has taken the right fork
1209 All philosophers ate enough
DBG_EAT2: id=1 meals=11
