DBG_INIT: meal_mutex init for philo 1
DBG_INIT: meal_mutex init for philo 2
DBG_INIT: meal_mutex init for philo 3
DBG: init philo[1].time_last_meal=0
DBG: init philo[2].time_last_meal=0
DBG: init philo[3].time_last_meal=0
0 1 has taken the right fork
0 1 has taken the left fork
0 1 is eating
DBG_EAT: id=1 time_last_meal=0
0 3 has taken the right fork
DBG: start_time=1758386485152
DBG_EAT2: id=1 meals=1
60 1 has put down the left fork
60 1 has put down the right fork
60 1 is sleeping
60 3 has taken the left fork
60 3 is eating
DBG_EAT: id=3 time_last_meal=60
DBG_EAT2: id=3 meals=1
120 3 has put down the left fork
120 3 has put down the right fork
120 3 is sleeping
120 2 has taken the left fork
120 2 has taken the right fork
120 2 is eating
DBG_EAT: id=2 time_last_meal=120
DBG_EAT2: id=2 meals=1
180 2 has put down the right fork
180 2 has put down the left fork
180 2 is sleeping
260 1 is thinking
260 1 has taken the right fork
260 1 has taken the left fork
260 1 is eating
DBG_EAT: id=1 time_last_meal=260
DBG_EAT2: id=1 meals=2
320 1 has put down the left fork
320 1 has put down the right fork
320 1 is sleeping
320 3 is thinking
320 3 has taken the right fork
320 3 has taken the left fork
320 3 is eating
DBG_EAT: id=3 time_last_meal=320
DBG_EAT2: id=3 meals=2
380 3 has put down the left fork
380 3 has put down the right fork
380 3 is sleeping
381 2 is thinking
381 2 has taken the left fork
381 2 has taken the right fork
381 2 is eating
DBG_EAT: id=2 time_last_meal=381
DBG_EAT2: id=2 meals=2
441 2 has put down the right fork
441 2 has put down the left fork
441 2 is sleeping
520 1 is thinking
520 1 has taken the right fork
520 1 has taken the left fork
520 1 is eating
DBG_EAT: id=1 time_last_meal=520
DBG_EAT2: id=1 meals=3
580 1 has put down the left fork
580 1 has put down the right fork
580 1 is sleeping
581 3 is thinking
581 3 has taken the right fork
581 3 has taken the left fork
581 3 is eating
DBG_EAT: id=3 time_last_meal=581
DBG_EAT2: id=3 meals=3
641 3 has put down the left fork
641 3 has put down the right fork
641 3 is sleeping
641 2 is thinking
641 2 has taken the left fork
641 2 has taken the right fork
641 2 is eating
DBG_EAT: id=2 time_last_meal=641
DBG_EAT2: id=2 meals=3
701 2 has put down the right fork
701 2 has put down the left fork
701 2 is sleeping
781 1 is thinking
781 1 has taken the right fork
781 1 has taken the left fork
781 1 is eating
DBG_EAT: id=1 time_last_meal=781
DBG_EAT2: id=1 meals=4
841 1 has put down the left fork
841 1 has put down the right fork
841 1 is sleeping
841 3 is thinking
841 3 has taken the right fork
841 3 has taken the left fork
841 3 is eating
DBG_EAT: id=3 time_last_meal=841
DBG_EAT2: id=3 meals=4
901 3 has put down the left fork
901 3 has put down the right fork
901 3 is sleeping
901 2 is thinking
901 2 has taken the left fork
901 2 has taken the right fork
901 2 is eating
DBG_EAT: id=2 time_last_meal=901
DBG_EAT2: id=2 meals=4
961 2 has put down the right fork
961 2 has put down the left fork
962 2 is sleeping
1041 1 is thinking
1041 1 has taken the right fork
1041 1 has taken the left fork
1041 1 is eating
DBG_EAT: id=1 time_last_meal=1041
DBG_EAT2: id=1 meals=5
1101 1 has put down the left fork
1101 1 has put down the right fork
1101 1 is sleeping
1101 3 is thinking
1101 3 has taken the right fork
1101 3 has taken the left fork
1101 3 is eating
DBG_EAT: id=3 time_last_meal=1101
DBG_EAT2: id=3 meals=5
1161 3 has put down the left fork
1161 3 has put down the right fork
1161 3 is sleeping
1162 2 is thinking
1162 2 has taken the left fork
1162 2 has taken the right fork
1162 2 is eating
DBG_EAT: id=2 time_last_meal=1162
DBG_EAT2: id=2 meals=5
1222 2 has put down the right fork
1222 2 has put down the left fork
1222 2 is sleeping
1222 All philosophers ate enough
