DBG_INIT: meal_mutex init for philo 1
DBG_INIT: meal_mutex init for philo 2
DBG_INIT: meal_mutex init for philo 3
DBG_INIT: meal_mutex init for philo 4
DBG_INIT: meal_mutex init for philo 5
DBG: init philo[1].time_last_meal=0
DBG: init philo[2].time_last_meal=0
DBG: init philo[3].time_last_meal=0
DBG: init philo[4].time_last_meal=0
DBG: init philo[5].time_last_meal=0
0 1 has taken the right fork
0 1 has taken the left fork
0 1 is eating
DBG_EAT: id=1 time_last_meal=0
0 2 has taken the left fork
0 5 has taken the right fork
DBG: start_time=1758387877151
DBG_EAT2: id=1 meals=1
60 1 has put down the left fork
60 1 has put down the right fork
60 1 is sleeping
60 2 has taken the right fork
60 2 is eating
DBG_EAT: id=2 time_last_meal=60
60 5 has taken the left fork
60 5 is eating
DBG_EAT: id=5 time_last_meal=60
DBG_EAT2: id=2 meals=1
121 2 has put down the right fork
DBG_EAT2: id=5 meals=1
121 5 has put down the left fork
121 2 has put down the left fork
121 5 has put down the right fork
121 5 is sleeping
121 2 is sleeping
121 3 has taken the right fork
121 3 has taken the left fork
121 3 is eating
DBG_EAT: id=3 time_last_meal=121
121 4 has taken the left fork
DBG_EAT2: id=3 meals=1
181 3 has put down the left fork
181 3 has put down the right fork
181 3 is sleeping
181 4 has taken the right fork
181 4 is eating
DBG_EAT: id=4 time_last_meal=181
DBG_EAT2: id=4 meals=1
242 4 has put down the right fork
242 4 has put down the left fork
242 4 is sleeping
260 1 is thinking
260 1 has taken the right fork
260 1 has taken the left fork
260 1 is eating
DBG_EAT: id=1 time_last_meal=260
DBG_EAT2: id=1 meals=2
321 1 has put down the left fork
321 1 has put down the right fork
321 1 is sleeping
321 5 is thinking
321 5 has taken the right fork
321 5 has taken the left fork
321 5 is eating
DBG_EAT: id=5 time_last_meal=321
321 2 is thinking
321 2 has taken the left fork
321 2 has taken the right fork
321 2 is eating
DBG_EAT: id=2 time_last_meal=321
DBG_EAT2: id=5 meals=2
381 5 has put down the left fork
381 5 has put down the right fork
381 5 is sleeping
DBG_EAT2: id=2 meals=2
381 2 has put down the right fork
381 2 has put down the left fork
381 2 is sleeping
381 3 is thinking
381 3 has taken the right fork
381 3 has taken the left fork
381 3 is eating
DBG_EAT: id=3 time_last_meal=381
DBG_EAT2: id=3 meals=2
442 3 has put down the left fork
442 3 has put down the right fork
442 3 is sleeping
442 4 is thinking
442 4 has taken the left fork
442 4 has taken the right fork
442 4 is eating
DBG_EAT: id=4 time_last_meal=442
DBG_EAT2: id=4 meals=2
502 4 has put down the right fork
502 4 has put down the left fork
502 4 is sleeping
502 All philosophers ate enough
