DBG_INIT: meal_mutex init for philo 1
DBG_INIT: meal_mutex init for philo 2
DBG_INIT: meal_mutex init for philo 3
DBG: init philo[1].time_last_meal=0
DBG: init philo[2].time_last_meal=0
DBG: init philo[3].time_last_meal=0
0 1 has taken the right fork
0 1 has taken the left fork
0 1 is eating
DBG_EAT: id=1 time_last_meal=0
0 2 has taken the left fork
DBG: start_time=1758386651083
DBG_EAT2: id=1 meals=1
100 1 has put down the left fork
100 1 has put down the right fork
100 2 has taken the right fork
100 2 is eating
DBG_EAT: id=2 time_last_meal=100
100 1 is sleeping
160 1 is thinking
160 1 has taken the right fork
DBG_EAT2: id=2 meals=1
200 2 has put down the right fork
200 2 has put down the left fork
200 1 has taken the left fork
200 1 is eating
DBG_EAT: id=1 time_last_meal=200
200 2 is sleeping
200 3 has taken the right fork
261 2 is thinking
DBG_EAT2: id=1 meals=2
301 1 has put down the left fork
301 1 has put down the right fork
301 1 is sleeping
301 3 has taken the left fork
301 3 is eating
DBG_EAT: id=3 time_last_meal=301
361 1 is thinking
DBG_EAT2: id=3 meals=1
401 3 has put down the left fork
401 3 has put down the right fork
401 3 is sleeping
401 1 has taken the right fork
401 1 has taken the left fork
401 1 is eating
DBG_EAT: id=1 time_last_meal=401
401 2 has taken the left fork
461 3 is thinking
DBG_EAT2: id=1 meals=3
501 1 has put down the left fork
501 1 has put down the right fork
501 1 is sleeping
501 2 has taken the right fork
501 2 is eating
DBG_EAT: id=2 time_last_meal=501
561 1 is thinking
561 1 has taken the right fork
DBG_EAT2: id=2 meals=2
601 2 has put down the right fork
601 2 has put down the left fork
601 1 has taken the left fork
601 1 is eating
DBG_EAT: id=1 time_last_meal=601
601 2 is sleeping
601 3 has taken the right fork
661 2 is thinking
DBG_EAT2: id=1 meals=4
701 1 has put down the left fork
701 1 has put down the right fork
701 1 is sleeping
701 3 has taken the left fork
701 3 is eating
DBG_EAT: id=3 time_last_meal=701
761 1 is thinking
DBG_EAT2: id=3 meals=2
801 3 has put down the left fork
801 3 has put down the right fork
801 1 has taken the right fork
801 1 has taken the left fork
801 1 is eating
DBG_EAT: id=1 time_last_meal=801
801 3 is sleeping
801 2 has taken the left fork
862 3 is thinking
DBG_EAT2: id=1 meals=5
902 1 has put down the left fork
902 1 has put down the right fork
902 1 is sleeping
902 2 has taken the right fork
902 2 is eating
DBG_EAT: id=2 time_last_meal=902
962 1 is thinking
962 1 has taken the right fork
DBG_EAT2: id=2 meals=3
1002 2 has put down the right fork
1002 2 has put down the left fork
1002 1 has taken the left fork
1002 1 is eating
DBG_EAT: id=1 time_last_meal=1002
1002 2 is sleeping
1002 3 has taken the right fork
1062 2 is thinking
DBG_EAT2: id=1 meals=6
1102 1 has put down the left fork
1102 1 has put down the right fork
1102 1 is sleeping
1102 3 has taken the left fork
1102 3 is eating
DBG_EAT: id=3 time_last_meal=1102
1162 1 is thinking
DBG_EAT2: id=3 meals=3
1202 3 has put down the left fork
1202 3 has put down the right fork
1202 1 has taken the right fork
1202 1 has taken the left fork
1202 3 is sleeping
1202 1 is eating
DBG_EAT: id=1 time_last_meal=1202
1202 2 has taken the left fork
1262 3 is thinking
DBG_EAT2: id=1 meals=7
1302 1 has put down the left fork
1302 1 has put down the right fork
1302 1 is sleeping
1302 2 has taken the right fork
1302 2 is eating
DBG_EAT: id=2 time_last_meal=1302
1362 1 is thinking
1362 1 has taken the right fork
DBG_EAT2: id=2 meals=4
1402 2 has put down the right fork
1402 2 has put down the left fork
1402 1 has taken the left fork
1402 2 is sleeping
1402 1 is eating
DBG_EAT: id=1 time_last_meal=1402
1403 3 has taken the right fork
1463 2 is thinking
DBG_EAT2: id=1 meals=8
1503 1 has put down the left fork
1503 1 has put down the right fork
1503 3 has taken the left fork
1503 3 is eating
DBG_EAT: id=3 time_last_meal=1503
1503 1 is sleeping
1563 1 is thinking
DBG_EAT2: id=3 meals=4
1603 3 has put down the left fork
1603 3 has put down the right fork
1603 1 has taken the right fork
1603 1 has taken the left fork
1603 1 is eating
1603 2 has taken the left fork
DBG_EAT: id=1 time_last_meal=1603
1603 3 is sleeping
1663 3 is thinking
DBG_EAT2: id=1 meals=9
1703 1 has put down the left fork
1703 1 has put down the right fork
1703 1 is sleeping
1703 2 has taken the right fork
1703 2 is eating
DBG_EAT: id=2 time_last_meal=1703
1763 1 is thinking
1763 1 has taken the right fork
DBG_EAT2: id=2 meals=5
1803 2 has put down the right fork
1803 2 has put down the left fork
1803 1 has taken the left fork
1803 1 is eating
DBG_EAT: id=1 time_last_meal=1803
1803 2 is sleeping
1803 3 has taken the right fork
1863 2 is thinking
DBG_EAT2: id=1 meals=10
1903 1 has put down the left fork
1903 1 has put down the right fork
1903 1 is sleeping
1903 3 has taken the left fork
1903 3 is eating
DBG_EAT: id=3 time_last_meal=1903
1963 1 is thinking
DBG_EAT2: id=3 meals=5
2003 3 has put down the left fork
2003 3 has put down the right fork
2003 1 has taken the right fork
2003 1 has taken the left fork
2003 1 is eating
DBG_EAT: id=1 time_last_meal=2003
2003 3 is sleeping
2004 All philosophers ate enough
DBG_EAT2: id=1 meals=11
