DBG_INIT: meal_mutex init for philo 1
DBG_INIT: meal_mutex init for philo 2
DBG_INIT: meal_mutex init for philo 3
DBG_INIT: meal_mutex init for philo 4
DBG: init philo[1].time_last_meal=0
DBG: init philo[2].time_last_meal=0
DBG: init philo[3].time_last_meal=0
DBG: init philo[4].time_last_meal=0
1 1 has taken the right fork
1 1 has taken the left fork
1 1 is eating
DBG_EAT: id=1 time_last_meal=1
1 3 has taken the right fork
1 3 has taken the left fork
1 3 is eating
DBG_EAT: id=3 time_last_meal=1
DBG: start_time=1758387202167
DBG_EAT2: id=1 meals=1
101 1 has put down the left fork
101 1 has put down the right fork
101 1 is sleeping
101 4 has taken the left fork
DBG_EAT2: id=3 meals=1
101 3 has put down the left fork
101 3 has put down the right fork
101 3 is sleeping
101 4 has taken the right fork
101 4 is eating
DBG_EAT: id=4 time_last_meal=101
101 2 has taken the left fork
101 2 has taken the right fork
101 2 is eating
DBG_EAT: id=2 time_last_meal=101
DBG_EAT2: id=2 meals=1
201 2 has put down the right fork
201 2 has put down the left fork
201 2 is sleeping
DBG_EAT2: id=4 meals=1
202 4 has put down the right fork
202 4 has put down the left fork
202 4 is sleeping
301 1 is thinking
301 1 has taken the right fork
301 1 has taken the left fork
301 1 is eating
DBG_EAT: id=1 time_last_meal=301
301 3 is thinking
301 3 has taken the right fork
301 3 has taken the left fork
301 3 is eating
DBG_EAT: id=3 time_last_meal=301
DBG_EAT2: id=1 meals=2
401 1 has put down the left fork
401 1 has put down the right fork
401 1 is sleeping
DBG_EAT2: id=3 meals=2
401 3 has put down the left fork
401 3 has put down the right fork
402 3 is sleeping
402 2 is thinking
402 4 is thinking
402 2 has taken the left fork
402 2 has taken the right fork
402 2 is eating
DBG_EAT: id=2 time_last_meal=402
402 4 has taken the left fork
402 4 has taken the right fork
402 4 is eating
DBG_EAT: id=4 time_last_meal=402
DBG_EAT2: id=4 meals=2
502 4 has put down the right fork
502 4 has put down the left fork
502 4 is sleeping
DBG_EAT2: id=2 meals=2
502 2 has put down the right fork
502 2 has put down the left fork
502 2 is sleeping
601 1 is thinking
602 1 has taken the right fork
602 1 has taken the left fork
602 1 is eating
DBG_EAT: id=1 time_last_meal=602
602 3 is thinking
602 3 has taken the right fork
602 3 has taken the left fork
602 3 is eating
DBG_EAT: id=3 time_last_meal=602
DBG_EAT2: id=1 meals=3
702 1 has put down the left fork
702 1 has put down the right fork
702 1 is sleeping
DBG_EAT2: id=3 meals=3
702 3 has put down the left fork
702 3 has put down the right fork
702 3 is sleeping
702 4 is thinking
702 2 is thinking
702 2 has taken the left fork
702 2 has taken the right fork
702 2 is eating
DBG_EAT: id=2 time_last_meal=702
702 4 has taken the left fork
702 4 has taken the right fork
702 4 is eating
DBG_EAT: id=4 time_last_meal=702
DBG_EAT2: id=2 meals=3
803 2 has put down the right fork
803 2 has put down the left fork
DBG_EAT2: id=4 meals=3
803 4 has put down the right fork
803 4 has put down the left fork
803 4 is sleeping
803 2 is sleeping
902 1 is thinking
902 1 has taken the right fork
902 1 has taken the left fork
902 1 is eating
DBG_EAT: id=1 time_last_meal=902
902 3 is thinking
902 3 has taken the right fork
902 3 has taken the left fork
902 3 is eating
DBG_EAT: id=3 time_last_meal=902
DBG_EAT2: id=1 meals=4
1002 1 has put down the left fork
1002 1 has put down the right fork
DBG_EAT2: id=3 meals=4
1002 3 has put down the left fork
1002 3 has put down the right fork
1002 3 is sleeping
1002 1 is sleeping
1003 4 is thinking
1003 2 is thinking
1003 4 has taken the left fork
1003 4 has taken the right fork
1003 4 is eating
DBG_EAT: id=4 time_last_meal=1003
1003 2 has taken the left fork
1003 2 has taken the right fork
1003 2 is eating
DBG_EAT: id=2 time_last_meal=1003
DBG_EAT2: id=4 meals=4
1103 4 has put down the right fork
1103 4 has put down the left fork
1103 4 is sleeping
DBG_EAT2: id=2 meals=4
1103 2 has put down the right fork
1103 2 has put down the left fork
1103 2 is sleeping
1202 1 is thinking
1202 1 has taken the right fork
1202 1 has taken the left fork
1202 1 is eating
DBG_EAT: id=1 time_last_meal=1202
1202 3 is thinking
1202 3 has taken the right fork
1202 3 has taken the left fork
1202 3 is eating
DBG_EAT: id=3 time_last_meal=1202
DBG_EAT2: id=1 meals=5
1302 1 has put down the left fork
1302 1 has put down the right fork
DBG_EAT2: id=3 meals=5
1302 3 has put down the left fork
1302 3 has put down the right fork
1302 3 is sleeping
1302 1 is sleeping
1303 4 is thinking
1303 2 is thinking
1303 4 has taken the left fork
1303 4 has taken the right fork
1303 4 is eating
DBG_EAT: id=4 time_last_meal=1303
1303 2 has taken the left fork
1303 2 has taken the right fork
1303 2 is eating
DBG_EAT: id=2 time_last_meal=1303
DBG_EAT2: id=2 meals=5
1403 2 has put down the right fork
1403 2 has put down the left fork
DBG_EAT2: id=4 meals=5
1404 4 has put down the right fork
1404 4 has put down the left fork
1404 4 is sleeping
1404 2 is sleeping
1404 All philosophers ate enough
