DBG_INIT: meal_mutex init for philo 1
DBG_INIT: meal_mutex init for philo 2
DBG_INIT: meal_mutex init for philo 3
DBG: init philo[1].time_last_meal=0
DBG: init philo[2].time_last_meal=0
DBG: init philo[3].time_last_meal=0
0 1 has taken the right fork
0 1 has taken the left fork
0 1 is eating
DBG_EAT: id=1 time_last_meal=0
0 3 has taken the right fork
DBG: start_time=1758386561208
DBG_EAT2: id=1 meals=1
60 1 has put down the left fork
60 1 has put down the right fork
60 1 is sleeping
60 3 has taken the left fork
60 3 is eating
DBG_EAT: id=3 time_last_meal=60
DBG_EAT2: id=3 meals=1
121 3 has put down the left fork
121 3 has put down the right fork
121 3 is sleeping
121 2 has taken the left fork
121 2 has taken the right fork
121 2 is eating
DBG_EAT: id=2 time_last_meal=121
DBG_EAT2: id=2 meals=1
181 2 has put down the right fork
181 2 has put down the left fork
181 2 is sleeping
260 1 is thinking
260 1 has taken the right fork
260 1 has taken the left fork
260 1 is eating
DBG_EAT: id=1 time_last_meal=260
DBG_EAT2: id=1 meals=2
321 1 has put down the left fork
321 1 has put down the right fork
321 1 is sleeping
321 3 is thinking
321 3 has taken the right fork
321 3 has taken the left fork
321 3 is eating
DBG_EAT: id=3 time_last_meal=321
DBG_EAT2: id=3 meals=2
381 3 has put down the left fork
381 3 has put down the right fork
381 3 is sleeping
381 2 is thinking
381 2 has taken the left fork
381 2 has taken the right fork
381 2 is eating
DBG_EAT: id=2 time_last_meal=381
DBG_EAT2: id=2 meals=2
441 2 has put down the right fork
441 2 has put down the left fork
441 2 is sleeping
521 1 is thinking
521 1 has taken the right fork
521 1 has taken the left fork
521 1 is eating
DBG_EAT: id=1 time_last_meal=521
DBG_EAT2: id=1 meals=3
581 1 has put down the left fork
581 1 has put down the right fork
581 1 is sleeping
581 3 is thinking
581 3 has taken the right fork
581 3 has taken the left fork
581 3 is eating
DBG_EAT: id=3 time_last_meal=581
DBG_EAT2: id=3 meals=3
641 3 has put down the left fork
641 3 has put down the right fork
641 3 is sleeping
641 2 is thinking
641 2 has taken the left fork
641 2 has taken the right fork
641 2 is eating
DBG_EAT: id=2 time_last_meal=641
DBG_EAT2: id=2 meals=3
701 2 has put down the right fork
701 2 has put down the left fork
701 2 is sleeping
781 1 is thinking
781 1 has taken the right fork
781 1 has taken the left fork
781 1 is eating
DBG_EAT: id=1 time_last_meal=781
DBG_EAT2: id=1 meals=4
841 1 has put down the left fork
841 1 has put down the right fork
841 1 is sleeping
841 3 is thinking
841 3 has taken the right fork
841 3 has taken the left fork
841 3 is eating
DBG_EAT: id=3 time_last_meal=841
DBG_EAT2: id=3 meals=4
901 3 has put down the left fork
901 3 has put down the right fork
901 3 is sleeping
901 2 is thinking
902 2 has taken the left fork
902 2 has taken the right fork
902 2 is eating
DBG_EAT: id=2 time_last_meal=902
DBG_EAT2: id=2 meals=4
962 2 has put down the right fork
962 2 has put down the left fork
962 2 is sleeping
1041 1 is thinking
1041 1 has taken the right fork
1041 1 has taken the left fork
1041 1 is eating
DBG_EAT: id=1 time_last_meal=1041
DBG_EAT2: id=1 meals=5
1101 1 has put down the left fork
1101 1 has put down the right fork
1101 1 is sleeping
1101 3 is thinking
1101 3 has taken the right fork
1101 3 has taken the left fork
1101 3 is eating
DBG_EAT: id=3 time_last_meal=1101
DBG_EAT2: id=3 meals=5
1161 3 has put down the left fork
1161 3 has put down the right fork
1162 3 is sleeping
1162 2 is thinking
1162 2 has taken the left fork
1162 2 has taken the right fork
1162 2 is eating
DBG_EAT: id=2 time_last_meal=1162
DBG_EAT2: id=2 meals=5
1222 2 has put down the right fork
1222 2 has put down the left fork
1222 2 is sleeping
1301 1 is thinking
1301 1 has taken the right fork
1301 1 has taken the left fork
1301 1 is eating
DBG_EAT: id=1 time_last_meal=1301
DBG_EAT2: id=1 meals=6
1361 1 has put down the left fork
1361 1 has put down the right fork
1361 1 is sleeping
1362 3 is thinking
1362 3 has taken the right fork
1362 3 has taken the left fork
1362 3 is eating
DBG_EAT: id=3 time_last_meal=1362
DBG_EAT2: id=3 meals=6
1422 3 has put down the left fork
1422 3 has put down the right fork
1422 3 is sleeping
1422 2 is thinking
1422 2 has taken the left fork
1422 2 has taken the right fork
1422 2 is eating
DBG_EAT: id=2 time_last_meal=1422
DBG_EAT2: id=2 meals=6
1482 2 has put down the right fork
1482 2 has put down the left fork
1482 2 is sleeping
1561 1 is thinking
1561 1 has taken the right fork
1561 1 has taken the left fork
1561 1 is eating
DBG_EAT: id=1 time_last_meal=1561
DBG_EAT2: id=1 meals=7
1622 1 has put down the left fork
1622 1 has put down the right fork
1622 1 is sleeping
1622 3 is thinking
1622 3 has taken the right fork
1622 3 has taken the left fork
1622 3 is eating
DBG_EAT: id=3 time_last_meal=1622
DBG_EAT2: id=3 meals=7
1682 3 has put down the left fork
1682 3 has put down the right fork
1682 3 is sleeping
1682 2 is thinking
1683 2 has taken the left fork
1683 2 has taken the right fork
1683 2 is eating
DBG_EAT: id=2 time_last_meal=1683
DBG_EAT2: id=2 meals=7
1743 2 has put down the right fork
1743 2 has put down the left fork
1743 2 is sleeping
1822 1 is thinking
1822 1 has taken the right fork
1822 1 has taken the left fork
1822 1 is eating
DBG_EAT: id=1 time_last_meal=1822
DBG_EAT2: id=1 meals=8
1882 1 has put down the left fork
1882 1 has put down the right fork
1882 1 is sleeping
1882 3 is thinking
1882 3 has taken the right fork
1882 3 has taken the left fork
1882 3 is eating
DBG_EAT: id=3 time_last_meal=1882
DBG_EAT2: id=3 meals=8
1942 3 has put down the left fork
1942 3 has put down the right fork
1942 3 is sleeping
1943 2 is thinking
1943 2 has taken the left fork
1943 2 has taken the right fork
1943 2 is eating
DBG_EAT: id=2 time_last_meal=1943
DBG_EAT2: id=2 meals=8
2003 2 has put down the right fork
2003 2 has put down the left fork
2003 2 is sleeping
2082 1 is thinking
2082 1 has taken the right fork
2082 1 has taken the left fork
2082 1 is eating
DBG_EAT: id=1 time_last_meal=2082
DBG_EAT2: id=1 meals=9
2142 1 has put down the left fork
2142 1 has put down the right fork
2142 1 is sleeping
2142 3 is thinking
2142 3 has taken the right fork
2142 3 has taken the left fork
2142 3 is eating
DBG_EAT: id=3 time_last_meal=2142
DBG_EAT2: id=3 meals=9
2202 3 has put down the left fork
2202 3 has put down the right fork
2202 3 is sleeping
2203 2 is thinking
2203 2 has taken the left fork
2203 2 has taken the right fork
2203 2 is eating
DBG_EAT: id=2 time_last_meal=2203
DBG_EAT2: id=2 meals=9
2263 2 has put down the right fork
2263 2 has put down the left fork
2263 2 is sleeping
2342 1 is thinking
2342 1 has taken the right fork
2342 1 has taken the left fork
2342 1 is eating
DBG_EAT: id=1 time_last_meal=2342
DBG_EAT2: id=1 meals=10
2402 1 has put down the left fork
2402 1 has put down the right fork
2402 1 is sleeping
2402 3 is thinking
2402 3 has taken the right fork
2402 3 has taken the left fork
2402 3 is eating
DBG_EAT: id=3 time_last_meal=2402
DBG_EAT2: id=3 meals=10
2462 3 has put down the left fork
2462 3 has put down the right fork
2463 3 is sleeping
2464 2 is thinking
2464 2 has taken the left fork
2464 2 has taken the right fork
2464 2 is eating
DBG_EAT: id=2 time_last_meal=2464
DBG_EAT2: id=2 meals=10
2524 2 has put down the right fork
2524 2 has put down the left fork
2524 2 is sleeping
2602 1 is thinking
2602 1 has taken the right fork
2602 1 has taken the left fork
2602 1 is eating
DBG_EAT: id=1 time_last_meal=2602
DBG_EAT2: id=1 meals=11
2662 1 has put down the left fork
2662 1 has put down the right fork
2663 1 is sleeping
2663 3 is thinking
2663 3 has taken the right fork
2663 3 has taken the left fork
2663 3 is eating
DBG_EAT: id=3 time_last_meal=2663
DBG_EAT2: id=3 meals=11
2723 3 has put down the left fork
2723 3 has put down the right fork
2723 3 is sleeping
2724 2 is thinking
2724 2 has taken the left fork
2724 2 has taken the right fork
2724 2 is eating
DBG_EAT: id=2 time_last_meal=2724
DBG_EAT2: id=2 meals=11
2784 2 has put down the right fork
2784 2 has put down the left fork
2784 2 is sleeping
2863 1 is thinking
2863 1 has taken the right fork
2863 1 has taken the left fork
2863 1 is eating
DBG_EAT: id=1 time_last_meal=2863
2923 3 is thinking
2923 3 has taken the right fork
DBG_EAT2: id=1 meals=12
2923 1 has put down the left fork
2923 1 has put down the right fork
2923 1 is sleeping
2923 3 has taken the left fork
2923 3 is eating
DBG_EAT: id=3 time_last_meal=2923
DBG_EAT2: id=3 meals=12
2983 3 has put down the left fork
2983 3 has put down the right fork
2983 3 is sleeping
2984 2 is thinking
2984 2 has taken the left fork
2984 2 has taken the right fork
2984 2 is eating
DBG_EAT: id=2 time_last_meal=2984
DBG_EAT2: id=2 meals=12
3044 2 has put down the right fork
3044 2 has put down the left fork
3044 2 is sleeping
3123 1 is thinking
3123 1 has taken the right fork
3123 1 has taken the left fork
3123 1 is eating
DBG_EAT: id=1 time_last_meal=3123
DBG_EAT2: id=1 meals=13
3183 1 has put down the left fork
3183 1 has put down the right fork
3183 1 is sleeping
3183 3 is thinking
3183 3 has taken the right fork
3183 3 has taken the left fork
3183 3 is eating
DBG_EAT: id=3 time_last_meal=3183
DBG_EAT2: id=3 meals=13
3243 3 has put down the left fork
3243 3 has put down the right fork
3243 3 is sleeping
3245 2 is thinking
3245 2 has taken the left fork
3245 2 has taken the right fork
3245 2 is eating
DBG_EAT: id=2 time_last_meal=3245
DBG_EAT2: id=2 meals=13
3305 2 has put down the right fork
3305 2 has put down the left fork
3305 2 is sleeping
3383 1 is thinking
3383 1 has taken the right fork
3383 1 has taken the left fork
3383 1 is eating
DBG_EAT: id=1 time_last_meal=3383
DBG_EAT2: id=1 meals=14
3443 1 has put down the left fork
3443 1 has put down the right fork
3443 1 is sleeping
3443 3 is thinking
3443 3 has taken the right fork
3443 3 has taken the left fork
3443 3 is eating
DBG_EAT: id=3 time_last_meal=3443
DBG_EAT2: id=3 meals=14
3503 3 has put down the left fork
3503 3 has put down the right fork
3503 3 is sleeping
3505 2 is thinking
3505 2 has taken the left fork
3505 2 has taken the right fork
3505 2 is eating
DBG_EAT: id=2 time_last_meal=3505
DBG_EAT2: id=2 meals=14
3565 2 has put down the right fork
3565 2 has put down the left fork
3565 2 is sleeping
3643 1 is thinking
3643 1 has taken the right fork
3643 1 has taken the left fork
3643 1 is eating
DBG_EAT: id=1 time_last_meal=3643
DBG_EAT2: id=1 meals=15
3703 1 has put down the left fork
3703 1 has put down the right fork
3703 1 is sleeping
3703 3 is thinking
3703 3 has taken the right fork
3703 3 has taken the left fork
3703 3 is eating
DBG_EAT: id=3 time_last_meal=3703
DBG_EAT2: id=3 meals=15
3764 3 has put down the left fork
3764 3 has put down the right fork
3764 3 is sleeping
3765 2 is thinking
3765 2 has taken the left fork
3765 2 has taken the right fork
3765 2 is eating
DBG_EAT: id=2 time_last_meal=3765
DBG_EAT2: id=2 meals=15
3825 2 has put down the right fork
3825 2 has put down the left fork
3825 2 is sleeping
3903 1 is thinking
3903 1 has taken the right fork
3903 1 has taken the left fork
3903 1 is eating
DBG_EAT: id=1 time_last_meal=3903
DBG_EAT2: id=1 meals=16
3964 1 has put down the left fork
3964 1 has put down the right fork
3964 1 is sleeping
3964 3 is thinking
3964 3 has taken the right fork
3964 3 has taken the left fork
3964 3 is eating
DBG_EAT: id=3 time_last_meal=3964
DBG_EAT2: id=3 meals=16
4024 3 has put down the left fork
4024 3 has put down the right fork
4024 3 is sleeping
4026 2 is thinking
4026 2 has taken the left fork
4026 2 has taken the right fork
4026 2 is eating
DBG_EAT: id=2 time_last_meal=4026
DBG_EAT2: id=2 meals=16
4086 2 has put down the right fork
4086 2 has put down the left fork
4086 2 is sleeping
4164 1 is thinking
4164 1 has taken the right fork
4164 1 has taken the left fork
4164 1 is eating
DBG_EAT: id=1 time_last_meal=4164
DBG_EAT2: id=1 meals=17
4224 1 has put down the left fork
4224 1 has put down the right fork
4224 1 is sleeping
4224 3 is thinking
4224 3 has taken the right fork
4224 3 has taken the left fork
4224 3 is eating
DBG_EAT: id=3 time_last_meal=4224
DBG_EAT2: id=3 meals=17
4284 3 has put down the left fork
4284 3 has put down the right for