DBG_INIT: meal_mutex init for philo 1
DBG_INIT: meal_mutex init for philo 2
DBG_INIT: meal_mutex init for philo 3
DBG_INIT: meal_mutex init for philo 4
DBG: init philo[1].time_last_meal=0
DBG: init philo[2].time_last_meal=0
DBG: init philo[3].time_last_meal=0
DBG: init philo[4].time_last_meal=0
0 1 has taken the right fork
0 1 has taken the left fork
0 1 is eating
DBG_EAT: id=1 time_last_meal=0
0 3 has taken the right fork
0 3 has taken the left fork
0 3 is eating
DBG_EAT: id=3 time_last_meal=0
DBG: start_time=1758386833462
DBG_EAT2: id=1 meals=1
100 1 has put down the left fork
100 1 has put down the right fork
100 1 is sleeping
100 4 has taken the left fork
DBG_EAT2: id=3 meals=1
100 3 has put down the left fork
100 3 has put down the right fork
100 3 is sleeping
100 4 has taken the right fork
100 4 is eating
DBG_EAT: id=4 time_last_meal=100
100 2 has taken the left fork
100 2 has taken the right fork
100 2 is eating
DBG_EAT: id=2 time_last_meal=100
200 1 is thinking
200 3 is thinking
DBG_EAT2: id=4 meals=1
200 4 has put down the right fork
200 4 has put down the left fork
200 4 is sleeping
DBG_EAT2: id=2 meals=1
200 2 has put down the right fork
200 1 has taken the right fork
200 1 has taken the left fork
200 1 is eating
DBG_EAT: id=1 time_last_meal=200
200 2 has put down the left fork
200 2 is sleeping
200 3 has taken the right fork
200 3 has taken the left fork
200 3 is eating
DBG_EAT: id=3 time_last_meal=200
300 2 is thinking
300 4 is thinking
DBG_EAT2: id=3 meals=2
300 3 has put down the left fork
300 3 has put down the right fork
300 3 is sleeping
DBG_EAT2: id=1 meals=2
300 1 has put down the left fork
300 1 has put down the right fork
300 1 is sleeping
301 2 has taken the left fork
301 2 has taken the right fork
301 2 is eating
DBG_EAT: id=2 time_last_meal=301
301 4 has taken the left fork
301 4 has taken the right fork
301 4 is eating
DBG_EAT: id=4 time_last_meal=301
401 1 is thinking
401 3 is thinking
DBG_EAT2: id=4 meals=2
401 4 has put down the right fork
DBG_EAT2: id=2 meals=2
401 4 has put down the left fork
401 4 is sleeping
401 2 has put down the right fork
401 2 has put down the left fork
401 2 is sleeping
401 1 has taken the right fork
401 1 has taken the left fork
401 1 is eating
DBG_EAT: id=1 time_last_meal=401
401 All philosophers ate enough
DBG_EAT2: id=1 meals=3
