DBG_INIT: meal_mutex init for philo 1
DBG_INIT: meal_mutex init for philo 2
DBG: init philo[1].time_last_meal=0
DBG: init philo[2].time_last_meal=0
0 1 has taken the right fork
0 1 has taken the left fork
0 1 is eating
DBG_EAT: id=1 time_last_meal=0
DBG: start_time=1758402968166
DBG_EAT2: id=1 meals=1
61 1 has put down the left fork
61 1 has put down the right fork
61 1 is sleeping
61 2 has taken the left fork
61 2 has taken the right fork
61 2 is eating
DBG_EAT: id=2 time_last_meal=61
123 1 is thinking
DBG_EAT2: id=2 meals=1
123 2 has put down the right fork
123 2 has put down the left fork
123 2 is sleeping
123 1 has taken the right fork
123 1 has taken the left fork
123 1 is eating
DBG_EAT: id=1 time_last_meal=123
185 2 is thinking
DBG_EAT2: id=1 meals=2
185 1 has put down the left fork
185 1 has put down the right fork
185 1 is sleeping
185 2 has taken the left fork
185 2 has taken the right fork
185 2 is eating
DBG_EAT: id=2 time_last_meal=185
DBG_EAT2: id=2 meals=2
246 2 has put down the right fork
246 2 has put down the left fork
246 1 is thinking
246 1 has taken the right fork
246 1 has taken the left fork
246 1 is eating
DBG_EAT: id=1 time_last_meal=246
246 2 is sleeping
307 2 is thinking
DBG_EAT2: id=1 meals=3
308 1 has put down the left fork
308 1 has put down the right fork
308 1 is sleeping
308 2 has taken the left fork
308 2 has taken the right fork
308 2 is eating
DBG_EAT: id=2 time_last_meal=308
DBG_EAT2: id=2 meals=3
1300 2 has put down the right fork
1300 2 has put down the left fork
1300 1 is thinking
1300 1 has taken the right fork
1300 1 has taken the left fork
1300 1 is eating
DBG_EAT: id=1 time_last_meal=1300
1300 2 is sleeping
1300 2 has died (last meal at 308)
DBG_EAT2: id=1 meals=4
