DBG_INIT: meal_mutex init for philo 1
DBG_INIT: meal_mutex init for philo 2
DBG_INIT: meal_mutex init for philo 3
DBG_INIT: meal_mutex init for philo 4
DBG: init philo[1].time_last_meal=0
DBG: init philo[2].time_last_meal=0
DBG: init philo[3].time_last_meal=0
DBG: init philo[4].time_last_meal=0
0 1 has taken the right fork
0 1 has taken the left fork
0 1 is eating
DBG_EAT: id=1 time_last_meal=0
0 3 has taken the right fork
0 3 has taken the left fork
0 3 is eating
DBG_EAT: id=3 time_last_meal=0
DBG: start_time=1758387032392
DBG_EAT2: id=1 meals=1
100 1 has put down the left fork
100 1 has put down the right fork
100 1 is sleeping
100 4 has taken the left fork
DBG_EAT2: id=3 meals=1
101 3 has put down the left fork
101 3 has put down the right fork
101 4 has taken the right fork
101 4 is eating
DBG_EAT: id=4 time_last_meal=101
101 3 is sleeping
101 2 has taken the left fork
101 2 has taken the right fork
101 2 is eating
DBG_EAT: id=2 time_last_meal=101
161 3 is thinking
161 1 is thinking
DBG_EAT2: id=2 meals=1
201 2 has put down the right fork
DBG_EAT2: id=4 meals=1
201 4 has put down the right fork
201 2 has put down the left fork
201 2 is sleeping
201 4 has put down the left fork
201 4 is sleeping
201 3 has taken the right fork
201 3 has taken the left fork
201 3 is eating
DBG_EAT: id=3 time_last_meal=201
201 1 has taken the right fork
201 1 has taken the left fork
201 1 is eating
DBG_EAT: id=1 time_last_meal=201
261 2 is thinking
261 4 is thinking
DBG_EAT2: id=3 meals=2
301 3 has put down the left fork
DBG_EAT2: id=1 meals=2
301 1 has put down the left fork
302 3 has put down the right fork
302 3 is sleeping
302 1 has put down the right fork
302 1 is sleeping
302 2 has taken the left fork
302 2 has taken the right fork
302 2 is eating
DBG_EAT: id=2 time_last_meal=302
302 4 has taken the left fork
302 4 has taken the right fork
302 4 is eating
DBG_EAT: id=4 time_last_meal=302
362 1 is thinking
362 3 is thinking
DBG_EAT2: id=2 meals=2
402 2 has put down the right fork
DBG_EAT2: id=4 meals=2
402 4 has put down the right fork
402 2 has put down the left fork
402 4 has put down the left fork
402 4 is sleeping
402 2 is sleeping
402 3 has taken the right fork
402 3 has taken the left fork
402 3 is eating
DBG_EAT: id=3 time_last_meal=402
402 1 has taken the right fork
402 1 has taken the left fork
402 1 is eating
DBG_EAT: id=1 time_last_meal=402
462 2 is thinking
462 4 is thinking
DBG_EAT2: id=3 meals=3
503 3 has put down the left fork
DBG_EAT2: id=1 meals=3
503 1 has put down the left fork
503 3 has put down the right fork
503 1 has put down the right fork
503 1 is sleeping
503 3 is sleeping
503 2 has taken the left fork
503 2 has taken the right fork
503 2 is eating
DBG_EAT: id=2 time_last_meal=503
503 4 has taken the left fork
503 4 has taken the right fork
503 4 is eating
DBG_EAT: id=4 time_last_meal=503
563 1 is thinking
563 3 is thinking
DBG_EAT2: id=2 meals=3
603 2 has put down the right fork
DBG_EAT2: id=4 meals=3
603 4 has put down the right fork
603 2 has put down the left fork
603 2 is sleeping
603 4 has put down the left fork
603 4 is sleeping
603 3 has taken the right fork
603 3 has taken the left fork
603 3 is eating
DBG_EAT: id=3 time_last_meal=603
603 1 has taken the right fork
603 1 has taken the left fork
603 1 is eating
DBG_EAT: id=1 time_last_meal=603
663 2 is thinking
663 4 is thinking
DBG_EAT2: id=1 meals=4
703 1 has put down the left fork
DBG_EAT2: id=3 meals=4
703 3 has put down the left fork
703 1 has put down the right fork
703 3 has put down the right fork
703 3 is sleeping
703 1 is sleeping
703 4 has taken the left fork
703 4 has taken the right fork
703 4 is eating
DBG_EAT: id=4 time_last_meal=703
704 2 has taken the left fork
704 2 has taken the right fork
704 2 is eating
DBG_EAT: id=2 time_last_meal=704
764 1 is thinking
764 3 is thinking
DBG_EAT2: id=2 meals=4
804 2 has put down the right fork
DBG_EAT2: id=4 meals=4
804 4 has put down the right fork
804 2 has put down the left fork
804 2 is sleeping
804 4 has put down the left fork
804 4 is sleeping
804 3 has taken the right fork
804 3 has taken the left fork
804 3 is eating
DBG_EAT: id=3 time_last_meal=804
804 1 has taken the right fork
804 1 has taken the left fork
804 1 is eating
DBG_EAT: id=1 time_last_meal=804
864 2 is thinking
864 4 is thinking
DBG_EAT2: id=3 meals=5
904 3 has put down the left fork
DBG_EAT2: id=1 meals=5
904 1 has put down the left fork
904 3 has put down the right fork
904 3 is sleeping
904 1 has put down the right fork
904 1 is sleeping
904 2 has taken the left fork
904 2 has taken the right fork
904 2 is eating
DBG_EAT: id=2 time_last_meal=904
904 4 has taken the left fork
904 4 has taken the right fork
904 4 is eating
DBG_EAT: id=4 time_last_meal=904
964 3 is thinking
964 1 is thinking
DBG_EAT2: id=2 meals=5
1005 2 has put down the right fork
DBG_EAT2: id=4 meals=5
1005 4 has put down the right fork
1005 2 has put down the left fork
1005 4 has put down the left fork
1005 4 is sleeping
1005 2 is sleeping
1005 3 has taken the right fork
1005 3 has taken the left fork
1005 3 is eating
DBG_EAT: id=3 time_last_meal=1005
1005 1 has taken the right fork
1005 1 has taken the left fork
1005 1 is eating
DBG_EAT: id=1 time_last_meal=1005
1065 4 is thinking
1065 2 is thinking
DBG_EAT2: id=1 meals=6
1105 1 has put down the left fork
DBG_EAT2: id=3 meals=6
1105 3 has put down the left fork
1105 1 has put down the right fork
1105 1 is sleeping
1105 3 has put down the right fork
1105 3 is sleeping
1105 4 has taken the left fork
1105 4 has taken the right fork
1105 4 is eating
DBG_EAT: id=4 time_last_meal=1105
1105 2 has taken the left fork
1105 2 has taken the right fork
1105 2 is eating
DBG_EAT: id=2 time_last_meal=1105
1166 1 is thinking
1166 3 is thinking
DBG_EAT2: id=2 meals=6
1206 2 has put down the right fork
DBG_EAT2: id=4 meals=6
1206 4 has put down the right fork
1206 2 has put down the left fork
1206 2 is sleeping
1206 4 has put down the left fork
1206 4 is sleeping
1206 3 has taken the right fork
1206 3 has taken the left fork
1206 3 is eating
DBG_EAT: id=3 time_last_meal=1206
1206 1 has taken the right fork
1206 1 has taken the left fork
1206 1 is eating
DBG_EAT: id=1 time_last_meal=1206
1266 2 is thinking
1266 4 is thinking
DBG_EAT2: id=1 meals=7
1306 1 has put down the left fork
DBG_EAT2: id=3 meals=7
1306 3 has put down the left fork
1306 1 has put down the right fork
1306 3 has put down the right fork
1306 3 is sleeping
1306 1 is sleeping
1306 4 has taken the left fork
1306 4 has taken the right fork
1306 4 is eating
DBG_EAT: id=4 time_last_meal=1306
1306 2 has taken the left fork
1306 2 has taken the right fork
1306 2 is eating
DBG_EAT: id=2 time_last_meal=1306
1366 1 is thinking
1366 3 is thinking
DBG_EAT2: id=2 meals=7
1406 2 has put down the right fork
DBG_EAT2: id=4 meals=7
1406 4 has put down the right fork
1407 2 has put down the left fork
1407 2 is sleeping
1407 4 has put down the left fork
1407 4 is sleeping
1407 3 has taken the right fork
1407 3 has taken the left fork
1407 3 is eating
DBG_EAT: id=3 time_last_meal=1407
1407 1 has taken the right fork
1407 1 has taken the left fork
1407 1 is eating
DBG_EAT: id=1 time_last_meal=1407
1467 2 is thinking
1467 4 is thinking
DBG_EAT2: id=3 meals=8
1507 3 has put down the left fork
DBG_EAT2: id=1 meals=8
1507 1 has put down the left fork
1507 3 has put down the right fork
1507 3 is sleeping
1507 1 has put down the right fork
1507 1 is sleeping
1507 2 has taken the left fork
1507 2 has taken the right fork
1507 2 is eating
DBG_EAT: id=2 time_last_meal=1507
1507 4 has taken the left fork
1507 4 has taken the right fork
1507 4 is eating
DBG_EAT: id=4 time_last_meal=1507
1567 1 is thinking
1567 3 is thinking
DBG_EAT2: id=2 meals=8
1607 2 has put down the right fork
DBG_EAT2: id=4 meals=8
1607 4 has put down the right fork
1607 2 has put down the left fork
1607 4 has put down the left fork
1607 4 is sleeping
1607 2 is sleeping
1608 3 has taken the right fork
1608 3 has taken the left fork
1608 3 is eating
DBG_EAT: id=3 time_last_meal=1608
1608 1 has taken the right fork
1608 1 has taken the left fork
1608 1 is eating
DBG_EAT: id=1 time_last_meal=1608
1668 4 is thinking
1668 2 is thinking
DBG_EAT2: id=3 meals=9
1708 3 has put down the left fork
DBG_EAT2: id=1 meals=9
1708 1 has put down the left fork
1708 3 has put down the right fork
1708 1 has put down the right fork
1708 3 is sleeping
1708 1 is sleeping
1708 2 has taken the left fork
1708 2 has taken the right fork
1708 2 is eating
DBG_EAT: id=2 time_last_meal=1708
1708 4 has taken the left fork
1708 4 has taken the right fork
1708 4 is eating
DBG_EAT: id=4 time_last_meal=1708
1768 3 is thinking
1768 1 is thinking
DBG_EAT2: id=4 meals=9
1808 4 has put down the right fork
1808 4 has put down the left fork
1808 4 is sleeping
DBG_EAT2: id=2 meals=9
1808 2 has put down the right fork
1808 2 has put down the left fork
1808 1 has taken the right fork
1808 1 has taken the left fork
1808 1 is eating
DBG_EAT: id=1 time_last_meal=1808
1808 2 is sleeping
1808 3 has taken the right fork
1808 3 has taken the left fork
1808 3 is eating
DBG_EAT: id=3 time_last_meal=1808
1868 4 is thinking
1868 2 is thinking
DBG_EAT2: id=3 meals=10
1908 3 has put down the left fork
DBG_EAT2: id=1 meals=10
1908 1 has put down the left fork
1909 3 has put down the right fork
1909 1 has put down the right fork
1909 1 is sleeping
1909 3 is sleeping
1909 2 has taken the left fork
1909 2 has taken the right fork
1909 2 is eating
DBG_EAT: id=2 time_last_meal=1909
1909 4 has taken the left fork
1909 4 has taken the right fork
1909 4 is eating
DBG_EAT: id=4 time_last_meal=1909
1969 1 is thinking
1969 3 is thinking
DBG_EAT2: id=2 meals=10
2009 2 has put down the right fork
DBG_EAT2: id=4 meals=10
2009 4 has put down the right fork
2009 2 has put down the left fork
2009 4 has put down the left fork
2009 4 is sleeping
2009 2 is sleeping
2009 3 has taken the right fork
2009 3 has taken the left fork
2009 3 is eating
DBG_EAT: id=3 time_last_meal=2009
2009 1 has taken the right fork
2009 1 has taken the left fork
2009 1 is eating
DBG_EAT: id=1 time_last_meal=2009
2069 2 is thinking
2069 4 is thinking
DBG_EAT2: id=3 meals=11
2109 3 has put down the left fork
DBG_EAT2: id=1 meals=11
2109 1 has put down the left fork
2109 3 has put down the right fork
2109 1 has put down the right fork
2109 1 is sleeping
2109 3 is sleeping
2109 2 has taken the left fork
2109 2 has taken the right fork
2109 2 is eating
DBG_EAT: id=2 time_last_meal=2109
2109 4 has taken the left fork
2109 4 has taken the right fork
2109 4 is eating
DBG_EAT: id=4 time_last_meal=2109
2169 1 is thinking
2169 3 is thinking
DBG_EAT2: id=4 meals=11
2210 4 has put down the right fork
DBG_EAT2: id=2 meals=11
2210 2 has put down the right fork
2210 4 has put down the left fork
2210 4 is sleeping
2210 2 has put down the left fork
2210 2 is sleeping
2210 1 has taken the right fork
2210 1 has taken the left fork
2210 1 is eating
DBG_EAT: id=1 time_last_meal=2210
2210 3 has taken the right fork
2210 3 has taken the left fork
2210 3 is eating
DBG_EAT: id=3 time_last_meal=2210
2270 4 is thinking
2270 2 is thinking
DBG_EAT2: id=1 meals=12
2310 1 has put down the left fork
DBG_EAT2: id=3 meals=12
2310 3 has put down the left fork
2310 1 has put down the right fork
2310 1 is sleeping
2310 3 has put down the right fork
2310 3 is sleeping
2310 4 has taken the left fork
2310 4 has taken the right fork
2310 4 is eating
DBG_EAT: id=4 time_last_meal=2310
2310 2 has taken the left fork
2310 2 has taken the right fork
2310 2 is eating
DBG_EAT: id=2 time_last_meal=2310
2370 1 is thinking
2371 3 is thinking
DBG_EAT2: id=2 meals=12
2411 2 has put down the right fork
DBG_EAT2: id=4 meals=12
2411 4 has put down the right fork
2411 2 has put down the left fork
2411 2 is sleeping
2411 4 has put down the left fork
2411 4 is sleeping
2411 3 has taken the right fork
2411 3 has taken the left fork
2411 3 is eating
DBG_EAT: id=3 time_last_meal=2411
2411 1 has taken the right fork
2411 1 has taken the left fork
2411 1 is eating
DBG_EAT: id=1 time_last_meal=2411
2471 2 is thinking
2471 4 is thinking
DBG_EAT2: id=1 meals=13
2511 1 has put down the left fork
DBG_EAT2: id=3 meals=13
2511 3 has put down the left fork
2511 1 has put down the right fork
2511 3 has put down the right fork
2511 4 has taken the left fork
2511 4 has taken the right fork
2511 4 is eating
DBG_EAT: id=4 time_last_meal=2511
2511 2 has taken the left fork
2511 2 has taken the right fork
2511 2 is eating
DBG_EAT: id=2 time_last_meal=2511
2511 3 is sleeping
2511 1 is sleeping
2571 3 is thinking
2571 1 is thinking
DBG_EAT2: id=2 meals=13
2611 2 has put down the right fork
DBG_EAT2: id=4 meals=13
2611 4 has put down the right fork
2611 2 has put down the left fork
2611 2 is sleeping
2611 4 has put down the left fork
2611 4 is sleeping
2611 3 has taken the right fork
2611 3 has taken the left fork
2611 3 is eating
DBG_EAT: id=3 time_last_meal=2611
2611 1 has taken the right fork
2611 1 has taken the left fork
2611 1 is eating
DBG_EAT: id=1 time_last_meal=2611
2672 4 is thinking
2672 2 is thinking
DBG_EAT2: id=1 meals=14
2712 1 has put down the left fork
DBG_EAT2: id=3 meals=14
2712 3 has put down the left fork
2712 1 has put down the right fork
2712 3 has put down the right fork
2712 3 is sleeping
2712 1 is sleeping
2712 4 has taken the left fork
2712 4 has taken the right fork
2712 4 is eating
DBG_EAT: id=4 time_last_meal=2712
2712 2 has taken the left fork
2712 2 has taken the right fork
2712 2 is eating
DBG_EAT: id=2 time_last_meal=2712
2772 1 is thinking
2772 3 is thinking
DBG_EAT2: id=4 meals=14
2812 4 has put down the right fork
DBG_EAT2: id=2 meals=14
2812 2 has put down the right fork
2812 4 has put down the left fork
2812 2 has put down the left fork
2812 2 is sleeping
2812 4 is sleeping
2812 1 has taken the right fork
2812 1 has taken the left fork
2812 1 is eating
DBG_EAT: id=1 time_last_meal=2812
2812 3 has taken the right fork
2812 3 has taken the left fork
2812 3 is eating
DBG_EAT: id=3 time_last_meal=2812
2872 4 is thinking
2872 2 is thinking
DBG_EAT2: id=3 meals=15
2912 3 has put down the left fork
DBG_EAT2: id=1 meals=15
2912 1 has put down the left fork
2912 3 has put down the right fork
2912 3 is sleeping
2912 1 has put down the right fork
2913 1 is sleeping
2913 2 has taken the left fork
2913 2 has taken the right fork
2913 2 is eating
DBG_EAT: id=2 time_last_meal=2913
2913 4 has taken the left fork
2913 4 has taken the right fork
2913 4 is eating
DBG_EAT: id=4 time_last_meal=2913
2973 1 is thinking
2973 3 is thinking
DBG_EAT2: id=2 meals=15
3013 2 has put down the right fork
3013 2 has put down the left fork
DBG_EAT2: id=4 meals=15
3013 4 has put down the right fork
3013 2 is sleeping
3013 4 has put down the left fork
3013 4 is sleeping
3013 3 has taken the right fork
3013 3 has taken the left fork
3013 3 is eating
DBG_EAT: id=3 time_last_meal=3013
3013 1 has taken the right fork
3013 1 has taken the left fork
3013 1 is eating
DBG_EAT: id=1 time_last_meal=3013
3073 2 is thinking
3073 4 is thinking
DBG_EAT2: id=1 meals=16
DBG_EAT2: id=3 meals=16
3113 3 has put down the left fork
3113 1 has put down the left fork
3113 3 has put down the right fork
3113 1 has put down the right fork
3113 1 is sleeping
3113 3 is sleeping
3113 4 has taken the left fork
3113 4 has taken the right fork
3113 4 is eating
DBG_EAT: id=4 time_last_meal=3113
3113 2 has taken the left fork
3113 2 has taken the right fork
3113 2 is eating
DBG_EAT: id=2 time_last_meal=3113
3174 1 is thinking
3174 3 is thinking
DBG_EAT2: id=4 meals=16
3214 4 has put down the right fork
DBG_EAT2: id=2 meals=16
3214 2 has put down the right fork
3214 4 has put down the left fork
3214 2 has put down the left fork
3214 2 is sleeping
3214 4 is sleeping
3214 3 has taken the right fork
3214 3 has taken the left fork
3214 3 is eating
DBG_EAT: id=3 time_last_meal=3214
3214 1 has taken the right fork
3214 1 has taken the left fork
3214 1 is eating
DBG_EAT: id=1 time_last_meal=3214
3274 2 is thinking
3274 4 is thinking
DBG_EAT2: id=3 meals=17
3314 3 has put down the left fork
DBG_EAT2: id=1 meals=17
3314 1 has put down the left fork
3314 3 has put down the right fork
3314 3 is sleeping
3314 1 has put down the right fork
3314 1 is sleeping
3314 4 has taken the left fork
3314 4 has taken the right fork
3314 4 is eating
DBG_EAT: id=4 time_last_meal=3314
3314 2 has taken the left fork
3314 2 has taken the right fork
3314 2 is eating
DBG_EAT: id=2 time_last_meal=3314
3374 3 is thinking
3374 1 is thinking
DBG_EAT2: id=2 meals=17
3414 2 has put down the right fork
DBG_EAT2: id=4 meals=17
3414 4 has put down the right fork
3414 4 has put down the left fork
3414 2 has put down the left fork
3414 2 is sleeping
3415 4 is sleeping
3415 1 has taken the right fork
3415 1 has taken the left fork
3415 1 is eating
DBG_EAT: id=1 time_last_meal=3415
3415 3 has taken the right fork
3415 3 has taken the left fork
3415 3 is eating
DBG_EAT: id=3 time_last_meal=3415
3475 4 is thinking
3475 2 is thinking
DBG_EAT2: id=1 meals=18
3515 1 has put down the left fork
DBG_EAT2: id=3 meals=18
3515 3 has put down the left fork
3515 1 has put down the right fork
3515 3 has put down the right fork
3515 3 is sleeping
3515 1 is sleeping
3515 4 has taken the left fork
3515 4 has taken the right fork
3515 4 is eating
DBG_EAT: id=4 time_last_meal=3515
3515 2 has taken the left fork
3515 2 has taken the right fork
3515 2 is eating
DBG_EAT: id=2 time_last_meal=3515
3575 1 is thinking
3575 3 is thinking
DBG_EAT2: id=4 meals=18
3615 4 has put down the right fork
3615 4 has put down the left fork
DBG_EAT2: id=2 meals=18
3615 2 has put down the right fork
3615 4 is sleeping
3615 2 has put down the left fork
3615 2 is sleeping
3615 1 has taken the right fork
3615 1 has taken the left fork
3615 1 is eating
DBG_EAT: id=1 time_last_meal=3615
3615 3 has taken the right fork
3615 3 has taken the left fork
3615 3 is eating
DBG_EAT: id=3 time_last_meal=3615
3676 2 is thinking
3676 4 is thinking
DBG_EAT2: id=3 meals=19
3715 3 has put down the left fork
DBG_EAT2: id=1 meals=19
3715 1 has put down the left fork
3715 3 has put down the right fork
3715 3 is sleeping
3715 1 has put down the right fork
3716 2 has taken the left fork
3716 2 has taken the right fork
3716 2 is eating
DBG_EAT: id=2 time_last_meal=3716
3716 1 is sleeping
3716 4 has taken the left fork
3716 4 has taken the right fork
3716 4 is eating
DBG_EAT: id=4 time_last_meal=3716
3776 1 is thinking
3776 3 is thinking
DBG_EAT2: id=2 meals=19
3816 2 has put down the right fork
DBG_EAT2: id=4 meals=19
3816 4 has put down the right fork
3816 2 has put down the left fork
3816 4 has put down the left fork
3816 4 is sleeping
3816 2 is sleeping
3816 3 has taken the right fork
3816 3 has taken the left fork
3816 3 is eating
DBG_EAT: id=3 time_last_meal=3816
3816 1 has taken the right fork
3816 1 has taken the left fork
3816 1 is eating
DBG_EAT: id=1 time_last_meal=3816
3876 2 is thinking
3876 4 is thinking
DBG_EAT2: id=1 meals=20
3916 1 has put down the left fork
DBG_EAT2: id=3 meals=20
3916 3 has put down the left fork
3916 1 has put down the right fork
3916 1 is sleeping
3916 3 has put down the right fork
3916 3 is sleeping
3916 4 has taken the left fork
3916 4 has taken the right fork
3916 4 is eating
DBG_EAT: id=4 time_last_meal=3916
3916 2 has taken the left fork
3916 2 has taken the right fork
3916 2 is eating
DBG_EAT: id=2 time_last_meal=3916
3976 1 is thinking
3976 3 is thinking
DBG_EAT2: id=2 meals=20
4017 2 has put down the right fork
DBG_EAT2: id=4 meals=20
4017 4 has put down the right fork
4017 2 has put down the left fork
4017 2 is sleeping
4017 4 has put down the left fork
4017 4 is sleeping
4017 1 has taken the right fork
4017 1 has taken the left fork
4017 1 is eating
DBG_EAT: id=1 time_last_meal=4017
4017 3 has taken the right fork
4017 3 has taken the left fork
4017 3 is eating
DBG_EAT: id=3 time_last_meal=4017
4077 4 is thinking
4077 2 is thinking
DBG_EAT2: id=1 meals=21
4117 1 has put down the left fork
DBG_EAT2: id=3 meals=21
4117 3 has put down the left fork
4117 1 has put down the right fork
4117 3 has put down the right fork
4117 3 is sleeping
4117 1 is sleeping
4117 4 has taken the left fork
4117 4 has taken the right fork
4117 4 is eating
DBG_EAT: id=4 time_last_meal=4117
4117 2 has taken the left fork
4117 2 has taken the right fork
4117 2 is eating
DBG_EAT: id=2 time_last_meal=4117
4177 3 is thinking
4177 1 is thinking
DBG_EAT2: id=4 meals=21
4217 4 has put d