DBG_INIT: meal_mutex init for philo 1
DBG_INIT: meal_mutex init for philo 2
DBG_INIT: meal_mutex init for philo 3
DBG_INIT: meal_mutex init for philo 4
DBG: init philo[1].time_last_meal=0
DBG: init philo[2].time_last_meal=0
DBG: init philo[3].time_last_meal=0
DBG: init philo[4].time_last_meal=0
1 1 has taken the right fork
1 1 has taken the left fork
1 1 is eating
DBG_EAT: id=1 time_last_meal=1
1 2 has taken the left fork
DBG: start_time=1758387193316
DBG_EAT2: id=1 meals=1
101 1 has put down the left fork
101 1 has put down the right fork
101 1 is sleeping
101 2 has taken the right fork
101 2 is eating
DBG_EAT: id=2 time_last_meal=101
102 4 has taken the left fork
102 4 has taken the right fork
102 4 is eating
DBG_EAT: id=4 time_last_meal=102
DBG_EAT2: id=4 meals=1
202 4 has put down the right fork
202 4 has put down the left fork
202 4 is sleeping
DBG_EAT2: id=2 meals=1
202 2 has put down the right fork
202 1 is thinking
202 2 has put down the left fork
202 1 has taken the right fork
202 1 has taken the left fork
202 1 is eating
DBG_EAT: id=1 time_last_meal=202
202 2 is sleeping
202 3 has taken the right fork
202 3 has taken the left fork
202 3 is eating
DBG_EAT: id=3 time_last_meal=202
DBG_EAT2: id=1 meals=2
302 1 has put down the left fork
302 1 has put down the right fork
302 1 is sleeping
302 2 is thinking
302 4 is thinking
DBG_EAT2: id=3 meals=1
302 3 has put down the left fork
302 3 has put down the right fork
303 3 is sleeping
303 2 has taken the left fork
303 2 has taken the right fork
303 2 is eating
DBG_EAT: id=2 time_last_meal=303
303 4 has taken the left fork
303 4 has taken the right fork
303 4 is eating
DBG_EAT: id=4 time_last_meal=303
403 1 is thinking
DBG_EAT2: id=4 meals=2
DBG_EAT2: id=2 meals=2
403 2 has put down the right fork
403 2 has put down the left fork
403 2 is sleeping
403 3 is thinking
403 3 has taken the right fork
403 3 has taken the left fork
403 3 is eating
DBG_EAT: id=3 time_last_meal=403
403 4 has put down the right fork
403 4 has put down the left fork
403 1 has taken the right fork
403 1 has taken the left fork
403 1 is eating
DBG_EAT: id=1 time_last_meal=403
403 4 is sleeping
DBG_EAT2: id=3 meals=2
503 4 is thinking
503 3 has put down the left fork
503 3 has put down the right fork
503 3 is sleeping
503 2 is thinking
DBG_EAT2: id=1 meals=3
503 1 has put down the left fork
503 1 has put down the right fork
503 1 is sleeping
503 4 has taken the left fork
503 4 has taken the right fork
503 4 is eating
DBG_EAT: id=4 time_last_meal=503
504 2 has taken the left fork
504 2 has taken the right fork
504 2 is eating
DBG_EAT: id=2 time_last_meal=504
DBG_EAT2: id=4 meals=3
DBG_EAT2: id=2 meals=3
604 2 has put down the right fork
604 2 has put down the left fork
604 4 has put down the right fork
604 4 has put down the left fork
604 4 is sleeping
604 1 is thinking
604 2 is sleeping
604 1 has taken the right fork
604 1 has taken the left fork
604 1 is eating
DBG_EAT: id=1 time_last_meal=604
604 3 is thinking
604 3 has taken the right fork
604 3 has taken the left fork
604 3 is eating
DBG_EAT: id=3 time_last_meal=604
DBG_EAT2: id=1 meals=4
704 1 has put down the left fork
704 1 has put down the right fork
704 1 is sleeping
DBG_EAT2: id=3 meals=3
704 3 has put down the left fork
704 3 has put down the right fork
704 4 is thinking
704 3 is sleeping
704 All philosophers ate enough
