DBG_INIT: meal_mutex init for philo 1
DBG_INIT: meal_mutex init for philo 2
DBG: init philo[1].time_last_meal=0
DBG: init philo[2].time_last_meal=0
0 1 has taken the right fork
0 1 has taken the left fork
0 1 is eating
DBG_EAT: id=1 time_last_meal=0
DBG: start_time=1758402903915
DBG_EAT2: id=1 meals=1
61 1 has put down the left fork
61 1 has put down the right fork
61 1 is sleeping
61 2 has taken the left fork
61 2 has taken the right fork
61 2 is eating
DBG_EAT: id=2 time_last_meal=61
DBG_EAT2: id=2 meals=1
122 2 has put down the right fork
122 2 has put down the left fork
122 1 is thinking
122 1 has taken the right fork
122 1 has taken the left fork
122 1 is eating
DBG_EAT: id=1 time_last_meal=122
122 2 is sleeping
184 2 is thinking
DBG_EAT2: id=1 meals=2
184 1 has put down the left fork
184 1 has put down the right fork
184 1 is sleeping
184 2 has taken the left fork
184 2 has taken the right fork
184 2 is eating
DBG_EAT: id=2 time_last_meal=184
DBG_EAT2: id=2 meals=2
245 2 has put down the right fork
245 2 has put down the left fork
245 1 is thinking
245 1 has taken the right fork
245 1 has taken the left fork
245 1 is eating
DBG_EAT: id=1 time_last_meal=245
245 2 is sleeping
DBG_EAT2: id=1 meals=3
307 1 has put down the left fork
307 1 has put down the right fork
307 2 is thinking
307 1 is sleeping
307 2 has taken the left fork
307 2 has taken the right fork
307 2 is eating
DBG_EAT: id=2 time_last_meal=307
368 1 is thinking
DBG_EAT2: id=2 meals=3
368 2 has put down the right fork
368 2 has put down the left fork
368 2 is sleeping
368 1 has taken the right fork
368 1 has taken the left fork
368 1 is eating
DBG_EAT: id=1 time_last_meal=368
DBG_EAT2: id=1 meals=4
429 1 has put down the left fork
429 1 has put down the right fork
429 2 is thinking
429 1 is sleeping
429 2 has taken the left fork
429 2 has taken the right fork
429 2 is eating
DBG_EAT: id=2 time_last_meal=429
491 1 is thinking
DBG_EAT2: id=2 meals=4
491 2 has put down the right fork
491 2 has put down the left fork
491 1 has taken the right fork
491 1 has taken the left fork
491 1 is eating
DBG_EAT: id=1 time_last_meal=491
491 2 is sleeping
DBG_EAT2: id=1 meals=5
552 1 has put down the left fork
552 1 has put down the right fork
552 2 is thinking
552 1 is sleeping
552 2 has taken the left fork
552 2 has taken the right fork
552 2 is eating
DBG_EAT: id=2 time_last_meal=552
614 1 is thinking
DBG_EAT2: id=2 meals=5
614 2 has put down the right fork
614 2 has put down the left fork
614 2 is sleeping
614 1 has taken the right fork
614 1 has taken the left fork
614 1 is eating
DBG_EAT: id=1 time_last_meal=614
614 All philosophers ate enough
DBG_EAT2: id=1 meals=6
