DBG_INIT: meal_mutex init for philo 1
DBG_INIT: meal_mutex init for philo 2
DBG_INIT: meal_mutex init for philo 3
DBG_INIT: meal_mutex init for philo 4
DBG: init philo[1].time_last_meal=0
DBG: init philo[2].time_last_meal=0
DBG: init philo[3].time_last_meal=0
DBG: init philo[4].time_last_meal=0
0 1 has taken the right fork
0 1 has taken the left fork
0 1 is eating
DBG_EAT: id=1 time_last_meal=0
0 3 has taken the right fork
0 3 has taken the left fork
0 3 is eating
DBG_EAT: id=3 time_last_meal=0
DBG: start_time=1758386958399
DBG_EAT2: id=1 meals=1
61 1 has put down the left fork
DBG_EAT2: id=3 meals=1
61 3 has put down the left fork
61 1 has put down the right fork
61 3 has put down the right fork
61 3 is sleeping
61 1 is sleeping
61 4 has taken the left fork
61 4 has taken the right fork
61 4 is eating
DBG_EAT: id=4 time_last_meal=61
61 2 has taken the left fork
61 2 has taken the right fork
61 2 is eating
DBG_EAT: id=2 time_last_meal=61
DBG_EAT2: id=2 meals=1
121 1 is thinking
121 2 has put down the right fork
121 2 has put down the left fork
121 3 is thinking
121 3 has taken the right fork
DBG_EAT2: id=4 meals=1
121 2 is sleeping
121 4 has put down the right fork
121 4 has put down the left fork
121 3 has taken the left fork
121 3 is eating
DBG_EAT: id=3 time_last_meal=121
121 4 is sleeping
121 1 has taken the right fork
121 1 has taken the left fork
121 1 is eating
DBG_EAT: id=1 time_last_meal=121
DBG_EAT2: id=1 meals=2
181 4 is thinking
181 1 has put down the left fork
181 1 has put down the right fork
DBG_EAT2: id=3 meals=2
181 2 is thinking
181 3 has put down the left fork
181 3 has put down the right fork
181 3 is sleeping
181 1 is sleeping
182 4 has taken the left fork
182 4 has taken the right fork
182 4 is eating
DBG_EAT: id=4 time_last_meal=182
182 2 has taken the left fork
182 2 has taken the right fork
182 2 is eating
DBG_EAT: id=2 time_last_meal=182
DBG_EAT2: id=4 meals=2
242 4 has put down the right fork
242 4 has put down the left fork
242 4 is sleeping
242 3 is thinking
242 1 is thinking
DBG_EAT2: id=2 meals=2
242 2 has put down the right fork
242 1 has taken the right fork
242 1 has taken the left fork
242 1 is eating
DBG_EAT: id=1 time_last_meal=242
242 2 has put down the left fork
242 2 is sleeping
242 3 has taken the right fork
242 3 has taken the left fork
242 3 is eating
DBG_EAT: id=3 time_last_meal=242
DBG_EAT2: id=1 meals=3
302 2 is thinking
302 1 has put down the left fork
302 1 has put down the right fork
302 1 is sleeping
DBG_EAT2: id=3 meals=3
302 4 is thinking
302 3 has put down the left fork
302 3 has put down the right fork
302 3 is sleeping
302 2 has taken the left fork
302 2 has taken the right fork
302 2 is eating
DBG_EAT: id=2 time_last_meal=302
302 4 has taken the left fork
302 4 has taken the right fork
302 4 is eating
DBG_EAT: id=4 time_last_meal=302
DBG_EAT2: id=2 meals=3
362 1 is thinking
362 2 has put down the right fork
362 2 has put down the left fork
362 3 is thinking
362 3 has taken the right fork
DBG_EAT2: id=4 meals=3
362 2 is sleeping
362 4 has put down the right fork
362 3 has taken the left fork
362 3 is eating
DBG_EAT: id=3 time_last_meal=362
362 4 has put down the left fork
362 4 is sleeping
362 1 has taken the right fork
362 1 has taken the left fork
362 1 is eating
DBG_EAT: id=1 time_last_meal=362
DBG_EAT2: id=1 meals=4
423 4 is thinking
423 1 has put down the left fork
423 1 has put down the right fork
DBG_EAT2: id=3 meals=4
423 3 has put down the left fork
423 3 has put down the right fork
423 3 is sleeping
423 2 is thinking
423 1 is sleeping
423 4 has taken the left fork
423 4 has taken the right fork
423 4 is eating
DBG_EAT: id=4 time_last_meal=423
423 2 has taken the left fork
423 2 has taken the right fork
423 2 is eating
DBG_EAT: id=2 time_last_meal=423
DBG_EAT2: id=4 meals=4
483 4 has put down the right fork
483 4 has put down the left fork
483 4 is sleeping
483 1 is thinking
DBG_EAT2: id=2 meals=4
483 2 has put down the right fork
483 2 has put down the left fork
483 1 has taken the right fork
483 1 has taken the left fork
483 1 is eating
DBG_EAT: id=1 time_last_meal=483
483 3 is thinking
483 3 has taken the right fork
483 3 has taken the left fork
483 3 is eating
DBG_EAT: id=3 time_last_meal=483
483 2 is sleeping
DBG_EAT2: id=1 meals=5
543 4 is thinking
543 1 has put down the left fork
543 1 has put down the right fork
543 1 is sleeping
DBG_EAT2: id=3 meals=5
543 3 has put down the left fork
543 3 has put down the right fork
543 3 is sleeping
543 2 is thinking
544 4 has taken the left fork
544 4 has taken the right fork
544 4 is eating
DBG_EAT: id=4 time_last_meal=544
544 2 has taken the left fork
544 2 has taken the right fork
544 2 is eating
DBG_EAT: id=2 time_last_meal=544
604 3 is thinking
604 1 is thinking
DBG_EAT2: id=4 meals=5
604 4 has put down the right fork
604 4 has put down the left fork
604 4 is sleeping
604 1 has taken the right fork
DBG_EAT2: id=2 meals=5
604 2 has put down the right fork
604 2 has put down the left fork
604 2 is sleeping
604 1 has taken the left fork
604 1 is eating
DBG_EAT: id=1 time_last_meal=604
604 3 has taken the right fork
604 3 has taken the left fork
604 3 is eating
DBG_EAT: id=3 time_last_meal=604
DBG_EAT2: id=3 meals=6
664 2 is thinking
664 3 has put down the left fork
664 3 has put down the right fork
DBG_EAT2: id=1 meals=6
664 1 has put down the left fork
664 1 has put down the right fork
664 1 is sleeping
664 4 is thinking
664 3 is sleeping
664 All philosophers ate enough
