DBG_INIT: meal_mutex init for philo 1
DBG_INIT: meal_mutex init for philo 2
DBG_INIT: meal_mutex init for philo 3
DBG_INIT: meal_mutex init for philo 4
DBG: init philo[1].time_last_meal=0
DBG: init philo[2].time_last_meal=0
DBG: init philo[3].time_last_meal=0
DBG: init philo[4].time_last_meal=0
0 1 has taken the right fork
0 1 has taken the left fork
0 1 is eating
DBG_EAT: id=1 time_last_meal=0
0 3 has taken the right fork
0 3 has taken the left fork
0 3 is eating
DBG_EAT: id=3 time_last_meal=0
DBG: start_time=1758386922959
DBG_EAT2: id=1 meals=1
100 1 has put down the left fork
100 1 has put down the right fork
100 1 is sleeping
100 4 has taken the left fork
DBG_EAT2: id=3 meals=1
100 3 has put down the left fork
100 4 has taken the right fork
100 4 is eating
DBG_EAT: id=4 time_last_meal=100
100 3 has put down the right fork
100 2 has taken the left fork
100 2 has taken the right fork
100 2 is eating
DBG_EAT: id=2 time_last_meal=100
100 3 is sleeping
200 1 is thinking
DBG_EAT2: id=4 meals=1
200 4 has put down the right fork
200 4 has put down the left fork
200 4 is sleeping
200 1 has taken the right fork
200 3 is thinking
DBG_EAT2: id=2 meals=1
200 2 has put down the right fork
200 1 has taken the left fork
200 1 is eating
DBG_EAT: id=1 time_last_meal=200
200 2 has put down the left fork
200 2 is sleeping
200 3 has taken the right fork
200 3 has taken the left fork
200 3 is eating
DBG_EAT: id=3 time_last_meal=200
300 4 is thinking
DBG_EAT2: id=1 meals=2
301 1 has put down the left fork
301 1 has put down the right fork
301 1 is sleeping
DBG_EAT2: id=3 meals=2
301 3 has put down the left fork
301 3 has put down the right fork
301 3 is sleeping
301 4 has taken the left fork
301 4 has taken the right fork
301 4 is eating
DBG_EAT: id=4 time_last_meal=301
301 2 is thinking
301 2 has taken the left fork
301 2 has taken the right fork
301 2 is eating
DBG_EAT: id=2 time_last_meal=301
401 1 is thinking
DBG_EAT2: id=4 meals=2
401 4 has put down the right fork
401 3 is thinking
401 4 has put down the left fork
401 1 has taken the right fork
401 4 is sleeping
DBG_EAT2: id=2 meals=2
401 2 has put down the right fork
401 2 has put down the left fork
401 2 is sleeping
401 1 has taken the left fork
401 1 is eating
DBG_EAT: id=1 time_last_meal=401
401 3 has taken the right fork
401 3 has taken the left fork
401 3 is eating
DBG_EAT: id=3 time_last_meal=401
DBG_EAT2: id=1 meals=3
501 1 has put down the left fork
501 1 has put down the right fork
501 2 is thinking
DBG_EAT2: id=3 meals=3
501 3 has put down the left fork
501 4 is thinking
501 3 has put down the right fork
501 3 is sleeping
501 1 is sleeping
501 2 has taken the left fork
501 2 has taken the right fork
501 2 is eating
DBG_EAT: id=2 time_last_meal=501
501 4 has taken the left fork
501 4 has taken the right fork
501 4 is eating
DBG_EAT: id=4 time_last_meal=501
601 3 is thinking
601 1 is thinking
DBG_EAT2: id=4 meals=3
601 4 has put down the right fork
601 4 has put down the left fork
601 4 is sleeping
DBG_EAT2: id=2 meals=3
601 2 has put down the right fork
601 2 has put down the left fork
601 1 has taken the right fork
601 1 has taken the left fork
601 1 is eating
DBG_EAT: id=1 time_last_meal=601
601 2 is sleeping
601 3 has taken the right fork
601 3 has taken the left fork
601 3 is eating
DBG_EAT: id=3 time_last_meal=601
701 4 is thinking
DBG_EAT2: id=1 meals=4
701 1 has put down the left fork
701 1 has put down the right fork
DBG_EAT2: id=3 meals=4
701 3 has put down the left fork
701 3 has put down the right fork
701 3 is sleeping
701 2 is thinking
701 1 is sleeping
702 4 has taken the left fork
702 4 has taken the right fork
702 4 is eating
DBG_EAT: id=4 time_last_meal=702
702 2 has taken the left fork
702 2 has taken the right fork
702 2 is eating
DBG_EAT: id=2 time_last_meal=702
802 3 is thinking
802 1 is thinking
DBG_EAT2: id=4 meals=4
802 4 has put down the right fork
802 4 has put down the left fork
802 4 is sleeping
802 1 has taken the right fork
DBG_EAT2: id=2 meals=4
802 2 has put down the right fork
802 1 has taken the left fork
802 1 is eating
DBG_EAT: id=1 time_last_meal=802
802 2 has put down the left fork
802 3 has taken the right fork
802 3 has taken the left fork
802 3 is eating
DBG_EAT: id=3 time_last_meal=802
802 2 is sleeping
902 4 is thinking
DBG_EAT2: id=1 meals=5
902 1 has put down the left fork
902 1 has put down the right fork
902 1 is sleeping
902 4 has taken the left fork
DBG_EAT2: id=3 meals=5
902 2 is thinking
902 3 has put down the left fork
902 3 has put down the right fork
902 4 has taken the right fork
902 4 is eating
DBG_EAT: id=4 time_last_meal=902
902 3 is sleeping
902 2 has taken the left fork
902 2 has taken the right fork
902 2 is eating
DBG_EAT: id=2 time_last_meal=902
1002 1 is thinking
DBG_EAT2: id=4 meals=5
1002 4 has put down the right fork
1002 3 is thinking
1002 4 has put down the left fork
1002 1 has taken the right fork
1002 4 is sleeping
DBG_EAT2: id=2 meals=5
1002 2 has put down the right fork
1002 2 has put down the left fork
1002 2 is sleeping
1002 3 has taken the right fork
1002 3 has taken the left fork
1002 3 is eating
DBG_EAT: id=3 time_last_meal=1002
1002 1 has taken the left fork
1002 1 is eating
DBG_EAT: id=1 time_last_meal=1002
DBG_EAT2: id=1 meals=6
DBG_EAT2: id=3 meals=6
1102 3 has put down the left fork
1102 4 is thinking
1102 1 has put down the left fork
1102 1 has put down the right fork
1102 1 is sleeping
1102 3 has put down the right fork
1102 4 has taken the left fork
1102 4 has taken the right fork
1102 4 is eating
DBG_EAT: id=4 time_last_meal=1102
1103 2 is thinking
1103 3 is sleeping
1103 2 has taken the left fork
1103 2 has taken the right fork
1103 2 is eating
DBG_EAT: id=2 time_last_meal=1103
1203 1 is thinking
DBG_EAT2: id=4 meals=6
1203 4 has put down the right fork
1203 4 has put down the left fork
1203 1 has taken the right fork
1203 4 is sleeping
1203 3 is thinking
DBG_EAT2: id=2 meals=6
1203 2 has put down the right fork
1203 1 has taken the left fork
1203 1 is eating
DBG_EAT: id=1 time_last_meal=1203
1203 2 has put down the left fork
1203 2 is sleeping
1203 3 has taken the right fork
1203 3 has taken the left fork
1203 3 is eating
DBG_EAT: id=3 time_last_meal=1203
1303 4 is thinking
DBG_EAT2: id=1 meals=7
1303 1 has put down the left fork
1303 2 is thinking
DBG_EAT2: id=3 meals=7
1303 3 has put down the left fork
1303 3 has put down the right fork
1303 1 has put down the right fork
1303 1 is sleeping
1303 3 is sleeping
1303 4 has taken the left fork
1303 4 has taken the right fork
1303 4 is eating
DBG_EAT: id=4 time_last_meal=1303
1303 2 has taken the left fork
1303 2 has taken the right fork
1303 2 is eating
DBG_EAT: id=2 time_last_meal=1303
DBG_EAT2: id=4 meals=7
1403 4 has put down the right fork
1403 4 has put down the left fork
1403 4 is sleeping
1403 1 is thinking
1403 1 has taken the right fork
1403 3 is thinking
DBG_EAT2: id=2 meals=7
1403 2 has put down the right fork
1403 2 has put down the left fork
1403 2 is sleeping
1403 3 has taken the right fork
1403 3 has taken the left fork
1403 3 is eating
DBG_EAT: id=3 time_last_meal=1403
1403 1 has taken the left fork
1403 1 is eating
DBG_EAT: id=1 time_last_meal=1403
1503 4 is thinking
1503 2 is thinking
DBG_EAT2: id=1 meals=8
1503 1 has put down the left fork
DBG_EAT2: id=3 meals=8
1503 3 has put down the left fork
1503 3 has put down the right fork
1503 1 has put down the right fork
1503 3 is sleeping
1503 1 is sleeping
1503 4 has taken the left fork
1503 4 has taken the right fork
1503 4 is eating
DBG_EAT: id=4 time_last_meal=1503
1503 2 has taken the left fork
1503 2 has taken the right fork
1503 2 is eating
DBG_EAT: id=2 time_last_meal=1503
1603 1 is thinking
1603 3 is thinking
DBG_EAT2: id=2 meals=8
1604 2 has put down the right fork
DBG_EAT2: id=4 meals=8
1604 4 has put down the right fork
1604 2 has put down the left fork
1604 2 is sleeping
1604 4 has put down the left fork
1604 1 has taken the right fork
1604 3 has taken the right fork
1604 4 is sleeping
1604 3 has taken the left fork
1604 3 is eating
DBG_EAT: id=3 time_last_meal=1604
1604 1 has taken the left fork
1604 1 is eating
DBG_EAT: id=1 time_last_meal=1604
1704 2 is thinking
1704 4 is thinking
DBG_EAT2: id=1 meals=9
1704 1 has put down the left fork
1704 1 has put down the right fork
DBG_EAT2: id=3 meals=9
1704 3 has put down the left fork
1704 3 has put down the right fork
1704 3 is sleeping
1704 1 is sleeping
1704 2 has taken the left fork
1704 2 has taken the right fork
1704 2 is eating
DBG_EAT: id=2 time_last_meal=1704
1704 4 has taken the left fork
1704 4 has taken the right fork
1704 4 is eating
DBG_EAT: id=4 time_last_meal=1704
1804 1 is thinking
DBG_EAT2: id=2 meals=9
1804 2 has put down the right fork
1804 2 has put down the left fork
1804 2 is sleeping
1804 3 is thinking
1804 3 has taken the right fork
DBG_EAT2: id=4 meals=9
1804 4 has put down the right fork
1804 3 has taken the left fork
1804 3 is eating
DBG_EAT: id=3 time_last_meal=1804
1804 4 has put down the left fork
1804 4 is sleeping
1804 1 has taken the right fork
1804 1 has taken the left fork
1804 1 is eating
DBG_EAT: id=1 time_last_meal=1804
1904 2 is thinking
DBG_EAT2: id=3 meals=10
1904 3 has put down the left fork
1904 3 has put down the right fork
1904 3 is sleeping
1904 4 is thinking
1904 2 has taken the left fork
DBG_EAT2: id=1 meals=10
1904 1 has put down the left fork
1904 1 has put down the right fork
1904 1 is sleeping
1904 2 has taken the right fork
1904 2 is eating
DBG_EAT: id=2 time_last_meal=1904
1904 4 has taken the left fork
1904 4 has taken the right fork
1904 4 is eating
DBG_EAT: id=4 time_last_meal=1904
2004 3 is thinking
DBG_EAT2: id=2 meals=10
2004 2 has put down the right fork
2004 1 is thinking
DBG_EAT2: id=4 meals=10
2004 4 has put down the right fork
2004 2 has put down the left fork
2004 4 has put down the left fork
2004 4 is sleeping
2004 2 is sleeping
2004 3 has taken the right fork
2004 3 has taken the left fork
2004 3 is eating
DBG_EAT: id=3 time_last_meal=2004
2004 1 has taken the right fork
2004 1 has taken the left fork
2004 1 is eating
DBG_EAT: id=1 time_last_meal=2004
DBG_EAT2: id=3 meals=11
2105 3 has put down the left fork
2105 3 has put down the right fork
2105 3 is sleeping
DBG_EAT2: id=1 meals=11
2105 1 has put down the left fork
2105 1 has put down the right fork
2105 4 is thinking
2105 2 is thinking
2105 1 is sleeping
2105 4 has taken the left fork
2105 2 has taken the left fork
2105 2 has taken the right fork
2105 2 is eating
DBG_EAT: id=2 time_last_meal=2105
2105 4 has taken the right fork
2105 4 is eating
DBG_EAT: id=4 time_last_meal=2105
2205 3 is thinking
2205 1 is thinking
DBG_EAT2: id=2 meals=11
DBG_EAT2: id=4 meals=11
2205 4 has put down the right fork
2205 2 has put down the right fork
2205 4 has put down the left fork
2205 4 is sleeping
2205 2 has put down the left fork
2205 3 has taken the right fork
2205 3 has taken the left fork
2205 3 is eating
DBG_EAT: id=3 time_last_meal=2205
2205 2 is sleeping
2205 1 has taken the right fork
2205 1 has taken the left fork
2205 1 is eating
DBG_EAT: id=1 time_last_meal=2205
2305 4 is thinking
2305 2 is thinking
DBG_EAT2: id=3 meals=12
2305 3 has put down the left fork
2305 3 has put down the right fork
DBG_EAT2: id=1 meals=12
2305 1 has put down the left fork
2305 1 has put down the right fork
2305 1 is sleeping
2305 3 is sleeping
2305 4 has taken the left fork
2305 4 has taken the right fork
2305 4 is eating
DBG_EAT: id=4 time_last_meal=2305
2305 2 has taken the left fork
2305 2 has taken the right fork
2305 2 is eating
DBG_EAT: id=2 time_last_meal=2305
2405 1 is thinking
2405 3 is thinking
DBG_EAT2: id=4 meals=12
2405 4 has put down the right fork
DBG_EAT2: id=2 meals=12
2405 2 has put down the right fork
2405 2 has put down the left fork
2405 2 is sleeping
2405 4 has put down the left fork
2405 1 has taken the right fork
2405 1 has taken the left fork
2405 1 is eating
DBG_EAT: id=1 time_last_meal=2405
2405 4 is sleeping
2405 3 has taken the right fork
2405 3 has taken the left fork
2405 3 is eating
DBG_EAT: id=3 time_last_meal=2405
2505 2 is thinking
2505 4 is thinking
DBG_EAT2: id=1 meals=13
2505 1 has put down the left fork
2505 1 has put down the right fork
DBG_EAT2: id=3 meals=13
2505 3 has put down the left fork
2505 3 has put down the right fork
2506 4 has taken the left fork
2506 4 has taken the right fork
2506 4 is eating
DBG_EAT: id=4 time_last_meal=2506
2506 3 is sleeping
2506 1 is sleeping
2506 2 has taken the left fork
2506 2 has taken the right fork
2506 2 is eating
DBG_EAT: id=2 time_last_meal=2506
DBG_EAT2: id=4 meals=13
2606 4 has put down the right fork
2606 4 has put down the left fork
2606 3 is thinking
2606 4 is sleeping
2606 1 is thinking
2606 1 has taken the right fork
DBG_EAT2: id=2 meals=13
2606 2 has put down the right fork
2606 1 has taken the left fork
2606 1 is eating
DBG_EAT: id=1 time_last_meal=2606
2606 2 has put down the left fork
2606 2 is sleeping
2606 3 has taken the right fork
2606 3 has taken the left fork
2606 3 is eating
DBG_EAT: id=3 time_last_meal=2606
2706 4 is thinking
DBG_EAT2: id=1 meals=14
2706 1 has put down the left fork
2706 1 has put down the right fork
2706 2 is thinking
DBG_EAT2: id=3 meals=14
2706 3 has put down the left fork
2706 3 has put down the right fork
2706 3 is sleeping
2706 1 is sleeping
2706 4 has taken the left fork
2706 4 has taken the right fork
2706 4 is eating
DBG_EAT: id=4 time_last_meal=2706
2706 2 has taken the left fork
2706 2 has taken the right fork
2706 2 is eating
DBG_EAT: id=2 time_last_meal=2706
2806 3 is thinking
2806 1 is thinking
DBG_EAT2: id=4 meals=14
2806 4 has put down the right fork
DBG_EAT2: id=2 meals=14
2806 2 has put down the right fork
2806 4 has put down the left fork
2806 4 is sleeping
2806 2 has put down the left fork
2806 1 has taken the right fork
2806 3 has taken the right fork
2806 3 has taken the left fork
2806 3 is eating
DBG_EAT: id=3 time_last_meal=2806
2806 2 is sleeping
2806 1 has taken the left fork
2806 1 is eating
DBG_EAT: id=1 time_last_meal=2806
2906 4 is thinking
2906 2 is thinking
DBG_EAT2: id=1 meals=15
2906 1 has put down the left fork
2906 1 has put down the right fork
2906 1 is sleeping
DBG_EAT2: id=3 meals=15
2906 3 has put down the left fork
2906 3 has put down the right fork
2906 3 is sleeping
2906 4 has taken the left fork
2906 4 has taken the right fork
2906 4 is eating
DBG_EAT: id=4 time_last_meal=2906
2906 2 has taken the left fork
2906 2 has taken the right fork
2906 2 is eating
DBG_EAT: id=2 time_last_meal=2906
3006 1 is thinking
3006 3 is thinking
DBG_EAT2: id=4 meals=15
3006 4 has put down the right fork
3006 4 has put down the left fork
3006 4 is sleeping
3006 1 has taken the right fork
DBG_EAT2: id=2 meals=15
3006 2 has put down the right fork
3006 1 has taken the left fork
3006 1 is eating
DBG_EAT: id=1 time_last_meal=3006
3006 2 has put down the left fork
3006 2 is sleeping
3006 3 has taken the right fork
3006 3 has taken the left fork
3006 3 is eating
DBG_EAT: id=3 time_last_meal=3006
3106 4 is thinking
DBG_EAT2: id=1 meals=16
3106 1 has put down the left fork
3106 1 has put down the right fork
3106 2 is thinking
3106 1 is sleeping
DBG_EAT2: id=3 meals=16
3106 3 has put down the left fork
3106 3 has put down the right fork
3106 3 is sleeping
3107 4 has taken the left fork
3107 4 has taken the right fork
3107 4 is eating
DBG_EAT: id=4 time_last_meal=3107
3107 2 has taken the left fork
3107 2 has taken the right fork
3107 2 is eating
DBG_EAT: id=2 time_last_meal=3107
3206 1 is thinking
3207 3 is thinking
DBG_EAT2: id=4 meals=16
3207 4 has put down the right fork
DBG_EAT2: id=2 meals=16
3207 2 has put down the right fork
3207 4 has put down the left fork
3207 4 is sleeping
3207 2 has put down the left fork
3207 1 has taken the right fork
3207 1 has taken the left fork
3207 1 is eating
DBG_EAT: id=1 time_last_meal=3207
3207 2 is sleeping
3207 3 has taken the right fork
3207 3 has taken the left fork
3207 3 is eating
DBG_EAT: id=3 time_last_meal=3207
3307 4 is thinking
3307 2 is thinking
DBG_EAT2: id=3 meals=17
DBG_EAT2: id=1 meals=17
3307 1 has put down the left fork
3307 1 has put down the right fork
3307 3 has put down the left fork
3307 3 has put down the right fork
3307 3 is sleeping
3307 1 is sleeping
3307 4 has taken the left fork
3307 4 has taken the right fork
3307 4 is eating
DBG_EAT: id=4 time_last_meal=3307
3307 2 has taken the left fork
3307 2 has taken the right fork
3307 2 is eating
DBG_EAT: id=2 time_last_meal=3307
3407 3 is thinking
3407 1 is thinking
DBG_EAT2: id=2 meals=17
DBG_EAT2: id=4 meals=17
3407 4 has put down the right fork
3407 2 has put down the right fork
3407 4 has put down the left fork
3407 4 is sleeping
3407 2 has put down the left fork
3407 2 is sleeping
3407 3 has taken the right fork
3407 3 has taken the left fork
3407 3 is eating
DBG_EAT: id=3 time_last_meal=3407
3407 1 has taken the right fork
3407 1 has taken the left fork
3407 1 is eating
DBG_EAT: id=1 time_last_meal=3407
3507 4 is thinking
DBG_EAT2: id=3 meals=18
3507 3 has put down the left fork
3507 3 has put down the right fork
DBG_EAT2: id=1 meals=18
3507 1 has put down the left fork
3507 1 has put down the right fork
3507 1 is sleeping
3507 2 is thinking
3507 3 is sleeping
3507 4 has taken the left fork
3507 4 has taken the right fork
3507 4 is eating
DBG_EAT: id=4 time_last_meal=3507
3507 2 has taken the left fork
3507 2 has taken the right fork
3507 2 is eating
DBG_EAT: id=2 time_last_meal=3507
3607 1 is thinking
3607 3 is thinking
DBG_EAT2: id=4 meals=18
3607 4 has put down the right fork
3607 4 has put down the left fork
3607 1 has taken the right fork
3607 4 is sleeping
DBG_EAT2: id=2 meals=18
3608 2 has put down the right fork
3608 1 has taken the left fork
3608 1 is eating
DBG_EAT: id=1 time_last_meal=3608
3608 2 has put down the left fork
3608 2 is sleeping
3608 3 has taken the right fork
3608 3 has taken the left fork
3608 3 is eating
DBG_EAT: id=3 time_last_meal=3608
3708 4 is thinking
DBG_EAT2: id=1 meals=19
3708 1 has put down the left fork
3708 1 has put down the right fork
3708 1 is sleeping
DBG_EAT2: id=3 meals=19
3708 3 has put down the left fork
3708 3 has put down the right fork
3708 2 is thinking
3708 3 is sleeping
3708 4 has taken the left fork
3708 4 has taken the right fork
3708 4 is eating
DBG_EAT: id=4 time_last_meal=3708
3708 2 has taken the left fork
3708 2 has taken the right fork
3708 2 is eating
DBG_EAT: id=2 time_last_meal=3708
3808 3 is thinking
3808 1 is thinking
DBG_EAT2: id=4 meals=19
3808 4 has put down the right fork
3808 4 has put down the left fork
3808 1 has taken the right fork
3808 4 is sleeping
DBG_EAT2: id=2 meals=19
3808 2 has put down the right fork
3808 1 has taken the left fork
3808 1 is eating
DBG_EAT: id=1 time_last_meal=3808
3808 2 has put down the left fork
3808 2 is sleeping
3808 3 has taken the right fork
3808 3 has taken the left fork
3808 3 is eating
DBG_EAT: id=3 time_last_meal=3808
3908 4 is thinking
DBG_EAT2: id=1 meals=20
3908 2 is thinking
3908 1 has put down the left fork
3908 1 has put down the right fork
3908 1 is sleeping
DBG_EAT2: id=3 meals=20
3908 3 has put down the left fork
3908 3 has put down the right fork
3908 3 is sleeping
3908 2 has taken the left fork
3908 2 has taken the right fork
3908 2 is eating
DBG_EAT: id=2 time_last_meal=3908
3908 4 has taken the left fork
3908 4 has taken the right fork
3908 4 is eating
DBG_EAT: id=4 time_last_meal=3908
4008 1 is thinking
4008 3 is thinking
DBG_EAT2: id=2 meals=20
4008 2 has put down the right fork
DBG_EAT2: id=4 meals=20
4008 4 has put down the right fork
4008 2 has put down the left fork
4008 4 has put down the left fork
4008 4 is sleeping
4008 3 has taken the right fork
4008 3 has taken the left fork
4008 3 is eating
4008 2 is sleeping
4008 1 has taken the right fork
4008 1 has taken the left fork
4008 1 is eating
DBG_EAT: id=1 time_last_meal=4008
DBG_EAT: id=3 time_last_meal=4008
DBG_EAT2: id=1 meals=21
4108 1 has put down the left fork
4108 1 has put down the right fork
4108 1 is sleeping
4108 4 is thinking
DBG_EAT2: id=3 meals=21
4108 3 has put down the left fork
4108 3 has put down the right fork
4108 3 is sleeping
4109 2 is thinking
4109 4 has taken the left fork
4109 4 has taken the right fork
4109 4 is eating
DBG_EAT: id=4 time_last_meal=4109
4109 2 has taken the left fork
4109 2 has taken the right fork
4109 2 is eating
DBG_EAT: id=2 time_last_meal=4109
4209 1 is thinking
4209 3 is thinking
DBG_EAT2: id=4 meals=21
4209 4 has put