DBG_INIT: meal_mutex init for philo 1
DBG_INIT: meal_mutex init for philo 2
DBG_INIT: meal_mutex init for philo 3
DBG_INIT: meal_mutex init for philo 4
DBG_INIT: meal_mutex init for philo 5
DBG: init philo[1].time_last_meal=0
DBG: init philo[2].time_last_meal=0
DBG: init philo[3].time_last_meal=0
DBG: init philo[4].time_last_meal=0
DBG: init philo[5].time_last_meal=0
0 1 has taken the right fork
0 1 has taken the left fork
0 1 is eating
DBG_EAT: id=1 time_last_meal=0
0 3 has taken the right fork
0 3 has taken the left fork
0 3 is eating
DBG_EAT: id=3 time_last_meal=0
1 4 has taken the left fork
DBG: start_time=1758387721918
DBG_EAT2: id=1 meals=1
100 1 has put down the left fork
100 1 has put down the right fork
101 1 is sleeping
DBG_EAT2: id=3 meals=1
101 3 has put down the left fork
101 3 has put down the right fork
101 4 has taken the right fork
101 4 is eating
DBG_EAT: id=4 time_last_meal=101
101 3 is sleeping
101 2 has taken the left fork
101 2 has taken the right fork
101 2 is eating
DBG_EAT: id=2 time_last_meal=101
201 1 is thinking
201 1 has taken the right fork
201 3 is thinking
DBG_EAT2: id=2 meals=1
DBG_EAT2: id=4 meals=1
201 4 has put down the right fork
201 2 has put down the right fork
201 4 has put down the left fork
201 2 has put down the left fork
201 2 is sleeping
201 1 has taken the left fork
201 1 is eating
DBG_EAT: id=1 time_last_meal=201
201 4 is sleeping
201 3 has taken the right fork
201 3 has taken the left fork
201 3 is eating
DBG_EAT: id=3 time_last_meal=201
201 5 has taken the right fork
DBG_EAT2: id=3 meals=2
301 2 is thinking
301 3 has put down the left fork
301 3 has put down the right fork
301 3 is sleeping
DBG_EAT2: id=1 meals=2
301 1 has put down the left fork
301 4 is thinking
301 1 has put down the right fork
301 1 is sleeping
302 5 has taken the left fork
302 5 is eating
DBG_EAT: id=5 time_last_meal=302
302 2 has taken the left fork
302 2 has taken the right fork
302 2 is eating
DBG_EAT: id=2 time_last_meal=302
402 3 is thinking
402 1 is thinking
DBG_EAT2: id=2 meals=2
402 2 has put down the right fork
DBG_EAT2: id=5 meals=1
402 2 has put down the left fork
402 5 has put down the left fork
402 2 is sleeping
402 5 has put down the right fork
402 5 is sleeping
402 3 has taken the right fork
402 3 has taken the left fork
402 3 is eating
DBG_EAT: id=3 time_last_meal=402
402 4 has taken the left fork
402 1 has taken the right fork
402 1 has taken the left fork
402 1 is eating
DBG_EAT: id=1 time_last_meal=402
502 5 is thinking
502 2 is thinking
DBG_EAT2: id=3 meals=3
502 3 has put down the left fork
502 3 has put down the right fork
DBG_EAT2: id=1 meals=3
502 1 has put down the left fork
502 1 has put down the right fork
502 1 is sleeping
502 3 is sleeping
502 4 has taken the right fork
502 4 is eating
DBG_EAT: id=4 time_last_meal=502
502 2 has taken the left fork
502 2 has taken the right fork
502 2 is eating
DBG_EAT: id=2 time_last_meal=502
DBG_EAT2: id=2 meals=3
602 2 has put down the right fork
602 2 has put down the left fork
602 2 is sleeping
602 1 is thinking
602 1 has taken the right fork
602 1 has taken the left fork
602 1 is eating
DBG_EAT: id=1 time_last_meal=602
DBG_EAT2: id=4 meals=2
603 4 has put down the right fork
603 4 has put down the left fork
603 3 is thinking
603 3 has taken the right fork
603 3 has taken the left fork
603 3 is eating
DBG_EAT: id=3 time_last_meal=603
603 4 is sleeping
603 5 has taken the right fork
703 2 is thinking
DBG_EAT2: id=1 meals=4
703 1 has put down the left fork
703 1 has put down the right fork
703 1 is sleeping
703 5 has taken the left fork
703 5 is eating
DBG_EAT: id=5 time_last_meal=703
DBG_EAT2: id=3 meals=4
703 3 has put down the left fork
703 4 is thinking
703 3 has put down the right fork
703 3 is sleeping
703 2 has taken the left fork
703 2 has taken the right fork
703 2 is eating
DBG_EAT: id=2 time_last_meal=703
DBG_EAT2: id=5 meals=2
803 5 has put down the left fork
803 1 is thinking
803 1 has taken the right fork
803 5 has put down the right fork
803 5 is sleeping
803 All philosophers ate enough
DBG_EAT2: id=2 meals=4
