DBG_INIT: meal_mutex init for philo 1
DBG_INIT: meal_mutex init for philo 2
DBG_INIT: meal_mutex init for philo 3
DBG: init philo[1].time_last_meal=0
DBG: init philo[2].time_last_meal=0
DBG: init philo[3].time_last_meal=0
0 1 has taken the right fork
0 1 has taken the left fork
0 1 is eating
DBG_EAT: id=1 time_last_meal=0
1 3 has taken the right fork
DBG: start_time=1758403367263
DBG_EAT2: id=1 meals=1
101 1 has put down the left fork
101 1 has put down the right fork
101 1 is sleeping
101 3 has taken the left fork
101 3 is eating
DBG_EAT: id=3 time_last_meal=101
DBG_EAT2: id=3 meals=1
202 3 has put down the left fork
202 3 has put down the right fork
202 3 is sleeping
202 2 has taken the left fork
202 2 has taken the right fork
202 2 is eating
DBG_EAT: id=2 time_last_meal=202
202 1 has died (last meal at 0)
DBG_EAT2: id=2 meals=1
