DBG_INIT: meal_mutex init for philo 1
DBG_INIT: meal_mutex init for philo 2
DBG_INIT: meal_mutex init for philo 3
DBG_INIT: meal_mutex init for philo 4
DBG: init philo[1].time_last_meal=0
DBG: init philo[2].time_last_meal=0
DBG: init philo[3].time_last_meal=0
DBG: init philo[4].time_last_meal=0
1 1 has taken the right fork
1 1 has taken the left fork
1 1 is eating
DBG_EAT: id=1 time_last_meal=1
1 3 has taken the right fork
1 3 has taken the left fork
1 3 is eating
DBG_EAT: id=3 time_last_meal=1
DBG: start_time=1758387186627
DBG_EAT2: id=1 meals=1
101 1 has put down the left fork
101 1 has put down the right fork
DBG_EAT2: id=3 meals=1
101 3 has put down the left fork
101 1 is sleeping
101 3 has put down the right fork
101 3 is sleeping
101 4 has taken the left fork
101 4 has taken the right fork
101 4 is eating
DBG_EAT: id=4 time_last_meal=101
102 2 has taken the left fork
102 2 has taken the right fork
102 2 is eating
DBG_EAT: id=2 time_last_meal=102
162 1 is thinking
162 3 is thinking
DBG_EAT2: id=2 meals=1
202 2 has put down the right fork
DBG_EAT2: id=4 meals=1
202 4 has put down the right fork
202 2 has put down the left fork
202 2 is sleeping
202 4 has put down the left fork
202 4 is sleeping
202 3 has taken the right fork
202 3 has taken the left fork
202 3 is eating
DBG_EAT: id=3 time_last_meal=202
202 1 has taken the right fork
202 1 has taken the left fork
202 1 is eating
DBG_EAT: id=1 time_last_meal=202
262 4 is thinking
262 2 is thinking
DBG_EAT2: id=1 meals=2
302 1 has put down the left fork
DBG_EAT2: id=3 meals=2
303 3 has put down the left fork
303 1 has put down the right fork
303 1 is sleeping
303 3 has put down the right fork
303 3 is sleeping
303 4 has taken the left fork
303 4 has taken the right fork
303 4 is eating
DBG_EAT: id=4 time_last_meal=303
303 2 has taken the left fork
303 2 has taken the right fork
303 2 is eating
DBG_EAT: id=2 time_last_meal=303
363 1 is thinking
363 3 is thinking
DBG_EAT2: id=2 meals=2
403 2 has put down the right fork
DBG_EAT2: id=4 meals=2
403 4 has put down the right fork
403 2 has put down the left fork
403 4 has put down the left fork
403 4 is sleeping
403 2 is sleeping
403 3 has taken the right fork
403 3 has taken the left fork
403 3 is eating
DBG_EAT: id=3 time_last_meal=403
403 1 has taken the right fork
403 1 has taken the left fork
403 1 is eating
DBG_EAT: id=1 time_last_meal=403
463 4 is thinking
463 2 is thinking
DBG_EAT2: id=3 meals=3
503 3 has put down the left fork
DBG_EAT2: id=1 meals=3
503 1 has put down the left fork
503 3 has put down the right fork
503 1 has put down the right fork
503 1 is sleeping
503 3 is sleeping
503 4 has taken the left fork
503 4 has taken the right fork
503 4 is eating
DBG_EAT: id=4 time_last_meal=503
503 2 has taken the left fork
503 2 has taken the right fork
503 2 is eating
DBG_EAT: id=2 time_last_meal=503
563 3 is thinking
563 1 is thinking
DBG_EAT2: id=4 meals=3
603 4 has put down the right fork
603 4 has put down the left fork
DBG_EAT2: id=2 meals=3
603 2 has put down the right fork
603 4 is sleeping
603 2 has put down the left fork
603 2 is sleeping
603 3 has taken the right fork
603 3 has taken the left fork
603 3 is eating
DBG_EAT: id=3 time_last_meal=603
603 1 has taken the right fork
603 1 has taken the left fork
603 1 is eating
DBG_EAT: id=1 time_last_meal=603
663 4 is thinking
663 2 is thinking
DBG_EAT2: id=1 meals=4
703 1 has put down the left fork
DBG_EAT2: id=3 meals=4
703 3 has put down the left fork
703 4 has taken the left fork
703 4 has taken the right fork
703 4 is eating
DBG_EAT: id=4 time_last_meal=703
704 3 has put down the right fork
704 3 is sleeping
704 2 has taken the left fork
704 2 has taken the right fork
704 2 is eating
DBG_EAT: id=2 time_last_meal=704
704 1 has put down the right fork
704 1 is sleeping
764 3 is thinking
764 1 is thinking
DBG_EAT2: id=4 meals=4
804 4 has put down the right fork
804 4 has put down the left fork
804 4 is sleeping
DBG_EAT2: id=2 meals=4
804 2 has put down the right fork
804 2 has put down the left fork
804 2 is sleeping
804 1 has taken the right fork
804 1 has taken the left fork
804 1 is eating
DBG_EAT: id=1 time_last_meal=804
804 3 has taken the right fork
804 3 has taken the left fork
804 3 is eating
DBG_EAT: id=3 time_last_meal=804
864 4 is thinking
864 2 is thinking
DBG_EAT2: id=3 meals=5
904 3 has put down the left fork
904 3 has put down the right fork
904 3 is sleeping
DBG_EAT2: id=1 meals=5
904 1 has put down the left fork
904 2 has taken the left fork
904 2 has taken the right fork
904 1 has put down the right fork
904 2 is eating
DBG_EAT: id=2 time_last_meal=904
904 1 is sleeping
904 4 has taken the left fork
904 4 has taken the right fork
904 4 is eating
DBG_EAT: id=4 time_last_meal=904
964 3 is thinking
964 1 is thinking
DBG_EAT2: id=2 meals=5
1004 2 has put down the right fork
1004 2 has put down the left fork
DBG_EAT2: id=4 meals=5
1004 4 has put down the right fork
1004 2 is sleeping
1004 4 has put down the left fork
1004 4 is sleeping
1004 All philosophers ate enough
