DBG_INIT: meal_mutex init for philo 1
DBG_INIT: meal_mutex init for philo 2
DBG_INIT: meal_mutex init for philo 3
DBG: init philo[1].time_last_meal=0
DBG: init philo[2].time_last_meal=0
DBG: init philo[3].time_last_meal=0
0 1 has taken the right fork
0 1 has taken the left fork
0 1 is eating
DBG_EAT: id=1 time_last_meal=0
1 2 has taken the left fork
DBG: start_time=1758386421676
DBG_EAT2: id=1 meals=1
101 1 has put down the left fork
101 1 has put down the right fork
101 1 is sleeping
101 2 has taken the right fork
101 2 is eating
DBG_EAT: id=2 time_last_meal=101
201 1 is thinking
201 1 has taken the right fork
DBG_EAT2: id=2 meals=1
201 2 has put down the right fork
201 2 has put down the left fork
201 1 has taken the left fork
201 2 is sleeping
201 1 is eating
DBG_EAT: id=1 time_last_meal=201
201 3 has taken the right fork
DBG_EAT2: id=1 meals=2
301 1 has put down the left fork
301 2 is thinking
301 1 has put down the right fork
301 3 has taken the left fork
301 3 is eating
DBG_EAT: id=3 time_last_meal=301
301 1 is sleeping
DBG_EAT2: id=3 meals=1
401 3 has put down the left fork
401 1 is thinking
401 1 has taken the right fork
401 1 has taken the left fork
401 1 is eating
DBG_EAT: id=1 time_last_meal=401
401 3 has put down the right fork
401 3 is sleeping
401 2 has taken the left fork
DBG_EAT2: id=1 meals=3
501 3 is thinking
501 1 has put down the left fork
501 1 has put down the right fork
501 2 has taken the right fork
501 1 is sleeping
501 2 is eating
DBG_EAT: id=2 time_last_meal=501
602 1 is thinking
602 1 has taken the right fork
DBG_EAT2: id=2 meals=2
602 2 has put down the right fork
602 2 has put down the left fork
602 1 has taken the left fork
602 1 is eating
DBG_EAT: id=1 time_last_meal=602
602 2 is sleeping
602 3 has taken the right fork
DBG_EAT2: id=1 meals=4
702 1 has put down the left fork
702 1 has put down the right fork
702 2 is thinking
702 1 is sleeping
702 3 has taken the left fork
702 3 is eating
DBG_EAT: id=3 time_last_meal=702
802 1 is thinking
DBG_EAT2: id=3 meals=2
802 3 has put down the left fork
802 1 has taken the right fork
802 1 has taken the left fork
802 1 is eating
DBG_EAT: id=1 time_last_meal=802
802 3 has put down the right fork
802 3 is sleeping
802 2 has taken the left fork
DBG_EAT2: id=1 meals=5
902 1 has put down the left fork
902 1 has put down the right fork
902 3 is thinking
902 1 is sleeping
902 2 has taken the right fork
902 2 is eating
DBG_EAT: id=2 time_last_meal=902
DBG_EAT2: id=2 meals=3
1002 2 has put down the right fork
1002 2 has put down the left fork
1002 1 is thinking
1002 1 has taken the right fork
1002 1 has taken the left fork
1002 1 is eating
DBG_EAT: id=1 time_last_meal=1002
1002 2 is sleeping
1002 3 has taken the right fork
1102 2 is thinking
DBG_EAT2: id=1 meals=6
1102 1 has put down the left fork
1102 1 has put down the right fork
1102 3 has taken the left fork
1102 3 is eating
1102 1 is sleeping
DBG_EAT: id=3 time_last_meal=1102
DBG_EAT2: id=3 meals=3
1203 3 has put down the left fork
1203 1 is thinking
1203 1 has taken the right fork
1203 1 has taken the left fork
1203 1 is eating
DBG_EAT: id=1 time_last_meal=1203
1203 3 has put down the right fork
1203 3 is sleeping
1203 2 has taken the left fork
DBG_EAT2: id=1 meals=7
1303 3 is thinking
1303 1 has put down the left fork
1303 1 has put down the right fork
1303 1 is sleeping
1303 2 has taken the right fork
1303 2 is eating
DBG_EAT: id=2 time_last_meal=1303
1403 1 is thinking
1403 1 has taken the right fork
DBG_EAT2: id=2 meals=4
1403 2 has put down the right fork
1403 2 has put down the left fork
1403 1 has taken the left fork
1403 1 is eating
DBG_EAT: id=1 time_last_meal=1403
1403 2 is sleeping
1403 3 has taken the right fork
1503 2 is thinking
DBG_EAT2: id=1 meals=8
1503 1 has put down the left fork
1503 1 has put down the right fork
1503 3 has taken the left fork
1503 3 is eating
DBG_EAT: id=3 time_last_meal=1503
1503 1 is sleeping
DBG_EAT2: id=3 meals=4
1603 1 is thinking
1603 3 has put down the left fork
1603 1 has taken the right fork
1603 1 has taken the left fork
1603 1 is eating
DBG_EAT: id=1 time_last_meal=1603
1603 2 has taken the left fork
1603 3 has put down the right fork
1603 3 is sleeping
DBG_EAT2: id=1 meals=9
1703 1 has put down the left fork
1703 1 has put down the right fork
1703 1 is sleeping
1703 2 has taken the right fork
1703 2 is eating
DBG_EAT: id=2 time_last_meal=1703
1704 3 is thinking
1804 1 is thinking
1804 1 has taken the right fork
DBG_EAT2: id=2 meals=5
1804 2 has put down the right fork
1804 1 has taken the left fork
1804 1 is eating
DBG_EAT: id=1 time_last_meal=1804
1804 2 has put down the left fork
1804 2 is sleeping
1804 3 has taken the right fork
DBG_EAT2: id=1 meals=10
1904 1 has put down the left fork
1904 2 is thinking
1904 1 has put down the right fork
1904 1 is sleeping
1904 3 has taken the left fork
1904 3 is eating
DBG_EAT: id=3 time_last_meal=1904
2004 1 is thinking
DBG_EAT2: id=3 meals=5
2004 3 has put down the left fork
2004 3 has put down the right fork
2004 3 is sleeping
2004 1 has taken the right fork
2004 1 has taken the left fork
2004 1 is eating
DBG_EAT: id=1 time_last_meal=2004
2004 2 has taken the left fork
2004 All philosophers ate enough
DBG_EAT2: id=1 meals=11
