DBG_INIT: meal_mutex init for philo 1
DBG_INIT: meal_mutex init for philo 2
DBG_INIT: meal_mutex init for philo 3
DBG_INIT: meal_mutex init for philo 4
DBG: init philo[1].time_last_meal=0
DBG: init philo[2].time_last_meal=0
DBG: init philo[3].time_last_meal=0
DBG: init philo[4].time_last_meal=0
1 1 has taken the right fork
1 1 has taken the left fork
1 1 is eating
DBG_EAT: id=1 time_last_meal=1
1 3 has taken the right fork
1 3 has taken the left fork
1 3 is eating
DBG_EAT: id=3 time_last_meal=1
DBG: start_time=1758387114297
DBG_EAT2: id=1 meals=1
101 1 has put down the left fork
101 1 has put down the right fork
101 1 is sleeping
101 4 has taken the left fork
DBG_EAT2: id=3 meals=1
101 3 has put down the left fork
101 3 has put down the right fork
101 4 has taken the right fork
101 3 is sleeping
101 2 has taken the left fork
101 2 has taken the right fork
101 4 is eating
101 2 is eating
DBG_EAT: id=4 time_last_meal=101
DBG_EAT: id=2 time_last_meal=101
161 1 is thinking
161 3 is thinking
DBG_EAT2: id=2 meals=1
202 2 has put down the right fork
DBG_EAT2: id=4 meals=1
202 4 has put down the right fork
202 2 has put down the left fork
202 2 is sleeping
202 4 has put down the left fork
202 4 is sleeping
202 3 has taken the right fork
202 3 has taken the left fork
202 3 is eating
DBG_EAT: id=3 time_last_meal=202
202 1 has taken the right fork
202 1 has taken the left fork
202 1 is eating
DBG_EAT: id=1 time_last_meal=202
262 4 is thinking
262 2 is thinking
DBG_EAT2: id=1 meals=2
302 1 has put down the left fork
DBG_EAT2: id=3 meals=2
302 3 has put down the left fork
302 1 has put down the right fork
302 3 has put down the right fork
302 3 is sleeping
302 1 is sleeping
302 4 has taken the left fork
302 4 has taken the right fork
302 4 is eating
DBG_EAT: id=4 time_last_meal=302
302 2 has taken the left fork
302 2 has taken the right fork
302 2 is eating
DBG_EAT: id=2 time_last_meal=302
363 3 is thinking
363 1 is thinking
DBG_EAT2: id=4 meals=2
403 4 has put down the right fork
DBG_EAT2: id=2 meals=2
403 2 has put down the right fork
403 4 has put down the left fork
403 2 has put down the left fork
403 2 is sleeping
403 4 is sleeping
403 1 has taken the right fork
403 1 has taken the left fork
403 1 is eating
DBG_EAT: id=1 time_last_meal=403
403 3 has taken the right fork
403 3 has taken the left fork
403 3 is eating
DBG_EAT: id=3 time_last_meal=403
463 4 is thinking
463 2 is thinking
DBG_EAT2: id=3 meals=3
503 3 has put down the left fork
DBG_EAT2: id=1 meals=3
503 1 has put down the left fork
503 3 has put down the right fork
503 3 is sleeping
503 1 has put down the right fork
503 1 is sleeping
503 2 has taken the left fork
503 2 has taken the right fork
503 2 is eating
DBG_EAT: id=2 time_last_meal=503
503 4 has taken the left fork
503 4 has taken the right fork
503 4 is eating
DBG_EAT: id=4 time_last_meal=503
563 1 is thinking
563 3 is thinking
DBG_EAT2: id=4 meals=3
603 4 has put down the right fork
DBG_EAT2: id=2 meals=3
603 2 has put down the right fork
603 4 has put down the left fork
603 4 is sleeping
603 2 has put down the left fork
604 2 is sleeping
604 1 has taken the right fork
604 1 has taken the left fork
604 1 is eating
DBG_EAT: id=1 time_last_meal=604
604 3 has taken the right fork
604 3 has taken the left fork
604 3 is eating
DBG_EAT: id=3 time_last_meal=604
664 2 is thinking
664 4 is thinking
DBG_EAT2: id=3 meals=4
704 3 has put down the left fork
DBG_EAT2: id=1 meals=4
704 1 has put down the left fork
704 3 has put down the right fork
704 1 has put down the right fork
704 1 is sleeping
704 3 is sleeping
704 2 has taken the left fork
704 All philosophers ate enough
