DBG_INIT: meal_mutex init for philo 1
DBG_INIT: meal_mutex init for philo 2
DBG_INIT: meal_mutex init for philo 3
DBG: init philo[1].time_last_meal=0
DBG: init philo[2].time_last_meal=0
DBG: init philo[3].time_last_meal=0
0 1 has taken the right fork
0 1 has taken the left fork
0 1 is eating
DBG_EAT: id=1 time_last_meal=0
0 3 has taken the right fork
DBG: start_time=1758403332690
DBG_EAT2: id=1 meals=1
100 1 has put down the left fork
100 1 has put down the right fork
100 1 is sleeping
100 3 has taken the left fork
100 3 is eating
DBG_EAT: id=3 time_last_meal=100
DBG_EAT2: id=3 meals=1
200 1 is thinking
200 1 has taken the right fork
200 1 has taken the left fork
200 1 is eating
DBG_EAT: id=1 time_last_meal=200
200 3 has put down the left fork
200 3 has put down the right fork
200 3 is sleeping
200 2 has taken the left fork
DBG_EAT2: id=1 meals=2
300 1 has put down the left fork
300 1 has put down the right fork
300 3 is thinking
300 2 has taken the right fork
300 2 is eating
DBG_EAT: id=2 time_last_meal=300
300 1 is sleeping
DBG_EAT2: id=2 meals=1
400 2 has put down the right fork
400 1 is thinking
400 1 has taken the right fork
400 1 has taken the left fork
400 1 is eating
DBG_EAT: id=1 time_last_meal=400
401 2 has put down the left fork
401 3 has taken the right fork
401 2 is sleeping
401 3 has died (last meal at 100)
DBG_EAT2: id=1 meals=3
