DBG_INIT: meal_mutex init for philo 1
DBG_INIT: meal_mutex init for philo 2
DBG_INIT: meal_mutex init for philo 3
DBG_INIT: meal_mutex init for philo 4
DBG: init philo[1].time_last_meal=0
DBG: init philo[2].time_last_meal=0
DBG: init philo[3].time_last_meal=0
DBG: init philo[4].time_last_meal=0
0 1 has taken the right fork
0 1 has taken the left fork
0 1 is eating
DBG_EAT: id=1 time_last_meal=0
0 3 has taken the right fork
0 3 has taken the left fork
0 3 is eating
DBG_EAT: id=3 time_last_meal=0
DBG: start_time=1758386771193
DBG_EAT2: id=1 meals=1
60 1 has put down the left fork
60 1 has put down the right fork
60 1 is sleeping
60 4 has taken the left fork
DBG_EAT2: id=3 meals=1
60 3 has put down the left fork
60 3 has put down the right fork
60 3 is sleeping
60 4 has taken the right fork
60 4 is eating
DBG_EAT: id=4 time_last_meal=60
60 2 has taken the left fork
60 2 has taken the right fork
60 2 is eating
DBG_EAT: id=2 time_last_meal=60
DBG_EAT2: id=4 meals=1
120 4 has put down the right fork
120 4 has put down the left fork
DBG_EAT2: id=2 meals=1
120 2 has put down the right fork
120 2 has put down the left fork
120 2 is sleeping
120 4 is sleeping
160 1 is thinking
160 1 has taken the right fork
160 1 has taken the left fork
160 1 is eating
DBG_EAT: id=1 time_last_meal=160
160 3 is thinking
160 3 has taken the right fork
160 3 has taken the left fork
160 3 is eating
DBG_EAT: id=3 time_last_meal=160
DBG_EAT2: id=1 meals=2
220 1 has put down the left fork
220 1 has put down the right fork
DBG_EAT2: id=3 meals=2
220 3 has put down the left fork
220 3 has put down the right fork
220 3 is sleeping
220 1 is sleeping
221 4 is thinking
221 2 is thinking
221 4 has taken the left fork
221 4 has taken the right fork
221 4 is eating
DBG_EAT: id=4 time_last_meal=221
221 2 has taken the left fork
221 2 has taken the right fork
221 2 is eating
DBG_EAT: id=2 time_last_meal=221
DBG_EAT2: id=4 meals=2
281 4 has put down the right fork
281 4 has put down the left fork
281 4 is sleeping
DBG_EAT2: id=2 meals=2
281 2 has put down the right fork
281 2 has put down the left fork
281 2 is sleeping
321 1 is thinking
321 1 has taken the right fork
321 1 has taken the left fork
321 1 is eating
DBG_EAT: id=1 time_last_meal=321
321 3 is thinking
321 3 has taken the right fork
321 3 has taken the left fork
321 3 is eating
DBG_EAT: id=3 time_last_meal=321
DBG_EAT2: id=1 meals=3
DBG_EAT2: id=3 meals=3
381 3 has put down the left fork
381 3 has put down the right fork
381 3 is sleeping
381 1 has put down the left fork
381 1 has put down the right fork
381 1 is sleeping
381 4 is thinking
381 2 is thinking
381 4 has taken the left fork
381 4 has taken the right fork
381 4 is eating
DBG_EAT: id=4 time_last_meal=381
381 2 has taken the left fork
381 2 has taken the right fork
381 2 is eating
DBG_EAT: id=2 time_last_meal=381
DBG_EAT2: id=4 meals=3
441 4 has put down the right fork
441 4 has put down the left fork
441 4 is sleeping
DBG_EAT2: id=2 meals=3
441 2 has put down the right fork
441 2 has put down the left fork
441 2 is sleeping
481 3 is thinking
481 3 has taken the right fork
481 3 has taken the left fork
481 3 is eating
DBG_EAT: id=3 time_last_meal=481
481 1 is thinking
481 1 has taken the right fork
481 1 has taken the left fork
481 1 is eating
DBG_EAT: id=1 time_last_meal=481
DBG_EAT2: id=3 meals=4
541 3 has put down the left fork
541 3 has put down the right fork
541 3 is sleeping
DBG_EAT2: id=1 meals=4
541 1 has put down the left fork
541 1 has put down the right fork
541 1 is sleeping
541 4 is thinking
541 2 is thinking
541 4 has taken the left fork
541 4 has taken the right fork
541 4 is eating
DBG_EAT: id=4 time_last_meal=541
541 2 has taken the left fork
541 2 has taken the right fork
541 2 is eating
DBG_EAT: id=2 time_last_meal=541
DBG_EAT2: id=4 meals=4
601 4 has put down the right fork
601 4 has put down the left fork
601 4 is sleeping
DBG_EAT2: id=2 meals=4
602 2 has put down the right fork
602 2 has put down the left fork
602 2 is sleeping
641 3 is thinking
641 3 has taken the right fork
641 3 has taken the left fork
641 3 is eating
DBG_EAT: id=3 time_last_meal=641
641 1 is thinking
641 1 has taken the right fork
641 1 has taken the left fork
641 1 is eating
DBG_EAT: id=1 time_last_meal=641
DBG_EAT2: id=3 meals=5
701 3 has put down the left fork
701 3 has put down the right fork
701 3 is sleeping
DBG_EAT2: id=1 meals=5
701 1 has put down the left fork
701 1 has put down the right fork
701 1 is sleeping
702 4 is thinking
702 2 is thinking
702 4 has taken the left fork
702 4 has taken the right fork
702 4 is eating
DBG_EAT: id=4 time_last_meal=702
702 2 has taken the left fork
702 2 has taken the right fork
702 2 is eating
DBG_EAT: id=2 time_last_meal=702
DBG_EAT2: id=4 meals=5
762 4 has put down the right fork
762 4 has put down the left fork
762 4 is sleeping
DBG_EAT2: id=2 meals=5
762 2 has put down the right fork
762 2 has put down the left fork
762 2 is sleeping
762 All philosophers ate enough
