DBG_INIT: meal_mutex init for philo 1
DBG_INIT: meal_mutex init for philo 2
DBG_INIT: meal_mutex init for philo 3
DBG: init philo[1].time_last_meal=0
DBG: init philo[2].time_last_meal=0
DBG: init philo[3].time_last_meal=0
0 1 has taken the right fork
0 1 has taken the left fork
0 1 is eating
DBG_EAT: id=1 time_last_meal=0
1 2 has taken the left fork
DBG: start_time=1758386432405
DBG_EAT2: id=1 meals=1
201 1 has put down the left fork
201 1 has put down the right fork
201 1 is sleeping
201 2 has taken the right fork
201 2 is eating
DBG_EAT: id=2 time_last_meal=201
261 1 is thinking
261 1 has taken the right fork
DBG_EAT2: id=2 meals=1
401 2 has put down the right fork
401 2 has put down the left fork
401 1 has taken the left fork
401 1 is eating
DBG_EAT: id=1 time_last_meal=401
401 2 is sleeping
401 3 has taken the right fork
461 2 is thinking
DBG_EAT2: id=1 meals=2
601 1 has put down the left fork
601 1 has put down the right fork
601 1 is sleeping
601 3 has taken the left fork
601 3 is eating
DBG_EAT: id=3 time_last_meal=601
661 1 is thinking
DBG_EAT2: id=3 meals=1
801 3 has put down the left fork
801 3 has put down the right fork
801 3 is sleeping
801 1 has taken the right fork
801 1 has taken the left fork
801 1 is eating
DBG_EAT: id=1 time_last_meal=801
801 2 has taken the left fork
861 3 is thinking
DBG_EAT2: id=1 meals=3
1001 1 has put down the left fork
1001 1 has put down the right fork
1001 1 is sleeping
1001 2 has taken the right fork
1001 2 is eating
DBG_EAT: id=2 time_last_meal=1001
1061 1 is thinking
1061 1 has taken the right fork
DBG_EAT2: id=2 meals=2
1201 2 has put down the right fork
1202 2 has put down the left fork
1202 1 has taken the left fork
1202 1 is eating
DBG_EAT: id=1 time_last_meal=1202
1202 2 is sleeping
1202 3 has died (last meal at 601)
DBG_EAT2: id=1 meals=4
