DBG_INIT: meal_mutex init for philo 1
DBG_INIT: meal_mutex init for philo 2
DBG: init philo[1].time_last_meal=0
DBG: init philo[2].time_last_meal=0
0 1 has taken the right fork
0 1 has taken the left fork
0 1 is eating
DBG_EAT: id=1 time_last_meal=0
DBG: start_time=1758402727045
DBG_EAT2: id=1 meals=1
101 1 has put down the left fork
101 1 has put down the right fork
101 1 is sleeping
101 2 has taken the left fork
101 2 has taken the right fork
101 2 is eating
DBG_EAT: id=2 time_last_meal=101
161 1 is thinking
DBG_EAT2: id=2 meals=1
201 2 has put down the right fork
202 2 has put down the left fork
202 2 is sleeping
202 1 has taken the right fork
202 1 has taken the left fork
202 1 is eating
DBG_EAT: id=1 time_last_meal=202
262 2 is thinking
DBG_EAT2: id=1 meals=2
302 1 has put down the left fork
302 1 has put down the right fork
302 1 is sleeping
302 2 has taken the left fork
302 2 has taken the right fork
302 2 is eating
DBG_EAT: id=2 time_last_meal=302
363 1 is thinking
DBG_EAT2: id=2 meals=2
403 2 has put down the right fork
403 2 has put down the left fork
403 1 has taken the right fork
403 1 has taken the left fork
403 1 is eating
DBG_EAT: id=1 time_last_meal=403
403 2 is sleeping
463 2 is thinking
DBG_EAT2: id=1 meals=3
503 1 has put down the left fork
503 1 has put down the right fork
503 1 is sleeping
503 2 has taken the left fork
503 2 has taken the right fork
503 2 is eating
DBG_EAT: id=2 time_last_meal=503
563 1 is thinking
DBG_EAT2: id=2 meals=3
604 2 has put down the right fork
604 2 has put down the left fork
604 2 is sleeping
604 1 has taken the right fork
604 1 has taken the left fork
604 1 is eating
DBG_EAT: id=1 time_last_meal=604
664 2 is thinking
DBG_EAT2: id=1 meals=4
704 1 has put down the left fork
704 1 has put down the right fork
704 1 is sleeping
704 2 has taken the left fork
704 2 has taken the right fork
704 2 is eating
DBG_EAT: id=2 time_last_meal=704
764 1 is thinking
DBG_EAT2: id=2 meals=4
805 2 has put down the right fork
805 2 has put down the left fork
805 2 is sleeping
805 1 has taken the right fork
805 1 has taken the left fork
805 1 is eating
DBG_EAT: id=1 time_last_meal=805
865 2 is thinking
DBG_EAT2: id=1 meals=5
905 1 has put down the left fork
905 1 has put down the right fork
905 1 is sleeping
905 2 has taken the left fork
905 2 has taken the right fork
905 2 is eating
DBG_EAT: id=2 time_last_meal=905
966 1 is thinking
DBG_EAT2: id=2 meals=5
1006 2 has put down the right fork
1006 2 has put down the left fork
1006 2 is sleeping
1006 1 has taken the right fork
1006 1 has taken the left fork
1006 1 is eating
DBG_EAT: id=1 time_last_meal=1006
1066 2 is thinking
DBG_EAT2: id=1 meals=6
1106 1 has put down the left fork
1106 1 has put down the right fork
1107 1 is sleeping
1107 2 has taken the left fork
1107 2 has taken the right fork
1107 2 is eating
DBG_EAT: id=2 time_last_meal=1107
1167 1 is thinking
DBG_EAT2: id=2 meals=6
1207 2 has put down the right fork
1207 2 has put down the left fork
1207 2 is sleeping
1207 1 has taken the right fork
1207 1 has taken the left fork
1207 1 is eating
DBG_EAT: id=1 time_last_meal=1207
1268 2 is thinking
DBG_EAT2: id=1 meals=7
1308 1 has put down the left fork
1308 1 has put down the right fork
1308 1 is sleeping
1308 2 has taken the left fork
1308 2 has taken the right fork
1308 2 is eating
DBG_EAT: id=2 time_last_meal=1308
1368 1 is thinking
DBG_EAT2: id=2 meals=7
1408 2 has put down the right fork
1408 2 has put down the left fork
1408 2 is sleeping
1408 1 has taken the right fork
1408 1 has taken the left fork
1408 1 is eating
DBG_EAT: id=1 time_last_meal=1408
1469 2 is thinking
DBG_EAT2: id=1 meals=8
1509 1 has put down the left fork
1509 1 has put down the right fork
1509 1 is sleeping
1509 2 has taken the left fork
1509 2 has taken the right fork
1509 2 is eating
DBG_EAT: id=2 time_last_meal=1509
1569 1 is thinking
DBG_EAT2: id=2 meals=8
1609 2 has put down the right fork
1609 2 has put down the left fork
1609 2 is sleeping
1609 1 has taken the right fork
1609 1 has taken the left fork
1609 1 is eating
DBG_EAT: id=1 time_last_meal=1609
1670 2 is thinking
DBG_EAT2: id=1 meals=9
1710 1 has put down the left fork
1710 1 has put down the right fork
1710 1 is sleeping
1710 2 has taken the left fork
1710 2 has taken the right fork
1710 2 is eating
DBG_EAT: id=2 time_last_meal=1710
1770 1 is thinking
DBG_EAT2: id=2 meals=9
1810 2 has put down the right fork
1810 2 has put down the left fork
1810 2 is sleeping
1810 1 has taken the right fork
1810 1 has taken the left fork
1810 1 is eating
DBG_EAT: id=1 time_last_meal=1810
1871 2 is thinking
DBG_EAT2: id=1 meals=10
1910 1 has put down the left fork
1911 1 has put down the right fork
1911 1 is sleeping
1911 2 has taken the left fork
1911 2 has taken the right fork
1911 2 is eating
DBG_EAT: id=2 time_last_meal=1911
1971 1 is thinking
DBG_EAT2: id=2 meals=10
2011 2 has put down the right fork
2011 2 has put down the left fork
2011 2 is sleeping
2011 1 has taken the right fork
2011 1 has taken the left fork
2011 1 is eating
DBG_EAT: id=1 time_last_meal=2011
2071 2 is thinking
DBG_EAT2: id=1 meals=11
2112 1 has put down the left fork
2112 1 has put down the right fork
2112 1 is sleeping
2112 2 has taken the left fork
2112 2 has taken the right fork
2112 2 is eating
DBG_EAT: id=2 time_last_meal=2112
2172 1 is thinking
DBG_EAT2: id=2 meals=11
2212 2 has put down the right fork
2212 2 has put down the left fork
2212 2 is sleeping
2212 1 has taken the right fork
2212 1 has taken the left fork
2212 1 is eating
DBG_EAT: id=1 time_last_meal=2212
2273 2 is thinking
DBG_EAT2: id=1 meals=12
2313 1 has put down the left fork
2313 1 has put down the right fork
2313 1 is sleeping
2313 2 has taken the left fork
2313 2 has taken the right fork
2313 2 is eating
DBG_EAT: id=2 time_last_meal=2313
2373 1 is thinking
DBG_EAT2: id=2 meals=12
2413 2 has put down the right fork
2413 2 has put down the left fork
2413 2 is sleeping
2413 1 has taken the right fork
2413 1 has taken the left fork
2413 1 is eating
DBG_EAT: id=1 time_last_meal=2413
2474 2 is thinking
DBG_EAT2: id=1 meals=13
2514 1 has put down the left fork
2514 1 has put down the right fork
2514 1 is sleeping
2514 2 has taken the left fork
2514 2 has taken the right fork
2514 2 is eating
DBG_EAT: id=2 time_last_meal=2514
2574 1 is thinking
DBG_EAT2: id=2 meals=13
2614 2 has put down the right fork
2614 2 has put down the left fork
2614 2 is sleeping
2614 1 has taken the right fork
2614 1 has taken the left fork
2614 1 is eating
DBG_EAT: id=1 time_last_meal=2614
2674 2 is thinking
DBG_EAT2: id=1 meals=14
2714 1 has put down the left fork
2714 1 has put down the right fork
2714 1 is sleeping
2714 2 has taken the left fork
2714 2 has taken the right fork
2714 2 is eating
DBG_EAT: id=2 time_last_meal=2714
2775 1 is thinking
DBG_EAT2: id=2 meals=14
2815 2 has put down the right fork
2815 2 has put down the left fork
2815 2 is sleeping
2815 1 has taken the right fork
2815 1 has taken the left fork
2815 1 is eating
DBG_EAT: id=1 time_last_meal=2815
2875 2 is thinking
DBG_EAT2: id=1 meals=15
2915 1 has put down the left fork
2915 1 has put down the right fork
2915 1 is sleeping
2915 2 has taken the left fork
2915 2 has taken the right fork
2915 2 is eating
DBG_EAT: id=2 time_last_meal=2915
2976 1 is thinking
DBG_EAT2: id=2 meals=15
3016 2 has put down the right fork
3016 2 has put down the left fork
3016 2 is sleeping
3016 1 has taken the right fork
3016 1 has taken the left fork
3016 1 is eating
DBG_EAT: id=1 time_last_meal=3016
3076 2 is thinking
DBG_EAT2: id=1 meals=16
3116 1 has put down the left fork
3116 1 has put down the right fork
3116 1 is sleeping
3116 2 has taken the left fork
3116 2 has taken the right fork
3116 2 is eating
DBG_EAT: id=2 time_last_meal=3116
3177 1 is thinking
DBG_EAT2: id=2 meals=16
3217 2 has put down the right fork
3217 2 has put down the left fork
3217 2 is sleeping
3217 1 has taken the right fork
3217 1 has taken the left fork
3217 1 is eating
DBG_EAT: id=1 time_last_meal=3217
3277 2 is thinking
DBG_EAT2: id=1 meals=17
3317 1 has put down the left fork
3317 1 has put down the right fork
3317 1 is sleeping
3318 2 has taken the left fork
3318 2 has taken the right fork
3318 2 has died (last meal at 3116)
