DBG_INIT: meal_mutex init for philo 1
DBG_INIT: meal_mutex init for philo 2
DBG: init philo[1].time_last_meal=0
DBG: init philo[2].time_last_meal=0
0 1 has taken the right fork
0 1 has taken the left fork
0 1 is eating
DBG_EAT: id=1 time_last_meal=0
DBG: start_time=1758403037843
DBG_EAT2: id=1 meals=1
60 1 has put down the left fork
60 1 has put down the right fork
60 1 is sleeping
60 2 has taken the left fork
60 2 has taken the right fork
60 2 is eating
DBG_EAT: id=2 time_last_meal=60
DBG_EAT2: id=2 meals=1
121 2 has put down the right fork
121 2 has put down the left fork
121 2 is sleeping
260 1 is thinking
260 1 has taken the right fork
260 1 has taken the left fork
260 1 is eating
DBG_EAT: id=1 time_last_meal=260
DBG_EAT2: id=1 meals=2
321 1 has put down the left fork
321 1 has put down the right fork
321 1 is sleeping
321 2 is thinking
321 2 has taken the left fork
321 2 has taken the right fork
321 2 is eating
DBG_EAT: id=2 time_last_meal=321
DBG_EAT2: id=2 meals=2
382 2 has put down the right fork
382 2 has put down the left fork
382 2 is sleeping
521 1 is thinking
521 1 has taken the right fork
521 1 has taken the left fork
521 1 is eating
DBG_EAT: id=1 time_last_meal=521
DBG_EAT2: id=1 meals=3
581 1 has put down the left fork
581 1 has put down the right fork
581 1 is sleeping
582 2 is thinking
582 2 has taken the left fork
582 2 has taken the right fork
582 2 is eating
DBG_EAT: id=2 time_last_meal=582
DBG_EAT2: id=2 meals=3
642 2 has put down the right fork
642 2 has put down the left fork
642 2 is sleeping
781 1 is thinking
781 1 has taken the right fork
781 1 has taken the left fork
781 1 is eating
DBG_EAT: id=1 time_last_meal=781
DBG_EAT2: id=1 meals=4
841 1 has put down the left fork
841 1 has put down the right fork
842 1 is sleeping
842 2 is thinking
842 2 has taken the left fork
842 2 has taken the right fork
842 2 is eating
DBG_EAT: id=2 time_last_meal=842
DBG_EAT2: id=2 meals=4
903 2 has put down the right fork
903 2 has put down the left fork
903 2 is sleeping
1042 1 is thinking
1042 1 has taken the right fork
1042 1 has taken the left fork
1042 1 is eating
DBG_EAT: id=1 time_last_meal=1042
DBG_EAT2: id=1 meals=5
1102 1 has put down the left fork
1102 1 has put down the right fork
1102 1 is sleeping
1103 2 is thinking
1103 2 has taken the left fork
1103 2 has taken the right fork
1103 2 is eating
DBG_EAT: id=2 time_last_meal=1103
DBG_EAT2: id=2 meals=5
1163 2 has put down the right fork
1163 2 has put down the left fork
1164 2 is sleeping
1302 1 is thinking
1302 1 has taken the right fork
1302 1 has taken the left fork
1302 1 is eating
DBG_EAT: id=1 time_last_meal=1302
DBG_EAT2: id=1 meals=6
1363 1 has put down the left fork
1363 1 has put down the right fork
1363 1 is sleeping
1364 2 is thinking
1364 2 has taken the left fork
1364 2 has taken the right fork
1364 2 is eating
DBG_EAT: id=2 time_last_meal=1364
DBG_EAT2: id=2 meals=6
1424 2 has put down the right fork
1424 2 has put down the left fork
1424 2 is sleeping
1563 1 is thinking
1563 1 has taken the right fork
1563 1 has taken the left fork
1563 1 is eating
DBG_EAT: id=1 time_last_meal=1563
DBG_EAT2: id=1 meals=7
1623 1 has put down the left fork
1623 1 has put down the right fork
1623 1 is sleeping
1624 2 is thinking
1624 2 has taken the left fork
1624 2 has taken the right fork
1624 2 is eating
DBG_EAT: id=2 time_last_meal=1624
DBG_EAT2: id=2 meals=7
1685 2 has put down the right fork
1685 2 has put down the left fork
1685 2 is sleeping
1823 1 is thinking
1823 1 has taken the right fork
1823 1 has taken the left fork
1823 1 is eating
DBG_EAT: id=1 time_last_meal=1823
DBG_EAT2: id=1 meals=8
1883 1 has put down the left fork
1883 1 has put down the right fork
1883 1 is sleeping
1885 2 is thinking
1885 2 has taken the left fork
1885 2 has taken the right fork
1885 2 is eating
DBG_EAT: id=2 time_last_meal=1885
DBG_EAT2: id=2 meals=8
1945 2 has put down the right fork
1945 2 has put down the left fork
1945 2 is sleeping
2083 1 is thinking
2083 1 has taken the right fork
2083 1 has taken the left fork
2083 1 is eating
DBG_EAT: id=1 time_last_meal=2083
DBG_EAT2: id=1 meals=9
2144 1 has put down the left fork
2144 1 has put down the right fork
2144 1 is sleeping
2145 2 is thinking
2146 2 has taken the left fork
2146 2 has taken the right fork
2146 2 is eating
DBG_EAT: id=2 time_last_meal=2146
DBG_EAT2: id=2 meals=9
2206 2 has put down the right fork
2206 2 has put down the left fork
2206 2 is sleeping
2344 1 is thinking
2344 1 has taken the right fork
2344 1 has taken the left fork
2344 1 is eating
DBG_EAT: id=1 time_last_meal=2344
DBG_EAT2: id=1 meals=10
2404 1 has put down the left fork
2404 1 has put down the right fork
2404 1 is sleeping
2406 2 is thinking
2406 2 has taken the left fork
2406 2 has taken the right fork
2406 2 is eating
DBG_EAT: id=2 time_last_meal=2406
DBG_EAT2: id=2 meals=10
2466 2 has put down the right fork
2466 2 has put down the left fork
2467 2 is sleeping
2604 1 is thinking
2604 1 has taken the right fork
2604 1 has taken the left fork
2604 1 is eating
DBG_EAT: id=1 time_last_meal=2604
DBG_EAT2: id=1 meals=11
2665 1 has put down the left fork
2665 1 has put down the right fork
2665 1 is sleeping
2667 2 is thinking
2667 2 has taken the left fork
2667 2 has taken the right fork
2667 2 is eating
DBG_EAT: id=2 time_last_meal=2667
DBG_EAT2: id=2 meals=11
2727 2 has put down the right fork
2727 2 has put down the left fork
2727 2 is sleeping
2865 1 is thinking
2865 1 has taken the right fork
2865 1 has taken the left fork
2865 1 is eating
DBG_EAT: id=1 time_last_meal=2865
DBG_EAT2: id=1 meals=12
2925 1 has put down the left fork
2925 1 has put down the right fork
2925 1 is sleeping
2927 2 is thinking
2927 2 has taken the left fork
2927 2 has taken the right fork
2927 2 is eating
DBG_EAT: id=2 time_last_meal=2927
DBG_EAT2: id=2 meals=12
2987 2 has put down the right fork
2987 2 has put down the left fork
2987 2 is sleeping
3125 1 is thinking
3125 1 has taken the right fork
3125 1 has taken the left fork
3125 1 is eating
DBG_EAT: id=1 time_last_meal=3125
DBG_EAT2: id=1 meals=13
3185 1 has put down the left fork
3185 1 has put down the right fork
3185 1 is sleeping
3188 2 is thinking
3188 2 has taken the left fork
3188 2 has taken the right fork
3188 2 is eating
DBG_EAT: id=2 time_last_meal=3188
DBG_EAT2: id=2 meals=13
3248 2 has put down the right fork
3248 2 has put down the left fork
3248 2 is sleeping
3385 1 is thinking
3385 1 has taken the right fork
3385 1 has taken the left fork
3385 1 is eating
DBG_EAT: id=1 time_last_meal=3385
DBG_EAT2: id=1 meals=14
3445 1 has put down the left fork
3445 1 has put down the right fork
3445 1 is sleeping
3448 2 is thinking
3448 2 has taken the left fork
3448 2 has taken the right fork
3448 2 is eating
DBG_EAT: id=2 time_last_meal=3448
DBG_EAT2: id=2 meals=14
3508 2 has put down the right fork
3508 2 has put down the left fork
3508 2 is sleeping
3645 1 is thinking
3645 1 has taken the right fork
3645 1 has taken the left fork
3645 1 is eating
DBG_EAT: id=1 time_last_meal=3645
DBG_EAT2: id=1 meals=15
3706 1 has put down the left fork
3706 1 has put down the right fork
3706 1 is sleeping
3709 2 is thinking
3709 2 has taken the left fork
3709 2 has taken the right fork
3709 2 is eating
DBG_EAT: id=2 time_last_meal=3709
DBG_EAT2: id=2 meals=15
3769 2 has put down the right fork
3769 2 has put down the left fork
3769 2 is sleeping
3906 1 is thinking
3906 1 has taken the right fork
3906 1 has taken the left fork
3906 1 is eating
DBG_EAT: id=1 time_last_meal=3906
DBG_EAT2: id=1 meals=16
3966 1 has put down the left fork
3966 1 has put down the right fork
3966 1 is sleeping
3969 2 is thinking
3970 2 has taken the left fork
3970 2 has taken the right fork
3970 2 is eating
DBG_EAT: id=2 time_last_meal=3970
DBG_EAT2: id=2 meals=16
4030 2 has put down the right fork
4030 2 has put down the left fork
4030 2 is sleeping
4166 1 is thinking
4166 1 has taken the right fork
4166 1 has taken the left fork
4166 1 is eating
DBG_EAT: id=1 time_last_meal=4166
DBG_EAT2: id=1 meals=17
4226 1 has put down the left fork
4226 1 has put down the right fork
4226 1 is sleeping
4230 2 is thinking
4230 2 has taken the left fork
4230 2 has t