DBG_INIT: meal_mutex init for philo 1
DBG_INIT: meal_mutex init for philo 2
DBG_INIT: meal_mutex init for philo 3
DBG_INIT: meal_mutex init for philo 4
DBG: init philo[1].time_last_meal=0
DBG: init philo[2].time_last_meal=0
DBG: init philo[3].time_last_meal=0
DBG: init philo[4].time_last_meal=0
0 1 has taken the right fork
0 1 has taken the left fork
0 1 is eating
DBG_EAT: id=1 time_last_meal=0
0 3 has taken the right fork
0 3 has taken the left fork
0 3 is eating
DBG_EAT: id=3 time_last_meal=0
DBG: start_time=1758386808578
DBG_EAT2: id=1 meals=1
60 1 has put down the left fork
60 1 has put down the right fork
60 4 has taken the left fork
60 1 is sleeping
DBG_EAT2: id=3 meals=1
60 3 has put down the left fork
60 3 has put down the right fork
60 4 has taken the right fork
60 4 is eating
DBG_EAT: id=4 time_last_meal=60
60 3 is sleeping
60 2 has taken the left fork
60 2 has taken the right fork
60 2 is eating
DBG_EAT: id=2 time_last_meal=60
120 1 is thinking
120 3 is thinking
DBG_EAT2: id=4 meals=1
120 4 has put down the right fork
DBG_EAT2: id=2 meals=1
120 2 has put down the right fork
120 4 has put down the left fork
120 2 has put down the left fork
120 2 is sleeping
120 4 is sleeping
120 3 has taken the right fork
120 3 has taken the left fork
120 3 is eating
DBG_EAT: id=3 time_last_meal=120
120 1 has taken the right fork
120 1 has taken the left fork
120 1 is eating
DBG_EAT: id=1 time_last_meal=120
181 2 is thinking
181 4 is thinking
DBG_EAT2: id=1 meals=2
181 1 has put down the left fork
181 1 has put down the right fork
DBG_EAT2: id=3 meals=2
181 3 has put down the left fork
181 3 has put down the right fork
181 3 is sleeping
181 1 is sleeping
181 2 has taken the left fork
181 2 has taken the right fork
181 2 is eating
DBG_EAT: id=2 time_last_meal=181
181 4 has taken the left fork
181 4 has taken the right fork
181 4 is eating
DBG_EAT: id=4 time_last_meal=181
241 3 is thinking
241 1 is thinking
DBG_EAT2: id=2 meals=2
241 2 has put down the right fork
241 2 has put down the left fork
241 2 is sleeping
DBG_EAT2: id=4 meals=2
241 4 has put down the right fork
241 3 has taken the right fork
241 3 has taken the left fork
241 3 is eating
DBG_EAT: id=3 time_last_meal=241
241 4 has put down the left fork
241 4 is sleeping
241 1 has taken the right fork
241 1 has taken the left fork
241 1 is eating
DBG_EAT: id=1 time_last_meal=241
301 2 is thinking
DBG_EAT2: id=3 meals=3
301 3 has put down the left fork
301 3 has put down the right fork
301 3 is sleeping
301 4 is thinking
DBG_EAT2: id=1 meals=3
301 1 has put down the left fork
301 1 has put down the right fork
301 1 is sleeping
301 2 has taken the left fork
301 2 has taken the right fork
301 4 has taken the left fork
301 4 has taken the right fork
301 4 is eating
DBG_EAT: id=4 time_last_meal=301
301 2 is eating
DBG_EAT: id=2 time_last_meal=301
361 3 is thinking
DBG_EAT2: id=2 meals=3
361 2 has put down the right fork
361 1 is thinking
361 2 has put down the left fork
361 2 is sleeping
361 3 has taken the right fork
DBG_EAT2: id=4 meals=3
361 4 has put down the right fork
361 4 has put down the left fork
361 4 is sleeping
361 3 has taken the left fork
361 3 is eating
DBG_EAT: id=3 time_last_meal=361
361 1 has taken the right fork
361 1 has taken the left fork
361 1 is eating
DBG_EAT: id=1 time_last_meal=361
421 2 is thinking
DBG_EAT2: id=3 meals=4
421 3 has put down the left fork
421 3 has put down the right fork
421 3 is sleeping
421 4 is thinking
421 2 has taken the left fork
DBG_EAT2: id=1 meals=4
421 1 has put down the left fork
421 1 has put down the right fork
421 2 has taken the right fork
421 2 is eating
DBG_EAT: id=2 time_last_meal=421
421 1 is sleeping
421 4 has taken the left fork
421 4 has taken the right fork
421 4 is eating
DBG_EAT: id=4 time_last_meal=421
481 3 is thinking
DBG_EAT2: id=2 meals=4
481 2 has put down the right fork
481 1 is thinking
481 2 has put down the left fork
481 2 is sleeping
481 3 has taken the right fork
DBG_EAT2: id=4 meals=4
482 4 has put down the right fork
482 4 has put down the left fork
482 4 is sleeping
482 3 has taken the left fork
482 3 is eating
DBG_EAT: id=3 time_last_meal=482
482 1 has taken the right fork
482 1 has taken the left fork
482 1 is eating
DBG_EAT: id=1 time_last_meal=482
542 2 is thinking
542 4 is thinking
DBG_EAT2: id=3 meals=5
542 3 has put down the left fork
DBG_EAT2: id=1 meals=5
542 3 has put down the right fork
542 3 is sleeping
542 1 has put down the left fork
542 1 has put down the right fork
542 2 has taken the left fork
542 2 has taken the right fork
542 2 is eating
DBG_EAT: id=2 time_last_meal=542
542 1 is sleeping
542 4 has taken the left fork
542 4 has taken the right fork
542 4 is eating
DBG_EAT: id=4 time_last_meal=542
602 3 is thinking
DBG_EAT2: id=2 meals=5
602 2 has put down the right fork
602 2 has put down the left fork
602 3 has taken the right fork
602 2 is sleeping
DBG_EAT2: id=4 meals=5
602 1 is thinking
602 4 has put down the right fork
602 4 has put down the left fork
602 4 is sleeping
602 3 has taken the left fork
602 3 is eating
DBG_EAT: id=3 time_last_meal=602
602 1 has taken the right fork
602 1 has taken the left fork
602 1 is eating
DBG_EAT: id=1 time_last_meal=602
662 2 is thinking
662 4 is thinking
DBG_EAT2: id=1 meals=6
662 1 has put down the left fork
662 1 has put down the right fork
662 1 is sleeping
DBG_EAT2: id=3 meals=6
662 3 has put down the left fork
662 3 has put down the right fork
662 3 is sleeping
662 2 has taken the left fork
662 2 has taken the right fork
662 2 is eating
DBG_EAT: id=2 time_last_meal=662
662 4 has taken the left fork
662 4 has taken the right fork
662 4 is eating
DBG_EAT: id=4 time_last_meal=662
722 1 is thinking
722 3 is thinking
DBG_EAT2: id=2 meals=6
722 2 has put down the right fork
722 2 has put down the left fork
722 3 has taken the right fork
722 2 is sleeping
DBG_EAT2: id=4 meals=6
722 4 has put down the right fork
722 4 has put down the left fork
722 4 is sleeping
722 1 has taken the right fork
722 1 has taken the left fork
722 1 is eating
DBG_EAT: id=1 time_last_meal=722
722 3 has taken the left fork
722 3 is eating
DBG_EAT: id=3 time_last_meal=722
782 2 is thinking
782 4 is thinking
DBG_EAT2: id=3 meals=7
DBG_EAT2: id=1 meals=7
782 1 has put down the left fork
782 1 has put down the right fork
782 3 has put down the left fork
782 1 is sleeping
783 3 has put down the right fork
783 3 is sleeping
783 2 has taken the left fork
783 2 has taken the right fork
783 2 is eating
DBG_EAT: id=2 time_last_meal=783
783 4 has taken the left fork
783 4 has taken the right fork
783 4 is eating
DBG_EAT: id=4 time_last_meal=783
843 1 is thinking
843 3 is thinking
DBG_EAT2: id=4 meals=7
843 4 has put down the right fork
843 4 has put down the left fork
843 4 is sleeping
DBG_EAT2: id=2 meals=7
843 2 has put down the right fork
843 2 has put down the left fork
843 3 has taken the right fork
843 3 has taken the left fork
843 3 is eating
DBG_EAT: id=3 time_last_meal=843
843 2 is sleeping
843 1 has taken the right fork
843 1 has taken the left fork
843 1 is eating
DBG_EAT: id=1 time_last_meal=843
2780 4 is thinking
DBG_EAT2: id=3 meals=8
2780 3 has put down the left fork
2780 2 is thinking
DBG_EAT2: id=1 meals=8
2780 1 has put down the left fork
2780 1 has put down the right fork
2780 1 is sleeping
2780 3 has put down the right fork
2780 3 is sleeping
2780 3 has died (last meal at 843)
