DBG_INIT: meal_mutex init for philo 1
DBG_INIT: meal_mutex init for philo 2
DBG_INIT: meal_mutex init for philo 3
DBG_INIT: meal_mutex init for philo 4
DBG: init philo[1].time_last_meal=0
DBG: init philo[2].time_last_meal=0
DBG: init philo[3].time_last_meal=0
DBG: init philo[4].time_last_meal=0
1 1 has taken the right fork
1 1 has taken the left fork
1 1 is eating
DBG_EAT: id=1 time_last_meal=1
1 3 has taken the right fork
1 3 has taken the left fork
1 3 is eating
DBG_EAT: id=3 time_last_meal=1
DBG: start_time=1758387256404
DBG_EAT2: id=1 meals=1
61 1 has put down the left fork
61 1 has put down the right fork
DBG_EAT2: id=3 meals=1
61 3 has put down the left fork
61 1 is sleeping
61 4 has taken the left fork
61 4 has taken the right fork
61 4 is eating
DBG_EAT: id=4 time_last_meal=61
61 3 has put down the right fork
61 3 is sleeping
61 2 has taken the left fork
61 2 has taken the right fork
61 2 is eating
DBG_EAT: id=2 time_last_meal=61
DBG_EAT2: id=4 meals=1
122 4 has put down the right fork
122 4 has put down the left fork
DBG_EAT2: id=2 meals=1
122 2 has put down the right fork
122 2 has put down the left fork
122 2 is sleeping
122 4 is sleeping
261 1 is thinking
261 1 has taken the right fork
261 1 has taken the left fork
261 1 is eating
DBG_EAT: id=1 time_last_meal=261
261 3 is thinking
261 3 has taken the right fork
261 3 has taken the left fork
261 3 is eating
DBG_EAT: id=3 time_last_meal=261
DBG_EAT2: id=1 meals=2
321 1 has put down the left fork
321 1 has put down the right fork
322 1 is sleeping
DBG_EAT2: id=3 meals=2
322 3 has put down the left fork
322 3 has put down the right fork
322 3 is sleeping
322 2 is thinking
322 4 is thinking
322 4 has taken the left fork
322 4 has taken the right fork
322 4 is eating
DBG_EAT: id=4 time_last_meal=322
322 2 has taken the left fork
322 2 has taken the right fork
322 2 is eating
DBG_EAT: id=2 time_last_meal=322
DBG_EAT2: id=4 meals=2
382 4 has put down the right fork
383 4 has put down the left fork
383 4 is sleeping
DBG_EAT2: id=2 meals=2
383 2 has put down the right fork
383 2 has put down the left fork
383 2 is sleeping
522 1 is thinking
522 1 has taken the right fork
522 1 has taken the left fork
522 1 is eating
DBG_EAT: id=1 time_last_meal=522
522 3 is thinking
522 3 has taken the right fork
522 3 has taken the left fork
522 3 is eating
DBG_EAT: id=3 time_last_meal=522
DBG_EAT2: id=1 meals=3
582 1 has put down the left fork
582 1 has put down the right fork
582 1 is sleeping
DBG_EAT2: id=3 meals=3
582 3 has put down the left fork
582 3 has put down the right fork
582 3 is sleeping
583 4 is thinking
583 2 is thinking
583 4 has taken the left fork
583 4 has taken the right fork
583 4 is eating
DBG_EAT: id=4 time_last_meal=583
583 2 has taken the left fork
583 2 has taken the right fork
583 2 is eating
DBG_EAT: id=2 time_last_meal=583
DBG_EAT2: id=4 meals=3
643 4 has put down the right fork
643 4 has put down the left fork
DBG_EAT2: id=2 meals=3
643 2 has put down the right fork
643 2 has put down the left fork
643 2 is sleeping
643 4 is sleeping
782 1 is thinking
782 1 has taken the right fork
782 1 has taken the left fork
782 1 is eating
DBG_EAT: id=1 time_last_meal=782
782 3 is thinking
782 3 has taken the right fork
782 3 has taken the left fork
782 3 is eating
DBG_EAT: id=3 time_last_meal=782
DBG_EAT2: id=1 meals=4
842 1 has put down the left fork
842 1 has put down the right fork
DBG_EAT2: id=3 meals=4
842 3 has put down the left fork
842 3 has put down the right fork
842 3 is sleeping
842 1 is sleeping
843 4 is thinking
843 2 is thinking
843 4 has taken the left fork
843 4 has taken the right fork
843 4 is eating
DBG_EAT: id=4 time_last_meal=843
843 2 has taken the left fork
843 2 has taken the right fork
843 2 is eating
DBG_EAT: id=2 time_last_meal=843
DBG_EAT2: id=2 meals=4
904 2 has put down the right fork
904 2 has put down the left fork
DBG_EAT2: id=4 meals=4
904 4 has put down the right fork
904 4 has put down the left fork
904 4 is sleeping
904 2 is sleeping
1042 3 is thinking
1042 3 has taken the right fork
1042 3 has taken the left fork
1042 3 is eating
DBG_EAT: id=3 time_last_meal=1042
1042 1 is thinking
1042 1 has taken the right fork
1042 1 has taken the left fork
1042 1 is eating
DBG_EAT: id=1 time_last_meal=1042
DBG_EAT2: id=3 meals=5
1103 3 has put down the left fork
1103 3 has put down the right fork
DBG_EAT2: id=1 meals=5
1103 1 has put down the left fork
1103 1 has put down the right fork
1103 1 is sleeping
1103 3 is sleeping
1104 4 is thinking
1104 2 is thinking
1104 4 has taken the left fork
1104 4 has taken the right fork
1104 4 is eating
DBG_EAT: id=4 time_last_meal=1104
1104 2 has taken the left fork
1104 2 has taken the right fork
1104 2 is eating
DBG_EAT: id=2 time_last_meal=1104
DBG_EAT2: id=2 meals=5
1164 2 has put down the right fork
1164 2 has put down the left fork
1164 2 is sleeping
DBG_EAT2: id=4 meals=5
1164 4 has put down the right fork
1164 4 has put down the left fork
1164 4 is sleeping
1165 All philosophers ate enough
