DBG_INIT: meal_mutex init for philo 1
DBG_INIT: meal_mutex init for philo 2
DBG: init philo[1].time_last_meal=0
DBG: init philo[2].time_last_meal=0
1 1 has taken the right fork
1 1 has taken the left fork
1 1 is eating
DBG_EAT: id=1 time_last_meal=1
DBG: start_time=1758402825652
DBG_EAT2: id=1 meals=1
101 1 has put down the left fork
101 1 has put down the right fork
102 1 is sleeping
102 2 has taken the left fork
102 2 has taken the right fork
102 2 is eating
DBG_EAT: id=2 time_last_meal=102
202 1 is thinking
DBG_EAT2: id=2 meals=1
202 2 has put down the right fork
202 2 has put down the left fork
202 2 is sleeping
202 1 has taken the right fork
202 1 has taken the left fork
202 1 is eating
DBG_EAT: id=1 time_last_meal=202
DBG_EAT2: id=1 meals=2
302 1 has put down the left fork
302 1 has put down the right fork
302 2 is thinking
302 1 is sleeping
303 2 has taken the left fork
303 2 has taken the right fork
303 2 is eating
DBG_EAT: id=2 time_last_meal=303
403 1 is thinking
DBG_EAT2: id=2 meals=2
403 2 has put down the right fork
403 2 has put down the left fork
403 2 is sleeping
403 1 has taken the right fork
403 1 has taken the left fork
403 1 is eating
DBG_EAT: id=1 time_last_meal=403
503 2 is thinking
DBG_EAT2: id=1 meals=3
503 1 has put down the left fork
503 1 has put down the right fork
503 1 is sleeping
504 2 has taken the left fork
504 2 has taken the right fork
504 2 is eating
DBG_EAT: id=2 time_last_meal=504
DBG_EAT2: id=2 meals=3
604 2 has put down the right fork
604 2 has put down the left fork
604 1 is thinking
604 1 has taken the right fork
604 1 has taken the left fork
604 1 is eating
DBG_EAT: id=1 time_last_meal=604
604 2 is sleeping
604 All philosophers ate enough
DBG_EAT2: id=1 meals=4
