DBG_INIT: meal_mutex init for philo 1
DBG_INIT: meal_mutex init for philo 2
DBG_INIT: meal_mutex init for philo 3
DBG_INIT: meal_mutex init for philo 4
DBG: init philo[1].time_last_meal=0
DBG: init philo[2].time_last_meal=0
DBG: init philo[3].time_last_meal=0
DBG: init philo[4].time_last_meal=0
0 1 has taken the right fork
0 1 has taken the left fork
0 1 is eating
DBG_EAT: id=1 time_last_meal=0
0 3 has taken the right fork
0 3 has taken the left fork
0 3 is eating
DBG_EAT: id=3 time_last_meal=0
DBG: start_time=1758387038737
DBG_EAT2: id=1 meals=1
100 1 has put down the left fork
101 1 has put down the right fork
DBG_EAT2: id=3 meals=1
101 3 has put down the left fork
101 1 is sleeping
101 3 has put down the right fork
101 4 has taken the left fork
101 4 has taken the right fork
101 4 is eating
DBG_EAT: id=4 time_last_meal=101
101 3 is sleeping
101 2 has taken the left fork
101 2 has taken the right fork
101 2 is eating
DBG_EAT: id=2 time_last_meal=101
161 1 is thinking
161 3 is thinking
DBG_EAT2: id=4 meals=1
201 4 has put down the right fork
DBG_EAT2: id=2 meals=1
201 2 has put down the right fork
201 4 has put down the left fork
201 2 has put down the left fork
201 2 is sleeping
201 4 is sleeping
201 1 has taken the right fork
201 1 has taken the left fork
201 1 is eating
DBG_EAT: id=1 time_last_meal=201
201 3 has taken the right fork
201 3 has taken the left fork
201 3 is eating
DBG_EAT: id=3 time_last_meal=201
261 2 is thinking
261 4 is thinking
DBG_EAT2: id=1 meals=2
301 1 has put down the left fork
301 1 has put down the right fork
DBG_EAT2: id=3 meals=2
301 3 has put down the left fork
301 4 has taken the left fork
301 4 has taken the right fork
301 4 is eating
DBG_EAT: id=4 time_last_meal=301
301 3 has put down the right fork
301 3 is sleeping
301 1 is sleeping
301 2 has taken the left fork
301 2 has taken the right fork
301 2 is eating
DBG_EAT: id=2 time_last_meal=301
362 3 is thinking
362 1 is thinking
DBG_EAT2: id=2 meals=2
402 2 has put down the right fork
DBG_EAT2: id=4 meals=2
402 4 has put down the right fork
402 2 has put down the left fork
402 4 has put down the left fork
402 4 is sleeping
402 2 is sleeping
402 3 has taken the right fork
402 1 has taken the right fork
402 1 has taken the left fork
402 1 is eating
DBG_EAT: id=1 time_last_meal=402
402 3 has taken the left fork
402 3 is eating
DBG_EAT: id=3 time_last_meal=402
462 2 is thinking
462 4 is thinking
DBG_EAT2: id=3 meals=3
502 3 has put down the left fork
DBG_EAT2: id=1 meals=3
502 1 has put down the left fork
502 3 has put down the right fork
502 3 is sleeping
502 1 has put down the right fork
502 1 is sleeping
502 2 has taken the left fork
502 2 has taken the right fork
502 2 is eating
DBG_EAT: id=2 time_last_meal=502
502 4 has taken the left fork
502 4 has taken the right fork
502 4 is eating
DBG_EAT: id=4 time_last_meal=502
563 3 is thinking
563 1 is thinking
DBG_EAT2: id=2 meals=3
602 2 has put down the right fork
DBG_EAT2: id=4 meals=3
602 4 has put down the right fork
602 2 has put down the left fork
602 4 has put down the left fork
602 4 is sleeping
602 2 is sleeping
603 3 has taken the right fork
603 3 has taken the left fork
603 3 is eating
DBG_EAT: id=3 time_last_meal=603
603 1 has taken the right fork
603 1 has taken the left fork
603 1 is eating
DBG_EAT: id=1 time_last_meal=603
663 2 is thinking
663 4 is thinking
DBG_EAT2: id=1 meals=4
703 1 has put down the left fork
DBG_EAT2: id=3 meals=4
703 3 has put down the left fork
703 1 has put down the right fork
703 3 has put down the right fork
703 3 is sleeping
703 1 is sleeping
703 4 has taken the left fork
703 4 has taken the right fork
703 4 is eating
DBG_EAT: id=4 time_last_meal=703
703 2 has taken the left fork
703 2 has taken the right fork
703 2 is eating
DBG_EAT: id=2 time_last_meal=703
763 1 is thinking
763 3 is thinking
DBG_EAT2: id=4 meals=4
803 4 has put down the right fork
DBG_EAT2: id=2 meals=4
803 2 has put down the right fork
803 4 has put down the left fork
803 4 is sleeping
803 2 has put down the left fork
803 2 is sleeping
803 1 has taken the right fork
803 1 has taken the left fork
803 1 is eating
DBG_EAT: id=1 time_last_meal=803
804 3 has taken the right fork
804 3 has taken the left fork
804 3 is eating
DBG_EAT: id=3 time_last_meal=804
864 2 is thinking
864 4 is thinking
DBG_EAT2: id=3 meals=5
904 3 has put down the left fork
DBG_EAT2: id=1 meals=5
904 1 has put down the left fork
904 3 has put down the right fork
904 3 is sleeping
904 1 has put down the right fork
904 1 is sleeping
904 2 has taken the left fork
904 2 has taken the right fork
904 2 is eating
DBG_EAT: id=2 time_last_meal=904
904 4 has taken the left fork
904 4 has taken the right fork
904 4 is eating
DBG_EAT: id=4 time_last_meal=904
964 3 is thinking
964 1 is thinking
DBG_EAT2: id=2 meals=5
1004 2 has put down the right fork
DBG_EAT2: id=4 meals=5
1004 4 has put down the right fork
1004 2 has put down the left fork
1004 4 has put down the left fork
1004 4 is sleeping
1004 2 is sleeping
1004 3 has taken the right fork
1004 All philosophers ate enough
