DBG_INIT: meal_mutex init for philo 1
DBG_INIT: meal_mutex init for philo 2
DBG_INIT: meal_mutex init for philo 3
DBG_INIT: meal_mutex init for philo 4
DBG: init philo[1].time_last_meal=0
DBG: init philo[2].time_last_meal=0
DBG: init philo[3].time_last_meal=0
DBG: init philo[4].time_last_meal=0
0 1 has taken the right fork
0 1 has taken the left fork
0 1 is eating
DBG_EAT: id=1 time_last_meal=0
1 3 has taken the right fork
1 3 has taken the left fork
1 3 is eating
DBG_EAT: id=3 time_last_meal=1
DBG: start_time=1758387037866
DBG_EAT2: id=1 meals=1
101 1 has put down the left fork
101 1 has put down the right fork
DBG_EAT2: id=3 meals=1
101 3 has put down the left fork
101 1 is sleeping
101 3 has put down the right fork
101 3 is sleeping
101 4 has taken the left fork
101 4 has taken the right fork
101 4 is eating
DBG_EAT: id=4 time_last_meal=101
101 2 has taken the left fork
101 2 has taken the right fork
101 2 is eating
DBG_EAT: id=2 time_last_meal=101
161 1 is thinking
161 3 is thinking
DBG_EAT2: id=4 meals=1
201 4 has put down the right fork
201 4 has put down the left fork
201 4 is sleeping
201 1 has taken the right fork
DBG_EAT2: id=2 meals=1
201 2 has put down the right fork
201 1 has taken the left fork
201 1 is eating
DBG_EAT: id=1 time_last_meal=201
201 2 has put down the left fork
201 2 is sleeping
201 3 has taken the right fork
201 3 has taken the left fork
201 3 is eating
DBG_EAT: id=3 time_last_meal=201
261 2 is thinking
261 4 is thinking
DBG_EAT2: id=1 meals=2
301 1 has put down the left fork
DBG_EAT2: id=3 meals=2
302 3 has put down the left fork
302 1 has put down the right fork
302 3 has put down the right fork
302 3 is sleeping
302 1 is sleeping
302 4 has taken the left fork
302 4 has taken the right fork
302 4 is eating
DBG_EAT: id=4 time_last_meal=302
302 2 has taken the left fork
302 2 has taken the right fork
302 2 is eating
DBG_EAT: id=2 time_last_meal=302
362 3 is thinking
362 1 is thinking
DBG_EAT2: id=4 meals=2
402 4 has put down the right fork
DBG_EAT2: id=2 meals=2
402 2 has put down the right fork
402 4 has put down the left fork
402 2 has put down the left fork
402 2 is sleeping
402 4 is sleeping
402 1 has taken the right fork
402 1 has taken the left fork
402 1 is eating
DBG_EAT: id=1 time_last_meal=402
402 3 has taken the right fork
402 3 has taken the left fork
402 3 is eating
DBG_EAT: id=3 time_last_meal=402
462 2 is thinking
462 4 is thinking
DBG_EAT2: id=1 meals=3
502 1 has put down the left fork
DBG_EAT2: id=3 meals=3
502 3 has put down the left fork
502 1 has put down the right fork
502 3 has put down the right fork
502 3 is sleeping
502 1 is sleeping
502 4 has taken the left fork
502 4 has taken the right fork
502 4 is eating
DBG_EAT: id=4 time_last_meal=502
502 2 has taken the left fork
502 2 has taken the right fork
502 2 is eating
DBG_EAT: id=2 time_last_meal=502
563 1 is thinking
563 3 is thinking
DBG_EAT2: id=2 meals=3
603 2 has put down the right fork
DBG_EAT2: id=4 meals=3
603 4 has put down the right fork
603 2 has put down the left fork
603 2 is sleeping
603 4 has put down the left fork
603 4 is sleeping
603 3 has taken the right fork
603 3 has taken the left fork
603 3 is eating
DBG_EAT: id=3 time_last_meal=603
603 1 has taken the right fork
603 1 has taken the left fork
603 1 is eating
DBG_EAT: id=1 time_last_meal=603
663 2 is thinking
663 4 is thinking
DBG_EAT2: id=1 meals=4
703 1 has put down the left fork
DBG_EAT2: id=3 meals=4
703 3 has put down the left fork
703 1 has put down the right fork
703 3 has put down the right fork
703 3 is sleeping
703 1 is sleeping
703 4 has taken the left fork
703 4 has taken the right fork
703 4 is eating
DBG_EAT: id=4 time_last_meal=703
703 2 has taken the left fork
703 2 has taken the right fork
703 2 is eating
DBG_EAT: id=2 time_last_meal=703
764 3 is thinking
764 1 is thinking
DBG_EAT2: id=2 meals=4
804 2 has put down the right fork
DBG_EAT2: id=4 meals=4
804 4 has put down the right fork
804 2 has put down the left fork
804 2 is sleeping
804 4 has put down the left fork
804 4 is sleeping
804 3 has taken the right fork
804 3 has taken the left fork
804 All philosophers ate enough
