DBG_INIT: meal_mutex init for philo 1
DBG_INIT: meal_mutex init for philo 2
DBG_INIT: meal_mutex init for philo 3
DBG_INIT: meal_mutex init for philo 4
DBG: init philo[1].time_last_meal=0
DBG: init philo[2].time_last_meal=0
DBG: init philo[3].time_last_meal=0
DBG: init philo[4].time_last_meal=0
0 1 has taken the right fork
0 1 has taken the left fork
0 1 is eating
DBG_EAT: id=1 time_last_meal=0
0 3 has taken the right fork
0 3 has taken the left fork
0 3 is eating
DBG_EAT: id=3 time_last_meal=0
DBG: start_time=1758386797762
DBG_EAT2: id=1 meals=1
60 1 has put down the left fork
60 1 has put down the right fork
60 1 is sleeping
60 4 has taken the left fork
DBG_EAT2: id=3 meals=1
60 3 has put down the left fork
60 3 has put down the right fork
60 2 has taken the left fork
60 3 is sleeping
60 2 has taken the right fork
61 2 is eating
DBG_EAT: id=2 time_last_meal=61
61 4 has taken the right fork
61 4 is eating
DBG_EAT: id=4 time_last_meal=61
DBG_EAT2: id=2 meals=1
121 2 has put down the right fork
DBG_EAT2: id=4 meals=1
121 4 has put down the right fork
121 4 has put down the left fork
121 2 has put down the left fork
121 2 is sleeping
121 4 is sleeping
190 1 has died (last meal at 0)
