DBG_INIT: meal_mutex init for philo 1
DBG_INIT: meal_mutex init for philo 2
DBG_INIT: meal_mutex init for philo 3
DBG_INIT: meal_mutex init for philo 4
DBG: init philo[1].time_last_meal=0
DBG: init philo[2].time_last_meal=0
DBG: init philo[3].time_last_meal=0
DBG: init philo[4].time_last_meal=0
0 1 has taken the right fork
0 1 has taken the left fork
0 1 is eating
DBG_EAT: id=1 time_last_meal=0
1 2 has taken the left fork
DBG: start_time=1758386746697
DBG_EAT2: id=1 meals=1
100 1 has put down the left fork
100 1 has put down the right fork
101 1 is sleeping
101 2 has taken the right fork
101 2 is eating
DBG_EAT: id=2 time_last_meal=101
101 4 has taken the left fork
101 4 has taken the right fork
101 4 is eating
DBG_EAT: id=4 time_last_meal=101
201 1 is thinking
DBG_EAT2: id=4 meals=1
DBG_EAT2: id=2 meals=1
201 2 has put down the right fork
201 4 has put down the right fork
201 2 has put down the left fork
201 4 has put down the left fork
201 4 is sleeping
201 3 has taken the right fork
201 3 has taken the left fork
201 3 is eating
DBG_EAT: id=3 time_last_meal=201
201 2 is sleeping
201 1 has taken the right fork
201 1 has taken the left fork
201 1 is eating
DBG_EAT: id=1 time_last_meal=201
301 4 is thinking
301 2 is thinking
DBG_EAT2: id=3 meals=1
301 3 has put down the left fork
301 3 has put down the right fork
301 3 is sleeping
DBG_EAT2: id=1 meals=2
301 1 has put down the left fork
301 1 has put down the right fork
301 1 is sleeping
301 4 has died (last meal at 101)
