DBG_INIT: meal_mutex init for philo 1
DBG_INIT: meal_mutex init for philo 2
DBG: init philo[1].time_last_meal=0
DBG: init philo[2].time_last_meal=0
0 1 has taken the right fork
0 1 has taken the left fork
0 1 is eating
DBG_EAT: id=1 time_last_meal=0
DBG: start_time=1758402962384
DBG_EAT2: id=1 meals=1
60 1 has put down the left fork
61 1 has put down the right fork
61 1 is sleeping
61 2 has taken the left fork
61 2 has taken the right fork
61 2 is eating
DBG_EAT: id=2 time_last_meal=61
121 1 is thinking
DBG_EAT2: id=2 meals=1
121 2 has put down the right fork
121 2 has put down the left fork
121 2 is sleeping
121 1 has taken the right fork
121 1 has taken the left fork
121 1 is eating
DBG_EAT: id=1 time_last_meal=121
181 2 is thinking
DBG_EAT2: id=1 meals=2
181 1 has put down the left fork
181 1 has put down the right fork
181 1 is sleeping
181 2 has taken the left fork
181 2 has taken the right fork
181 2 is eating
DBG_EAT: id=2 time_last_meal=181
241 1 is thinking
DBG_EAT2: id=2 meals=2
241 2 has put down the right fork
241 2 has put down the left fork
241 2 is sleeping
241 1 has taken the right fork
241 1 has taken the left fork
241 1 is eating
DBG_EAT: id=1 time_last_meal=241
DBG_EAT2: id=1 meals=3
302 2 is thinking
302 1 has put down the left fork
302 1 has put down the right fork
302 1 is sleeping
302 2 has taken the left fork
302 2 has taken the right fork
302 2 is eating
DBG_EAT: id=2 time_last_meal=302
DBG_EAT2: id=2 meals=3
362 2 has put down the right fork
362 2 has put down the left fork
362 1 is thinking
362 1 has taken the right fork
362 1 has taken the left fork
362 1 is eating
DBG_EAT: id=1 time_last_meal=362
362 2 is sleeping
DBG_EAT2: id=1 meals=4
423 1 has put down the left fork
423 1 has put down the right fork
423 2 is thinking
423 1 is sleeping
423 2 has taken the left fork
423 2 has taken the right fork
423 2 is eating
DBG_EAT: id=2 time_last_meal=423
483 1 is thinking
DBG_EAT2: id=2 meals=4
483 2 has put down the right fork
483 2 has put down the left fork
483 1 has taken the right fork
483 1 has taken the left fork
483 1 is eating
DBG_EAT: id=1 time_last_meal=483
483 2 is sleeping
DBG_EAT2: id=1 meals=5
543 1 has put down the left fork
543 1 has put down the right fork
543 1 is sleeping
543 2 is thinking
544 2 has taken the left fork
544 2 has taken the right fork
544 2 is eating
DBG_EAT: id=2 time_last_meal=544
DBG_EAT2: id=2 meals=5
604 2 has put down the right fork
604 2 has put down the left fork
604 1 is thinking
604 1 has taken the right fork
604 1 has taken the left fork
604 1 is eating
DBG_EAT: id=1 time_last_meal=604
604 2 is sleeping
DBG_EAT2: id=1 meals=6
664 1 has put down the left fork
664 1 has put down the right fork
664 2 is thinking
664 1 is sleeping
665 2 has taken the left fork
665 2 has taken the right fork
665 2 is eating
DBG_EAT: id=2 time_last_meal=665
DBG_EAT2: id=2 meals=6
725 2 has put down the right fork
725 2 has put down the left fork
725 1 is thinking
725 1 has taken the right fork
725 1 has taken the left fork
725 1 is eating
DBG_EAT: id=1 time_last_meal=725
725 2 is sleeping
785 2 is thinking
DBG_EAT2: id=1 meals=7
785 1 has put down the left fork
785 1 has put down the right fork
785 1 is sleeping
785 2 has taken the left fork
786 2 has taken the right fork
786 2 is eating
DBG_EAT: id=2 time_last_meal=786
DBG_EAT2: id=2 meals=7
846 2 has put down the right fork
846 2 has put down the left fork
846 1 is thinking
846 1 has taken the right fork
846 1 has taken the left fork
846 1 is eating
DBG_EAT: id=1 time_last_meal=846
846 2 is sleeping
DBG_EAT2: id=1 meals=8
906 1 has put down the left fork
906 1 has put down the right fork
906 2 is thinking
906 1 is sleeping
906 2 has taken the left fork
906 2 has taken the right fork
906 2 is eating
DBG_EAT: id=2 time_last_meal=906
967 1 is thinking
DBG_EAT2: id=2 meals=8
967 2 has put down the right fork
967 2 has put down the left fork
967 2 is sleeping
967 1 has taken the right fork
967 1 has taken the left fork
967 1 is eating
DBG_EAT: id=1 time_last_meal=967
DBG_EAT2: id=1 meals=9
1027 1 has put down the left fork
1027 1 has put down the right fork
1027 1 is sleeping
1027 2 is thinking
1028 2 has taken the left fork
1028 2 has taken the right fork
1028 2 is eating
DBG_EAT: id=2 time_last_meal=1028
DBG_EAT2: id=2 meals=9
1088 2 has put down the right fork
1088 2 has put down the left fork
1088 1 is thinking
1088 1 has taken the right fork
1088 1 has taken the left fork
1088 1 is eating
DBG_EAT: id=1 time_last_meal=1088
1088 2 is sleeping
DBG_EAT2: id=1 meals=10
1148 1 has put down the left fork
1148 1 has put down the right fork
1148 2 is thinking
1148 1 is sleeping
1149 2 has taken the left fork
1149 2 has taken the right fork
1149 2 is eating
DBG_EAT: id=2 time_last_meal=1149
1209 1 is thinking
DBG_EAT2: id=2 meals=10
1209 2 has put down the right fork
1209 2 has put down the left fork
1209 1 has taken the right fork
1209 1 has taken the left fork
1209 1 is eating
DBG_EAT: id=1 time_last_meal=1209
1209 2 is sleeping
DBG_EAT2: id=1 meals=11
1269 1 has put down the left fork
1269 1 has put down the right fork
1269 2 is thinking
1269 1 is sleeping
1270 2 has taken the left fork
1270 2 has taken the right fork
1270 2 is eating
DBG_EAT: id=2 time_last_meal=1270
DBG_EAT2: id=2 meals=11
1330 2 has put down the right fork
1330 2 has put down the left fork
1330 1 is thinking
1330 1 has taken the right fork
1330 1 has taken the left fork
1330 1 is eating
DBG_EAT: id=1 time_last_meal=1330
1330 2 is sleeping
DBG_EAT2: id=1 meals=12
1390 1 has put down the left fork
1390 1 has put down the right fork
1390 2 is thinking
1390 1 is sleeping
1390 2 has taken the left fork
1390 2 has taken the right fork
1390 2 is eating
DBG_EAT: id=2 time_last_meal=1390
1451 1 is thinking
DBG_EAT2: id=2 meals=12
1451 2 has put down the right fork
1451 2 has put down the left fork
1451 2 is sleeping
1451 1 has taken the right fork
1451 1 has taken the left fork
1451 1 is eating
DBG_EAT: id=1 time_last_meal=1451
DBG_EAT2: id=1 meals=13
1511 1 has put down the left fork
1511 1 has put down the right fork
1511 2 is thinking
1511 1 is sleeping
1511 2 has taken the left fork
1511 2 has taken the right fork
1511 2 is eating
DBG_EAT: id=2 time_last_meal=1511
1572 1 is thinking
DBG_EAT2: id=2 meals=13
1572 2 has put down the right fork
1572 2 has put down the left fork
1572 2 is sleeping
1572 1 has taken the right fork
1572 1 has taken the left fork
1572 1 is eating
DBG_EAT: id=1 time_last_meal=1572
1632 2 is thinking
DBG_EAT2: id=1 meals=14
1632 1 has put down the left fork
1632 1 has put down the right fork
1632 1 is sleeping
1632 2 has taken the left fork
1632 2 has taken the right fork
1632 2 is eating
DBG_EAT: id=2 time_last_meal=1632
DBG_EAT2: id=2 meals=14
1692 2 has put down the right fork
1692 2 has put down the left fork
1692 1 is thinking
1692 1 has taken the right fork
1692 1 has taken the left fork
1692 1 is eating
DBG_EAT: id=1 time_last_meal=1692
1692 2 is sleeping
1753 2 is thinking
DBG_EAT2: id=1 meals=15
1753 1 has put down the left fork
1753 1 has put down the right fork
1753 1 is sleeping
1753 2 has taken the left fork
1753 2 has taken the right fork
1753 2 is eating
DBG_EAT: id=2 time_last_meal=1753
DBG_EAT2: id=2 meals=15
1813 2 has put down the right fork
1813 2 has put down the left fork
1813 1 is thinking
1813 1 has taken the right fork
1813 1 has taken the left fork
1813 1 is eating
DBG_EAT: id=1 time_last_meal=1813
1813 2 is sleeping
DBG_EAT2: id=1 meals=16
1874 1 has put down the left fork
1874 1 has put down the right fork
1874 2 is thinking
1874 1 is sleeping
1874 2 has taken the left fork
1874 2 has taken the right fork
1874 2 is eating
DBG_EAT: id=2 time_last_meal=1874
DBG_EAT2: id=2 meals=16
1934 2 has put down the right fork
1934 2 has put down the left fork
1934 1 is thinking
1934 1 has taken the right fork
1934 1 has taken the left fork
1934 1 is eating
DBG_EAT: id=1 time_last_meal=1934
1934 2 is sleeping
DBG_EAT2: id=1 meals=17
1995 1 has put down the left fork
1995 1 has put down the right fork
1995 2 is thinking
1995 1 is sleeping
1995 2 has taken the left fork
1995 2 has taken the right fork
1995 2 is eating
DBG_EAT: id=2 time_last_meal=1995
DBG_EAT2: id=2 meals=17
2055 2 has put down the right fork
2055 2 has put down the left fork
2055 1 is thinking
2055 1 has taken the right fork
2055 1 has taken the left fork
2055 1 is eating
DBG_EAT: id=1 time_last_meal=2055
2055 2 is sleeping
DBG_EAT2: id=1 meals=18
2115 1 has put down the left fork
2115 1 has put down the right fork
2115 2 is thinking
2115 1 is sleeping
2116 2 has taken the left fork
2116 2 has taken the right fork
2116 2 is eating
DBG_EAT: id=2 time_last_meal=2116
2176 1 is thinking
DBG_EAT2: id=2 meals=18
2176 2 has put down the right fork
2176 2 has put down the left fork
2176 2 is sleeping
2176 1 has taken the right fork
2176 1 has taken the left fork
2176 1 is eating
DBG_EAT: id=1 time_last_meal=2176
2236 2 is thinking
DBG_EAT2: id=1 meals=19
2236 1 has put down the left fork
2236 1 has put down the right fork
2236 1 is sleeping
2236 2 has taken the left fork
2236 2 has taken the right fork
2236 2 is eating
DBG_EAT: id=2 time_last_meal=2236
DBG_EAT2: id=2 meals=19
2296 2 has put down the right fork
2296 2 has put down the left fork
2296 1 is thinking
2296 1 has taken the right fork
2296 1 has taken the left fork
2296 1 is eating
DBG_EAT: id=1 time_last_meal=2296
2296 2 is sleeping
DBG_EAT2: id=1 meals=20
2357 1 has put down the left fork
2357 1 has put down the right fork
2357 1 is sleeping
2357 2 is thinking
2357 2 has taken the left fork
2357 2 has taken the right fork
2357 2 is eating
DBG_EAT: id=2 time_last_meal=2357
2417 1 is thinking
DBG_EAT2: id=2 meals=20
2417 2 has put down the right fork
2417 2 has put down the left fork
2417 1 has taken the right fork
2417 1 has taken the left fork
2417 1 is eating
2417 2 is sleeping
DBG_EAT: id=1 time_last_meal=2417
2477 2 is thinking
DBG_EAT2: id=1 meals=21
2477 1 has put down the left fork
2477 1 has put down the right fork
2477 1 is sleeping
2477 2 has taken the left fork
2477 2 has taken the right fork
2477 2 is eating
DBG_EAT: id=2 time_last_meal=2477
2537 1 is thinking
DBG_EAT2: id=2 meals=21
2537 2 has put down the right fork
2537 2 has put down the left fork
2537 2 is sleeping
2538 1 has taken the right fork
2538 1 has taken the left fork
2538 1 is eating
DBG_EAT: id=1 time_last_meal=2538
2598 2 is thinking
DBG_EAT2: id=1 meals=22
2598 1 has put down the left fork
2598 1 has put down the right fork
2598 1 is sleeping
2598 2 has taken the left fork
2598 2 has taken the right fork
2598 2 is eating
DBG_EAT: id=2 time_last_meal=2598
2658 1 is thinking
DBG_EAT2: id=2 meals=22
2658 2 has put down the right fork
2658 2 has put down the left fork
2658 2 is sleeping
2658 1 has taken the right fork
2658 1 has taken the left fork
2658 1 is eating
DBG_EAT: id=1 time_last_meal=2658
DBG_EAT2: id=1 meals=23
2718 1 has put down the left fork
2718 1 has put down the right fork
2718 2 is thinking
2718 1 is sleeping
2718 2 has taken the left fork
2718 2 has taken the right fork
2718 2 is eating
DBG_EAT: id=2 time_last_meal=2718
2779 1 is thinking
DBG_EAT2: id=2 meals=23
2779 2 has put down the right fork
2779 2 has put down the left fork
2779 1 has taken the right fork
2779 1 has taken the left fork
2779 1 is eating
DBG_EAT: id=1 time_last_meal=2779
2779 2 is sleeping
DBG_EAT2: id=1 meals=24
2839 1 has put down the left fork
2839 1 has put down the right fork
2839 1 is sleeping
2839 2 is thinking
2839 2 has taken the left fork
2839 2 has taken the right fork
2839 2 is eating
DBG_EAT: id=2 time_last_meal=2839
2899 1 is thinking
DBG_EAT2: id=2 meals=24
2899 2 has put down the right fork
2899 2 has put down the left fork
2899 2 is sleeping
2900 1 has taken the right fork
2900 1 has taken the left fork
2900 1 is eating
DBG_EAT: id=1 time_last_meal=2900
DBG_EAT2: id=1 meals=25
2960 1 has put down the left fork
2960 1 has put down the right fork
2960 2 is thinking
2960 1 is sleeping
2960 2 has taken the left fork
2960 2 has taken the right fork
2960 2 is eating
DBG_EAT: id=2 time_last_meal=2960
3020 1 is thinking
DBG_EAT2: id=2 meals=25
3020 2 has put down the right fork
3020 2 has put down the left fork
3020 2 is sleeping
3020 1 has taken the right fork
3020 1 has taken the left fork
3021 1 is eating
DBG_EAT: id=1 time_last_meal=3021
3080 2 is thinking
DBG_EAT2: id=1 meals=26
3081 1 has put down the left fork
3081 1 has put down the right fork
3081 1 is sleeping
3081 2 has taken the left fork
3081 2 has taken the right fork
3081 2 is eating
DBG_EAT: id=2 time_last_meal=3081
3141 1 is thinking
DBG_EAT2: id=2 meals=26
3141 2 has put down the right fork
3141 2 has put down the left fork
3141 1 has taken the right fork
3141 1 has taken the left fork
3141 1 is eating
DBG_EAT: id=1 time_last_meal=3141
3141 2 is sleeping
3201 2 is thinking
DBG_EAT2: id=1 meals=27
3201 1 has put down the left fork
3201 1 has put down the right fork
3201 1 is sleeping
3201 2 has taken the left fork
3201 2 has taken the right fork
3201 2 is eating
DBG_EAT: id=2 time_last_meal=3201
3261 1 is thinking
DBG_EAT2: id=2 meals=27
3261 2 has put down the right fork
3261 2 has put down the left fork
3261 2 is sleeping
3261 1 has taken the right fork
3261 1 has taken the left fork
3261 1 is eating
DBG_EAT: id=1 time_last_meal=3261
DBG_EAT2: id=1 meals=28
3321 1 has put down the left fork
3321 1 has put down the right fork
3321 2 is thinking
3321 1 is sleeping
3322 2 has taken the left fork
3322 2 has taken the right fork
3322 2 is eating
DBG_EAT: id=2 time_last_meal=3322
3382 1 is thinking
DBG_EAT2: id=2 meals=28
3382 2 has put down the right fork
3382 2 has put down the left fork
3382 1 has taken the right fork
3382 1 has taken the left fork
3382 1 is eating
DBG_EAT: id=1 time_last_meal=3382
3382 2 is sleeping
3442 2 is thinking
DBG_EAT2: id=1 meals=29
3442 1 has put down the left fork
3442 1 has put down the right fork
3442 1 is sleeping
3442 2 has taken the left fork
3442 2 has taken the right fork
3442 2 is eating
DBG_EAT: id=2 time_last_meal=3442
3502 1 is thinking
DBG_EAT2: id=2 meals=29
3502 2 has put down the right fork
3502 2 has put down the left fork
3502 2 is sleeping
3502 1 has taken the right fork
3502 1 has taken the left fork
3502 1 is eating
DBG_EAT: id=1 time_last_meal=3502
DBG_EAT2: id=1 meals=30
3562 1 has put down the left fork
3562 1 has put down the right fork
3562 2 is thinking
3562 1 is sleeping
3562 2 has taken the left fork
3562 2 has taken the right fork
3562 2 is eating
DBG_EAT: id=2 time_last_meal=3562
3622 1 is thinking
DBG_EAT2: id=2 meals=30
3623 2 has put down the right fork
3623 2 has put down the left fork
3623 2 is sleeping
3623 1 has taken the right fork
3623 1 has taken the left fork
3623 1 is eating
DBG_EAT: id=1 time_last_meal=3623
DBG_EAT2: id=1 meals=31
3683 2 is thinking
3683 1 has put down the left fork
3683 1 has put down the right fork
3683 1 is sleeping
3683 2 has taken the left fork
3683 2 has taken the right fork
3683 2 is eating
DBG_EAT: id=2 time_last_meal=3683
DBG_EAT2: id=2 meals=31
3743 2 has put down the right fork
3743 2 has put down the left fork
3743 1 is thinking
3743 1 has taken the right fork
3743 1 has taken the left fork
3743 1 is eating
DBG_EAT: id=1 time_last_meal=3743
3743 2 is sleeping
DBG_EAT2: id=1 meals=32
3803 1 has put down the left fork
3803 1 has put down the right fork
3803 2 is thinking
3804 1 is sleeping
3804 2 has taken the left fork
3804 2 has taken the right fork
3804 2 is eating
DBG_EAT: id=2 time_last_meal=3804
3864 1 is thinking
DBG_EAT2: id=2 meals=32
3864 2 has put down the right fork
3864 2 has put down the left fork
3864 2 is sleeping
3864 1 has taken the right fork
3864 1 has taken the left fork
3864 1 is eating
DBG_EAT: id=1 time_last_meal=3864
3924 2 is thinking
DBG_EAT2: id=1 meals=33
3924 1 has put down the left fork
3924 1 has put down the right fork
3924 1 is sleeping
3924 2 has taken the left fork
3924 2 has taken the right fork
3924 2 is eating
DBG_EAT: id=2 time_last_meal=3924
DBG_EAT2: id=2 meals=33
3984 2 has put down the right fork
3984 2 has put down the left fork
3984 1 is thinking
3984 1 has taken the right fork
3984 1 has taken the left fork
3984 1 is eating
DBG_EAT: id=1 time_last_meal=3984
3984 2 is sleeping
DBG_EAT2: id=1 meals=34
4045 1 has put down the left fork
4045 1 has put down the right fork
4045 2 is th