DBG_INIT: meal_mutex init for philo 1
DBG_INIT: meal_mutex init for philo 2
DBG_INIT: meal_mutex init for philo 3
DBG_INIT: meal_mutex init for philo 4
DBG_INIT: meal_mutex init for philo 5
DBG: init philo[1].time_last_meal=0
DBG: init philo[2].time_last_meal=0
DBG: init philo[3].time_last_meal=0
DBG: init philo[4].time_last_meal=0
DBG: init philo[5].time_last_meal=0
0 1 has taken the right fork
0 1 has taken the left fork
0 1 is eating
DBG_EAT: id=1 time_last_meal=0
1 2 has taken the left fork
1 5 has taken the right fork
DBG: start_time=1758387779179
DBG_EAT2: id=1 meals=1
61 1 has put down the left fork
61 1 has put down the right fork
61 1 is sleeping
61 2 has taken the right fork
61 2 is eating
DBG_EAT: id=2 time_last_meal=61
61 5 has taken the left fork
61 5 is eating
DBG_EAT: id=5 time_last_meal=61
DBG_EAT2: id=5 meals=1
121 5 has put down the left fork
121 5 has put down the right fork
121 5 is sleeping
DBG_EAT2: id=2 meals=1
121 2 has put down the right fork
121 4 has taken the left fork
121 4 has taken the right fork
121 4 is eating
DBG_EAT: id=4 time_last_meal=121
121 2 has put down the left fork
121 2 is sleeping
121 3 has taken the right fork
161 1 is thinking
161 1 has taken the right fork
161 1 has taken the left fork
161 1 is eating
DBG_EAT: id=1 time_last_meal=161
DBG_EAT2: id=4 meals=1
182 4 has put down the right fork
182 4 has put down the left fork
182 4 is sleeping
182 3 has taken the left fork
182 3 is eating
DBG_EAT: id=3 time_last_meal=182
DBG_EAT2: id=1 meals=2
221 1 has put down the left fork
221 1 has put down the right fork
221 2 is thinking
222 1 is sleeping
222 5 is thinking
222 5 has taken the right fork
222 5 has taken the left fork
222 5 is eating
DBG_EAT: id=5 time_last_meal=222
DBG_EAT2: id=3 meals=1
242 3 has put down the left fork
242 3 has put down the right fork
242 3 is sleeping
242 2 has taken the left fork
242 2 has taken the right fork
242 2 is eating
DBG_EAT: id=2 time_last_meal=242
282 4 is thinking
DBG_EAT2: id=5 meals=2
282 5 has put down the left fork
282 5 has put down the right fork
282 5 is sleeping
282 4 has taken the left fork
282 4 has taken the right fork
282 4 is eating
DBG_EAT: id=4 time_last_meal=282
DBG_EAT2: id=2 meals=2
303 2 has put down the right fork
303 2 has put down the left fork
303 2 is sleeping
322 1 is thinking
322 1 has taken the right fork
322 1 has taken the left fork
322 1 is eating
DBG_EAT: id=1 time_last_meal=322
DBG_EAT2: id=4 meals=2
343 4 has put down the right fork
343 4 has put down the left fork
343 3 is thinking
343 3 has taken the right fork
343 3 has taken the left fork
343 3 is eating
DBG_EAT: id=3 time_last_meal=343
343 4 is sleeping
DBG_EAT2: id=1 meals=3
382 1 has put down the left fork
382 1 has put down the right fork
382 1 is sleeping
382 5 is thinking
382 5 has taken the right fork
382 5 has taken the left fork
382 5 is eating
DBG_EAT: id=5 time_last_meal=382
403 2 is thinking
DBG_EAT2: id=3 meals=2
403 3 has put down the left fork
403 3 has put down the right fork
403 3 is sleeping
403 2 has taken the left fork
403 2 has taken the right fork
403 2 is eating
DBG_EAT: id=2 time_last_meal=403
DBG_EAT2: id=5 meals=3
443 5 has put down the left fork
443 5 has put down the right fork
443 5 is sleeping
443 4 is thinking
443 4 has taken the left fork
443 4 has taken the right fork
443 4 is eating
DBG_EAT: id=4 time_last_meal=443
DBG_EAT2: id=2 meals=3
463 2 has put down the right fork
463 2 has put down the left fork
463 2 is sleeping
483 1 is thinking
483 1 has taken the right fork
483 1 has taken the left fork
483 1 is eating
DBG_EAT: id=1 time_last_meal=483
503 3 is thinking
503 3 has taken the right fork
DBG_EAT2: id=4 meals=3
504 4 has put down the right fork
504 4 has put down the left fork
504 4 is sleeping
504 3 has taken the left fork
504 3 is eating
DBG_EAT: id=3 time_last_meal=504
543 5 is thinking
543 5 has taken the right fork
DBG_EAT2: id=1 meals=4
543 1 has put down the left fork
543 1 has put down the right fork
543 1 is sleeping
543 5 has taken the left fork
543 5 is eating
DBG_EAT: id=5 time_last_meal=543
564 2 is thinking
DBG_EAT2: id=3 meals=3
564 3 has put down the left fork
564 3 has put down the right fork
564 3 is sleeping
564 2 has taken the left fork
564 2 has taken the right fork
564 2 is eating
DBG_EAT: id=2 time_last_meal=564
DBG_EAT2: id=5 meals=4
604 5 has put down the left fork
604 5 has put down the right fork
604 5 is sleeping
604 4 is thinking
604 4 has taken the left fork
604 4 has taken the right fork
604 4 is eating
DBG_EAT: id=4 time_last_meal=604
DBG_EAT2: id=2 meals=4
624 2 has put down the right fork
624 2 has put down the left fork
624 2 is sleeping
644 1 is thinking
644 1 has taken the right fork
644 1 has taken the left fork
644 1 is eating
DBG_EAT: id=1 time_last_meal=644
DBG_EAT2: id=4 meals=4
664 4 has put down the right fork
664 4 has put down the left fork
664 3 is thinking
664 3 has taken the right fork
664 3 has taken the left fork
664 3 is eating
DBG_EAT: id=3 time_last_meal=664
664 4 is sleeping
DBG_EAT2: id=1 meals=5
704 1 has put down the left fork
704 1 has put down the right fork
704 5 is thinking
704 5 has taken the right fork
704 5 has taken the left fork
704 5 is eating
DBG_EAT: id=5 time_last_meal=704
704 1 is sleeping
724 2 is thinking
DBG_EAT2: id=3 meals=4
724 3 has put down the left fork
724 3 has put down the right fork
725 3 is sleeping
725 2 has taken the left fork
725 2 has taken the right fork
725 2 is eating
DBG_EAT: id=2 time_last_meal=725
DBG_EAT2: id=5 meals=5
764 5 has put down the left fork
764 5 has put down the right fork
764 5 is sleeping
764 4 is thinking
765 4 has taken the left fork
765 4 has taken the right fork
765 4 is eating
DBG_EAT: id=4 time_last_meal=765
DBG_EAT2: id=2 meals=5
785 2 has put down the right fork
785 2 has put down the left fork
785 2 is sleeping
804 1 is thinking
804 1 has taken the right fork
804 1 has taken the left fork
804 1 is eating
DBG_EAT: id=1 time_last_meal=804
DBG_EAT2: id=4 meals=5
825 4 has put down the right fork
825 4 has put down the left fork
825 3 is thinking
825 3 has taken the right fork
825 3 has taken the left fork
825 3 is eating
DBG_EAT: id=3 time_last_meal=825
825 4 is sleeping
DBG_EAT2: id=1 meals=6
864 1 has put down the left fork
864 1 has put down the right fork
864 5 is thinking
864 5 has taken the right fork
864 5 has taken the left fork
864 5 is eating
DBG_EAT: id=5 time_last_meal=864
865 1 is sleeping
DBG_EAT2: id=3 meals=5
885 3 has put down the left fork
885 2 is thinking
885 3 has put down the right fork
885 3 is sleeping
885 2 has taken the left fork
885 2 has taken the right fork
885 2 is eating
DBG_EAT: id=2 time_last_meal=885
DBG_EAT2: id=5 meals=6
925 5 has put down the left fork
925 5 has put down the right fork
925 5 is sleeping
925 All philosophers ate enough
DBG_EAT2: id=2 meals=6
