DBG_INIT: meal_mutex init for philo 1
DBG_INIT: meal_mutex init for philo 2
DBG_INIT: meal_mutex init for philo 3
DBG: init philo[1].time_last_meal=0
DBG: init philo[2].time_last_meal=0
DBG: init philo[3].time_last_meal=0
0 1 has taken the right fork
0 1 has taken the left fork
0 1 is eating
DBG_EAT: id=1 time_last_meal=0
1 3 has taken the right fork
DBG: start_time=1758403467161
DBG_EAT2: id=1 meals=1
60 1 has put down the left fork
60 1 has put down the right fork
60 1 is sleeping
60 3 has taken the left fork
60 3 is eating
DBG_EAT: id=3 time_last_meal=60
121 1 is thinking
DBG_EAT2: id=3 meals=1
121 3 has put down the left fork
121 1 has taken the right fork
121 1 has taken the left fork
121 1 is eating
DBG_EAT: id=1 time_last_meal=121
121 3 has put down the right fork
121 3 is sleeping
121 2 has taken the left fork
DBG_EAT2: id=1 meals=2
181 3 is thinking
181 1 has put down the left fork
182 1 has put down the right fork
182 1 is sleeping
182 2 has taken the right fork
182 2 is eating
DBG_EAT: id=2 time_last_meal=182
DBG_EAT2: id=2 meals=1
242 2 has put down the right fork
242 1 is thinking
242 1 has taken the right fork
242 1 has taken the left fork
242 1 is eating
DBG_EAT: id=1 time_last_meal=242
242 2 has put down the left fork
242 2 is sleeping
242 3 has taken the right fork
DBG_EAT2: id=1 meals=3
302 1 has put down the left fork
302 2 is thinking
303 1 has put down the right fork
303 1 is sleeping
303 3 has taken the left fork
303 3 is eating
DBG_EAT: id=3 time_last_meal=303
DBG_EAT2: id=3 meals=2
363 3 has put down the left fork
363 1 is thinking
363 1 has taken the right fork
363 1 has taken the left fork
363 1 is eating
DBG_EAT: id=1 time_last_meal=363
363 3 has put down the right fork
363 3 is sleeping
363 2 has taken the left fork
424 3 is thinking
DBG_EAT2: id=1 meals=4
424 1 has put down the left fork
424 1 has put down the right fork
424 1 is sleeping
424 2 has taken the right fork
424 2 is eating
DBG_EAT: id=2 time_last_meal=424
DBG_EAT2: id=2 meals=2
484 2 has put down the right fork
484 1 is thinking
484 1 has taken the right fork
484 1 has taken the left fork
484 1 is eating
DBG_EAT: id=1 time_last_meal=484
484 2 has put down the left fork
484 2 is sleeping
484 3 has taken the right fork
DBG_EAT2: id=1 meals=5
544 1 has put down the left fork
544 1 has put down the right fork
544 1 is sleeping
544 3 has taken the left fork
544 3 is eating
DBG_EAT: id=3 time_last_meal=544
544 2 is thinking
DBG_EAT2: id=3 meals=3
605 3 has put down the left fork
605 1 is thinking
605 1 has taken the right fork
605 1 has taken the left fork
605 1 is eating
DBG_EAT: id=1 time_last_meal=605
605 3 has put down the right fork
605 2 has taken the left fork
605 3 is sleeping
DBG_EAT2: id=1 meals=6
665 3 is thinking
665 1 has put down the left fork
665 1 has put down the right fork
665 1 is sleeping
665 2 has taken the right fork
665 2 is eating
DBG_EAT: id=2 time_last_meal=665
DBG_EAT2: id=2 meals=3
726 2 has put down the right fork
726 1 is thinking
726 1 has taken the right fork
726 1 has taken the left fork
726 1 is eating
DBG_EAT: id=1 time_last_meal=726
726 2 has put down the left fork
726 3 has taken the right fork
726 2 is sleeping
DBG_EAT2: id=1 meals=7
786 1 has put down the left fork
786 2 is thinking
786 1 has put down the right fork
786 1 is sleeping
786 3 has taken the left fork
786 3 is eating
DBG_EAT: id=3 time_last_meal=786
847 1 is thinking
DBG_EAT2: id=3 meals=4
847 3 has put down the left fork
847 1 has taken the right fork
847 1 has taken the left fork
847 1 is eating
DBG_EAT: id=1 time_last_meal=847
847 3 has put down the right fork
847 3 is sleeping
847 2 has taken the left fork
DBG_EAT2: id=1 meals=8
907 3 is thinking
907 1 has put down the left fork
907 1 has put down the right fork
907 1 is sleeping
907 2 has taken the right fork
908 2 is eating
DBG_EAT: id=2 time_last_meal=908
DBG_EAT2: id=2 meals=4
968 2 has put down the right fork
968 1 is thinking
968 1 has taken the right fork
968 1 has taken the left fork
968 1 is eating
DBG_EAT: id=1 time_last_meal=968
968 2 has put down the left fork
968 2 is sleeping
968 3 has taken the right fork
DBG_EAT2: id=1 meals=9
1028 1 has put down the left fork
1028 2 is thinking
1028 1 has put down the right fork
1028 1 is sleeping
1028 3 has taken the left fork
1028 3 is eating
DBG_EAT: id=3 time_last_meal=1028
DBG_EAT2: id=3 meals=5
1089 3 has put down the left fork
1089 1 is thinking
1089 1 has taken the right fork
1089 1 has taken the left fork
1089 1 is eating
DBG_EAT: id=1 time_last_meal=1089
1089 3 has put down the right fork
1089 3 is sleeping
1089 2 has taken the left fork
DBG_EAT2: id=1 meals=10
1149 3 is thinking
1149 1 has put down the left fork
1149 1 has put down the right fork
1149 1 is sleeping
1149 2 has taken the right fork
1149 2 is eating
DBG_EAT: id=2 time_last_meal=1149
1209 1 is thinking
1209 1 has taken the right fork
DBG_EAT2: id=2 meals=5
1210 2 has put down the right fork
1210 2 has put down the left fork
1210 2 is sleeping
1210 3 has taken the right fork
1210 1 has taken the left fork
1210 1 is eating
DBG_EAT: id=1 time_last_meal=1210
DBG_EAT2: id=1 meals=11
1270 1 has put down the left fork
1270 2 is thinking
1270 1 has put down the right fork
1270 1 is sleeping
1270 3 has taken the left fork
1270 3 is eating
DBG_EAT: id=3 time_last_meal=1270
1330 1 is thinking
DBG_EAT2: id=3 meals=6
1330 3 has put down the left fork
1330 1 has taken the right fork
1330 1 has taken the left fork
1330 1 is eating
DBG_EAT: id=1 time_last_meal=1330
1330 3 has put down the right fork
1331 2 has taken the left fork
1331 3 is sleeping
DBG_EAT2: id=1 meals=12
1391 1 has put down the left fork
1391 1 has put down the right fork
1391 1 is sleeping
1391 3 is thinking
1391 2 has taken the right fork
1391 2 is eating
DBG_EAT: id=2 time_last_meal=1391
DBG_EAT2: id=2 meals=6
1451 2 has put down the right fork
1451 1 is thinking
1451 1 has taken the right fork
1451 1 has taken the left fork
1451 1 is eating
DBG_EAT: id=1 time_last_meal=1451
1451 2 has put down the left fork
1451 2 is sleeping
1451 3 has taken the right fork
DBG_EAT2: id=1 meals=13
1511 1 has put down the left fork
1511 2 is thinking
1512 1 has put down the right fork
1512 1 is sleeping
1512 3 has taken the left fork
1512 3 is eating
DBG_EAT: id=3 time_last_meal=1512
1572 1 is thinking
DBG_EAT2: id=3 meals=7
1572 3 has put down the left fork
1572 1 has taken the right fork
1572 3 has put down the right fork
1572 1 has taken the left fork
1572 1 is eating
DBG_EAT: id=1 time_last_meal=1572
1572 3 is sleeping
1572 2 has taken the left fork
DBG_EAT2: id=1 meals=14
1632 3 is thinking
1632 1 has put down the left fork
1632 1 has put down the right fork
1632 2 has taken the right fork
1632 2 is eating
DBG_EAT: id=2 time_last_meal=1632
1632 1 is sleeping
DBG_EAT2: id=2 meals=7
1693 2 has put down the right fork
1693 1 is thinking
1693 1 has taken the right fork
1693 1 has taken the left fork
1693 1 is eating
DBG_EAT: id=1 time_last_meal=1693
1693 2 has put down the left fork
1693 2 is sleeping
1693 3 has taken the right fork
DBG_EAT2: id=1 meals=15
1753 1 has put down the left fork
1753 2 is thinking
1753 1 has put down the right fork
1753 1 is sleeping
1754 3 has taken the left fork
1754 3 is eating
DBG_EAT: id=3 time_last_meal=1754
1814 1 is thinking
DBG_EAT2: id=3 meals=8
1814 3 has put down the left fork
1814 3 has put down the right fork
1814 3 is sleeping
1814 1 has taken the right fork
1814 1 has taken the left fork
1814 1 is eating
DBG_EAT: id=1 time_last_meal=1814
1814 2 has taken the left fork
DBG_EAT2: id=1 meals=16
1874 1 has put down the left fork
1874 1 has put down the right fork
1874 3 is thinking
1874 1 is sleeping
1874 2 has taken the right fork
1874 2 is eating
DBG_EAT: id=2 time_last_meal=1874
DBG_EAT2: id=2 meals=8
1934 1 is thinking
1934 1 has taken the right fork
1934 1 has taken the left fork
1934 1 is eating
DBG_EAT: id=1 time_last_meal=1934
1935 2 has put down the right fork
1935 2 has put down the left fork
1935 2 is sleeping
1935 3 has taken the right fork
DBG_EAT2: id=1 meals=17
1995 1 has put down the left fork
1995 2 is thinking
1995 1 has put down the right fork
1995 1 is sleeping
1995 3 has taken the left fork
1995 3 is eating
DBG_EAT: id=3 time_last_meal=1995
DBG_EAT2: id=3 meals=9
2055 3 has put down the left fork
2055 1 is thinking
2055 1 has taken the right fork
2055 1 has taken the left fork
2055 1 is eating
DBG_EAT: id=1 time_last_meal=2055
2055 3 has put down the right fork
2056 3 is sleeping
2056 2 has taken the left fork
DBG_EAT2: id=1 meals=18
2116 3 is thinking
2116 1 has put down the left fork
2116 1 has put down the right fork
2116 1 is sleeping
2116 2 has taken the right fork
2116 2 is eating
DBG_EAT: id=2 time_last_meal=2116
DBG_EAT2: id=2 meals=9
2176 2 has put down the right fork
2176 1 is thinking
2176 1 has taken the right fork
2176 1 has taken the left fork
2176 1 is eating
DBG_EAT: id=1 time_last_meal=2176
2176 2 has put down the left fork
2176 2 is sleeping
2177 3 has taken the right fork
DBG_EAT2: id=1 meals=19
2237 1 has put down the left fork
2237 2 is thinking
2237 1 has put down the right fork
2237 1 is sleeping
2237 3 has taken the left fork
2237 3 is eating
DBG_EAT: id=3 time_last_meal=2237
DBG_EAT2: id=3 meals=10
2297 3 has put down the left fork
2297 1 is thinking
2297 1 has taken the right fork
2297 1 has taken the left fork
2297 1 is eating
DBG_EAT: id=1 time_last_meal=2297
2297 3 has put down the right fork
2297 3 is sleeping
2297 2 has taken the left fork
DBG_EAT2: id=1 meals=20
2358 3 is thinking
2358 1 has put down the left fork
2358 1 has put down the right fork
2358 1 is sleeping
2358 2 has taken the right fork
2358 2 is eating
DBG_EAT: id=2 time_last_meal=2358
DBG_EAT2: id=2 meals=10
2418 2 has put down the right fork
2418 1 is thinking
2418 1 has taken the right fork
2418 1 has taken the left fork
2418 1 is eating
DBG_EAT: id=1 time_last_meal=2418
2418 2 has put down the left fork
2418 2 is sleeping
2419 3 has taken the right fork
DBG_EAT2: id=1 meals=21
2479 1 has put down the left fork
2479 2 is thinking
2479 1 has put down the right fork
2479 3 has taken the left fork
2479 1 is sleeping
2479 3 is eating
DBG_EAT: id=3 time_last_meal=2479
2539 1 is thinking
DBG_EAT2: id=3 meals=11
2539 3 has put down the left fork
2539 1 has taken the right fork
2539 1 has taken the left fork
2539 1 is eating
DBG_EAT: id=1 time_last_meal=2539
2540 3 has put down the right fork
2540 3 is sleeping
2540 2 has taken the left fork
DBG_EAT2: id=1 meals=22
2600 3 is thinking
2600 1 has put down the left fork
2600 1 has put down the right fork
2600 1 is sleeping
2600 2 has taken the right fork
2600 2 is eating
DBG_EAT: id=2 time_last_meal=2600
DBG_EAT2: id=2 meals=11
2660 2 has put down the right fork
2660 1 is thinking
2660 1 has taken the right fork
2660 1 has taken the left fork
2660 1 is eating
DBG_EAT: id=1 time_last_meal=2660
2660 2 has put down the left fork
2660 2 is sleeping
2660 3 has taken the right fork
DBG_EAT2: id=1 meals=23
2721 1 has put down the left fork
2721 2 is thinking
2721 1 has put down the right fork
2721 1 is sleeping
2721 3 has taken the left fork
2721 3 is eating
DBG_EAT: id=3 time_last_meal=2721
DBG_EAT2: id=3 meals=12
2781 3 has put down the left fork
2781 1 is thinking
2781 1 has taken the right fork
2781 1 has taken the left fork
2781 1 is eating
DBG_EAT: id=1 time_last_meal=2781
2781 3 has put down the right fork
2781 3 is sleeping
2781 2 has taken the left fork
DBG_EAT2: id=1 meals=24
2842 3 is thinking
2842 1 has put down the left fork
2842 1 has put down the right fork
2842 1 is sleeping
2842 2 has taken the right fork
2842 2 is eating
DBG_EAT: id=2 time_last_meal=2842
2902 1 is thinking
2902 1 has taken the right fork
DBG_EAT2: id=2 meals=12
2902 2 has put down the right fork
2903 1 has taken the left fork
2903 1 is eating
DBG_EAT: id=1 time_last_meal=2903
2903 2 has put down the left fork
2903 2 is sleeping
2903 3 has taken the right fork
DBG_EAT2: id=1 meals=25
2963 1 has put down the left fork
2963 2 is thinking
2963 1 has put down the right fork
2963 1 is sleeping
2963 3 has taken the left fork
2963 3 is eating
DBG_EAT: id=3 time_last_meal=2963
3023 1 is thinking
DBG_EAT2: id=3 meals=13
3023 3 has put down the left fork
3023 3 has put down the right fork
3024 2 has taken the left fork
3024 2 has taken the right fork
3024 2 is eating
DBG_EAT: id=2 time_last_meal=3024
3024 3 is sleeping
3024 1 has taken the right fork
DBG_EAT2: id=2 meals=13
3084 3 is thinking
3084 2 has put down the right fork
3084 2 has put down the left fork
3084 1 has taken the left fork
3084 2 is sleeping
3084 1 is eating
DBG_EAT: id=1 time_last_meal=3084
3084 3 has taken the right fork
DBG_EAT2: id=1 meals=26
3145 1 has put down the left fork
3145 2 is thinking
3145 1 has put down the right fork
3145 1 is sleeping
3145 3 has taken the left fork
3145 3 is eating
DBG_EAT: id=3 time_last_meal=3145
3205 1 is thinking
DBG_EAT2: id=3 meals=14
3205 3 has put down the left fork
3205 1 has taken the right fork
3205 1 has taken the left fork
3205 1 is eating
DBG_EAT: id=1 time_last_meal=3205
3205 3 has put down the right fork
3205 3 is sleeping
3205 2 has taken the left fork
DBG_EAT2: id=1 meals=27
3266 3 is thinking
3266 1 has put down the left fork
3266 1 has put down the right fork
3266 2 has taken the right fork
3266 2 is eating
DBG_EAT: id=2 time_last_meal=3266
3266 1 is sleeping
DBG_EAT2: id=2 meals=14
3326 1 is thinking
3326 1 has taken the right fork
3326 1 has taken the left fork
3326 1 is eating
DBG_EAT: id=1 time_last_meal=3326
3326 2 has put down the right fork
3326 2 has put down the left fork
3326 3 has taken the right fork
3326 2 is sleeping
DBG_EAT2: id=1 meals=28
3386 1 has put down the left fork
3386 2 is thinking
3386 1 has put down the right fork
3386 1 is sleeping
3386 3 has taken the left fork
3386 3 is eating
DBG_EAT: id=3 time_last_meal=3386
DBG_EAT2: id=3 meals=15
3447 3 has put down the left fork
3447 1 is thinking
3447 1 has taken the right fork
3447 1 has taken the left fork
3447 1 is eating
DBG_EAT: id=1 time_last_meal=3447
3447 3 has put down the right fork
3447 3 is sleeping
3447 2 has taken the left fork
DBG_EAT2: id=1 meals=29
3507 3 is thinking
3507 1 has put down the left fork
3507 1 has put down the right fork
3507 1 is sleeping
3507 2 has taken the right fork
3507 2 is eating
DBG_EAT: id=2 time_last_meal=3507
3568 1 is thinking
3568 1 has taken the right fork
DBG_EAT2: id=2 meals=15
3568 2 has put down the right fork
3568 1 has taken the left fork
3568 1 is eating
DBG_EAT: id=1 time_last_meal=3568
3568 2 has put down the left fork
3568 2 is sleeping
3568 3 has taken the right fork
DBG_EAT2: id=1 meals=30
3628 1 has put down the left fork
3628 2 is thinking
3628 1 has put down the right fork
3628 1 is sleeping
3628 3 has taken the left fork
3628 3 is eating
DBG_EAT: id=3 time_last_meal=3628
DBG_EAT2: id=3 meals=16
3689 3 has put down the left fork
3689 1 is thinking
3689 1 has taken the right fork
3689 1 has taken the left fork
3689 1 is eating
DBG_EAT: id=1 time_last_meal=3689
3689 3 has put down the right fork
3689 3 is sleeping
3689 2 has taken the left fork
DBG_EAT2: id=1 meals=31
3749 3 is thinking
3749 1 has put down the left fork
3749 1 has put down the right fork
3749 1 is sleeping
3749 2 has taken the right fork
3749 2 is eating
DBG_EAT: id=2 time_last_meal=3749
3810 1 is thinking
DBG_EAT2: id=2 meals=16
3810 2 has put down the right fork
3810 1 has taken the right fork
3810 1 has taken the left fork
3810 1 is eating
DBG_EAT: id=1 time_last_meal=3810
3810 2 has put down the left fork
3810 2 is sleeping
3810 3 has taken the right fork
DBG_EAT2: id=1 meals=32
3870 1 has put down the left fork
3870 2 is thinking
3870 1 has put down the right fork
3870 1 is sleeping
3870 3 has taken the left fork
3870 3 is eating
DBG_EAT: id=3 time_last_meal=3870
3930 1 is thinking
DBG_EAT2: id=3 meals=17
3931 3 has put down the left fork
3931 3 has put down the right fork
3931 3 is sleeping
3931 1 has taken the right fork
3931 1 has taken the left fork
3931 1 is eating
DBG_EAT: id=1 time_last_meal=3931
3931 2 has taken the left fork
3991 3 is thinking
DBG_EAT2: id=1 meals=33
3991 1 has put down the left fork
3991 1 has put down the right fork
3991 1 is sleeping
3991 2 has taken the right fork
3991 2 is eating
DBG_EAT: id=2 time_last_meal=3991
4051 1 is thinking
4051 1 has taken the ri