DBG_INIT: meal_mutex init for philo 1
DBG_INIT: meal_mutex init for philo 2
DBG: init philo[1].time_last_meal=0
DBG: init philo[2].time_last_meal=0
0 1 has taken the right fork
0 1 has taken the left fork
0 1 is eating
DBG_EAT: id=1 time_last_meal=0
DBG: start_time=1758403292305
DBG_EAT2: id=1 meals=1
206 1 has put down the left fork
206 1 has put down the right fork
206 1 is sleeping
206 2 has taken the left fork
206 2 has taken the right fork
206 2 is eating
DBG_EAT: id=2 time_last_meal=206
267 1 is thinking
DBG_EAT2: id=2 meals=1
407 2 has put down the right fork
407 2 has put down the left fork
407 2 is sleeping
407 1 has taken the right fork
407 1 has taken the left fork
407 1 is eating
DBG_EAT: id=1 time_last_meal=407
467 2 is thinking
DBG_EAT2: id=1 meals=2
607 1 has put down the left fork
607 1 has put down the right fork
607 1 is sleeping
607 2 has taken the left fork
607 2 has taken the right fork
607 2 is eating
DBG_EAT: id=2 time_last_meal=607
668 1 is thinking
DBG_EAT2: id=2 meals=2
808 2 has put down the right fork
808 2 has put down the left fork
808 2 is sleeping
808 1 has taken the right fork
808 1 has taken the left fork
808 1 is eating
DBG_EAT: id=1 time_last_meal=808
868 2 is thinking
DBG_EAT2: id=1 meals=3
1008 1 has put down the left fork
1008 1 has put down the right fork
1008 1 is sleeping
1008 2 has taken the left fork
1008 2 has taken the right fork
1008 2 is eating
DBG_EAT: id=2 time_last_meal=1008
1069 1 is thinking
DBG_EAT2: id=2 meals=3
1209 2 has put down the right fork
1209 2 has put down the left fork
1209 2 is sleeping
1209 1 has taken the right fork
1209 1 has taken the left fork
1209 1 is eating
DBG_EAT: id=1 time_last_meal=1209
1269 2 is thinking
DBG_EAT2: id=1 meals=4
1409 1 has put down the left fork
1409 1 has put down the right fork
1409 1 is sleeping
1409 2 has taken the left fork
1409 2 has taken the right fork
1409 2 is eating
DBG_EAT: id=2 time_last_meal=1409
1469 1 is thinking
DBG_EAT2: id=2 meals=4
1610 2 has put down the right fork
1610 2 has put down the left fork
1610 2 is sleeping
1610 1 has taken the right fork
1610 1 has taken the left fork
1610 1 is eating
DBG_EAT: id=1 time_last_meal=1610
1670 2 is thinking
DBG_EAT2: id=1 meals=5
1810 1 has put down the left fork
1810 1 has put down the right fork
1810 1 is sleeping
1810 2 has taken the left fork
1810 2 has taken the right fork
1810 2 is eating
DBG_EAT: id=2 time_last_meal=1810
1870 1 is thinking
DBG_EAT2: id=2 meals=5
2010 2 has put down the right fork
2010 2 has put down the left fork
2010 2 is sleeping
2010 1 has taken the right fork
2010 1 has taken the left fork
2010 1 is eating
DBG_EAT: id=1 time_last_meal=2010
2011 All philosophers ate enough
DBG_EAT2: id=1 meals=6
