DBG_INIT: meal_mutex init for philo 1
DBG_INIT: meal_mutex init for philo 2
DBG: init philo[1].time_last_meal=0
DBG: init philo[2].time_last_meal=0
0 1 has taken the right fork
0 1 has taken the left fork
0 1 is eating
DBG_EAT: id=1 time_last_meal=0
DBG: start_time=1758402938298
DBG_EAT2: id=1 meals=1
101 1 has put down the left fork
101 1 has put down the right fork
101 1 is sleeping
101 2 has taken the left fork
101 2 has taken the right fork
101 2 is eating
DBG_EAT: id=2 time_last_meal=101
DBG_EAT2: id=2 meals=1
203 2 has put down the right fork
203 2 has put down the left fork
203 2 is sleeping
301 1 is thinking
301 1 has taken the right fork
301 1 has taken the left fork
301 1 is eating
DBG_EAT: id=1 time_last_meal=301
DBG_EAT2: id=1 meals=2
402 1 has put down the left fork
402 1 has put down the right fork
402 1 is sleeping
403 2 is thinking
403 2 has taken the left fork
403 2 has taken the right fork
403 2 is eating
DBG_EAT: id=2 time_last_meal=403
DBG_EAT2: id=2 meals=2
504 2 has put down the right fork
504 2 has put down the left fork
504 2 is sleeping
602 1 is thinking
602 1 has taken the right fork
602 1 has taken the left fork
602 1 is eating
DBG_EAT: id=1 time_last_meal=602
DBG_EAT2: id=1 meals=3
702 1 has put down the left fork
702 1 has put down the right fork
702 1 is sleeping
704 2 is thinking
704 2 has taken the left fork
704 2 has taken the right fork
704 2 is eating
DBG_EAT: id=2 time_last_meal=704
DBG_EAT2: id=2 meals=3
804 2 has put down the right fork
804 2 has put down the left fork
804 2 is sleeping
902 1 is thinking
902 1 has taken the right fork
902 1 has taken the left fork
902 1 is eating
DBG_EAT: id=1 time_last_meal=902
DBG_EAT2: id=1 meals=4
1002 1 has put down the left fork
1002 1 has put down the right fork
1002 1 is sleeping
1004 2 is thinking
1005 2 has taken the left fork
1005 2 has taken the right fork
1005 2 is eating
DBG_EAT: id=2 time_last_meal=1005
DBG_EAT2: id=2 meals=4
1105 2 has put down the right fork
1105 2 has put down the left fork
1105 2 is sleeping
1203 1 is thinking
1203 1 has taken the right fork
1203 1 has taken the left fork
1203 1 is eating
DBG_EAT: id=1 time_last_meal=1203
DBG_EAT2: id=1 meals=5
1303 1 has put down the left fork
1303 1 has put down the right fork
1303 1 is sleeping
1305 2 is thinking
1305 2 has taken the left fork
1305 2 has taken the right fork
1305 2 is eating
DBG_EAT: id=2 time_last_meal=1305
DBG_EAT2: id=2 meals=5
1406 2 has put down the right fork
1406 2 has put down the left fork
1406 2 is sleeping
1406 All philosophers ate enough
