DBG_INIT: meal_mutex init for philo 1
DBG_INIT: meal_mutex init for philo 2
DBG_INIT: meal_mutex init for philo 3
DBG_INIT: meal_mutex init for philo 4
DBG_INIT: meal_mutex init for philo 5
DBG: init philo[1].time_last_meal=0
DBG: init philo[2].time_last_meal=0
DBG: init philo[3].time_last_meal=0
DBG: init philo[4].time_last_meal=0
DBG: init philo[5].time_last_meal=0
0 1 has taken the right fork
0 1 has taken the left fork
0 1 is eating
DBG_EAT: id=1 time_last_meal=0
1 2 has taken the left fork
1 4 has taken the left fork
1 4 has taken the right fork
1 4 is eating
DBG_EAT: id=4 time_last_meal=1
DBG: start_time=1758387966702
DBG_EAT2: id=1 meals=1
201 1 has put down the left fork
201 1 has put down the right fork
201 1 is sleeping
201 2 has taken the right fork
201 2 is eating
DBG_EAT: id=2 time_last_meal=201
DBG_EAT2: id=4 meals=1
202 4 has put down the right fork
202 4 has put down the left fork
202 4 is sleeping
202 5 has taken the right fork
202 5 has taken the left fork
202 5 is eating
DBG_EAT: id=5 time_last_meal=202
401 1 is thinking
DBG_EAT2: id=2 meals=1
401 2 has put down the right fork
401 2 has put down the left fork
401 3 has taken the right fork
401 3 has taken the left fork
401 3 is eating
DBG_EAT: id=3 time_last_meal=401
401 2 is sleeping
DBG_EAT2: id=5 meals=1
402 4 is thinking
402 5 has put down the left fork
402 5 has put down the right fork
402 5 is sleeping
403 1 has taken the right fork
403 1 has taken the left fork
403 1 is eating
DBG_EAT: id=1 time_last_meal=403
403 4 has taken the left fork
601 2 is thinking
DBG_EAT2: id=3 meals=1
602 3 has put down the left fork
602 3 has put down the right fork
602 4 has taken the right fork
602 4 is eating
DBG_EAT: id=4 time_last_meal=602
602 3 is sleeping
602 2 has taken the left fork
603 5 is thinking
DBG_EAT2: id=1 meals=2
603 1 has put down the left fork
603 1 has put down the right fork
603 1 is sleeping
603 2 has taken the right fork
603 2 is eating
DBG_EAT: id=2 time_last_meal=603
DBG_EAT2: id=4 meals=2
802 4 has put down the right fork
802 4 has put down the left fork
802 3 is thinking
802 5 has taken the right fork
802 5 has taken the left fork
802 5 is eating
DBG_EAT: id=5 time_last_meal=802
802 4 is sleeping
803 1 is thinking
DBG_EAT2: id=2 meals=2
803 2 has put down the right fork
803 2 has put down the left fork
803 2 is sleeping
803 3 has taken the right fork
803 3 has taken the left fork
803 3 is eating
DBG_EAT: id=3 time_last_meal=803
DBG_EAT2: id=5 meals=2
1002 4 is thinking
1002 5 has put down the left fork
1002 5 has put down the right fork
1002 5 is sleeping
1002 1 has taken the right fork
1002 1 has taken the left fork
1002 1 is eating
DBG_EAT: id=1 time_last_meal=1002
1002 4 has taken the left fork
DBG_EAT2: id=3 meals=2
1003 2 is thinking
1003 3 has put down the left fork
1003 3 has put down the right fork
1003 3 is sleeping
1004 4 has taken the right fork
1004 4 is eating
DBG_EAT: id=4 time_last_meal=1004
1004 2 has taken the left fork
1202 5 is thinking
DBG_EAT2: id=1 meals=3
1202 1 has put down the left fork
1202 1 has put down the right fork
1202 2 has taken the right fork
1202 2 is eating
DBG_EAT: id=2 time_last_meal=1202
1202 1 is sleeping
1204 3 is thinking
DBG_EAT2: id=4 meals=3
1204 4 has put down the right fork
1204 4 has put down the left fork
1204 4 is sleeping
1204 5 has taken the right fork
1204 5 has taken the left fork
1204 5 is eating
DBG_EAT: id=5 time_last_meal=1204
1403 1 is thinking
DBG_EAT2: id=2 meals=3
1403 2 has put down the right fork
1403 2 has put down the left fork
1403 2 is sleeping
1403 3 has taken the right fork
1403 3 has taken the left fork
1403 3 is eating
DBG_EAT: id=3 time_last_meal=1403
1404 4 is thinking
DBG_EAT2: id=5 meals=3
1404 5 has put down the left fork
1404 5 has put down the right fork
1404 5 is sleeping
1404 1 has taken the right fork
1404 1 has taken the left fork
1404 1 is eating
DBG_EAT: id=1 time_last_meal=1404
1404 4 has taken the left fork
1603 2 is thinking
DBG_EAT2: id=3 meals=3
1603 3 has put down the left fork
1603 3 has put down the right fork
1603 3 is sleeping
1603 4 has taken the right fork
1603 4 has died (last meal at 1004)
DBG_EAT2: id=1 meals=4
