DBG_INIT: meal_mutex init for philo 1
DBG_INIT: meal_mutex init for philo 2
DBG_INIT: meal_mutex init for philo 3
DBG_INIT: meal_mutex init for philo 4
DBG: init philo[1].time_last_meal=0
DBG: init philo[2].time_last_meal=0
DBG: init philo[3].time_last_meal=0
DBG: init philo[4].time_last_meal=0
0 1 has taken the right fork
0 1 has taken the left fork
0 1 is eating
DBG_EAT: id=1 time_last_meal=0
0 3 has taken the right fork
0 3 has taken the left fork
0 3 is eating
DBG_EAT: id=3 time_last_meal=0
DBG: start_time=1758387211463
DBG_EAT2: id=1 meals=1
200 1 has put down the left fork
200 1 has put down the right fork
DBG_EAT2: id=3 meals=1
200 3 has put down the left fork
200 1 is sleeping
200 3 has put down the right fork
200 3 is sleeping
200 4 has taken the left fork
200 4 has taken the right fork
200 4 is eating
DBG_EAT: id=4 time_last_meal=200
200 2 has taken the left fork
200 2 has taken the right fork
200 2 is eating
DBG_EAT: id=2 time_last_meal=200
261 3 is thinking
261 1 is thinking
DBG_EAT2: id=2 meals=1
401 2 has put down the right fork
DBG_EAT2: id=4 meals=1
401 4 has put down the right fork
401 2 has put down the left fork
401 2 is sleeping
401 4 has put down the left fork
401 4 is sleeping
401 3 has taken the right fork
401 3 has taken the left fork
401 3 is eating
DBG_EAT: id=3 time_last_meal=401
401 1 has taken the right fork
401 1 has taken the left fork
401 1 is eating
DBG_EAT: id=1 time_last_meal=401
461 2 is thinking
461 4 is thinking
DBG_EAT2: id=3 meals=2
601 3 has put down the left fork
DBG_EAT2: id=1 meals=2
601 1 has put down the left fork
601 3 has put down the right fork
601 3 is sleeping
601 1 has put down the right fork
601 1 is sleeping
601 2 has taken the left fork
601 2 has taken the right fork
601 2 is eating
DBG_EAT: id=2 time_last_meal=601
601 4 has taken the left fork
601 4 has taken the right fork
601 4 is eating
DBG_EAT: id=4 time_last_meal=601
662 3 is thinking
662 1 is thinking
DBG_EAT2: id=4 meals=2
801 4 has put down the right fork
DBG_EAT2: id=2 meals=2
801 2 has put down the right fork
801 4 has put down the left fork
802 4 is sleeping
802 2 has put down the left fork
802 2 is sleeping
802 1 has taken the right fork
802 1 has taken the left fork
802 1 is eating
DBG_EAT: id=1 time_last_meal=802
802 3 has taken the right fork
802 3 has taken the left fork
802 3 is eating
DBG_EAT: id=3 time_last_meal=802
862 2 is thinking
862 4 is thinking
DBG_EAT2: id=3 meals=3
1002 3 has put down the left fork
DBG_EAT2: id=1 meals=3
1002 1 has put down the left fork
1002 3 has put down the right fork
1002 1 has put down the right fork
1002 1 is sleeping
1002 3 is sleeping
1002 2 has taken the left fork
1002 2 has taken the right fork
1002 2 is eating
DBG_EAT: id=2 time_last_meal=1002
1002 4 has taken the left fork
1002 4 has taken the right fork
1002 4 is eating
DBG_EAT: id=4 time_last_meal=1002
1062 1 is thinking
1062 3 is thinking
DBG_EAT2: id=4 meals=3
1202 4 has put down the right fork
DBG_EAT2: id=2 meals=3
1202 2 has put down the right fork
1202 4 has put down the left fork
1202 4 is sleeping
1202 2 has put down the left fork
1202 3 has taken the right fork
1202 3 has taken the left fork
1202 3 is eating
DBG_EAT: id=3 time_last_meal=1202
1202 1 has taken the right fork
1202 1 has taken the left fork
1202 1 is eating
DBG_EAT: id=1 time_last_meal=1202
1202 2 is sleeping
1263 2 is thinking
1263 4 is thinking
DBG_EAT2: id=1 meals=4
1403 1 has put down the left fork
DBG_EAT2: id=3 meals=4
1403 3 has put down the left fork
1403 1 has put down the right fork
1403 1 is sleeping
1403 3 has put down the right fork
1403 3 is sleeping
1403 4 has taken the left fork
1403 4 has taken the right fork
1403 4 is eating
DBG_EAT: id=4 time_last_meal=1403
1403 2 has taken the left fork
1403 2 has taken the right fork
1403 2 is eating
DBG_EAT: id=2 time_last_meal=1403
1463 3 is thinking
1463 1 is thinking
DBG_EAT2: id=4 meals=4
1603 4 has put down the right fork
DBG_EAT2: id=2 meals=4
1603 2 has put down the right fork
1603 2 has put down the left fork
1603 2 is sleeping
1603 4 has put down the left fork
1603 4 is sleeping
1603 1 has taken the right fork
1603 1 has taken the left fork
1603 1 is eating
DBG_EAT: id=1 time_last_meal=1603
1604 3 has taken the right fork
1604 3 has taken the left fork
1604 3 is eating
DBG_EAT: id=3 time_last_meal=1604
1663 4 is thinking
1664 2 is thinking
DBG_EAT2: id=1 meals=5
1804 1 has put down the left fork
1804 1 has put down the right fork
DBG_EAT2: id=3 meals=5
1804 3 has put down the left fork
1804 1 is sleeping
1804 3 has put down the right fork
1804 3 is sleeping
1804 4 has taken the left fork
1804 4 has taken the right fork
1804 4 is eating
DBG_EAT: id=4 time_last_meal=1804
1804 2 has taken the left fork
1804 2 has taken the right fork
1804 2 is eating
DBG_EAT: id=2 time_last_meal=1804
1864 3 is thinking
1864 1 is thinking
DBG_EAT2: id=4 meals=5
2004 4 has put down the right fork
DBG_EAT2: id=2 meals=5
2004 2 has put down the right fork
2004 4 has put down the left fork
2004 4 is sleeping
2004 2 has put down the left fork
2004 2 is sleeping
2004 1 has taken the right fork
2004 1 has taken the left fork
2004 1 is eating
DBG_EAT: id=1 time_last_meal=2004
2004 3 has taken the right fork
2004 3 has taken the left fork
2004 3 is eating
DBG_EAT: id=3 time_last_meal=2004
2064 4 is thinking
2064 2 is thinking
DBG_EAT2: id=3 meals=6
2204 3 has put down the left fork
DBG_EAT2: id=1 meals=6
2204 1 has put down the left fork
2204 3 has put down the right fork
2204 1 has put down the right fork
2204 1 is sleeping
2204 3 is sleeping
2204 2 has taken the left fork
2205 2 has taken the right fork
2205 2 is eating
DBG_EAT: id=2 time_last_meal=2205
2205 4 has taken the left fork
2205 All philosophers ate enough
DBG_EAT2: id=2 meals=6
