DBG_INIT: meal_mutex init for philo 1
DBG_INIT: meal_mutex init for philo 2
DBG_INIT: meal_mutex init for philo 3
DBG_INIT: meal_mutex init for philo 4
DBG: init philo[1].time_last_meal=0
DBG: init philo[2].time_last_meal=0
DBG: init philo[3].time_last_meal=0
DBG: init philo[4].time_last_meal=0
0 1 has taken the right fork
0 1 has taken the left fork
0 1 is eating
DBG_EAT: id=1 time_last_meal=0
1 3 has taken the right fork
1 3 has taken the left fork
1 3 is eating
DBG_EAT: id=3 time_last_meal=1
DBG: start_time=1758386990784
DBG_EAT2: id=1 meals=1
101 1 has put down the left fork
101 1 has put down the right fork
101 1 is sleeping
101 4 has taken the left fork
DBG_EAT2: id=3 meals=1
101 3 has put down the left fork
101 3 has put down the right fork
101 3 is sleeping
101 4 has taken the right fork
101 4 is eating
DBG_EAT: id=4 time_last_meal=101
101 2 has taken the left fork
101 2 has taken the right fork
101 2 is eating
DBG_EAT: id=2 time_last_meal=101
DBG_EAT2: id=4 meals=1
201 4 has put down the right fork
201 4 has put down the left fork
DBG_EAT2: id=2 meals=1
201 2 has put down the right fork
201 2 has put down the left fork
201 2 is sleeping
201 4 is sleeping
301 1 is thinking
301 1 has taken the right fork
301 1 has taken the left fork
301 1 is eating
DBG_EAT: id=1 time_last_meal=301
301 3 is thinking
301 3 has taken the right fork
301 3 has taken the left fork
301 3 is eating
DBG_EAT: id=3 time_last_meal=301
DBG_EAT2: id=1 meals=2
401 1 has put down the left fork
401 1 has put down the right fork
401 1 is sleeping
DBG_EAT2: id=3 meals=2
401 3 has put down the left fork
401 3 has put down the right fork
401 3 is sleeping
402 4 is thinking
402 2 is thinking
402 2 has taken the left fork
402 2 has taken the right fork
402 2 is eating
DBG_EAT: id=2 time_last_meal=402
402 4 has taken the left fork
402 4 has taken the right fork
402 4 is eating
DBG_EAT: id=4 time_last_meal=402
DBG_EAT2: id=2 meals=2
502 2 has put down the right fork
502 2 has put down the left fork
DBG_EAT2: id=4 meals=2
502 4 has put down the right fork
502 4 has put down the left fork
502 4 is sleeping
502 2 is sleeping
601 1 is thinking
601 1 has taken the right fork
601 1 has taken the left fork
601 1 is eating
DBG_EAT: id=1 time_last_meal=601
601 3 is thinking
601 3 has taken the right fork
601 3 has taken the left fork
601 3 is eating
DBG_EAT: id=3 time_last_meal=601
DBG_EAT2: id=1 meals=3
701 1 has put down the left fork
701 1 has put down the right fork
701 1 is sleeping
DBG_EAT2: id=3 meals=3
702 3 has put down the left fork
702 3 has put down the right fork
702 3 is sleeping
702 2 is thinking
702 4 is thinking
702 2 has taken the left fork
702 2 has taken the right fork
702 2 is eating
DBG_EAT: id=2 time_last_meal=702
702 4 has taken the left fork
702 4 has taken the right fork
702 4 is eating
DBG_EAT: id=4 time_last_meal=702
DBG_EAT2: id=2 meals=3
802 2 has put down the right fork
802 2 has put down the left fork
DBG_EAT2: id=4 meals=3
803 4 has put down the right fork
803 4 has put down the left fork
803 4 is sleeping
803 2 is sleeping
901 1 is thinking
901 1 has taken the right fork
901 1 has taken the left fork
901 1 is eating
DBG_EAT: id=1 time_last_meal=901
902 3 is thinking
902 3 has taken the right fork
902 3 has taken the left fork
902 3 is eating
DBG_EAT: id=3 time_last_meal=902
DBG_EAT2: id=1 meals=4
1002 1 has put down the left fork
1002 1 has put down the right fork
1002 1 is sleeping
DBG_EAT2: id=3 meals=4
1002 3 has put down the left fork
1002 3 has put down the right fork
1002 3 is sleeping
1003 2 is thinking
1003 4 is thinking
1003 2 has taken the left fork
1003 2 has taken the right fork
1003 2 is eating
DBG_EAT: id=2 time_last_meal=1003
1003 4 has taken the left fork
1003 4 has taken the right fork
1003 4 is eating
DBG_EAT: id=4 time_last_meal=1003
DBG_EAT2: id=4 meals=4
1103 4 has put down the right fork
1103 4 has put down the left fork
1103 4 is sleeping
DBG_EAT2: id=2 meals=4
1103 2 has put down the right fork
1103 2 has put down the left fork
1103 2 is sleeping
1202 1 is thinking
1202 1 has taken the right fork
1202 1 has taken the left fork
1202 1 is eating
DBG_EAT: id=1 time_last_meal=1202
1202 3 is thinking
1202 3 has taken the right fork
1202 3 has taken the left fork
1202 3 is eating
DBG_EAT: id=3 time_last_meal=1202
DBG_EAT2: id=1 meals=5
1302 1 has put down the left fork
1302 1 has put down the right fork
1302 1 is sleeping
DBG_EAT2: id=3 meals=5
1303 3 has put down the left fork
1303 3 has put down the right fork
1303 3 is sleeping
1303 4 is thinking
1303 2 is thinking
1303 4 has taken the left fork
1303 4 has taken the right fork
1303 4 is eating
DBG_EAT: id=4 time_last_meal=1303
1303 2 has taken the left fork
1303 2 has taken the right fork
1303 2 is eating
DBG_EAT: id=2 time_last_meal=1303
DBG_EAT2: id=4 meals=5
1404 4 has put down the right fork
1404 4 has put down the left fork
DBG_EAT2: id=2 meals=5
1404 2 has put down the right fork
1404 2 has put down the left fork
1404 2 is sleeping
1404 4 is sleeping
1502 1 is thinking
1502 1 has taken the right fork
1502 1 has taken the left fork
1502 1 is eating
DBG_EAT: id=1 time_last_meal=1502
1503 3 is thinking
1503 3 has taken the right fork
1503 3 has taken the left fork
1503 3 is eating
DBG_EAT: id=3 time_last_meal=1503
DBG_EAT2: id=1 meals=6
1602 1 has put down the left fork
1602 1 has put down the right fork
1602 1 is sleeping
DBG_EAT2: id=3 meals=6
1603 3 has put down the left fork
1603 3 has put down the right fork
1603 3 is sleeping
1604 2 is thinking
1604 4 is thinking
1604 2 has taken the left fork
1604 2 has taken the right fork
1604 2 is eating
DBG_EAT: id=2 time_last_meal=1604
1604 4 has taken the left fork
1604 4 has taken the right fork
1604 4 is eating
DBG_EAT: id=4 time_last_meal=1604
DBG_EAT2: id=4 meals=6
1704 4 has put down the right fork
1704 4 has put down the left fork
1704 4 is sleeping
DBG_EAT2: id=2 meals=6
1704 2 has put down the right fork
1704 2 has put down the left fork
1704 2 is sleeping
1802 1 is thinking
1802 1 has taken the right fork
1802 1 has taken the left fork
1802 1 is eating
DBG_EAT: id=1 time_last_meal=1802
1803 3 is thinking
1803 3 has taken the right fork
1803 3 has taken the left fork
1803 3 is eating
DBG_EAT: id=3 time_last_meal=1803
DBG_EAT2: id=1 meals=7
1902 1 has put down the left fork
1902 1 has put down the right fork
1902 1 is sleeping
DBG_EAT2: id=3 meals=7
1903 3 has put down the left fork
1903 3 has put down the right fork
1903 3 is sleeping
1904 4 is thinking
1904 2 is thinking
1904 2 has taken the left fork
1904 2 has taken the right fork
1904 2 is eating
DBG_EAT: id=2 time_last_meal=1904
1904 4 has taken the left fork
1904 4 has taken the right fork
1904 4 is eating
DBG_EAT: id=4 time_last_meal=1904
DBG_EAT2: id=2 meals=7
2005 2 has put down the right fork
2005 2 has put down the left fork
DBG_EAT2: id=4 meals=7
2005 4 has put down the right fork
2005 4 has put down the left fork
2005 4 is sleeping
2005 2 is sleeping
2102 1 is thinking
2102 1 has taken the right fork
2102 1 has taken the left fork
2102 1 is eating
DBG_EAT: id=1 time_last_meal=2102
2103 3 is thinking
2103 3 has taken the right fork
2103 3 has taken the left fork
2103 3 is eating
DBG_EAT: id=3 time_last_meal=2103
DBG_EAT2: id=1 meals=8
2203 1 has put down the left fork
2203 1 has put down the right fork
2203 1 is sleeping
DBG_EAT2: id=3 meals=8
2203 3 has put down the left fork
2203 3 has put down the right fork
2203 3 is sleeping
2205 4 is thinking
2205 2 is thinking
2205 4 has taken the left fork
2205 4 has taken the right fork
2205 4 is eating
DBG_EAT: id=4 time_last_meal=2205
2205 2 has taken the left fork
2205 2 has taken the right fork
2205 2 is eating
DBG_EAT: id=2 time_last_meal=2205
DBG_EAT2: id=4 meals=8
2305 4 has put down the right fork
2305 4 has put down the left fork
2305 4 is sleeping
DBG_EAT2: id=2 meals=8
2305 2 has put down the right fork
2305 2 has put down the left fork
2305 2 is sleeping
2403 1 is thinking
2403 1 has taken the right fork
2403 1 has taken the left fork
2403 1 is eating
DBG_EAT: id=1 time_last_meal=2403
2403 3 is thinking
2403 3 has taken the right fork
2403 3 has taken the left fork
2403 3 is eating
DBG_EAT: id=3 time_last_meal=2403
DBG_EAT2: id=1 meals=9
2503 1 has put down the left fork
2503 1 has put down the right fork
2503 1 is sleeping
DBG_EAT2: id=3 meals=9
2504 3 has put down the left fork
2504 3 has put down the right fork
2504 3 is sleeping
2505 4 is thinking
2505 4 has taken the left fork
2505 4 has taken the right fork
2505 4 is eating
DBG_EAT: id=4 time_last_meal=2505
2505 2 is thinking
2505 2 has taken the left fork
2505 2 has taken the right fork
2505 2 is eating
DBG_EAT: id=2 time_last_meal=2505
DBG_EAT2: id=4 meals=9
2605 4 has put down the right fork
2605 4 has put down the left fork
2605 4 is sleeping
DBG_EAT2: id=2 meals=9
2605 2 has put down the right fork
2605 2 has put down the left fork
2605 2 is sleeping
2703 1 is thinking
2703 1 has taken the right fork
2703 1 has taken the left fork
2703 1 is eating
DBG_EAT: id=1 time_last_meal=2703
2704 3 is thinking
2704 3 has taken the right fork
2704 3 has taken the left fork
2704 3 is eating
DBG_EAT: id=3 time_last_meal=2704
DBG_EAT2: id=1 meals=10
2803 1 has put down the left fork
2803 1 has put down the right fork
2803 1 is sleeping
DBG_EAT2: id=3 meals=10
2804 3 has put down the left fork
2804 3 has put down the right fork
2804 3 is sleeping
2805 4 is thinking
2805 4 has taken the left fork
2805 4 has taken the right fork
2805 4 is eating
DBG_EAT: id=4 time_last_meal=2805
2805 2 is thinking
2806 2 has taken the left fork
2806 2 has taken the right fork
2806 2 is eating
DBG_EAT: id=2 time_last_meal=2806
DBG_EAT2: id=4 meals=10
2906 4 has put down the right fork
2906 4 has put down the left fork
2906 4 is sleeping
DBG_EAT2: id=2 meals=10
2906 2 has put down the right fork
2906 2 has put down the left fork
2906 2 is sleeping
3003 1 is thinking
3003 1 has taken the right fork
3003 1 has taken the left fork
3003 1 is eating
DBG_EAT: id=1 time_last_meal=3003
3004 3 is thinking
3004 3 has taken the right fork
3004 3 has taken the left fork
3004 3 is eating
DBG_EAT: id=3 time_last_meal=3004
DBG_EAT2: id=1 meals=11
3103 1 has put down the left fork
3103 1 has put down the right fork
3103 1 is sleeping
DBG_EAT2: id=3 meals=11
3104 3 has put down the left fork
3104 3 has put down the right fork
3104 3 is sleeping
3106 4 is thinking
3106 2 is thinking
3106 4 has taken the left fork
3106 4 has taken the right fork
3106 4 is eating
DBG_EAT: id=4 time_last_meal=3106
3106 2 has taken the left fork
3106 2 has taken the right fork
3106 2 is eating
DBG_EAT: id=2 time_last_meal=3106
DBG_EAT2: id=4 meals=11
3206 4 has put down the right fork
3206 4 has put down the left fork
3206 4 is sleeping
DBG_EAT2: id=2 meals=11
3206 2 has put down the right fork
3206 2 has put down the left fork
3206 2 is sleeping
3303 1 is thinking
3303 1 has taken the right fork
3303 1 has taken the left fork
3303 1 is eating
DBG_EAT: id=1 time_last_meal=3303
3304 3 is thinking
3304 3 has taken the right fork
3304 3 has taken the left fork
3304 3 is eating
DBG_EAT: id=3 time_last_meal=3304
DBG_EAT2: id=1 meals=12
3403 1 has put down the left fork
3403 1 has put down the right fork
3404 1 is sleeping
DBG_EAT2: id=3 meals=12
3404 3 has put down the left fork
3404 3 has put down the right fork
3404 3 is sleeping
3406 4 is thinking
3406 2 is thinking
3406 4 has taken the left fork
3406 4 has taken the right fork
3406 4 is eating
DBG_EAT: id=4 time_last_meal=3406
3406 2 has taken the left fork
3406 2 has taken the right fork
3406 2 is eating
DBG_EAT: id=2 time_last_meal=3406
DBG_EAT2: id=4 meals=12
3506 4 has put down the right fork
3506 4 has put down the left fork
3506 4 is sleeping
DBG_EAT2: id=2 meals=12
3507 2 has put down the right fork
3507 2 has put down the left fork
3507 2 is sleeping
3604 1 is thinking
3604 1 has taken the right fork
3604 1 has taken the left fork
3604 1 is eating
DBG_EAT: id=1 time_last_meal=3604
3604 3 is thinking
3604 3 has taken the right fork
3604 3 has taken the left fork
3604 3 is eating
DBG_EAT: id=3 time_last_meal=3604
DBG_EAT2: id=1 meals=13
3704 1 has put down the left fork
3704 1 has put down the right fork
3704 1 is sleeping
DBG_EAT2: id=3 meals=13
3704 3 has put down the left fork
3704 3 has put down the right fork
3704 3 is sleeping
3707 4 is thinking
3707 4 has taken the left fork
3707 4 has taken the right fork
3707 4 is eating
DBG_EAT: id=4 time_last_meal=3707
3707 2 is thinking
3707 2 has taken the left fork
3707 2 has taken the right fork
3707 2 is eating
DBG_EAT: id=2 time_last_meal=3707
DBG_EAT2: id=4 meals=13
3807 4 has put down the right fork
3807 4 has put down the left fork
3807 4 is sleeping
DBG_EAT2: id=2 meals=13
3807 2 has put down the right fork
3807 2 has put down the left fork
3807 2 is sleeping
3904 1 is thinking
3904 1 has taken the right fork
3904 1 has taken the left fork
3904 1 is eating
DBG_EAT: id=1 time_last_meal=3904
3905 3 is thinking
3905 3 has taken the right fork
3905 3 has taken the left fork
3905 3 is eating
DBG_EAT: id=3 time_last_meal=3905
DBG_EAT2: id=1 meals=14
4004 1 has put down the left fork
4004 1 has put down the right fork
4004 1 is sleeping
DBG_EAT2: id=3 meals=14
4005 3 has put down the left fork
4005 3 has put down the right fork
4005 3 is sleeping
4007 4 is thinking
4007 4 has taken the left fork
4007 4 has taken the right fork
4007 4 is eating
DBG_EAT: id=4 time_last_meal=4007
4007 2 is thinking
4007 2 has taken the left fork
4007 2 has taken the right fork
4007 2 is eating
DBG_EAT: id=2 time_last_meal=4007
DBG_EAT2: id=4 meals=14
4107 4 has put down the right fork
4107 4 has put down the left fork
4107 4 is sleeping
DBG_EAT2: id=2 meals=14
4107 2 has put down the right fork
4107 2 has put down the left fork
4107 2 is sleeping
4204 1 is thinking
4204 1 has taken the right fork
4204 1 has taken the left fork
4204 1 is eating
DBG_EAT: id=1 time_last_meal=4204
4205 3 is thinking
4205 3 has taken the right fork
4205 3 has taken the left fork
4205 3 is eating
DBG_EAT: id=3 time_last_meal=4205
DBG_EAT2: id=1 meals=15
4304 1 has put down the left fork
4304 1 has put down the right fork
4304 1 is sleeping
DBG_EAT2: id=3 meals=15
4305 3 has put down the left fork
4305 3 has put down the right fork
4305 3 is sleeping
4307 4 is thinking
4307 4 has taken the left fork
4307 4 has taken the right fork
4307 4 is eating
DBG_EAT: id=4 time_last_meal=4307
4307 2 is thinking
4307 2 has taken the left fork
4307 2 has taken the right fork
4307 2 is eating
DBG_EAT: id=2 time_last_meal=4307
DBG_EAT2: id=4 meals=15
4407 4 has put down the right fork
4407 4 has put down the left fork
4407 4 is sleeping
DBG_EAT2: id=2 meals=15
4408 2 has put down the right fork
4408 2 has put down the left fork
4408 2 is sleeping
4504 1 is thinking
4504 1 has taken the right fork
4504 1 has taken the left fork
4504 1 is eating
DBG_EAT: id=1 time_last_meal=4504
4505 3 is thinking
4505 3 has taken the right fork
4505 3 has taken the left fork
4505 3 is eating
DBG_EAT: id=3 time_last_meal=4505
DBG_EAT2: id=1 meals=16
4604 1 has put down the left fork
4604 1 has put down the right fork
4604 1 is sleeping
DBG_EAT2: id=3 meals=16
4605 3 has put down the left fork
4605 3 has put down the right fork
4605 3 is sleeping
4607 4 is thinking
4608 2 is thinking
4608 4 has taken the left fork
4608 4 has taken the right fork
4608 4 is eating
DBG_EAT: id=4 time_last_meal=4608
4608 2 has taken the left fork
4608 2 has taken the right fork
4608 2 is eating
DBG_EAT: id=2 time_last_meal=4608
DBG_EAT2: id=4 meals=16
4708 4 has put down the right fork
4708 4 has put down the left fork
4708 4 is sleeping
DBG_EAT2: id=2 meals=16
4708 2 has put down the right fork
4708 2 has put down the left fork
4708 2 is sleeping
4804 1 is thinking
4804 1 has taken the right fork
4804 1 has taken the left fork
4804 1 is eating
DBG_EAT: id=1 time_last_meal=4804
4805 3 is thinking
4805 3 has taken the right fork
4805 3 has taken the left fork
4805 3 is eating
DBG_EAT: id=3 time_last_meal=4805
DBG_EAT2: id=1 meals=17
4905 1 has put down the left fork
4905 1 has put down the right fork
4905 1 is sleeping
DBG_EAT2: id=3 meals=17
4905 3 has put down the left fork
4905 3 has put down the right fork
4905 3 is sleeping
4908 4 is thinking
4908 2 is thinking
4908 4 has taken the left fork
4908 4 has taken the right fork
4908 4 is eating
