DBG_INIT: meal_mutex init for philo 1
DBG_INIT: meal_mutex init for philo 2
DBG: init philo[1].time_last_meal=0
DBG: init philo[2].time_last_meal=0
1 1 has taken the right fork
1 1 has taken the left fork
1 1 is eating
DBG_EAT: id=1 time_last_meal=1
DBG: start_time=1758403044322
DBG_EAT2: id=1 meals=1
61 1 has put down the left fork
61 1 has put down the right fork
62 1 is sleeping
62 2 has taken the left fork
62 2 has taken the right fork
62 2 is eating
DBG_EAT: id=2 time_last_meal=62
DBG_EAT2: id=2 meals=1
122 2 has put down the right fork
122 2 has put down the left fork
122 2 is sleeping
262 1 is thinking
262 1 has taken the right fork
262 1 has taken the left fork
262 1 is eating
DBG_EAT: id=1 time_last_meal=262
DBG_EAT2: id=1 meals=2
322 1 has put down the left fork
322 1 has put down the right fork
322 1 is sleeping
322 2 is thinking
322 2 has taken the left fork
322 2 has taken the right fork
322 2 is eating
DBG_EAT: id=2 time_last_meal=322
DBG_EAT2: id=2 meals=2
383 2 has put down the right fork
383 2 has put down the left fork
383 2 is sleeping
522 1 is thinking
522 1 has taken the right fork
522 1 has taken the left fork
522 1 is eating
DBG_EAT: id=1 time_last_meal=522
DBG_EAT2: id=1 meals=3
582 1 has put down the left fork
582 1 has put down the right fork
582 1 is sleeping
583 2 is thinking
583 2 has taken the left fork
583 2 has taken the right fork
583 2 is eating
DBG_EAT: id=2 time_last_meal=583
DBG_EAT2: id=2 meals=3
643 2 has put down the right fork
643 2 has put down the left fork
643 2 is sleeping
783 1 is thinking
783 1 has taken the right fork
783 1 has taken the left fork
783 1 is eating
DBG_EAT: id=1 time_last_meal=783
DBG_EAT2: id=1 meals=4
843 1 has put down the left fork
843 1 has put down the right fork
843 1 is sleeping
844 2 is thinking
844 2 has taken the left fork
844 2 has taken the right fork
844 2 is eating
DBG_EAT: id=2 time_last_meal=844
DBG_EAT2: id=2 meals=4
904 2 has put down the right fork
904 2 has put down the left fork
904 2 is sleeping
1043 1 is thinking
1043 1 has taken the right fork
1043 1 has taken the left fork
1043 1 is eating
DBG_EAT: id=1 time_last_meal=1043
DBG_EAT2: id=1 meals=5
1103 1 has put down the left fork
1103 1 has put down the right fork
1103 1 is sleeping
1104 2 is thinking
1105 2 has taken the left fork
1105 2 has taken the right fork
1105 2 is eating
DBG_EAT: id=2 time_last_meal=1105
DBG_EAT2: id=2 meals=5
1165 2 has put down the right fork
1165 2 has put down the left fork
1165 2 is sleeping
1165 All philosophers ate enough
