DBG_INIT: meal_mutex init for philo 1
DBG_INIT: meal_mutex init for philo 2
DBG_INIT: meal_mutex init for philo 3
DBG: init philo[1].time_last_meal=0
DBG: init philo[2].time_last_meal=0
DBG: init philo[3].time_last_meal=0
0 1 has taken the right fork
0 1 has taken the left fork
0 1 is eating
DBG_EAT: id=1 time_last_meal=0
0 2 has taken the left fork
DBG: start_time=1758386629406
DBG_EAT2: id=1 meals=1
60 1 has put down the left fork
60 1 has put down the right fork
60 2 has taken the right fork
60 2 is eating
DBG_EAT: id=2 time_last_meal=60
60 1 is sleeping
DBG_EAT2: id=2 meals=1
120 2 has put down the right fork
120 2 has put down the left fork
120 2 is sleeping
120 3 has taken the right fork
120 3 has taken the left fork
120 3 is eating
DBG_EAT: id=3 time_last_meal=120
160 1 is thinking
DBG_EAT2: id=3 meals=1
180 3 has put down the left fork
180 3 has put down the right fork
180 3 is sleeping
180 1 has taken the right fork
181 1 has taken the left fork
181 1 is eating
DBG_EAT: id=1 time_last_meal=181
220 2 is thinking
220 2 has taken the left fork
DBG_EAT2: id=1 meals=2
241 1 has put down the left fork
241 1 has put down the right fork
241 1 is sleeping
241 2 has taken the right fork
241 2 is eating
DBG_EAT: id=2 time_last_meal=241
281 3 is thinking
DBG_EAT2: id=2 meals=2
301 2 has put down the right fork
301 2 has put down the left fork
301 2 is sleeping
301 3 has taken the right fork
301 3 has taken the left fork
301 3 is eating
DBG_EAT: id=3 time_last_meal=301
341 1 is thinking
DBG_EAT2: id=3 meals=2
361 3 has put down the left fork
361 3 has put down the right fork
361 3 is sleeping
361 1 has taken the right fork
361 1 has taken the left fork
361 1 is eating
DBG_EAT: id=1 time_last_meal=361
401 2 is thinking
401 2 has taken the left fork
DBG_EAT2: id=1 meals=3
421 1 has put down the left fork
421 1 has put down the right fork
421 1 is sleeping
421 2 has taken the right fork
421 2 is eating
DBG_EAT: id=2 time_last_meal=421
461 3 is thinking
DBG_EAT2: id=2 meals=3
481 2 has put down the right fork
481 2 has put down the left fork
481 2 is sleeping
481 3 has taken the right fork
481 3 has taken the left fork
481 3 is eating
DBG_EAT: id=3 time_last_meal=481
521 1 is thinking
DBG_EAT2: id=3 meals=3
541 3 has put down the left fork
541 3 has put down the right fork
541 3 is sleeping
541 1 has taken the right fork
541 1 has taken the left fork
541 1 is eating
DBG_EAT: id=1 time_last_meal=541
581 2 is thinking
582 2 has taken the left fork
DBG_EAT2: id=1 meals=4
602 1 has put down the left fork
602 1 has put down the right fork
602 1 is sleeping
602 2 has taken the right fork
602 2 is eating
DBG_EAT: id=2 time_last_meal=602
642 3 is thinking
DBG_EAT2: id=2 meals=4
662 2 has put down the right fork
662 2 has put down the left fork
662 2 is sleeping
662 3 has taken the right fork
662 3 has taken the left fork
662 3 is eating
DBG_EAT: id=3 time_last_meal=662
702 1 is thinking
DBG_EAT2: id=3 meals=4
722 3 has put down the left fork
722 3 has put down the right fork
722 3 is sleeping
722 1 has taken the right fork
722 1 has taken the left fork
722 1 is eating
DBG_EAT: id=1 time_last_meal=722
762 2 is thinking
762 2 has taken the left fork
DBG_EAT2: id=1 meals=5
782 1 has put down the left fork
782 1 has put down the right fork
782 1 is sleeping
782 2 has taken the right fork
782 2 is eating
DBG_EAT: id=2 time_last_meal=782
822 3 is thinking
DBG_EAT2: id=2 meals=5
842 2 has put down the right fork
842 2 has put down the left fork
842 2 is sleeping
842 3 has taken the right fork
842 3 has taken the left fork
842 3 is eating
DBG_EAT: id=3 time_last_meal=842
882 1 is thinking
DBG_EAT2: id=3 meals=5
902 3 has put down the left fork
902 3 has put down the right fork
902 3 is sleeping
903 1 has taken the right fork
903 1 has taken the left fork
903 1 is eating
DBG_EAT: id=1 time_last_meal=903
942 2 is thinking
942 2 has taken the left fork
DBG_EAT2: id=1 meals=6
963 1 has put down the left fork
963 1 has put down the right fork
963 1 is sleeping
963 2 has taken the right fork
963 2 is eating
DBG_EAT: id=2 time_last_meal=963
1003 3 is thinking
DBG_EAT2: id=2 meals=6
1023 2 has put down the right fork
1023 2 has put down the left fork
1023 2 is sleeping
1023 3 has taken the right fork
1023 3 has taken the left fork
1023 3 is eating
DBG_EAT: id=3 time_last_meal=1023
1063 1 is thinking
DBG_EAT2: id=3 meals=6
1083 3 has put down the left fork
1083 3 has put down the right fork
1083 3 is sleeping
1083 1 has taken the right fork
1083 1 has taken the left fork
1083 1 is eating
DBG_EAT: id=1 time_last_meal=1083
1123 2 is thinking
1123 2 has taken the left fork
DBG_EAT2: id=1 meals=7
1143 1 has put down the left fork
1143 1 has put down the right fork
1143 1 is sleeping
1143 2 has taken the right fork
1143 2 is eating
DBG_EAT: id=2 time_last_meal=1143
1183 3 is thinking
DBG_EAT2: id=2 meals=7
1203 2 has put down the right fork
1203 2 has put down the left fork
1203 2 is sleeping
1203 3 has taken the right fork
1203 3 has taken the left fork
1203 3 is eating
DBG_EAT: id=3 time_last_meal=1203
1243 1 is thinking
DBG_EAT2: id=3 meals=7
1263 3 has put down the left fork
1263 3 has put down the right fork
1264 3 is sleeping
1264 1 has taken the right fork
1264 1 has taken the left fork
1264 1 is eating
DBG_EAT: id=1 time_last_meal=1264
1304 2 is thinking
1304 2 has taken the left fork
DBG_EAT2: id=1 meals=8
1324 1 has put down the left fork
1324 1 has put down the right fork
1324 1 is sleeping
1324 2 has taken the right fork
1324 2 is eating
DBG_EAT: id=2 time_last_meal=1324
1364 3 is thinking
DBG_EAT2: id=2 meals=8
1384 2 has put down the right fork
1384 2 has put down the left fork
1384 2 is sleeping
1384 3 has taken the right fork
1384 3 has taken the left fork
1384 3 is eating
DBG_EAT: id=3 time_last_meal=1384
1424 1 is thinking
DBG_EAT2: id=3 meals=8
1444 3 has put down the left fork
1444 3 has put down the right fork
1444 3 is sleeping
1444 1 has taken the right fork
1444 1 has taken the left fork
1444 1 is eating
DBG_EAT: id=1 time_last_meal=1444
1484 2 is thinking
1484 2 has taken the left fork
DBG_EAT2: id=1 meals=9
1504 1 has put down the left fork
1504 1 has put down the right fork
1504 1 is sleeping
1504 2 has taken the right fork
1504 2 is eating
DBG_EAT: id=2 time_last_meal=1504
1544 3 is thinking
DBG_EAT2: id=2 meals=9
1564 2 has put down the right fork
1564 2 has put down the left fork
1564 2 is sleeping
1564 3 has taken the right fork
1564 3 has taken the left fork
1564 3 is eating
DBG_EAT: id=3 time_last_meal=1564
1604 1 is thinking
DBG_EAT2: id=3 meals=9
1624 3 has put down the left fork
1624 3 has put down the right fork
1624 3 is sleeping
1624 1 has taken the right fork
1624 1 has taken the left fork
1624 1 is eating
DBG_EAT: id=1 time_last_meal=1624
1664 2 is thinking
1665 2 has taken the left fork
DBG_EAT2: id=1 meals=10
1685 1 has put down the left fork
1685 1 has put down the right fork
1685 1 is sleeping
1685 2 has taken the right fork
1685 2 is eating
DBG_EAT: id=2 time_last_meal=1685
1725 3 is thinking
DBG_EAT2: id=2 meals=10
1745 2 has put down the right fork
1745 2 has put down the left fork
1745 3 has taken the right fork
1745 3 has taken the left fork
1745 2 is sleeping
1745 3 is eating
DBG_EAT: id=3 time_last_meal=1745
1785 1 is thinking
DBG_EAT2: id=3 meals=10
1805 3 has put down the left fork
1805 3 has put down the right fork
1805 3 is sleeping
1805 1 has taken the right fork
1805 1 has taken the left fork
1805 1 is eating
DBG_EAT: id=1 time_last_meal=1805
1845 2 is thinking
1845 2 has taken the left fork
DBG_EAT2: id=1 meals=11
1865 1 has put down the left fork
1865 1 has put down the right fork
1865 1 is sleeping
1865 2 has taken the right fork
1865 2 is eating
DBG_EAT: id=2 time_last_meal=1865
1905 3 is thinking
DBG_EAT2: id=2 meals=11
1925 2 has put down the right fork
1925 2 has put down the left fork
1925 2 is sleeping
1925 3 has taken the right fork
1925 3 has taken the left fork
1925 3 is eating
DBG_EAT: id=3 time_last_meal=1925
1965 1 is thinking
DBG_EAT2: id=3 meals=11
1985 3 has put down the left fork
1985 3 has put down the right fork
1985 3 is sleeping
1985 1 has taken the right fork
1985 1 has taken the left fork
1985 1 is eating
DBG_EAT: id=1 time_last_meal=1985
2025 2 is thinking
2025 2 has taken the left fork
DBG_EAT2: id=1 meals=12
2046 1 has put down the left fork
2046 1 has put down the right fork
2046 1 is sleeping
2046 2 has taken the right fork
2046 2 is eating
DBG_EAT: id=2 time_last_meal=2046
2086 3 is thinking
DBG_EAT2: id=2 meals=12
2106 2 has put down the right fork
2106 2 has put down the left fork
2106 2 is sleeping
2106 3 has taken the right fork
2106 3 has taken the left fork
2106 3 is eating
DBG_EAT: id=3 time_last_meal=2106
2146 1 is thinking
DBG_EAT2: id=3 meals=12
2166 3 has put down the left fork
2166 3 has put down the right fork
2166 3 is sleeping
2166 1 has taken the right fork
2166 1 has taken the left fork
2166 1 is eating
DBG_EAT: id=1 time_last_meal=2166
2206 2 is thinking
2206 2 has taken the left fork
DBG_EAT2: id=1 meals=13
2226 1 has put down the left fork
2226 1 has put down the right fork
2226 1 is sleeping
2226 2 has taken the right fork
2226 2 is eating
DBG_EAT: id=2 time_last_meal=2226
2266 3 is thinking
DBG_EAT2: id=2 meals=13
2286 2 has put down the right fork
2286 2 has put down the left fork
2286 2 is sleeping
2286 3 has taken the right fork
2286 3 has taken the left fork
2286 3 is eating
DBG_EAT: id=3 time_last_meal=2286
2326 1 is thinking
DBG_EAT2: id=3 meals=13
2346 3 has put down the left fork
2346 3 has put down the right fork
2346 3 is sleeping
2346 1 has taken the right fork
2346 1 has taken the left fork
2346 1 is eating
DBG_EAT: id=1 time_last_meal=2346
2386 2 is thinking
2386 2 has taken the left fork
DBG_EAT2: id=1 meals=14
2407 1 has put down the left fork
2407 1 has put down the right fork
2407 1 is sleeping
2407 2 has taken the right fork
2407 2 is eating
DBG_EAT: id=2 time_last_meal=2407
2447 3 is thinking
DBG_EAT2: id=2 meals=14
2467 2 has put down the right fork
2467 2 has put down the left fork
2467 2 is sleeping
2467 3 has taken the right fork
2467 3 has taken the left fork
2467 3 is eating
DBG_EAT: id=3 time_last_meal=2467
2507 1 is thinking
DBG_EAT2: id=3 meals=14
2527 3 has put down the left fork
2527 3 has put down the right fork
2527 3 is sleeping
2527 1 has taken the right fork
2527 1 has taken the left fork
2527 1 is eating
DBG_EAT: id=1 time_last_meal=2527
2567 2 is thinking
2567 2 has taken the left fork
DBG_EAT2: id=1 meals=15
2587 1 has put down the left fork
2587 1 has put down the right fork
2587 1 is sleeping
2587 2 has taken the right fork
2587 2 is eating
DBG_EAT: id=2 time_last_meal=2587
2627 3 is thinking
DBG_EAT2: id=2 meals=15
2647 2 has put down the right fork
2647 2 has put down the left fork
2647 2 is sleeping
2647 3 has taken the right fork
2647 3 has taken the left fork
2647 3 is eating
DBG_EAT: id=3 time_last_meal=2647
2687 1 is thinking
DBG_EAT2: id=3 meals=15
2707 3 has put down the left fork
2707 3 has put down the right fork
2707 3 is sleeping
2707 1 has taken the right fork
2707 1 has taken the left fork
2707 1 is eating
DBG_EAT: id=1 time_last_meal=2707
2747 2 is thinking
2748 2 has taken the left fork
DBG_EAT2: id=1 meals=16
2768 1 has put down the left fork
2768 1 has put down the right fork
2768 1 is sleeping
2768 2 has taken the right fork
2768 2 is eating
DBG_EAT: id=2 time_last_meal=2768
2807 3 is thinking
DBG_EAT2: id=2 meals=16
2828 2 has put down the right fork
2828 2 has put down the left fork
2828 2 is sleeping
2828 3 has taken the right fork
2828 3 has taken the left fork
2828 3 is eating
DBG_EAT: id=3 time_last_meal=2828
2868 1 is thinking
DBG_EAT2: id=3 meals=16
2888 3 has put down the left fork
2888 3 has put down the right fork
2888 3 is sleeping
2888 1 has taken the right fork
2888 1 has taken the left fork
2888 1 is eating
DBG_EAT: id=1 time_last_meal=2888
2928 2 is thinking
2928 2 has taken the left fork
DBG_EAT2: id=1 meals=17
2948 1 has put down the left fork
2948 1 has put down the right fork
2948 1 is sleeping
2948 2 has taken the right fork
2948 2 is eating
DBG_EAT: id=2 time_last_meal=2948
2988 3 is thinking
DBG_EAT2: id=2 meals=17
3008 2 has put down the right fork
3008 2 has put down the left fork
3008 2 is sleeping
3008 3 has taken the right fork
3008 3 has taken the left fork
3008 3 is eating
DBG_EAT: id=3 time_last_meal=3008
3048 1 is thinking
DBG_EAT2: id=3 meals=17
3069 3 has put down the left fork
3069 3 has put down the right fork
3069 3 is sleeping
3069 1 has taken the right fork
3069 1 has taken the left fork
3069 1 is eating
DBG_EAT: id=1 time_last_meal=3069
3108 2 is thinking
3109 2 has taken the left fork
DBG_EAT2: id=1 meals=18
3129 1 has put down the left fork
3129 1 has put down the right fork
3129 1 is sleeping
3129 2 has taken the right fork
3129 2 is eating
DBG_EAT: id=2 time_last_meal=3129
3169 3 is thinking
DBG_EAT2: id=2 meals=18
3189 2 has put down the right fork
3189 2 has put down the left fork
3189 2 is sleeping
3189 3 has taken the right fork
3189 3 has taken the left fork
3189 3 is eating
DBG_EAT: id=3 time_last_meal=3189
3229 1 is thinking
DBG_EAT2: id=3 meals=18
3249 3 has put down the left fork
3249 3 has put down the right fork
3249 3 is sleeping
3249 1 has taken the right fork
3249 1 has taken the left fork
3249 1 is eating
DBG_EAT: id=1 time_last_meal=3249
3289 2 is thinking
3289 2 has taken the left fork
DBG_EAT2: id=1 meals=19
3309 1 has put down the left fork
3309 1 has put down the right fork
3309 1 is sleeping
3309 2 has taken the right fork
3309 2 is eating
DBG_EAT: id=2 time_last_meal=3309
3349 3 is thinking
DBG_EAT2: id=2 meals=19
3369 2 has put down the right fork
3369 2 has put down the left fork
3369 2 is sleeping
3369 3 has taken the right fork
3369 3 has taken the left fork
3369 3 is eating
DBG_EAT: id=3 time_last_meal=3369
3409 1 is thinking
DBG_EAT2: id=3 meals=19
3429 3 has put down the left fork
3429 3 has put down the right fork
3429 3 is sleeping
3429 1 has taken the right fork
3429 1 has taken the left fork
3429 1 is eating
DBG_EAT: id=1 time_last_meal=3429
3469 2 is thinking
3470 2 has taken the left fork
DBG_EAT2: id=1 meals=20
3490 1 has put down the left fork
3490 1 has put down the right fork
3490 1 is sleeping
3490 2 has taken the right fork
3490 2 is eating
DBG_EAT: id=2 time_last_meal=3490
3530 3 is thinking
DBG_EAT2: id=2 meals=20
3550 2 has put down the right fork
3550 2 has put down the left fork
3550 2 is sleeping
3550 3 has taken the right fork
3550 3 has taken the left fork
3550 3 is eating
DBG_EAT: id=3 time_last_meal=3550
3590 1 is thinking
DBG_EAT2: id=3 meals=20
3610 3 has put down the left fork
3610 3 has put down the right fork
3610 3 is sleeping
3610 1 has taken the right fork
3610 1 has taken the left fork
3610 1 is eating
DBG_EAT: id=1 time_last_meal=3610
3650 2 is thinking
3650 2 has taken the left fork
DBG_EAT2: id=1 meals=21
3670 1 has put down the left fork
3670 1 has put down the right fork
3670 1 is sleeping
3670 2 has taken the right fork
3670 2 is eating
DBG_EAT: id=2 time_last_meal=3670
3710 3 is thinking
DBG_EAT2: id=2 meals=21
3730 2 has put down the right fork
3730 2 has put down the left fork
3730 2 is sleeping
3730 3 has taken the right fork
3730 3 has taken the left fork
3730 3 is eating
DBG_EAT: id=3 time_last_meal=3730
3770 1 is thinking
DBG_EAT2: id=3 meals=21
3790 3 has put down the left fork
3790 3 has put down the right fork
3790 3 is sleeping
3790 1 has taken the right fork
3790 1 has taken the left fork
3790 1 is eating
DBG_EAT: id=1 time_last_meal=3790
3830 2 is thinking
3831 2 has taken the left fork
DBG_EAT2: id=1 meals=22
3851 1 has put down the left fork
3851 1 has put down the right fork
3851 1 is sleeping
3851 2 has taken the right fork
3851 2 is eating
DBG_EAT: id=2 time_last_meal=3851
3891 3 is thinking
DBG_EAT2: id=2 meals=22
3911 2 has put down the right fork
3911 2 has put down the left fork
3911 2 is sleeping
3911 3 has taken the right fork
3911 3 has taken the left fork
3911 3 is eating
DBG_EAT: id=3 time_last_meal=3911
3951 1 is thinking
DBG_EAT2: id=3 meals=22
3971 3 has put down the left fork
3971 3 has put down the right fork
3971 3 is sleeping
3971 1 has taken the right fork
3971 1 has taken the left fork
3971 1 is eating
DBG_EAT: id=1 time_last_meal=3971
4011 2 is thinking
4011 2 has taken the left fork
DBG_EAT2: id=1 meals=23
4031 1 has put down the left fork
4031 1 has put down the right fork
4031 1 is sleeping
4031 2 has taken the right fork
4031 2 is eating
DBG_EAT: id=2 time_last_meal=4031
4071 3 is thinking
DBG_EAT2: id=2 meals=23
4091 2 has put down the right fork
4091 2 has put down the left fork
4091 2 is sleeping
4091 3 has taken the right fork
4091 3 has taken the left fork
4091 3 is eating
DBG_EAT: id=3 time_last_meal=4091
4131 1 is thinking
DBG_EAT2: id=3 meals=23
4151 3 has put down the left fork
4151 3 has put down the right fork
4151 3 is sleeping
4151 1 has taken the right fork
4151 1 has taken the left fork
4151 1 is eating
DBG_EAT: id=1 time_last_meal=4151
4191 2 is thinking
4192 2 has taken the left fork
DBG_EAT2: id=1 meals=24
4212 1 has put down the left fork
4212 1 has put down the right fork
4212 1 is sleeping
4212 2 has taken the right fork
4212 2 is eating
DBG_EAT: id=2 time_last_meal=4212
4252 3 is thinking
DBG_EAT2: id=2 meals=24
4272 2 has put down the right fork
4272 2 has put down the left fork
4272 2 is sleeping
4272 3 has taken the right fork
4272 3 has taken the left fork
4272 3 is eating
DBG_EAT: id=3 time_last_meal=4272
4312 1 is thinking
DBG_EAT2: id=3 meals=24
4332 3 has put down the left fork
4332 3 has put down the right fork
4332 3 is sleeping
4332 1 has taken the right fork
4332 1 has taken the left fork
4332 1 is eating
DBG_EAT: id=1 time_last_meal=4332
4372 2 is thinking
4372 2 has taken the left fork
DBG_EAT2: id=1 meals=25
4392 1 has put down the left fork
4392 1 has put down the right fork
4392 1 is sleeping
4392 2 has taken the right fork
4392 2 is eating
DBG_EAT: id=2 time_last_meal=4392
4432 3 is thinking
DBG_EAT2: id=2 meals=25
4452 2 has put down the right fork
4452 2 has put down the left fork
4452 2 is sleeping
4452 3 has taken the right fork
4452 3 has taken the left fork
4452 3 is eating
DBG_EAT: id=3 time_last_meal=4452
4492 1 is thinking
DBG_EAT2: id=3 meals=25
4512 3 has put down the left fork
4512 3 has put down the right fork
4512 3 is sleeping
4512 1 has taken the right fork
4512 1 has taken the left fork
4512 1 is eating
DBG_EAT: id=1 time_last_meal=4512
4552 2 is thinking
4552 2 has taken the left fork
DBG_EAT2: id=1 meals=26
4573 1 has put down the left fork
4573 1 has put down the right fork
4573 1 is sleeping
4573 2 has taken the right fork
4573 2 is eating
DBG_EAT: id=2 time_last_meal=4573
4613 3 is thinking
DBG_EAT2: id=2 meals=26
4633 2 has put down the right fork
4633 2 has put down the left fork
4633 2 is sleeping
4633 3 has taken the right fork
4633 3 has taken the left fork
4633 3 is eating
DBG_EAT: id=3 time_last_meal=4633
4673 1 is thinking
DBG_EAT2: id=3 meals=26
4693 3 has put down the left fork
4693 3 has put down the right fork
4693 3 is sleeping
4693 1 has taken the right fork
4693 1 has taken the left fork
4693 1 is eating
DBG_EAT: id=1 time_last_meal=4693
4733 2 is thinking
4733 2 has taken the left fork
DBG_EAT2: id=1 meals=27
4753 1 has put down the left fork
4753 1 has put down the right fork
4753 1 is sleeping
4753 2 has taken the right fork
4753 2 is eating
DBG_EAT: id=2 time_last_meal=4753
4793 3 is thinking
DBG_EAT2: id=2 meals=27
4813 2 has put down the right fork
4813 2 has put down the left fork
4813 2 is sleeping
4813 3 has taken the right fork
4813 3 has taken the left fork
4813 3 is eating
DBG_EAT: id=3 time_last_meal=4813
4853 1 is thinking
DBG_EAT2: id=3 meals=27
4873 3 has put down the left fork
4873 3 has put down the right fork
4873 3 is sleeping
4873 1 has taken the right fork
4873 1 has taken the left fork
4873 1 is eating
DBG_EAT: id=1 time_last_meal=4873
4914 2 is thinking
4914 2 has taken the left fork
DBG_EAT2: id=1 meals=28
4934 1 has put down the left fork
4934 1 has put down the right fork
4934 1 is sleeping
4934 2 has taken the right fork
4934 2 is eating
DBG_EAT: id=2 time_last_meal=4934
4974 3 is thinking
DBG_EAT2: id=2 meals=28
4996 2 has put down the right fork
4996 2 has put down the left fork
4996 2 is sleeping
4996 3 has taken the right fork
4996 3 has taken the left fork
4996 3 is eating
DBG_EAT: id=3 time_last_