DBG_INIT: meal_mutex init for philo 1
DBG_INIT: meal_mutex init for philo 2
DBG_INIT: meal_mutex init for philo 3
DBG_INIT: meal_mutex init for philo 4
DBG_INIT: meal_mutex init for philo 5
DBG: init philo[1].time_last_meal=0
DBG: init philo[2].time_last_meal=0
DBG: init philo[3].time_last_meal=0
DBG: init philo[4].time_last_meal=0
DBG: init philo[5].time_last_meal=0
0 1 has taken the right fork
0 1 has taken the left fork
0 1 is eating
DBG_EAT: id=1 time_last_meal=0
1 3 has taken the right fork
1 3 has taken the left fork
1 3 is eating
DBG_EAT: id=3 time_last_meal=1
1 4 has taken the left fork
DBG: start_time=1758387689653
DBG_EAT2: id=1 meals=1
61 1 has put down the left fork
61 1 has put down the right fork
61 1 is sleeping
DBG_EAT2: id=3 meals=1
61 3 has put down the left fork
61 4 has taken the right fork
61 4 is eating
DBG_EAT: id=4 time_last_meal=61
61 3 has put down the right fork
61 3 is sleeping
61 2 has taken the left fork
61 2 has taken the right fork
61 2 is eating
DBG_EAT: id=2 time_last_meal=61
DBG_EAT2: id=4 meals=1
121 4 has put down the right fork
DBG_EAT2: id=2 meals=1
121 2 has put down the right fork
121 2 has put down the left fork
121 2 is sleeping
121 4 has put down the left fork
121 5 has taken the right fork
121 5 has taken the left fork
121 5 is eating
DBG_EAT: id=5 time_last_meal=121
121 4 is sleeping
161 3 is thinking
161 3 has taken the right fork
161 3 has taken the left fork
161 3 is eating
DBG_EAT: id=3 time_last_meal=161
161 1 is thinking
DBG_EAT2: id=5 meals=1
182 5 has put down the left fork
182 5 has put down the right fork
182 5 is sleeping
182 1 has taken the right fork
182 1 has taken the left fork
182 1 is eating
DBG_EAT: id=1 time_last_meal=182
DBG_EAT2: id=3 meals=2
222 3 has put down the left fork
222 3 has put down the right fork
222 3 is sleeping
222 2 is thinking
222 4 is thinking
222 2 has taken the left fork
222 4 has taken the left fork
222 4 has taken the right fork
222 4 is eating
DBG_EAT: id=4 time_last_meal=222
DBG_EAT2: id=1 meals=2
242 1 has put down the left fork
242 1 has put down the right fork
242 1 is sleeping
242 2 has taken the right fork
242 2 is eating
DBG_EAT: id=2 time_last_meal=242
282 5 is thinking
DBG_EAT2: id=4 meals=2
282 4 has put down the right fork
282 4 has put down the left fork
282 4 is sleeping
282 5 has taken the right fork
282 5 has taken the left fork
282 5 is eating
DBG_EAT: id=5 time_last_meal=282
DBG_EAT2: id=2 meals=2
303 2 has put down the right fork
303 2 has put down the left fork
303 2 is sleeping
322 3 is thinking
322 3 has taken the right fork
322 3 has taken the left fork
322 3 is eating
DBG_EAT: id=3 time_last_meal=322
DBG_EAT2: id=5 meals=2
342 5 has put down the left fork
342 1 is thinking
342 1 has taken the right fork
342 1 has taken the left fork
342 1 is eating
DBG_EAT: id=1 time_last_meal=342
342 5 has put down the right fork
342 5 is sleeping
DBG_EAT2: id=3 meals=3
382 3 has put down the left fork
382 3 has put down the right fork
382 3 is sleeping
382 4 is thinking
382 4 has taken the left fork
382 4 has taken the right fork
382 4 is eating
DBG_EAT: id=4 time_last_meal=382
403 2 is thinking
DBG_EAT2: id=1 meals=3
403 1 has put down the left fork
403 1 has put down the right fork
403 1 is sleeping
403 2 has taken the left fork
403 2 has taken the right fork
403 2 is eating
DBG_EAT: id=2 time_last_meal=403
DBG_EAT2: id=4 meals=3
443 4 has put down the right fork
443 4 has put down the left fork
443 5 is thinking
443 5 has taken the right fork
443 5 has taken the left fork
443 5 is eating
DBG_EAT: id=5 time_last_meal=443
443 4 is sleeping
DBG_EAT2: id=2 meals=3
463 2 has put down the right fork
463 2 has put down the left fork
463 2 is sleeping
482 3 is thinking
482 3 has taken the right fork
482 3 has taken the left fork
482 3 is eating
DBG_EAT: id=3 time_last_meal=482
DBG_EAT2: id=5 meals=3
503 5 has put down the left fork
503 5 has put down the right fork
503 5 is sleeping
503 1 is thinking
503 1 has taken the right fork
503 1 has taken the left fork
503 1 is eating
DBG_EAT: id=1 time_last_meal=503
DBG_EAT2: id=3 meals=4
543 3 has put down the left fork
543 3 has put down the right fork
543 3 is sleeping
543 4 is thinking
543 4 has taken the left fork
543 4 has taken the right fork
543 4 is eating
DBG_EAT: id=4 time_last_meal=543
DBG_EAT2: id=1 meals=4
563 1 has put down the left fork
563 1 has put down the right fork
563 1 is sleeping
563 2 is thinking
564 2 has taken the left fork
564 2 has taken the right fork
564 2 is eating
DBG_EAT: id=2 time_last_meal=564
603 5 is thinking
DBG_EAT2: id=4 meals=4
603 4 has put down the right fork
603 4 has put down the left fork
603 4 is sleeping
603 5 has taken the right fork
603 5 has taken the left fork
603 5 is eating
DBG_EAT: id=5 time_last_meal=603
DBG_EAT2: id=2 meals=4
624 2 has put down the right fork
624 2 has put down the left fork
624 2 is sleeping
643 3 is thinking
643 3 has taken the right fork
643 3 has taken the left fork
643 3 is eating
DBG_EAT: id=3 time_last_meal=643
DBG_EAT2: id=5 meals=4
664 5 has put down the left fork
664 5 has put down the right fork
664 1 is thinking
664 1 has taken the right fork
664 1 has taken the left fork
664 1 is eating
DBG_EAT: id=1 time_last_meal=664
664 5 is sleeping
664 All philosophers ate enough
DBG_EAT2: id=3 meals=5
DBG_EAT2: id=1 meals=5
