DBG_INIT: meal_mutex init for philo 1
DBG_INIT: meal_mutex init for philo 2
DBG_INIT: meal_mutex init for philo 3
DBG_INIT: meal_mutex init for philo 4
DBG: init philo[1].time_last_meal=0
DBG: init philo[2].time_last_meal=0
DBG: init philo[3].time_last_meal=0
DBG: init philo[4].time_last_meal=0
1 1 has taken the right fork
1 1 has taken the left fork
1 1 is eating
DBG_EAT: id=1 time_last_meal=1
1 2 has taken the left fork
DBG: start_time=1758387298345
DBG_EAT2: id=1 meals=1
201 1 has put down the left fork
201 1 has put down the right fork
201 2 has taken the right fork
201 1 is sleeping
201 2 is eating
DBG_EAT: id=2 time_last_meal=201
201 4 has taken the left fork
201 4 has taken the right fork
201 4 is eating
DBG_EAT: id=4 time_last_meal=201
301 1 is thinking
DBG_EAT2: id=2 meals=1
401 2 has put down the right fork
DBG_EAT2: id=4 meals=1
401 4 has put down the right fork
401 2 has put down the left fork
401 4 has put down the left fork
401 4 is sleeping
401 2 is sleeping
401 3 has taken the right fork
401 3 has taken the left fork
402 3 is eating
DBG_EAT: id=3 time_last_meal=402
402 1 has taken the right fork
402 1 has taken the left fork
402 1 is eating
DBG_EAT: id=1 time_last_meal=402
502 4 is thinking
502 2 is thinking
DBG_EAT2: id=3 meals=1
602 3 has put down the left fork
DBG_EAT2: id=1 meals=2
602 1 has put down the left fork
602 3 has put down the right fork
602 1 has put down the right fork
602 1 is sleeping
602 3 is sleeping
602 2 has taken the left fork
602 2 has taken the right fork
602 2 is eating
DBG_EAT: id=2 time_last_meal=602
602 4 has taken the left fork
602 4 has taken the right fork
602 4 is eating
DBG_EAT: id=4 time_last_meal=602
702 3 is thinking
702 1 is thinking
DBG_EAT2: id=2 meals=2
802 2 has put down the right fork
DBG_EAT2: id=4 meals=2
802 4 has put down the right fork
802 2 has put down the left fork
802 2 is sleeping
802 4 has put down the left fork
802 1 has taken the right fork
802 1 has taken the left fork
802 1 is eating
802 4 is sleeping
DBG_EAT: id=1 time_last_meal=802
802 3 has taken the right fork
802 3 has taken the left fork
802 3 is eating
DBG_EAT: id=3 time_last_meal=802
902 2 is thinking
902 4 is thinking
DBG_EAT2: id=1 meals=3
1002 1 has put down the left fork
DBG_EAT2: id=3 meals=2
1002 3 has put down the left fork
1002 1 has put down the right fork
1002 3 has put down the right fork
1002 3 is sleeping
1002 1 is sleeping
1002 4 has taken the left fork
1002 4 has taken the right fork
1002 4 is eating
DBG_EAT: id=4 time_last_meal=1002
1002 2 has taken the left fork
1002 2 has taken the right fork
1002 2 is eating
DBG_EAT: id=2 time_last_meal=1002
1103 3 is thinking
1103 1 is thinking
DBG_EAT2: id=2 meals=3
1203 2 has put down the right fork
DBG_EAT2: id=4 meals=3
1203 4 has put down the right fork
1203 2 has put down the left fork
1203 4 has put down the left fork
1203 4 is sleeping
1203 2 is sleeping
1203 3 has taken the right fork
1203 3 has taken the left fork
1203 3 is eating
DBG_EAT: id=3 time_last_meal=1203
1203 1 has taken the right fork
1203 1 has taken the left fork
1203 1 is eating
DBG_EAT: id=1 time_last_meal=1203
1303 2 is thinking
1303 4 is thinking
DBG_EAT2: id=3 meals=3
1403 3 has put down the left fork
1403 3 has put down the right fork
1403 3 is sleeping
DBG_EAT2: id=1 meals=4
1403 1 has put down the left fork
1403 2 has taken the left fork
1403 2 has taken the right fork
1403 2 is eating
DBG_EAT: id=2 time_last_meal=1403
1403 1 has put down the right fork
1403 1 is sleeping
1403 All philosophers ate enough
DBG_EAT2: id=2 meals=4
