DBG_INIT: meal_mutex init for philo 1
DBG_INIT: meal_mutex init for philo 2
DBG: init philo[1].time_last_meal=0
DBG: init philo[2].time_last_meal=0
1 1 has taken the right fork
1 1 has taken the left fork
1 1 is eating
DBG_EAT: id=1 time_last_meal=1
DBG: start_time=1758402949449
DBG_EAT2: id=1 meals=1
201 1 has put down the left fork
201 1 has put down the right fork
201 1 is sleeping
201 2 has taken the left fork
201 2 has taken the right fork
201 2 is eating
DBG_EAT: id=2 time_last_meal=201
301 1 is thinking
DBG_EAT2: id=2 meals=1
401 2 has put down the right fork
401 2 has put down the left fork
401 2 is sleeping
401 1 has taken the right fork
401 1 has taken the left fork
401 1 is eating
DBG_EAT: id=1 time_last_meal=401
502 2 is thinking
DBG_EAT2: id=1 meals=2
602 1 has put down the left fork
602 1 has put down the right fork
602 1 is sleeping
602 2 has taken the left fork
602 2 has taken the right fork
602 2 is eating
DBG_EAT: id=2 time_last_meal=602
702 1 is thinking
DBG_EAT2: id=2 meals=2
802 2 has put down the right fork
802 2 has put down the left fork
802 2 is sleeping
802 1 has taken the right fork
802 1 has taken the left fork
802 1 is eating
DBG_EAT: id=1 time_last_meal=802
902 2 is thinking
DBG_EAT2: id=1 meals=3
1002 1 has put down the left fork
1002 1 has put down the right fork
1002 1 is sleeping
1002 2 has taken the left fork
1002 2 has taken the right fork
1002 2 is eating
DBG_EAT: id=2 time_last_meal=1002
1102 1 is thinking
DBG_EAT2: id=2 meals=3
1203 2 has put down the right fork
1203 2 has put down the left fork
1203 2 is sleeping
1203 1 has taken the right fork
1203 1 has taken the left fork
1203 1 is eating
DBG_EAT: id=1 time_last_meal=1203
1303 2 is thinking
DBG_EAT2: id=1 meals=4
1403 1 has put down the left fork
1403 1 has put down the right fork
1403 1 is sleeping
1403 2 has taken the left fork
1403 2 has taken the right fork
1403 2 is eating
DBG_EAT: id=2 time_last_meal=1403
1503 1 is thinking
DBG_EAT2: id=2 meals=4
1603 2 has put down the right fork
1603 2 has put down the left fork
1604 2 is sleeping
1604 1 has taken the right fork
1604 1 has taken the left fork
1604 1 is eating
DBG_EAT: id=1 time_last_meal=1604
1704 2 is thinking
DBG_EAT2: id=1 meals=5
1804 1 has put down the left fork
1804 1 has put down the right fork
1804 1 is sleeping
1804 2 has taken the left fork
1804 2 has taken the right fork
1804 2 is eating
DBG_EAT: id=2 time_last_meal=1804
1904 1 is thinking
DBG_EAT2: id=2 meals=5
2004 2 has put down the right fork
2005 2 has put down the left fork
2005 2 is sleeping
2005 1 has taken the right fork
2005 1 has taken the left fork
2005 1 is eating
DBG_EAT: id=1 time_last_meal=2005
2105 2 is thinking
DBG_EAT2: id=1 meals=6
2205 1 has put down the left fork
2205 1 has put down the right fork
2205 1 is sleeping
2205 2 has taken the left fork
2205 2 has taken the right fork
2205 2 is eating
DBG_EAT: id=2 time_last_meal=2205
2305 1 is thinking
DBG_EAT2: id=2 meals=6
2405 2 has put down the right fork
2405 2 has put down the left fork
2405 2 is sleeping
2406 1 has taken the right fork
2406 1 has taken the left fork
2406 1 is eating
DBG_EAT: id=1 time_last_meal=2406
2506 2 is thinking
DBG_EAT2: id=1 meals=7
2606 1 has put down the left fork
2606 1 has put down the right fork
2606 1 is sleeping
2606 2 has taken the left fork
2606 2 has taken the right fork
2606 2 is eating
DBG_EAT: id=2 time_last_meal=2606
2706 1 is thinking
DBG_EAT2: id=2 meals=7
2806 2 has put down the right fork
2806 2 has put down the left fork
2806 2 is sleeping
2806 1 has taken the right fork
2806 1 has taken the left fork
2806 1 is eating
DBG_EAT: id=1 time_last_meal=2806
2907 2 is thinking
DBG_EAT2: id=1 meals=8
3007 1 has put down the left fork
3007 1 has put down the right fork
3007 1 is sleeping
3007 2 has taken the left fork
3007 2 has taken the right fork
3007 2 is eating
DBG_EAT: id=2 time_last_meal=3007
3107 1 is thinking
DBG_EAT2: id=2 meals=8
3207 2 has put down the right fork
3207 2 has put down the left fork
3207 2 is sleeping
3207 1 has taken the right fork
3207 1 has taken the left fork
3207 1 is eati