DBG_INIT: meal_mutex init for philo 1
DBG_INIT: meal_mutex init for philo 2
DBG: init philo[1].time_last_meal=0
DBG: init philo[2].time_last_meal=0
0 1 has taken the right fork
0 1 has taken the left fork
0 1 is eating
DBG_EAT: id=1 time_last_meal=0
DBG: start_time=1758403045709
DBG_EAT2: id=1 meals=1
100 1 has put down the left fork
100 1 has put down the right fork
100 1 is sleeping
100 2 has taken the left fork
100 2 has taken the right fork
100 2 is eating
DBG_EAT: id=2 time_last_meal=100
160 1 is thinking
DBG_EAT2: id=2 meals=1
200 2 has put down the right fork
200 2 has put down the left fork
200 2 is sleeping
200 1 has taken the right fork
200 1 has taken the left fork
200 1 is eating
DBG_EAT: id=1 time_last_meal=200
261 2 is thinking
DBG_EAT2: id=1 meals=2
301 1 has put down the left fork
301 1 has put down the right fork
301 1 is sleeping
301 2 has taken the left fork
301 2 has taken the right fork
301 2 is eating
DBG_EAT: id=2 time_last_meal=301
361 1 is thinking
DBG_EAT2: id=2 meals=2
401 2 has put down the right fork
401 2 has put down the left fork
401 2 is sleeping
401 1 has taken the right fork
401 1 has taken the left fork
401 1 is eating
DBG_EAT: id=1 time_last_meal=401
461 2 is thinking
DBG_EAT2: id=1 meals=3
502 1 has put down the left fork
502 1 has put down the right fork
502 1 is sleeping
502 2 has taken the left fork
502 2 has taken the right fork
502 2 is eating
DBG_EAT: id=2 time_last_meal=502
562 1 is thinking
DBG_EAT2: id=2 meals=3
602 2 has put down the right fork
602 2 has put down the left fork
602 2 is sleeping
602 1 has taken the right fork
602 1 has taken the left fork
602 1 is eating
DBG_EAT: id=1 time_last_meal=602
662 2 is thinking
DBG_EAT2: id=1 meals=4
702 1 has put down the left fork
702 1 has put down the right fork
703 1 is sleeping
703 2 has taken the left fork
703 2 has taken the right fork
703 2 is eating
DBG_EAT: id=2 time_last_meal=703
763 1 is thinking
DBG_EAT2: id=2 meals=4
803 2 has put down the right fork
803 2 has put down the left fork
803 2 is sleeping
803 1 has taken the right fork
803 1 has taken the left fork
803 1 is eating
DBG_EAT: id=1 time_last_meal=803
863 2 is thinking
DBG_EAT2: id=1 meals=5
903 1 has put down the left fork
903 1 has put down the right fork
903 1 is sleeping
903 2 has taken the left fork
903 2 has taken the right fork
903 2 is eating
DBG_EAT: id=2 time_last_meal=903
963 1 is thinking
DBG_EAT2: id=2 meals=5
1003 2 has put down the right fork
1003 2 has put down the left fork
1003 2 is sleeping
1003 1 has taken the right fork
1003 1 has taken the left fork
1003 1 is eating
DBG_EAT: id=1 time_last_meal=1003
1064 2 is thinking
DBG_EAT2: id=1 meals=6
1103 1 has put down the left fork
1104 1 has put down the right fork
1104 1 is sleeping
1104 2 has taken the left fork
1104 2 has taken the right fork
1104 2 is eating
DBG_EAT: id=2 time_last_meal=1104
1164 1 is thinking
DBG_EAT2: id=2 meals=6
1204 2 has put down the right fork
1204 2 has put down the left fork
1204 2 is sleeping
1204 1 has taken the right fork
1204 1 has taken the left fork
1204 1 is eating
DBG_EAT: id=1 time_last_meal=1204
1264 2 is thinking
DBG_EAT2: id=1 meals=7
1304 1 has put down the left fork
1304 1 has put down the right fork
1305 1 is sleeping
1305 2 has taken the left fork
1305 2 has taken the right fork
1305 2 is eating
DBG_EAT: id=2 time_last_meal=1305
1365 1 is thinking
DBG_EAT2: id=2 meals=7
1405 2 has put down the right fork
1405 2 has put down the left fork
1405 2 is sleeping
1405 1 has taken the right fork
1405 1 has taken the left fork
1405 1 is eating
DBG_EAT: id=1 time_last_meal=1405
1465 2 is thinking
DBG_EAT2: id=1 meals=8
1505 1 has put down the left fork
1506 1 has put down the right fork
1506 1 is sleeping
1506 2 has taken the left fork
1506 2 has taken the right fork
1506 2 is eating
DBG_EAT: id=2 time_last_meal=1506
1566 1 is thinking
DBG_EAT2: id=2 meals=8
1606 2 has put down the right fork
1606 2 has put down the left fork
1606 2 is sleeping
1606 1 has taken the right fork
1606 1 has taken the left fork
1606 1 is eating
DBG_EAT: id=1 time_last_meal=1606
1666 2 is thinking
DBG_EAT2: id=1 meals=9
1706 1 has put down the left fork
1706 1 has put down the right fork
1706 1 is sleeping
1706 2 has taken the left fork
1706 2 has taken the right fork
1706 2 is eating
DBG_EAT: id=2 time_last_meal=1706
1766 1 is thinking
DBG_EAT2: id=2 meals=9
1807 2 has put down the right fork
1807 2 has put down the left fork
1807 2 is sleeping
1807 1 has taken the right fork
1807 1 has taken the left fork
1807 1 is eating
DBG_EAT: id=1 time_last_meal=1807
1867 2 is thinking
DBG_EAT2: id=1 meals=10
1907 1 has put down the left fork
1907 1 has put down the right fork
1907 1 is sleeping
1907 2 has taken the left fork
1907 2 has taken the right fork
1907 2 is eating
DBG_EAT: id=2 time_last_meal=1907
1967 1 is thinking
DBG_EAT2: id=2 meals=10
2008 2 has put down the right fork
2008 2 has put down the left fork
2008 2 is sleeping
2008 1 has taken the right fork
2008 1 has taken the left fork
2008 1 is eating
DBG_EAT: id=1 time_last_meal=2008
2068 2 is thinking
DBG_EAT2: id=1 meals=11
2108 1 has put down the left fork
2108 1 has put down the right fork
2108 1 is sleeping
2108 2 has taken the left fork
2108 2 has taken the right fork
2108 2 is eating
DBG_EAT: id=2 time_last_meal=2108
2168 1 is thinking
DBG_EAT2: id=2 meals=11
2208 2 has put down the right fork
2208 2 has put down the left fork
2208 2 is sleeping
2208 1 has taken the right fork
2208 1 has taken the left fork
2208 1 is eating
DBG_EAT: id=1 time_last_meal=2208
2268 2 is thinking
DBG_EAT2: id=1 meals=12
2309 1 has put down the left fork
2309 1 has put down the right fork
2309 1 is sleeping
2309 2 has taken the left fork
2309 2 has taken the right fork
2309 2 is eating
DBG_EAT: id=2 time_last_meal=2309
2369 1 is thinking
DBG_EAT2: id=2 meals=12
2409 2 has put down the right fork
2409 2 has put down the left fork
2409 2 is sleeping
2409 1 has taken the right fork
2409 1 has taken the left fork
2409 1 is eating
DBG_EAT: id=1 time_last_meal=2409
2470 2 is thinking
DBG_EAT2: id=1 meals=13
2509 1 has put down the left fork
2510 1 has put down the right fork
2510 1 is sleeping
2510 2 has taken the left fork
2510 2 has taken the right fork
2510 2 is eating
DBG_EAT: id=2 time_last_meal=2510
2570 1 is thinking
DBG_EAT2: id=2 meals=13
2610 2 has put down the right fork
2610 2 has put down the left fork
2610 2 is sleeping
2610 1 has taken the right fork
2610 1 has taken the left fork
2610 1 is eating
DBG_EAT: id=1 time_last_meal=2610
2670 2 is thinking
DBG_EAT2: id=1 meals=14
2710 1 has put down the left fork
2710 1 has put down the right fork
2710 2 has taken the left fork
2710 2 has taken the right fork
2710 2 is eating
DBG_EAT: id=2 time_last_meal=2710
2710 1 is sleeping
2770 1 is thinking
DBG_EAT2: id=2 meals=14
2810 2 has put down the right fork
2810 2 has put down the left fork
2810 2 is sleeping
2810 1 has taken the right fork
2810 1 has taken the left fork
2810 1 is eating
DBG_EAT: id=1 time_last_meal=2810
2870 2 is thinking
DBG_EAT2: id=1 meals=15
2911 1 has put down the left fork
2911 1 has put down the right fork
2911 1 is sleeping
2911 2 has taken the left fork
2911 2 has taken the right fork
2911 2 is eating
DBG_EAT: id=2 time_last_meal=2911
2971 1 is thinking
DBG_EAT2: id=2 meals=15
3011 2 has put down the right fork
3011 2 has put down the left fork
3011 2 is sleeping
3011 1 has taken the right fork
3011 1 has taken the left fork
3011 1 is eating
DBG_EAT: id=1 time_last_meal=3011
3072 2 is thinking
DBG_EAT2: id=1 meals=16
3112 1 has put down the left fork
3112 1 has put down the right fork
3112 1 is sleeping
3112 2 has taken the left fork
3112 2 has taken the right fork
3112 2 is eating
DBG_EAT: id=2 time_last_meal=3112
3172 1 is thinking
DBG_EAT2: id=2 meals=16
3212 2 has put down the right fork
3212 2 has put down the left fork
3212 2 is sleeping
3212 1 has taken the right fork
3212 1 has taken the left fork
3212 1 is eating
DBG_EAT: id=1 time_last_meal=3212
3272 2 is thinking
DBG_EAT2: id=1 meals=17
3312 1 has put down the left fork
3312 1 has put down the right fork
3312 1 is sleeping
3312 2 has taken the left fork
3312 2 has taken th