DBG_INIT: meal_mutex init for philo 1
DBG_INIT: meal_mutex init for philo 2
DBG_INIT: meal_mutex init for philo 3
DBG_INIT: meal_mutex init for philo 4
DBG_INIT: meal_mutex init for philo 5
DBG: init philo[1].time_last_meal=0
DBG: init philo[2].time_last_meal=0
DBG: init philo[3].time_last_meal=0
DBG: init philo[4].time_last_meal=0
DBG: init philo[5].time_last_meal=0
0 1 has taken the right fork
0 1 has taken the left fork
1 1 is eating
DBG_EAT: id=1 time_last_meal=1
1 3 has taken the right fork
1 3 has taken the left fork
1 3 is eating
DBG_EAT: id=3 time_last_meal=1
1 5 has taken the right fork
DBG: start_time=1758387786775
DBG_EAT2: id=1 meals=1
61 1 has put down the left fork
61 1 has put down the right fork
61 5 has taken the left fork
61 5 is eating
DBG_EAT: id=5 time_last_meal=61
61 1 is sleeping
DBG_EAT2: id=3 meals=1
61 3 has put down the left fork
61 3 has put down the right fork
61 3 is sleeping
61 2 has taken the left fork
61 2 has taken the right fork
61 2 is eating
DBG_EAT: id=2 time_last_meal=61
DBG_EAT2: id=5 meals=1
121 5 has put down the left fork
122 5 has put down the right fork
DBG_EAT2: id=2 meals=1
122 2 has put down the right fork
122 2 has put down the left fork
122 2 is sleeping
122 4 has taken the left fork
122 4 has taken the right fork
122 4 is eating
DBG_EAT: id=4 time_last_meal=122
122 5 is sleeping
DBG_EAT2: id=4 meals=1
182 4 has put down the right fork
182 4 has put down the left fork
182 4 is sleeping
261 1 is thinking
261 1 has taken the right fork
261 1 has taken the left fork
261 1 is eating
DBG_EAT: id=1 time_last_meal=261
261 3 is thinking
261 3 has taken the right fork
261 3 has taken the left fork
261 3 is eating
DBG_EAT: id=3 time_last_meal=261
DBG_EAT2: id=1 meals=2
321 1 has put down the left fork
321 1 has put down the right fork
DBG_EAT2: id=3 meals=2
321 3 has put down the left fork
321 3 has put down the right fork
321 3 is sleeping
322 1 is sleeping
322 2 is thinking
322 5 is thinking
322 5 has taken the right fork
322 5 has taken the left fork
322 5 is eating
DBG_EAT: id=5 time_last_meal=322
322 2 has taken the left fork
322 2 has taken the right fork
322 2 is eating
DBG_EAT: id=2 time_last_meal=322
DBG_EAT2: id=5 meals=2
382 5 has put down the left fork
382 5 has put down the right fork
DBG_EAT2: id=2 meals=2
382 2 has put down the right fork
382 2 has put down the left fork
382 2 is sleeping
382 5 is sleeping
382 4 is thinking
382 4 has taken the left fork
382 4 has taken the right fork
382 4 is eating
DBG_EAT: id=4 time_last_meal=382
DBG_EAT2: id=4 meals=2
443 4 has put down the right fork
443 4 has put down the left fork
443 4 is sleeping
522 3 is thinking
522 3 has taken the right fork
522 3 has taken the left fork
522 3 is eating
DBG_EAT: id=3 time_last_meal=522
522 1 is thinking
522 1 has taken the right fork
522 1 has taken the left fork
522 1 is eating
DBG_EAT: id=1 time_last_meal=522
DBG_EAT2: id=1 meals=3
582 1 has put down the left fork
582 1 has put down the right fork
DBG_EAT2: id=3 meals=3
582 3 has put down the left fork
582 3 has put down the right fork
582 3 is sleeping
582 1 is sleeping
582 2 is thinking
582 5 is thinking
582 5 has taken the right fork
582 5 has taken the left fork
582 5 is eating
DBG_EAT: id=5 time_last_meal=582
582 2 has taken the left fork
582 2 has taken the right fork
582 2 is eating
DBG_EAT: id=2 time_last_meal=582
DBG_EAT2: id=5 meals=3
642 5 has put down the left fork
642 5 has put down the right fork
642 5 is sleeping
DBG_EAT2: id=2 meals=3
642 2 has put down the right fork
642 2 has put down the left fork
643 2 is sleeping
643 4 is thinking
643 4 has taken the left fork
643 4 has taken the right fork
643 4 is eating
DBG_EAT: id=4 time_last_meal=643
DBG_EAT2: id=4 meals=3
703 4 has put down the right fork
703 4 has put down the left fork
703 4 is sleeping
782 3 is thinking
782 3 has taken the right fork
782 3 has taken the left fork
782 3 is eating
DBG_EAT: id=3 time_last_meal=782
782 1 is thinking
782 1 has taken the right fork
782 1 has taken the left fork
782 1 is eating
DBG_EAT: id=1 time_last_meal=782
DBG_EAT2: id=3 meals=4
842 3 has put down the left fork
842 3 has put down the right fork
842 3 is sleeping
DBG_EAT2: id=1 meals=4
842 1 has put down the left fork
842 1 has put down the right fork
842 1 is sleeping
843 5 is thinking
843 2 is thinking
843 5 has taken the right fork
843 5 has taken the left fork
843 5 is eating
DBG_EAT: id=5 time_last_meal=843
843 2 has taken the left fork
843 2 has taken the right fork
843 2 is eating
DBG_EAT: id=2 time_last_meal=843
DBG_EAT2: id=2 meals=4
903 2 has put down the right fork
903 2 has put down the left fork
903 2 is sleeping
DBG_EAT2: id=5 meals=4
903 5 has put down the left fork
903 5 has put down the right fork
903 5 is sleeping
904 4 is thinking
904 4 has taken the left fork
904 4 has taken the right fork
904 4 is eating
DBG_EAT: id=4 time_last_meal=904
DBG_EAT2: id=4 meals=4
964 4 has put down the right fork
964 4 has put down the left fork
964 4 is sleeping
1042 3 is thinking
1042 3 has taken the right fork
1042 3 has taken the left fork
1042 3 is eating
DBG_EAT: id=3 time_last_meal=1042
1043 1 is thinking
1043 1 has taken the right fork
1043 1 has taken the left fork
1043 1 is eating
DBG_EAT: id=1 time_last_meal=1043
DBG_EAT2: id=1 meals=5
1103 1 has put down the left fork
1103 1 has put down the right fork
1103 1 is sleeping
DBG_EAT2: id=3 meals=5
1103 3 has put down the left fork
1103 3 has put down the right fork
1103 3 is sleeping
1103 2 is thinking
1103 5 is thinking
1103 5 has taken the right fork
1103 5 has taken the left fork
1103 5 is eating
DBG_EAT: id=5 time_last_meal=1103
1103 2 has taken the left fork
1103 2 has taken the right fork
1103 2 is eating
DBG_EAT: id=2 time_last_meal=1103
DBG_EAT2: id=5 meals=5
1164 5 has put down the left fork
1164 5 has put down the right fork
DBG_EAT2: id=2 meals=5
1164 2 has put down the right fork
1164 2 has put down the left fork
1164 2 is sleeping
1164 5 is sleeping
1164 4 is thinking
1164 4 has taken the left fork
1164 4 has taken the right fork
1164 4 is eating
DBG_EAT: id=4 time_last_meal=1164
DBG_EAT2: id=4 meals=5
1225 4 has put down the right fork
1225 4 has put down the left fork
1225 4 is sleeping
1225 All philosophers ate enough
