DBG_INIT: meal_mutex init for philo 1
DBG_INIT: meal_mutex init for philo 2
DBG_INIT: meal_mutex init for philo 3
DBG: init philo[1].time_last_meal=0
DBG: init philo[2].time_last_meal=0
DBG: init philo[3].time_last_meal=0
0 1 has taken the right fork
0 1 has taken the left fork
0 1 is eating
DBG_EAT: id=1 time_last_meal=0
1 3 has taken the right fork
DBG: start_time=1758403321477
DBG_EAT2: id=1 meals=1
61 1 has put down the left fork
61 1 has put down the right fork
61 1 is sleeping
61 3 has taken the left fork
61 3 is eating
DBG_EAT: id=3 time_last_meal=61
DBG_EAT2: id=3 meals=1
121 3 has put down the left fork
121 3 has put down the right fork
121 3 is sleeping
121 2 has taken the left fork
121 2 has taken the right fork
121 2 is eating
DBG_EAT: id=2 time_last_meal=121
161 1 is thinking
161 1 has taken the right fork
DBG_EAT2: id=2 meals=1
182 2 has put down the right fork
182 2 has put down the left fork
182 2 is sleeping
182 1 has taken the left fork
182 1 is eating
DBG_EAT: id=1 time_last_meal=182
222 3 is thinking
222 3 has taken the right fork
DBG_EAT2: id=1 meals=2
243 1 has put down the left fork
243 1 has put down the right fork
243 1 is sleeping
243 3 has taken the left fork
243 3 is eating
DBG_EAT: id=3 time_last_meal=243
283 2 is thinking
DBG_EAT2: id=3 meals=2
303 3 has put down the left fork
303 3 has put down the right fork
303 3 is sleeping
303 2 has taken the left fork
303 2 has taken the right fork
303 2 is eating
DBG_EAT: id=2 time_last_meal=303
343 1 is thinking
343 1 has taken the right fork
DBG_EAT2: id=2 meals=2
364 2 has put down the right fork
364 2 has put down the left fork
364 2 is sleeping
364 1 has taken the left fork
364 1 is eating
DBG_EAT: id=1 time_last_meal=364
404 3 is thinking
404 3 has taken the right fork
DBG_EAT2: id=1 meals=3
425 1 has put down the left fork
425 1 has put down the right fork
425 1 is sleeping
425 3 has taken the left fork
425 3 is eating
DBG_EAT: id=3 time_last_meal=425
464 2 is thinking
DBG_EAT2: id=3 meals=3
485 3 has put down the left fork
485 3 has put down the right fork
485 3 is sleeping
485 2 has taken the left fork
485 2 has taken the right fork
485 2 is eating
DBG_EAT: id=2 time_last_meal=485
525 1 is thinking
525 1 has taken the right fork
DBG_EAT2: id=2 meals=3
546 2 has put down the right fork
546 2 has put down the left fork
546 2 is sleeping
546 1 has taken the left fork
546 1 is eating
DBG_EAT: id=1 time_last_meal=546
546 All philosophers ate enough
DBG_EAT2: id=1 meals=4
