DBG_INIT: meal_mutex init for philo 1
DBG_INIT: meal_mutex init for philo 2
DBG_INIT: meal_mutex init for philo 3
DBG_INIT: meal_mutex init for philo 4
DBG: init philo[1].time_last_meal=0
DBG: init philo[2].time_last_meal=0
DBG: init philo[3].time_last_meal=0
DBG: init philo[4].time_last_meal=0
0 1 has taken the right fork
0 1 has taken the left fork
0 1 is eating
DBG_EAT: id=1 time_last_meal=0
1 2 has taken the left fork
DBG: start_time=1758387030960
DBG_EAT2: id=1 meals=1
61 1 has put down the left fork
61 1 has put down the right fork
61 1 is sleeping
61 2 has taken the right fork
61 2 is eating
DBG_EAT: id=2 time_last_meal=61
61 4 has taken the left fork
61 4 has taken the right fork
61 4 is eating
DBG_EAT: id=4 time_last_meal=61
DBG_EAT2: id=4 meals=1
121 4 has put down the right fork
121 4 has put down the left fork
121 4 is sleeping
DBG_EAT2: id=2 meals=1
121 2 has put down the right fork
121 2 has put down the left fork
121 3 has taken the right fork
121 3 has taken the left fork
121 3 is eating
DBG_EAT: id=3 time_last_meal=121
121 2 is sleeping
DBG_EAT2: id=3 meals=1
181 3 has put down the left fork
181 3 has put down the right fork
181 3 is sleeping
261 1 is thinking
261 1 has taken the right fork
261 1 has taken the left fork
261 1 is eating
DBG_EAT: id=1 time_last_meal=261
DBG_EAT2: id=1 meals=2
321 1 has put down the left fork
321 1 has put down the right fork
321 1 is sleeping
321 4 is thinking
321 2 is thinking
321 4 has taken the left fork
321 4 has taken the right fork
321 4 is eating
DBG_EAT: id=4 time_last_meal=321
321 2 has taken the left fork
321 2 has taken the right fork
321 2 is eating
DBG_EAT: id=2 time_last_meal=321
381 3 is thinking
DBG_EAT2: id=4 meals=2
381 4 has put down the right fork
381 4 has put down the left fork
381 4 is sleeping
DBG_EAT2: id=2 meals=2
382 2 has put down the right fork
382 2 has put down the left fork
382 2 is sleeping
382 3 has taken the right fork
382 3 has taken the left fork
382 3 is eating
DBG_EAT: id=3 time_last_meal=382
DBG_EAT2: id=3 meals=2
442 3 has put down the left fork
442 3 has put down the right fork
442 3 is sleeping
521 1 is thinking
521 1 has taken the right fork
521 1 has taken the left fork
521 1 is eating
DBG_EAT: id=1 time_last_meal=521
DBG_EAT2: id=1 meals=3
581 1 has put down the left fork
581 1 has put down the right fork
581 4 is thinking
581 1 is sleeping
582 4 has taken the left fork
582 4 has taken the right fork
582 4 is eating
DBG_EAT: id=4 time_last_meal=582
582 2 is thinking
582 2 has taken the left fork
582 2 has taken the right fork
582 2 is eating
DBG_EAT: id=2 time_last_meal=582
DBG_EAT2: id=4 meals=3
642 4 has put down the right fork
642 4 has put down the left fork
642 4 is sleeping
DBG_EAT2: id=2 meals=3
642 2 has put down the right fork
642 2 has put down the left fork
642 2 is sleeping
642 3 is thinking
642 3 has taken the right fork
642 3 has taken the left fork
642 3 is eating
DBG_EAT: id=3 time_last_meal=642
DBG_EAT2: id=3 meals=3
702 3 has put down the left fork
702 3 has put down the right fork
702 3 is sleeping
781 1 is thinking
781 1 has taken the right fork
781 1 has taken the left fork
781 1 is eating
DBG_EAT: id=1 time_last_meal=781
DBG_EAT2: id=1 meals=4
842 1 has put down the left fork
842 1 has put down the right fork
842 1 is sleeping
842 4 is thinking
842 4 has taken the left fork
842 4 has taken the right fork
842 4 is eating
DBG_EAT: id=4 time_last_meal=842
842 2 is thinking
842 2 has taken the left fork
842 2 has taken the right fork
842 2 is eating
DBG_EAT: id=2 time_last_meal=842
DBG_EAT2: id=2 meals=4
902 2 has put down the right fork
902 2 has put down the left fork
902 2 is sleeping
DBG_EAT2: id=4 meals=4
902 4 has put down the right fork
902 4 has put down the left fork
902 4 is sleeping
902 3 is thinking
902 3 has taken the right fork
902 3 has taken the left fork
902 3 is eating
DBG_EAT: id=3 time_last_meal=902
DBG_EAT2: id=3 meals=4
963 3 has put down the left fork
963 3 has put down the right fork
963 3 is sleeping
1042 1 is thinking
1042 1 has taken the right fork
1042 1 has taken the left fork
1042 1 is eating
DBG_EAT: id=1 time_last_meal=1042
DBG_EAT2: id=1 meals=5
1102 1 has put down the left fork
1102 1 has put down the right fork
1102 1 is sleeping
1103 2 is thinking
1103 4 is thinking
1103 2 has taken the left fork
1103 2 has taken the right fork
1103 2 is eating
DBG_EAT: id=2 time_last_meal=1103
1103 4 has taken the left fork
1103 4 has taken the right fork
1103 4 is eating
DBG_EAT: id=4 time_last_meal=1103
DBG_EAT2: id=2 meals=5
1163 2 has put down the right fork
1163 2 has put down the left fork
1163 2 is sleeping
DBG_EAT2: id=4 meals=5
1163 4 has put down the right fork
1163 4 has put down the left fork
1163 4 is sleeping
1163 3 is thinking
1163 3 has taken the right fork
1163 3 has taken the left fork
1163 3 is eating
DBG_EAT: id=3 time_last_meal=1163
DBG_EAT2: id=3 meals=5
1223 3 has put down the left fork
1223 3 has put down the right fork
1223 3 is sleeping
1224 All philosophers ate enough
