DBG_INIT: meal_mutex init for philo 1
DBG_INIT: meal_mutex init for philo 2
DBG_INIT: meal_mutex init for philo 3
DBG_INIT: meal_mutex init for philo 4
DBG: init philo[1].time_last_meal=0
DBG: init philo[2].time_last_meal=0
DBG: init philo[3].time_last_meal=0
DBG: init philo[4].time_last_meal=0
1 1 has taken the right fork
1 1 has taken the left fork
1 1 is eating
DBG_EAT: id=1 time_last_meal=1
1 2 has taken the left fork
DBG: start_time=1758387120953
DBG_EAT2: id=1 meals=1
101 1 has put down the left fork
101 1 has put down the right fork
101 1 is sleeping
101 2 has taken the right fork
101 2 is eating
DBG_EAT: id=2 time_last_meal=101
101 4 has taken the left fork
101 4 has taken the right fork
101 4 is eating
DBG_EAT: id=4 time_last_meal=101
DBG_EAT2: id=4 meals=1
202 4 has put down the right fork
202 4 has put down the left fork
202 4 is sleeping
DBG_EAT2: id=2 meals=1
202 2 has put down the right fork
202 2 has put down the left fork
202 2 is sleeping
202 3 has taken the right fork
202 3 has taken the left fork
202 3 is eating
DBG_EAT: id=3 time_last_meal=202
302 1 is thinking
302 1 has taken the right fork
302 1 has taken the left fork
302 1 is eating
DBG_EAT: id=1 time_last_meal=302
DBG_EAT2: id=3 meals=1
302 3 has put down the left fork
302 3 has put down the right fork
302 3 is sleeping
DBG_EAT2: id=1 meals=2
402 1 has put down the left fork
402 1 has put down the right fork
402 2 is thinking
402 1 is sleeping
402 4 is thinking
402 2 has taken the left fork
402 2 has taken the right fork
402 2 is eating
DBG_EAT: id=2 time_last_meal=402
403 4 has taken the left fork
403 4 has taken the right fork
403 4 is eating
DBG_EAT: id=4 time_last_meal=403
503 3 is thinking
DBG_EAT2: id=4 meals=2
503 4 has put down the right fork
503 4 has put down the left fork
503 4 is sleeping
DBG_EAT2: id=2 meals=2
503 2 has put down the right fork
503 2 has put down the left fork
503 2 is sleeping
503 3 has taken the right fork
503 3 has taken the left fork
503 3 is eating
DBG_EAT: id=3 time_last_meal=503
603 1 is thinking
603 1 has taken the right fork
603 1 has taken the left fork
603 1 is eating
DBG_EAT: id=1 time_last_meal=603
DBG_EAT2: id=3 meals=2
604 3 has put down the left fork
604 3 has put down the right fork
604 3 is sleeping
DBG_EAT2: id=1 meals=3
703 1 has put down the left fork
703 1 has put down the right fork
703 4 is thinking
703 1 is sleeping
703 4 has taken the left fork
703 2 is thinking
703 4 has taken the right fork
703 4 is eating
DBG_EAT: id=4 time_last_meal=703
703 2 has taken the left fork
703 2 has taken the right fork
703 2 is eating
DBG_EAT: id=2 time_last_meal=703
DBG_EAT2: id=4 meals=3
804 4 has put down the right fork
804 4 has put down the left fork
804 3 is thinking
DBG_EAT2: id=2 meals=3
804 2 has put down the right fork
804 2 has put down the left fork
804 2 is sleeping
804 4 is sleeping
804 3 has taken the right fork
804 3 has taken the left fork
804 3 is eating
DBG_EAT: id=3 time_last_meal=804
904 1 is thinking
904 1 has taken the right fork
904 1 has taken the left fork
904 1 is eating
DBG_EAT: id=1 time_last_meal=904
DBG_EAT2: id=3 meals=3
904 3 has put down the left fork
904 3 has put down the right fork
904 3 is sleeping
DBG_EAT2: id=1 meals=4
1004 1 has put down the left fork
1004 1 has put down the right fork
1004 1 is sleeping
1004 2 is thinking
1004 4 is thinking
1004 2 has taken the left fork
1004 2 has taken the right fork
1004 2 is eating
DBG_EAT: id=2 time_last_meal=1004
1004 4 has taken the left fork
1004 4 has taken the right fork
1004 4 is eating
DBG_EAT: id=4 time_last_meal=1004
DBG_EAT2: id=2 meals=4
1104 3 is thinking
1104 2 has put down the right fork
1104 2 has put down the left fork
DBG_EAT2: id=4 meals=4
1104 4 has put down the right fork
1104 4 has put down the left fork
1104 4 is sleeping
1104 3 has taken the right fork
1104 3 has taken the left fork
1104 3 is eating
DBG_EAT: id=3 time_last_meal=1104
1104 2 is sleeping
1204 1 is thinking
1204 1 has taken the right fork
1204 1 has taken the left fork
1204 1 is eating
DBG_EAT: id=1 time_last_meal=1204
DBG_EAT2: id=3 meals=4
1205 3 has put down the left fork
1205 3 has put down the right fork
1205 3 is sleeping
DBG_EAT2: id=1 meals=5
1304 1 has put down the left fork
1304 1 has put down the right fork
1304 1 is sleeping
1305 4 is thinking
1305 2 is thinking
1305 4 has taken the left fork
1305 4 has taken the right fork
1305 4 is eating
DBG_EAT: id=4 time_last_meal=1305
1305 2 has taken the left fork
1305 2 has taken the right fork
1305 2 is eating
DBG_EAT: id=2 time_last_meal=1305
DBG_EAT2: id=4 meals=5
1405 4 has put down the right fork
1405 4 has put down the left fork
1405 4 is sleeping
DBG_EAT2: id=2 meals=5
1405 2 has put down the right fork
1405 2 has put down the left fork
1405 3 is thinking
1405 3 has taken the right fork
1405 3 has taken the left fork
1405 3 is eating
DBG_EAT: id=3 time_last_meal=1405
1405 2 is sleeping
1505 1 is thinking
1505 1 has taken the right fork
1505 1 has taken the left fork
1505 1 is eating
DBG_EAT: id=1 time_last_meal=1505
DBG_EAT2: id=3 meals=5
1506 3 has put down the left fork
1506 3 has put down the right fork
1506 3 is sleeping
DBG_EAT2: id=1 meals=6
1605 1 has put down the left fork
1605 1 has put down the right fork
1605 4 is thinking
1605 1 is sleeping
1605 2 is thinking
1606 4 has taken the left fork
1606 4 has taken the right fork
1606 4 is eating
DBG_EAT: id=4 time_last_meal=1606
1606 2 has taken the left fork
1606 2 has taken the right fork
1606 2 is eating
DBG_EAT: id=2 time_last_meal=1606
DBG_EAT2: id=4 meals=6
1706 4 has put down the right fork
1706 4 has put down the left fork
1706 4 is sleeping
1706 3 is thinking
DBG_EAT2: id=2 meals=6
1706 2 has put down the right fork
1706 2 has put down the left fork
1706 2 is sleeping
1706 3 has taken the right fork
1706 3 has taken the left fork
1706 3 is eating
DBG_EAT: id=3 time_last_meal=1706
1805 1 is thinking
1805 1 has taken the right fork
1805 1 has taken the left fork
1805 1 is eating
DBG_EAT: id=1 time_last_meal=1805
DBG_EAT2: id=3 meals=6
1806 3 has put down the left fork
1806 3 has put down the right fork
1806 3 is sleeping
DBG_EAT2: id=1 meals=7
1906 1 has put down the left fork
1906 1 has put down the right fork
1906 1 is sleeping
1906 4 is thinking
1906 2 is thinking
1906 4 has taken the left fork
1906 4 has taken the right fork
1906 4 is eating
DBG_EAT: id=4 time_last_meal=1906
1906 2 has taken the left fork
1906 2 has taken the right fork
1906 2 is eating
DBG_EAT: id=2 time_last_meal=1906
DBG_EAT2: id=2 meals=7
2006 2 has put down the right fork
2006 2 has put down the left fork
DBG_EAT2: id=4 meals=7
2006 4 has put down the right fork
2006 4 has put down the left fork
2006 4 is sleeping
2006 2 is sleeping
2006 3 is thinking
2006 3 has taken the right fork
2006 3 has taken the left fork
2006 3 is eating
DBG_EAT: id=3 time_last_meal=2006
2106 1 is thinking
2106 1 has taken the right fork
2106 1 has taken the left fork
2106 1 is eating
DBG_EAT: id=1 time_last_meal=2106
DBG_EAT2: id=3 meals=7
2107 3 has put down the left fork
2107 3 has put down the right fork
2107 3 is sleeping
DBG_EAT2: id=1 meals=8
2206 1 has put down the left fork
2206 1 has put down the right fork
2206 1 is sleeping
2207 2 is thinking
2207 4 is thinking
2207 2 has taken the left fork
2207 2 has taken the right fork
2207 2 is eating
DBG_EAT: id=2 time_last_meal=2207
2207 4 has taken the left fork
2207 4 has taken the right fork
2207 4 is eating
DBG_EAT: id=4 time_last_meal=2207
DBG_EAT2: id=4 meals=8
2307 4 has put down the right fork
2307 4 has put down the left fork
2307 4 is sleeping
2307 3 is thinking
DBG_EAT2: id=2 meals=8
2307 2 has put down the right fork
2307 2 has put down the left fork
2307 3 has taken the right fork
2307 3 has taken the left fork
2307 3 is eating
DBG_EAT: id=3 time_last_meal=2307
2307 2 is sleeping
2407 1 is thinking
2407 1 has taken the right fork
2407 1 has taken the left fork
2407 1 is eating
DBG_EAT: id=1 time_last_meal=2407
DBG_EAT2: id=3 meals=8
2408 3 has put down the left fork
2408 3 has put down the right fork
2408 3 is sleeping
DBG_EAT2: id=1 meals=9
2507 1 has put down the left fork
2507 1 has put down the right fork
2507 1 is sleeping
2507 4 is thinking
2507 2 is thinking
2508 4 has taken the left fork
2508 4 has taken the right fork
2508 4 is eating
DBG_EAT: id=4 time_last_meal=2508
2508 2 has taken the left fork
2508 2 has taken the right fork
2508 2 is eating
DBG_EAT: id=2 time_last_meal=2508
DBG_EAT2: id=4 meals=9
2608 4 has put down the right fork
2608 4 has put down the left fork
2608 4 is sleeping
DBG_EAT2: id=2 meals=9
2608 2 has put down the right fork
2608 2 has put down the left fork
2608 3 is thinking
2608 3 has taken the right fork
2608 3 has taken the left fork
2608 3 is eating
DBG_EAT: id=3 time_last_meal=2608
2608 2 is sleeping
2708 1 is thinking
2708 1 has taken the right fork
2708 1 has taken the left fork
2708 1 is eating
DBG_EAT: id=1 time_last_meal=2708
DBG_EAT2: id=3 meals=9
2709 3 has put down the left fork
2709 3 has put down the right fork
2709 3 is sleeping
DBG_EAT2: id=1 meals=10
2808 1 has put down the left fork
2808 1 has put down the right fork
2808 1 is sleeping
2808 4 is thinking
2808 2 is thinking
2808 4 has taken the left fork
2808 4 has taken the right fork
2808 4 is eating
DBG_EAT: id=4 time_last_meal=2808
2809 2 has taken the left fork
2809 2 has taken the right fork
2809 2 is eating
DBG_EAT: id=2 time_last_meal=2809
DBG_EAT2: id=4 meals=10
2909 4 has put down the right fork
2909 4 has put down the left fork
2909 4 is sleeping
DBG_EAT2: id=2 meals=10
2909 2 has put down the right fork
2909 2 has put down the left fork
2909 3 is thinking
2909 3 has taken the right fork
2909 3 has taken the left fork
2909 3 is eating
DBG_EAT: id=3 time_last_meal=2909
2909 2 is sleeping
3008 1 is thinking
3008 1 has taken the right fork
3008 1 has taken the left fork
3008 1 is eating
DBG_EAT: id=1 time_last_meal=3008
DBG_EAT2: id=3 meals=10
3009 3 has put down the left fork
3009 3 has put down the right fork
3009 3 is sleeping
DBG_EAT2: id=1 meals=11
3109 1 has put down the left fork
3109 1 has put down the right fork
3109 1 is sleeping
3109 4 is thinking
3109 2 is thinking
3109 4 has taken the left fork
3109 4 has taken the right fork
3109 4 is eating
DBG_EAT: id=4 time_last_meal=3109
3109 2 has taken the left fork
3109 2 has taken the right fork
3109 2 is eating
DBG_EAT: id=2 time_last_meal=3109
DBG_EAT2: id=2 meals=11
DBG_EAT2: id=4 meals=11
3210 2 has put down the right fork
3210 2 has put down the left fork
3210 2 is sleeping
3210 4 has put down the right fork
3210 4 has put down the left fork
3210 4 is sleeping
3210 3 is thinking
3210 3 has taken the right fork
3210 3 has taken the left fork
3210 3 is eating
DBG_EAT: id=3 time_last_meal=3210
3309 1 is thinking
3309 1 has taken the right fork
3309 1 has taken the left fork
3309 1 is eating
DBG_EAT: id=1 time_last_meal=3309
DBG_EAT2: id=3 meals=11
3310 3 has put down the left fork
3310 3 has put down the right fork
3310 3 is sleeping
DBG_EAT2: id=1 meals=12
3409 1 has put down the left fork
3409 1 has put down the right fork
3410 1 is sleeping
3410 2 is thinking
3410 4 is thinking
3410 2 has taken the left fork
3410 2 has taken the right fork
3410 2 is eating
DBG_EAT: id=2 time_last_meal=3410
3410 4 has taken the left fork
3410 4 has taken the right fork
3410 4 is eating
DBG_EAT: id=4 time_last_meal=3410
DBG_EAT2: id=2 meals=12
3510 2 has put down the right fork
3510 2 has put down the left fork
DBG_EAT2: id=4 meals=12
3510 4 has put down the right fork
3510 4 has put down the left fork
3510 4 is sleeping
3510 3 is thinking
3510 3 has taken the right fork
3510 3 has taken the left fork
3510 3 is eating
3510 2 is sleeping
DBG_EAT: id=3 time_last_meal=3510
3610 1 is thinking
3610 1 has taken the right fork
3610 1 has taken the left fork
3610 1 is eating
DBG_EAT: id=1 time_last_meal=3610
DBG_EAT2: id=3 meals=12
3611 3 has put down the left fork
3611 3 has put down the right fork
3611 3 is sleeping
DBG_EAT2: id=1 meals=13
3710 1 has put down the left fork
3710 1 has put down the right fork
3710 1 is sleeping
3711 4 is thinking
3711 2 is thinking
3711 4 has taken the left fork
3711 4 has taken the right fork
3711 4 is eating
DBG_EAT: id=4 time_last_meal=3711
3711 2 has taken the lef