DBG_INIT: meal_mutex init for philo 1
DBG_INIT: meal_mutex init for philo 2
DBG_INIT: meal_mutex init for philo 3
DBG_INIT: meal_mutex init for philo 4
DBG: init philo[1].time_last_meal=0
DBG: init philo[2].time_last_meal=0
DBG: init philo[3].time_last_meal=0
DBG: init philo[4].time_last_meal=0
1 1 has taken the right fork
1 1 has taken the left fork
1 1 is eating
DBG_EAT: id=1 time_last_meal=1
1 3 has taken the right fork
1 3 has taken the left fork
1 3 is eating
DBG_EAT: id=3 time_last_meal=1
DBG: start_time=1758386758746
DBG_EAT2: id=1 meals=1
61 1 has put down the left fork
61 1 has put down the right fork
61 4 has taken the left fork
61 1 is sleeping
DBG_EAT2: id=3 meals=1
61 3 has put down the left fork
61 4 has taken the right fork
61 4 is eating
DBG_EAT: id=4 time_last_meal=61
61 3 has put down the right fork
61 3 is sleeping
61 2 has taken the left fork
61 2 has taken the right fork
61 2 is eating
DBG_EAT: id=2 time_last_meal=61
121 1 is thinking
DBG_EAT2: id=4 meals=1
121 4 has put down the right fork
121 3 is thinking
121 4 has put down the left fork
121 4 is sleeping
DBG_EAT2: id=2 meals=1
121 2 has put down the right fork
121 1 has taken the right fork
121 1 has taken the left fork
121 1 is eating
DBG_EAT: id=1 time_last_meal=121
121 2 has put down the left fork
121 2 is sleeping
121 3 has taken the right fork
121 3 has taken the left fork
121 3 is eating
DBG_EAT: id=3 time_last_meal=121
181 4 is thinking
181 2 is thinking
DBG_EAT2: id=3 meals=2
181 3 has put down the left fork
181 3 has put down the right fork
181 3 is sleeping
DBG_EAT2: id=1 meals=2
181 1 has put down the left fork
181 1 has put down the right fork
181 1 is sleeping
181 4 has taken the left fork
181 4 has taken the right fork
181 4 is eating
DBG_EAT: id=4 time_last_meal=181
181 2 has taken the left fork
181 2 has taken the right fork
181 2 is eating
DBG_EAT: id=2 time_last_meal=181
241 3 is thinking
241 1 is thinking
DBG_EAT2: id=2 meals=2
241 2 has put down the right fork
DBG_EAT2: id=4 meals=2
241 4 has put down the right fork
241 2 has put down the left fork
241 4 has put down the left fork
241 4 is sleeping
241 2 is sleeping
241 1 has taken the right fork
241 1 has taken the left fork
241 1 is eating
DBG_EAT: id=1 time_last_meal=241
241 3 has taken the right fork
241 3 has taken the left fork
241 3 is eating
DBG_EAT: id=3 time_last_meal=241
301 2 is thinking
DBG_EAT2: id=1 meals=3
302 4 is thinking
302 1 has put down the left fork
302 1 has put down the right fork
DBG_EAT2: id=3 meals=3
302 3 has put down the left fork
302 3 has put down the right fork
302 3 is sleeping
302 1 is sleeping
302 2 has taken the left fork
302 2 has taken the right fork
302 2 is eating
DBG_EAT: id=2 time_last_meal=302
302 4 has taken the left fork
302 4 has taken the right fork
302 4 is eating
DBG_EAT: id=4 time_last_meal=302
362 3 is thinking
362 1 is thinking
DBG_EAT2: id=4 meals=3
362 4 has put down the right fork
362 4 has put down the left fork
362 4 is sleeping
DBG_EAT2: id=2 meals=3
362 2 has put down the right fork
362 1 has taken the right fork
362 1 has taken the left fork
362 1 is eating
DBG_EAT: id=1 time_last_meal=362
362 2 has put down the left fork
362 2 is sleeping
362 3 has taken the right fork
362 3 has taken the left fork
362 3 is eating
DBG_EAT: id=3 time_last_meal=362
422 4 is thinking
422 2 is thinking
DBG_EAT2: id=3 meals=4
422 3 has put down the left fork
422 3 has put down the right fork
DBG_EAT2: id=1 meals=4
422 1 has put down the left fork
422 1 has put down the right fork
422 1 is sleeping
422 3 is sleeping
422 4 has taken the left fork
422 4 has taken the right fork
422 4 is eating
DBG_EAT: id=4 time_last_meal=422
422 2 has taken the left fork
422 2 has taken the right fork
422 2 is eating
DBG_EAT: id=2 time_last_meal=422
482 1 is thinking
482 3 is thinking
DBG_EAT2: id=4 meals=4
482 4 has put down the right fork
DBG_EAT2: id=2 meals=4
482 2 has put down the right fork
482 4 has put down the left fork
482 4 is sleeping
482 2 has put down the left fork
482 2 is sleeping
482 3 has taken the right fork
482 3 has taken the left fork
482 3 is eating
DBG_EAT: id=3 time_last_meal=482
482 1 has taken the right fork
482 1 has taken the left fork
482 1 is eating
DBG_EAT: id=1 time_last_meal=482
542 4 is thinking
542 2 is thinking
DBG_EAT2: id=3 meals=5
542 3 has put down the left fork
542 3 has put down the right fork
542 3 is sleeping
DBG_EAT2: id=1 meals=5
542 1 has put down the left fork
542 1 has put down the right fork
542 2 has taken the left fork
542 2 has taken the right fork
542 2 is eating
DBG_EAT: id=2 time_last_meal=542
542 1 is sleeping
543 4 has taken the left fork
543 4 has taken the right fork
543 4 is eating
DBG_EAT: id=4 time_last_meal=543
602 3 is thinking
DBG_EAT2: id=2 meals=5
603 2 has put down the right fork
603 2 has put down the left fork
DBG_EAT2: id=4 meals=5
603 4 has put down the right fork
603 4 has put down the left fork
603 4 is sleeping
603 3 has taken the right fork
603 3 has taken the left fork
603 3 is eating
DBG_EAT: id=3 time_last_meal=603
603 1 is thinking
603 2 is sleeping
603 1 has taken the right fork
603 1 has taken the left fork
603 1 is eating
DBG_EAT: id=1 time_last_meal=603
663 4 is thinking
663 2 is thinking
DBG_EAT2: id=1 meals=6
663 1 has put down the left fork
663 1 has put down the right fork
663 1 is sleeping
DBG_EAT2: id=3 meals=6
663 3 has put down the left fork
663 3 has put down the right fork
663 3 is sleeping
663 2 has taken the left fork
663 2 has taken the right fork
663 2 is eating
DBG_EAT: id=2 time_last_meal=663
663 4 has taken the left fork
663 4 has taken the right fork
663 4 is eating
DBG_EAT: id=4 time_last_meal=663
723 1 is thinking
723 3 is thinking
DBG_EAT2: id=2 meals=6
723 2 has put down the right fork
723 2 has put down the left fork
DBG_EAT2: id=4 meals=6
723 4 has put down the right fork
723 2 is sleeping
723 4 has put down the left fork
723 4 is sleeping
723 3 has taken the right fork
723 3 has taken the left fork
723 3 is eating
DBG_EAT: id=3 time_last_meal=723
723 1 has taken the right fork
723 1 has taken the left fork
723 1 is eating
DBG_EAT: id=1 time_last_meal=723
DBG_EAT2: id=3 meals=7
783 4 is thinking
783 3 has put down the left fork
783 3 has put down the right fork
783 2 is thinking
DBG_EAT2: id=1 meals=7
783 1 has put down the left fork
783 1 has put down the right fork
783 1 is sleeping
783 3 is sleeping
783 4 has taken the left fork
783 4 has taken the right fork
783 4 is eating
DBG_EAT: id=4 time_last_meal=783
783 2 has taken the left fork
783 2 has taken the right fork
783 2 is eating
DBG_EAT: id=2 time_last_meal=783
843 3 is thinking
843 1 is thinking
DBG_EAT2: id=4 meals=7
843 4 has put down the right fork
843 4 has put down the left fork
843 4 is sleeping
DBG_EAT2: id=2 meals=7
843 2 has put down the right fork
843 1 has taken the right fork
843 1 has taken the left fork
843 1 is eating
DBG_EAT: id=1 time_last_meal=843
843 2 has put down the left fork
843 2 is sleeping
843 3 has taken the right fork
843 3 has taken the left fork
843 3 is eating
DBG_EAT: id=3 time_last_meal=843
903 4 is thinking
DBG_EAT2: id=1 meals=8
903 1 has put down the left fork
903 1 has put down the right fork
903 1 is sleeping
904 2 is thinking
DBG_EAT2: id=3 meals=8
904 3 has put down the left fork
904 3 has put down the right fork
904 3 is sleeping
904 4 has taken the left fork
904 4 has taken the right fork
904 4 is eating
DBG_EAT: id=4 time_last_meal=904
904 2 has taken the left fork
904 2 has taken the right fork
904 2 is eating
DBG_EAT: id=2 time_last_meal=904
964 1 is thinking
964 3 is thinking
DBG_EAT2: id=4 meals=8
964 4 has put down the right fork
964 4 has put down the left fork
964 4 is sleeping
DBG_EAT2: id=2 meals=8
964 2 has put down the right fork
964 1 has taken the right fork
964 1 has taken the left fork
964 1 is eating
DBG_EAT: id=1 time_last_meal=964
964 2 has put down the left fork
964 2 is sleeping
964 3 has taken the right fork
964 3 has taken the left fork
964 3 is eating
DBG_EAT: id=3 time_last_meal=964
1024 4 is thinking
DBG_EAT2: id=1 meals=9
1024 1 has put down the left fork
1024 1 has put down the right fork
1024 2 is thinking
1024 1 is sleeping
DBG_EAT2: id=3 meals=9
1024 3 has put down the left fork
1024 3 has put down the right fork
1024 4 has taken the left fork
1024 4 has taken the right fork
1024 4 is eating
DBG_EAT: id=4 time_last_meal=1024
1024 3 is sleeping
1024 2 has taken the left fork
1024 2 has taken the right fork
1024 2 is eating
DBG_EAT: id=2 time_last_meal=1024
1084 1 is thinking
DBG_EAT2: id=4 meals=9
1084 4 has put down the right fork
1084 3 is thinking
1084 4 has put down the left fork
1084 1 has taken the right fork
DBG_EAT2: id=2 meals=9
1084 2 has put down the right fork
1084 4 is sleeping
1084 1 has taken the left fork
1084 1 is eating
DBG_EAT: id=1 time_last_meal=1084
1084 2 has put down the left fork
1084 2 is sleeping
1084 3 has taken the right fork
1084 3 has taken the left fork
1084 3 is eating
DBG_EAT: id=3 time_last_meal=1084
1144 4 is thinking
DBG_EAT2: id=1 meals=10
1144 1 has put down the left fork
1144 1 has put down the right fork
DBG_EAT2: id=3 meals=10
1144 3 has put down the left fork
1144 3 has put down the right fork
1144 3 is sleeping
1144 1 is sleeping
1144 2 is thinking
1144 4 has taken the left fork
1144 4 has taken the right fork
1144 4 is eating
DBG_EAT: id=4 time_last_meal=1144
1144 2 has taken the left fork
1144 2 has taken the right fork
1144 2 is eating
DBG_EAT: id=2 time_last_meal=1144
1204 3 is thinking
1204 1 is thinking
DBG_EAT2: id=2 meals=10
1204 2 has put down the right fork
1204 2 has put down the left fork
DBG_EAT2: id=4 meals=10
1204 4 has put down the right fork
1204 2 is sleeping
1204 4 has put down the left fork
1204 4 is sleeping
1205 1 has taken the right fork
1205 1 has taken the left fork
1205 1 is eating
1205 3 has taken the right fork
1205 3 has taken the left fork
1205 3 is eating
DBG_EAT: id=3 time_last_meal=1205
DBG_EAT: id=1 time_last_meal=1205
1265 4 is thinking
1265 2 is thinking
DBG_EAT2: id=3 meals=11
1265 3 has put down the left fork
1265 3 has put down the right fork
1265 3 is sleeping
DBG_EAT2: id=1 meals=11
1265 1 has put down the left fork
1265 1 has put down the right fork
1265 1 is sleeping
1265 4 has taken the left fork
1265 4 has taken the right fork
1265 4 is eating
DBG_EAT: id=4 time_last_meal=1265
1265 2 has taken the left fork
1265 2 has taken the right fork
1265 2 is eating
DBG_EAT: id=2 time_last_meal=1265
1325 3 is thinking
1325 1 is thinking
DBG_EAT2: id=4 meals=11
1325 4 has put down the right fork
1325 4 has put down the left fork
1325 4 is sleeping
1325 1 has taken the right fork
DBG_EAT2: id=2 meals=11
1325 2 has put down the right fork
1325 2 has put down the left fork
1325 1 has taken the left fork
1325 1 is eating
DBG_EAT: id=1 time_last_meal=1325
1325 2 is sleeping
1325 3 has taken the right fork
1325 3 has taken the left fork
1325 3 is eating
DBG_EAT: id=3 time_last_meal=1325
1385 4 is thinking
DBG_EAT2: id=1 meals=12
1385 1 has put down the left fork
1385 1 has put down the right fork
1385 4 has taken the left fork
DBG_EAT2: id=3 meals=12
1385 1 is sleeping
1385 2 is thinking
1385 3 has put down the left fork
1385 3 has put down the right fork
1385 3 is sleeping
1385 4 has taken the right fork
1385 4 is eating
DBG_EAT: id=4 time_last_meal=1385
1385 2 has taken the left fork
1385 2 has taken the right fork
1385 2 is eating
DBG_EAT: id=2 time_last_meal=1385
1445 1 is thinking
1445 3 is thinking
DBG_EAT2: id=4 meals=12
1445 4 has put down the right fork
1445 4 has put down the left fork
1445 4 is sleeping
1445 1 has taken the right fork
DBG_EAT2: id=2 meals=12
1445 2 has put down the right fork
1445 2 has put down the left fork
1445 1 has taken the left fork
1445 1 is eating
DBG_EAT: id=1 time_last_meal=1445
1445 2 is sleeping
1445 3 has taken the right fork
1445 3 has taken the left fork
1445 3 is eating
DBG_EAT: id=3 time_last_meal=1445
1505 4 is thinking
1505 2 is thinking
DBG_EAT2: id=1 meals=13
1505 1 has put down the left fork
1505 1 has put down the right fork
1505 4 has taken the left fork
1505 1 is sleeping
DBG_EAT2: id=3 meals=13
1505 3 has put down the left fork
1505 3 has put down the right fork
1505 3 is sleeping
1505 2 has taken the left fork
1505 2 has taken the right fork
1506 2 is eating
DBG_EAT: id=2 time_last_meal=1506
1506 4 has taken the right fork
1506 4 is eating
DBG_EAT: id=4 time_last_meal=1506
1565 1 is thinking
1566 3 is thinking
DBG_EAT2: id=2 meals=13
1566 2 has put down the right fork
1566 2 has put down the left fork
1566 2 is sleeping
1566 3 has taken the right fork
DBG_EAT2: id=4 meals=13
1566 4 has put down the right fork
1566 4 has put down the left fork
1566 4 is sleeping
1566 3 has taken the left fork
1566 1 has taken the right fork
1566 1 has taken the left fork
1566 1 is eating
DBG_EAT: id=1 time_last_meal=1566
1566 3 is eating
DBG_EAT: id=3 time_last_meal=1566
1626 2 is thinking
1626 4 is thinking
DBG_EAT2: id=1 meals=14
1626 1 has put down the left fork
1626 1 has put down the right fork
DBG_EAT2: id=3 meals=14
1626 3 has put down the left fork
1626 1 is sleeping
1626 3 has put down the right fork
1626 3 is sleeping
1626 2 has taken the left fork
1626 2 has taken the right fork
1626 2 is eating
DBG_EAT: id=2 time_last_meal=1626
1626 4 has taken the left fork
1626 4 has taken the right fork
1626 4 is eating
DBG_EAT: id=4 time_last_meal=1626
1686 1 is thinking
1686 3 is thinking
DBG_EAT2: id=2 meals=14
1686 2 has put down the right fork
1686 2 has put down the left fork
1686 2 is sleeping
1686 3 has taken the right fork
DBG_EAT2: id=4 meals=14
1686 4 has put down the right fork
1686 4 has put down the left fork
1686 4 is sleeping
1686 3 has taken the left fork
1686 3 is eating
DBG_EAT: id=3 time_last_meal=1686
1686 1 has taken the right fork
1686 1 has taken the left fork
1686 1 is eating
DBG_EAT: id=1 time_last_meal=1686
1746 2 is thinking
DBG_EAT2: id=3 meals=15
1746 3 has put down the left fork
1746 3 has put down the right fork
1746 3 is sleeping
1746 4 is thinking
DBG_EAT2: id=1 meals=15
1746 1 has put down the left fork
1746 1 has put down the right fork
1746 2 has taken the left fork
1746 2 has taken the right fork
1746 2 is eating
DBG_EAT: id=2 time_last_meal=1746
1746 1 is sleeping
1747 4 has taken the left fork
1747 4 has taken the right fork
1747 4 is eating
DBG_EAT: id=4 time_last_meal=1747
1806 3 is thinking
1806 1 is thinking
DBG_EAT2: id=2 meals=15
1807 2 has put down the right fork
1807 2 has put down the left fork
1807 2 is sleeping
1807 3 has taken the right fork
DBG_EAT2: id=4 meals=15
1807 4 has put down the right fork
1807 4 has put down the left fork
1807 3 has taken the left fork
1807 3 is eating
DBG_EAT: id=3 time_last_meal=1807
1807 4 is sleeping
1807 1 has taken the right fork
1807 1 has taken the left fork
1807 1 is eating
DBG_EAT: id=1 time_last_meal=1807
1867 2 is thinking
DBG_EAT2: id=3 meals=16
1867 3 has put down the left fork
1867 3 has put down the right fork
1867 3 is sleeping
1867 4 is thinking
DBG_EAT2: id=1 meals=16
1867 1 has put down the left fork
1867 1 has put down the right fork
1867 2 has taken the left fork
1867 2 has taken the right fork
1867 2 is eating
DBG_EAT: id=2 time_last_meal=1867
1867 1 is sleeping
1867 4 has taken the left fork
1867 4 has taken the right fork
1867 4 is eating
DBG_EAT: id=4 time_last_meal=1867
1927 3 is thinking
DBG_EAT2: id=2 meals=16
1927 2 has put down the right fork
1927 1 is thinking
1927 2 has put down the left fork
1927 2 is sleeping
1927 3 has taken the right fork
DBG_EAT2: id=4 meals=16
1927 4 has put down the right fork
1927 4 has put down the left fork
1927 1 has taken the right fork
1927 1 has taken the left fork
1927 1 is eating
DBG_EAT: id=1 time_last_meal=1927
1927 4 is sleeping
1927 3 has taken the left fork
1927 3 is eating
DBG_EAT: id=3 time_last_meal=1927
1987 2 is thinking
DBG_EAT2: id=1 meals=17
1987 1 has put down the left fork
1987 1 has put down the right fork
1987 4 is thinking
1987 1 is sleeping
DBG_EAT2: id=3 meals=17
1987 3 has put down the left fork
1987 3 has put down the right fork
1987 3 is sleeping
1987 2 has taken the left fork
1987 2 has taken the right fork
1987 2 is eating
DBG_EAT: id=2 time_last_meal=1987
1987 4 has taken the left fork
1987 4 has taken the right fork
1987 4 is eating
DBG_EAT: id=4 time_last_meal=1987
2047 3 is thinking
2047 1 is thinking
DBG_EAT2: id=4 meals=17
2047 4 has put down the right fork
DBG_EAT2: id=2 meals=17
2047 2 has put down the right fork
2047 2 has put down the left fork
2047 4 has put down the left fork
2047 4 is sleeping
2047 3 has taken the right fork
2047 3 has taken the left fork
2047 3 is eating
2047 2 is sleeping
DBG_EAT: id=3 time_last_meal=2047
2047 1 has taken the right fork
2047 1 has taken the left fork
2047 1 is eating
DBG_EAT: id=1 time_last_meal=2047
2107 4 is thinking
DBG_EAT2: id=3 meals=18
2107 3 has put down the left fork
2107 3 has put down the right fork
2107 2 is thinking
2107 3 is sleeping
DBG_EAT2: id=1 meals=18
2108 1 has put down the left fork
2108 1 has put down the right fork
2108 1 is sleeping
2108 4 has taken the left fork
2108 4 has taken the right fork
2108 4 is eating
DBG_EAT: id=4 time_last_meal=2108
2108 2 has taken the left fork
2108 2 has taken the right fork
2108 2 is eating
DBG_EAT: id=2 time_last_meal=2108
2168 3 is thinking
2168 1 is thinking
DBG_EAT2: id=2 meals=18
2168 2 has put down the right fork
DBG_EAT2: id=4 meals=18
2168 4 has put down the right fork
2168 2 has put down the left fork
2168 4 has put down the left fork
2168 4 is sleeping
2168 2 is sleeping
2168 1 has taken the right fork
2168 1 has taken the left fork
2168 1 is eating
DBG_EAT: id=1 time_last_meal=2168
2168 3 has taken the right fork
2168 3 has taken the left fork
2168 3 is eating
DBG_EAT: id=3 time_last_meal=2168
DBG_EAT2: id=1 meals=19
2228 1 has put down the left fork
2228 1 has put down the right fork
2228 2 is thinking
2228 1 is sleeping
DBG_EAT2: id=3 meals=19
2228 3 has put down the left fork
2228 3 has put down the right fork
2228 3 is sleeping
2228 4 is thinking
2228 2 has taken the left fork
2228 2 has taken the right fork
2228 2 is eating
DBG_EAT: id=2 time_last_meal=2228
2228 4 has taken the left fork
2228 4 has taken the right fork
2228 4 is eating
DBG_EAT: id=4 time_last_meal=2228
2288 1 is thinking
2288 3 is thinking
DBG_EAT2: id=2 meals=19
2288 2 has put down the right fork
2288 2 has put down the left fork
2288 3 has taken the right fork
2288 2 is sleeping
DBG_EAT2: id=4 meals=19
2288 4 has put down the right fork
2288 4 has put down the left fork
2288 1 has taken the right fork
2288 1 has taken the left fork
2288 1 is eating
DBG_EAT: id=1 time_last_meal=2288
2288 4 is sleeping
2288 3 has taken the left fork
2288 3 is eating
DBG_EAT: id=3 time_last_meal=2288
2348 2 is thinking
2348 4 is thinking
DBG_EAT2: id=1 meals=20
2348 1 has put down the left fork
2348 1 has put down the right fork
2348 1 is sleeping
DBG_EAT2: id=3 meals=20
2348 3 has put down the left fork
2348 3 has put down the right fork
2348 3 is sleeping
2348 2 has taken the left fork
2348 2 has taken the right fork
2348 2 is eating
DBG_EAT: id=2 time_last_meal=2348
2348 4 has taken the left fork
2348 4 has taken the right fork
2348 4 is eating
DBG_EAT: id=4 time_last_meal=2348
2408 1 is thinking
DBG_EAT2: id=2 meals=20
2408 2 has put down the right fork
2408 2 has put down the left fork
2409 2 is sleeping
2409 3 is thinking
2409 3 has taken the right fork
DBG_EAT2: id=4 meals=20
2409 4 has put down the right fork
2409 4 has put down the left fork
2409 4 is sleeping
2409 1 has taken the right fork
2409 1 has taken the left fork
2409 3 has taken the left fork
2409 3 is eating
DBG_EAT: id=3 time_last_meal=2409
2409 1 is eating
DBG_EAT: id=1 time_last_meal=2409
2469 2 is thinking
2469 4 is thinking
DBG_EAT2: id=3 meals=21
2469 3 has put down the left fork
2469 3 has put down the right fork
2469 3 is sleeping
DBG_EAT2: id=1 meals=21
2469 1 has put down the left fork
2469 1 has put down the right fork
2469 2 has taken the left fork
2469 2 has taken the right fork
2469 2 is eating
DBG_EAT: id=2 time_last_meal=2469
2469 1 is sleeping
2469 4 has taken the left fork
2469 4 has taken the right fork
2469 4 is eating
DBG_EAT: id=4 time_last_meal=2469
2529 3 is thinking
DBG_EAT2: id=2 meals=21
2529 2 has put down the right fork
2529 2 has put down the left fork
2529 3 has taken the right fork
2529 1 is thinking
2529 2 is sleeping
DBG_EAT2: id=4 meals=21
2529 4 has put down the right fork
2529 4 has put down the left fork
2529 4 is sleeping
2529 3 has taken the left fork
2529 3 is eating
DBG_EAT: id=3 time_last_meal=2529
2529 1 has taken the right fork
2529 1 has taken the left fork
2529 1 is eating
DBG_EAT: id=1 time_last_meal=2529
2589 2 is thinking
2589 4 is thinking
DBG_EAT2: id=3 meals=22
2589 3 has put down the left fork
DBG_EAT2: id=1 meals=22
2589 1 has put down the left fork
2589 1 has put down the right fork
2589 3 has put down the right fork
2589 3 is sleeping
2589 1 is sleeping
2589 2 has taken the left fork
2589 2 has taken the right fork
2589 2 is eating
DBG_EAT: id=2 time_last_meal=2589
2589 4 has taken the left fork
2589 4 has taken the right fork
2589 4 is eating
DBG_EAT: id=4 time_last_meal=2589
2649 1 is thinking
2649 3 is thinking
DBG_EAT2: id=2 meals=22
2649 2 has put down the right fork
2649 2 has put down the left fork
2649 2 is sleeping
2649 3 has taken the right fork
DBG_EAT2: id=4 meals=22
2649 4 has put down the right fork
2649 4 has put down the left fork
2650 4 is sleeping
2650 3 has taken the left fork
2650 3 is eating
DBG_EAT: id=3 time_last_meal=2650
2650 1 has taken the right fork
2650 1 has taken the left fork
2650 1 is eating
DBG_EAT: id=1 time_last_meal=2650
2710 2 is thinking
2710 4 is thinking
DBG_EAT2: id=1 meals=23
2710 1 has put down the left fork
2710 1 has put down the right fork
2710 1 is sleeping
DBG_EAT2: id=3 meals=23
2710 3 has put down the left fork
2710 3 has put down the right fork
2710 2 has taken the left fork
2710 2 has taken the right fork
2710 2 is eating
DBG_EAT: id=2 time_last_meal=2710
2710 3 is sleeping
2710 4 has taken the left fork
2710 4 has taken the right fork
2710 4 is eating
DBG_EAT: id=4 time_last_meal=2710
2770 1 is thinking
DBG_EAT2: id=2 meals=23
2770 2 has put down the right fork
2770 2 has put down the left fork
2770 3 is thinking
2770 3 has taken the right fork
DBG_EAT2: id=4 meals=23
2770 4 has put down the right fork
2770 3 has taken the left fork
2770 3 is eating
DBG_EAT: id=3 time_last_meal=2770
2770 2 is sleeping
2770 4 has put down the left fork
2770 4 is sleeping
2770 1 has taken the right fork
2770 1 has taken the left fork
2770 1 is eating
DBG_EAT: id=1 time_last_meal=2770
2830 2 is thinking
DBG_EAT2: id=3 meals=24
2830 3 has put down the left fork
2830 3 has put down the right fork
DBG_EAT2: id=1 meals=24
2830 1 has put down the left fork
2830 1 has put down the right fork
2830 1 is sleeping
2830 3 is sleeping
2830 4 is thinking
2830 4 has taken the left fork
2830 4 has taken the right fork
2830 4 is eating
2830 2 has taken the left fork
2830 2 has taken the right fork
2830 2 is eating
DBG_EAT: id=2 time_last_meal=2830
DBG_EAT: id=4 time_last_meal=2830
2890 1 is thinking
2890 3 is thinking
DBG_EAT2: id=4 meals=24
2890 4 has put down the right fork
2890 4 has put down the left fork
2890 4 is sleeping
DBG_EAT2: id=2 meals=24
2890 2 has put down the right fork
2890 2 has put down the left fork
2890 3 has taken the right fork
2890 3 has taken the left fork
2890 3 is eating
DBG_EAT: id=3 time_last_meal=2890
2890 2 is sleeping
2890 1 has taken the right fork
2890 1 has taken the left fork
2890 1 is eating
DBG_EAT: id=1 time_last_meal=2890
2950 4 is thinking
DBG_EAT2: id=3 meals=25
2950 3 has put down the left fork
2950 3 has put down the right fork
2950 2 is thinking
2950 3 is sleeping
DBG_EAT2: id=1 meals=25
2950 1 has put down the left fork
2950 1 has put down the right fork
2950 1 is sleeping
2950 4 has taken the left fork
2950 4 has taken the right fork
2950 4 is eating
DBG_EAT: id=4 time_last_meal=2950
2950 2 has taken the left fork
2950 2 has taken the right fork
2950 2 is eating
DBG_EAT: id=2 time_last_meal=2950
3010 3 is thinking
3010 1 is thinking
DBG_EAT2: id=4 meals=25
3010 4 has put down the right fork
3010 4 has put down the left fork
3010 4 is sleeping
DBG_EAT2: id=2 meals=25
3011 2 has put down the right fork
3011 2 has put down the left fork
3011 2 is sleeping
3011 1 has taken the right fork
3011 1 has taken the left fork
3011 1 is eating
DBG_EAT: id=1 time_last_meal=3011
3011 3 has taken the right fork
3011 3 has taken the left fork
3011 3 is eating
DBG_EAT: id=3 time_last_meal=3011
3071 4 is thinking
3071 2 is thinking
DBG_EAT2: id=1 meals=26
3071 1 has put down the left fork
3071 1 has put down the right fork
3071 1 is sleeping
DBG_EAT2: id=3 meals=26
3071 3 has put down the left fork
3071 3 has put down the right fork
3071 4 has taken the left fork
3071 4 has taken the right fork
3071 4 is eating
DBG_EAT: id=4 time_last_meal=3071
3071 3 is sleeping
3071 2 has taken the left fork
3071 2 has taken the right fork
3071 2 is eating
DBG_EAT: id=2 time_last_meal=3071
3131 1 is thinking
DBG_EAT2: id=4 meals=26
3131 4 has put down the right fork
3131 4 has put down the left fork
3131 3 is thinking
3131 1 has taken the right fork
DBG_EAT2: id=2 meals=26
3131 4 is sleeping
3131 2 has put down the right fork
3131 2 has put down the left fork
3131 2 is sleeping
3131 3 has taken the right fork
3131 3 has taken the left fork
3131 3 is eating
DBG_EAT: id=3 time_last_meal=3131
3131 1 has taken the left fork
3131 1 is eating
DBG_EAT: id=1 time_last_meal=3131
3191 4 is thinking
3191 2 is thinking
DBG_EAT2: id=3 meals=27
3191 3 has put down the left fork
3191 3 has put down the right fork
3191 3 is sleeping
DBG_EAT2: id=1 meals=27
3191 1 has put down the left fork
3191 1 has put down the right fork
3191 1 is sleeping
3191 4 has taken the left fork
3191 4 has taken the right fork
3191 4 is eating
DBG_EAT: id=4 time_last_meal=3191
3191 2 has taken the left fork
3191 2 has taken the right fork
3191 2 is eating
DBG_EAT: id=2 time_last_meal=3191
3251 3 is thinking
3251 1 is thinking
DBG_EAT2: id=4 meals=27
3251 4 has put down the right fork
3251 4 has put down the left fork
3251 4 is sleeping
3251 1 has taken the right fork
DBG_EAT2: id=2 meals=27
3251 2 has put down the right fork
3251 2 has put down the left fork
3251 1 has taken the left fork
3251 1 is eating
DBG_EAT: id=1 time_last_meal=3251
3251 3 has taken the right fork
3251 3 has taken the left fork
3251 3 is eating
3251 2 is sleeping
DBG_EAT: id=3 time_last_meal=3251
3311 4 is thinking
DBG_EAT2: id=1 meals=28
3311 1 has put down the left fork
3311 1 has put down the right fork
3311 1 is sleeping
DBG_EAT2: id=3 meals=28
3311 2 is thinking
3311 3 has put down the left fork
3311 3 has put down the right fork
3311 3 is sleeping
3312 4 has taken the left fork
3312 4 has taken the right fork
3312 4 is eating
DBG_EAT: id=4 time_last_meal=3312
3312 2 has taken the left fork
3312 2 has taken the right fork
3312 2 is eating
DBG_EAT: id=2 time_last_meal=3312
3371 1 is thinking
3372 3 is thinking
DBG_EAT2: id=2 meals=28
3372 2 has put down the right fork
DBG_EAT2: id=4 meals=28
3372 4 has put down the right fork
3372 2 has put down the left fork
3372 4 has put down the left fork
3372 4 is sleeping
3372 2 is sleeping
3372 1 has taken the right fork
3372 1 has taken the left fork
3372 1 is eating
DBG_EAT: id=1 time_last_meal=3372
3372 3 has taken the right fork
3372 3 has taken the left fork
3372 3 is eating
DBG_EAT: id=3 time_last_meal=3372
3432 2 is thinking
3432 4 is thinking
DBG_EAT2: id=1 meals=29
3432 1 has put down the left fork
3432 1 has put down the right fork
DBG_EAT2: id=3 meals=29
3432 3 has put down the left fork
3432 3 has put down the right fork
3432 3 is sleeping
3432 1 is sleeping
3432 2 has taken the left fork
3432 2 has taken the right fork
3432 2 is eating
DBG_EAT: id=2 time_last_meal=3432
3432 4 has taken the left fork
3432 4 has taken the right fork
3432 4 is eating
DBG_EAT: id=4 time_last_meal=3432
3492 3 is thinking
3492 1 is thinking
DBG_EAT2: id=2 meals=29
3492 2 has put down the right fork
3492 2 has put down the left fork
3492 3 has taken the right fork
3492 2 is sleeping
DBG_EAT2: id=4 meals=29
3492 4 has put down the right fork
3492 4 has put down the left fork
3492 3 has taken the left fork
3492 3 is eating
DBG_EAT: id=3 time_last_meal=3492
3492 4 is sleeping
3492 1 has taken the right fork
3492 1 has taken the left fork
3492 1 is eating
DBG_EAT: id=1 time_last_meal=3492
3552 2 is thinking
DBG_EAT2: id=3 meals=30
3552 3 has put down the left fork
DBG_EAT2: id=1 meals=30
3552 1 has put down the left fork
3552 1 has put down the right fork
3552 1 is sleeping
3552 3 has put down the right fork
3552 3 is sleeping
3552 2 has taken the left fork
3552 2 has taken the right fork
3552 2 is eating
DBG_EAT: id=2 time_last_meal=3552
3552 4 is thinking
3552 4 has taken the left fork
3552 4 has taken the right fork
3552 4 is eating
DBG_EAT: id=4 time_last_meal=3552
3612 3 is thinking
DBG_EAT2: id=2 meals=30
3612 2 has put down the right fork
3612 2 has put down the left fork
3612 3 has taken the right fork
3612 2 is sleeping
3612 1 is thinking
DBG_EAT2: id=4 meals=30
3613 4 has put down the right fork
3613 4 has put down the left fork
3613 3 has taken the left fork
3613 3 is eating
DBG_EAT: id=3 time_last_meal=3613
3613 4 is sleeping
3613 1 has taken the right fork
3613 1 has taken the left fork
3613 1 is eating
DBG_EAT: id=1 time_last_meal=3613
3673 2 is thinking
DBG_EAT2: id=3 meals=31
3673 3 has put down the left fork
3673 3 has put down the right fork
3673 4 is thinking
3673 3 is sleeping
3673 2 has taken the left fork
DBG_EAT2: id=1 meals=31
3673 1 has put down the left fork
3673 1 has put down the right fork
3673 2 has taken the right fork
3673 2 is eating
DBG_EAT: id=2 time_last_meal=3673
3673 1 is sleeping
3673 4 has taken the left fork
3673 4 has taken the right fork
3673 4 is eating
DBG_EAT: id=4 time_last_meal=3673
3733 3 is thinking
DBG_EAT2: id=2 meals=31
3733 2 has put down the right fork
3733 1 is thinking
3733 2 has put down the left fork
DBG_EAT2: id=4 meals=31
3733 4 has put down the right fork
3733 2 is sleeping
3733 4 has put down the left fork
3733 4 is sleeping
3733 3 has taken the right fork
3733 3 has taken the left fork
3733 3 is eating
DBG_EAT: id=3 time_last_meal=3733
3733 1 has taken the right fork
3733 1 has taken the left fork
3733 1 is eating
DBG_EAT: id=1 time_last_meal=3733
3793 2 is thinking
DBG_EAT2: id=3 meals=32
3793 3 has put down the left fork
3793 3 has put down the right fork
3793 4 is thinking
DBG_EAT2: id=1 meals=32
3793 1 has put down the left fork
3793 1 has put down the right fork
3793 1 is sleeping
3793 3 is sleeping
3793 2 has taken the left fork
3793 2 has taken the right fork
3793 2 is eating
DBG_EAT: id=2 time_last_meal=3793
3793 4 has taken the left fork
3793 4 has taken the right fork
3793 4 is eating
DBG_EAT: id=4 time_last_meal=3793
3853 1 is thinking
DBG_EAT2: id=2 meals=32
3853 2 has put down the right fork
3853 2 has put down the left fork
3853 2 is sleeping
3853 3 is thinking
3853 3 has taken the right fork
DBG_EAT2: id=4 meals=32
3853 4 has put down the right fork
3853 3 has taken the left fork
3853 3 is eating
DBG_EAT: id=3 time_last_meal=3853
3853 4 has put down the left fork
3853 4 is sleeping
3853 1 has taken the right fork
3853 1 has taken the left fork
3853 1 is eating
DBG_EAT: id=1 time_last_meal=3853
3913 2 is thinking
DBG_EAT2: id=3 meals=33
3913 3 has put down the left fork
3913 3 has put down the right fork
3913 3 is sleeping
3913 4 is thinking
DBG_EAT2: id=1 meals=33
3913 1 has put down the left fork
3913 1 has put down the right fork
3913 1 is sleeping
3913 2 has taken the left fork
3913 2 has taken the right fork
3913 2 is eating
DBG_EAT: id=2 time_last_meal=3913
3913 4 has taken the left fork
3913 4 has taken the right fork
3913 4 is eating
DBG_EAT: id=4 time_last_meal=3913
3973 3 is thinking
3973 1 is thinking
DBG_EAT2: id=2 meals=33
3974 2 has put down the right fork
3974 2 has put down the left fork
DBG_EAT2: id=4 meals=33
3974 4 has put down the right fork
3974 2 is sleeping
3974 4 has put down the left fork
3974 4 is sleeping
3974 1 has taken the right fork
3974 1 has taken the left fork
3974 1 is eating
DBG_EAT: id=1 time_last_meal=3974
3974 3 has taken the right fork
3974 3 has taken the left fork
3974 3 is eating
DBG_EAT: id=3 time_last_meal=3974
4034 2 is thinking
4034 4 is thinking
DBG_EAT2: id=1 meals=34
4034 1 has put down the left fork
4034 1 has put down the right fork
DBG_EAT2: id=3 meals=34
4034 3 has put down the left fork
4034 3 has put down the right fork
4034 3 is sleeping
4034 1 is sleeping
4034 2 has taken the left fork
4034 2 has taken the right fork
4034 2 is eating
DBG_EAT: id=2 time_last_meal=4034
4034 4 has taken the left fork
4034 4 has taken the right fork
4034 4 is eating
DBG_EAT: id=4 time_last_meal=4034
4094 1 is thinking
4094 3 is thinking
DBG_EAT2: id=2 meals=34
4094 2 has put down the right fork
DBG_EAT2: id=4 meals=34
4094 4 has put down the right fork
4094 2 has put down the left fork
4094 4 has put down the left fork
4094 4 is sleeping
4094 3 has taken the right fork
4094 3 has taken the left fork
4094 3 is eating
DBG_EAT: id=3 time_last_meal=4094
4094 1 has taken the right fork
4094 1 has taken the left fork
4094 1 is eating
4094 2 is sleeping
DBG_EAT: id=1 time_last_meal=4094
4154 4 is thinking
DBG_EAT2: id=3 meals=35
4154 3 has put down the left fork
DBG_EAT2: id=1 meals=35
4154 1 has put down the left fork
4154 1 has put down the right fork
4154 1 is sleeping
4154 2 is thinking
4154 3 has put down the right fork
4154 3 is sleeping
4154 4 has taken the left fork
4154 4 has taken the right fork
4154 4 is eating
DBG_EAT: id=4 time_last_meal=4154
4154 2 has taken the left fork
4154 2 has taken the right fork
4154 2 is eating
DBG_EAT: id=2 time_last_meal=4154
4214 1 is thinking
4214 3 is thinking
DBG_EAT2: id=4 meals=35
4214 4 has put down the right fork
4214 4 has put down the left fork
4214 4 is sleeping
DBG_EAT2: id=2 meals=35
4214 2 has put down the right fork
4214 2 has put down the left fork
4214 1 has taken the right fork
4214 1 has taken the left fork
4214 1 is eating
DBG_EAT: id=1 time_last_meal=4214
4214 2 is sleeping
4214 3 has taken the right fork
4214 3 has taken the left fork
4214 3 is eating
DBG_EAT: id=3 time_last_meal=4214
4274 4 is thinking
DBG_EAT2: id=1 meals=36
4274 2 is thinking
4274 1 has put down the left fork
4274 1 has put down the right fork
4274 1 is sleeping
DBG_EAT2: id=3 meals=36
4274 3 has put down the left fork
4274 3 has put down the right fork
4274 4 has taken the left fork
4274 4 has taken the right fork
4274 4 is eating
DBG_EAT: id=4 time_last_meal=4274
4274 3 is sleeping
4275 2 has taken the left fork
4275 2 has taken the right fork
4275 2 is eating
DBG_EAT: id=2 time_last_meal=4275
4335 1 is thinking
DBG_EAT2: id=4 meals=36
4335 4 has put down the right fork
4335 4 has put down the left fork
4335 4 is sleeping
4335 3 is thinking
4335 1 has taken the right fork
DBG_EAT2: id=2 meals=36
4335 2 has put down the right fork
4335 2 has put down the left fork
4335 2 is sleeping
4335 1 has taken the left fork
4335 1 is eating
DBG_EAT: id=1 time_last_meal=4335
4335 3 has taken the right fork
4335 3 has taken the left fork
4335 3 is eating
DBG_EAT: id=3 time_last_meal=4335
4395 4 is thinking
DBG_EAT2: id=1 meals=37
4395 1 has put down the left fork
4395 1 has put down the right fork
4395 4 has taken the left fork
4395 1 is sleeping
4395 2 is thinking
DBG_EAT2: id=3 meals=37
4395 3 has put down the left fork
4395 3 has put down the right fork
4395 4 has taken the right fork
4395 4 is eating
DBG_EAT: id=4 time_last_meal=4395
4395 3 is sleeping
4395 2 has taken the left fork
4395 2 has taken the right fork
4395 2 is eating
DBG_EAT: id=2 time_last_meal=4395
4455 1 is thinking
DBG_EAT2: id=4 meals=37
4455 3 is thinking
4455 4 has put down the right fork
4455 4 has put down the left fork
4455 1 has taken the right fork
4455 4 is sleeping
DBG_EAT2: id=2 meals=37
4455 2 has put down the right fork
4455 2 has put down the left fork
4455 2 is sleeping
4455 3 has taken the right fork
4455 3 has taken the left fork
4455 3 is eating
DBG_EAT: id=3 time_last_meal=4455
4455 1 has taken the left fork
4455 1 is eating
DBG_EAT: id=1 time_last_meal=4455
4515 4 is thinking
4515 2 is thinking
DBG_EAT2: id=3 meals=38
4515 3 has put down the left fork
4515 3 has put down the right fork
4515 3 is sleeping
DBG_EAT2: id=1 meals=38
4515 1 has put down the left fork
4515 1 has put down the right fork
4515 1 is sleeping
4515 4 has taken the left fork
4515 4 has taken the right fork
4515 4 is eating
DBG_EAT: id=4 time_last_meal=4515
4515 2 has taken the left fork
4515 2 ha