DBG_INIT: meal_mutex init for philo 1
DBG_INIT: meal_mutex init for philo 2
DBG_INIT: meal_mutex init for philo 3
DBG_INIT: meal_mutex init for philo 4
DBG: init philo[1].time_last_meal=0
DBG: init philo[2].time_last_meal=0
DBG: init philo[3].time_last_meal=0
DBG: init philo[4].time_last_meal=0
0 1 has taken the right fork
0 1 has taken the left fork
0 1 is eating
DBG_EAT: id=1 time_last_meal=0
0 3 has taken the right fork
0 3 has taken the left fork
0 3 is eating
DBG_EAT: id=3 time_last_meal=0
DBG: start_time=1758386921893
DBG_EAT2: id=1 meals=1
100 1 has put down the left fork
100 1 has put down the right fork
100 1 is sleeping
100 4 has taken the left fork
DBG_EAT2: id=3 meals=1
100 3 has put down the left fork
100 4 has taken the right fork
100 4 is eating
DBG_EAT: id=4 time_last_meal=100
100 3 has put down the right fork
100 2 has taken the left fork
100 2 has taken the right fork
100 2 is eating
DBG_EAT: id=2 time_last_meal=100
100 3 is sleeping
160 1 is thinking
161 3 is thinking
DBG_EAT2: id=4 meals=1
201 4 has put down the right fork
DBG_EAT2: id=2 meals=1
201 2 has put down the right fork
201 4 has put down the left fork
201 2 has put down the left fork
201 2 is sleeping
201 4 is sleeping
201 3 has taken the right fork
201 3 has taken the left fork
201 3 is eating
DBG_EAT: id=3 time_last_meal=201
201 1 has taken the right fork
201 1 has taken the left fork
201 1 is eating
DBG_EAT: id=1 time_last_meal=201
261 2 is thinking
261 4 is thinking
DBG_EAT2: id=1 meals=2
301 1 has put down the left fork
DBG_EAT2: id=3 meals=2
301 3 has put down the left fork
301 1 has put down the right fork
301 3 has put down the right fork
301 3 is sleeping
301 1 is sleeping
301 4 has taken the left fork
301 4 has taken the right fork
301 4 is eating
DBG_EAT: id=4 time_last_meal=301
301 2 has taken the left fork
301 2 has taken the right fork
301 2 is eating
DBG_EAT: id=2 time_last_meal=301
361 3 is thinking
361 1 is thinking
DBG_EAT2: id=4 meals=2
401 4 has put down the right fork
401 4 has put down the left fork
401 4 is sleeping
DBG_EAT2: id=2 meals=2
401 2 has put down the right fork
401 2 has put down the left fork
401 1 has taken the right fork
401 1 has taken the left fork
401 1 is eating
DBG_EAT: id=1 time_last_meal=401
401 2 is sleeping
401 3 has taken the right fork
401 3 has taken the left fork
401 3 is eating
DBG_EAT: id=3 time_last_meal=401
461 4 is thinking
461 2 is thinking
DBG_EAT2: id=1 meals=3
501 1 has put down the left fork
501 1 has put down the right fork
DBG_EAT2: id=3 meals=3
501 3 has put down the left fork
501 1 is sleeping
501 3 has put down the right fork
501 3 is sleeping
501 4 has taken the left fork
501 4 has taken the right fork
501 4 is eating
DBG_EAT: id=4 time_last_meal=501
501 2 has taken the left fork
501 2 has taken the right fork
501 2 is eating
DBG_EAT: id=2 time_last_meal=501
561 3 is thinking
561 1 is thinking
DBG_EAT2: id=4 meals=3
601 4 has put down the right fork
601 4 has put down the left fork
601 4 is sleeping
DBG_EAT2: id=2 meals=3
601 2 has put down the right fork
601 1 has taken the right fork
601 1 has taken the left fork
601 1 is eating
DBG_EAT: id=1 time_last_meal=601
601 2 has put down the left fork
601 2 is sleeping
601 3 has taken the right fork
601 3 has taken the left fork
601 3 is eating
DBG_EAT: id=3 time_last_meal=601
662 4 is thinking
662 2 is thinking
DBG_EAT2: id=1 meals=4
702 1 has put down the left fork
702 1 has put down the right fork
702 1 is sleeping
702 4 has taken the left fork
DBG_EAT2: id=3 meals=4
702 3 has put down the left fork
702 4 has taken the right fork
702 4 is eating
DBG_EAT: id=4 time_last_meal=702
702 3 has put down the right fork
702 2 has taken the left fork
702 2 has taken the right fork
702 2 is eating
DBG_EAT: id=2 time_last_meal=702
702 3 is sleeping
762 1 is thinking
762 3 is thinking
DBG_EAT2: id=4 meals=4
802 4 has put down the right fork
DBG_EAT2: id=2 meals=4
802 2 has put down the right fork
802 4 has put down the left fork
802 2 has put down the left fork
802 2 is sleeping
802 4 is sleeping
802 3 has taken the right fork
802 3 has taken the left fork
802 3 is eating
DBG_EAT: id=3 time_last_meal=802
802 1 has taken the right fork
802 1 has taken the left fork
802 1 is eating
DBG_EAT: id=1 time_last_meal=802
862 2 is thinking
862 4 is thinking
DBG_EAT2: id=3 meals=5
902 3 has put down the left fork
DBG_EAT2: id=1 meals=5
902 1 has put down the left fork
902 3 has put down the right fork
902 3 is sleeping
902 1 has put down the right fork
902 1 is sleeping
902 2 has taken the left fork
902 2 has taken the right fork
902 2 is eating
DBG_EAT: id=2 time_last_meal=902
902 4 has taken the left fork
902 4 has taken the right fork
902 4 is eating
DBG_EAT: id=4 time_last_meal=902
962 1 is thinking
962 3 is thinking
DBG_EAT2: id=4 meals=5
1002 4 has put down the right fork
DBG_EAT2: id=2 meals=5
1002 2 has put down the right fork
1002 4 has put down the left fork
1002 4 is sleeping
1002 2 has put down the left fork
1002 2 is sleeping
1002 All philosophers ate enough
