DBG_INIT: meal_mutex init for philo 1
DBG_INIT: meal_mutex init for philo 2
DBG: init philo[1].time_last_meal=0
DBG: init philo[2].time_last_meal=0
1 1 has taken the right fork
1 1 has taken the left fork
1 1 is eating
DBG_EAT: id=1 time_last_meal=1
DBG: start_time=1758403036374
DBG_EAT2: id=1 meals=1
61 1 has put down the left fork
61 1 has put down the right fork
62 1 is sleeping
62 2 has taken the left fork
62 2 has taken the right fork
62 2 is eating
DBG_EAT: id=2 time_last_meal=62
DBG_EAT2: id=2 meals=1
123 2 has put down the right fork
123 2 has put down the left fork
123 2 is sleeping
163 1 is thinking
163 1 has taken the right fork
163 1 has taken the left fork
163 1 is eating
DBG_EAT: id=1 time_last_meal=163
DBG_EAT2: id=1 meals=2
223 1 has put down the left fork
223 1 has put down the right fork
223 1 is sleeping
225 2 is thinking
225 2 has taken the left fork
225 2 has taken the right fork
225 2 is eating
DBG_EAT: id=2 time_last_meal=225
DBG_EAT2: id=2 meals=2
286 2 has put down the right fork
286 2 has put down the left fork
286 2 is sleeping
325 1 is thinking
325 1 has taken the right fork
325 1 has taken the left fork
325 1 is eating
DBG_EAT: id=1 time_last_meal=325
DBG_EAT2: id=1 meals=3
386 1 has put down the left fork
386 1 has put down the right fork
386 2 is thinking
386 1 is sleeping
386 2 has taken the left fork
386 2 has taken the right fork
386 2 is eating
DBG_EAT: id=2 time_last_meal=386
DBG_EAT2: id=2 meals=3
448 2 has put down the right fork
448 2 has put down the left fork
448 2 is sleeping
448 All philosophers ate enough
