DBG_INIT: meal_mutex init for philo 1
DBG_INIT: meal_mutex init for philo 2
DBG_INIT: meal_mutex init for philo 3
DBG_INIT: meal_mutex init for philo 4
DBG: init philo[1].time_last_meal=0
DBG: init philo[2].time_last_meal=0
DBG: init philo[3].time_last_meal=0
DBG: init philo[4].time_last_meal=0
1 1 has taken the right fork
1 1 has taken the left fork
1 1 is eating
DBG_EAT: id=1 time_last_meal=1
1 2 has taken the left fork
DBG: start_time=1758387177584
DBG_EAT2: id=1 meals=1
61 1 has put down the left fork
61 1 has put down the right fork
61 1 is sleeping
61 2 has taken the right fork
61 2 is eating
DBG_EAT: id=2 time_last_meal=61
61 4 has taken the left fork
61 4 has taken the right fork
61 4 is eating
DBG_EAT: id=4 time_last_meal=61
DBG_EAT2: id=4 meals=1
121 4 has put down the right fork
121 4 has put down the left fork
121 4 is sleeping
DBG_EAT2: id=2 meals=1
121 2 has put down the right fork
121 2 has put down the left fork
121 3 has taken the right fork
121 3 has taken the left fork
121 3 is eating
DBG_EAT: id=3 time_last_meal=121
121 2 is sleeping
DBG_EAT2: id=3 meals=1
182 3 has put down the left fork
182 3 has put down the right fork
182 3 is sleeping
261 1 is thinking
261 1 has taken the right fork
261 1 has taken the left fork
261 1 is eating
DBG_EAT: id=1 time_last_meal=261
DBG_EAT2: id=1 meals=2
321 1 has put down the left fork
321 1 has put down the right fork
321 4 is thinking
321 1 is sleeping
322 4 has taken the left fork
322 4 has taken the right fork
322 4 is eating
DBG_EAT: id=4 time_last_meal=322
322 2 is thinking
322 2 has taken the left fork
322 2 has taken the right fork
322 2 is eating
DBG_EAT: id=2 time_last_meal=322
DBG_EAT2: id=4 meals=2
382 4 has put down the right fork
382 4 has put down the left fork
382 4 is sleeping
DBG_EAT2: id=2 meals=2
382 2 has put down the right fork
382 2 has put down the left fork
382 2 is sleeping
382 3 is thinking
382 3 has taken the right fork
382 3 has taken the left fork
382 3 is eating
DBG_EAT: id=3 time_last_meal=382
DBG_EAT2: id=3 meals=2
442 3 has put down the left fork
442 3 has put down the right fork
442 3 is sleeping
521 1 is thinking
521 1 has taken the right fork
521 1 has taken the left fork
521 1 is eating
DBG_EAT: id=1 time_last_meal=521
DBG_EAT2: id=1 meals=3
582 1 has put down the left fork
582 1 has put down the right fork
582 1 is sleeping
582 4 is thinking
582 2 is thinking
582 4 has taken the left fork
582 4 has taken the right fork
582 4 is eating
DBG_EAT: id=4 time_last_meal=582
582 2 has taken the left fork
582 2 has taken the right fork
582 2 is eating
DBG_EAT: id=2 time_last_meal=582
DBG_EAT2: id=4 meals=3
642 4 has put down the right fork
642 4 has put down the left fork
DBG_EAT2: id=2 meals=3
642 2 has put down the right fork
642 2 has put down the left fork
642 2 is sleeping
642 4 is sleeping
643 3 is thinking
643 3 has taken the right fork
643 3 has taken the left fork
643 3 is eating
DBG_EAT: id=3 time_last_meal=643
DBG_EAT2: id=3 meals=3
703 3 has put down the left fork
703 3 has put down the right fork
703 3 is sleeping
782 1 is thinking
782 1 has taken the right fork
782 1 has taken the left fork
782 1 is eating
DBG_EAT: id=1 time_last_meal=782
DBG_EAT2: id=1 meals=4
842 1 has put down the left fork
842 1 has put down the right fork
842 1 is sleeping
843 4 is thinking
843 2 is thinking
843 4 has taken the left fork
843 4 has taken the right fork
843 4 is eating
DBG_EAT: id=4 time_last_meal=843
843 2 has taken the left fork
843 2 has taken the right fork
843 2 is eating
DBG_EAT: id=2 time_last_meal=843
DBG_EAT2: id=2 meals=4
903 2 has put down the right fork
903 2 has put down the left fork
DBG_EAT2: id=4 meals=4
903 4 has put down the right fork
903 4 has put down the left fork
903 4 is sleeping
903 3 is thinking
903 3 has taken the right fork
903 3 has taken the left fork
903 3 is eating
DBG_EAT: id=3 time_last_meal=903
903 2 is sleeping
DBG_EAT2: id=3 meals=4
963 3 has put down the left fork
963 3 has put down the right fork
963 3 is sleeping
1042 1 is thinking
1042 1 has taken the right fork
1042 1 has taken the left fork
1042 1 is eating
DBG_EAT: id=1 time_last_meal=1042
DBG_EAT2: id=1 meals=5
1102 1 has put down the left fork
1102 1 has put down the right fork
1102 1 is sleeping
1103 4 is thinking
1103 2 is thinking
1103 4 has taken the left fork
1103 4 has taken the right fork
1103 4 is eating
DBG_EAT: id=4 time_last_meal=1103
1103 2 has taken the left fork
1103 2 has taken the right fork
1103 2 is eating
DBG_EAT: id=2 time_last_meal=1103
DBG_EAT2: id=4 meals=5
1163 4 has put down the right fork
1163 4 has put down the left fork
1163 4 is sleeping
DBG_EAT2: id=2 meals=5
1163 2 has put down the right fork
1163 2 has put down the left fork
1163 2 is sleeping
1164 3 is thinking
1164 3 has taken the right fork
1164 3 has taken the left fork
1164 3 is eating
DBG_EAT: id=3 time_last_meal=1164
DBG_EAT2: id=3 meals=5
1224 3 has put down the left fork
1224 3 has put down the right fork
1224 3 is sleeping
1224 All philosophers ate enough
