DBG_INIT: meal_mutex init for philo 1
DBG_INIT: meal_mutex init for philo 2
DBG_INIT: meal_mutex init for philo 3
DBG_INIT: meal_mutex init for philo 4
DBG_INIT: meal_mutex init for philo 5
DBG: init philo[1].time_last_meal=0
DBG: init philo[2].time_last_meal=0
DBG: init philo[3].time_last_meal=0
DBG: init philo[4].time_last_meal=0
DBG: init philo[5].time_last_meal=0
1 1 has taken the right fork
1 1 has taken the left fork
1 1 is eating
DBG_EAT: id=1 time_last_meal=1
1 3 has taken the right fork
1 3 has taken the left fork
1 3 is eating
DBG_EAT: id=3 time_last_meal=1
1 5 has taken the right fork
DBG: start_time=1758387513102
DBG_EAT2: id=1 meals=1
61 1 has put down the left fork
61 1 has put down the right fork
61 1 is sleeping
61 5 has taken the left fork
61 5 is eating
DBG_EAT: id=5 time_last_meal=61
DBG_EAT2: id=3 meals=1
61 3 has put down the left fork
61 3 has put down the right fork
61 3 is sleeping
62 2 has taken the left fork
62 2 has taken the right fork
62 2 is eating
DBG_EAT: id=2 time_last_meal=62
DBG_EAT2: id=5 meals=1
121 5 has put down the left fork
121 5 has put down the right fork
122 5 is sleeping
122 4 has taken the left fork
122 4 has taken the right fork
122 4 is eating
DBG_EAT: id=4 time_last_meal=122
DBG_EAT2: id=2 meals=1
122 2 has put down the right fork
122 2 has put down the left fork
122 2 is sleeping
161 1 is thinking
161 1 has taken the right fork
161 1 has taken the left fork
161 1 is eating
DBG_EAT: id=1 time_last_meal=161
162 3 is thinking
162 3 has taken the right fork
DBG_EAT2: id=4 meals=1
182 4 has put down the right fork
182 4 has put down the left fork
182 4 is sleeping
182 3 has taken the left fork
182 3 is eating
DBG_EAT: id=3 time_last_meal=182
DBG_EAT2: id=1 meals=2
222 1 has put down the left fork
222 1 has put down the right fork
222 5 is thinking
222 5 has taken the right fork
222 5 has taken the left fork
222 5 is eating
DBG_EAT: id=5 time_last_meal=222
222 1 is sleeping
222 2 is thinking
DBG_EAT2: id=3 meals=2
243 3 has put down the left fork
243 3 has put down the right fork
243 3 is sleeping
243 2 has taken the left fork
243 2 has taken the right fork
243 2 is eating
DBG_EAT: id=2 time_last_meal=243
DBG_EAT2: id=5 meals=2
282 5 has put down the left fork
282 5 has put down the right fork
282 5 is sleeping
282 4 is thinking
283 4 has taken the left fork
283 4 has taken the right fork
283 4 is eating
DBG_EAT: id=4 time_last_meal=283
DBG_EAT2: id=2 meals=2
303 2 has put down the right fork
303 2 has put down the left fork
303 2 is sleeping
322 1 is thinking
322 1 has taken the right fork
322 1 has taken the left fork
322 1 is eating
DBG_EAT: id=1 time_last_meal=322
DBG_EAT2: id=4 meals=2
343 4 has put down the right fork
343 4 has put down the left fork
343 3 is thinking
343 3 has taken the right fork
343 3 has taken the left fork
343 3 is eating
DBG_EAT: id=3 time_last_meal=343
343 4 is sleeping
DBG_EAT2: id=1 meals=3
382 1 has put down the left fork
382 1 has put down the right fork
382 1 is sleeping
382 5 is thinking
382 5 has taken the right fork
382 5 has taken the left fork
382 5 is eating
DBG_EAT: id=5 time_last_meal=382
DBG_EAT2: id=3 meals=3
403 3 has put down the left fork
403 3 has put down the right fork
403 3 is sleeping
403 2 is thinking
404 2 has taken the left fork
404 2 has taken the right fork
404 2 is eating
DBG_EAT: id=2 time_last_meal=404
DBG_EAT2: id=5 meals=3
443 5 has put down the left fork
443 5 has put down the right fork
443 5 is sleeping
443 4 is thinking
443 4 has taken the left fork
443 4 has taken the right fork
443 4 is eating
DBG_EAT: id=4 time_last_meal=443
DBG_EAT2: id=2 meals=3
464 2 has put down the right fork
464 2 has put down the left fork
464 2 is sleeping
482 1 is thinking
482 1 has taken the right fork
482 1 has taken the left fork
482 1 is eating
DBG_EAT: id=1 time_last_meal=482
DBG_EAT2: id=4 meals=3
503 4 has put down the right fork
503 4 has put down the left fork
503 3 is thinking
503 3 has taken the right fork
503 3 has taken the left fork
503 3 is eating
DBG_EAT: id=3 time_last_meal=503
503 4 is sleeping
504 All philosophers ate enough
DBG_EAT2: id=1 meals=4
DBG_EAT2: id=3 meals=4
