DBG_INIT: meal_mutex init for philo 1
DBG_INIT: meal_mutex init for philo 2
DBG_INIT: meal_mutex init for philo 3
DBG: init philo[1].time_last_meal=0
DBG: init philo[2].time_last_meal=0
DBG: init philo[3].time_last_meal=0
0 1 has taken the right fork
0 1 has taken the left fork
0 1 is eating
DBG_EAT: id=1 time_last_meal=0
0 3 has taken the right fork
DBG: start_time=1758386423784
DBG_EAT2: id=1 meals=1
100 1 has put down the left fork
100 1 has put down the right fork
100 1 is sleeping
100 3 has taken the left fork
100 3 is eating
DBG_EAT: id=3 time_last_meal=100
DBG_EAT2: id=3 meals=1
200 3 has put down the left fork
201 3 has put down the right fork
201 2 has taken the left fork
201 2 has taken the right fork
201 2 is eating
DBG_EAT: id=2 time_last_meal=201
201 3 is sleeping
300 1 is thinking
300 1 has taken the right fork
DBG_EAT2: id=2 meals=1
301 2 has put down the right fork
301 2 has put down the left fork
301 2 is sleeping
301 1 has taken the left fork
301 1 is eating
DBG_EAT: id=1 time_last_meal=301
401 3 is thinking
401 3 has taken the right fork
DBG_EAT2: id=1 meals=2
401 1 has put down the left fork
401 1 has put down the right fork
401 1 is sleeping
401 3 has taken the left fork
401 3 is eating
DBG_EAT: id=3 time_last_meal=401
501 2 is thinking
DBG_EAT2: id=3 meals=2
501 3 has put down the left fork
501 3 has put down the right fork
501 3 is sleeping
501 2 has taken the left fork
501 2 has taken the right fork
501 2 is eating
DBG_EAT: id=2 time_last_meal=501
601 1 is thinking
601 1 has taken the right fork
DBG_EAT2: id=2 meals=2
601 2 has put down the right fork
601 2 has put down the left fork
601 1 has taken the left fork
601 1 is eating
DBG_EAT: id=1 time_last_meal=601
601 2 is sleeping
701 3 is thinking
701 3 has taken the right fork
DBG_EAT2: id=1 meals=3
701 1 has put down the left fork
701 1 has put down the right fork
701 1 is sleeping
701 3 has taken the left fork
701 3 is eating
DBG_EAT: id=3 time_last_meal=701
801 2 is thinking
DBG_EAT2: id=3 meals=3
801 3 has put down the left fork
801 3 has put down the right fork
801 3 is sleeping
802 2 has taken the left fork
802 2 has taken the right fork
802 2 is eating
DBG_EAT: id=2 time_last_meal=802
901 1 is thinking
901 1 has taken the right fork
DBG_EAT2: id=2 meals=3
902 2 has put down the right fork
902 2 has put down the left fork
902 2 is sleeping
902 1 has taken the left fork
902 1 is eating
DBG_EAT: id=1 time_last_meal=902
1002 3 is thinking
1002 3 has taken the right fork
DBG_EAT2: id=1 meals=4
1002 1 has put down the left fork
1002 1 has put down the right fork
1002 1 is sleeping
1002 3 has taken the left fork
1002 3 is eating
DBG_EAT: id=3 time_last_meal=1002
1102 2 is thinking
DBG_EAT2: id=3 meals=4
1102 3 has put down the left fork
1102 3 has put down the right fork
1102 2 has taken the left fork
1102 2 has taken the right fork
1102 2 is eating
DBG_EAT: id=2 time_last_meal=1102
1102 3 is sleeping
1202 1 is thinking
1202 1 has taken the right fork
DBG_EAT2: id=2 meals=4
1202 2 has put down the right fork
1202 2 has put down the left fork
1202 2 is sleeping
1202 1 has taken the left fork
1202 1 is eating
DBG_EAT: id=1 time_last_meal=1202
1302 3 is thinking
1302 3 has taken the right fork
DBG_EAT2: id=1 meals=5
1302 1 has put down the left fork
1302 1 has put down the right fork
1302 1 is sleeping
1302 3 has taken the left fork
1302 3 is eating
DBG_EAT: id=3 time_last_meal=1302
1402 2 is thinking
DBG_EAT2: id=3 meals=5
1402 3 has put down the left fork
1402 3 has put down the right fork
1402 3 is sleeping
1403 2 has taken the left fork
1403 2 has taken the right fork
1403 2 is eating
DBG_EAT: id=2 time_last_meal=1403
1502 1 is thinking
1502 1 has taken the right fork
DBG_EAT2: id=2 meals=5
1503 2 has put down the right fork
1503 2 has put down the left fork
1503 2 is sleeping
1503 1 has taken the left fork
1503 1 is eating
DBG_EAT: id=1 time_last_meal=1503
1603 3 is thinking
1603 3 has taken the right fork
DBG_EAT2: id=1 meals=6
1603 1 has put down the left fork
1603 1 has put down the right fork
1603 1 is sleeping
1603 3 has taken the left fork
1603 3 is eating
DBG_EAT: id=3 time_last_meal=1603
1703 2 is thinking
DBG_EAT2: id=3 meals=6
1703 3 has put down the left fork
1703 3 has put down the right fork
1703 3 is sleeping
1703 2 has taken the left fork
1703 2 has taken the right fork
1703 2 is eating
DBG_EAT: id=2 time_last_meal=1703
1803 1 is thinking
1803 1 has taken the right fork
DBG_EAT2: id=2 meals=6
1803 2 has put down the right fork
1803 2 has put down the left fork
1803 1 has taken the left fork
1803 1 is eating
DBG_EAT: id=1 time_last_meal=1803
1803 2 is sleeping
1903 3 is thinking
1903 3 has taken the right fork
DBG_EAT2: id=1 meals=7
1903 1 has put down the left fork
1903 1 has put down the right fork
1903 3 has taken the left fork
1903 3 is eating
DBG_EAT: id=3 time_last_meal=1903
1903 1 is sleeping
2003 2 is thinking
DBG_EAT2: id=3 meals=7
2003 3 has put down the left fork
2003 3 has put down the right fork
2004 3 is sleeping
2004 2 has taken the left fork
2004 2 has taken the right fork
2004 2 is eating
DBG_EAT: id=2 time_last_meal=2004
2104 1 is thinking
2104 1 has taken the right fork
DBG_EAT2: id=2 meals=7
2104 2 has put down the right fork
2104 2 has put down the left fork
2104 2 is sleeping
2104 1 has taken the left fork
2104 1 is eating
DBG_EAT: id=1 time_last_meal=2104
2204 3 is thinking
2204 3 has taken the right fork
DBG_EAT2: id=1 meals=8
2204 1 has put down the left fork
2204 1 has put down the right fork
2204 1 is sleeping
2204 3 has taken the left fork
2204 3 is eating
DBG_EAT: id=3 time_last_meal=2204
2304 2 is thinking
DBG_EAT2: id=3 meals=8
2304 3 has put down the left fork
2304 3 has put down the right fork
2304 2 has taken the left fork
2304 2 has taken the right fork
2304 2 is eating
DBG_EAT: id=2 time_last_meal=2304
2304 3 is sleeping
2404 1 is thinking
2404 1 has taken the right fork
DBG_EAT2: id=2 meals=8
2404 2 has put down the right fork
2404 2 has put down the left fork
2404 2 is sleeping
2404 1 has taken the left fork
2404 1 is eating
DBG_EAT: id=1 time_last_meal=2404
2504 3 is thinking
2504 3 has taken the right fork
DBG_EAT2: id=1 meals=9
2504 1 has put down the left fork
2504 1 has put down the right fork
2504 1 is sleeping
2504 3 has taken the left fork
2504 3 is eating
DBG_EAT: id=3 time_last_meal=2504
2604 2 is thinking
DBG_EAT2: id=3 meals=9
2604 3 has put down the left fork
2604 3 has put down the right fork
2604 2 has taken the left fork
2604 2 has taken the right fork
2604 2 is eating
DBG_EAT: id=2 time_last_meal=2604
2604 3 is sleeping
2704 1 is thinking
2704 1 has taken the right fork
DBG_EAT2: id=2 meals=9
2704 2 has put down the right fork
2704 2 has put down the left fork
2704 2 is sleeping
2704 1 has taken the left fork
2704 1 is eating
DBG_EAT: id=1 time_last_meal=2704
2804 3 is thinking
2804 3 has taken the right fork
DBG_EAT2: id=1 meals=10
2804 1 has put down the left fork
2804 1 has put down the right fork
2804 1 is sleeping
2804 3 has taken the left fork
2804 3 is eating
DBG_EAT: id=3 time_last_meal=2804
2904 2 is thinking
DBG_EAT2: id=3 meals=10
2905 3 has put down the left fork
2905 3 has put down the right fork
2905 2 has taken the left fork
2905 2 has taken the right fork
2905 2 is eating
DBG_EAT: id=2 time_last_meal=2905
2905 3 is sleeping
3004 1 is thinking
3004 1 has taken the right fork
DBG_EAT2: id=2 meals=10
3005 2 has put down the right fork
3005 2 has put down the left fork
3005 2 is sleeping
3005 1 has taken the left fork
3005 1 is eating
DBG_EAT: id=1 time_last_meal=3005
3105 3 is thinking
3105 3 has taken the right fork
DBG_EAT2: id=1 meals=11
3105 1 has put down the left fork
3105 1 has put down the right fork
3105 1 is sleeping
3105 3 has taken the left fork
3105 3 is eating
DBG_EAT: id=3 time_last_meal=3105
3205 2 is thinking
DBG_EAT2: id=3 meals=11
3205 3 has put down the left fork
3205 3 has put down the right fork
3205 3 is sleeping
3205 2 has taken the left fork
3205 2 has taken the right fork
3205 2 is eating
DBG_EAT: id=2 time_last_meal=3205
3305 1 is thinking
3305 1 has taken the right fork
DBG_EAT2: id=2 meals=11
3305 2 has put down the right fork
3305 2 has put down the l